Mplus VERSION 7.4 (Mac)
MUTHEN & MUTHEN
05/06/2020   3:57 PM

INPUT INSTRUCTIONS


  TITLE: CANEVR_CVLCOM_2;

  DATA:
  	FILE = GD190618rr.csv;

  VARIABLE:
  	NAMES =
  			ID_Fam   Wave     ID_MPL
  			DEMMAL   DEMAGE   DEMHSP   DEMRAC
  			SRPWCR
  			WASVCB   WASBLK   WASDGT   WSISUM
  			TRLATS   TRLBTS
  			CVLASF   CVLASC   CVLALF   CVLALC
  			CVLCOM
  			CANEVR   CANONS   CANFLF
  			CANFTY   CANF6M   CANAC6
  			CANYRS
  			ALCEVR   ALCONS   ALCFLF
  			ALCFTY   ALCF6M   ALCAC6
  			ALCYRS
  			SRPWCRDt WASVCBDt WASBLKDt
  			WASDGTDt WSISUMDt TRLATSDt
  			TRLBTSDt CVLASFDt CVLASCDt
  			CVLALFDt CVLALCDt CVLCOMDt
  		;
  	USEVARIABLES =
  		! outcome
    			CVLCOM
    		! covariates
    			DEMAGE
    			DEMMAL  		
    		! within predictor
    			CANEVR
    		! between predictor
    			CANEVRBW
    		;
    	USEOBSERVATION =
    			(Wave EQ 2 AND CVLCOMDt EQ 1)
    		;
    	CLUSTER =
    			ID_Fam
    		;
    	MISSING = .;
    	BETWEEN =   		
    			CANEVRBW
    		;
    	WITHIN  		
    			CANEVR
    			DEMAGE
    			DEMMAL
    		;  		

  DEFINE:
  	! CREATE BW FAM PREDICTOR
  		CANEVRBW = cluster_mean (CANEVR);
  	! CENTER WI FAM VARIABLES
  		CENTER CANEVR (GROUPMEAN);
  		CENTER DEMMAL (GRANDMEAN);
  		CENTER DEMAGE (GRANDMEAN);
  	! CENTER BW FAM VARIABLES
  		CENTER CANEVRBW (GRANDMEAN);

  ANALYSIS:
          ITERATIONS = 1000000;
          TYPE = TWOLEVEL RANDOM;
          ALGORITHM = INTEGRATION;

  OUTPUT:
  	SAMPSTAT STDYX TECH1 CINT;

  MODEL:
  %WITHIN%
  	CVLCOM on CANEVR;
  	CVLCOM on  DEMMAL DEMAGE;	
  	CVLCOM*;
  	CANEVR WITH DEMMAL*;
  	CANEVR WITH DEMAGE*;

  %BETWEEN%
  	CVLCOM on CANEVRBW;
  	CVLCOM*;

  PLOT:
  	TYPE = plot3;



INPUT READING TERMINATED NORMALLY



CANEVR_CVLCOM_2;

SUMMARY OF ANALYSIS

Number of groups                                                 1
Number of observations                                         415

Number of dependent variables                                    1
Number of independent variables                                  4
Number of continuous latent variables                            0

Observed dependent variables

  Continuous
   CVLCOM

Observed independent variables
   DEMAGE      DEMMAL      CANEVR      CANEVRBW

Variables with special functions

  Cluster variable      ID_FAM

  Within variables
   DEMAGE      DEMMAL      CANEVR

  Between variables
   CANEVRBW

  Centering (GRANDMEAN)
   DEMMAL      DEMAGE      CANEVRBW

  Centering (GROUPMEAN)
   CANEVR


Estimator                                                      MLR
Information matrix                                        OBSERVED
Optimization Specifications for the Quasi-Newton Algorithm for
Continuous Outcomes
  Maximum number of iterations                             1000000
  Convergence criterion                                  0.100D-05
Optimization Specifications for the EM Algorithm
  Maximum number of iterations                                 500
  Convergence criteria
    Loglikelihood change                                 0.100D-02
    Relative loglikelihood change                        0.100D-05
    Derivative                                           0.100D-02
Optimization Specifications for the M step of the EM Algorithm for
Categorical Latent variables
  Number of M step iterations                                    1
  M step convergence criterion                           0.100D-02
  Basis for M step termination                           ITERATION
Optimization Specifications for the M step of the EM Algorithm for
Censored, Binary or Ordered Categorical (Ordinal), Unordered
Categorical (Nominal) and Count Outcomes
  Number of M step iterations                                    1
  M step convergence criterion                           0.100D-02
  Basis for M step termination                           ITERATION
  Maximum value for logit thresholds                            15
  Minimum value for logit thresholds                           -15
  Minimum expected cell size for chi-square              0.100D-01
Maximum number of iterations for H1                           2000
Convergence criterion for H1                             0.100D-03
Optimization algorithm                                         EMA
Integration Specifications
  Type                                                    STANDARD
  Number of integration points                                  15
  Dimensions of numerical integration                            0
  Adaptive quadrature                                           ON
Cholesky                                                       OFF

Input data file(s)
  GD190618rr.csv
Input data format  FREE


SUMMARY OF DATA

     Number of missing data patterns             3
     Number of clusters                        224



COVARIANCE COVERAGE OF DATA

Minimum covariance coverage value   0.100


     PROPORTION OF DATA PRESENT FOR Y


           Covariance Coverage
              CVLCOM        DEMAGE        DEMMAL        CANEVR        CANEVRBW
              ________      ________      ________      ________      ________
 CVLCOM         0.834
 DEMAGE         0.834         0.998
 DEMMAL         0.834         0.998         0.998
 CANEVR         0.834         0.998         0.998         1.000
 CANEVRBW       0.834         0.998         0.998         1.000         1.000


SAMPLE STATISTICS


     ESTIMATED SAMPLE STATISTICS


           Means
              CVLCOM        DEMAGE        DEMMAL        CANEVR        CANEVRBW
              ________      ________      ________      ________      ________
 1              0.008         0.000         0.000         0.000         0.000


           Covariances
              CVLCOM        DEMAGE        DEMMAL        CANEVR        CANEVRBW
              ________      ________      ________      ________      ________
 CVLCOM         0.874
 DEMAGE        -0.059         6.701
 DEMMAL         0.035        -0.138         0.247
 CANEVR        -0.015        -0.092         0.008         0.032
 CANEVRBW       0.013        -0.051         0.011         0.000         0.033


           Correlations
              CVLCOM        DEMAGE        DEMMAL        CANEVR        CANEVRBW
              ________      ________      ________      ________      ________
 CVLCOM         1.000
 DEMAGE        -0.024         1.000
 DEMMAL         0.075        -0.107         1.000
 CANEVR        -0.091        -0.200         0.095         1.000
 CANEVRBW       0.074        -0.108         0.119         0.000         1.000


     MAXIMUM LOG-LIKELIHOOD VALUE FOR THE UNRESTRICTED (H1) MODEL IS -1482.018


UNIVARIATE SAMPLE STATISTICS


     UNIVARIATE HIGHER-ORDER MOMENT DESCRIPTIVE STATISTICS

         Variable/         Mean/     Skewness/   Minimum/ % with                Percentiles
        Sample Size      Variance    Kurtosis    Maximum  Min/Max      20%/60%    40%/80%    Median

     CVLCOM                0.010      -0.487      -3.928    0.29%      -0.803     -0.120      0.003
             346.000       0.875       0.327       1.964    0.87%       0.342      0.814
     DEMAGE                0.000       0.451      -5.391    0.24%      -2.321     -0.881     -0.171
             414.000       6.702      -0.101       7.639    0.24%       0.389      2.159
     DEMMAL                0.000      -0.204      -0.551   44.93%      -0.551     -0.551      0.449
             414.000       0.247      -1.958       0.449   55.07%       0.449      0.449
     CANEVR                0.000      -0.379      -0.667    0.96%       0.000      0.000      0.000
             415.000       0.032       5.412       0.500    5.06%       0.000      0.000
     CANEVRBW              0.004      -2.918      -0.930    1.34%       0.070      0.070      0.070
             224.000       0.034       8.481       0.070   87.50%       0.070      0.070

     THE STANDARD ERRORS OF THE MODEL PARAMETER ESTIMATES MAY NOT BE
     TRUSTWORTHY FOR SOME PARAMETERS DUE TO A NON-POSITIVE DEFINITE
     FIRST-ORDER DERIVATIVE PRODUCT MATRIX.  THIS MAY BE DUE TO THE STARTING
     VALUES BUT MAY ALSO BE AN INDICATION OF MODEL NONIDENTIFICATION.  THE
     CONDITION NUMBER IS       0.361D-16.  PROBLEM INVOLVING THE FOLLOWING PARAMETER:
     Parameter 3, %WITHIN%: [ CANEVR ]


THE MODEL ESTIMATION TERMINATED NORMALLY



MODEL FIT INFORMATION

Number of Free Parameters                       15

Loglikelihood

          H0 Value                       -1606.042
          H0 Scaling Correction Factor      1.2919
            for MLR

Information Criteria

          Akaike (AIC)                    3242.084
          Bayesian (BIC)                  3302.508
          Sample-Size Adjusted BIC        3254.910
            (n* = (n + 2) / 24)



MODEL RESULTS

                                                    Two-Tailed
                    Estimate       S.E.  Est./S.E.    P-Value

Within Level

 CVLCOM     ON
    CANEVR            -0.515      0.218     -2.367      0.018
    DEMMAL             0.133      0.098      1.357      0.175
    DEMAGE            -0.007      0.021     -0.327      0.744

 CANEVR   WITH
    DEMMAL             0.007      0.005      1.464      0.143
    DEMAGE            -0.089      0.024     -3.765      0.000

 Means
    DEMAGE             0.000      0.137      0.000      1.000
    DEMMAL             0.000      0.027      0.000      1.000
    CANEVR             0.000      0.000     -0.082      0.935

 Variances
    DEMAGE             6.702      0.440     15.234      0.000
    DEMMAL             0.247      0.003     91.529      0.000
    CANEVR             0.032      0.006      5.387      0.000

 Residual Variances
    CVLCOM             0.754      0.111      6.817      0.000

Between Level

 CVLCOM     ON
    CANEVRBW           0.327      0.282      1.158      0.247

 Intercepts
    CVLCOM             0.008      0.052      0.143      0.886

 Residual Variances
    CVLCOM             0.106      0.082      1.297      0.195


STANDARDIZED MODEL RESULTS


STDYX Standardization

                                                    Two-Tailed
                    Estimate       S.E.  Est./S.E.    P-Value

Within Level

 CVLCOM     ON
    CANEVR            -0.105      0.044     -2.372      0.018
    DEMMAL             0.076      0.056      1.363      0.173
    DEMAGE            -0.021      0.063     -0.327      0.744

 CANEVR   WITH
    DEMMAL             0.075      0.050      1.502      0.133
    DEMAGE            -0.193      0.040     -4.871      0.000

 Means
    DEMAGE             0.000      0.053      0.000      1.000
    DEMMAL             0.000      0.054      0.000      1.000
    CANEVR             0.000      0.000    999.000    999.000

 Variances
    DEMAGE             1.000      0.000    999.000    999.000
    DEMMAL             1.000      0.000    999.000    999.000
    CANEVR             1.000      0.000    999.000    999.000

 Residual Variances
    CVLCOM             0.985      0.012     83.754      0.000

Between Level

 CVLCOM     ON
    CANEVRBW           0.183      0.168      1.090      0.276

 Intercepts
    CVLCOM             0.023      0.159      0.143      0.886

 Residual Variances
    CVLCOM             0.966      0.062     15.661      0.000


R-SQUARE

Within Level

    Observed                                        Two-Tailed
    Variable        Estimate       S.E.  Est./S.E.    P-Value

    CVLCOM             0.015      0.012      1.285      0.199

Between Level

    Observed                                        Two-Tailed
    Variable        Estimate       S.E.  Est./S.E.    P-Value

    CVLCOM             0.034      0.062      0.545      0.586


QUALITY OF NUMERICAL RESULTS

     Condition Number for the Information Matrix              0.361E-16
       (ratio of smallest to largest eigenvalue)


CONFIDENCE INTERVALS OF MODEL RESULTS

                  Lower .5%  Lower 2.5%    Lower 5%    Estimate    Upper 5%  Upper 2.5%   Upper .5%

Within Level

 CVLCOM   ON
    CANEVR          -1.076      -0.942      -0.873      -0.515      -0.157      -0.089       0.045
    DEMMAL          -0.120      -0.059      -0.028       0.133       0.294       0.325       0.386
    DEMAGE          -0.062      -0.049      -0.042      -0.007       0.028       0.035       0.048

 CANEVR   WITH
    DEMMAL          -0.005      -0.002      -0.001       0.007       0.014       0.015       0.018
    DEMAGE          -0.149      -0.135      -0.127      -0.089      -0.050      -0.043      -0.028

 Means
    DEMAGE          -0.353      -0.268      -0.225       0.000       0.225       0.268       0.353
    DEMMAL          -0.069      -0.052      -0.044       0.000       0.044       0.052       0.069
    CANEVR           0.000       0.000       0.000       0.000       0.000       0.000       0.000

 Variances
    DEMAGE           5.568       5.839       5.978       6.702       7.425       7.564       7.835
    DEMMAL           0.240       0.242       0.243       0.247       0.252       0.253       0.254
    CANEVR           0.017       0.020       0.022       0.032       0.041       0.043       0.047

 Residual Variances
    CVLCOM           0.469       0.537       0.572       0.754       0.935       0.970       1.038

Between Level

 CVLCOM   ON
    CANEVRBW        -0.400      -0.226      -0.137       0.327       0.792       0.881       1.055

 Intercepts
    CVLCOM          -0.128      -0.095      -0.079       0.008       0.094       0.110       0.143

 Residual Variances
    CVLCOM          -0.104      -0.054      -0.028       0.106       0.240       0.266       0.316


CONFIDENCE INTERVALS OF STANDARDIZED MODEL RESULTS


STDYX Standardization

                  Lower .5%  Lower 2.5%    Lower 5%    Estimate    Upper 5%  Upper 2.5%   Upper .5%

Within Level

 CVLCOM   ON
    CANEVR          -0.219      -0.191      -0.177      -0.105      -0.032      -0.018       0.009
    DEMMAL          -0.067      -0.033      -0.016       0.076       0.167       0.184       0.219
    DEMAGE          -0.184      -0.145      -0.125      -0.021       0.083       0.103       0.142

 CANEVR   WITH
    DEMMAL          -0.053      -0.023      -0.007       0.075       0.157       0.172       0.203
    DEMAGE          -0.295      -0.270      -0.258      -0.193      -0.128      -0.115      -0.091

 Means
    DEMAGE          -0.136      -0.104      -0.087       0.000       0.087       0.104       0.136
    DEMMAL          -0.138      -0.105      -0.088       0.000       0.088       0.105       0.138
    CANEVR           0.000       0.000       0.000       0.000       0.000       0.000       0.000

 Variances
    DEMAGE           1.000       1.000       1.000       1.000       1.000       1.000       1.000
    DEMMAL           1.000       1.000       1.000       1.000       1.000       1.000       1.000
    CANEVR           1.000       1.000       1.000       1.000       1.000       1.000       1.000

 Residual Variances
    CVLCOM           0.955       0.962       0.966       0.985       1.004       1.008       1.015

Between Level

 CVLCOM   ON
    CANEVRBW        -0.250      -0.146      -0.093       0.183       0.460       0.513       0.617

 Intercepts
    CVLCOM          -0.387      -0.289      -0.239       0.023       0.284       0.334       0.432

 Residual Variances
    CVLCOM           0.807       0.845       0.865       0.966       1.068       1.087       1.125


TECHNICAL 1 OUTPUT


     PARAMETER SPECIFICATION FOR WITHIN


           NU
              CVLCOM        DEMAGE        DEMMAL        CANEVR        CANEVRBW
              ________      ________      ________      ________      ________
 1                  0             0             0             0             0


           LAMBDA
              CVLCOM        DEMAGE        DEMMAL        CANEVR        CANEVRBW
              ________      ________      ________      ________      ________
 CVLCOM             0             0             0             0             0
 DEMAGE             0             0             0             0             0
 DEMMAL             0             0             0             0             0
 CANEVR             0             0             0             0             0
 CANEVRBW           0             0             0             0             0


           THETA
              CVLCOM        DEMAGE        DEMMAL        CANEVR        CANEVRBW
              ________      ________      ________      ________      ________
 CVLCOM             0
 DEMAGE             0             0
 DEMMAL             0             0             0
 CANEVR             0             0             0             0
 CANEVRBW           0             0             0             0             0


           ALPHA
              CVLCOM        DEMAGE        DEMMAL        CANEVR        CANEVRBW
              ________      ________      ________      ________      ________
 1                  0             1             2             3             0


           BETA
              CVLCOM        DEMAGE        DEMMAL        CANEVR        CANEVRBW
              ________      ________      ________      ________      ________
 CVLCOM             0             4             5             6             0
 DEMAGE             0             0             0             0             0
 DEMMAL             0             0             0             0             0
 CANEVR             0             0             0             0             0
 CANEVRBW           0             0             0             0             0


           PSI
              CVLCOM        DEMAGE        DEMMAL        CANEVR        CANEVRBW
              ________      ________      ________      ________      ________
 CVLCOM             7
 DEMAGE             0             8
 DEMMAL             0             0             9
 CANEVR             0            10            11            12
 CANEVRBW           0             0             0             0             0


     PARAMETER SPECIFICATION FOR BETWEEN


           NU
              CVLCOM        DEMAGE        DEMMAL        CANEVR        CANEVRBW
              ________      ________      ________      ________      ________
 1                  0             0             0             0             0


           LAMBDA
              CVLCOM        DEMAGE        DEMMAL        CANEVR        CANEVRBW
              ________      ________      ________      ________      ________
 CVLCOM             0             0             0             0             0
 DEMAGE             0             0             0             0             0
 DEMMAL             0             0             0             0             0
 CANEVR             0             0             0             0             0
 CANEVRBW           0             0             0             0             0


           THETA
              CVLCOM        DEMAGE        DEMMAL        CANEVR        CANEVRBW
              ________      ________      ________      ________      ________
 CVLCOM             0
 DEMAGE             0             0
 DEMMAL             0             0             0
 CANEVR             0             0             0             0
 CANEVRBW           0             0             0             0             0


           ALPHA
              CVLCOM        DEMAGE        DEMMAL        CANEVR        CANEVRBW
              ________      ________      ________      ________      ________
 1                 13             0             0             0             0


           BETA
              CVLCOM        DEMAGE        DEMMAL        CANEVR        CANEVRBW
              ________      ________      ________      ________      ________
 CVLCOM             0             0             0             0            14
 DEMAGE             0             0             0             0             0
 DEMMAL             0             0             0             0             0
 CANEVR             0             0             0             0             0
 CANEVRBW           0             0             0             0             0


           PSI
              CVLCOM        DEMAGE        DEMMAL        CANEVR        CANEVRBW
              ________      ________      ________      ________      ________
 CVLCOM            15
 DEMAGE             0             0
 DEMMAL             0             0             0
 CANEVR             0             0             0             0
 CANEVRBW           0             0             0             0             0


     STARTING VALUES FOR WITHIN


           NU
              CVLCOM        DEMAGE        DEMMAL        CANEVR        CANEVRBW
              ________      ________      ________      ________      ________
 1              0.000         0.000         0.000         0.000         0.000


           LAMBDA
              CVLCOM        DEMAGE        DEMMAL        CANEVR        CANEVRBW
              ________      ________      ________      ________      ________
 CVLCOM         1.000         0.000         0.000         0.000         0.000
 DEMAGE         0.000         1.000         0.000         0.000         0.000
 DEMMAL         0.000         0.000         1.000         0.000         0.000
 CANEVR         0.000         0.000         0.000         1.000         0.000
 CANEVRBW       0.000         0.000         0.000         0.000         1.000


           THETA
              CVLCOM        DEMAGE        DEMMAL        CANEVR        CANEVRBW
              ________      ________      ________      ________      ________
 CVLCOM         0.000
 DEMAGE         0.000         0.000
 DEMMAL         0.000         0.000         0.000
 CANEVR         0.000         0.000         0.000         0.000
 CANEVRBW       0.000         0.000         0.000         0.000         0.000


           ALPHA
              CVLCOM        DEMAGE        DEMMAL        CANEVR        CANEVRBW
              ________      ________      ________      ________      ________
 1              0.000         0.000         0.000         0.000         0.000


           BETA
              CVLCOM        DEMAGE        DEMMAL        CANEVR        CANEVRBW
              ________      ________      ________      ________      ________
 CVLCOM         0.000         0.000         0.000         0.000         0.000
 DEMAGE         0.000         0.000         0.000         0.000         0.000
 DEMMAL         0.000         0.000         0.000         0.000         0.000
 CANEVR         0.000         0.000         0.000         0.000         0.000
 CANEVRBW       0.000         0.000         0.000         0.000         0.000


           PSI
              CVLCOM        DEMAGE        DEMMAL        CANEVR        CANEVRBW
              ________      ________      ________      ________      ________
 CVLCOM         0.437
 DEMAGE         0.000         3.351
 DEMMAL         0.000         0.000         0.124
 CANEVR         0.000         0.000         0.000         0.016
 CANEVRBW       0.000         0.000         0.000         0.000         0.000


     STARTING VALUES FOR BETWEEN


           NU
              CVLCOM        DEMAGE        DEMMAL        CANEVR        CANEVRBW
              ________      ________      ________      ________      ________
 1              0.000         0.000         0.000         0.000         0.000


           LAMBDA
              CVLCOM        DEMAGE        DEMMAL        CANEVR        CANEVRBW
              ________      ________      ________      ________      ________
 CVLCOM         1.000         0.000         0.000         0.000         0.000
 DEMAGE         0.000         1.000         0.000         0.000         0.000
 DEMMAL         0.000         0.000         1.000         0.000         0.000
 CANEVR         0.000         0.000         0.000         1.000         0.000
 CANEVRBW       0.000         0.000         0.000         0.000         1.000


           THETA
              CVLCOM        DEMAGE        DEMMAL        CANEVR        CANEVRBW
              ________      ________      ________      ________      ________
 CVLCOM         0.000
 DEMAGE         0.000         0.000
 DEMMAL         0.000         0.000         0.000
 CANEVR         0.000         0.000         0.000         0.000
 CANEVRBW       0.000         0.000         0.000         0.000         0.000


           ALPHA
              CVLCOM        DEMAGE        DEMMAL        CANEVR        CANEVRBW
              ________      ________      ________      ________      ________
 1              0.010         0.000         0.000         0.000         0.000


           BETA
              CVLCOM        DEMAGE        DEMMAL        CANEVR        CANEVRBW
              ________      ________      ________      ________      ________
 CVLCOM         0.000         0.000         0.000         0.000         0.000
 DEMAGE         0.000         0.000         0.000         0.000         0.000
 DEMMAL         0.000         0.000         0.000         0.000         0.000
 CANEVR         0.000         0.000         0.000         0.000         0.000
 CANEVRBW       0.000         0.000         0.000         0.000         0.000


           PSI
              CVLCOM        DEMAGE        DEMMAL        CANEVR        CANEVRBW
              ________      ________      ________      ________      ________
 CVLCOM         0.437
 DEMAGE         0.000         0.000
 DEMMAL         0.000         0.000         0.000
 CANEVR         0.000         0.000         0.000         0.000
 CANEVRBW       0.000         0.000         0.000         0.000         0.017


SAMPLE STATISTICS FOR ESTIMATED FACTOR SCORES


     SAMPLE STATISTICS


           Means
              B_CVLCOM
              ________
 1              0.006


           Covariances
              B_CVLCOM
              ________
 B_CVLCOM       0.023


           Correlations
              B_CVLCOM
              ________
 B_CVLCOM       1.000


PLOT INFORMATION

The following plots are available:

  Histograms (sample values)
  Scatterplots (sample values)

     Beginning Time:  15:57:40
        Ending Time:  15:57:40
       Elapsed Time:  00:00:00



MUTHEN & MUTHEN
3463 Stoner Ave.
Los Angeles, CA  90066

Tel: (310) 391-9971
Fax: (310) 391-8971
Web: www.StatModel.com
Support: Support@StatModel.com

Copyright (c) 1998-2015 Muthen & Muthen
