Mplus VERSION 7.4 (Mac)
MUTHEN & MUTHEN
05/06/2020   3:57 PM

INPUT INSTRUCTIONS


  TITLE: CANEVR_WASVCB_1;

  DATA:
  	FILE = GD190618rr.csv;

  VARIABLE:
  	NAMES =
  			ID_Fam   Wave     ID_MPL
  			DEMMAL   DEMAGE   DEMHSP   DEMRAC
  			SRPWCR
  			WASVCB   WASBLK   WASDGT   WSISUM
  			TRLATS   TRLBTS
  			CVLASF   CVLASC   CVLALF   CVLALC
  			CVLCOM
  			CANEVR   CANONS   CANFLF
  			CANFTY   CANF6M   CANAC6
  			CANYRS
  			ALCEVR   ALCONS   ALCFLF
  			ALCFTY   ALCF6M   ALCAC6
  			ALCYRS
  			SRPWCRDt WASVCBDt WASBLKDt
  			WASDGTDt WSISUMDt TRLATSDt
  			TRLBTSDt CVLASFDt CVLASCDt
  			CVLALFDt CVLALCDt CVLCOMDt
  		;
  	USEVARIABLES =
  		! outcome
    			WASVCB
    		! covariates
    			DEMAGE
    			DEMMAL  		
    		! within predictor
    			CANEVR
    		! between predictor
    			CANEVRBW
    		;
    	USEOBSERVATION =
    			(Wave EQ 1 AND WASVCBDt EQ 1)
    		;
    	CLUSTER =
    			ID_Fam
    		;
    	MISSING = .;
    	BETWEEN =   		
    			CANEVRBW
    		;
    	WITHIN  		
    			CANEVR
    			DEMAGE
    			DEMMAL
    		;  		

  DEFINE:
  	! CREATE BW FAM PREDICTOR
  		CANEVRBW = cluster_mean (CANEVR);
  	! CENTER WI FAM VARIABLES
  		CENTER CANEVR (GROUPMEAN);
  		CENTER DEMMAL (GRANDMEAN);
  		CENTER DEMAGE (GRANDMEAN);
  	! CENTER BW FAM VARIABLES
  		CENTER CANEVRBW (GRANDMEAN);

  ANALYSIS:
          ITERATIONS = 1000000;
          TYPE = TWOLEVEL RANDOM;
          ALGORITHM = INTEGRATION;

  OUTPUT:
  	SAMPSTAT STDYX TECH1 CINT;

  MODEL:
  %WITHIN%
  	WASVCB on CANEVR;
  	WASVCB on  DEMMAL DEMAGE;	
  	WASVCB*;
  	CANEVR WITH DEMMAL*;
  	CANEVR WITH DEMAGE*;
  	
  %BETWEEN%
  	WASVCB on CANEVRBW;
  	WASVCB*;

  PLOT:
  	TYPE = plot3;



*** WARNING
  Data set contains cases with missing on x-variables.
  These cases were not included in the analysis.
  Number of cases with missing on x-variables:  1
   1 WARNING(S) FOUND IN THE INPUT INSTRUCTIONS



CANEVR_WASVCB_1;

SUMMARY OF ANALYSIS

Number of groups                                                 1
Number of observations                                        1104

Number of dependent variables                                    1
Number of independent variables                                  4
Number of continuous latent variables                            0

Observed dependent variables

  Continuous
   WASVCB

Observed independent variables
   DEMAGE      DEMMAL      CANEVR      CANEVRBW

Variables with special functions

  Cluster variable      ID_FAM

  Within variables
   DEMAGE      DEMMAL      CANEVR

  Between variables
   CANEVRBW

  Centering (GRANDMEAN)
   DEMMAL      DEMAGE      CANEVRBW

  Centering (GROUPMEAN)
   CANEVR


Estimator                                                      MLR
Information matrix                                        OBSERVED
Optimization Specifications for the Quasi-Newton Algorithm for
Continuous Outcomes
  Maximum number of iterations                             1000000
  Convergence criterion                                  0.100D-05
Optimization Specifications for the EM Algorithm
  Maximum number of iterations                                 500
  Convergence criteria
    Loglikelihood change                                 0.100D-02
    Relative loglikelihood change                        0.100D-05
    Derivative                                           0.100D-02
Optimization Specifications for the M step of the EM Algorithm for
Categorical Latent variables
  Number of M step iterations                                    1
  M step convergence criterion                           0.100D-02
  Basis for M step termination                           ITERATION
Optimization Specifications for the M step of the EM Algorithm for
Censored, Binary or Ordered Categorical (Ordinal), Unordered
Categorical (Nominal) and Count Outcomes
  Number of M step iterations                                    1
  M step convergence criterion                           0.100D-02
  Basis for M step termination                           ITERATION
  Maximum value for logit thresholds                            15
  Minimum value for logit thresholds                           -15
  Minimum expected cell size for chi-square              0.100D-01
Maximum number of iterations for H1                           2000
Convergence criterion for H1                             0.100D-03
Optimization algorithm                                         EMA
Integration Specifications
  Type                                                    STANDARD
  Number of integration points                                  15
  Dimensions of numerical integration                            0
  Adaptive quadrature                                           ON
Cholesky                                                       OFF

Input data file(s)
  GD190618rr.csv
Input data format  FREE


SUMMARY OF DATA

     Number of missing data patterns             3
     Number of clusters                        582



COVARIANCE COVERAGE OF DATA

Minimum covariance coverage value   0.100


     PROPORTION OF DATA PRESENT FOR Y


           Covariance Coverage
              WASVCB        DEMAGE        DEMMAL        CANEVR        CANEVRBW
              ________      ________      ________      ________      ________
 WASVCB         1.000
 DEMAGE         0.999         0.999
 DEMMAL         1.000         0.999         1.000
 CANEVR         0.997         0.996         0.997         0.997
 CANEVRBW       1.000         0.999         1.000         0.997         1.000


SAMPLE STATISTICS


     ESTIMATED SAMPLE STATISTICS


           Means
              WASVCB        DEMAGE        DEMMAL        CANEVR        CANEVRBW
              ________      ________      ________      ________      ________
 1             44.406         0.000         0.000         0.000         0.000


           Covariances
              WASVCB        DEMAGE        DEMMAL        CANEVR        CANEVRBW
              ________      ________      ________      ________      ________
 WASVCB        86.069
 DEMAGE         0.098         4.818
 DEMMAL         0.028        -0.166         0.231
 CANEVR        -0.033        -0.085         0.014         0.048
 CANEVRBW      -0.025         0.000         0.009         0.000         0.044


           Correlations
              WASVCB        DEMAGE        DEMMAL        CANEVR        CANEVRBW
              ________      ________      ________      ________      ________
 WASVCB         1.000
 DEMAGE         0.005         1.000
 DEMMAL         0.006        -0.157         1.000
 CANEVR        -0.016        -0.176         0.133         1.000
 CANEVRBW      -0.013         0.001         0.087         0.000         1.000


     MAXIMUM LOG-LIKELIHOOD VALUE FOR THE UNRESTRICTED (H1) MODEL IS -6905.270


UNIVARIATE SAMPLE STATISTICS


     UNIVARIATE HIGHER-ORDER MOMENT DESCRIPTIVE STATISTICS

         Variable/         Mean/     Skewness/   Minimum/ % with                Percentiles
        Sample Size      Variance    Kurtosis    Maximum  Min/Max      20%/60%    40%/80%    Median

     WASVCB               44.406      -0.041      20.000    0.82%      36.000     42.000     44.000
            1104.000      86.069      -0.215      72.000    0.09%      47.000     52.000
     DEMAGE                0.000       0.973      -3.864    0.09%      -1.784     -0.914     -0.414
            1103.000       4.818       0.680       7.496    0.09%       0.116      1.566
     DEMMAL                0.000      -0.577      -0.639   36.14%      -0.639      0.361      0.361
            1104.000       0.231      -1.667       0.361   63.86%       0.361      0.361
     CANEVR                0.000      -0.329      -0.750    0.27%       0.000      0.000      0.000
            1101.000       0.048       2.809       0.750    0.09%       0.000      0.000
     CANEVRBW              0.012      -2.202      -0.898    1.20%       0.102      0.102      0.102
             582.000       0.042       4.255       0.102   82.13%       0.102      0.102

     THE STANDARD ERRORS OF THE MODEL PARAMETER ESTIMATES MAY NOT BE
     TRUSTWORTHY FOR SOME PARAMETERS DUE TO A NON-POSITIVE DEFINITE
     FIRST-ORDER DERIVATIVE PRODUCT MATRIX.  THIS MAY BE DUE TO THE STARTING
     VALUES BUT MAY ALSO BE AN INDICATION OF MODEL NONIDENTIFICATION.  THE
     CONDITION NUMBER IS      -0.537D-16.  PROBLEM INVOLVING THE FOLLOWING PARAMETER:
     Parameter 12, %WITHIN%: CANEVR


THE MODEL ESTIMATION TERMINATED NORMALLY



MODEL FIT INFORMATION

Number of Free Parameters                       15

Loglikelihood

          H0 Value                       -7007.402
          H0 Scaling Correction Factor      1.1575
            for MLR

Information Criteria

          Akaike (AIC)                   14044.804
          Bayesian (BIC)                 14119.904
          Sample-Size Adjusted BIC       14072.261
            (n* = (n + 2) / 24)



MODEL RESULTS

                                                    Two-Tailed
                    Estimate       S.E.  Est./S.E.    P-Value

Within Level

 WASVCB     ON
    CANEVR            -0.486      0.976     -0.498      0.619
    DEMMAL            -0.245      0.576     -0.425      0.671
    DEMAGE             0.065      0.130      0.499      0.618

 CANEVR   WITH
    DEMMAL             0.011      0.003      3.493      0.000
    DEMAGE            -0.077      0.015     -5.016      0.000

 Means
    DEMAGE             0.000      0.067     -0.001      0.999
    DEMMAL             0.000      0.015      0.000      1.000
    CANEVR             0.000      0.000      1.483      0.138

 Variances
    DEMAGE             4.818      0.232     20.751      0.000
    DEMMAL             0.231      0.004     54.162      0.000
    CANEVR             0.048      0.004     11.126      0.000

 Residual Variances
    WASVCB            44.393      2.678     16.579      0.000

Between Level

 WASVCB     ON
    CANEVRBW          -0.923      1.682     -0.549      0.583

 Intercepts
    WASVCB            44.494      0.339    131.347      0.000

 Residual Variances
    WASVCB            40.633      3.665     11.088      0.000


STANDARDIZED MODEL RESULTS


STDYX Standardization

                                                    Two-Tailed
                    Estimate       S.E.  Est./S.E.    P-Value

Within Level

 WASVCB     ON
    CANEVR            -0.016      0.032     -0.498      0.618
    DEMMAL            -0.018      0.041     -0.426      0.670
    DEMAGE             0.021      0.043      0.500      0.617

 CANEVR   WITH
    DEMMAL             0.108      0.030      3.627      0.000
    DEMAGE            -0.160      0.029     -5.595      0.000

 Means
    DEMAGE             0.000      0.030     -0.001      0.999
    DEMMAL             0.000      0.032      0.000      1.000
    CANEVR             0.000      0.000      1.491      0.136

 Variances
    DEMAGE             1.000      0.000    999.000    999.000
    DEMMAL             1.000      0.000    999.000    999.000
    CANEVR             1.000      0.000    999.000    999.000

 Residual Variances
    WASVCB             0.999      0.002    414.849      0.000

Between Level

 WASVCB     ON
    CANEVRBW          -0.030      0.054     -0.549      0.583

 Intercepts
    WASVCB             6.977      0.324     21.561      0.000

 Residual Variances
    WASVCB             0.999      0.003    311.779      0.000


R-SQUARE

Within Level

    Observed                                        Two-Tailed
    Variable        Estimate       S.E.  Est./S.E.    P-Value

    WASVCB             0.001      0.002      0.494      0.621

Between Level

    Observed                                        Two-Tailed
    Variable        Estimate       S.E.  Est./S.E.    P-Value

    WASVCB             0.001      0.003      0.275      0.784


QUALITY OF NUMERICAL RESULTS

     Condition Number for the Information Matrix             -0.537E-16
       (ratio of smallest to largest eigenvalue)


CONFIDENCE INTERVALS OF MODEL RESULTS

                  Lower .5%  Lower 2.5%    Lower 5%    Estimate    Upper 5%  Upper 2.5%   Upper .5%

Within Level

 WASVCB   ON
    CANEVR          -2.999      -2.398      -2.091      -0.486       1.120       1.427       2.028
    DEMMAL          -1.727      -1.373      -1.192      -0.245       0.702       0.883       1.238
    DEMAGE          -0.269      -0.189      -0.148       0.065       0.278       0.318       0.398

 CANEVR   WITH
    DEMMAL           0.003       0.005       0.006       0.011       0.017       0.018       0.020
    DEMAGE          -0.116      -0.107      -0.102      -0.077      -0.052      -0.047      -0.037

 Means
    DEMAGE          -0.172      -0.131      -0.110       0.000       0.110       0.131       0.172
    DEMMAL          -0.040      -0.030      -0.025       0.000       0.025       0.030       0.040
    CANEVR           0.000       0.000       0.000       0.000       0.000       0.000       0.000

 Variances
    DEMAGE           4.220       4.363       4.436       4.818       5.200       5.273       5.416
    DEMMAL           0.220       0.222       0.224       0.231       0.238       0.239       0.242
    CANEVR           0.037       0.040       0.041       0.048       0.055       0.057       0.059

 Residual Variances
    WASVCB          37.496      39.145      39.988      44.393      48.798      49.641      51.290

Between Level

 WASVCB   ON
    CANEVRBW        -5.255      -4.220      -3.690      -0.923       1.844       2.374       3.409

 Intercepts
    WASVCB          43.621      43.830      43.936      44.494      45.051      45.157      45.366

 Residual Variances
    WASVCB          31.194      33.450      34.605      40.633      46.661      47.815      50.072


CONFIDENCE INTERVALS OF STANDARDIZED MODEL RESULTS


STDYX Standardization

                  Lower .5%  Lower 2.5%    Lower 5%    Estimate    Upper 5%  Upper 2.5%   Upper .5%

Within Level

 WASVCB   ON
    CANEVR          -0.099      -0.079      -0.069      -0.016       0.037       0.047       0.067
    DEMMAL          -0.124      -0.099      -0.086      -0.018       0.051       0.064       0.089
    DEMAGE          -0.088      -0.062      -0.049       0.021       0.091       0.105       0.131

 CANEVR   WITH
    DEMMAL           0.031       0.050       0.059       0.108       0.157       0.167       0.185
    DEMAGE          -0.233      -0.216      -0.207      -0.160      -0.113      -0.104      -0.086

 Means
    DEMAGE          -0.079      -0.060      -0.050       0.000       0.050       0.060       0.079
    DEMMAL          -0.082      -0.063      -0.053       0.000       0.053       0.063       0.082
    CANEVR           0.000       0.000       0.000       0.000       0.001       0.001       0.001

 Variances
    DEMAGE           1.000       1.000       1.000       1.000       1.000       1.000       1.000
    DEMMAL           1.000       1.000       1.000       1.000       1.000       1.000       1.000
    CANEVR           1.000       1.000       1.000       1.000       1.000       1.000       1.000

 Residual Variances
    WASVCB           0.993       0.994       0.995       0.999       1.003       1.004       1.005

Between Level

 WASVCB   ON
    CANEVRBW        -0.169      -0.136      -0.119      -0.030       0.059       0.076       0.109

 Intercepts
    WASVCB           6.143       6.343       6.445       6.977       7.509       7.611       7.810

 Residual Variances
    WASVCB           0.991       0.993       0.994       0.999       1.004       1.005       1.007


TECHNICAL 1 OUTPUT


     PARAMETER SPECIFICATION FOR WITHIN


           NU
              WASVCB        DEMAGE        DEMMAL        CANEVR        CANEVRBW
              ________      ________      ________      ________      ________
 1                  0             0             0             0             0


           LAMBDA
              WASVCB        DEMAGE        DEMMAL        CANEVR        CANEVRBW
              ________      ________      ________      ________      ________
 WASVCB             0             0             0             0             0
 DEMAGE             0             0             0             0             0
 DEMMAL             0             0             0             0             0
 CANEVR             0             0             0             0             0
 CANEVRBW           0             0             0             0             0


           THETA
              WASVCB        DEMAGE        DEMMAL        CANEVR        CANEVRBW
              ________      ________      ________      ________      ________
 WASVCB             0
 DEMAGE             0             0
 DEMMAL             0             0             0
 CANEVR             0             0             0             0
 CANEVRBW           0             0             0             0             0


           ALPHA
              WASVCB        DEMAGE        DEMMAL        CANEVR        CANEVRBW
              ________      ________      ________      ________      ________
 1                  0             1             2             3             0


           BETA
              WASVCB        DEMAGE        DEMMAL        CANEVR        CANEVRBW
              ________      ________      ________      ________      ________
 WASVCB             0             4             5             6             0
 DEMAGE             0             0             0             0             0
 DEMMAL             0             0             0             0             0
 CANEVR             0             0             0             0             0
 CANEVRBW           0             0             0             0             0


           PSI
              WASVCB        DEMAGE        DEMMAL        CANEVR        CANEVRBW
              ________      ________      ________      ________      ________
 WASVCB             7
 DEMAGE             0             8
 DEMMAL             0             0             9
 CANEVR             0            10            11            12
 CANEVRBW           0             0             0             0             0


     PARAMETER SPECIFICATION FOR BETWEEN


           NU
              WASVCB        DEMAGE        DEMMAL        CANEVR        CANEVRBW
              ________      ________      ________      ________      ________
 1                  0             0             0             0             0


           LAMBDA
              WASVCB        DEMAGE        DEMMAL        CANEVR        CANEVRBW
              ________      ________      ________      ________      ________
 WASVCB             0             0             0             0             0
 DEMAGE             0             0             0             0             0
 DEMMAL             0             0             0             0             0
 CANEVR             0             0             0             0             0
 CANEVRBW           0             0             0             0             0


           THETA
              WASVCB        DEMAGE        DEMMAL        CANEVR        CANEVRBW
              ________      ________      ________      ________      ________
 WASVCB             0
 DEMAGE             0             0
 DEMMAL             0             0             0
 CANEVR             0             0             0             0
 CANEVRBW           0             0             0             0             0


           ALPHA
              WASVCB        DEMAGE        DEMMAL        CANEVR        CANEVRBW
              ________      ________      ________      ________      ________
 1                 13             0             0             0             0


           BETA
              WASVCB        DEMAGE        DEMMAL        CANEVR        CANEVRBW
              ________      ________      ________      ________      ________
 WASVCB             0             0             0             0            14
 DEMAGE             0             0             0             0             0
 DEMMAL             0             0             0             0             0
 CANEVR             0             0             0             0             0
 CANEVRBW           0             0             0             0             0


           PSI
              WASVCB        DEMAGE        DEMMAL        CANEVR        CANEVRBW
              ________      ________      ________      ________      ________
 WASVCB            15
 DEMAGE             0             0
 DEMMAL             0             0             0
 CANEVR             0             0             0             0
 CANEVRBW           0             0             0             0             0


     STARTING VALUES FOR WITHIN


           NU
              WASVCB        DEMAGE        DEMMAL        CANEVR        CANEVRBW
              ________      ________      ________      ________      ________
 1              0.000         0.000         0.000         0.000         0.000


           LAMBDA
              WASVCB        DEMAGE        DEMMAL        CANEVR        CANEVRBW
              ________      ________      ________      ________      ________
 WASVCB         1.000         0.000         0.000         0.000         0.000
 DEMAGE         0.000         1.000         0.000         0.000         0.000
 DEMMAL         0.000         0.000         1.000         0.000         0.000
 CANEVR         0.000         0.000         0.000         1.000         0.000
 CANEVRBW       0.000         0.000         0.000         0.000         1.000


           THETA
              WASVCB        DEMAGE        DEMMAL        CANEVR        CANEVRBW
              ________      ________      ________      ________      ________
 WASVCB         0.000
 DEMAGE         0.000         0.000
 DEMMAL         0.000         0.000         0.000
 CANEVR         0.000         0.000         0.000         0.000
 CANEVRBW       0.000         0.000         0.000         0.000         0.000


           ALPHA
              WASVCB        DEMAGE        DEMMAL        CANEVR        CANEVRBW
              ________      ________      ________      ________      ________
 1              0.000         0.000         0.000         0.000         0.000


           BETA
              WASVCB        DEMAGE        DEMMAL        CANEVR        CANEVRBW
              ________      ________      ________      ________      ________
 WASVCB         0.000         0.000         0.000         0.000         0.000
 DEMAGE         0.000         0.000         0.000         0.000         0.000
 DEMMAL         0.000         0.000         0.000         0.000         0.000
 CANEVR         0.000         0.000         0.000         0.000         0.000
 CANEVRBW       0.000         0.000         0.000         0.000         0.000


           PSI
              WASVCB        DEMAGE        DEMMAL        CANEVR        CANEVRBW
              ________      ________      ________      ________      ________
 WASVCB        43.035
 DEMAGE         0.000         2.409
 DEMMAL         0.000         0.000         0.115
 CANEVR         0.000         0.000         0.000         0.024
 CANEVRBW       0.000         0.000         0.000         0.000         0.000


     STARTING VALUES FOR BETWEEN


           NU
              WASVCB        DEMAGE        DEMMAL        CANEVR        CANEVRBW
              ________      ________      ________      ________      ________
 1              0.000         0.000         0.000         0.000         0.000


           LAMBDA
              WASVCB        DEMAGE        DEMMAL        CANEVR        CANEVRBW
              ________      ________      ________      ________      ________
 WASVCB         1.000         0.000         0.000         0.000         0.000
 DEMAGE         0.000         1.000         0.000         0.000         0.000
 DEMMAL         0.000         0.000         1.000         0.000         0.000
 CANEVR         0.000         0.000         0.000         1.000         0.000
 CANEVRBW       0.000         0.000         0.000         0.000         1.000


           THETA
              WASVCB        DEMAGE        DEMMAL        CANEVR        CANEVRBW
              ________      ________      ________      ________      ________
 WASVCB         0.000
 DEMAGE         0.000         0.000
 DEMMAL         0.000         0.000         0.000
 CANEVR         0.000         0.000         0.000         0.000
 CANEVRBW       0.000         0.000         0.000         0.000         0.000


           ALPHA
              WASVCB        DEMAGE        DEMMAL        CANEVR        CANEVRBW
              ________      ________      ________      ________      ________
 1             44.406         0.000         0.000         0.000         0.000


           BETA
              WASVCB        DEMAGE        DEMMAL        CANEVR        CANEVRBW
              ________      ________      ________      ________      ________
 WASVCB         0.000         0.000         0.000         0.000         0.000
 DEMAGE         0.000         0.000         0.000         0.000         0.000
 DEMMAL         0.000         0.000         0.000         0.000         0.000
 CANEVR         0.000         0.000         0.000         0.000         0.000
 CANEVRBW       0.000         0.000         0.000         0.000         0.000


           PSI
              WASVCB        DEMAGE        DEMMAL        CANEVR        CANEVRBW
              ________      ________      ________      ________      ________
 WASVCB        43.035
 DEMAGE         0.000         0.000
 DEMMAL         0.000         0.000         0.000
 CANEVR         0.000         0.000         0.000         0.000
 CANEVRBW       0.000         0.000         0.000         0.000         0.022


SAMPLE STATISTICS FOR ESTIMATED FACTOR SCORES


     SAMPLE STATISTICS


           Means
              B_WASVCB
              ________
 1             44.406


           Covariances
              B_WASVCB
              ________
 B_WASVCB      27.300


           Correlations
              B_WASVCB
              ________
 B_WASVCB       1.000


PLOT INFORMATION

The following plots are available:

  Histograms (sample values)
  Scatterplots (sample values)

     Beginning Time:  15:57:48
        Ending Time:  15:57:48
       Elapsed Time:  00:00:00



MUTHEN & MUTHEN
3463 Stoner Ave.
Los Angeles, CA  90066

Tel: (310) 391-9971
Fax: (310) 391-8971
Web: www.StatModel.com
Support: Support@StatModel.com

Copyright (c) 1998-2015 Muthen & Muthen
