Mplus VERSION 7.4 (Mac)
MUTHEN & MUTHEN
05/06/2020   3:57 PM

INPUT INSTRUCTIONS


  TITLE: CANEVR_TRLBTS_1;

  DATA:
  	FILE = GD190618rr.csv;

  VARIABLE:
  	NAMES =
  			ID_Fam   Wave     ID_MPL
  			DEMMAL   DEMAGE   DEMHSP   DEMRAC
  			SRPWCR
  			WASVCB   WASBLK   WASDGT   WSISUM
  			TRLATS   TRLBTS
  			CVLASF   CVLASC   CVLALF   CVLALC
  			CVLCOM
  			CANEVR   CANONS   CANFLF
  			CANFTY   CANF6M   CANAC6
  			CANYRS
  			ALCEVR   ALCONS   ALCFLF
  			ALCFTY   ALCF6M   ALCAC6
  			ALCYRS
  			SRPWCRDt WASVCBDt WASBLKDt
  			WASDGTDt WSISUMDt TRLATSDt
  			TRLBTSDt CVLASFDt CVLASCDt
  			CVLALFDt CVLALCDt CVLCOMDt
  		;
  	USEVARIABLES =
  		! outcome
    			TRLBTS
    		! covariates
    			DEMAGE
    			DEMMAL  		
    		! within predictor
    			CANEVR
    		! between predictor
    			CANEVRBW
    		;
    	USEOBSERVATION =
    			(Wave EQ 1 AND TRLBTSDt EQ 1)
    		;
    	CLUSTER =
    			ID_Fam
    		;
    	MISSING = .;
    	BETWEEN =   		
    			CANEVRBW
    		;
    	WITHIN  		
    			CANEVR
    			DEMAGE
    			DEMMAL
    		;  		

  DEFINE:
  	! CREATE BW FAM PREDICTOR
  		CANEVRBW = cluster_mean (CANEVR);
  	! CENTER WI FAM VARIABLES
  		CENTER CANEVR (GROUPMEAN);
  		CENTER DEMMAL (GRANDMEAN);
  		CENTER DEMAGE (GRANDMEAN);
  	! CENTER BW FAM VARIABLES
  		CENTER CANEVRBW (GRANDMEAN);

  ANALYSIS:
          ITERATIONS = 1000000;
          TYPE = TWOLEVEL RANDOM;
          ALGORITHM = INTEGRATION;

  OUTPUT:
  	SAMPSTAT STDYX TECH1 CINT;

  MODEL:
  %WITHIN%
  	TRLBTS on CANEVR;
  	TRLBTS on  DEMMAL DEMAGE;	
  	TRLBTS*;
  	CANEVR WITH DEMMAL*;
  	CANEVR WITH DEMAGE*;

  %BETWEEN%
  	TRLBTS on CANEVRBW;
  	TRLBTS*;

  PLOT:
  	TYPE = plot3;



*** WARNING
  Data set contains cases with missing on x-variables.
  These cases were not included in the analysis.
  Number of cases with missing on x-variables:  1
*** WARNING
  Data set contains cases with missing on all variables except
  x-variables.  These cases were not included in the analysis.
  Number of cases with missing on all variables except x-variables:  1
   2 WARNING(S) FOUND IN THE INPUT INSTRUCTIONS



CANEVR_TRLBTS_1;

SUMMARY OF ANALYSIS

Number of groups                                                 1
Number of observations                                        1168

Number of dependent variables                                    1
Number of independent variables                                  4
Number of continuous latent variables                            0

Observed dependent variables

  Continuous
   TRLBTS

Observed independent variables
   DEMAGE      DEMMAL      CANEVR      CANEVRBW

Variables with special functions

  Cluster variable      ID_FAM

  Within variables
   DEMAGE      DEMMAL      CANEVR

  Between variables
   CANEVRBW

  Centering (GRANDMEAN)
   DEMMAL      DEMAGE      CANEVRBW

  Centering (GROUPMEAN)
   CANEVR


Estimator                                                      MLR
Information matrix                                        OBSERVED
Optimization Specifications for the Quasi-Newton Algorithm for
Continuous Outcomes
  Maximum number of iterations                             1000000
  Convergence criterion                                  0.100D-05
Optimization Specifications for the EM Algorithm
  Maximum number of iterations                                 500
  Convergence criteria
    Loglikelihood change                                 0.100D-02
    Relative loglikelihood change                        0.100D-05
    Derivative                                           0.100D-02
Optimization Specifications for the M step of the EM Algorithm for
Categorical Latent variables
  Number of M step iterations                                    1
  M step convergence criterion                           0.100D-02
  Basis for M step termination                           ITERATION
Optimization Specifications for the M step of the EM Algorithm for
Censored, Binary or Ordered Categorical (Ordinal), Unordered
Categorical (Nominal) and Count Outcomes
  Number of M step iterations                                    1
  M step convergence criterion                           0.100D-02
  Basis for M step termination                           ITERATION
  Maximum value for logit thresholds                            15
  Minimum value for logit thresholds                           -15
  Minimum expected cell size for chi-square              0.100D-01
Maximum number of iterations for H1                           2000
Convergence criterion for H1                             0.100D-03
Optimization algorithm                                         EMA
Integration Specifications
  Type                                                    STANDARD
  Number of integration points                                  15
  Dimensions of numerical integration                            0
  Adaptive quadrature                                           ON
Cholesky                                                       OFF

Input data file(s)
  GD190618rr.csv
Input data format  FREE


SUMMARY OF DATA

     Number of missing data patterns             4
     Number of clusters                        596



COVARIANCE COVERAGE OF DATA

Minimum covariance coverage value   0.100


     PROPORTION OF DATA PRESENT FOR Y


           Covariance Coverage
              TRLBTS        DEMAGE        DEMMAL        CANEVR        CANEVRBW
              ________      ________      ________      ________      ________
 TRLBTS         0.889
 DEMAGE         0.888         0.999
 DEMMAL         0.889         0.999         1.000
 CANEVR         0.886         0.997         0.997         0.997
 CANEVRBW       0.889         0.999         1.000         0.997         1.000


SAMPLE STATISTICS


     ESTIMATED SAMPLE STATISTICS


           Means
              TRLBTS        DEMAGE        DEMMAL        CANEVR        CANEVRBW
              ________      ________      ________      ________      ________
 1             51.104         0.000         0.000         0.000         0.000


           Covariances
              TRLBTS        DEMAGE        DEMMAL        CANEVR        CANEVRBW
              ________      ________      ________      ________      ________
 TRLBTS       112.663
 DEMAGE        -1.930         4.937
 DEMMAL         0.085        -0.145         0.231
 CANEVR         0.123        -0.064         0.016         0.055
 CANEVRBW      -0.001         0.002         0.009         0.000         0.049


           Correlations
              TRLBTS        DEMAGE        DEMMAL        CANEVR        CANEVRBW
              ________      ________      ________      ________      ________
 TRLBTS         1.000
 DEMAGE        -0.082         1.000
 DEMMAL         0.017        -0.136         1.000
 CANEVR         0.050        -0.122         0.140         1.000
 CANEVRBW       0.000         0.005         0.083         0.000         1.000


     MAXIMUM LOG-LIKELIHOOD VALUE FOR THE UNRESTRICTED (H1) MODEL IS -7131.263


UNIVARIATE SAMPLE STATISTICS


     UNIVARIATE HIGHER-ORDER MOMENT DESCRIPTIVE STATISTICS

         Variable/         Mean/     Skewness/   Minimum/ % with                Percentiles
        Sample Size      Variance    Kurtosis    Maximum  Min/Max      20%/60%    40%/80%    Median

     TRLBTS               51.092      -0.013       6.000    0.10%      43.000     48.000     52.000
            1038.000     112.648       0.790      89.000    0.10%      54.000     60.000
     DEMAGE                0.000       0.975      -3.772    0.09%      -1.812     -0.932     -0.432
            1167.000       4.937       0.659       7.588    0.09%       0.108      1.598
     DEMMAL                0.000      -0.581      -0.640   36.04%      -0.640      0.360      0.360
            1168.000       0.231      -1.662       0.360   63.96%       0.360      0.360
     CANEVR                0.000      -0.315      -0.750    0.34%       0.000      0.000      0.000
            1165.000       0.055       2.239       0.750    0.09%       0.000      0.000
     CANEVRBW              0.013      -2.014      -0.883    1.51%      -0.133      0.117      0.117
             596.000       0.048       3.367       0.117   79.53%       0.117      0.117

     THE STANDARD ERRORS OF THE MODEL PARAMETER ESTIMATES MAY NOT BE
     TRUSTWORTHY FOR SOME PARAMETERS DUE TO A NON-POSITIVE DEFINITE
     FIRST-ORDER DERIVATIVE PRODUCT MATRIX.  THIS MAY BE DUE TO THE STARTING
     VALUES BUT MAY ALSO BE AN INDICATION OF MODEL NONIDENTIFICATION.  THE
     CONDITION NUMBER IS      -0.113D-15.  PROBLEM INVOLVING THE FOLLOWING PARAMETER:
     Parameter 12, %WITHIN%: CANEVR


THE MODEL ESTIMATION TERMINATED NORMALLY



MODEL FIT INFORMATION

Number of Free Parameters                       15

Loglikelihood

          H0 Value                       -7242.583
          H0 Scaling Correction Factor      1.1533
            for MLR

Information Criteria

          Akaike (AIC)                   14515.166
          Bayesian (BIC)                 14591.112
          Sample-Size Adjusted BIC       14543.467
            (n* = (n + 2) / 24)



MODEL RESULTS

                                                    Two-Tailed
                    Estimate       S.E.  Est./S.E.    P-Value

Within Level

 TRLBTS     ON
    CANEVR             1.888      1.378      1.370      0.171
    DEMMAL             0.022      0.682      0.032      0.974
    DEMAGE            -0.333      0.156     -2.138      0.033

 CANEVR   WITH
    DEMMAL             0.014      0.004      3.949      0.000
    DEMAGE            -0.055      0.016     -3.389      0.001

 Means
    DEMAGE             0.000      0.067      0.000      1.000
    DEMMAL             0.000      0.015      0.000      1.000
    CANEVR             0.000      0.000      1.362      0.173

 Variances
    DEMAGE             4.937      0.230     21.460      0.000
    DEMMAL             0.231      0.004     55.571      0.000
    CANEVR             0.055      0.004     12.194      0.000

 Residual Variances
    TRLBTS            90.504      6.470     13.988      0.000

Between Level

 TRLBTS     ON
    CANEVRBW           0.030      1.700      0.018      0.986

 Intercepts
    TRLBTS            51.070      0.360    141.961      0.000

 Residual Variances
    TRLBTS            21.576      5.878      3.671      0.000


STANDARDIZED MODEL RESULTS


STDYX Standardization

                                                    Two-Tailed
                    Estimate       S.E.  Est./S.E.    P-Value

Within Level

 TRLBTS     ON
    CANEVR             0.046      0.034      1.373      0.170
    DEMMAL             0.001      0.034      0.032      0.974
    DEMAGE            -0.077      0.036     -2.160      0.031

 CANEVR   WITH
    DEMMAL             0.126      0.031      4.109      0.000
    DEMAGE            -0.106      0.030     -3.537      0.000

 Means
    DEMAGE             0.000      0.030      0.000      1.000
    DEMMAL             0.000      0.031      0.000      1.000
    CANEVR             0.000      0.000      1.366      0.172

 Variances
    DEMAGE             1.000      0.000    999.000    999.000
    DEMMAL             1.000      0.000    999.000    999.000
    CANEVR             1.000      0.000    999.000    999.000

 Residual Variances
    TRLBTS             0.991      0.006    154.716      0.000

Between Level

 TRLBTS     ON
    CANEVRBW           0.001      0.080      0.018      0.986

 Intercepts
    TRLBTS            10.995      1.495      7.353      0.000

 Residual Variances
    TRLBTS             1.000      0.000   4409.399      0.000


R-SQUARE

Within Level

    Observed                                        Two-Tailed
    Variable        Estimate       S.E.  Est./S.E.    P-Value

    TRLBTS             0.009      0.006      1.388      0.165

Between Level

    Observed                                        Two-Tailed
    Variable        Estimate       S.E.  Est./S.E.    P-Value

    TRLBTS             0.000      0.000      0.009      0.993


QUALITY OF NUMERICAL RESULTS

     Condition Number for the Information Matrix             -0.113E-15
       (ratio of smallest to largest eigenvalue)


CONFIDENCE INTERVALS OF MODEL RESULTS

                  Lower .5%  Lower 2.5%    Lower 5%    Estimate    Upper 5%  Upper 2.5%   Upper .5%

Within Level

 TRLBTS   ON
    CANEVR          -1.661      -0.813      -0.379       1.888       4.155       4.589       5.438
    DEMMAL          -1.733      -1.314      -1.099       0.022       1.143       1.358       1.778
    DEMAGE          -0.734      -0.638      -0.589      -0.333      -0.077      -0.028       0.068

 CANEVR   WITH
    DEMMAL           0.005       0.007       0.008       0.014       0.020       0.021       0.023
    DEMAGE          -0.096      -0.086      -0.081      -0.055      -0.028      -0.023      -0.013

 Means
    DEMAGE          -0.172      -0.131      -0.110       0.000       0.110       0.131       0.172
    DEMMAL          -0.038      -0.029      -0.024       0.000       0.024       0.029       0.038
    CANEVR           0.000       0.000       0.000       0.000       0.000       0.000       0.000

 Variances
    DEMAGE           4.344       4.486       4.558       4.937       5.315       5.387       5.529
    DEMMAL           0.220       0.222       0.224       0.231       0.237       0.239       0.241
    CANEVR           0.043       0.046       0.047       0.055       0.062       0.063       0.066

 Residual Variances
    TRLBTS          73.838      77.823      79.861      90.504     101.147     103.185     107.169

Between Level

 TRLBTS   ON
    CANEVRBW        -4.349      -3.302      -2.767       0.030       2.827       3.362       4.409

 Intercepts
    TRLBTS          50.144      50.365      50.479      51.070      51.662      51.776      51.997

 Residual Variances
    TRLBTS           6.435      10.055      11.906      21.576      31.245      33.096      36.716


CONFIDENCE INTERVALS OF STANDARDIZED MODEL RESULTS


STDYX Standardization

                  Lower .5%  Lower 2.5%    Lower 5%    Estimate    Upper 5%  Upper 2.5%   Upper .5%

Within Level

 TRLBTS   ON
    CANEVR          -0.040      -0.020      -0.009       0.046       0.101       0.112       0.133
    DEMMAL          -0.087      -0.066      -0.055       0.001       0.057       0.068       0.089
    DEMAGE          -0.170      -0.148      -0.136      -0.077      -0.018      -0.007       0.015

 CANEVR   WITH
    DEMMAL           0.047       0.066       0.076       0.126       0.176       0.186       0.205
    DEMAGE          -0.182      -0.164      -0.155      -0.106      -0.056      -0.047      -0.029

 Means
    DEMAGE          -0.077      -0.059      -0.049       0.000       0.049       0.059       0.077
    DEMMAL          -0.080      -0.061      -0.051       0.000       0.051       0.061       0.080
    CANEVR           0.000       0.000       0.000       0.000       0.001       0.001       0.001

 Variances
    DEMAGE           1.000       1.000       1.000       1.000       1.000       1.000       1.000
    DEMMAL           1.000       1.000       1.000       1.000       1.000       1.000       1.000
    CANEVR           1.000       1.000       1.000       1.000       1.000       1.000       1.000

 Residual Variances
    TRLBTS           0.975       0.979       0.981       0.991       1.002       1.004       1.008

Between Level

 TRLBTS   ON
    CANEVRBW        -0.205      -0.156      -0.130       0.001       0.133       0.158       0.208

 Intercepts
    TRLBTS           7.143       8.064       8.535      10.995      13.455      13.926      14.847

 Residual Variances
    TRLBTS           0.999       1.000       1.000       1.000       1.000       1.000       1.001


TECHNICAL 1 OUTPUT


     PARAMETER SPECIFICATION FOR WITHIN


           NU
              TRLBTS        DEMAGE        DEMMAL        CANEVR        CANEVRBW
              ________      ________      ________      ________      ________
 1                  0             0             0             0             0


           LAMBDA
              TRLBTS        DEMAGE        DEMMAL        CANEVR        CANEVRBW
              ________      ________      ________      ________      ________
 TRLBTS             0             0             0             0             0
 DEMAGE             0             0             0             0             0
 DEMMAL             0             0             0             0             0
 CANEVR             0             0             0             0             0
 CANEVRBW           0             0             0             0             0


           THETA
              TRLBTS        DEMAGE        DEMMAL        CANEVR        CANEVRBW
              ________      ________      ________      ________      ________
 TRLBTS             0
 DEMAGE             0             0
 DEMMAL             0             0             0
 CANEVR             0             0             0             0
 CANEVRBW           0             0             0             0             0


           ALPHA
              TRLBTS        DEMAGE        DEMMAL        CANEVR        CANEVRBW
              ________      ________      ________      ________      ________
 1                  0             1             2             3             0


           BETA
              TRLBTS        DEMAGE        DEMMAL        CANEVR        CANEVRBW
              ________      ________      ________      ________      ________
 TRLBTS             0             4             5             6             0
 DEMAGE             0             0             0             0             0
 DEMMAL             0             0             0             0             0
 CANEVR             0             0             0             0             0
 CANEVRBW           0             0             0             0             0


           PSI
              TRLBTS        DEMAGE        DEMMAL        CANEVR        CANEVRBW
              ________      ________      ________      ________      ________
 TRLBTS             7
 DEMAGE             0             8
 DEMMAL             0             0             9
 CANEVR             0            10            11            12
 CANEVRBW           0             0             0             0             0


     PARAMETER SPECIFICATION FOR BETWEEN


           NU
              TRLBTS        DEMAGE        DEMMAL        CANEVR        CANEVRBW
              ________      ________      ________      ________      ________
 1                  0             0             0             0             0


           LAMBDA
              TRLBTS        DEMAGE        DEMMAL        CANEVR        CANEVRBW
              ________      ________      ________      ________      ________
 TRLBTS             0             0             0             0             0
 DEMAGE             0             0             0             0             0
 DEMMAL             0             0             0             0             0
 CANEVR             0             0             0             0             0
 CANEVRBW           0             0             0             0             0


           THETA
              TRLBTS        DEMAGE        DEMMAL        CANEVR        CANEVRBW
              ________      ________      ________      ________      ________
 TRLBTS             0
 DEMAGE             0             0
 DEMMAL             0             0             0
 CANEVR             0             0             0             0
 CANEVRBW           0             0             0             0             0


           ALPHA
              TRLBTS        DEMAGE        DEMMAL        CANEVR        CANEVRBW
              ________      ________      ________      ________      ________
 1                 13             0             0             0             0


           BETA
              TRLBTS        DEMAGE        DEMMAL        CANEVR        CANEVRBW
              ________      ________      ________      ________      ________
 TRLBTS             0             0             0             0            14
 DEMAGE             0             0             0             0             0
 DEMMAL             0             0             0             0             0
 CANEVR             0             0             0             0             0
 CANEVRBW           0             0             0             0             0


           PSI
              TRLBTS        DEMAGE        DEMMAL        CANEVR        CANEVRBW
              ________      ________      ________      ________      ________
 TRLBTS            15
 DEMAGE             0             0
 DEMMAL             0             0             0
 CANEVR             0             0             0             0
 CANEVRBW           0             0             0             0             0


     STARTING VALUES FOR WITHIN


           NU
              TRLBTS        DEMAGE        DEMMAL        CANEVR        CANEVRBW
              ________      ________      ________      ________      ________
 1              0.000         0.000         0.000         0.000         0.000


           LAMBDA
              TRLBTS        DEMAGE        DEMMAL        CANEVR        CANEVRBW
              ________      ________      ________      ________      ________
 TRLBTS         1.000         0.000         0.000         0.000         0.000
 DEMAGE         0.000         1.000         0.000         0.000         0.000
 DEMMAL         0.000         0.000         1.000         0.000         0.000
 CANEVR         0.000         0.000         0.000         1.000         0.000
 CANEVRBW       0.000         0.000         0.000         0.000         1.000


           THETA
              TRLBTS        DEMAGE        DEMMAL        CANEVR        CANEVRBW
              ________      ________      ________      ________      ________
 TRLBTS         0.000
 DEMAGE         0.000         0.000
 DEMMAL         0.000         0.000         0.000
 CANEVR         0.000         0.000         0.000         0.000
 CANEVRBW       0.000         0.000         0.000         0.000         0.000


           ALPHA
              TRLBTS        DEMAGE        DEMMAL        CANEVR        CANEVRBW
              ________      ________      ________      ________      ________
 1              0.000         0.000         0.000         0.000         0.000


           BETA
              TRLBTS        DEMAGE        DEMMAL        CANEVR        CANEVRBW
              ________      ________      ________      ________      ________
 TRLBTS         0.000         0.000         0.000         0.000         0.000
 DEMAGE         0.000         0.000         0.000         0.000         0.000
 DEMMAL         0.000         0.000         0.000         0.000         0.000
 CANEVR         0.000         0.000         0.000         0.000         0.000
 CANEVRBW       0.000         0.000         0.000         0.000         0.000


           PSI
              TRLBTS        DEMAGE        DEMMAL        CANEVR        CANEVRBW
              ________      ________      ________      ________      ________
 TRLBTS        56.324
 DEMAGE         0.000         2.468
 DEMMAL         0.000         0.000         0.115
 CANEVR         0.000         0.000         0.000         0.027
 CANEVRBW       0.000         0.000         0.000         0.000         0.000


     STARTING VALUES FOR BETWEEN


           NU
              TRLBTS        DEMAGE        DEMMAL        CANEVR        CANEVRBW
              ________      ________      ________      ________      ________
 1              0.000         0.000         0.000         0.000         0.000


           LAMBDA
              TRLBTS        DEMAGE        DEMMAL        CANEVR        CANEVRBW
              ________      ________      ________      ________      ________
 TRLBTS         1.000         0.000         0.000         0.000         0.000
 DEMAGE         0.000         1.000         0.000         0.000         0.000
 DEMMAL         0.000         0.000         1.000         0.000         0.000
 CANEVR         0.000         0.000         0.000         1.000         0.000
 CANEVRBW       0.000         0.000         0.000         0.000         1.000


           THETA
              TRLBTS        DEMAGE        DEMMAL        CANEVR        CANEVRBW
              ________      ________      ________      ________      ________
 TRLBTS         0.000
 DEMAGE         0.000         0.000
 DEMMAL         0.000         0.000         0.000
 CANEVR         0.000         0.000         0.000         0.000
 CANEVRBW       0.000         0.000         0.000         0.000         0.000


           ALPHA
              TRLBTS        DEMAGE        DEMMAL        CANEVR        CANEVRBW
              ________      ________      ________      ________      ________
 1             51.092         0.000         0.000         0.000         0.000


           BETA
              TRLBTS        DEMAGE        DEMMAL        CANEVR        CANEVRBW
              ________      ________      ________      ________      ________
 TRLBTS         0.000         0.000         0.000         0.000         0.000
 DEMAGE         0.000         0.000         0.000         0.000         0.000
 DEMMAL         0.000         0.000         0.000         0.000         0.000
 CANEVR         0.000         0.000         0.000         0.000         0.000
 CANEVRBW       0.000         0.000         0.000         0.000         0.000


           PSI
              TRLBTS        DEMAGE        DEMMAL        CANEVR        CANEVRBW
              ________      ________      ________      ________      ________
 TRLBTS        56.324
 DEMAGE         0.000         0.000
 DEMMAL         0.000         0.000         0.000
 CANEVR         0.000         0.000         0.000         0.000
 CANEVRBW       0.000         0.000         0.000         0.000         0.024


SAMPLE STATISTICS FOR ESTIMATED FACTOR SCORES


     SAMPLE STATISTICS


           Means
              B_TRLBTS
              ________
 1             51.092


           Covariances
              B_TRLBTS
              ________
 B_TRLBTS       6.391


           Correlations
              B_TRLBTS
              ________
 B_TRLBTS       1.000


PLOT INFORMATION

The following plots are available:

  Histograms (sample values)
  Scatterplots (sample values)

     Beginning Time:  15:57:44
        Ending Time:  15:57:45
       Elapsed Time:  00:00:01



MUTHEN & MUTHEN
3463 Stoner Ave.
Los Angeles, CA  90066

Tel: (310) 391-9971
Fax: (310) 391-8971
Web: www.StatModel.com
Support: Support@StatModel.com

Copyright (c) 1998-2015 Muthen & Muthen
