Mplus VERSION 7.4 (Mac)
MUTHEN & MUTHEN
05/06/2020   3:57 PM

INPUT INSTRUCTIONS


  TITLE: CANEVR_TRLATS_2;

  DATA:
  	FILE = GD190618rr.csv;

  VARIABLE:
  	NAMES =
  			ID_Fam   Wave     ID_MPL
  			DEMMAL   DEMAGE   DEMHSP   DEMRAC
  			SRPWCR
  			WASVCB   WASBLK   WASDGT   WSISUM
  			TRLATS   TRLBTS
  			CVLASF   CVLASC   CVLALF   CVLALC
  			CVLCOM
  			CANEVR   CANONS   CANFLF
  			CANFTY   CANF6M   CANAC6
  			CANYRS
  			ALCEVR   ALCONS   ALCFLF
  			ALCFTY   ALCF6M   ALCAC6
  			ALCYRS
  			SRPWCRDt WASVCBDt WASBLKDt
  			WASDGTDt WSISUMDt TRLATSDt
  			TRLBTSDt CVLASFDt CVLASCDt
  			CVLALFDt CVLALCDt CVLCOMDt
  		;
  	USEVARIABLES =
  		! outcome
    			TRLATS
    		! covariates
    			DEMAGE
    			DEMMAL  		
    		! within predictor
    			CANEVR
    		! between predictor
    			CANEVRBW
    		;
    	USEOBSERVATION =
    			(Wave EQ 2 AND TRLATSDt EQ 1)
    		;
    	CLUSTER =
    			ID_Fam
    		;
    	MISSING = .;
    	BETWEEN =   		
    			CANEVRBW
    		;
    	WITHIN  		
    			CANEVR
    			DEMAGE
    			DEMMAL
    		;  		

  DEFINE:
  	! CREATE BW FAM PREDICTOR
  		CANEVRBW = cluster_mean (CANEVR);
  	! CENTER WI FAM VARIABLES
  		CENTER CANEVR (GROUPMEAN);
  		CENTER DEMMAL (GRANDMEAN);
  		CENTER DEMAGE (GRANDMEAN);
  	! CENTER BW FAM VARIABLES
  		CENTER CANEVRBW (GRANDMEAN);

  ANALYSIS:
          ITERATIONS = 1000000;
          TYPE = TWOLEVEL RANDOM;
          ALGORITHM = INTEGRATION;

  OUTPUT:
  	SAMPSTAT STDYX TECH1 CINT;

  MODEL:
  %WITHIN%
  	TRLATS on CANEVR;
  	TRLATS on  DEMMAL DEMAGE;	
  	TRLATS*;
  	CANEVR WITH DEMMAL*;
  	CANEVR WITH DEMAGE*;

  %BETWEEN%
  	TRLATS on CANEVRBW;
  	TRLATS*;

  PLOT:
  	TYPE = plot3;



INPUT READING TERMINATED NORMALLY



CANEVR_TRLATS_2;

SUMMARY OF ANALYSIS

Number of groups                                                 1
Number of observations                                         875

Number of dependent variables                                    1
Number of independent variables                                  4
Number of continuous latent variables                            0

Observed dependent variables

  Continuous
   TRLATS

Observed independent variables
   DEMAGE      DEMMAL      CANEVR      CANEVRBW

Variables with special functions

  Cluster variable      ID_FAM

  Within variables
   DEMAGE      DEMMAL      CANEVR

  Between variables
   CANEVRBW

  Centering (GRANDMEAN)
   DEMMAL      DEMAGE      CANEVRBW

  Centering (GROUPMEAN)
   CANEVR


Estimator                                                      MLR
Information matrix                                        OBSERVED
Optimization Specifications for the Quasi-Newton Algorithm for
Continuous Outcomes
  Maximum number of iterations                             1000000
  Convergence criterion                                  0.100D-05
Optimization Specifications for the EM Algorithm
  Maximum number of iterations                                 500
  Convergence criteria
    Loglikelihood change                                 0.100D-02
    Relative loglikelihood change                        0.100D-05
    Derivative                                           0.100D-02
Optimization Specifications for the M step of the EM Algorithm for
Categorical Latent variables
  Number of M step iterations                                    1
  M step convergence criterion                           0.100D-02
  Basis for M step termination                           ITERATION
Optimization Specifications for the M step of the EM Algorithm for
Censored, Binary or Ordered Categorical (Ordinal), Unordered
Categorical (Nominal) and Count Outcomes
  Number of M step iterations                                    1
  M step convergence criterion                           0.100D-02
  Basis for M step termination                           ITERATION
  Maximum value for logit thresholds                            15
  Minimum value for logit thresholds                           -15
  Minimum expected cell size for chi-square              0.100D-01
Maximum number of iterations for H1                           2000
Convergence criterion for H1                             0.100D-03
Optimization algorithm                                         EMA
Integration Specifications
  Type                                                    STANDARD
  Number of integration points                                  15
  Dimensions of numerical integration                            0
  Adaptive quadrature                                           ON
Cholesky                                                       OFF

Input data file(s)
  GD190618rr.csv
Input data format  FREE


SUMMARY OF DATA

     Number of missing data patterns             3
     Number of clusters                        474



COVARIANCE COVERAGE OF DATA

Minimum covariance coverage value   0.100


     PROPORTION OF DATA PRESENT FOR Y


           Covariance Coverage
              TRLATS        DEMAGE        DEMMAL        CANEVR        CANEVRBW
              ________      ________      ________      ________      ________
 TRLATS         0.904
 DEMAGE         0.904         0.999
 DEMMAL         0.904         0.999         0.999
 CANEVR         0.904         0.999         0.999         1.000
 CANEVRBW       0.904         0.999         0.999         1.000         1.000


SAMPLE STATISTICS


     ESTIMATED SAMPLE STATISTICS


           Means
              TRLATS        DEMAGE        DEMMAL        CANEVR        CANEVRBW
              ________      ________      ________      ________      ________
 1             51.208         0.000         0.000         0.000         0.000


           Covariances
              TRLATS        DEMAGE        DEMMAL        CANEVR        CANEVRBW
              ________      ________      ________      ________      ________
 TRLATS       133.336
 DEMAGE         0.841         7.039
 DEMMAL        -0.186        -0.130         0.236
 CANEVR         0.035        -0.069         0.008         0.027
 CANEVRBW       0.162        -0.060         0.008         0.000         0.032


           Correlations
              TRLATS        DEMAGE        DEMMAL        CANEVR        CANEVRBW
              ________      ________      ________      ________      ________
 TRLATS         1.000
 DEMAGE         0.027         1.000
 DEMMAL        -0.033        -0.101         1.000
 CANEVR         0.018        -0.157         0.099         1.000
 CANEVRBW       0.079        -0.126         0.094         0.000         1.000


     MAXIMUM LOG-LIKELIHOOD VALUE FOR THE UNRESTRICTED (H1) MODEL IS -5122.726


UNIVARIATE SAMPLE STATISTICS


     UNIVARIATE HIGHER-ORDER MOMENT DESCRIPTIVE STATISTICS

         Variable/         Mean/     Skewness/   Minimum/ % with                Percentiles
        Sample Size      Variance    Kurtosis    Maximum  Min/Max      20%/60%    40%/80%    Median

     TRLATS               51.166      -0.027       2.000    0.13%      42.000     49.000     51.000
             791.000     133.357       0.286      84.000    0.13%      53.000     60.000
     DEMAGE                0.000       0.529      -5.280    0.11%      -2.300     -0.940     -0.305
             874.000       7.039       0.002       9.740    0.11%       0.430      2.180
     DEMMAL                0.000      -0.490      -0.619   38.10%      -0.619      0.381      0.381
             874.000       0.236      -1.760       0.381   61.90%       0.381      0.381
     CANEVR                0.000      -0.380      -0.750    0.11%       0.000      0.000      0.000
             875.000       0.027       7.204       0.667    0.23%       0.000      0.000
     CANEVRBW              0.005      -3.327      -0.937    1.48%       0.063      0.063      0.063
             474.000       0.032      11.199       0.063   89.45%       0.063      0.063

     THE STANDARD ERRORS OF THE MODEL PARAMETER ESTIMATES MAY NOT BE
     TRUSTWORTHY FOR SOME PARAMETERS DUE TO A NON-POSITIVE DEFINITE
     FIRST-ORDER DERIVATIVE PRODUCT MATRIX.  THIS MAY BE DUE TO THE STARTING
     VALUES BUT MAY ALSO BE AN INDICATION OF MODEL NONIDENTIFICATION.  THE
     CONDITION NUMBER IS      -0.380D-19.  PROBLEM INVOLVING THE FOLLOWING PARAMETER:
     Parameter 3, %WITHIN%: [ CANEVR ]


THE MODEL ESTIMATION TERMINATED NORMALLY



MODEL FIT INFORMATION

Number of Free Parameters                       15

Loglikelihood

          H0 Value                       -5403.154
          H0 Scaling Correction Factor      1.4495
            for MLR

Information Criteria

          Akaike (AIC)                   10836.307
          Bayesian (BIC)                 10907.921
          Sample-Size Adjusted BIC       10860.284
            (n* = (n + 2) / 24)



MODEL RESULTS

                                                    Two-Tailed
                    Estimate       S.E.  Est./S.E.    P-Value

Within Level

 TRLATS     ON
    CANEVR             1.903      2.301      0.827      0.408
    DEMMAL            -0.983      0.874     -1.125      0.261
    DEMAGE             0.142      0.154      0.923      0.356

 CANEVR   WITH
    DEMMAL             0.007      0.003      2.199      0.028
    DEMAGE            -0.065      0.015     -4.191      0.000

 Means
    DEMAGE             0.000      0.100      0.000      1.000
    DEMMAL             0.000      0.017      0.000      1.000
    CANEVR             0.000      0.000    999.000    999.000

 Variances
    DEMAGE             7.039      0.329     21.411      0.000
    DEMMAL             0.236      0.004     56.785      0.000
    CANEVR             0.027      0.004      6.928      0.000

 Residual Variances
    TRLATS           118.029      8.950     13.188      0.000

Between Level

 TRLATS     ON
    CANEVRBW           5.553      2.531      2.193      0.028

 Intercepts
    TRLATS            51.207      0.429    119.227      0.000

 Residual Variances
    TRLATS            14.282      6.858      2.083      0.037


STANDARDIZED MODEL RESULTS


STDYX Standardization

                                                    Two-Tailed
                    Estimate       S.E.  Est./S.E.    P-Value

Within Level

 TRLATS     ON
    CANEVR             0.029      0.035      0.827      0.408
    DEMMAL            -0.044      0.039     -1.133      0.257
    DEMAGE             0.035      0.037      0.927      0.354

 CANEVR   WITH
    DEMMAL             0.084      0.037      2.272      0.023
    DEMAGE            -0.149      0.030     -4.999      0.000

 Means
    DEMAGE             0.000      0.038      0.000      1.000
    DEMMAL             0.000      0.036      0.000      1.000
    CANEVR             0.000      0.000    999.000    999.000

 Variances
    DEMAGE             1.000      0.000    999.000    999.000
    DEMMAL             1.000      0.000    999.000    999.000
    CANEVR             1.000      0.000    999.000    999.000

 Residual Variances
    TRLATS             0.997      0.004    232.997      0.000

Between Level

 TRLATS     ON
    CANEVRBW           0.256      0.119      2.151      0.032

 Intercepts
    TRLATS            13.098      2.980      4.395      0.000

 Residual Variances
    TRLATS             0.934      0.061     15.339      0.000


R-SQUARE

Within Level

    Observed                                        Two-Tailed
    Variable        Estimate       S.E.  Est./S.E.    P-Value

    TRLATS             0.003      0.004      0.807      0.420

Between Level

    Observed                                        Two-Tailed
    Variable        Estimate       S.E.  Est./S.E.    P-Value

    TRLATS             0.066      0.061      1.075      0.282


QUALITY OF NUMERICAL RESULTS

     Condition Number for the Information Matrix             -0.380E-19
       (ratio of smallest to largest eigenvalue)


CONFIDENCE INTERVALS OF MODEL RESULTS

                  Lower .5%  Lower 2.5%    Lower 5%    Estimate    Upper 5%  Upper 2.5%   Upper .5%

Within Level

 TRLATS   ON
    CANEVR          -4.024      -2.607      -1.882       1.903       5.689       6.414       7.831
    DEMMAL          -3.234      -2.696      -2.420      -0.983       0.454       0.730       1.268
    DEMAGE          -0.255      -0.160      -0.111       0.142       0.396       0.445       0.540

 CANEVR   WITH
    DEMMAL          -0.001       0.001       0.002       0.007       0.012       0.013       0.015
    DEMAGE          -0.105      -0.095      -0.090      -0.065      -0.039      -0.035      -0.025

 Means
    DEMAGE          -0.257      -0.196      -0.164       0.000       0.164       0.196       0.257
    DEMMAL          -0.045      -0.034      -0.029       0.000       0.029       0.034       0.045
    CANEVR           0.000       0.000       0.000       0.000       0.000       0.000       0.000

 Variances
    DEMAGE           6.192       6.394       6.498       7.039       7.579       7.683       7.885
    DEMMAL           0.225       0.228       0.229       0.236       0.243       0.244       0.247
    CANEVR           0.017       0.019       0.021       0.027       0.034       0.035       0.037

 Residual Variances
    TRLATS          94.976     100.487     103.306     118.029     132.751     135.570     141.082

Between Level

 TRLATS   ON
    CANEVRBW        -0.968       0.591       1.388       5.553       9.717      10.514      12.073

 Intercepts
    TRLATS          50.101      50.365      50.500      51.207      51.913      52.049      52.313

 Residual Variances
    TRLATS          -3.383       0.840       3.001      14.282      25.564      27.724      31.947


CONFIDENCE INTERVALS OF STANDARDIZED MODEL RESULTS


STDYX Standardization

                  Lower .5%  Lower 2.5%    Lower 5%    Estimate    Upper 5%  Upper 2.5%   Upper .5%

Within Level

 TRLATS   ON
    CANEVR          -0.061      -0.039      -0.028       0.029       0.086       0.097       0.118
    DEMMAL          -0.144      -0.120      -0.108      -0.044       0.020       0.032       0.056
    DEMAGE          -0.062      -0.039      -0.027       0.035       0.096       0.108       0.131

 CANEVR   WITH
    DEMMAL          -0.011       0.012       0.023       0.084       0.145       0.156       0.179
    DEMAGE          -0.225      -0.207      -0.198      -0.149      -0.100      -0.090      -0.072

 Means
    DEMAGE          -0.097      -0.074      -0.062       0.000       0.062       0.074       0.097
    DEMMAL          -0.093      -0.070      -0.059       0.000       0.059       0.070       0.093
    CANEVR           0.000       0.000       0.000       0.000       0.000       0.000       0.000

 Variances
    DEMAGE           1.000       1.000       1.000       1.000       1.000       1.000       1.000
    DEMMAL           1.000       1.000       1.000       1.000       1.000       1.000       1.000
    CANEVR           1.000       1.000       1.000       1.000       1.000       1.000       1.000

 Residual Variances
    TRLATS           0.986       0.988       0.990       0.997       1.004       1.005       1.008

Between Level

 TRLATS   ON
    CANEVRBW        -0.051       0.023       0.060       0.256       0.452       0.489       0.563

 Intercepts
    TRLATS           5.422       7.257       8.196      13.098      18.001      18.940      20.775

 Residual Variances
    TRLATS           0.778       0.815       0.834       0.934       1.035       1.054       1.091


TECHNICAL 1 OUTPUT


     PARAMETER SPECIFICATION FOR WITHIN


           NU
              TRLATS        DEMAGE        DEMMAL        CANEVR        CANEVRBW
              ________      ________      ________      ________      ________
 1                  0             0             0             0             0


           LAMBDA
              TRLATS        DEMAGE        DEMMAL        CANEVR        CANEVRBW
              ________      ________      ________      ________      ________
 TRLATS             0             0             0             0             0
 DEMAGE             0             0             0             0             0
 DEMMAL             0             0             0             0             0
 CANEVR             0             0             0             0             0
 CANEVRBW           0             0             0             0             0


           THETA
              TRLATS        DEMAGE        DEMMAL        CANEVR        CANEVRBW
              ________      ________      ________      ________      ________
 TRLATS             0
 DEMAGE             0             0
 DEMMAL             0             0             0
 CANEVR             0             0             0             0
 CANEVRBW           0             0             0             0             0


           ALPHA
              TRLATS        DEMAGE        DEMMAL        CANEVR        CANEVRBW
              ________      ________      ________      ________      ________
 1                  0             1             2             3             0


           BETA
              TRLATS        DEMAGE        DEMMAL        CANEVR        CANEVRBW
              ________      ________      ________      ________      ________
 TRLATS             0             4             5             6             0
 DEMAGE             0             0             0             0             0
 DEMMAL             0             0             0             0             0
 CANEVR             0             0             0             0             0
 CANEVRBW           0             0             0             0             0


           PSI
              TRLATS        DEMAGE        DEMMAL        CANEVR        CANEVRBW
              ________      ________      ________      ________      ________
 TRLATS             7
 DEMAGE             0             8
 DEMMAL             0             0             9
 CANEVR             0            10            11            12
 CANEVRBW           0             0             0             0             0


     PARAMETER SPECIFICATION FOR BETWEEN


           NU
              TRLATS        DEMAGE        DEMMAL        CANEVR        CANEVRBW
              ________      ________      ________      ________      ________
 1                  0             0             0             0             0


           LAMBDA
              TRLATS        DEMAGE        DEMMAL        CANEVR        CANEVRBW
              ________      ________      ________      ________      ________
 TRLATS             0             0             0             0             0
 DEMAGE             0             0             0             0             0
 DEMMAL             0             0             0             0             0
 CANEVR             0             0             0             0             0
 CANEVRBW           0             0             0             0             0


           THETA
              TRLATS        DEMAGE        DEMMAL        CANEVR        CANEVRBW
              ________      ________      ________      ________      ________
 TRLATS             0
 DEMAGE             0             0
 DEMMAL             0             0             0
 CANEVR             0             0             0             0
 CANEVRBW           0             0             0             0             0


           ALPHA
              TRLATS        DEMAGE        DEMMAL        CANEVR        CANEVRBW
              ________      ________      ________      ________      ________
 1                 13             0             0             0             0


           BETA
              TRLATS        DEMAGE        DEMMAL        CANEVR        CANEVRBW
              ________      ________      ________      ________      ________
 TRLATS             0             0             0             0            14
 DEMAGE             0             0             0             0             0
 DEMMAL             0             0             0             0             0
 CANEVR             0             0             0             0             0
 CANEVRBW           0             0             0             0             0


           PSI
              TRLATS        DEMAGE        DEMMAL        CANEVR        CANEVRBW
              ________      ________      ________      ________      ________
 TRLATS            15
 DEMAGE             0             0
 DEMMAL             0             0             0
 CANEVR             0             0             0             0
 CANEVRBW           0             0             0             0             0


     STARTING VALUES FOR WITHIN


           NU
              TRLATS        DEMAGE        DEMMAL        CANEVR        CANEVRBW
              ________      ________      ________      ________      ________
 1              0.000         0.000         0.000         0.000         0.000


           LAMBDA
              TRLATS        DEMAGE        DEMMAL        CANEVR        CANEVRBW
              ________      ________      ________      ________      ________
 TRLATS         1.000         0.000         0.000         0.000         0.000
 DEMAGE         0.000         1.000         0.000         0.000         0.000
 DEMMAL         0.000         0.000         1.000         0.000         0.000
 CANEVR         0.000         0.000         0.000         1.000         0.000
 CANEVRBW       0.000         0.000         0.000         0.000         1.000


           THETA
              TRLATS        DEMAGE        DEMMAL        CANEVR        CANEVRBW
              ________      ________      ________      ________      ________
 TRLATS         0.000
 DEMAGE         0.000         0.000
 DEMMAL         0.000         0.000         0.000
 CANEVR         0.000         0.000         0.000         0.000
 CANEVRBW       0.000         0.000         0.000         0.000         0.000


           ALPHA
              TRLATS        DEMAGE        DEMMAL        CANEVR        CANEVRBW
              ________      ________      ________      ________      ________
 1              0.000         0.000         0.000         0.000         0.000


           BETA
              TRLATS        DEMAGE        DEMMAL        CANEVR        CANEVRBW
              ________      ________      ________      ________      ________
 TRLATS         0.000         0.000         0.000         0.000         0.000
 DEMAGE         0.000         0.000         0.000         0.000         0.000
 DEMMAL         0.000         0.000         0.000         0.000         0.000
 CANEVR         0.000         0.000         0.000         0.000         0.000
 CANEVRBW       0.000         0.000         0.000         0.000         0.000


           PSI
              TRLATS        DEMAGE        DEMMAL        CANEVR        CANEVRBW
              ________      ________      ________      ________      ________
 TRLATS        66.678
 DEMAGE         0.000         3.519
 DEMMAL         0.000         0.000         0.118
 CANEVR         0.000         0.000         0.000         0.014
 CANEVRBW       0.000         0.000         0.000         0.000         0.000


     STARTING VALUES FOR BETWEEN


           NU
              TRLATS        DEMAGE        DEMMAL        CANEVR        CANEVRBW
              ________      ________      ________      ________      ________
 1              0.000         0.000         0.000         0.000         0.000


           LAMBDA
              TRLATS        DEMAGE        DEMMAL        CANEVR        CANEVRBW
              ________      ________      ________      ________      ________
 TRLATS         1.000         0.000         0.000         0.000         0.000
 DEMAGE         0.000         1.000         0.000         0.000         0.000
 DEMMAL         0.000         0.000         1.000         0.000         0.000
 CANEVR         0.000         0.000         0.000         1.000         0.000
 CANEVRBW       0.000         0.000         0.000         0.000         1.000


           THETA
              TRLATS        DEMAGE        DEMMAL        CANEVR        CANEVRBW
              ________      ________      ________      ________      ________
 TRLATS         0.000
 DEMAGE         0.000         0.000
 DEMMAL         0.000         0.000         0.000
 CANEVR         0.000         0.000         0.000         0.000
 CANEVRBW       0.000         0.000         0.000         0.000         0.000


           ALPHA
              TRLATS        DEMAGE        DEMMAL        CANEVR        CANEVRBW
              ________      ________      ________      ________      ________
 1             51.166         0.000         0.000         0.000         0.000


           BETA
              TRLATS        DEMAGE        DEMMAL        CANEVR        CANEVRBW
              ________      ________      ________      ________      ________
 TRLATS         0.000         0.000         0.000         0.000         0.000
 DEMAGE         0.000         0.000         0.000         0.000         0.000
 DEMMAL         0.000         0.000         0.000         0.000         0.000
 CANEVR         0.000         0.000         0.000         0.000         0.000
 CANEVRBW       0.000         0.000         0.000         0.000         0.000


           PSI
              TRLATS        DEMAGE        DEMMAL        CANEVR        CANEVRBW
              ________      ________      ________      ________      ________
 TRLATS        66.678
 DEMAGE         0.000         0.000
 DEMMAL         0.000         0.000         0.000
 CANEVR         0.000         0.000         0.000         0.000
 CANEVRBW       0.000         0.000         0.000         0.000         0.016


SAMPLE STATISTICS FOR ESTIMATED FACTOR SCORES


     SAMPLE STATISTICS


           Means
              B_TRLATS
              ________
 1             51.207


           Covariances
              B_TRLATS
              ________
 B_TRLATS       3.560


           Correlations
              B_TRLATS
              ________
 B_TRLATS       1.000


PLOT INFORMATION

The following plots are available:

  Histograms (sample values)
  Scatterplots (sample values)

     Beginning Time:  15:57:43
        Ending Time:  15:57:44
       Elapsed Time:  00:00:01



MUTHEN & MUTHEN
3463 Stoner Ave.
Los Angeles, CA  90066

Tel: (310) 391-9971
Fax: (310) 391-8971
Web: www.StatModel.com
Support: Support@StatModel.com

Copyright (c) 1998-2015 Muthen & Muthen
