Mplus VERSION 7.4 (Mac)
MUTHEN & MUTHEN
05/06/2020   3:57 PM

INPUT INSTRUCTIONS


  TITLE: CANF6M_CVLCOM_2;

  DATA:
  	FILE = GD190618rr.csv;

  VARIABLE:
  	NAMES =
  			ID_Fam   Wave     ID_MPL
  			DEMMAL   DEMAGE   DEMHSP   DEMRAC
  			SRPWCR
  			WASVCB   WASBLK   WASDGT   WSISUM
  			TRLATS   TRLBTS
  			CVLASF   CVLASC   CVLALF   CVLALC
  			CVLCOM
  			CANEVR   CANONS   CANFLF
  			CANFTY   CANF6M   CANAC6
  			CANYRS
  			ALCEVR   ALCONS   ALCFLF
  			ALCFTY   ALCF6M   ALCAC6
  			ALCYRS
  			SRPWCRDt WASVCBDt WASBLKDt
  			WASDGTDt WSISUMDt TRLATSDt
  			TRLBTSDt CVLASFDt CVLASCDt
  			CVLALFDt CVLALCDt CVLCOMDt
  		;
  	USEVARIABLES =
  		! outcome
    			CVLCOM
    		! covariates
    			DEMAGE
    			DEMMAL  		
    		! within predictor
    			CANF6M
    		! between predictor
    			CANF6MBW
    		;
    	USEOBSERVATION =
    			(Wave EQ 2 AND CVLCOMDt EQ 1)
    		;
    	CLUSTER =
    			ID_Fam
    		;
    	MISSING = .;
    	BETWEEN =   		
    			CANF6MBW
    		;
    	WITHIN  		
    			CANF6M
    			DEMAGE
    			DEMMAL
    		;  		

  DEFINE:
  	! CREATE BW FAM PREDICTOR
  		CANF6MBW = cluster_mean (CANF6M);
  	! CENTER WI FAM VARIABLES
  		CENTER CANF6M (GROUPMEAN);
  		CENTER DEMMAL (GRANDMEAN);
  		CENTER DEMAGE (GRANDMEAN);
  	! CENTER BW FAM VARIABLES
  		CENTER CANF6MBW (GRANDMEAN);

  ANALYSIS:
          ITERATIONS = 1000000;
          TYPE = TWOLEVEL RANDOM;
          ALGORITHM = INTEGRATION;

  OUTPUT:
  	SAMPSTAT STDYX TECH1 CINT;

  MODEL:
  %WITHIN%
  	CVLCOM on CANF6M;
  	CVLCOM on  DEMMAL DEMAGE;	
  	CVLCOM*;
  	CANF6M WITH DEMMAL*;
  	CANF6M WITH DEMAGE*;

  %BETWEEN%
  	CVLCOM on CANF6MBW;
  	CVLCOM*;

  PLOT:
  	TYPE = plot3;



INPUT READING TERMINATED NORMALLY



CANF6M_CVLCOM_2;

SUMMARY OF ANALYSIS

Number of groups                                                 1
Number of observations                                         415

Number of dependent variables                                    1
Number of independent variables                                  4
Number of continuous latent variables                            0

Observed dependent variables

  Continuous
   CVLCOM

Observed independent variables
   DEMAGE      DEMMAL      CANF6M      CANF6MBW

Variables with special functions

  Cluster variable      ID_FAM

  Within variables
   DEMAGE      DEMMAL      CANF6M

  Between variables
   CANF6MBW

  Centering (GRANDMEAN)
   DEMMAL      DEMAGE      CANF6MBW

  Centering (GROUPMEAN)
   CANF6M


Estimator                                                      MLR
Information matrix                                        OBSERVED
Optimization Specifications for the Quasi-Newton Algorithm for
Continuous Outcomes
  Maximum number of iterations                             1000000
  Convergence criterion                                  0.100D-05
Optimization Specifications for the EM Algorithm
  Maximum number of iterations                                 500
  Convergence criteria
    Loglikelihood change                                 0.100D-02
    Relative loglikelihood change                        0.100D-05
    Derivative                                           0.100D-02
Optimization Specifications for the M step of the EM Algorithm for
Categorical Latent variables
  Number of M step iterations                                    1
  M step convergence criterion                           0.100D-02
  Basis for M step termination                           ITERATION
Optimization Specifications for the M step of the EM Algorithm for
Censored, Binary or Ordered Categorical (Ordinal), Unordered
Categorical (Nominal) and Count Outcomes
  Number of M step iterations                                    1
  M step convergence criterion                           0.100D-02
  Basis for M step termination                           ITERATION
  Maximum value for logit thresholds                            15
  Minimum value for logit thresholds                           -15
  Minimum expected cell size for chi-square              0.100D-01
Maximum number of iterations for H1                           2000
Convergence criterion for H1                             0.100D-03
Optimization algorithm                                         EMA
Integration Specifications
  Type                                                    STANDARD
  Number of integration points                                  15
  Dimensions of numerical integration                            0
  Adaptive quadrature                                           ON
Cholesky                                                       OFF

Input data file(s)
  GD190618rr.csv
Input data format  FREE


SUMMARY OF DATA

     Number of missing data patterns             3
     Number of clusters                        224



COVARIANCE COVERAGE OF DATA

Minimum covariance coverage value   0.100


     PROPORTION OF DATA PRESENT FOR Y


           Covariance Coverage
              CVLCOM        DEMAGE        DEMMAL        CANF6M        CANF6MBW
              ________      ________      ________      ________      ________
 CVLCOM         0.834
 DEMAGE         0.834         0.998
 DEMMAL         0.834         0.998         0.998
 CANF6M         0.834         0.998         0.998         1.000
 CANF6MBW       0.834         0.998         0.998         1.000         1.000


SAMPLE STATISTICS


     ESTIMATED SAMPLE STATISTICS


           Means
              CVLCOM        DEMAGE        DEMMAL        CANF6M        CANF6MBW
              ________      ________      ________      ________      ________
 1              0.011         0.000         0.000         0.000         0.000


           Covariances
              CVLCOM        DEMAGE        DEMMAL        CANF6M        CANF6MBW
              ________      ________      ________      ________      ________
 CVLCOM         0.875
 DEMAGE        -0.064         6.702
 DEMMAL         0.036        -0.138         0.247
 CANF6M        -0.939        -1.158         0.427        49.611
 CANF6MBW       0.591        -0.949         0.891         0.000        87.241


           Correlations
              CVLCOM        DEMAGE        DEMMAL        CANF6M        CANF6MBW
              ________      ________      ________      ________      ________
 CVLCOM         1.000
 DEMAGE        -0.026         1.000
 DEMMAL         0.077        -0.107         1.000
 CANF6M        -0.143        -0.064         0.122         1.000
 CANF6MBW       0.068        -0.039         0.192         0.000         1.000


     MAXIMUM LOG-LIKELIHOOD VALUE FOR THE UNRESTRICTED (H1) MODEL IS -4642.797


UNIVARIATE SAMPLE STATISTICS


     UNIVARIATE HIGHER-ORDER MOMENT DESCRIPTIVE STATISTICS

         Variable/         Mean/     Skewness/   Minimum/ % with                Percentiles
        Sample Size      Variance    Kurtosis    Maximum  Min/Max      20%/60%    40%/80%    Median

     CVLCOM                0.010      -0.487      -3.928    0.29%      -0.803     -0.120      0.003
             346.000       0.875       0.327       1.964    0.87%       0.342      0.814
     DEMAGE                0.000       0.451      -5.391    0.24%      -2.321     -0.881     -0.171
             414.000       6.702      -0.101       7.639    0.24%       0.389      2.159
     DEMMAL                0.000      -0.204      -0.551   44.93%      -0.551     -0.551      0.449
             414.000       0.247      -1.958       0.449   55.07%       0.449      0.449
     CANF6M                0.000       0.170     -15.000    3.37%      -2.085      0.000      0.000
             415.000      49.611       1.002      20.000    0.48%       0.000      1.665
     CANF6MBW              0.240       1.010      -7.816   26.79%      -7.816     -7.231     -5.688
             224.000      95.304      -0.180      22.184    7.14%       0.514      7.184

     THE STANDARD ERRORS OF THE MODEL PARAMETER ESTIMATES MAY NOT BE
     TRUSTWORTHY FOR SOME PARAMETERS DUE TO A NON-POSITIVE DEFINITE
     FIRST-ORDER DERIVATIVE PRODUCT MATRIX.  THIS MAY BE DUE TO THE STARTING
     VALUES BUT MAY ALSO BE AN INDICATION OF MODEL NONIDENTIFICATION.  THE
     CONDITION NUMBER IS       0.577D-16.  PROBLEM INVOLVING THE FOLLOWING PARAMETER:
     Parameter 3, %WITHIN%: [ CANF6M ]


THE MODEL ESTIMATION TERMINATED NORMALLY



MODEL FIT INFORMATION

Number of Free Parameters                       15

Loglikelihood

          H0 Value                       -3136.040
          H0 Scaling Correction Factor      0.9911
            for MLR

Information Criteria

          Akaike (AIC)                    6302.079
          Bayesian (BIC)                  6362.504
          Sample-Size Adjusted BIC        6314.905
            (n* = (n + 2) / 24)



MODEL RESULTS

                                                    Two-Tailed
                    Estimate       S.E.  Est./S.E.    P-Value

Within Level

 CVLCOM     ON
    CANF6M            -0.020      0.006     -3.469      0.001
    DEMMAL             0.152      0.098      1.560      0.119
    DEMAGE            -0.004      0.020     -0.213      0.831

 CANF6M   WITH
    DEMMAL             0.408      0.152      2.686      0.007
    DEMAGE            -0.931      0.822     -1.132      0.258

 Means
    DEMAGE             0.000      0.137      0.003      0.998
    DEMMAL             0.000      0.027     -0.006      0.995
    CANF6M             0.000      0.000    999.000    999.000

 Variances
    DEMAGE             6.702      0.440     15.234      0.000
    DEMMAL             0.247      0.003     91.537      0.000
    CANF6M            49.548      5.810      8.528      0.000

 Residual Variances
    CVLCOM             0.733      0.110      6.635      0.000

Between Level

 CVLCOM     ON
    CANF6MBW           0.005      0.005      1.111      0.267

 Intercepts
    CVLCOM             0.011      0.053      0.202      0.840

 Residual Variances
    CVLCOM             0.117      0.082      1.438      0.151


STANDARDIZED MODEL RESULTS


STDYX Standardization

                                                    Two-Tailed
                    Estimate       S.E.  Est./S.E.    P-Value

Within Level

 CVLCOM     ON
    CANF6M            -0.161      0.047     -3.416      0.001
    DEMMAL             0.087      0.056      1.562      0.118
    DEMAGE            -0.013      0.060     -0.213      0.831

 CANF6M   WITH
    DEMMAL             0.117      0.041      2.815      0.005
    DEMAGE            -0.051      0.045     -1.137      0.255

 Means
    DEMAGE             0.000      0.053      0.003      0.998
    DEMMAL             0.000      0.054     -0.006      0.995
    CANF6M             0.000      0.000    999.000    999.000

 Variances
    DEMAGE             1.000      0.000    999.000    999.000
    DEMMAL             1.000      0.000    999.000    999.000
    CANF6M             1.000      0.000    999.000    999.000

 Residual Variances
    CVLCOM             0.970      0.017     58.630      0.000

Between Level

 CVLCOM     ON
    CANF6MBW           0.150      0.143      1.048      0.295

 Intercepts
    CVLCOM             0.031      0.153      0.201      0.841

 Residual Variances
    CVLCOM             0.978      0.043     22.863      0.000


R-SQUARE

Within Level

    Observed                                        Two-Tailed
    Variable        Estimate       S.E.  Est./S.E.    P-Value

    CVLCOM             0.030      0.017      1.821      0.069

Between Level

    Observed                                        Two-Tailed
    Variable        Estimate       S.E.  Est./S.E.    P-Value

    CVLCOM             0.022      0.043      0.524      0.600


QUALITY OF NUMERICAL RESULTS

     Condition Number for the Information Matrix              0.577E-16
       (ratio of smallest to largest eigenvalue)


CONFIDENCE INTERVALS OF MODEL RESULTS

                  Lower .5%  Lower 2.5%    Lower 5%    Estimate    Upper 5%  Upper 2.5%   Upper .5%

Within Level

 CVLCOM   ON
    CANF6M          -0.035      -0.031      -0.029      -0.020      -0.010      -0.009      -0.005
    DEMMAL          -0.099      -0.039      -0.008       0.152       0.313       0.344       0.404
    DEMAGE          -0.056      -0.044      -0.038      -0.004       0.029       0.035       0.048

 CANF6M   WITH
    DEMMAL           0.017       0.110       0.158       0.408       0.658       0.706       0.799
    DEMAGE          -3.049      -2.542      -2.283      -0.931       0.422       0.681       1.187

 Means
    DEMAGE          -0.352      -0.268      -0.225       0.000       0.226       0.269       0.353
    DEMMAL          -0.069      -0.052      -0.044       0.000       0.044       0.052       0.068
    CANF6M           0.000       0.000       0.000       0.000       0.000       0.000       0.000

 Variances
    DEMAGE           5.569       5.840       5.979       6.702       7.426       7.565       7.836
    DEMMAL           0.240       0.242       0.243       0.247       0.252       0.253       0.254
    CANF6M          34.583      38.161      39.991      49.548      59.106      60.936      64.514

 Residual Variances
    CVLCOM           0.448       0.516       0.551       0.733       0.915       0.949       1.017

Between Level

 CVLCOM   ON
    CANF6MBW        -0.007      -0.004      -0.003       0.005       0.013       0.015       0.018

 Intercepts
    CVLCOM          -0.125      -0.093      -0.076       0.011       0.097       0.114       0.146

 Residual Variances
    CVLCOM          -0.093      -0.043      -0.017       0.117       0.251       0.277       0.327


CONFIDENCE INTERVALS OF STANDARDIZED MODEL RESULTS


STDYX Standardization

                  Lower .5%  Lower 2.5%    Lower 5%    Estimate    Upper 5%  Upper 2.5%   Upper .5%

Within Level

 CVLCOM   ON
    CANF6M          -0.282      -0.253      -0.238      -0.161      -0.083      -0.068      -0.040
    DEMMAL          -0.057      -0.022      -0.005       0.087       0.179       0.197       0.231
    DEMAGE          -0.168      -0.131      -0.112      -0.013       0.086       0.105       0.142

 CANF6M   WITH
    DEMMAL           0.010       0.035       0.048       0.117       0.185       0.198       0.223
    DEMAGE          -0.167      -0.139      -0.125      -0.051       0.023       0.037       0.065

 Means
    DEMAGE          -0.136      -0.103      -0.087       0.000       0.087       0.104       0.136
    DEMMAL          -0.138      -0.105      -0.088       0.000       0.088       0.105       0.138
    CANF6M           0.000       0.000       0.000       0.000       0.000       0.000       0.000

 Variances
    DEMAGE           1.000       1.000       1.000       1.000       1.000       1.000       1.000
    DEMMAL           1.000       1.000       1.000       1.000       1.000       1.000       1.000
    CANF6M           1.000       1.000       1.000       1.000       1.000       1.000       1.000

 Residual Variances
    CVLCOM           0.927       0.937       0.943       0.970       0.997       1.002       1.012

Between Level

 CVLCOM   ON
    CANF6MBW        -0.218      -0.130      -0.085       0.150       0.385       0.430       0.518

 Intercepts
    CVLCOM          -0.362      -0.269      -0.220       0.031       0.282       0.330       0.424

 Residual Variances
    CVLCOM           0.867       0.894       0.907       0.978       1.048       1.061       1.088


TECHNICAL 1 OUTPUT


     PARAMETER SPECIFICATION FOR WITHIN


           NU
              CVLCOM        DEMAGE        DEMMAL        CANF6M        CANF6MBW
              ________      ________      ________      ________      ________
 1                  0             0             0             0             0


           LAMBDA
              CVLCOM        DEMAGE        DEMMAL        CANF6M        CANF6MBW
              ________      ________      ________      ________      ________
 CVLCOM             0             0             0             0             0
 DEMAGE             0             0             0             0             0
 DEMMAL             0             0             0             0             0
 CANF6M             0             0             0             0             0
 CANF6MBW           0             0             0             0             0


           THETA
              CVLCOM        DEMAGE        DEMMAL        CANF6M        CANF6MBW
              ________      ________      ________      ________      ________
 CVLCOM             0
 DEMAGE             0             0
 DEMMAL             0             0             0
 CANF6M             0             0             0             0
 CANF6MBW           0             0             0             0             0


           ALPHA
              CVLCOM        DEMAGE        DEMMAL        CANF6M        CANF6MBW
              ________      ________      ________      ________      ________
 1                  0             1             2             3             0


           BETA
              CVLCOM        DEMAGE        DEMMAL        CANF6M        CANF6MBW
              ________      ________      ________      ________      ________
 CVLCOM             0             4             5             6             0
 DEMAGE             0             0             0             0             0
 DEMMAL             0             0             0             0             0
 CANF6M             0             0             0             0             0
 CANF6MBW           0             0             0             0             0


           PSI
              CVLCOM        DEMAGE        DEMMAL        CANF6M        CANF6MBW
              ________      ________      ________      ________      ________
 CVLCOM             7
 DEMAGE             0             8
 DEMMAL             0             0             9
 CANF6M             0            10            11            12
 CANF6MBW           0             0             0             0             0


     PARAMETER SPECIFICATION FOR BETWEEN


           NU
              CVLCOM        DEMAGE        DEMMAL        CANF6M        CANF6MBW
              ________      ________      ________      ________      ________
 1                  0             0             0             0             0


           LAMBDA
              CVLCOM        DEMAGE        DEMMAL        CANF6M        CANF6MBW
              ________      ________      ________      ________      ________
 CVLCOM             0             0             0             0             0
 DEMAGE             0             0             0             0             0
 DEMMAL             0             0             0             0             0
 CANF6M             0             0             0             0             0
 CANF6MBW           0             0             0             0             0


           THETA
              CVLCOM        DEMAGE        DEMMAL        CANF6M        CANF6MBW
              ________      ________      ________      ________      ________
 CVLCOM             0
 DEMAGE             0             0
 DEMMAL             0             0             0
 CANF6M             0             0             0             0
 CANF6MBW           0             0             0             0             0


           ALPHA
              CVLCOM        DEMAGE        DEMMAL        CANF6M        CANF6MBW
              ________      ________      ________      ________      ________
 1                 13             0             0             0             0


           BETA
              CVLCOM        DEMAGE        DEMMAL        CANF6M        CANF6MBW
              ________      ________      ________      ________      ________
 CVLCOM             0             0             0             0            14
 DEMAGE             0             0             0             0             0
 DEMMAL             0             0             0             0             0
 CANF6M             0             0             0             0             0
 CANF6MBW           0             0             0             0             0


           PSI
              CVLCOM        DEMAGE        DEMMAL        CANF6M        CANF6MBW
              ________      ________      ________      ________      ________
 CVLCOM            15
 DEMAGE             0             0
 DEMMAL             0             0             0
 CANF6M             0             0             0             0
 CANF6MBW           0             0             0             0             0


     STARTING VALUES FOR WITHIN


           NU
              CVLCOM        DEMAGE        DEMMAL        CANF6M        CANF6MBW
              ________      ________      ________      ________      ________
 1              0.000         0.000         0.000         0.000         0.000


           LAMBDA
              CVLCOM        DEMAGE        DEMMAL        CANF6M        CANF6MBW
              ________      ________      ________      ________      ________
 CVLCOM         1.000         0.000         0.000         0.000         0.000
 DEMAGE         0.000         1.000         0.000         0.000         0.000
 DEMMAL         0.000         0.000         1.000         0.000         0.000
 CANF6M         0.000         0.000         0.000         1.000         0.000
 CANF6MBW       0.000         0.000         0.000         0.000         1.000


           THETA
              CVLCOM        DEMAGE        DEMMAL        CANF6M        CANF6MBW
              ________      ________      ________      ________      ________
 CVLCOM         0.000
 DEMAGE         0.000         0.000
 DEMMAL         0.000         0.000         0.000
 CANF6M         0.000         0.000         0.000         0.000
 CANF6MBW       0.000         0.000         0.000         0.000         0.000


           ALPHA
              CVLCOM        DEMAGE        DEMMAL        CANF6M        CANF6MBW
              ________      ________      ________      ________      ________
 1              0.000         0.000         0.000         0.000         0.000


           BETA
              CVLCOM        DEMAGE        DEMMAL        CANF6M        CANF6MBW
              ________      ________      ________      ________      ________
 CVLCOM         0.000         0.000         0.000         0.000         0.000
 DEMAGE         0.000         0.000         0.000         0.000         0.000
 DEMMAL         0.000         0.000         0.000         0.000         0.000
 CANF6M         0.000         0.000         0.000         0.000         0.000
 CANF6MBW       0.000         0.000         0.000         0.000         0.000


           PSI
              CVLCOM        DEMAGE        DEMMAL        CANF6M        CANF6MBW
              ________      ________      ________      ________      ________
 CVLCOM         0.437
 DEMAGE         0.000         3.351
 DEMMAL         0.000         0.000         0.124
 CANF6M         0.000         0.000         0.000        24.806
 CANF6MBW       0.000         0.000         0.000         0.000         0.000


     STARTING VALUES FOR BETWEEN


           NU
              CVLCOM        DEMAGE        DEMMAL        CANF6M        CANF6MBW
              ________      ________      ________      ________      ________
 1              0.000         0.000         0.000         0.000         0.000


           LAMBDA
              CVLCOM        DEMAGE        DEMMAL        CANF6M        CANF6MBW
              ________      ________      ________      ________      ________
 CVLCOM         1.000         0.000         0.000         0.000         0.000
 DEMAGE         0.000         1.000         0.000         0.000         0.000
 DEMMAL         0.000         0.000         1.000         0.000         0.000
 CANF6M         0.000         0.000         0.000         1.000         0.000
 CANF6MBW       0.000         0.000         0.000         0.000         1.000


           THETA
              CVLCOM        DEMAGE        DEMMAL        CANF6M        CANF6MBW
              ________      ________      ________      ________      ________
 CVLCOM         0.000
 DEMAGE         0.000         0.000
 DEMMAL         0.000         0.000         0.000
 CANF6M         0.000         0.000         0.000         0.000
 CANF6MBW       0.000         0.000         0.000         0.000         0.000


           ALPHA
              CVLCOM        DEMAGE        DEMMAL        CANF6M        CANF6MBW
              ________      ________      ________      ________      ________
 1              0.010         0.000         0.000         0.000         0.000


           BETA
              CVLCOM        DEMAGE        DEMMAL        CANF6M        CANF6MBW
              ________      ________      ________      ________      ________
 CVLCOM         0.000         0.000         0.000         0.000         0.000
 DEMAGE         0.000         0.000         0.000         0.000         0.000
 DEMMAL         0.000         0.000         0.000         0.000         0.000
 CANF6M         0.000         0.000         0.000         0.000         0.000
 CANF6MBW       0.000         0.000         0.000         0.000         0.000


           PSI
              CVLCOM        DEMAGE        DEMMAL        CANF6M        CANF6MBW
              ________      ________      ________      ________      ________
 CVLCOM         0.437
 DEMAGE         0.000         0.000
 DEMMAL         0.000         0.000         0.000
 CANF6M         0.000         0.000         0.000         0.000
 CANF6MBW       0.000         0.000         0.000         0.000        43.620


SAMPLE STATISTICS FOR ESTIMATED FACTOR SCORES


     SAMPLE STATISTICS


           Means
              B_CVLCOM
              ________
 1              0.010


           Covariances
              B_CVLCOM
              ________
 B_CVLCOM       0.026


           Correlations
              B_CVLCOM
              ________
 B_CVLCOM       1.000


PLOT INFORMATION

The following plots are available:

  Histograms (sample values)
  Scatterplots (sample values)

     Beginning Time:  15:57:51
        Ending Time:  15:57:51
       Elapsed Time:  00:00:00



MUTHEN & MUTHEN
3463 Stoner Ave.
Los Angeles, CA  90066

Tel: (310) 391-9971
Fax: (310) 391-8971
Web: www.StatModel.com
Support: Support@StatModel.com

Copyright (c) 1998-2015 Muthen & Muthen
