Mplus VERSION 7.4 (Mac)
MUTHEN & MUTHEN
05/06/2020   3:58 PM

INPUT INSTRUCTIONS


  TITLE: CANFLF_CVLCOM_2;

  DATA:
  	FILE = GD190618rr.csv;

  VARIABLE:
  	NAMES =
  			ID_Fam   Wave     ID_MPL
  			DEMMAL   DEMAGE   DEMHSP   DEMRAC
  			SRPWCR
  			WASVCB   WASBLK   WASDGT   WSISUM
  			TRLATS   TRLBTS
  			CVLASF   CVLASC   CVLALF   CVLALC
  			CVLCOM
  			CANEVR   CANONS   CANFLF
  			CANFTY   CANF6M   CANAC6
  			CANYRS
  			ALCEVR   ALCONS   ALCFLF
  			ALCFTY   ALCF6M   ALCAC6
  			ALCYRS
  			SRPWCRDt WASVCBDt WASBLKDt
  			WASDGTDt WSISUMDt TRLATSDt
  			TRLBTSDt CVLASFDt CVLASCDt
  			CVLALFDt CVLALCDt CVLCOMDt
  		;
  	USEVARIABLES =
  		! outcome
    			CVLCOM
    		! covariates
    			DEMAGE
    			DEMMAL  		
    		! within predictor
    			CANFLF
    		! between predictor
    			CANFLFBW
    		;
    	USEOBSERVATION =
    			(Wave EQ 2 AND CVLCOMDt EQ 1)
    		;
    	CLUSTER =
    			ID_Fam
    		;
    	MISSING = .;
    	BETWEEN =   		
    			CANFLFBW
    		;
    	WITHIN  		
    			CANFLF
    			DEMAGE
    			DEMMAL
    		;  		

  DEFINE:
  	! CREATE BW FAM PREDICTOR
  		CANFLFBW = cluster_mean (CANFLF);
  	! CENTER WI FAM VARIABLES
  		CENTER CANFLF (GROUPMEAN);
  		CENTER DEMMAL (GRANDMEAN);
  		CENTER DEMAGE (GRANDMEAN);
  	! CENTER BW FAM VARIABLES
  		CENTER CANFLFBW (GRANDMEAN);

  ANALYSIS:
          ITERATIONS = 1000000;
          TYPE = TWOLEVEL RANDOM;
          ALGORITHM = INTEGRATION;

  OUTPUT:
  	SAMPSTAT STDYX TECH1 CINT;

  MODEL:
  %WITHIN%
  	CVLCOM on CANFLF;
  	CVLCOM on  DEMMAL DEMAGE;	
  	CVLCOM*;
  	CANFLF WITH DEMMAL*;
  	CANFLF WITH DEMAGE*;

  %BETWEEN%
  	CVLCOM on CANFLFBW;
  	CVLCOM*;

  PLOT:
  	TYPE = plot3;



INPUT READING TERMINATED NORMALLY



CANFLF_CVLCOM_2;

SUMMARY OF ANALYSIS

Number of groups                                                 1
Number of observations                                         415

Number of dependent variables                                    1
Number of independent variables                                  4
Number of continuous latent variables                            0

Observed dependent variables

  Continuous
   CVLCOM

Observed independent variables
   DEMAGE      DEMMAL      CANFLF      CANFLFBW

Variables with special functions

  Cluster variable      ID_FAM

  Within variables
   DEMAGE      DEMMAL      CANFLF

  Between variables
   CANFLFBW

  Centering (GRANDMEAN)
   DEMMAL      DEMAGE      CANFLFBW

  Centering (GROUPMEAN)
   CANFLF


Estimator                                                      MLR
Information matrix                                        OBSERVED
Optimization Specifications for the Quasi-Newton Algorithm for
Continuous Outcomes
  Maximum number of iterations                             1000000
  Convergence criterion                                  0.100D-05
Optimization Specifications for the EM Algorithm
  Maximum number of iterations                                 500
  Convergence criteria
    Loglikelihood change                                 0.100D-02
    Relative loglikelihood change                        0.100D-05
    Derivative                                           0.100D-02
Optimization Specifications for the M step of the EM Algorithm for
Categorical Latent variables
  Number of M step iterations                                    1
  M step convergence criterion                           0.100D-02
  Basis for M step termination                           ITERATION
Optimization Specifications for the M step of the EM Algorithm for
Censored, Binary or Ordered Categorical (Ordinal), Unordered
Categorical (Nominal) and Count Outcomes
  Number of M step iterations                                    1
  M step convergence criterion                           0.100D-02
  Basis for M step termination                           ITERATION
  Maximum value for logit thresholds                            15
  Minimum value for logit thresholds                           -15
  Minimum expected cell size for chi-square              0.100D-01
Maximum number of iterations for H1                           2000
Convergence criterion for H1                             0.100D-03
Optimization algorithm                                         EMA
Integration Specifications
  Type                                                    STANDARD
  Number of integration points                                  15
  Dimensions of numerical integration                            0
  Adaptive quadrature                                           ON
Cholesky                                                       OFF

Input data file(s)
  GD190618rr.csv
Input data format  FREE


SUMMARY OF DATA

     Number of missing data patterns             3
     Number of clusters                        224



COVARIANCE COVERAGE OF DATA

Minimum covariance coverage value   0.100


     PROPORTION OF DATA PRESENT FOR Y


           Covariance Coverage
              CVLCOM        DEMAGE        DEMMAL        CANFLF        CANFLFBW
              ________      ________      ________      ________      ________
 CVLCOM         0.834
 DEMAGE         0.834         0.998
 DEMMAL         0.834         0.998         0.998
 CANFLF         0.834         0.998         0.998         1.000
 CANFLFBW       0.834         0.998         0.998         1.000         1.000


SAMPLE STATISTICS


     ESTIMATED SAMPLE STATISTICS


           Means
              CVLCOM        DEMAGE        DEMMAL        CANFLF        CANFLFBW
              ________      ________      ________      ________      ________
 1              0.006         0.000         0.000         0.000         0.000


           Covariances
              CVLCOM        DEMAGE        DEMMAL        CANFLF        CANFLFBW
              ________      ________      ________      ________      ________
 CVLCOM         0.875
 DEMAGE        -0.067         6.702
 DEMMAL         0.035        -0.138         0.247
 CANFLF        -0.513        -5.959         1.149       180.979
 CANFLFBW       0.856        -0.819         1.669         0.000       275.826


           Correlations
              CVLCOM        DEMAGE        DEMMAL        CANFLF        CANFLFBW
              ________      ________      ________      ________      ________
 CVLCOM         1.000
 DEMAGE        -0.028         1.000
 DEMMAL         0.076        -0.107         1.000
 CANFLF        -0.041        -0.171         0.172         1.000
 CANFLFBW       0.055        -0.019         0.202         0.000         1.000


     MAXIMUM LOG-LIKELIHOOD VALUE FOR THE UNRESTRICTED (H1) MODEL IS -5145.380


UNIVARIATE SAMPLE STATISTICS


     UNIVARIATE HIGHER-ORDER MOMENT DESCRIPTIVE STATISTICS

         Variable/         Mean/     Skewness/   Minimum/ % with                Percentiles
        Sample Size      Variance    Kurtosis    Maximum  Min/Max      20%/60%    40%/80%    Median

     CVLCOM                0.010      -0.487      -3.928    0.29%      -0.803     -0.120      0.003
             346.000       0.875       0.327       1.964    0.87%       0.342      0.814
     DEMAGE                0.000       0.451      -5.391    0.24%      -2.321     -0.881     -0.171
             414.000       6.702      -0.101       7.639    0.24%       0.389      2.159
     DEMMAL                0.000      -0.204      -0.551   44.93%      -0.551     -0.551      0.449
             414.000       0.247      -1.958       0.449   55.07%       0.449      0.449
     CANFLF                0.000       0.035     -40.000    0.24%       0.000      0.000      0.000
             415.000     180.979       1.202      38.667    0.48%       0.000      0.000
     CANFLFBW              0.577      -1.314     -48.380    1.34%     -17.630     11.620     11.620
             224.000     280.825       0.617      11.620   64.29%      11.620     11.620

     THE STANDARD ERRORS OF THE MODEL PARAMETER ESTIMATES MAY NOT BE
     TRUSTWORTHY FOR SOME PARAMETERS DUE TO A NON-POSITIVE DEFINITE
     FIRST-ORDER DERIVATIVE PRODUCT MATRIX.  THIS MAY BE DUE TO THE STARTING
     VALUES BUT MAY ALSO BE AN INDICATION OF MODEL NONIDENTIFICATION.  THE
     CONDITION NUMBER IS       0.521D-16.  PROBLEM INVOLVING THE FOLLOWING PARAMETER:
     Parameter 3, %WITHIN%: [ CANFLF ]


THE MODEL ESTIMATION TERMINATED NORMALLY



MODEL FIT INFORMATION

Number of Free Parameters                       15

Loglikelihood

          H0 Value                       -3401.014
          H0 Scaling Correction Factor      1.0599
            for MLR

Information Criteria

          Akaike (AIC)                    6832.029
          Bayesian (BIC)                  6892.453
          Sample-Size Adjusted BIC        6844.854
            (n* = (n + 2) / 24)



MODEL RESULTS

                                                    Two-Tailed
                    Estimate       S.E.  Est./S.E.    P-Value

Within Level

 CVLCOM     ON
    CANFLF            -0.003      0.004     -0.916      0.360
    DEMMAL             0.132      0.102      1.300      0.194
    DEMAGE            -0.006      0.021     -0.273      0.785

 CANFLF   WITH
    DEMMAL             1.038      0.333      3.116      0.002
    DEMAGE            -5.382      1.733     -3.105      0.002

 Means
    DEMAGE             0.000      0.137      0.000      1.000
    DEMMAL             0.000      0.027      0.000      1.000
    CANFLF             0.000      0.000      0.738      0.461

 Variances
    DEMAGE             6.702      0.440     15.234      0.000
    DEMMAL             0.247      0.003     91.508      0.000
    CANFLF           180.052     21.781      8.267      0.000

 Residual Variances
    CVLCOM             0.763      0.112      6.816      0.000

Between Level

 CVLCOM     ON
    CANFLFBW           0.002      0.003      0.852      0.394

 Intercepts
    CVLCOM             0.005      0.053      0.101      0.919

 Residual Variances
    CVLCOM             0.106      0.082      1.299      0.194


STANDARDIZED MODEL RESULTS


STDYX Standardization

                                                    Two-Tailed
                    Estimate       S.E.  Est./S.E.    P-Value

Within Level

 CVLCOM     ON
    CANFLF            -0.053      0.059     -0.899      0.369
    DEMMAL             0.075      0.058      1.299      0.194
    DEMAGE            -0.017      0.062     -0.272      0.785

 CANFLF   WITH
    DEMMAL             0.156      0.048      3.233      0.001
    DEMAGE            -0.155      0.046     -3.345      0.001

 Means
    DEMAGE             0.000      0.053      0.000      1.000
    DEMMAL             0.000      0.054      0.000      1.000
    CANFLF             0.000      0.000    999.000    999.000

 Variances
    DEMAGE             1.000      0.000    999.000    999.000
    DEMMAL             1.000      0.000    999.000    999.000
    CANFLF             1.000      0.000    999.000    999.000

 Residual Variances
    CVLCOM             0.993      0.010    100.806      0.000

Between Level

 CVLCOM     ON
    CANFLFBW           0.126      0.148      0.852      0.394

 Intercepts
    CVLCOM             0.016      0.161      0.101      0.920

 Residual Variances
    CVLCOM             0.984      0.037     26.346      0.000


R-SQUARE

Within Level

    Observed                                        Two-Tailed
    Variable        Estimate       S.E.  Est./S.E.    P-Value

    CVLCOM             0.007      0.010      0.730      0.465

Between Level

    Observed                                        Two-Tailed
    Variable        Estimate       S.E.  Est./S.E.    P-Value

    CVLCOM             0.016      0.037      0.426      0.670


QUALITY OF NUMERICAL RESULTS

     Condition Number for the Information Matrix              0.521E-16
       (ratio of smallest to largest eigenvalue)


CONFIDENCE INTERVALS OF MODEL RESULTS

                  Lower .5%  Lower 2.5%    Lower 5%    Estimate    Upper 5%  Upper 2.5%   Upper .5%

Within Level

 CVLCOM   ON
    CANFLF          -0.013      -0.011      -0.010      -0.003       0.003       0.004       0.006
    DEMMAL          -0.130      -0.067      -0.035       0.132       0.300       0.332       0.394
    DEMAGE          -0.059      -0.047      -0.040      -0.006       0.029       0.035       0.048

 CANFLF   WITH
    DEMMAL           0.180       0.385       0.490       1.038       1.586       1.691       1.897
    DEMAGE          -9.847      -8.779      -8.233      -5.382      -2.530      -1.984      -0.917

 Means
    DEMAGE          -0.353      -0.268      -0.225       0.000       0.225       0.268       0.353
    DEMMAL          -0.069      -0.052      -0.044       0.000       0.044       0.052       0.069
    CANFLF           0.000       0.000       0.000       0.000       0.000       0.000       0.000

 Variances
    DEMAGE           5.569       5.840       5.978       6.702       7.426       7.564       7.835
    DEMMAL           0.240       0.242       0.243       0.247       0.252       0.253       0.254
    CANFLF         123.949     137.362     144.223     180.052     215.882     222.743     236.156

 Residual Variances
    CVLCOM           0.475       0.544       0.579       0.763       0.947       0.982       1.051

Between Level

 CVLCOM   ON
    CANFLFBW        -0.005      -0.003      -0.002       0.002       0.007       0.008       0.010

 Intercepts
    CVLCOM          -0.130      -0.098      -0.081       0.005       0.092       0.109       0.141

 Residual Variances
    CVLCOM          -0.104      -0.054      -0.028       0.106       0.240       0.266       0.316


CONFIDENCE INTERVALS OF STANDARDIZED MODEL RESULTS


STDYX Standardization

                  Lower .5%  Lower 2.5%    Lower 5%    Estimate    Upper 5%  Upper 2.5%   Upper .5%

Within Level

 CVLCOM   ON
    CANFLF          -0.204      -0.168      -0.149      -0.053       0.044       0.062       0.098
    DEMMAL          -0.074      -0.038      -0.020       0.075       0.170       0.188       0.224
    DEMAGE          -0.176      -0.138      -0.118      -0.017       0.085       0.104       0.142

 CANFLF   WITH
    DEMMAL           0.032       0.061       0.076       0.156       0.235       0.250       0.279
    DEMAGE          -0.274      -0.246      -0.231      -0.155      -0.079      -0.064      -0.036

 Means
    DEMAGE          -0.136      -0.104      -0.087       0.000       0.087       0.104       0.136
    DEMMAL          -0.138      -0.105      -0.088       0.000       0.088       0.105       0.138
    CANFLF           0.000       0.000       0.000       0.000       0.000       0.000       0.000

 Variances
    DEMAGE           1.000       1.000       1.000       1.000       1.000       1.000       1.000
    DEMMAL           1.000       1.000       1.000       1.000       1.000       1.000       1.000
    CANFLF           1.000       1.000       1.000       1.000       1.000       1.000       1.000

 Residual Variances
    CVLCOM           0.967       0.974       0.977       0.993       1.009       1.012       1.018

Between Level

 CVLCOM   ON
    CANFLFBW        -0.255      -0.164      -0.117       0.126       0.370       0.416       0.507

 Intercepts
    CVLCOM          -0.398      -0.299      -0.249       0.016       0.281       0.332       0.431

 Residual Variances
    CVLCOM           0.888       0.911       0.923       0.984       1.046       1.057       1.080


TECHNICAL 1 OUTPUT


     PARAMETER SPECIFICATION FOR WITHIN


           NU
              CVLCOM        DEMAGE        DEMMAL        CANFLF        CANFLFBW
              ________      ________      ________      ________      ________
 1                  0             0             0             0             0


           LAMBDA
              CVLCOM        DEMAGE        DEMMAL        CANFLF        CANFLFBW
              ________      ________      ________      ________      ________
 CVLCOM             0             0             0             0             0
 DEMAGE             0             0             0             0             0
 DEMMAL             0             0             0             0             0
 CANFLF             0             0             0             0             0
 CANFLFBW           0             0             0             0             0


           THETA
              CVLCOM        DEMAGE        DEMMAL        CANFLF        CANFLFBW
              ________      ________      ________      ________      ________
 CVLCOM             0
 DEMAGE             0             0
 DEMMAL             0             0             0
 CANFLF             0             0             0             0
 CANFLFBW           0             0             0             0             0


           ALPHA
              CVLCOM        DEMAGE        DEMMAL        CANFLF        CANFLFBW
              ________      ________      ________      ________      ________
 1                  0             1             2             3             0


           BETA
              CVLCOM        DEMAGE        DEMMAL        CANFLF        CANFLFBW
              ________      ________      ________      ________      ________
 CVLCOM             0             4             5             6             0
 DEMAGE             0             0             0             0             0
 DEMMAL             0             0             0             0             0
 CANFLF             0             0             0             0             0
 CANFLFBW           0             0             0             0             0


           PSI
              CVLCOM        DEMAGE        DEMMAL        CANFLF        CANFLFBW
              ________      ________      ________      ________      ________
 CVLCOM             7
 DEMAGE             0             8
 DEMMAL             0             0             9
 CANFLF             0            10            11            12
 CANFLFBW           0             0             0             0             0


     PARAMETER SPECIFICATION FOR BETWEEN


           NU
              CVLCOM        DEMAGE        DEMMAL        CANFLF        CANFLFBW
              ________      ________      ________      ________      ________
 1                  0             0             0             0             0


           LAMBDA
              CVLCOM        DEMAGE        DEMMAL        CANFLF        CANFLFBW
              ________      ________      ________      ________      ________
 CVLCOM             0             0             0             0             0
 DEMAGE             0             0             0             0             0
 DEMMAL             0             0             0             0             0
 CANFLF             0             0             0             0             0
 CANFLFBW           0             0             0             0             0


           THETA
              CVLCOM        DEMAGE        DEMMAL        CANFLF        CANFLFBW
              ________      ________      ________      ________      ________
 CVLCOM             0
 DEMAGE             0             0
 DEMMAL             0             0             0
 CANFLF             0             0             0             0
 CANFLFBW           0             0             0             0             0


           ALPHA
              CVLCOM        DEMAGE        DEMMAL        CANFLF        CANFLFBW
              ________      ________      ________      ________      ________
 1                 13             0             0             0             0


           BETA
              CVLCOM        DEMAGE        DEMMAL        CANFLF        CANFLFBW
              ________      ________      ________      ________      ________
 CVLCOM             0             0             0             0            14
 DEMAGE             0             0             0             0             0
 DEMMAL             0             0             0             0             0
 CANFLF             0             0             0             0             0
 CANFLFBW           0             0             0             0             0


           PSI
              CVLCOM        DEMAGE        DEMMAL        CANFLF        CANFLFBW
              ________      ________      ________      ________      ________
 CVLCOM            15
 DEMAGE             0             0
 DEMMAL             0             0             0
 CANFLF             0             0             0             0
 CANFLFBW           0             0             0             0             0


     STARTING VALUES FOR WITHIN


           NU
              CVLCOM        DEMAGE        DEMMAL        CANFLF        CANFLFBW
              ________      ________      ________      ________      ________
 1              0.000         0.000         0.000         0.000         0.000


           LAMBDA
              CVLCOM        DEMAGE        DEMMAL        CANFLF        CANFLFBW
              ________      ________      ________      ________      ________
 CVLCOM         1.000         0.000         0.000         0.000         0.000
 DEMAGE         0.000         1.000         0.000         0.000         0.000
 DEMMAL         0.000         0.000         1.000         0.000         0.000
 CANFLF         0.000         0.000         0.000         1.000         0.000
 CANFLFBW       0.000         0.000         0.000         0.000         1.000


           THETA
              CVLCOM        DEMAGE        DEMMAL        CANFLF        CANFLFBW
              ________      ________      ________      ________      ________
 CVLCOM         0.000
 DEMAGE         0.000         0.000
 DEMMAL         0.000         0.000         0.000
 CANFLF         0.000         0.000         0.000         0.000
 CANFLFBW       0.000         0.000         0.000         0.000         0.000


           ALPHA
              CVLCOM        DEMAGE        DEMMAL        CANFLF        CANFLFBW
              ________      ________      ________      ________      ________
 1              0.000         0.000         0.000         0.000         0.000


           BETA
              CVLCOM        DEMAGE        DEMMAL        CANFLF        CANFLFBW
              ________      ________      ________      ________      ________
 CVLCOM         0.000         0.000         0.000         0.000         0.000
 DEMAGE         0.000         0.000         0.000         0.000         0.000
 DEMMAL         0.000         0.000         0.000         0.000         0.000
 CANFLF         0.000         0.000         0.000         0.000         0.000
 CANFLFBW       0.000         0.000         0.000         0.000         0.000


           PSI
              CVLCOM        DEMAGE        DEMMAL        CANFLF        CANFLFBW
              ________      ________      ________      ________      ________
 CVLCOM         0.437
 DEMAGE         0.000         3.351
 DEMMAL         0.000         0.000         0.124
 CANFLF         0.000         0.000         0.000        90.489
 CANFLFBW       0.000         0.000         0.000         0.000         0.000


     STARTING VALUES FOR BETWEEN


           NU
              CVLCOM        DEMAGE        DEMMAL        CANFLF        CANFLFBW
              ________      ________      ________      ________      ________
 1              0.000         0.000         0.000         0.000         0.000


           LAMBDA
              CVLCOM        DEMAGE        DEMMAL        CANFLF        CANFLFBW
              ________      ________      ________      ________      ________
 CVLCOM         1.000         0.000         0.000         0.000         0.000
 DEMAGE         0.000         1.000         0.000         0.000         0.000
 DEMMAL         0.000         0.000         1.000         0.000         0.000
 CANFLF         0.000         0.000         0.000         1.000         0.000
 CANFLFBW       0.000         0.000         0.000         0.000         1.000


           THETA
              CVLCOM        DEMAGE        DEMMAL        CANFLF        CANFLFBW
              ________      ________      ________      ________      ________
 CVLCOM         0.000
 DEMAGE         0.000         0.000
 DEMMAL         0.000         0.000         0.000
 CANFLF         0.000         0.000         0.000         0.000
 CANFLFBW       0.000         0.000         0.000         0.000         0.000


           ALPHA
              CVLCOM        DEMAGE        DEMMAL        CANFLF        CANFLFBW
              ________      ________      ________      ________      ________
 1              0.010         0.000         0.000         0.000         0.000


           BETA
              CVLCOM        DEMAGE        DEMMAL        CANFLF        CANFLFBW
              ________      ________      ________      ________      ________
 CVLCOM         0.000         0.000         0.000         0.000         0.000
 DEMAGE         0.000         0.000         0.000         0.000         0.000
 DEMMAL         0.000         0.000         0.000         0.000         0.000
 CANFLF         0.000         0.000         0.000         0.000         0.000
 CANFLFBW       0.000         0.000         0.000         0.000         0.000


           PSI
              CVLCOM        DEMAGE        DEMMAL        CANFLF        CANFLFBW
              ________      ________      ________      ________      ________
 CVLCOM         0.437
 DEMAGE         0.000         0.000
 DEMMAL         0.000         0.000         0.000
 CANFLF         0.000         0.000         0.000         0.000
 CANFLFBW       0.000         0.000         0.000         0.000       137.913


SAMPLE STATISTICS FOR ESTIMATED FACTOR SCORES


     SAMPLE STATISTICS


           Means
              B_CVLCOM
              ________
 1              0.004


           Covariances
              B_CVLCOM
              ________
 B_CVLCOM       0.020


           Correlations
              B_CVLCOM
              ________
 B_CVLCOM       1.000


PLOT INFORMATION

The following plots are available:

  Histograms (sample values)
  Scatterplots (sample values)

     Beginning Time:  15:58:02
        Ending Time:  15:58:02
       Elapsed Time:  00:00:00



MUTHEN & MUTHEN
3463 Stoner Ave.
Los Angeles, CA  90066

Tel: (310) 391-9971
Fax: (310) 391-8971
Web: www.StatModel.com
Support: Support@StatModel.com

Copyright (c) 1998-2015 Muthen & Muthen
