Mplus VERSION 7.4 (Mac)
MUTHEN & MUTHEN
05/06/2020   3:58 PM

INPUT INSTRUCTIONS


  TITLE: CANFLF_CVLALF_1;

  DATA:
  	FILE = GD190618rr.csv;

  VARIABLE:
  	NAMES =
  			ID_Fam   Wave     ID_MPL
  			DEMMAL   DEMAGE   DEMHSP   DEMRAC
  			SRPWCR
  			WASVCB   WASBLK   WASDGT   WSISUM
  			TRLATS   TRLBTS
  			CVLASF   CVLASC   CVLALF   CVLALC
  			CVLCOM
  			CANEVR   CANONS   CANFLF
  			CANFTY   CANF6M   CANAC6
  			CANYRS
  			ALCEVR   ALCONS   ALCFLF
  			ALCFTY   ALCF6M   ALCAC6
  			ALCYRS
  			SRPWCRDt WASVCBDt WASBLKDt
  			WASDGTDt WSISUMDt TRLATSDt
  			TRLBTSDt CVLASFDt CVLASCDt
  			CVLALFDt CVLALCDt CVLCOMDt
  		;
  	USEVARIABLES =
  		! outcome
    			CVLALF
    		! covariates
    			DEMAGE
    			DEMMAL  		
    		! within predictor
    			CANFLF
    		! between predictor
    			CANFLFBW
    		;
    	USEOBSERVATION =
    			(Wave EQ 1 AND CVLALFDt EQ 1)
    		;
    	CLUSTER =
    			ID_Fam
    		;
    	MISSING = .;
    	BETWEEN =   		
    			CANFLFBW
    		;
    	WITHIN  		
    			CANFLF
    			DEMAGE
    			DEMMAL
    		;  		

  DEFINE:
  	! CREATE BW FAM PREDICTOR
  		CANFLFBW = cluster_mean (CANFLF);
  	! CENTER WI FAM VARIABLES
  		CENTER CANFLF (GROUPMEAN);
  		CENTER DEMMAL (GRANDMEAN);
  		CENTER DEMAGE (GRANDMEAN);
  	! CENTER BW FAM VARIABLES
  		CENTER CANFLFBW (GRANDMEAN);

  ANALYSIS:
          ITERATIONS = 1000000;
          TYPE = TWOLEVEL RANDOM;
          ALGORITHM = INTEGRATION;

  OUTPUT:
  	SAMPSTAT STDYX TECH1 CINT;

  MODEL:
  %WITHIN%
  	CVLALF on CANFLF;
  	CVLALF on  DEMMAL DEMAGE;	
  	CVLALF*;
  	CANFLF WITH DEMMAL*;
  	CANFLF WITH DEMAGE*;

  %BETWEEN%
  	CVLALF on CANFLFBW;
  	CVLALF*;

  PLOT:
  	TYPE = plot3;



*** WARNING
  Data set contains cases with missing on x-variables.
  These cases were not included in the analysis.
  Number of cases with missing on x-variables:  35
*** WARNING
  Data set contains cases with missing on all variables except
  x-variables.  These cases were not included in the analysis.
  Number of cases with missing on all variables except x-variables:  1
   2 WARNING(S) FOUND IN THE INPUT INSTRUCTIONS



CANFLF_CVLALF_1;

SUMMARY OF ANALYSIS

Number of groups                                                 1
Number of observations                                         444

Number of dependent variables                                    1
Number of independent variables                                  4
Number of continuous latent variables                            0

Observed dependent variables

  Continuous
   CVLALF

Observed independent variables
   DEMAGE      DEMMAL      CANFLF      CANFLFBW

Variables with special functions

  Cluster variable      ID_FAM

  Within variables
   DEMAGE      DEMMAL      CANFLF

  Between variables
   CANFLFBW

  Centering (GRANDMEAN)
   DEMMAL      DEMAGE      CANFLFBW

  Centering (GROUPMEAN)
   CANFLF


Estimator                                                      MLR
Information matrix                                        OBSERVED
Optimization Specifications for the Quasi-Newton Algorithm for
Continuous Outcomes
  Maximum number of iterations                             1000000
  Convergence criterion                                  0.100D-05
Optimization Specifications for the EM Algorithm
  Maximum number of iterations                                 500
  Convergence criteria
    Loglikelihood change                                 0.100D-02
    Relative loglikelihood change                        0.100D-05
    Derivative                                           0.100D-02
Optimization Specifications for the M step of the EM Algorithm for
Categorical Latent variables
  Number of M step iterations                                    1
  M step convergence criterion                           0.100D-02
  Basis for M step termination                           ITERATION
Optimization Specifications for the M step of the EM Algorithm for
Censored, Binary or Ordered Categorical (Ordinal), Unordered
Categorical (Nominal) and Count Outcomes
  Number of M step iterations                                    1
  M step convergence criterion                           0.100D-02
  Basis for M step termination                           ITERATION
  Maximum value for logit thresholds                            15
  Minimum value for logit thresholds                           -15
  Minimum expected cell size for chi-square              0.100D-01
Maximum number of iterations for H1                           2000
Convergence criterion for H1                             0.100D-03
Optimization algorithm                                         EMA
Integration Specifications
  Type                                                    STANDARD
  Number of integration points                                  15
  Dimensions of numerical integration                            0
  Adaptive quadrature                                           ON
Cholesky                                                       OFF

Input data file(s)
  GD190618rr.csv
Input data format  FREE


SUMMARY OF DATA

     Number of missing data patterns             3
     Number of clusters                        224



COVARIANCE COVERAGE OF DATA

Minimum covariance coverage value   0.100


     PROPORTION OF DATA PRESENT FOR Y


           Covariance Coverage
              CVLALF        DEMAGE        DEMMAL        CANFLF        CANFLFBW
              ________      ________      ________      ________      ________
 CVLALF         1.000
 DEMAGE         0.998         0.998
 DEMMAL         1.000         0.998         1.000
 CANFLF         0.971         0.968         0.971         0.971
 CANFLFBW       1.000         0.998         1.000         0.971         1.000


SAMPLE STATISTICS


     ESTIMATED SAMPLE STATISTICS


           Means
              CVLALF        DEMAGE        DEMMAL        CANFLF        CANFLFBW
              ________      ________      ________      ________      ________
 1             -0.402         0.001         0.000         0.040         0.000


           Covariances
              CVLALF        DEMAGE        DEMMAL        CANFLF        CANFLFBW
              ________      ________      ________      ________      ________
 CVLALF         0.905
 DEMAGE        -0.056         4.529
 DEMMAL        -0.057        -0.137         0.247
 CANFLF        -1.877        -8.977         1.368       278.364
 CANFLFBW      -2.463         1.934         1.678        -1.224       426.334


           Correlations
              CVLALF        DEMAGE        DEMMAL        CANFLF        CANFLFBW
              ________      ________      ________      ________      ________
 CVLALF         1.000
 DEMAGE        -0.028         1.000
 DEMMAL        -0.120        -0.130         1.000
 CANFLF        -0.118        -0.253         0.165         1.000
 CANFLFBW      -0.125         0.044         0.164        -0.004         1.000


     MAXIMUM LOG-LIKELIHOOD VALUE FOR THE UNRESTRICTED (H1) MODEL IS -5651.154


UNIVARIATE SAMPLE STATISTICS


     UNIVARIATE HIGHER-ORDER MOMENT DESCRIPTIVE STATISTICS

         Variable/         Mean/     Skewness/   Minimum/ % with                Percentiles
        Sample Size      Variance    Kurtosis    Maximum  Min/Max      20%/60%    40%/80%    Median

     CVLALF               -0.402      -0.866      -4.500    0.68%      -1.000     -0.500      0.000
             444.000       0.905       1.698       1.500    2.25%       0.000      0.500
     DEMAGE                0.000       1.051      -3.620    0.23%      -1.760     -0.850     -0.440
             443.000       4.530       0.808       7.270    0.23%       0.040      1.370
     DEMMAL                0.000      -0.227      -0.556   44.37%      -0.556     -0.556      0.444
             444.000       0.247      -1.949       0.444   55.63%       0.444      0.444
     CANFLF                0.000      -0.021     -40.000    0.23%     -15.000      0.000      0.000
             431.000     278.701      -0.274      37.500    0.23%       0.000     15.000
     CANFLFBW              0.563      -0.504     -38.380    5.36%     -15.880     -6.380     -0.880
             224.000     423.632      -0.947      21.620   39.73%      11.620     21.620

     THE STANDARD ERRORS OF THE MODEL PARAMETER ESTIMATES MAY NOT BE
     TRUSTWORTHY FOR SOME PARAMETERS DUE TO A NON-POSITIVE DEFINITE
     FIRST-ORDER DERIVATIVE PRODUCT MATRIX.  THIS MAY BE DUE TO THE STARTING
     VALUES BUT MAY ALSO BE AN INDICATION OF MODEL NONIDENTIFICATION.  THE
     CONDITION NUMBER IS       0.301D-16.  PROBLEM INVOLVING THE FOLLOWING PARAMETER:
     Parameter 12, %WITHIN%: CANFLF


THE MODEL ESTIMATION TERMINATED NORMALLY



MODEL FIT INFORMATION

Number of Free Parameters                       15

Loglikelihood

          H0 Value                       -3683.833
          H0 Scaling Correction Factor      1.0883
            for MLR

Information Criteria

          Akaike (AIC)                    7397.665
          Bayesian (BIC)                  7459.103
          Sample-Size Adjusted BIC        7411.499
            (n* = (n + 2) / 24)



MODEL RESULTS

                                                    Two-Tailed
                    Estimate       S.E.  Est./S.E.    P-Value

Within Level

 CVLALF     ON
    CANFLF            -0.007      0.003     -2.679      0.007
    DEMMAL            -0.154      0.090     -1.703      0.088
    DEMAGE            -0.024      0.020     -1.212      0.225

 CANFLF   WITH
    DEMMAL             1.112      0.370      3.008      0.003
    DEMAGE            -8.359      1.770     -4.723      0.000

 Means
    DEMAGE             0.000      0.099      0.000      1.000
    DEMMAL             0.000      0.026      0.000      1.000
    CANFLF             0.031      0.032      0.998      0.318

 Variances
    DEMAGE             4.529      0.343     13.204      0.000
    DEMMAL             0.247      0.003     83.245      0.000
    CANFLF           276.053     24.076     11.466      0.000

 Residual Variances
    CVLALF             0.698      0.089      7.816      0.000

Between Level

 CVLALF     ON
    CANFLFBW          -0.005      0.002     -2.241      0.025

 Intercepts
    CVLALF            -0.407      0.049     -8.304      0.000

 Residual Variances
    CVLALF             0.174      0.100      1.744      0.081


STANDARDIZED MODEL RESULTS


STDYX Standardization

                                                    Two-Tailed
                    Estimate       S.E.  Est./S.E.    P-Value

Within Level

 CVLALF     ON
    CANFLF            -0.133      0.051     -2.586      0.010
    DEMMAL            -0.090      0.051     -1.757      0.079
    DEMAGE            -0.060      0.049     -1.213      0.225

 CANFLF   WITH
    DEMMAL             0.135      0.043      3.118      0.002
    DEMAGE            -0.236      0.043     -5.545      0.000

 Means
    DEMAGE             0.000      0.047      0.000      1.000
    DEMMAL             0.000      0.053      0.000      1.000
    CANFLF             0.002      0.002      1.001      0.317

 Variances
    DEMAGE             1.000      0.000    999.000    999.000
    DEMMAL             1.000      0.000    999.000    999.000
    CANFLF             1.000      0.000    999.000    999.000

 Residual Variances
    CVLALF             0.971      0.017     58.019      0.000

Between Level

 CVLALF     ON
    CANFLFBW          -0.250      0.102     -2.443      0.015

 Intercepts
    CVLALF            -0.943      0.247     -3.815      0.000

 Residual Variances
    CVLALF             0.937      0.051     18.301      0.000


R-SQUARE

Within Level

    Observed                                        Two-Tailed
    Variable        Estimate       S.E.  Est./S.E.    P-Value

    CVLALF             0.029      0.017      1.723      0.085

Between Level

    Observed                                        Two-Tailed
    Variable        Estimate       S.E.  Est./S.E.    P-Value

    CVLALF             0.063      0.051      1.222      0.222


QUALITY OF NUMERICAL RESULTS

     Condition Number for the Information Matrix              0.301E-16
       (ratio of smallest to largest eigenvalue)


CONFIDENCE INTERVALS OF MODEL RESULTS

                  Lower .5%  Lower 2.5%    Lower 5%    Estimate    Upper 5%  Upper 2.5%   Upper .5%

Within Level

 CVLALF   ON
    CANFLF          -0.013      -0.012      -0.011      -0.007      -0.003      -0.002       0.000
    DEMMAL          -0.386      -0.331      -0.302      -0.154      -0.005       0.023       0.079
    DEMAGE          -0.074      -0.062      -0.056      -0.024       0.009       0.015       0.027

 CANFLF   WITH
    DEMMAL           0.160       0.388       0.504       1.112       1.721       1.837       2.065
    DEMAGE         -12.918     -11.828     -11.271      -8.359      -5.448      -4.890      -3.800

 Means
    DEMAGE          -0.256      -0.195      -0.163       0.000       0.163       0.195       0.256
    DEMMAL          -0.068      -0.052      -0.043       0.000       0.043       0.052       0.068
    CANFLF          -0.050      -0.030      -0.020       0.031       0.083       0.093       0.113

 Variances
    DEMAGE           3.646       3.857       3.965       4.529       5.093       5.201       5.413
    DEMMAL           0.239       0.241       0.242       0.247       0.252       0.253       0.254
    CANFLF         214.038     228.864     236.448     276.053     315.659     323.243     338.069

 Residual Variances
    CVLALF           0.468       0.523       0.551       0.698       0.845       0.873       0.928

Between Level

 CVLALF   ON
    CANFLFBW        -0.011      -0.010      -0.009      -0.005      -0.001      -0.001       0.001

 Intercepts
    CVLALF          -0.533      -0.503      -0.487      -0.407      -0.326      -0.311      -0.281

 Residual Variances
    CVLALF          -0.083      -0.022       0.010       0.174       0.339       0.370       0.432


CONFIDENCE INTERVALS OF STANDARDIZED MODEL RESULTS


STDYX Standardization

                  Lower .5%  Lower 2.5%    Lower 5%    Estimate    Upper 5%  Upper 2.5%   Upper .5%

Within Level

 CVLALF   ON
    CANFLF          -0.265      -0.234      -0.218      -0.133      -0.048      -0.032      -0.001
    DEMMAL          -0.222      -0.191      -0.174      -0.090      -0.006       0.010       0.042
    DEMAGE          -0.187      -0.157      -0.141      -0.060       0.021       0.037       0.067

 CANFLF   WITH
    DEMMAL           0.023       0.050       0.064       0.135       0.206       0.219       0.246
    DEMAGE          -0.346      -0.320      -0.307      -0.236      -0.166      -0.153      -0.127

 Means
    DEMAGE          -0.120      -0.091      -0.077       0.000       0.077       0.091       0.120
    DEMMAL          -0.137      -0.104      -0.087       0.000       0.087       0.104       0.137
    CANFLF          -0.003      -0.002      -0.001       0.002       0.005       0.006       0.007

 Variances
    DEMAGE           1.000       1.000       1.000       1.000       1.000       1.000       1.000
    DEMMAL           1.000       1.000       1.000       1.000       1.000       1.000       1.000
    CANFLF           1.000       1.000       1.000       1.000       1.000       1.000       1.000

 Residual Variances
    CVLALF           0.928       0.938       0.944       0.971       0.999       1.004       1.014

Between Level

 CVLALF   ON
    CANFLFBW        -0.514      -0.451      -0.419      -0.250      -0.082      -0.049       0.014

 Intercepts
    CVLALF          -1.579      -1.427      -1.349      -0.943      -0.536      -0.458      -0.306

 Residual Variances
    CVLALF           0.805       0.837       0.853       0.937       1.022       1.038       1.069


TECHNICAL 1 OUTPUT


     PARAMETER SPECIFICATION FOR WITHIN


           NU
              CVLALF        DEMAGE        DEMMAL        CANFLF        CANFLFBW
              ________      ________      ________      ________      ________
 1                  0             0             0             0             0


           LAMBDA
              CVLALF        DEMAGE        DEMMAL        CANFLF        CANFLFBW
              ________      ________      ________      ________      ________
 CVLALF             0             0             0             0             0
 DEMAGE             0             0             0             0             0
 DEMMAL             0             0             0             0             0
 CANFLF             0             0             0             0             0
 CANFLFBW           0             0             0             0             0


           THETA
              CVLALF        DEMAGE        DEMMAL        CANFLF        CANFLFBW
              ________      ________      ________      ________      ________
 CVLALF             0
 DEMAGE             0             0
 DEMMAL             0             0             0
 CANFLF             0             0             0             0
 CANFLFBW           0             0             0             0             0


           ALPHA
              CVLALF        DEMAGE        DEMMAL        CANFLF        CANFLFBW
              ________      ________      ________      ________      ________
 1                  0             1             2             3             0


           BETA
              CVLALF        DEMAGE        DEMMAL        CANFLF        CANFLFBW
              ________      ________      ________      ________      ________
 CVLALF             0             4             5             6             0
 DEMAGE             0             0             0             0             0
 DEMMAL             0             0             0             0             0
 CANFLF             0             0             0             0             0
 CANFLFBW           0             0             0             0             0


           PSI
              CVLALF        DEMAGE        DEMMAL        CANFLF        CANFLFBW
              ________      ________      ________      ________      ________
 CVLALF             7
 DEMAGE             0             8
 DEMMAL             0             0             9
 CANFLF             0            10            11            12
 CANFLFBW           0             0             0             0             0


     PARAMETER SPECIFICATION FOR BETWEEN


           NU
              CVLALF        DEMAGE        DEMMAL        CANFLF        CANFLFBW
              ________      ________      ________      ________      ________
 1                  0             0             0             0             0


           LAMBDA
              CVLALF        DEMAGE        DEMMAL        CANFLF        CANFLFBW
              ________      ________      ________      ________      ________
 CVLALF             0             0             0             0             0
 DEMAGE             0             0             0             0             0
 DEMMAL             0             0             0             0             0
 CANFLF             0             0             0             0             0
 CANFLFBW           0             0             0             0             0


           THETA
              CVLALF        DEMAGE        DEMMAL        CANFLF        CANFLFBW
              ________      ________      ________      ________      ________
 CVLALF             0
 DEMAGE             0             0
 DEMMAL             0             0             0
 CANFLF             0             0             0             0
 CANFLFBW           0             0             0             0             0


           ALPHA
              CVLALF        DEMAGE        DEMMAL        CANFLF        CANFLFBW
              ________      ________      ________      ________      ________
 1                 13             0             0             0             0


           BETA
              CVLALF        DEMAGE        DEMMAL        CANFLF        CANFLFBW
              ________      ________      ________      ________      ________
 CVLALF             0             0             0             0            14
 DEMAGE             0             0             0             0             0
 DEMMAL             0             0             0             0             0
 CANFLF             0             0             0             0             0
 CANFLFBW           0             0             0             0             0


           PSI
              CVLALF        DEMAGE        DEMMAL        CANFLF        CANFLFBW
              ________      ________      ________      ________      ________
 CVLALF            15
 DEMAGE             0             0
 DEMMAL             0             0             0
 CANFLF             0             0             0             0
 CANFLFBW           0             0             0             0             0


     STARTING VALUES FOR WITHIN


           NU
              CVLALF        DEMAGE        DEMMAL        CANFLF        CANFLFBW
              ________      ________      ________      ________      ________
 1              0.000         0.000         0.000         0.000         0.000


           LAMBDA
              CVLALF        DEMAGE        DEMMAL        CANFLF        CANFLFBW
              ________      ________      ________      ________      ________
 CVLALF         1.000         0.000         0.000         0.000         0.000
 DEMAGE         0.000         1.000         0.000         0.000         0.000
 DEMMAL         0.000         0.000         1.000         0.000         0.000
 CANFLF         0.000         0.000         0.000         1.000         0.000
 CANFLFBW       0.000         0.000         0.000         0.000         1.000


           THETA
              CVLALF        DEMAGE        DEMMAL        CANFLF        CANFLFBW
              ________      ________      ________      ________      ________
 CVLALF         0.000
 DEMAGE         0.000         0.000
 DEMMAL         0.000         0.000         0.000
 CANFLF         0.000         0.000         0.000         0.000
 CANFLFBW       0.000         0.000         0.000         0.000         0.000


           ALPHA
              CVLALF        DEMAGE        DEMMAL        CANFLF        CANFLFBW
              ________      ________      ________      ________      ________
 1              0.000         0.000         0.000         0.000         0.000


           BETA
              CVLALF        DEMAGE        DEMMAL        CANFLF        CANFLFBW
              ________      ________      ________      ________      ________
 CVLALF         0.000         0.000         0.000         0.000         0.000
 DEMAGE         0.000         0.000         0.000         0.000         0.000
 DEMMAL         0.000         0.000         0.000         0.000         0.000
 CANFLF         0.000         0.000         0.000         0.000         0.000
 CANFLFBW       0.000         0.000         0.000         0.000         0.000


           PSI
              CVLALF        DEMAGE        DEMMAL        CANFLF        CANFLFBW
              ________      ________      ________      ________      ________
 CVLALF         0.453
 DEMAGE         0.000         2.265
 DEMMAL         0.000         0.000         0.123
 CANFLF         0.000         0.000         0.000       139.350
 CANFLFBW       0.000         0.000         0.000         0.000         0.000


     STARTING VALUES FOR BETWEEN


           NU
              CVLALF        DEMAGE        DEMMAL        CANFLF        CANFLFBW
              ________      ________      ________      ________      ________
 1              0.000         0.000         0.000         0.000         0.000


           LAMBDA
              CVLALF        DEMAGE        DEMMAL        CANFLF        CANFLFBW
              ________      ________      ________      ________      ________
 CVLALF         1.000         0.000         0.000         0.000         0.000
 DEMAGE         0.000         1.000         0.000         0.000         0.000
 DEMMAL         0.000         0.000         1.000         0.000         0.000
 CANFLF         0.000         0.000         0.000         1.000         0.000
 CANFLFBW       0.000         0.000         0.000         0.000         1.000


           THETA
              CVLALF        DEMAGE        DEMMAL        CANFLF        CANFLFBW
              ________      ________      ________      ________      ________
 CVLALF         0.000
 DEMAGE         0.000         0.000
 DEMMAL         0.000         0.000         0.000
 CANFLF         0.000         0.000         0.000         0.000
 CANFLFBW       0.000         0.000         0.000         0.000         0.000


           ALPHA
              CVLALF        DEMAGE        DEMMAL        CANFLF        CANFLFBW
              ________      ________      ________      ________      ________
 1             -0.402         0.000         0.000         0.000         0.000


           BETA
              CVLALF        DEMAGE        DEMMAL        CANFLF        CANFLFBW
              ________      ________      ________      ________      ________
 CVLALF         0.000         0.000         0.000         0.000         0.000
 DEMAGE         0.000         0.000         0.000         0.000         0.000
 DEMMAL         0.000         0.000         0.000         0.000         0.000
 CANFLF         0.000         0.000         0.000         0.000         0.000
 CANFLFBW       0.000         0.000         0.000         0.000         0.000


           PSI
              CVLALF        DEMAGE        DEMMAL        CANFLF        CANFLFBW
              ________      ________      ________      ________      ________
 CVLALF         0.453
 DEMAGE         0.000         0.000
 DEMMAL         0.000         0.000         0.000
 CANFLF         0.000         0.000         0.000         0.000
 CANFLFBW       0.000         0.000         0.000         0.000       213.167


SAMPLE STATISTICS FOR ESTIMATED FACTOR SCORES


     SAMPLE STATISTICS


           Means
              B_CVLALF
              ________
 1             -0.402


           Covariances
              B_CVLALF
              ________
 B_CVLALF       0.068


           Correlations
              B_CVLALF
              ________
 B_CVLALF       1.000


PLOT INFORMATION

The following plots are available:

  Histograms (sample values)
  Scatterplots (sample values)

     Beginning Time:  15:58:00
        Ending Time:  15:58:01
       Elapsed Time:  00:00:01



MUTHEN & MUTHEN
3463 Stoner Ave.
Los Angeles, CA  90066

Tel: (310) 391-9971
Fax: (310) 391-8971
Web: www.StatModel.com
Support: Support@StatModel.com

Copyright (c) 1998-2015 Muthen & Muthen
