Mplus VERSION 7.4 (Mac)
MUTHEN & MUTHEN
05/06/2020   3:57 PM

INPUT INSTRUCTIONS


  TITLE: CANF6M_TRLBTS_1;

  DATA:
  	FILE = GD190618rr.csv;

  VARIABLE:
  	NAMES =
  			ID_Fam   Wave     ID_MPL
  			DEMMAL   DEMAGE   DEMHSP   DEMRAC
  			SRPWCR
  			WASVCB   WASBLK   WASDGT   WSISUM
  			TRLATS   TRLBTS
  			CVLASF   CVLASC   CVLALF   CVLALC
  			CVLCOM
  			CANEVR   CANONS   CANFLF
  			CANFTY   CANF6M   CANAC6
  			CANYRS
  			ALCEVR   ALCONS   ALCFLF
  			ALCFTY   ALCF6M   ALCAC6
  			ALCYRS
  			SRPWCRDt WASVCBDt WASBLKDt
  			WASDGTDt WSISUMDt TRLATSDt
  			TRLBTSDt CVLASFDt CVLASCDt
  			CVLALFDt CVLALCDt CVLCOMDt
  		;
  	USEVARIABLES =
  		! outcome
    			TRLBTS
    		! covariates
    			DEMAGE
    			DEMMAL  		
    		! within predictor
    			CANF6M
    		! between predictor
    			CANF6MBW
    		;
    	USEOBSERVATION =
    			(Wave EQ 1 AND TRLBTSDt EQ 1)
    		;
    	CLUSTER =
    			ID_Fam
    		;
    	MISSING = .;
    	BETWEEN =   		
    			CANF6MBW
    		;
    	WITHIN  		
    			CANF6M
    			DEMAGE
    			DEMMAL
    		;  		

  DEFINE:
  	! CREATE BW FAM PREDICTOR
  		CANF6MBW = cluster_mean (CANF6M);
  	! CENTER WI FAM VARIABLES
  		CENTER CANF6M (GROUPMEAN);
  		CENTER DEMMAL (GRANDMEAN);
  		CENTER DEMAGE (GRANDMEAN);
  	! CENTER BW FAM VARIABLES
  		CENTER CANF6MBW (GRANDMEAN);

  ANALYSIS:
          ITERATIONS = 1000000;
          TYPE = TWOLEVEL RANDOM;
          ALGORITHM = INTEGRATION;

  OUTPUT:
  	SAMPSTAT STDYX TECH1 CINT;

  MODEL:
  %WITHIN%
  	TRLBTS on CANF6M;
  	TRLBTS on  DEMMAL DEMAGE;	
  	TRLBTS*;
  	CANF6M WITH DEMMAL*;
  	CANF6M WITH DEMAGE*;

  %BETWEEN%
  	TRLBTS on CANF6MBW;
  	TRLBTS*;

  PLOT:
  	TYPE = plot3;



*** WARNING
  Data set contains cases with missing on x-variables.
  These cases were not included in the analysis.
  Number of cases with missing on x-variables:  1
*** WARNING
  Data set contains cases with missing on all variables except
  x-variables.  These cases were not included in the analysis.
  Number of cases with missing on all variables except x-variables:  1
   2 WARNING(S) FOUND IN THE INPUT INSTRUCTIONS



CANF6M_TRLBTS_1;

SUMMARY OF ANALYSIS

Number of groups                                                 1
Number of observations                                        1168

Number of dependent variables                                    1
Number of independent variables                                  4
Number of continuous latent variables                            0

Observed dependent variables

  Continuous
   TRLBTS

Observed independent variables
   DEMAGE      DEMMAL      CANF6M      CANF6MBW

Variables with special functions

  Cluster variable      ID_FAM

  Within variables
   DEMAGE      DEMMAL      CANF6M

  Between variables
   CANF6MBW

  Centering (GRANDMEAN)
   DEMMAL      DEMAGE      CANF6MBW

  Centering (GROUPMEAN)
   CANF6M


Estimator                                                      MLR
Information matrix                                        OBSERVED
Optimization Specifications for the Quasi-Newton Algorithm for
Continuous Outcomes
  Maximum number of iterations                             1000000
  Convergence criterion                                  0.100D-05
Optimization Specifications for the EM Algorithm
  Maximum number of iterations                                 500
  Convergence criteria
    Loglikelihood change                                 0.100D-02
    Relative loglikelihood change                        0.100D-05
    Derivative                                           0.100D-02
Optimization Specifications for the M step of the EM Algorithm for
Categorical Latent variables
  Number of M step iterations                                    1
  M step convergence criterion                           0.100D-02
  Basis for M step termination                           ITERATION
Optimization Specifications for the M step of the EM Algorithm for
Censored, Binary or Ordered Categorical (Ordinal), Unordered
Categorical (Nominal) and Count Outcomes
  Number of M step iterations                                    1
  M step convergence criterion                           0.100D-02
  Basis for M step termination                           ITERATION
  Maximum value for logit thresholds                            15
  Minimum value for logit thresholds                           -15
  Minimum expected cell size for chi-square              0.100D-01
Maximum number of iterations for H1                           2000
Convergence criterion for H1                             0.100D-03
Optimization algorithm                                         EMA
Integration Specifications
  Type                                                    STANDARD
  Number of integration points                                  15
  Dimensions of numerical integration                            0
  Adaptive quadrature                                           ON
Cholesky                                                       OFF

Input data file(s)
  GD190618rr.csv
Input data format  FREE


SUMMARY OF DATA

     Number of missing data patterns             4
     Number of clusters                        596



COVARIANCE COVERAGE OF DATA

Minimum covariance coverage value   0.100


     PROPORTION OF DATA PRESENT FOR Y


           Covariance Coverage
              TRLBTS        DEMAGE        DEMMAL        CANF6M        CANF6MBW
              ________      ________      ________      ________      ________
 TRLBTS         0.889
 DEMAGE         0.888         0.999
 DEMMAL         0.889         0.999         1.000
 CANF6M         0.885         0.996         0.997         0.997
 CANF6MBW       0.889         0.999         1.000         0.997         1.000


SAMPLE STATISTICS


     ESTIMATED SAMPLE STATISTICS


           Means
              TRLBTS        DEMAGE        DEMMAL        CANF6M        CANF6MBW
              ________      ________      ________      ________      ________
 1             51.123         0.000         0.000         0.004         0.000


           Covariances
              TRLBTS        DEMAGE        DEMMAL        CANF6M        CANF6MBW
              ________      ________      ________      ________      ________
 TRLBTS       112.685
 DEMAGE        -1.978         4.937
 DEMMAL         0.080        -0.145         0.231
 CANF6M         0.608        -2.660         0.583        49.017
 CANF6MBW       3.842        -0.981         0.579         0.009        67.386


           Correlations
              TRLBTS        DEMAGE        DEMMAL        CANF6M        CANF6MBW
              ________      ________      ________      ________      ________
 TRLBTS         1.000
 DEMAGE        -0.084         1.000
 DEMMAL         0.016        -0.136         1.000
 CANF6M         0.008        -0.171         0.173         1.000
 CANF6MBW       0.044        -0.054         0.147         0.000         1.000


     MAXIMUM LOG-LIKELIHOOD VALUE FOR THE UNRESTRICTED (H1) MODEL IS -15285.306


UNIVARIATE SAMPLE STATISTICS


     UNIVARIATE HIGHER-ORDER MOMENT DESCRIPTIVE STATISTICS

         Variable/         Mean/     Skewness/   Minimum/ % with                Percentiles
        Sample Size      Variance    Kurtosis    Maximum  Min/Max      20%/60%    40%/80%    Median

     TRLBTS               51.092      -0.013       6.000    0.10%      43.000     48.000     52.000
            1038.000     112.648       0.790      89.000    0.10%      54.000     60.000
     DEMAGE                0.000       0.975      -3.772    0.09%      -1.812     -0.932     -0.432
            1167.000       4.937       0.659       7.588    0.09%       0.108      1.598
     DEMMAL                0.000      -0.581      -0.640   36.04%      -0.640      0.360      0.360
            1168.000       0.231      -1.662       0.360   63.96%       0.360      0.360
     CANF6M                0.000       0.156     -19.582    0.09%      -5.057     -0.085      0.000
            1164.000      49.021       0.245      22.330    0.09%       0.000      5.000
     CANF6MBW              0.415       0.868      -8.396   12.92%      -8.146     -4.604     -1.229
             596.000      76.404      -0.219      21.604    3.36%       1.519      6.854

     THE STANDARD ERRORS OF THE MODEL PARAMETER ESTIMATES MAY NOT BE
     TRUSTWORTHY FOR SOME PARAMETERS DUE TO A NON-POSITIVE DEFINITE
     FIRST-ORDER DERIVATIVE PRODUCT MATRIX.  THIS MAY BE DUE TO THE STARTING
     VALUES BUT MAY ALSO BE AN INDICATION OF MODEL NONIDENTIFICATION.  THE
     CONDITION NUMBER IS       0.326D-16.  PROBLEM INVOLVING THE FOLLOWING PARAMETER:
     Parameter 12, %WITHIN%: CANF6M


THE MODEL ESTIMATION TERMINATED NORMALLY



MODEL FIT INFORMATION

Number of Free Parameters                       15

Loglikelihood

          H0 Value                      -11185.806
          H0 Scaling Correction Factor      1.0071
            for MLR

Information Criteria

          Akaike (AIC)                   22401.613
          Bayesian (BIC)                 22477.558
          Sample-Size Adjusted BIC       22429.913
            (n* = (n + 2) / 24)



MODEL RESULTS

                                                    Two-Tailed
                    Estimate       S.E.  Est./S.E.    P-Value

Within Level

 TRLBTS     ON
    CANF6M            -0.005      0.043     -0.123      0.902
    DEMMAL             0.045      0.688      0.065      0.948
    DEMAGE            -0.367      0.156     -2.356      0.018

 CANF6M   WITH
    DEMMAL             0.514      0.096      5.333      0.000
    DEMAGE            -2.336      0.455     -5.131      0.000

 Means
    DEMAGE             0.000      0.067      0.002      0.999
    DEMMAL             0.000      0.015      0.000      1.000
    CANF6M             0.004      0.002      1.809      0.070

 Variances
    DEMAGE             4.937      0.230     21.460      0.000
    DEMMAL             0.231      0.004     55.571      0.000
    CANF6M            48.712      2.830     17.212      0.000

 Residual Variances
    TRLBTS            91.012      6.562     13.869      0.000

Between Level

 TRLBTS     ON
    CANF6MBW           0.047      0.045      1.046      0.296

 Intercepts
    TRLBTS            51.088      0.356    143.305      0.000

 Residual Variances
    TRLBTS            21.040      5.930      3.548      0.000


STANDARDIZED MODEL RESULTS


STDYX Standardization

                                                    Two-Tailed
                    Estimate       S.E.  Est./S.E.    P-Value

Within Level

 TRLBTS     ON
    CANF6M            -0.004      0.031     -0.123      0.902
    DEMMAL             0.002      0.035      0.065      0.948
    DEMAGE            -0.085      0.036     -2.388      0.017

 CANF6M   WITH
    DEMMAL             0.153      0.028      5.480      0.000
    DEMAGE            -0.151      0.028     -5.452      0.000

 Means
    DEMAGE             0.000      0.030      0.002      0.999
    DEMMAL             0.000      0.031      0.000      1.000
    CANF6M             0.001      0.000      1.813      0.070

 Variances
    DEMAGE             1.000      0.000    999.000    999.000
    DEMMAL             1.000      0.000    999.000    999.000
    CANF6M             1.000      0.000    999.000    999.000

 Residual Variances
    TRLBTS             0.993      0.006    167.036      0.000

Between Level

 TRLBTS     ON
    CANF6MBW           0.089      0.086      1.035      0.300

 Intercepts
    TRLBTS            11.094      1.547      7.170      0.000

 Residual Variances
    TRLBTS             0.992      0.015     65.131      0.000


R-SQUARE

Within Level

    Observed                                        Two-Tailed
    Variable        Estimate       S.E.  Est./S.E.    P-Value

    TRLBTS             0.007      0.006      1.204      0.229

Between Level

    Observed                                        Two-Tailed
    Variable        Estimate       S.E.  Est./S.E.    P-Value

    TRLBTS             0.008      0.015      0.518      0.605


QUALITY OF NUMERICAL RESULTS

     Condition Number for the Information Matrix              0.326E-16
       (ratio of smallest to largest eigenvalue)


CONFIDENCE INTERVALS OF MODEL RESULTS

                  Lower .5%  Lower 2.5%    Lower 5%    Estimate    Upper 5%  Upper 2.5%   Upper .5%

Within Level

 TRLBTS   ON
    CANF6M          -0.116      -0.089      -0.076      -0.005       0.065       0.079       0.105
    DEMMAL          -1.728      -1.305      -1.088       0.045       1.177       1.394       1.818
    DEMAGE          -0.767      -0.672      -0.623      -0.367      -0.111      -0.062       0.034

 CANF6M   WITH
    DEMMAL           0.266       0.325       0.356       0.514       0.673       0.703       0.763
    DEMAGE          -3.508      -3.228      -3.084      -2.336      -1.587      -1.444      -1.163

 Means
    DEMAGE          -0.172      -0.131      -0.110       0.000       0.110       0.131       0.172
    DEMMAL          -0.038      -0.029      -0.024       0.000       0.024       0.029       0.038
    CANF6M          -0.002       0.000       0.000       0.004       0.008       0.009       0.010

 Variances
    DEMAGE           4.344       4.486       4.558       4.937       5.315       5.387       5.529
    DEMMAL           0.220       0.222       0.224       0.231       0.237       0.239       0.241
    CANF6M          41.422      43.164      44.056      48.712      53.367      54.259      56.001

 Residual Variances
    TRLBTS          74.109      78.150      80.217      91.012     101.807     103.874     107.915

Between Level

 TRLBTS   ON
    CANF6MBW        -0.068      -0.041      -0.027       0.047       0.120       0.134       0.162

 Intercepts
    TRLBTS          50.169      50.389      50.501      51.088      51.674      51.786      52.006

 Residual Variances
    TRLBTS           5.764       9.416      11.284      21.040      30.795      32.663      36.315


CONFIDENCE INTERVALS OF STANDARDIZED MODEL RESULTS


STDYX Standardization

                  Lower .5%  Lower 2.5%    Lower 5%    Estimate    Upper 5%  Upper 2.5%   Upper .5%

Within Level

 TRLBTS   ON
    CANF6M          -0.084      -0.065      -0.055      -0.004       0.048       0.057       0.077
    DEMMAL          -0.087      -0.065      -0.055       0.002       0.059       0.070       0.091
    DEMAGE          -0.177      -0.155      -0.144      -0.085      -0.026      -0.015       0.007

 CANF6M   WITH
    DEMMAL           0.081       0.099       0.107       0.153       0.200       0.208       0.226
    DEMAGE          -0.222      -0.205      -0.196      -0.151      -0.105      -0.096      -0.079

 Means
    DEMAGE          -0.077      -0.059      -0.049       0.000       0.050       0.059       0.078
    DEMMAL          -0.080      -0.061      -0.051       0.000       0.051       0.061       0.080
    CANF6M           0.000       0.000       0.000       0.001       0.001       0.001       0.001

 Variances
    DEMAGE           1.000       1.000       1.000       1.000       1.000       1.000       1.000
    DEMMAL           1.000       1.000       1.000       1.000       1.000       1.000       1.000
    CANF6M           1.000       1.000       1.000       1.000       1.000       1.000       1.000

 Residual Variances
    TRLBTS           0.978       0.981       0.983       0.993       1.003       1.004       1.008

Between Level

 TRLBTS   ON
    CANF6MBW        -0.132      -0.079      -0.052       0.089       0.230       0.257       0.310

 Intercepts
    TRLBTS           7.109       8.061       8.549      11.094      13.639      14.126      15.079

 Residual Variances
    TRLBTS           0.953       0.962       0.967       0.992       1.017       1.022       1.031


TECHNICAL 1 OUTPUT


     PARAMETER SPECIFICATION FOR WITHIN


           NU
              TRLBTS        DEMAGE        DEMMAL        CANF6M        CANF6MBW
              ________      ________      ________      ________      ________
 1                  0             0             0             0             0


           LAMBDA
              TRLBTS        DEMAGE        DEMMAL        CANF6M        CANF6MBW
              ________      ________      ________      ________      ________
 TRLBTS             0             0             0             0             0
 DEMAGE             0             0             0             0             0
 DEMMAL             0             0             0             0             0
 CANF6M             0             0             0             0             0
 CANF6MBW           0             0             0             0             0


           THETA
              TRLBTS        DEMAGE        DEMMAL        CANF6M        CANF6MBW
              ________      ________      ________      ________      ________
 TRLBTS             0
 DEMAGE             0             0
 DEMMAL             0             0             0
 CANF6M             0             0             0             0
 CANF6MBW           0             0             0             0             0


           ALPHA
              TRLBTS        DEMAGE        DEMMAL        CANF6M        CANF6MBW
              ________      ________      ________      ________      ________
 1                  0             1             2             3             0


           BETA
              TRLBTS        DEMAGE        DEMMAL        CANF6M        CANF6MBW
              ________      ________      ________      ________      ________
 TRLBTS             0             4             5             6             0
 DEMAGE             0             0             0             0             0
 DEMMAL             0             0             0             0             0
 CANF6M             0             0             0             0             0
 CANF6MBW           0             0             0             0             0


           PSI
              TRLBTS        DEMAGE        DEMMAL        CANF6M        CANF6MBW
              ________      ________      ________      ________      ________
 TRLBTS             7
 DEMAGE             0             8
 DEMMAL             0             0             9
 CANF6M             0            10            11            12
 CANF6MBW           0             0             0             0             0


     PARAMETER SPECIFICATION FOR BETWEEN


           NU
              TRLBTS        DEMAGE        DEMMAL        CANF6M        CANF6MBW
              ________      ________      ________      ________      ________
 1                  0             0             0             0             0


           LAMBDA
              TRLBTS        DEMAGE        DEMMAL        CANF6M        CANF6MBW
              ________      ________      ________      ________      ________
 TRLBTS             0             0             0             0             0
 DEMAGE             0             0             0             0             0
 DEMMAL             0             0             0             0             0
 CANF6M             0             0             0             0             0
 CANF6MBW           0             0             0             0             0


           THETA
              TRLBTS        DEMAGE        DEMMAL        CANF6M        CANF6MBW
              ________      ________      ________      ________      ________
 TRLBTS             0
 DEMAGE             0             0
 DEMMAL             0             0             0
 CANF6M             0             0             0             0
 CANF6MBW           0             0             0             0             0


           ALPHA
              TRLBTS        DEMAGE        DEMMAL        CANF6M        CANF6MBW
              ________      ________      ________      ________      ________
 1                 13             0             0             0             0


           BETA
              TRLBTS        DEMAGE        DEMMAL        CANF6M        CANF6MBW
              ________      ________      ________      ________      ________
 TRLBTS             0             0             0             0            14
 DEMAGE             0             0             0             0             0
 DEMMAL             0             0             0             0             0
 CANF6M             0             0             0             0             0
 CANF6MBW           0             0             0             0             0


           PSI
              TRLBTS        DEMAGE        DEMMAL        CANF6M        CANF6MBW
              ________      ________      ________      ________      ________
 TRLBTS            15
 DEMAGE             0             0
 DEMMAL             0             0             0
 CANF6M             0             0             0             0
 CANF6MBW           0             0             0             0             0


     STARTING VALUES FOR WITHIN


           NU
              TRLBTS        DEMAGE        DEMMAL        CANF6M        CANF6MBW
              ________      ________      ________      ________      ________
 1              0.000         0.000         0.000         0.000         0.000


           LAMBDA
              TRLBTS        DEMAGE        DEMMAL        CANF6M        CANF6MBW
              ________      ________      ________      ________      ________
 TRLBTS         1.000         0.000         0.000         0.000         0.000
 DEMAGE         0.000         1.000         0.000         0.000         0.000
 DEMMAL         0.000         0.000         1.000         0.000         0.000
 CANF6M         0.000         0.000         0.000         1.000         0.000
 CANF6MBW       0.000         0.000         0.000         0.000         1.000


           THETA
              TRLBTS        DEMAGE        DEMMAL        CANF6M        CANF6MBW
              ________      ________      ________      ________      ________
 TRLBTS         0.000
 DEMAGE         0.000         0.000
 DEMMAL         0.000         0.000         0.000
 CANF6M         0.000         0.000         0.000         0.000
 CANF6MBW       0.000         0.000         0.000         0.000         0.000


           ALPHA
              TRLBTS        DEMAGE        DEMMAL        CANF6M        CANF6MBW
              ________      ________      ________      ________      ________
 1              0.000         0.000         0.000         0.000         0.000


           BETA
              TRLBTS        DEMAGE        DEMMAL        CANF6M        CANF6MBW
              ________      ________      ________      ________      ________
 TRLBTS         0.000         0.000         0.000         0.000         0.000
 DEMAGE         0.000         0.000         0.000         0.000         0.000
 DEMMAL         0.000         0.000         0.000         0.000         0.000
 CANF6M         0.000         0.000         0.000         0.000         0.000
 CANF6MBW       0.000         0.000         0.000         0.000         0.000


           PSI
              TRLBTS        DEMAGE        DEMMAL        CANF6M        CANF6MBW
              ________      ________      ________      ________      ________
 TRLBTS        56.324
 DEMAGE         0.000         2.468
 DEMMAL         0.000         0.000         0.115
 CANF6M         0.000         0.000         0.000        24.511
 CANF6MBW       0.000         0.000         0.000         0.000         0.000


     STARTING VALUES FOR BETWEEN


           NU
              TRLBTS        DEMAGE        DEMMAL        CANF6M        CANF6MBW
              ________      ________      ________      ________      ________
 1              0.000         0.000         0.000         0.000         0.000


           LAMBDA
              TRLBTS        DEMAGE        DEMMAL        CANF6M        CANF6MBW
              ________      ________      ________      ________      ________
 TRLBTS         1.000         0.000         0.000         0.000         0.000
 DEMAGE         0.000         1.000         0.000         0.000         0.000
 DEMMAL         0.000         0.000         1.000         0.000         0.000
 CANF6M         0.000         0.000         0.000         1.000         0.000
 CANF6MBW       0.000         0.000         0.000         0.000         1.000


           THETA
              TRLBTS        DEMAGE        DEMMAL        CANF6M        CANF6MBW
              ________      ________      ________      ________      ________
 TRLBTS         0.000
 DEMAGE         0.000         0.000
 DEMMAL         0.000         0.000         0.000
 CANF6M         0.000         0.000         0.000         0.000
 CANF6MBW       0.000         0.000         0.000         0.000         0.000


           ALPHA
              TRLBTS        DEMAGE        DEMMAL        CANF6M        CANF6MBW
              ________      ________      ________      ________      ________
 1             51.092         0.000         0.000         0.000         0.000


           BETA
              TRLBTS        DEMAGE        DEMMAL        CANF6M        CANF6MBW
              ________      ________      ________      ________      ________
 TRLBTS         0.000         0.000         0.000         0.000         0.000
 DEMAGE         0.000         0.000         0.000         0.000         0.000
 DEMMAL         0.000         0.000         0.000         0.000         0.000
 CANF6M         0.000         0.000         0.000         0.000         0.000
 CANF6MBW       0.000         0.000         0.000         0.000         0.000


           PSI
              TRLBTS        DEMAGE        DEMMAL        CANF6M        CANF6MBW
              ________      ________      ________      ________      ________
 TRLBTS        56.324
 DEMAGE         0.000         0.000
 DEMMAL         0.000         0.000         0.000
 CANF6M         0.000         0.000         0.000         0.000
 CANF6MBW       0.000         0.000         0.000         0.000        33.693


SAMPLE STATISTICS FOR ESTIMATED FACTOR SCORES


     SAMPLE STATISTICS


           Means
              B_TRLBTS
              ________
 1             51.116


           Covariances
              B_TRLBTS
              ________
 B_TRLBTS       6.267


           Correlations
              B_TRLBTS
              ________
 B_TRLBTS       1.000


PLOT INFORMATION

The following plots are available:

  Histograms (sample values)
  Scatterplots (sample values)

     Beginning Time:  15:57:56
        Ending Time:  15:57:56
       Elapsed Time:  00:00:00



MUTHEN & MUTHEN
3463 Stoner Ave.
Los Angeles, CA  90066

Tel: (310) 391-9971
Fax: (310) 391-8971
Web: www.StatModel.com
Support: Support@StatModel.com

Copyright (c) 1998-2015 Muthen & Muthen
