Mplus VERSION 7.4 (Mac)
MUTHEN & MUTHEN
05/06/2020   3:57 PM

INPUT INSTRUCTIONS


  TITLE: CANF6M_WASVCB_1;

  DATA:
  	FILE = GD190618rr.csv;

  VARIABLE:
  	NAMES =
  			ID_Fam   Wave     ID_MPL
  			DEMMAL   DEMAGE   DEMHSP   DEMRAC
  			SRPWCR
  			WASVCB   WASBLK   WASDGT   WSISUM
  			TRLATS   TRLBTS
  			CVLASF   CVLASC   CVLALF   CVLALC
  			CVLCOM
  			CANEVR   CANONS   CANFLF
  			CANFTY   CANF6M   CANAC6
  			CANYRS
  			ALCEVR   ALCONS   ALCFLF
  			ALCFTY   ALCF6M   ALCAC6
  			ALCYRS
  			SRPWCRDt WASVCBDt WASBLKDt
  			WASDGTDt WSISUMDt TRLATSDt
  			TRLBTSDt CVLASFDt CVLASCDt
  			CVLALFDt CVLALCDt CVLCOMDt
  		;
  	USEVARIABLES =
  		! outcome
    			WASVCB
    		! covariates
    			DEMAGE
    			DEMMAL  		
    		! within predictor
    			CANF6M
    		! between predictor
    			CANF6MBW
    		;
    	USEOBSERVATION =
    			(Wave EQ 1 AND WASVCBDt EQ 1)
    		;
    	CLUSTER =
    			ID_Fam
    		;
    	MISSING = .;
    	BETWEEN =   		
    			CANF6MBW
    		;
    	WITHIN  		
    			CANF6M
    			DEMAGE
    			DEMMAL
    		;  		

  DEFINE:
  	! CREATE BW FAM PREDICTOR
  		CANF6MBW = cluster_mean (CANF6M);
  	! CENTER WI FAM VARIABLES
  		CENTER CANF6M (GROUPMEAN);
  		CENTER DEMMAL (GRANDMEAN);
  		CENTER DEMAGE (GRANDMEAN);
  	! CENTER BW FAM VARIABLES
  		CENTER CANF6MBW (GRANDMEAN);

  ANALYSIS:
          ITERATIONS = 1000000;
          TYPE = TWOLEVEL RANDOM;
          ALGORITHM = INTEGRATION;

  OUTPUT:
  	SAMPSTAT STDYX TECH1 CINT;

  MODEL:
  %WITHIN%
  	WASVCB on CANF6M;
  	WASVCB on  DEMMAL DEMAGE;	
  	WASVCB*;
  	CANF6M WITH DEMMAL*;
  	CANF6M WITH DEMAGE*;
  	
  %BETWEEN%
  	WASVCB on CANF6MBW;
  	WASVCB*;

  PLOT:
  	TYPE = plot3;



*** WARNING
  Data set contains cases with missing on x-variables.
  These cases were not included in the analysis.
  Number of cases with missing on x-variables:  1
   1 WARNING(S) FOUND IN THE INPUT INSTRUCTIONS



CANF6M_WASVCB_1;

SUMMARY OF ANALYSIS

Number of groups                                                 1
Number of observations                                        1104

Number of dependent variables                                    1
Number of independent variables                                  4
Number of continuous latent variables                            0

Observed dependent variables

  Continuous
   WASVCB

Observed independent variables
   DEMAGE      DEMMAL      CANF6M      CANF6MBW

Variables with special functions

  Cluster variable      ID_FAM

  Within variables
   DEMAGE      DEMMAL      CANF6M

  Between variables
   CANF6MBW

  Centering (GRANDMEAN)
   DEMMAL      DEMAGE      CANF6MBW

  Centering (GROUPMEAN)
   CANF6M


Estimator                                                      MLR
Information matrix                                        OBSERVED
Optimization Specifications for the Quasi-Newton Algorithm for
Continuous Outcomes
  Maximum number of iterations                             1000000
  Convergence criterion                                  0.100D-05
Optimization Specifications for the EM Algorithm
  Maximum number of iterations                                 500
  Convergence criteria
    Loglikelihood change                                 0.100D-02
    Relative loglikelihood change                        0.100D-05
    Derivative                                           0.100D-02
Optimization Specifications for the M step of the EM Algorithm for
Categorical Latent variables
  Number of M step iterations                                    1
  M step convergence criterion                           0.100D-02
  Basis for M step termination                           ITERATION
Optimization Specifications for the M step of the EM Algorithm for
Censored, Binary or Ordered Categorical (Ordinal), Unordered
Categorical (Nominal) and Count Outcomes
  Number of M step iterations                                    1
  M step convergence criterion                           0.100D-02
  Basis for M step termination                           ITERATION
  Maximum value for logit thresholds                            15
  Minimum value for logit thresholds                           -15
  Minimum expected cell size for chi-square              0.100D-01
Maximum number of iterations for H1                           2000
Convergence criterion for H1                             0.100D-03
Optimization algorithm                                         EMA
Integration Specifications
  Type                                                    STANDARD
  Number of integration points                                  15
  Dimensions of numerical integration                            0
  Adaptive quadrature                                           ON
Cholesky                                                       OFF

Input data file(s)
  GD190618rr.csv
Input data format  FREE


SUMMARY OF DATA

     Number of missing data patterns             3
     Number of clusters                        582



COVARIANCE COVERAGE OF DATA

Minimum covariance coverage value   0.100


     PROPORTION OF DATA PRESENT FOR Y


           Covariance Coverage
              WASVCB        DEMAGE        DEMMAL        CANF6M        CANF6MBW
              ________      ________      ________      ________      ________
 WASVCB         1.000
 DEMAGE         0.999         0.999
 DEMMAL         1.000         0.999         1.000
 CANF6M         0.996         0.995         0.996         0.996
 CANF6MBW       1.000         0.999         1.000         0.996         1.000


SAMPLE STATISTICS


     ESTIMATED SAMPLE STATISTICS


           Means
              WASVCB        DEMAGE        DEMMAL        CANF6M        CANF6MBW
              ________      ________      ________      ________      ________
 1             44.406         0.001         0.000         0.004         0.000


           Covariances
              WASVCB        DEMAGE        DEMMAL        CANF6M        CANF6MBW
              ________      ________      ________      ________      ________
 WASVCB        86.069
 DEMAGE         0.099         4.818
 DEMMAL         0.028        -0.166         0.231
 CANF6M         0.389        -3.285         0.543        46.475
 CANF6MBW       4.520        -0.754         0.573         0.016        71.733


           Correlations
              WASVCB        DEMAGE        DEMMAL        CANF6M        CANF6MBW
              ________      ________      ________      ________      ________
 WASVCB         1.000
 DEMAGE         0.005         1.000
 DEMMAL         0.006        -0.158         1.000
 CANF6M         0.006        -0.220         0.166         1.000
 CANF6MBW       0.058        -0.041         0.141         0.000         1.000


     MAXIMUM LOG-LIKELIHOOD VALUE FOR THE UNRESTRICTED (H1) MODEL IS -14747.661


UNIVARIATE SAMPLE STATISTICS


     UNIVARIATE HIGHER-ORDER MOMENT DESCRIPTIVE STATISTICS

         Variable/         Mean/     Skewness/   Minimum/ % with                Percentiles
        Sample Size      Variance    Kurtosis    Maximum  Min/Max      20%/60%    40%/80%    Median

     WASVCB               44.406      -0.041      20.000    0.82%      36.000     42.000     44.000
            1104.000      86.069      -0.215      72.000    0.09%      47.000     52.000
     DEMAGE                0.000       0.973      -3.864    0.09%      -1.784     -0.914     -0.414
            1103.000       4.818       0.680       7.496    0.09%       0.116      1.566
     DEMMAL                0.000      -0.577      -0.639   36.14%      -0.639      0.361      0.361
            1104.000       0.231      -1.667       0.361   63.86%       0.361      0.361
     CANF6M                0.000       0.145     -18.113    0.09%      -5.000      0.000      0.000
            1100.000      46.480       0.437      22.330    0.09%       0.000      4.165
     CANF6MBW              0.515       0.811      -8.539   12.54%      -8.289     -4.789     -1.787
             582.000      80.436      -0.414      21.461    3.26%       1.461      7.461

     THE STANDARD ERRORS OF THE MODEL PARAMETER ESTIMATES MAY NOT BE
     TRUSTWORTHY FOR SOME PARAMETERS DUE TO A NON-POSITIVE DEFINITE
     FIRST-ORDER DERIVATIVE PRODUCT MATRIX.  THIS MAY BE DUE TO THE STARTING
     VALUES BUT MAY ALSO BE AN INDICATION OF MODEL NONIDENTIFICATION.  THE
     CONDITION NUMBER IS       0.118D-15.  PROBLEM INVOLVING THE FOLLOWING PARAMETER:
     Parameter 12, %WITHIN%: CANF6M


THE MODEL ESTIMATION TERMINATED NORMALLY



MODEL FIT INFORMATION

Number of Free Parameters                       15

Loglikelihood

          H0 Value                      -10769.510
          H0 Scaling Correction Factor      0.9890
            for MLR

Information Criteria

          Akaike (AIC)                   21569.020
          Bayesian (BIC)                 21644.120
          Sample-Size Adjusted BIC       21596.477
            (n* = (n + 2) / 24)



MODEL RESULTS

                                                    Two-Tailed
                    Estimate       S.E.  Est./S.E.    P-Value

Within Level

 WASVCB     ON
    CANF6M             0.021      0.032      0.657      0.511
    DEMMAL            -0.438      0.585     -0.748      0.454
    DEMAGE             0.096      0.129      0.740      0.459

 CANF6M   WITH
    DEMMAL             0.441      0.094      4.676      0.000
    DEMAGE            -2.967      0.444     -6.685      0.000

 Means
    DEMAGE             0.000      0.067      0.002      0.998
    DEMMAL             0.000      0.015      0.000      1.000
    CANF6M             0.004      0.003      1.679      0.093

 Variances
    DEMAGE             4.818      0.232     20.752      0.000
    DEMMAL             0.231      0.004     54.162      0.000
    CANF6M            46.085      2.911     15.832      0.000

 Residual Variances
    WASVCB            44.368      2.695     16.464      0.000

Between Level

 WASVCB     ON
    CANF6MBW           0.054      0.036      1.522      0.128

 Intercepts
    WASVCB            44.476      0.339    131.174      0.000

 Residual Variances
    WASVCB            40.477      3.665     11.044      0.000


STANDARDIZED MODEL RESULTS


STDYX Standardization

                                                    Two-Tailed
                    Estimate       S.E.  Est./S.E.    P-Value

Within Level

 WASVCB     ON
    CANF6M             0.021      0.032      0.654      0.513
    DEMMAL            -0.032      0.042     -0.749      0.454
    DEMAGE             0.032      0.042      0.743      0.458

 CANF6M   WITH
    DEMMAL             0.135      0.028      4.785      0.000
    DEMAGE            -0.199      0.027     -7.459      0.000

 Means
    DEMAGE             0.000      0.030      0.002      0.998
    DEMMAL             0.000      0.032      0.000      1.000
    CANF6M             0.001      0.000      1.681      0.093

 Variances
    DEMAGE             1.000      0.000    999.000    999.000
    DEMMAL             1.000      0.000    999.000    999.000
    CANF6M             1.000      0.000    999.000    999.000

 Residual Variances
    WASVCB             0.998      0.003    299.834      0.000

Between Level

 WASVCB     ON
    CANF6MBW           0.077      0.050      1.524      0.128

 Intercepts
    WASVCB             6.970      0.323     21.551      0.000

 Residual Variances
    WASVCB             0.994      0.008    129.349      0.000


R-SQUARE

Within Level

    Observed                                        Two-Tailed
    Variable        Estimate       S.E.  Est./S.E.    P-Value

    WASVCB             0.002      0.003      0.599      0.549

Between Level

    Observed                                        Two-Tailed
    Variable        Estimate       S.E.  Est./S.E.    P-Value

    WASVCB             0.006      0.008      0.762      0.446


QUALITY OF NUMERICAL RESULTS

     Condition Number for the Information Matrix              0.118E-15
       (ratio of smallest to largest eigenvalue)


CONFIDENCE INTERVALS OF MODEL RESULTS

                  Lower .5%  Lower 2.5%    Lower 5%    Estimate    Upper 5%  Upper 2.5%   Upper .5%

Within Level

 WASVCB   ON
    CANF6M          -0.061      -0.041      -0.031       0.021       0.073       0.083       0.103
    DEMMAL          -1.946      -1.585      -1.401      -0.438       0.525       0.709       1.070
    DEMAGE          -0.238      -0.158      -0.117       0.096       0.309       0.349       0.429

 CANF6M   WITH
    DEMMAL           0.198       0.256       0.286       0.441       0.597       0.626       0.684
    DEMAGE          -4.110      -3.837      -3.697      -2.967      -2.237      -2.097      -1.824

 Means
    DEMAGE          -0.172      -0.131      -0.110       0.000       0.110       0.131       0.173
    DEMMAL          -0.040      -0.030      -0.025       0.000       0.025       0.030       0.040
    CANF6M          -0.002      -0.001       0.000       0.004       0.009       0.009       0.011

 Variances
    DEMAGE           4.220       4.363       4.436       4.818       5.200       5.273       5.416
    DEMMAL           0.220       0.222       0.224       0.231       0.238       0.239       0.242
    CANF6M          38.587      40.379      41.296      46.085      50.873      51.790      53.583

 Residual Variances
    WASVCB          37.426      39.086      39.935      44.368      48.801      49.650      51.309

Between Level

 WASVCB   ON
    CANF6MBW        -0.038      -0.016      -0.004       0.054       0.113       0.125       0.147

 Intercepts
    WASVCB          43.603      43.811      43.918      44.476      45.034      45.140      45.349

 Residual Variances
    WASVCB          31.036      33.293      34.448      40.477      46.506      47.660      49.917


CONFIDENCE INTERVALS OF STANDARDIZED MODEL RESULTS


STDYX Standardization

                  Lower .5%  Lower 2.5%    Lower 5%    Estimate    Upper 5%  Upper 2.5%   Upper .5%

Within Level

 WASVCB   ON
    CANF6M          -0.062      -0.042      -0.032       0.021       0.075       0.085       0.105
    DEMMAL          -0.140      -0.114      -0.101      -0.032       0.038       0.051       0.077
    DEMAGE          -0.078      -0.052      -0.038       0.032       0.101       0.115       0.141

 CANF6M   WITH
    DEMMAL           0.062       0.080       0.089       0.135       0.182       0.191       0.208
    DEMAGE          -0.268      -0.251      -0.243      -0.199      -0.155      -0.147      -0.130

 Means
    DEMAGE          -0.078      -0.060      -0.050       0.000       0.050       0.060       0.079
    DEMMAL          -0.082      -0.063      -0.053       0.000       0.053       0.063       0.082
    CANF6M           0.000       0.000       0.000       0.001       0.001       0.001       0.002

 Variances
    DEMAGE           1.000       1.000       1.000       1.000       1.000       1.000       1.000
    DEMMAL           1.000       1.000       1.000       1.000       1.000       1.000       1.000
    CANF6M           1.000       1.000       1.000       1.000       1.000       1.000       1.000

 Residual Variances
    WASVCB           0.989       0.991       0.993       0.998       1.003       1.005       1.007

Between Level

 WASVCB   ON
    CANF6MBW        -0.053      -0.022      -0.006       0.077       0.159       0.175       0.206

 Intercepts
    WASVCB           6.137       6.336       6.438       6.970       7.502       7.604       7.803

 Residual Variances
    WASVCB           0.974       0.979       0.982       0.994       1.007       1.009       1.014


TECHNICAL 1 OUTPUT


     PARAMETER SPECIFICATION FOR WITHIN


           NU
              WASVCB        DEMAGE        DEMMAL        CANF6M        CANF6MBW
              ________      ________      ________      ________      ________
 1                  0             0             0             0             0


           LAMBDA
              WASVCB        DEMAGE        DEMMAL        CANF6M        CANF6MBW
              ________      ________      ________      ________      ________
 WASVCB             0             0             0             0             0
 DEMAGE             0             0             0             0             0
 DEMMAL             0             0             0             0             0
 CANF6M             0             0             0             0             0
 CANF6MBW           0             0             0             0             0


           THETA
              WASVCB        DEMAGE        DEMMAL        CANF6M        CANF6MBW
              ________      ________      ________      ________      ________
 WASVCB             0
 DEMAGE             0             0
 DEMMAL             0             0             0
 CANF6M             0             0             0             0
 CANF6MBW           0             0             0             0             0


           ALPHA
              WASVCB        DEMAGE        DEMMAL        CANF6M        CANF6MBW
              ________      ________      ________      ________      ________
 1                  0             1             2             3             0


           BETA
              WASVCB        DEMAGE        DEMMAL        CANF6M        CANF6MBW
              ________      ________      ________      ________      ________
 WASVCB             0             4             5             6             0
 DEMAGE             0             0             0             0             0
 DEMMAL             0             0             0             0             0
 CANF6M             0             0             0             0             0
 CANF6MBW           0             0             0             0             0


           PSI
              WASVCB        DEMAGE        DEMMAL        CANF6M        CANF6MBW
              ________      ________      ________      ________      ________
 WASVCB             7
 DEMAGE             0             8
 DEMMAL             0             0             9
 CANF6M             0            10            11            12
 CANF6MBW           0             0             0             0             0


     PARAMETER SPECIFICATION FOR BETWEEN


           NU
              WASVCB        DEMAGE        DEMMAL        CANF6M        CANF6MBW
              ________      ________      ________      ________      ________
 1                  0             0             0             0             0


           LAMBDA
              WASVCB        DEMAGE        DEMMAL        CANF6M        CANF6MBW
              ________      ________      ________      ________      ________
 WASVCB             0             0             0             0             0
 DEMAGE             0             0             0             0             0
 DEMMAL             0             0             0             0             0
 CANF6M             0             0             0             0             0
 CANF6MBW           0             0             0             0             0


           THETA
              WASVCB        DEMAGE        DEMMAL        CANF6M        CANF6MBW
              ________      ________      ________      ________      ________
 WASVCB             0
 DEMAGE             0             0
 DEMMAL             0             0             0
 CANF6M             0             0             0             0
 CANF6MBW           0             0             0             0             0


           ALPHA
              WASVCB        DEMAGE        DEMMAL        CANF6M        CANF6MBW
              ________      ________      ________      ________      ________
 1                 13             0             0             0             0


           BETA
              WASVCB        DEMAGE        DEMMAL        CANF6M        CANF6MBW
              ________      ________      ________      ________      ________
 WASVCB             0             0             0             0            14
 DEMAGE             0             0             0             0             0
 DEMMAL             0             0             0             0             0
 CANF6M             0             0             0             0             0
 CANF6MBW           0             0             0             0             0


           PSI
              WASVCB        DEMAGE        DEMMAL        CANF6M        CANF6MBW
              ________      ________      ________      ________      ________
 WASVCB            15
 DEMAGE             0             0
 DEMMAL             0             0             0
 CANF6M             0             0             0             0
 CANF6MBW           0             0             0             0             0


     STARTING VALUES FOR WITHIN


           NU
              WASVCB        DEMAGE        DEMMAL        CANF6M        CANF6MBW
              ________      ________      ________      ________      ________
 1              0.000         0.000         0.000         0.000         0.000


           LAMBDA
              WASVCB        DEMAGE        DEMMAL        CANF6M        CANF6MBW
              ________      ________      ________      ________      ________
 WASVCB         1.000         0.000         0.000         0.000         0.000
 DEMAGE         0.000         1.000         0.000         0.000         0.000
 DEMMAL         0.000         0.000         1.000         0.000         0.000
 CANF6M         0.000         0.000         0.000         1.000         0.000
 CANF6MBW       0.000         0.000         0.000         0.000         1.000


           THETA
              WASVCB        DEMAGE        DEMMAL        CANF6M        CANF6MBW
              ________      ________      ________      ________      ________
 WASVCB         0.000
 DEMAGE         0.000         0.000
 DEMMAL         0.000         0.000         0.000
 CANF6M         0.000         0.000         0.000         0.000
 CANF6MBW       0.000         0.000         0.000         0.000         0.000


           ALPHA
              WASVCB        DEMAGE        DEMMAL        CANF6M        CANF6MBW
              ________      ________      ________      ________      ________
 1              0.000         0.000         0.000         0.000         0.000


           BETA
              WASVCB        DEMAGE        DEMMAL        CANF6M        CANF6MBW
              ________      ________      ________      ________      ________
 WASVCB         0.000         0.000         0.000         0.000         0.000
 DEMAGE         0.000         0.000         0.000         0.000         0.000
 DEMMAL         0.000         0.000         0.000         0.000         0.000
 CANF6M         0.000         0.000         0.000         0.000         0.000
 CANF6MBW       0.000         0.000         0.000         0.000         0.000


           PSI
              WASVCB        DEMAGE        DEMMAL        CANF6M        CANF6MBW
              ________      ________      ________      ________      ________
 WASVCB        43.035
 DEMAGE         0.000         2.409
 DEMMAL         0.000         0.000         0.115
 CANF6M         0.000         0.000         0.000        23.240
 CANF6MBW       0.000         0.000         0.000         0.000         0.000


     STARTING VALUES FOR BETWEEN


           NU
              WASVCB        DEMAGE        DEMMAL        CANF6M        CANF6MBW
              ________      ________      ________      ________      ________
 1              0.000         0.000         0.000         0.000         0.000


           LAMBDA
              WASVCB        DEMAGE        DEMMAL        CANF6M        CANF6MBW
              ________      ________      ________      ________      ________
 WASVCB         1.000         0.000         0.000         0.000         0.000
 DEMAGE         0.000         1.000         0.000         0.000         0.000
 DEMMAL         0.000         0.000         1.000         0.000         0.000
 CANF6M         0.000         0.000         0.000         1.000         0.000
 CANF6MBW       0.000         0.000         0.000         0.000         1.000


           THETA
              WASVCB        DEMAGE        DEMMAL        CANF6M        CANF6MBW
              ________      ________      ________      ________      ________
 WASVCB         0.000
 DEMAGE         0.000         0.000
 DEMMAL         0.000         0.000         0.000
 CANF6M         0.000         0.000         0.000         0.000
 CANF6MBW       0.000         0.000         0.000         0.000         0.000


           ALPHA
              WASVCB        DEMAGE        DEMMAL        CANF6M        CANF6MBW
              ________      ________      ________      ________      ________
 1             44.406         0.000         0.000         0.000         0.000


           BETA
              WASVCB        DEMAGE        DEMMAL        CANF6M        CANF6MBW
              ________      ________      ________      ________      ________
 WASVCB         0.000         0.000         0.000         0.000         0.000
 DEMAGE         0.000         0.000         0.000         0.000         0.000
 DEMMAL         0.000         0.000         0.000         0.000         0.000
 CANF6M         0.000         0.000         0.000         0.000         0.000
 CANF6MBW       0.000         0.000         0.000         0.000         0.000


           PSI
              WASVCB        DEMAGE        DEMMAL        CANF6M        CANF6MBW
              ________      ________      ________      ________      ________
 WASVCB        43.035
 DEMAGE         0.000         0.000
 DEMMAL         0.000         0.000         0.000
 CANF6M         0.000         0.000         0.000         0.000
 CANF6MBW       0.000         0.000         0.000         0.000        35.867


SAMPLE STATISTICS FOR ESTIMATED FACTOR SCORES


     SAMPLE STATISTICS


           Means
              B_WASVCB
              ________
 1             44.406


           Covariances
              B_WASVCB
              ________
 B_WASVCB      27.412


           Correlations
              B_WASVCB
              ________
 B_WASVCB       1.000


PLOT INFORMATION

The following plots are available:

  Histograms (sample values)
  Scatterplots (sample values)

     Beginning Time:  15:57:59
        Ending Time:  15:58:00
       Elapsed Time:  00:00:01



MUTHEN & MUTHEN
3463 Stoner Ave.
Los Angeles, CA  90066

Tel: (310) 391-9971
Fax: (310) 391-8971
Web: www.StatModel.com
Support: Support@StatModel.com

Copyright (c) 1998-2015 Muthen & Muthen
