Mplus VERSION 7.4 (Mac)
MUTHEN & MUTHEN
05/06/2020   3:57 PM

INPUT INSTRUCTIONS


  TITLE: CANF6M_WASDGT_1;

  DATA:
  	FILE = GD190618rr.csv;

  VARIABLE:
  	NAMES =
  			ID_Fam   Wave     ID_MPL
  			DEMMAL   DEMAGE   DEMHSP   DEMRAC
  			SRPWCR
  			WASVCB   WASBLK   WASDGT   WSISUM
  			TRLATS   TRLBTS
  			CVLASF   CVLASC   CVLALF   CVLALC
  			CVLCOM
  			CANEVR   CANONS   CANFLF
  			CANFTY   CANF6M   CANAC6
  			CANYRS
  			ALCEVR   ALCONS   ALCFLF
  			ALCFTY   ALCF6M   ALCAC6
  			ALCYRS
  			SRPWCRDt WASVCBDt WASBLKDt
  			WASDGTDt WSISUMDt TRLATSDt
  			TRLBTSDt CVLASFDt CVLASCDt
  			CVLALFDt CVLALCDt CVLCOMDt
  		;
  	USEVARIABLES =
  		! outcome
    			WASDGT
    		! covariates
    			DEMAGE
    			DEMMAL  		
    		! within predictor
    			CANF6M
    		! between predictor
    			CANF6MBW
    		;
    	USEOBSERVATION =
    			(Wave EQ 1 AND WASDGTDt EQ 1)
    		;
    	CLUSTER =
    			ID_Fam
    		;
    	MISSING = .;
    	BETWEEN =   		
    			CANF6MBW
    		;
    	WITHIN  		
    			CANF6M
    			DEMAGE
    			DEMMAL
    		;  		

  DEFINE:
  	! CREATE BW FAM PREDICTOR
  		CANF6MBW = cluster_mean (CANF6M);
  	! CENTER WI FAM VARIABLES
  		CENTER CANF6M (GROUPMEAN);
  		CENTER DEMMAL (GRANDMEAN);
  		CENTER DEMAGE (GRANDMEAN);
  	! CENTER BW FAM VARIABLES
  		CENTER CANF6MBW (GRANDMEAN);

  ANALYSIS:
          ITERATIONS = 1000000;
          TYPE = TWOLEVEL RANDOM;
          ALGORITHM = INTEGRATION;

  OUTPUT:
  	SAMPSTAT STDYX TECH1 CINT;

  MODEL:
  %WITHIN%
  	WASDGT on CANF6M;
  	WASDGT on  DEMMAL DEMAGE;	
  	WASDGT*;
  	CANF6M WITH DEMMAL*;
  	CANF6M WITH DEMAGE*;

  %BETWEEN%
  	WASDGT on CANF6MBW;
  	WASDGT*;

  PLOT:
  	TYPE = plot3;



*** WARNING
  Data set contains cases with missing on all variables except
  x-variables.  These cases were not included in the analysis.
  Number of cases with missing on all variables except x-variables:  1
   1 WARNING(S) FOUND IN THE INPUT INSTRUCTIONS



CANF6M_WASDGT_1;

SUMMARY OF ANALYSIS

Number of groups                                                 1
Number of observations                                         481

Number of dependent variables                                    1
Number of independent variables                                  4
Number of continuous latent variables                            0

Observed dependent variables

  Continuous
   WASDGT

Observed independent variables
   DEMAGE      DEMMAL      CANF6M      CANF6MBW

Variables with special functions

  Cluster variable      ID_FAM

  Within variables
   DEMAGE      DEMMAL      CANF6M

  Between variables
   CANF6MBW

  Centering (GRANDMEAN)
   DEMMAL      DEMAGE      CANF6MBW

  Centering (GROUPMEAN)
   CANF6M


Estimator                                                      MLR
Information matrix                                        OBSERVED
Optimization Specifications for the Quasi-Newton Algorithm for
Continuous Outcomes
  Maximum number of iterations                             1000000
  Convergence criterion                                  0.100D-05
Optimization Specifications for the EM Algorithm
  Maximum number of iterations                                 500
  Convergence criteria
    Loglikelihood change                                 0.100D-02
    Relative loglikelihood change                        0.100D-05
    Derivative                                           0.100D-02
Optimization Specifications for the M step of the EM Algorithm for
Categorical Latent variables
  Number of M step iterations                                    1
  M step convergence criterion                           0.100D-02
  Basis for M step termination                           ITERATION
Optimization Specifications for the M step of the EM Algorithm for
Censored, Binary or Ordered Categorical (Ordinal), Unordered
Categorical (Nominal) and Count Outcomes
  Number of M step iterations                                    1
  M step convergence criterion                           0.100D-02
  Basis for M step termination                           ITERATION
  Maximum value for logit thresholds                            15
  Minimum value for logit thresholds                           -15
  Minimum expected cell size for chi-square              0.100D-01
Maximum number of iterations for H1                           2000
Convergence criterion for H1                             0.100D-03
Optimization algorithm                                         EMA
Integration Specifications
  Type                                                    STANDARD
  Number of integration points                                  15
  Dimensions of numerical integration                            0
  Adaptive quadrature                                           ON
Cholesky                                                       OFF

Input data file(s)
  GD190618rr.csv
Input data format  FREE


SUMMARY OF DATA

     Number of missing data patterns             3
     Number of clusters                        244



COVARIANCE COVERAGE OF DATA

Minimum covariance coverage value   0.100


     PROPORTION OF DATA PRESENT FOR Y


           Covariance Coverage
              WASDGT        DEMAGE        DEMMAL        CANF6M        CANF6MBW
              ________      ________      ________      ________      ________
 WASDGT         0.998
 DEMAGE         0.996         0.998
 DEMMAL         0.998         0.998         1.000
 CANF6M         0.998         0.998         1.000         1.000
 CANF6MBW       0.998         0.998         1.000         1.000         1.000


SAMPLE STATISTICS


     ESTIMATED SAMPLE STATISTICS


           Means
              WASDGT        DEMAGE        DEMMAL        CANF6M        CANF6MBW
              ________      ________      ________      ________      ________
 1              9.354         0.001         0.000         0.000         0.000


           Covariances
              WASDGT        DEMAGE        DEMMAL        CANF6M        CANF6MBW
              ________      ________      ________      ________      ________
 WASDGT         6.362
 DEMAGE        -0.231         4.416
 DEMMAL         0.093        -0.118         0.247
 CANF6M         0.123        -1.923         0.244        42.417
 CANF6MBW       2.909         0.485         0.499         0.000        71.512


           Correlations
              WASDGT        DEMAGE        DEMMAL        CANF6M        CANF6MBW
              ________      ________      ________      ________      ________
 WASDGT         1.000
 DEMAGE        -0.044         1.000
 DEMMAL         0.074        -0.113         1.000
 CANF6M         0.008        -0.140         0.075         1.000
 CANF6MBW       0.136         0.027         0.119         0.000         1.000


     MAXIMUM LOG-LIKELIHOOD VALUE FOR THE UNRESTRICTED (H1) MODEL IS -5783.764


UNIVARIATE SAMPLE STATISTICS


     UNIVARIATE HIGHER-ORDER MOMENT DESCRIPTIVE STATISTICS

         Variable/         Mean/     Skewness/   Minimum/ % with                Percentiles
        Sample Size      Variance    Kurtosis    Maximum  Min/Max      20%/60%    40%/80%    Median

     WASDGT                9.354       0.488       3.000    0.21%       7.000      8.000      9.000
             480.000       6.362       0.244      17.000    0.62%      10.000     11.000
     DEMAGE                0.000       1.052      -3.627    0.21%      -1.747     -0.827     -0.432
             480.000       4.416       0.855       7.263    0.21%       0.053      1.353
     DEMMAL                0.000      -0.222      -0.555   44.49%      -0.555     -0.555      0.445
             481.000       0.247      -1.951       0.445   55.51%       0.445      0.445
     CANF6M                0.000       0.043     -15.000    2.49%      -4.000     -0.080      0.000
             481.000      42.417       0.792      19.780    0.21%       0.000      3.915
     CANF6MBW              0.125       1.181      -7.285   16.39%      -7.200     -5.620     -3.200
             244.000      75.159       0.457      22.715    4.51%      -0.950      7.715

     THE STANDARD ERRORS OF THE MODEL PARAMETER ESTIMATES MAY NOT BE
     TRUSTWORTHY FOR SOME PARAMETERS DUE TO A NON-POSITIVE DEFINITE
     FIRST-ORDER DERIVATIVE PRODUCT MATRIX.  THIS MAY BE DUE TO THE STARTING
     VALUES BUT MAY ALSO BE AN INDICATION OF MODEL NONIDENTIFICATION.  THE
     CONDITION NUMBER IS       0.589D-16.  PROBLEM INVOLVING THE FOLLOWING PARAMETER:
     Parameter 3, %WITHIN%: [ CANF6M ]


THE MODEL ESTIMATION TERMINATED NORMALLY



MODEL FIT INFORMATION

Number of Free Parameters                       15

Loglikelihood

          H0 Value                       -4067.666
          H0 Scaling Correction Factor      0.9946
            for MLR

Information Criteria

          Akaike (AIC)                    8165.332
          Bayesian (BIC)                  8227.970
          Sample-Size Adjusted BIC        8180.361
            (n* = (n + 2) / 24)



MODEL RESULTS

                                                    Two-Tailed
                    Estimate       S.E.  Est./S.E.    P-Value

Within Level

 WASDGT     ON
    CANF6M             0.002      0.013      0.152      0.879
    DEMMAL             0.123      0.228      0.540      0.589
    DEMAGE            -0.004      0.053     -0.079      0.937

 CANF6M   WITH
    DEMMAL             0.195      0.136      1.437      0.151
    DEMAGE            -1.827      0.612     -2.984      0.003

 Means
    DEMAGE             0.000      0.095      0.004      0.997
    DEMMAL             0.000      0.025      0.000      1.000
    CANF6M             0.000      0.000      0.093      0.926

 Variances
    DEMAGE             4.416      0.323     13.651      0.000
    DEMMAL             0.247      0.003     88.464      0.000
    CANF6M            42.340      4.518      9.371      0.000

 Residual Variances
    WASDGT             4.155      0.393     10.567      0.000

Between Level

 WASDGT     ON
    CANF6MBW           0.040      0.015      2.666      0.008

 Intercepts
    WASDGT             9.358      0.132     71.071      0.000

 Residual Variances
    WASDGT             2.083      0.461      4.520      0.000


STANDARDIZED MODEL RESULTS


STDYX Standardization

                                                    Two-Tailed
                    Estimate       S.E.  Est./S.E.    P-Value

Within Level

 WASDGT     ON
    CANF6M             0.006      0.042      0.152      0.879
    DEMMAL             0.030      0.056      0.541      0.588
    DEMAGE            -0.004      0.054     -0.079      0.937

 CANF6M   WITH
    DEMMAL             0.060      0.042      1.450      0.147
    DEMAGE            -0.134      0.041     -3.232      0.001

 Means
    DEMAGE             0.000      0.045      0.004      0.997
    DEMMAL             0.000      0.051      0.000      1.000
    CANF6M             0.000      0.000      0.093      0.926

 Variances
    DEMAGE             1.000      0.000    999.000    999.000
    DEMMAL             1.000      0.000    999.000    999.000
    CANF6M             1.000      0.000    999.000    999.000

 Residual Variances
    WASDGT             0.999      0.003    301.543      0.000

Between Level

 WASDGT     ON
    CANF6MBW           0.233      0.090      2.596      0.009

 Intercepts
    WASDGT             6.305      0.642      9.817      0.000

 Residual Variances
    WASDGT             0.946      0.042     22.546      0.000


R-SQUARE

Within Level

    Observed                                        Two-Tailed
    Variable        Estimate       S.E.  Est./S.E.    P-Value

    WASDGT             0.001      0.003      0.300      0.764

Between Level

    Observed                                        Two-Tailed
    Variable        Estimate       S.E.  Est./S.E.    P-Value

    WASDGT             0.054      0.042      1.298      0.194


QUALITY OF NUMERICAL RESULTS

     Condition Number for the Information Matrix              0.589E-16
       (ratio of smallest to largest eigenvalue)


CONFIDENCE INTERVALS OF MODEL RESULTS

                  Lower .5%  Lower 2.5%    Lower 5%    Estimate    Upper 5%  Upper 2.5%   Upper .5%

Within Level

 WASDGT   ON
    CANF6M          -0.032      -0.024      -0.020       0.002       0.024       0.028       0.036
    DEMMAL          -0.465      -0.324      -0.252       0.123       0.499       0.571       0.712
    DEMAGE          -0.139      -0.107      -0.091      -0.004       0.082       0.099       0.131

 CANF6M   WITH
    DEMMAL          -0.154      -0.071      -0.028       0.195       0.418       0.460       0.544
    DEMAGE          -3.405      -3.028      -2.835      -1.827      -0.820      -0.627      -0.250

 Means
    DEMAGE          -0.244      -0.185      -0.156       0.000       0.156       0.186       0.245
    DEMMAL          -0.065      -0.050      -0.042       0.000       0.042       0.050       0.065
    CANF6M           0.000       0.000       0.000       0.000       0.000       0.000       0.000

 Variances
    DEMAGE           3.583       3.782       3.884       4.416       4.948       5.050       5.249
    DEMMAL           0.240       0.241       0.242       0.247       0.252       0.252       0.254
    CANF6M          30.703      33.485      34.908      42.340      49.772      51.195      53.978

 Residual Variances
    WASDGT           3.142       3.384       3.508       4.155       4.801       4.925       5.167

Between Level

 WASDGT   ON
    CANF6MBW         0.001       0.011       0.015       0.040       0.065       0.069       0.079

 Intercepts
    WASDGT           9.019       9.100       9.142       9.358       9.575       9.616       9.697

 Residual Variances
    WASDGT           0.896       1.180       1.325       2.083       2.841       2.987       3.270


CONFIDENCE INTERVALS OF STANDARDIZED MODEL RESULTS


STDYX Standardization

                  Lower .5%  Lower 2.5%    Lower 5%    Estimate    Upper 5%  Upper 2.5%   Upper .5%

Within Level

 WASDGT   ON
    CANF6M          -0.102      -0.076      -0.063       0.006       0.076       0.089       0.115
    DEMMAL          -0.113      -0.079      -0.061       0.030       0.121       0.139       0.173
    DEMAGE          -0.144      -0.110      -0.093      -0.004       0.085       0.102       0.135

 CANF6M   WITH
    DEMMAL          -0.047      -0.021      -0.008       0.060       0.129       0.142       0.167
    DEMAGE          -0.240      -0.215      -0.202      -0.134      -0.066      -0.053      -0.027

 Means
    DEMAGE          -0.116      -0.088      -0.074       0.000       0.074       0.089       0.116
    DEMMAL          -0.131      -0.100      -0.084       0.000       0.084       0.100       0.131
    CANF6M           0.000       0.000       0.000       0.000       0.000       0.000       0.000

 Variances
    DEMAGE           1.000       1.000       1.000       1.000       1.000       1.000       1.000
    DEMMAL           1.000       1.000       1.000       1.000       1.000       1.000       1.000
    CANF6M           1.000       1.000       1.000       1.000       1.000       1.000       1.000

 Residual Variances
    WASDGT           0.990       0.993       0.994       0.999       1.004       1.005       1.008

Between Level

 WASDGT   ON
    CANF6MBW         0.002       0.057       0.085       0.233       0.381       0.409       0.465

 Intercepts
    WASDGT           4.650       5.046       5.248       6.305       7.361       7.564       7.959

 Residual Variances
    WASDGT           0.838       0.863       0.877       0.946       1.015       1.028       1.054


TECHNICAL 1 OUTPUT


     PARAMETER SPECIFICATION FOR WITHIN


           NU
              WASDGT        DEMAGE        DEMMAL        CANF6M        CANF6MBW
              ________      ________      ________      ________      ________
 1                  0             0             0             0             0


           LAMBDA
              WASDGT        DEMAGE        DEMMAL        CANF6M        CANF6MBW
              ________      ________      ________      ________      ________
 WASDGT             0             0             0             0             0
 DEMAGE             0             0             0             0             0
 DEMMAL             0             0             0             0             0
 CANF6M             0             0             0             0             0
 CANF6MBW           0             0             0             0             0


           THETA
              WASDGT        DEMAGE        DEMMAL        CANF6M        CANF6MBW
              ________      ________      ________      ________      ________
 WASDGT             0
 DEMAGE             0             0
 DEMMAL             0             0             0
 CANF6M             0             0             0             0
 CANF6MBW           0             0             0             0             0


           ALPHA
              WASDGT        DEMAGE        DEMMAL        CANF6M        CANF6MBW
              ________      ________      ________      ________      ________
 1                  0             1             2             3             0


           BETA
              WASDGT        DEMAGE        DEMMAL        CANF6M        CANF6MBW
              ________      ________      ________      ________      ________
 WASDGT             0             4             5             6             0
 DEMAGE             0             0             0             0             0
 DEMMAL             0             0             0             0             0
 CANF6M             0             0             0             0             0
 CANF6MBW           0             0             0             0             0


           PSI
              WASDGT        DEMAGE        DEMMAL        CANF6M        CANF6MBW
              ________      ________      ________      ________      ________
 WASDGT             7
 DEMAGE             0             8
 DEMMAL             0             0             9
 CANF6M             0            10            11            12
 CANF6MBW           0             0             0             0             0


     PARAMETER SPECIFICATION FOR BETWEEN


           NU
              WASDGT        DEMAGE        DEMMAL        CANF6M        CANF6MBW
              ________      ________      ________      ________      ________
 1                  0             0             0             0             0


           LAMBDA
              WASDGT        DEMAGE        DEMMAL        CANF6M        CANF6MBW
              ________      ________      ________      ________      ________
 WASDGT             0             0             0             0             0
 DEMAGE             0             0             0             0             0
 DEMMAL             0             0             0             0             0
 CANF6M             0             0             0             0             0
 CANF6MBW           0             0             0             0             0


           THETA
              WASDGT        DEMAGE        DEMMAL        CANF6M        CANF6MBW
              ________      ________      ________      ________      ________
 WASDGT             0
 DEMAGE             0             0
 DEMMAL             0             0             0
 CANF6M             0             0             0             0
 CANF6MBW           0             0             0             0             0


           ALPHA
              WASDGT        DEMAGE        DEMMAL        CANF6M        CANF6MBW
              ________      ________      ________      ________      ________
 1                 13             0             0             0             0


           BETA
              WASDGT        DEMAGE        DEMMAL        CANF6M        CANF6MBW
              ________      ________      ________      ________      ________
 WASDGT             0             0             0             0            14
 DEMAGE             0             0             0             0             0
 DEMMAL             0             0             0             0             0
 CANF6M             0             0             0             0             0
 CANF6MBW           0             0             0             0             0


           PSI
              WASDGT        DEMAGE        DEMMAL        CANF6M        CANF6MBW
              ________      ________      ________      ________      ________
 WASDGT            15
 DEMAGE             0             0
 DEMMAL             0             0             0
 CANF6M             0             0             0             0
 CANF6MBW           0             0             0             0             0


     STARTING VALUES FOR WITHIN


           NU
              WASDGT        DEMAGE        DEMMAL        CANF6M        CANF6MBW
              ________      ________      ________      ________      ________
 1              0.000         0.000         0.000         0.000         0.000


           LAMBDA
              WASDGT        DEMAGE        DEMMAL        CANF6M        CANF6MBW
              ________      ________      ________      ________      ________
 WASDGT         1.000         0.000         0.000         0.000         0.000
 DEMAGE         0.000         1.000         0.000         0.000         0.000
 DEMMAL         0.000         0.000         1.000         0.000         0.000
 CANF6M         0.000         0.000         0.000         1.000         0.000
 CANF6MBW       0.000         0.000         0.000         0.000         1.000


           THETA
              WASDGT        DEMAGE        DEMMAL        CANF6M        CANF6MBW
              ________      ________      ________      ________      ________
 WASDGT         0.000
 DEMAGE         0.000         0.000
 DEMMAL         0.000         0.000         0.000
 CANF6M         0.000         0.000         0.000         0.000
 CANF6MBW       0.000         0.000         0.000         0.000         0.000


           ALPHA
              WASDGT        DEMAGE        DEMMAL        CANF6M        CANF6MBW
              ________      ________      ________      ________      ________
 1              0.000         0.000         0.000         0.000         0.000


           BETA
              WASDGT        DEMAGE        DEMMAL        CANF6M        CANF6MBW
              ________      ________      ________      ________      ________
 WASDGT         0.000         0.000         0.000         0.000         0.000
 DEMAGE         0.000         0.000         0.000         0.000         0.000
 DEMMAL         0.000         0.000         0.000         0.000         0.000
 CANF6M         0.000         0.000         0.000         0.000         0.000
 CANF6MBW       0.000         0.000         0.000         0.000         0.000


           PSI
              WASDGT        DEMAGE        DEMMAL        CANF6M        CANF6MBW
              ________      ________      ________      ________      ________
 WASDGT         3.181
 DEMAGE         0.000         2.208
 DEMMAL         0.000         0.000         0.123
 CANF6M         0.000         0.000         0.000        21.209
 CANF6MBW       0.000         0.000         0.000         0.000         0.000


     STARTING VALUES FOR BETWEEN


           NU
              WASDGT        DEMAGE        DEMMAL        CANF6M        CANF6MBW
              ________      ________      ________      ________      ________
 1              0.000         0.000         0.000         0.000         0.000


           LAMBDA
              WASDGT        DEMAGE        DEMMAL        CANF6M        CANF6MBW
              ________      ________      ________      ________      ________
 WASDGT         1.000         0.000         0.000         0.000         0.000
 DEMAGE         0.000         1.000         0.000         0.000         0.000
 DEMMAL         0.000         0.000         1.000         0.000         0.000
 CANF6M         0.000         0.000         0.000         1.000         0.000
 CANF6MBW       0.000         0.000         0.000         0.000         1.000


           THETA
              WASDGT        DEMAGE        DEMMAL        CANF6M        CANF6MBW
              ________      ________      ________      ________      ________
 WASDGT         0.000
 DEMAGE         0.000         0.000
 DEMMAL         0.000         0.000         0.000
 CANF6M         0.000         0.000         0.000         0.000
 CANF6MBW       0.000         0.000         0.000         0.000         0.000


           ALPHA
              WASDGT        DEMAGE        DEMMAL        CANF6M        CANF6MBW
              ________      ________      ________      ________      ________
 1              9.354         0.000         0.000         0.000         0.000


           BETA
              WASDGT        DEMAGE        DEMMAL        CANF6M        CANF6MBW
              ________      ________      ________      ________      ________
 WASDGT         0.000         0.000         0.000         0.000         0.000
 DEMAGE         0.000         0.000         0.000         0.000         0.000
 DEMMAL         0.000         0.000         0.000         0.000         0.000
 CANF6M         0.000         0.000         0.000         0.000         0.000
 CANF6MBW       0.000         0.000         0.000         0.000         0.000


           PSI
              WASDGT        DEMAGE        DEMMAL        CANF6M        CANF6MBW
              ________      ________      ________      ________      ________
 WASDGT         3.181
 DEMAGE         0.000         0.000
 DEMMAL         0.000         0.000         0.000
 CANF6M         0.000         0.000         0.000         0.000
 CANF6MBW       0.000         0.000         0.000         0.000        35.756


SAMPLE STATISTICS FOR ESTIMATED FACTOR SCORES


     SAMPLE STATISTICS


           Means
              B_WASDGT
              ________
 1              9.354


           Covariances
              B_WASDGT
              ________
 B_WASDGT       1.156


           Correlations
              B_WASDGT
              ________
 B_WASDGT       1.000


PLOT INFORMATION

The following plots are available:

  Histograms (sample values)
  Scatterplots (sample values)

     Beginning Time:  15:57:58
        Ending Time:  15:57:59
       Elapsed Time:  00:00:01



MUTHEN & MUTHEN
3463 Stoner Ave.
Los Angeles, CA  90066

Tel: (310) 391-9971
Fax: (310) 391-8971
Web: www.StatModel.com
Support: Support@StatModel.com

Copyright (c) 1998-2015 Muthen & Muthen
