Mplus VERSION 7.4 (Mac)
MUTHEN & MUTHEN
05/06/2020   3:58 PM

INPUT INSTRUCTIONS


  TITLE: CANFLF_CVLCOM_1;

  DATA:
  	FILE = GD190618rr.csv;

  VARIABLE:
  	NAMES =
  			ID_Fam   Wave     ID_MPL
  			DEMMAL   DEMAGE   DEMHSP   DEMRAC
  			SRPWCR
  			WASVCB   WASBLK   WASDGT   WSISUM
  			TRLATS   TRLBTS
  			CVLASF   CVLASC   CVLALF   CVLALC
  			CVLCOM
  			CANEVR   CANONS   CANFLF
  			CANFTY   CANF6M   CANAC6
  			CANYRS
  			ALCEVR   ALCONS   ALCFLF
  			ALCFTY   ALCF6M   ALCAC6
  			ALCYRS
  			SRPWCRDt WASVCBDt WASBLKDt
  			WASDGTDt WSISUMDt TRLATSDt
  			TRLBTSDt CVLASFDt CVLASCDt
  			CVLALFDt CVLALCDt CVLCOMDt
  		;
  	USEVARIABLES =
  		! outcome
    			CVLCOM
    		! covariates
    			DEMAGE
    			DEMMAL  		
    		! within predictor
    			CANFLF
    		! between predictor
    			CANFLFBW
    		;
    	USEOBSERVATION =
    			(Wave EQ 1 AND CVLCOMDt EQ 1)
    		;
    	CLUSTER =
    			ID_Fam
    		;
    	MISSING = .;
    	BETWEEN =   		
    			CANFLFBW
    		;
    	WITHIN  		
    			CANFLF
    			DEMAGE
    			DEMMAL
    		;  		

  DEFINE:
  	! CREATE BW FAM PREDICTOR
  		CANFLFBW = cluster_mean (CANFLF);
  	! CENTER WI FAM VARIABLES
  		CENTER CANFLF (GROUPMEAN);
  		CENTER DEMMAL (GRANDMEAN);
  		CENTER DEMAGE (GRANDMEAN);
  	! CENTER BW FAM VARIABLES
  		CENTER CANFLFBW (GRANDMEAN);

  ANALYSIS:
          ITERATIONS = 1000000;
          TYPE = TWOLEVEL RANDOM;
          ALGORITHM = INTEGRATION;

  OUTPUT:
  	SAMPSTAT STDYX TECH1 CINT;

  MODEL:
  %WITHIN%
  	CVLCOM on CANFLF;
  	CVLCOM on  DEMMAL DEMAGE;	
  	CVLCOM*;
  	CANFLF WITH DEMMAL*;
  	CANFLF WITH DEMAGE*;

  %BETWEEN%
  	CVLCOM on CANFLFBW;
  	CVLCOM*;

  PLOT:
  	TYPE = plot3;



*** WARNING
  Data set contains cases with missing on x-variables.
  These cases were not included in the analysis.
  Number of cases with missing on x-variables:  35
*** WARNING
  Data set contains cases with missing on all variables except
  x-variables.  These cases were not included in the analysis.
  Number of cases with missing on all variables except x-variables:  1
   2 WARNING(S) FOUND IN THE INPUT INSTRUCTIONS



CANFLF_CVLCOM_1;

SUMMARY OF ANALYSIS

Number of groups                                                 1
Number of observations                                         444

Number of dependent variables                                    1
Number of independent variables                                  4
Number of continuous latent variables                            0

Observed dependent variables

  Continuous
   CVLCOM

Observed independent variables
   DEMAGE      DEMMAL      CANFLF      CANFLFBW

Variables with special functions

  Cluster variable      ID_FAM

  Within variables
   DEMAGE      DEMMAL      CANFLF

  Between variables
   CANFLFBW

  Centering (GRANDMEAN)
   DEMMAL      DEMAGE      CANFLFBW

  Centering (GROUPMEAN)
   CANFLF


Estimator                                                      MLR
Information matrix                                        OBSERVED
Optimization Specifications for the Quasi-Newton Algorithm for
Continuous Outcomes
  Maximum number of iterations                             1000000
  Convergence criterion                                  0.100D-05
Optimization Specifications for the EM Algorithm
  Maximum number of iterations                                 500
  Convergence criteria
    Loglikelihood change                                 0.100D-02
    Relative loglikelihood change                        0.100D-05
    Derivative                                           0.100D-02
Optimization Specifications for the M step of the EM Algorithm for
Categorical Latent variables
  Number of M step iterations                                    1
  M step convergence criterion                           0.100D-02
  Basis for M step termination                           ITERATION
Optimization Specifications for the M step of the EM Algorithm for
Censored, Binary or Ordered Categorical (Ordinal), Unordered
Categorical (Nominal) and Count Outcomes
  Number of M step iterations                                    1
  M step convergence criterion                           0.100D-02
  Basis for M step termination                           ITERATION
  Maximum value for logit thresholds                            15
  Minimum value for logit thresholds                           -15
  Minimum expected cell size for chi-square              0.100D-01
Maximum number of iterations for H1                           2000
Convergence criterion for H1                             0.100D-03
Optimization algorithm                                         EMA
Integration Specifications
  Type                                                    STANDARD
  Number of integration points                                  15
  Dimensions of numerical integration                            0
  Adaptive quadrature                                           ON
Cholesky                                                       OFF

Input data file(s)
  GD190618rr.csv
Input data format  FREE


SUMMARY OF DATA

     Number of missing data patterns             3
     Number of clusters                        224



COVARIANCE COVERAGE OF DATA

Minimum covariance coverage value   0.100


     PROPORTION OF DATA PRESENT FOR Y


           Covariance Coverage
              CVLCOM        DEMAGE        DEMMAL        CANFLF        CANFLFBW
              ________      ________      ________      ________      ________
 CVLCOM         1.000
 DEMAGE         0.998         0.998
 DEMMAL         1.000         0.998         1.000
 CANFLF         0.971         0.968         0.971         0.971
 CANFLFBW       1.000         0.998         1.000         0.971         1.000


SAMPLE STATISTICS


     ESTIMATED SAMPLE STATISTICS


           Means
              CVLCOM        DEMAGE        DEMMAL        CANFLF        CANFLFBW
              ________      ________      ________      ________      ________
 1             -0.012         0.001         0.000         0.030         0.000


           Covariances
              CVLCOM        DEMAGE        DEMMAL        CANFLF        CANFLFBW
              ________      ________      ________      ________      ________
 CVLCOM         0.823
 DEMAGE        -0.032         4.529
 DEMMAL        -0.066        -0.137         0.247
 CANFLF        -1.844        -8.981         1.366       278.353
 CANFLFBW      -1.935         1.934         1.678        -0.961       426.334


           Correlations
              CVLCOM        DEMAGE        DEMMAL        CANFLF        CANFLFBW
              ________      ________      ________      ________      ________
 CVLCOM         1.000
 DEMAGE        -0.017         1.000
 DEMMAL        -0.146        -0.130         1.000
 CANFLF        -0.122        -0.253         0.165         1.000
 CANFLFBW      -0.103         0.044         0.164        -0.003         1.000


     MAXIMUM LOG-LIKELIHOOD VALUE FOR THE UNRESTRICTED (H1) MODEL IS -5629.659


UNIVARIATE SAMPLE STATISTICS


     UNIVARIATE HIGHER-ORDER MOMENT DESCRIPTIVE STATISTICS

         Variable/         Mean/     Skewness/   Minimum/ % with                Percentiles
        Sample Size      Variance    Kurtosis    Maximum  Min/Max      20%/60%    40%/80%    Median

     CVLCOM               -0.012      -0.918      -4.448    0.45%      -0.584     -0.065      0.065
             444.000       0.823       2.584       1.999    0.45%       0.196      0.708
     DEMAGE                0.000       1.051      -3.620    0.23%      -1.760     -0.850     -0.440
             443.000       4.530       0.808       7.270    0.23%       0.040      1.370
     DEMMAL                0.000      -0.227      -0.556   44.37%      -0.556     -0.556      0.444
             444.000       0.247      -1.949       0.444   55.63%       0.444      0.444
     CANFLF                0.000      -0.021     -40.000    0.23%     -15.000      0.000      0.000
             431.000     278.701      -0.274      37.500    0.23%       0.000     15.000
     CANFLFBW              0.563      -0.504     -38.380    5.36%     -15.880     -6.380     -0.880
             224.000     423.632      -0.947      21.620   39.73%      11.620     21.620

     THE STANDARD ERRORS OF THE MODEL PARAMETER ESTIMATES MAY NOT BE
     TRUSTWORTHY FOR SOME PARAMETERS DUE TO A NON-POSITIVE DEFINITE
     FIRST-ORDER DERIVATIVE PRODUCT MATRIX.  THIS MAY BE DUE TO THE STARTING
     VALUES BUT MAY ALSO BE AN INDICATION OF MODEL NONIDENTIFICATION.  THE
     CONDITION NUMBER IS      -0.258D-16.  PROBLEM INVOLVING THE FOLLOWING PARAMETER:
     Parameter 12, %WITHIN%: CANFLF


THE MODEL ESTIMATION TERMINATED NORMALLY



MODEL FIT INFORMATION

Number of Free Parameters                       15

Loglikelihood

          H0 Value                       -3662.026
          H0 Scaling Correction Factor      1.1259
            for MLR

Information Criteria

          Akaike (AIC)                    7354.052
          Bayesian (BIC)                  7415.490
          Sample-Size Adjusted BIC        7367.886
            (n* = (n + 2) / 24)



MODEL RESULTS

                                                    Two-Tailed
                    Estimate       S.E.  Est./S.E.    P-Value

Within Level

 CVLCOM     ON
    CANFLF            -0.006      0.002     -2.770      0.006
    DEMMAL            -0.204      0.087     -2.356      0.018
    DEMAGE            -0.020      0.018     -1.122      0.262

 CANFLF   WITH
    DEMMAL             1.110      0.370      3.002      0.003
    DEMAGE            -8.365      1.770     -4.727      0.000

 Means
    DEMAGE             0.000      0.099      0.000      1.000
    DEMMAL             0.000      0.026      0.000      1.000
    CANFLF             0.024      0.032      0.751      0.453

 Variances
    DEMAGE             4.529      0.343     13.204      0.000
    DEMMAL             0.247      0.003     83.245      0.000
    CANFLF           276.056     24.076     11.466      0.000

 Residual Variances
    CVLCOM             0.630      0.093      6.747      0.000

Between Level

 CVLCOM     ON
    CANFLFBW          -0.004      0.002     -1.687      0.092

 Intercepts
    CVLCOM            -0.016      0.047     -0.352      0.725

 Residual Variances
    CVLCOM             0.162      0.090      1.801      0.072


STANDARDIZED MODEL RESULTS


STDYX Standardization

                                                    Two-Tailed
                    Estimate       S.E.  Est./S.E.    P-Value

Within Level

 CVLCOM     ON
    CANFLF            -0.130      0.048     -2.679      0.007
    DEMMAL            -0.126      0.050     -2.512      0.012
    DEMAGE            -0.053      0.048     -1.119      0.263

 CANFLF   WITH
    DEMMAL             0.135      0.043      3.111      0.002
    DEMAGE            -0.237      0.043     -5.551      0.000

 Means
    DEMAGE             0.000      0.047      0.000      1.000
    DEMMAL             0.000      0.053      0.000      1.000
    CANFLF             0.001      0.002      0.752      0.452

 Variances
    DEMAGE             1.000      0.000    999.000    999.000
    DEMMAL             1.000      0.000    999.000    999.000
    CANFLF             1.000      0.000    999.000    999.000

 Residual Variances
    CVLCOM             0.963      0.018     52.382      0.000

Between Level

 CVLCOM     ON
    CANFLFBW          -0.194      0.106     -1.822      0.068

 Intercepts
    CVLCOM            -0.040      0.111     -0.362      0.718

 Residual Variances
    CVLCOM             0.962      0.041     23.363      0.000


R-SQUARE

Within Level

    Observed                                        Two-Tailed
    Variable        Estimate       S.E.  Est./S.E.    P-Value

    CVLCOM             0.037      0.018      1.984      0.047

Between Level

    Observed                                        Two-Tailed
    Variable        Estimate       S.E.  Est./S.E.    P-Value

    CVLCOM             0.038      0.041      0.911      0.362


QUALITY OF NUMERICAL RESULTS

     Condition Number for the Information Matrix             -0.258E-16
       (ratio of smallest to largest eigenvalue)


CONFIDENCE INTERVALS OF MODEL RESULTS

                  Lower .5%  Lower 2.5%    Lower 5%    Estimate    Upper 5%  Upper 2.5%   Upper .5%

Within Level

 CVLCOM   ON
    CANFLF          -0.012      -0.011      -0.010      -0.006      -0.003      -0.002       0.000
    DEMMAL          -0.428      -0.374      -0.347      -0.204      -0.062      -0.034       0.019
    DEMAGE          -0.067      -0.056      -0.050      -0.020       0.009       0.015       0.026

 CANFLF   WITH
    DEMMAL           0.158       0.386       0.502       1.110       1.719       1.835       2.063
    DEMAGE         -12.923     -11.834     -11.276      -8.365      -5.454      -4.896      -3.807

 Means
    DEMAGE          -0.256      -0.195      -0.163       0.000       0.163       0.195       0.256
    DEMMAL          -0.068      -0.052      -0.043       0.000       0.043       0.052       0.068
    CANFLF          -0.057      -0.038      -0.028       0.024       0.075       0.085       0.105

 Variances
    DEMAGE           3.646       3.857       3.965       4.529       5.093       5.201       5.413
    DEMMAL           0.239       0.241       0.242       0.247       0.252       0.253       0.254
    CANFLF         214.041     228.867     236.451     276.056     315.660     323.244     338.070

 Residual Variances
    CVLCOM           0.389       0.447       0.476       0.630       0.784       0.813       0.870

Between Level

 CVLCOM   ON
    CANFLFBW        -0.010      -0.008      -0.008      -0.004       0.000       0.001       0.002

 Intercepts
    CVLCOM          -0.137      -0.108      -0.093      -0.016       0.060       0.075       0.104

 Residual Variances
    CVLCOM          -0.070      -0.014       0.014       0.162       0.310       0.338       0.394


CONFIDENCE INTERVALS OF STANDARDIZED MODEL RESULTS


STDYX Standardization

                  Lower .5%  Lower 2.5%    Lower 5%    Estimate    Upper 5%  Upper 2.5%   Upper .5%

Within Level

 CVLCOM   ON
    CANFLF          -0.254      -0.224      -0.209      -0.130      -0.050      -0.035      -0.005
    DEMMAL          -0.254      -0.223      -0.208      -0.126      -0.043      -0.028       0.003
    DEMAGE          -0.177      -0.147      -0.132      -0.053       0.025       0.040       0.070

 CANFLF   WITH
    DEMMAL           0.023       0.050       0.063       0.135       0.206       0.219       0.246
    DEMAGE          -0.346      -0.320      -0.307      -0.237      -0.166      -0.153      -0.127

 Means
    DEMAGE          -0.120      -0.091      -0.077       0.000       0.077       0.091       0.120
    DEMMAL          -0.137      -0.104      -0.087       0.000       0.087       0.104       0.137
    CANFLF          -0.003      -0.002      -0.002       0.001       0.005       0.005       0.006

 Variances
    DEMAGE           1.000       1.000       1.000       1.000       1.000       1.000       1.000
    DEMMAL           1.000       1.000       1.000       1.000       1.000       1.000       1.000
    CANFLF           1.000       1.000       1.000       1.000       1.000       1.000       1.000

 Residual Variances
    CVLCOM           0.916       0.927       0.933       0.963       0.994       1.000       1.011

Between Level

 CVLCOM   ON
    CANFLFBW        -0.468      -0.402      -0.369      -0.194      -0.019       0.015       0.080

 Intercepts
    CVLCOM          -0.325      -0.257      -0.222      -0.040       0.142       0.177       0.245

 Residual Variances
    CVLCOM           0.856       0.882       0.895       0.962       1.030       1.043       1.069


TECHNICAL 1 OUTPUT


     PARAMETER SPECIFICATION FOR WITHIN


           NU
              CVLCOM        DEMAGE        DEMMAL        CANFLF        CANFLFBW
              ________      ________      ________      ________      ________
 1                  0             0             0             0             0


           LAMBDA
              CVLCOM        DEMAGE        DEMMAL        CANFLF        CANFLFBW
              ________      ________      ________      ________      ________
 CVLCOM             0             0             0             0             0
 DEMAGE             0             0             0             0             0
 DEMMAL             0             0             0             0             0
 CANFLF             0             0             0             0             0
 CANFLFBW           0             0             0             0             0


           THETA
              CVLCOM        DEMAGE        DEMMAL        CANFLF        CANFLFBW
              ________      ________      ________      ________      ________
 CVLCOM             0
 DEMAGE             0             0
 DEMMAL             0             0             0
 CANFLF             0             0             0             0
 CANFLFBW           0             0             0             0             0


           ALPHA
              CVLCOM        DEMAGE        DEMMAL        CANFLF        CANFLFBW
              ________      ________      ________      ________      ________
 1                  0             1             2             3             0


           BETA
              CVLCOM        DEMAGE        DEMMAL        CANFLF        CANFLFBW
              ________      ________      ________      ________      ________
 CVLCOM             0             4             5             6             0
 DEMAGE             0             0             0             0             0
 DEMMAL             0             0             0             0             0
 CANFLF             0             0             0             0             0
 CANFLFBW           0             0             0             0             0


           PSI
              CVLCOM        DEMAGE        DEMMAL        CANFLF        CANFLFBW
              ________      ________      ________      ________      ________
 CVLCOM             7
 DEMAGE             0             8
 DEMMAL             0             0             9
 CANFLF             0            10            11            12
 CANFLFBW           0             0             0             0             0


     PARAMETER SPECIFICATION FOR BETWEEN


           NU
              CVLCOM        DEMAGE        DEMMAL        CANFLF        CANFLFBW
              ________      ________      ________      ________      ________
 1                  0             0             0             0             0


           LAMBDA
              CVLCOM        DEMAGE        DEMMAL        CANFLF        CANFLFBW
              ________      ________      ________      ________      ________
 CVLCOM             0             0             0             0             0
 DEMAGE             0             0             0             0             0
 DEMMAL             0             0             0             0             0
 CANFLF             0             0             0             0             0
 CANFLFBW           0             0             0             0             0


           THETA
              CVLCOM        DEMAGE        DEMMAL        CANFLF        CANFLFBW
              ________      ________      ________      ________      ________
 CVLCOM             0
 DEMAGE             0             0
 DEMMAL             0             0             0
 CANFLF             0             0             0             0
 CANFLFBW           0             0             0             0             0


           ALPHA
              CVLCOM        DEMAGE        DEMMAL        CANFLF        CANFLFBW
              ________      ________      ________      ________      ________
 1                 13             0             0             0             0


           BETA
              CVLCOM        DEMAGE        DEMMAL        CANFLF        CANFLFBW
              ________      ________      ________      ________      ________
 CVLCOM             0             0             0             0            14
 DEMAGE             0             0             0             0             0
 DEMMAL             0             0             0             0             0
 CANFLF             0             0             0             0             0
 CANFLFBW           0             0             0             0             0


           PSI
              CVLCOM        DEMAGE        DEMMAL        CANFLF        CANFLFBW
              ________      ________      ________      ________      ________
 CVLCOM            15
 DEMAGE             0             0
 DEMMAL             0             0             0
 CANFLF             0             0             0             0
 CANFLFBW           0             0             0             0             0


     STARTING VALUES FOR WITHIN


           NU
              CVLCOM        DEMAGE        DEMMAL        CANFLF        CANFLFBW
              ________      ________      ________      ________      ________
 1              0.000         0.000         0.000         0.000         0.000


           LAMBDA
              CVLCOM        DEMAGE        DEMMAL        CANFLF        CANFLFBW
              ________      ________      ________      ________      ________
 CVLCOM         1.000         0.000         0.000         0.000         0.000
 DEMAGE         0.000         1.000         0.000         0.000         0.000
 DEMMAL         0.000         0.000         1.000         0.000         0.000
 CANFLF         0.000         0.000         0.000         1.000         0.000
 CANFLFBW       0.000         0.000         0.000         0.000         1.000


           THETA
              CVLCOM        DEMAGE        DEMMAL        CANFLF        CANFLFBW
              ________      ________      ________      ________      ________
 CVLCOM         0.000
 DEMAGE         0.000         0.000
 DEMMAL         0.000         0.000         0.000
 CANFLF         0.000         0.000         0.000         0.000
 CANFLFBW       0.000         0.000         0.000         0.000         0.000


           ALPHA
              CVLCOM        DEMAGE        DEMMAL        CANFLF        CANFLFBW
              ________      ________      ________      ________      ________
 1              0.000         0.000         0.000         0.000         0.000


           BETA
              CVLCOM        DEMAGE        DEMMAL        CANFLF        CANFLFBW
              ________      ________      ________      ________      ________
 CVLCOM         0.000         0.000         0.000         0.000         0.000
 DEMAGE         0.000         0.000         0.000         0.000         0.000
 DEMMAL         0.000         0.000         0.000         0.000         0.000
 CANFLF         0.000         0.000         0.000         0.000         0.000
 CANFLFBW       0.000         0.000         0.000         0.000         0.000


           PSI
              CVLCOM        DEMAGE        DEMMAL        CANFLF        CANFLFBW
              ________      ________      ________      ________      ________
 CVLCOM         0.411
 DEMAGE         0.000         2.265
 DEMMAL         0.000         0.000         0.123
 CANFLF         0.000         0.000         0.000       139.350
 CANFLFBW       0.000         0.000         0.000         0.000         0.000


     STARTING VALUES FOR BETWEEN


           NU
              CVLCOM        DEMAGE        DEMMAL        CANFLF        CANFLFBW
              ________      ________      ________      ________      ________
 1              0.000         0.000         0.000         0.000         0.000


           LAMBDA
              CVLCOM        DEMAGE        DEMMAL        CANFLF        CANFLFBW
              ________      ________      ________      ________      ________
 CVLCOM         1.000         0.000         0.000         0.000         0.000
 DEMAGE         0.000         1.000         0.000         0.000         0.000
 DEMMAL         0.000         0.000         1.000         0.000         0.000
 CANFLF         0.000         0.000         0.000         1.000         0.000
 CANFLFBW       0.000         0.000         0.000         0.000         1.000


           THETA
              CVLCOM        DEMAGE        DEMMAL        CANFLF        CANFLFBW
              ________      ________      ________      ________      ________
 CVLCOM         0.000
 DEMAGE         0.000         0.000
 DEMMAL         0.000         0.000         0.000
 CANFLF         0.000         0.000         0.000         0.000
 CANFLFBW       0.000         0.000         0.000         0.000         0.000


           ALPHA
              CVLCOM        DEMAGE        DEMMAL        CANFLF        CANFLFBW
              ________      ________      ________      ________      ________
 1             -0.012         0.000         0.000         0.000         0.000


           BETA
              CVLCOM        DEMAGE        DEMMAL        CANFLF        CANFLFBW
              ________      ________      ________      ________      ________
 CVLCOM         0.000         0.000         0.000         0.000         0.000
 DEMAGE         0.000         0.000         0.000         0.000         0.000
 DEMMAL         0.000         0.000         0.000         0.000         0.000
 CANFLF         0.000         0.000         0.000         0.000         0.000
 CANFLFBW       0.000         0.000         0.000         0.000         0.000


           PSI
              CVLCOM        DEMAGE        DEMMAL        CANFLF        CANFLFBW
              ________      ________      ________      ________      ________
 CVLCOM         0.411
 DEMAGE         0.000         0.000
 DEMMAL         0.000         0.000         0.000
 CANFLF         0.000         0.000         0.000         0.000
 CANFLFBW       0.000         0.000         0.000         0.000       213.167


SAMPLE STATISTICS FOR ESTIMATED FACTOR SCORES


     SAMPLE STATISTICS


           Means
              B_CVLCOM
              ________
 1             -0.011


           Covariances
              B_CVLCOM
              ________
 B_CVLCOM       0.060


           Correlations
              B_CVLCOM
              ________
 B_CVLCOM       1.000


PLOT INFORMATION

The following plots are available:

  Histograms (sample values)
  Scatterplots (sample values)

     Beginning Time:  15:58:02
        Ending Time:  15:58:02
       Elapsed Time:  00:00:00



MUTHEN & MUTHEN
3463 Stoner Ave.
Los Angeles, CA  90066

Tel: (310) 391-9971
Fax: (310) 391-8971
Web: www.StatModel.com
Support: Support@StatModel.com

Copyright (c) 1998-2015 Muthen & Muthen
