Mplus VERSION 7.4 (Mac)
MUTHEN & MUTHEN
05/06/2020   3:58 PM

INPUT INSTRUCTIONS


  TITLE: CANFLF_SRPWCR_2;

  DATA:
  	FILE = GD190618rr.csv;

  VARIABLE:
  	NAMES =
  			ID_Fam   Wave     ID_MPL
  			DEMMAL   DEMAGE   DEMHSP   DEMRAC
  			SRPWCR
  			WASVCB   WASBLK   WASDGT   WSISUM
  			TRLATS   TRLBTS
  			CVLASF   CVLASC   CVLALF   CVLALC
  			CVLCOM
  			CANEVR   CANONS   CANFLF
  			CANFTY   CANF6M   CANAC6
  			CANYRS
  			ALCEVR   ALCONS   ALCFLF
  			ALCFTY   ALCF6M   ALCAC6
  			ALCYRS
  			SRPWCRDt WASVCBDt WASBLKDt
  			WASDGTDt WSISUMDt TRLATSDt
  			TRLBTSDt CVLASFDt CVLASCDt
  			CVLALFDt CVLALCDt CVLCOMDt
  		;
  	USEVARIABLES =
  		! outcome
    			SRPWCR
    		! covariates
    			DEMAGE
    			DEMMAL  		
    		! within predictor
    			CANFLF
    		! between predictor
    			CANFLFBW
    		;
    	USEOBSERVATION =
    			(Wave EQ 2 AND SRPWCRDt EQ 1)
    		;
    	CLUSTER =
    			ID_Fam
    		;
    	MISSING = .;
    	BETWEEN =   		
    			CANFLFBW
    		;
    	WITHIN  		
    			CANFLF
    			DEMAGE
    			DEMMAL
    		;  		

  DEFINE:
  	! CREATE BW FAM PREDICTOR
  		CANFLFBW = cluster_mean (CANFLF);
  	! CENTER WI FAM VARIABLES
  		CENTER CANFLF (GROUPMEAN);
  		CENTER DEMMAL (GRANDMEAN);
  		CENTER DEMAGE (GRANDMEAN);
  	! CENTER BW FAM VARIABLES
  		CENTER CANFLFBW (GRANDMEAN);

  ANALYSIS:
          ITERATIONS = 1000000;
          TYPE = TWOLEVEL RANDOM;
          ALGORITHM = INTEGRATION;

  OUTPUT:
  	SAMPSTAT STDYX TECH1 CINT;

  MODEL:
  %WITHIN%
  	SRPWCR on CANFLF;
  	SRPWCR on  DEMMAL DEMAGE;	
  	SRPWCR*;
  	CANFLF WITH DEMMAL*;
  	CANFLF WITH DEMAGE*;

  %BETWEEN%
  	SRPWCR on CANFLFBW;
  	SRPWCR*;

  PLOT:
  	TYPE = plot3;



INPUT READING TERMINATED NORMALLY



CANFLF_SRPWCR_2;

SUMMARY OF ANALYSIS

Number of groups                                                 1
Number of observations                                         874

Number of dependent variables                                    1
Number of independent variables                                  4
Number of continuous latent variables                            0

Observed dependent variables

  Continuous
   SRPWCR

Observed independent variables
   DEMAGE      DEMMAL      CANFLF      CANFLFBW

Variables with special functions

  Cluster variable      ID_FAM

  Within variables
   DEMAGE      DEMMAL      CANFLF

  Between variables
   CANFLFBW

  Centering (GRANDMEAN)
   DEMMAL      DEMAGE      CANFLFBW

  Centering (GROUPMEAN)
   CANFLF


Estimator                                                      MLR
Information matrix                                        OBSERVED
Optimization Specifications for the Quasi-Newton Algorithm for
Continuous Outcomes
  Maximum number of iterations                             1000000
  Convergence criterion                                  0.100D-05
Optimization Specifications for the EM Algorithm
  Maximum number of iterations                                 500
  Convergence criteria
    Loglikelihood change                                 0.100D-02
    Relative loglikelihood change                        0.100D-05
    Derivative                                           0.100D-02
Optimization Specifications for the M step of the EM Algorithm for
Categorical Latent variables
  Number of M step iterations                                    1
  M step convergence criterion                           0.100D-02
  Basis for M step termination                           ITERATION
Optimization Specifications for the M step of the EM Algorithm for
Censored, Binary or Ordered Categorical (Ordinal), Unordered
Categorical (Nominal) and Count Outcomes
  Number of M step iterations                                    1
  M step convergence criterion                           0.100D-02
  Basis for M step termination                           ITERATION
  Maximum value for logit thresholds                            15
  Minimum value for logit thresholds                           -15
  Minimum expected cell size for chi-square              0.100D-01
Maximum number of iterations for H1                           2000
Convergence criterion for H1                             0.100D-03
Optimization algorithm                                         EMA
Integration Specifications
  Type                                                    STANDARD
  Number of integration points                                  15
  Dimensions of numerical integration                            0
  Adaptive quadrature                                           ON
Cholesky                                                       OFF

Input data file(s)
  GD190618rr.csv
Input data format  FREE


SUMMARY OF DATA

     Number of missing data patterns             3
     Number of clusters                        474



COVARIANCE COVERAGE OF DATA

Minimum covariance coverage value   0.100


     PROPORTION OF DATA PRESENT FOR Y


           Covariance Coverage
              SRPWCR        DEMAGE        DEMMAL        CANFLF        CANFLFBW
              ________      ________      ________      ________      ________
 SRPWCR         0.898
 DEMAGE         0.898         0.999
 DEMMAL         0.898         0.999         0.999
 CANFLF         0.898         0.999         0.999         1.000
 CANFLFBW       0.898         0.999         0.999         1.000         1.000


SAMPLE STATISTICS


     ESTIMATED SAMPLE STATISTICS


           Means
              SRPWCR        DEMAGE        DEMMAL        CANFLF        CANFLFBW
              ________      ________      ________      ________      ________
 1              5.534         0.000         0.000         0.000         0.000


           Covariances
              SRPWCR        DEMAGE        DEMMAL        CANFLF        CANFLFBW
              ________      ________      ________      ________      ________
 SRPWCR        77.432
 DEMAGE        -1.199         7.039
 DEMMAL         0.248        -0.131         0.236
 CANFLF         7.665        -6.064         1.531       203.813
 CANFLFBW      -3.797        -4.292         1.233         0.000       238.826


           Correlations
              SRPWCR        DEMAGE        DEMMAL        CANFLF        CANFLFBW
              ________      ________      ________      ________      ________
 SRPWCR         1.000
 DEMAGE        -0.051         1.000
 DEMMAL         0.058        -0.101         1.000
 CANFLF         0.061        -0.160         0.221         1.000
 CANFLFBW      -0.028        -0.105         0.164         0.000         1.000


     MAXIMUM LOG-LIKELIHOOD VALUE FOR THE UNRESTRICTED (H1) MODEL IS -12661.386


UNIVARIATE SAMPLE STATISTICS


     UNIVARIATE HIGHER-ORDER MOMENT DESCRIPTIVE STATISTICS

         Variable/         Mean/     Skewness/   Minimum/ % with                Percentiles
        Sample Size      Variance    Kurtosis    Maximum  Min/Max      20%/60%    40%/80%    Median

     SRPWCR                5.571       0.243     -24.000    0.13%      -1.000      4.000      6.000
             785.000      77.432       3.210      64.000    0.13%       8.000     12.000
     DEMAGE                0.000       0.532      -5.277    0.11%      -2.297     -0.937     -0.307
             873.000       7.040       0.006       9.743    0.11%       0.433      2.163
     DEMMAL                0.000      -0.488      -0.619   38.14%      -0.619      0.381      0.381
             873.000       0.236      -1.762       0.381   61.86%       0.381      0.381
     CANFLF                0.000      -0.166     -45.000    0.11%       0.000      0.000      0.000
             874.000     203.813       1.152      44.625    0.11%       0.000      0.000
     CANFLFBW              0.869      -1.493     -49.396    1.48%     -15.646     10.604     10.604
             474.000     247.172       1.308      10.604   67.09%      10.604     10.604

     THE STANDARD ERRORS OF THE MODEL PARAMETER ESTIMATES MAY NOT BE
     TRUSTWORTHY FOR SOME PARAMETERS DUE TO A NON-POSITIVE DEFINITE
     FIRST-ORDER DERIVATIVE PRODUCT MATRIX.  THIS MAY BE DUE TO THE STARTING
     VALUES BUT MAY ALSO BE AN INDICATION OF MODEL NONIDENTIFICATION.  THE
     CONDITION NUMBER IS       0.100D-15.  PROBLEM INVOLVING THE FOLLOWING PARAMETER:
     Parameter 3, %WITHIN%: [ CANFLF ]


THE MODEL ESTIMATION TERMINATED NORMALLY



MODEL FIT INFORMATION

Number of Free Parameters                       15

Loglikelihood

          H0 Value                       -9049.421
          H0 Scaling Correction Factor      1.1817
            for MLR

Information Criteria

          Akaike (AIC)                   18128.841
          Bayesian (BIC)                 18200.437
          Sample-Size Adjusted BIC       18152.801
            (n* = (n + 2) / 24)



MODEL RESULTS

                                                    Two-Tailed
                    Estimate       S.E.  Est./S.E.    P-Value

Within Level

 SRPWCR     ON
    CANFLF             0.026      0.022      1.203      0.229
    DEMMAL             0.914      0.690      1.325      0.185
    DEMAGE            -0.146      0.118     -1.236      0.217

 CANFLF   WITH
    DEMMAL             1.433      0.244      5.875      0.000
    DEMAGE            -5.270      1.302     -4.048      0.000

 Means
    DEMAGE             0.000      0.100      0.000      1.000
    DEMMAL             0.000      0.017      0.000      1.000
    CANFLF             0.000      0.000      3.820      0.000

 Variances
    DEMAGE             7.040      0.329     21.378      0.000
    DEMMAL             0.236      0.004     56.913      0.000
    CANFLF           202.625     15.984     12.676      0.000

 Residual Variances
    SRPWCR            74.833      8.738      8.564      0.000

Between Level

 SRPWCR     ON
    CANFLFBW          -0.023      0.022     -1.076      0.282

 Intercepts
    SRPWCR             5.484      0.318     17.269      0.000

 Residual Variances
    SRPWCR             1.937      4.286      0.452      0.651


STANDARDIZED MODEL RESULTS


STDYX Standardization

                                                    Two-Tailed
                    Estimate       S.E.  Est./S.E.    P-Value

Within Level

 SRPWCR     ON
    CANFLF             0.043      0.035      1.236      0.216
    DEMMAL             0.051      0.038      1.345      0.179
    DEMAGE            -0.045      0.036     -1.246      0.213

 CANFLF   WITH
    DEMMAL             0.207      0.033      6.307      0.000
    DEMAGE            -0.140      0.033     -4.276      0.000

 Means
    DEMAGE             0.000      0.038      0.000      1.000
    DEMMAL             0.000      0.036      0.000      1.000
    CANFLF             0.000      0.000    999.000    999.000

 Variances
    DEMAGE             1.000      0.000    999.000    999.000
    DEMMAL             1.000      0.000    999.000    999.000
    CANFLF             1.000      0.000    999.000    999.000

 Residual Variances
    SRPWCR             0.992      0.006    159.172      0.000

Between Level

 SRPWCR     ON
    CANFLFBW          -0.255      0.357     -0.713      0.476

 Intercepts
    SRPWCR             3.810      3.974      0.959      0.338

 Residual Variances
    SRPWCR             0.935      0.182      5.138      0.000


R-SQUARE

Within Level

    Observed                                        Two-Tailed
    Variable        Estimate       S.E.  Est./S.E.    P-Value

    SRPWCR             0.008      0.006      1.275      0.202

Between Level

    Observed                                        Two-Tailed
    Variable        Estimate       S.E.  Est./S.E.    P-Value

    SRPWCR             0.065      0.182      0.357      0.721


QUALITY OF NUMERICAL RESULTS

     Condition Number for the Information Matrix              0.100E-15
       (ratio of smallest to largest eigenvalue)


CONFIDENCE INTERVALS OF MODEL RESULTS

                  Lower .5%  Lower 2.5%    Lower 5%    Estimate    Upper 5%  Upper 2.5%   Upper .5%

Within Level

 SRPWCR   ON
    CANFLF          -0.030      -0.017      -0.010       0.026       0.063       0.070       0.083
    DEMMAL          -0.863      -0.438      -0.221       0.914       2.050       2.267       2.692
    DEMAGE          -0.450      -0.377      -0.340      -0.146       0.048       0.085       0.158

 CANFLF   WITH
    DEMMAL           0.805       0.955       1.032       1.433       1.834       1.911       2.061
    DEMAGE          -8.624      -7.822      -7.412      -5.270      -3.128      -2.718      -1.916

 Means
    DEMAGE          -0.257      -0.196      -0.164       0.000       0.164       0.196       0.257
    DEMMAL          -0.045      -0.034      -0.029       0.000       0.029       0.034       0.045
    CANFLF           0.000       0.000       0.000       0.000       0.000       0.000       0.000

 Variances
    DEMAGE           6.191       6.394       6.498       7.040       7.581       7.685       7.888
    DEMMAL           0.225       0.228       0.229       0.236       0.243       0.244       0.247
    CANFLF         161.452     171.295     176.330     202.625     228.919     233.954     243.797

 Residual Variances
    SRPWCR          52.325      57.706      60.459      74.833      89.208      91.960      97.341

Between Level

 SRPWCR   ON
    CANFLFBW        -0.079      -0.066      -0.059      -0.023       0.012       0.019       0.033

 Intercepts
    SRPWCR           4.666       4.861       4.961       5.484       6.006       6.106       6.302

 Residual Variances
    SRPWCR          -9.103      -6.464      -5.113       1.937       8.988      10.339      12.978


CONFIDENCE INTERVALS OF STANDARDIZED MODEL RESULTS


STDYX Standardization

                  Lower .5%  Lower 2.5%    Lower 5%    Estimate    Upper 5%  Upper 2.5%   Upper .5%

Within Level

 SRPWCR   ON
    CANFLF          -0.047      -0.025      -0.014       0.043       0.101       0.112       0.134
    DEMMAL          -0.047      -0.023      -0.011       0.051       0.114       0.126       0.149
    DEMAGE          -0.137      -0.115      -0.103      -0.045       0.014       0.025       0.048

 CANFLF   WITH
    DEMMAL           0.123       0.143       0.153       0.207       0.261       0.272       0.292
    DEMAGE          -0.224      -0.204      -0.193      -0.140      -0.086      -0.076      -0.055

 Means
    DEMAGE          -0.097      -0.074      -0.062       0.000       0.062       0.074       0.097
    DEMMAL          -0.093      -0.071      -0.059       0.000       0.059       0.071       0.093
    CANFLF           0.000       0.000       0.000       0.000       0.000       0.000       0.000

 Variances
    DEMAGE           1.000       1.000       1.000       1.000       1.000       1.000       1.000
    DEMMAL           1.000       1.000       1.000       1.000       1.000       1.000       1.000
    CANFLF           1.000       1.000       1.000       1.000       1.000       1.000       1.000

 Residual Variances
    SRPWCR           0.976       0.980       0.982       0.992       1.002       1.004       1.008

Between Level

 SRPWCR   ON
    CANFLFBW        -1.175      -0.955      -0.842      -0.255       0.333       0.445       0.665

 Intercepts
    SRPWCR          -6.426      -3.979      -2.727       3.810      10.347      11.598      14.045

 Residual Variances
    SRPWCR           0.466       0.578       0.636       0.935       1.234       1.292       1.404


TECHNICAL 1 OUTPUT


     PARAMETER SPECIFICATION FOR WITHIN


           NU
              SRPWCR        DEMAGE        DEMMAL        CANFLF        CANFLFBW
              ________      ________      ________      ________      ________
 1                  0             0             0             0             0


           LAMBDA
              SRPWCR        DEMAGE        DEMMAL        CANFLF        CANFLFBW
              ________      ________      ________      ________      ________
 SRPWCR             0             0             0             0             0
 DEMAGE             0             0             0             0             0
 DEMMAL             0             0             0             0             0
 CANFLF             0             0             0             0             0
 CANFLFBW           0             0             0             0             0


           THETA
              SRPWCR        DEMAGE        DEMMAL        CANFLF        CANFLFBW
              ________      ________      ________      ________      ________
 SRPWCR             0
 DEMAGE             0             0
 DEMMAL             0             0             0
 CANFLF             0             0             0             0
 CANFLFBW           0             0             0             0             0


           ALPHA
              SRPWCR        DEMAGE        DEMMAL        CANFLF        CANFLFBW
              ________      ________      ________      ________      ________
 1                  0             1             2             3             0


           BETA
              SRPWCR        DEMAGE        DEMMAL        CANFLF        CANFLFBW
              ________      ________      ________      ________      ________
 SRPWCR             0             4             5             6             0
 DEMAGE             0             0             0             0             0
 DEMMAL             0             0             0             0             0
 CANFLF             0             0             0             0             0
 CANFLFBW           0             0             0             0             0


           PSI
              SRPWCR        DEMAGE        DEMMAL        CANFLF        CANFLFBW
              ________      ________      ________      ________      ________
 SRPWCR             7
 DEMAGE             0             8
 DEMMAL             0             0             9
 CANFLF             0            10            11            12
 CANFLFBW           0             0             0             0             0


     PARAMETER SPECIFICATION FOR BETWEEN


           NU
              SRPWCR        DEMAGE        DEMMAL        CANFLF        CANFLFBW
              ________      ________      ________      ________      ________
 1                  0             0             0             0             0


           LAMBDA
              SRPWCR        DEMAGE        DEMMAL        CANFLF        CANFLFBW
              ________      ________      ________      ________      ________
 SRPWCR             0             0             0             0             0
 DEMAGE             0             0             0             0             0
 DEMMAL             0             0             0             0             0
 CANFLF             0             0             0             0             0
 CANFLFBW           0             0             0             0             0


           THETA
              SRPWCR        DEMAGE        DEMMAL        CANFLF        CANFLFBW
              ________      ________      ________      ________      ________
 SRPWCR             0
 DEMAGE             0             0
 DEMMAL             0             0             0
 CANFLF             0             0             0             0
 CANFLFBW           0             0             0             0             0


           ALPHA
              SRPWCR        DEMAGE        DEMMAL        CANFLF        CANFLFBW
              ________      ________      ________      ________      ________
 1                 13             0             0             0             0


           BETA
              SRPWCR        DEMAGE        DEMMAL        CANFLF        CANFLFBW
              ________      ________      ________      ________      ________
 SRPWCR             0             0             0             0            14
 DEMAGE             0             0             0             0             0
 DEMMAL             0             0             0             0             0
 CANFLF             0             0             0             0             0
 CANFLFBW           0             0             0             0             0


           PSI
              SRPWCR        DEMAGE        DEMMAL        CANFLF        CANFLFBW
              ________      ________      ________      ________      ________
 SRPWCR            15
 DEMAGE             0             0
 DEMMAL             0             0             0
 CANFLF             0             0             0             0
 CANFLFBW           0             0             0             0             0


     STARTING VALUES FOR WITHIN


           NU
              SRPWCR        DEMAGE        DEMMAL        CANFLF        CANFLFBW
              ________      ________      ________      ________      ________
 1              0.000         0.000         0.000         0.000         0.000


           LAMBDA
              SRPWCR        DEMAGE        DEMMAL        CANFLF        CANFLFBW
              ________      ________      ________      ________      ________
 SRPWCR         1.000         0.000         0.000         0.000         0.000
 DEMAGE         0.000         1.000         0.000         0.000         0.000
 DEMMAL         0.000         0.000         1.000         0.000         0.000
 CANFLF         0.000         0.000         0.000         1.000         0.000
 CANFLFBW       0.000         0.000         0.000         0.000         1.000


           THETA
              SRPWCR        DEMAGE        DEMMAL        CANFLF        CANFLFBW
              ________      ________      ________      ________      ________
 SRPWCR         0.000
 DEMAGE         0.000         0.000
 DEMMAL         0.000         0.000         0.000
 CANFLF         0.000         0.000         0.000         0.000
 CANFLFBW       0.000         0.000         0.000         0.000         0.000


           ALPHA
              SRPWCR        DEMAGE        DEMMAL        CANFLF        CANFLFBW
              ________      ________      ________      ________      ________
 1              0.000         0.000         0.000         0.000         0.000


           BETA
              SRPWCR        DEMAGE        DEMMAL        CANFLF        CANFLFBW
              ________      ________      ________      ________      ________
 SRPWCR         0.000         0.000         0.000         0.000         0.000
 DEMAGE         0.000         0.000         0.000         0.000         0.000
 DEMMAL         0.000         0.000         0.000         0.000         0.000
 CANFLF         0.000         0.000         0.000         0.000         0.000
 CANFLFBW       0.000         0.000         0.000         0.000         0.000


           PSI
              SRPWCR        DEMAGE        DEMMAL        CANFLF        CANFLFBW
              ________      ________      ________      ________      ________
 SRPWCR        38.716
 DEMAGE         0.000         3.520
 DEMMAL         0.000         0.000         0.118
 CANFLF         0.000         0.000         0.000       101.906
 CANFLFBW       0.000         0.000         0.000         0.000         0.000


     STARTING VALUES FOR BETWEEN


           NU
              SRPWCR        DEMAGE        DEMMAL        CANFLF        CANFLFBW
              ________      ________      ________      ________      ________
 1              0.000         0.000         0.000         0.000         0.000


           LAMBDA
              SRPWCR        DEMAGE        DEMMAL        CANFLF        CANFLFBW
              ________      ________      ________      ________      ________
 SRPWCR         1.000         0.000         0.000         0.000         0.000
 DEMAGE         0.000         1.000         0.000         0.000         0.000
 DEMMAL         0.000         0.000         1.000         0.000         0.000
 CANFLF         0.000         0.000         0.000         1.000         0.000
 CANFLFBW       0.000         0.000         0.000         0.000         1.000


           THETA
              SRPWCR        DEMAGE        DEMMAL        CANFLF        CANFLFBW
              ________      ________      ________      ________      ________
 SRPWCR         0.000
 DEMAGE         0.000         0.000
 DEMMAL         0.000         0.000         0.000
 CANFLF         0.000         0.000         0.000         0.000
 CANFLFBW       0.000         0.000         0.000         0.000         0.000


           ALPHA
              SRPWCR        DEMAGE        DEMMAL        CANFLF        CANFLFBW
              ________      ________      ________      ________      ________
 1              5.571         0.000         0.000         0.000         0.000


           BETA
              SRPWCR        DEMAGE        DEMMAL        CANFLF        CANFLFBW
              ________      ________      ________      ________      ________
 SRPWCR         0.000         0.000         0.000         0.000         0.000
 DEMAGE         0.000         0.000         0.000         0.000         0.000
 DEMMAL         0.000         0.000         0.000         0.000         0.000
 CANFLF         0.000         0.000         0.000         0.000         0.000
 CANFLFBW       0.000         0.000         0.000         0.000         0.000


           PSI
              SRPWCR        DEMAGE        DEMMAL        CANFLF        CANFLFBW
              ________      ________      ________      ________      ________
 SRPWCR        38.716
 DEMAGE         0.000         0.000
 DEMMAL         0.000         0.000         0.000
 CANFLF         0.000         0.000         0.000         0.000
 CANFLFBW       0.000         0.000         0.000         0.000       119.413


SAMPLE STATISTICS FOR ESTIMATED FACTOR SCORES


     SAMPLE STATISTICS


           Means
              B_SRPWCR
              ________
 1              5.492


           Covariances
              B_SRPWCR
              ________
 B_SRPWCR       0.232


           Correlations
              B_SRPWCR
              ________
 B_SRPWCR       1.000


PLOT INFORMATION

The following plots are available:

  Histograms (sample values)
  Scatterplots (sample values)

     Beginning Time:  15:58:03
        Ending Time:  15:58:04
       Elapsed Time:  00:00:01



MUTHEN & MUTHEN
3463 Stoner Ave.
Los Angeles, CA  90066

Tel: (310) 391-9971
Fax: (310) 391-8971
Web: www.StatModel.com
Support: Support@StatModel.com

Copyright (c) 1998-2015 Muthen & Muthen
