Mplus VERSION 7.4 (Mac)
MUTHEN & MUTHEN
05/06/2020   3:58 PM

INPUT INSTRUCTIONS


  TITLE: CANFLF_SRPWCR_1;

  DATA:
  	FILE = GD190618rr.csv;

  VARIABLE:
  	NAMES =
  			ID_Fam   Wave     ID_MPL
  			DEMMAL   DEMAGE   DEMHSP   DEMRAC
  			SRPWCR
  			WASVCB   WASBLK   WASDGT   WSISUM
  			TRLATS   TRLBTS
  			CVLASF   CVLASC   CVLALF   CVLALC
  			CVLCOM
  			CANEVR   CANONS   CANFLF
  			CANFTY   CANF6M   CANAC6
  			CANYRS
  			ALCEVR   ALCONS   ALCFLF
  			ALCFTY   ALCF6M   ALCAC6
  			ALCYRS
  			SRPWCRDt WASVCBDt WASBLKDt
  			WASDGTDt WSISUMDt TRLATSDt
  			TRLBTSDt CVLASFDt CVLASCDt
  			CVLALFDt CVLALCDt CVLCOMDt
  		;
  	USEVARIABLES =
  		! outcome
    			SRPWCR
    		! covariates
    			DEMAGE
    			DEMMAL  		
    		! within predictor
    			CANFLF
    		! between predictor
    			CANFLFBW
    		;
    	USEOBSERVATION =
    			(Wave EQ 1 AND SRPWCRDt EQ 1)
    		;
    	CLUSTER =
    			ID_Fam
    		;
    	MISSING = .;
    	BETWEEN =   		
    			CANFLFBW
    		;
    	WITHIN  		
    			CANFLF
    			DEMAGE
    			DEMMAL
    		;  		

  DEFINE:
  	! CREATE BW FAM PREDICTOR
  		CANFLFBW = cluster_mean (CANFLF);
  	! CENTER WI FAM VARIABLES
  		CENTER CANFLF (GROUPMEAN);
  		CENTER DEMMAL (GRANDMEAN);
  		CENTER DEMAGE (GRANDMEAN);
  	! CENTER BW FAM VARIABLES
  		CENTER CANFLFBW (GRANDMEAN);

  ANALYSIS:
          ITERATIONS = 1000000;
          TYPE = TWOLEVEL RANDOM;
          ALGORITHM = INTEGRATION;

  OUTPUT:
  	SAMPSTAT STDYX TECH1 CINT;

  MODEL:
  %WITHIN%
  	SRPWCR on CANFLF;
  	SRPWCR on  DEMMAL DEMAGE;	
  	SRPWCR*;
  	CANFLF WITH DEMMAL*;
  	CANFLF WITH DEMAGE*;

  %BETWEEN%
  	SRPWCR on CANFLFBW;
  	SRPWCR*;

  PLOT:
  	TYPE = plot3;



*** WARNING
  Data set contains cases with missing on x-variables.
  These cases were not included in the analysis.
  Number of cases with missing on x-variables:  102
*** WARNING
  Data set contains cases with missing on all variables except
  x-variables.  These cases were not included in the analysis.
  Number of cases with missing on all variables except x-variables:  1
   2 WARNING(S) FOUND IN THE INPUT INSTRUCTIONS



CANFLF_SRPWCR_1;

SUMMARY OF ANALYSIS

Number of groups                                                 1
Number of observations                                        1086

Number of dependent variables                                    1
Number of independent variables                                  4
Number of continuous latent variables                            0

Observed dependent variables

  Continuous
   SRPWCR

Observed independent variables
   DEMAGE      DEMMAL      CANFLF      CANFLFBW

Variables with special functions

  Cluster variable      ID_FAM

  Within variables
   DEMAGE      DEMMAL      CANFLF

  Between variables
   CANFLFBW

  Centering (GRANDMEAN)
   DEMMAL      DEMAGE      CANFLFBW

  Centering (GROUPMEAN)
   CANFLF


Estimator                                                      MLR
Information matrix                                        OBSERVED
Optimization Specifications for the Quasi-Newton Algorithm for
Continuous Outcomes
  Maximum number of iterations                             1000000
  Convergence criterion                                  0.100D-05
Optimization Specifications for the EM Algorithm
  Maximum number of iterations                                 500
  Convergence criteria
    Loglikelihood change                                 0.100D-02
    Relative loglikelihood change                        0.100D-05
    Derivative                                           0.100D-02
Optimization Specifications for the M step of the EM Algorithm for
Categorical Latent variables
  Number of M step iterations                                    1
  M step convergence criterion                           0.100D-02
  Basis for M step termination                           ITERATION
Optimization Specifications for the M step of the EM Algorithm for
Censored, Binary or Ordered Categorical (Ordinal), Unordered
Categorical (Nominal) and Count Outcomes
  Number of M step iterations                                    1
  M step convergence criterion                           0.100D-02
  Basis for M step termination                           ITERATION
  Maximum value for logit thresholds                            15
  Minimum value for logit thresholds                           -15
  Minimum expected cell size for chi-square              0.100D-01
Maximum number of iterations for H1                           2000
Convergence criterion for H1                             0.100D-03
Optimization algorithm                                         EMA
Integration Specifications
  Type                                                    STANDARD
  Number of integration points                                  15
  Dimensions of numerical integration                            0
  Adaptive quadrature                                           ON
Cholesky                                                       OFF

Input data file(s)
  GD190618rr.csv
Input data format  FREE


SUMMARY OF DATA

     Number of missing data patterns             5
     Number of clusters                        540



COVARIANCE COVERAGE OF DATA

Minimum covariance coverage value   0.100


     PROPORTION OF DATA PRESENT FOR Y


           Covariance Coverage
              SRPWCR        DEMAGE        DEMMAL        CANFLF        CANFLFBW
              ________      ________      ________      ________      ________
 SRPWCR         0.941
 DEMAGE         0.941         0.999
 DEMMAL         0.941         0.999         1.000
 CANFLF         0.892         0.941         0.942         0.942
 CANFLFBW       0.941         0.999         1.000         0.942         1.000


SAMPLE STATISTICS


     ESTIMATED SAMPLE STATISTICS


           Means
              SRPWCR        DEMAGE        DEMMAL        CANFLF        CANFLFBW
              ________      ________      ________      ________      ________
 1              6.177         0.000         0.000         0.148         0.000


           Covariances
              SRPWCR        DEMAGE        DEMMAL        CANFLF        CANFLFBW
              ________      ________      ________      ________      ________
 SRPWCR        72.997
 DEMAGE        -2.321         5.022
 DEMMAL         0.303        -0.154         0.233
 CANFLF         5.865        -7.052         1.861       300.076
 CANFLFBW      -0.117         1.462         1.111        -3.133       414.599


           Correlations
              SRPWCR        DEMAGE        DEMMAL        CANFLF        CANFLFBW
              ________      ________      ________      ________      ________
 SRPWCR         1.000
 DEMAGE        -0.121         1.000
 DEMMAL         0.073        -0.142         1.000
 CANFLF         0.040        -0.182         0.223         1.000
 CANFLFBW      -0.001         0.032         0.113        -0.009         1.000


     MAXIMUM LOG-LIKELIHOOD VALUE FOR THE UNRESTRICTED (H1) MODEL IS -15922.874


UNIVARIATE SAMPLE STATISTICS


     UNIVARIATE HIGHER-ORDER MOMENT DESCRIPTIVE STATISTICS

         Variable/         Mean/     Skewness/   Minimum/ % with                Percentiles
        Sample Size      Variance    Kurtosis    Maximum  Min/Max      20%/60%    40%/80%    Median

     SRPWCR                6.146       0.214     -25.000    0.10%      -1.000      4.000      7.000
            1022.000      72.999       2.121      56.000    0.10%       8.000     13.000
     DEMAGE                0.000       0.963      -3.774    0.09%      -1.824     -0.944     -0.434
            1085.000       5.023       0.598       7.586    0.09%       0.076      1.626
     DEMMAL                0.000      -0.542      -0.631   36.92%      -0.631      0.369      0.369
            1086.000       0.233      -1.706       0.369   63.08%       0.369      0.369
     CANFLF                0.000      -0.086     -45.000    0.10%     -15.000      0.000      0.000
            1023.000     300.167      -0.208      40.000    0.29%       0.000     15.000
     CANFLFBW              2.041      -0.700     -39.218    6.67%      -9.218     -5.468      5.782
             540.000     405.857      -0.668      20.782   44.44%      20.782     20.782

     THE STANDARD ERRORS OF THE MODEL PARAMETER ESTIMATES MAY NOT BE
     TRUSTWORTHY FOR SOME PARAMETERS DUE TO A NON-POSITIVE DEFINITE
     FIRST-ORDER DERIVATIVE PRODUCT MATRIX.  THIS MAY BE DUE TO THE STARTING
     VALUES BUT MAY ALSO BE AN INDICATION OF MODEL NONIDENTIFICATION.  THE
     CONDITION NUMBER IS       0.419D-16.  PROBLEM INVOLVING THE FOLLOWING PARAMETER:
     Parameter 12, %WITHIN%: CANFLF


THE MODEL ESTIMATION TERMINATED NORMALLY



MODEL FIT INFORMATION

Number of Free Parameters                       15

Loglikelihood

          H0 Value                      -11123.218
          H0 Scaling Correction Factor      0.9867
            for MLR

Information Criteria

          Akaike (AIC)                   22276.436
          Bayesian (BIC)                 22351.290
          Sample-Size Adjusted BIC       22303.647
            (n* = (n + 2) / 24)



MODEL RESULTS

                                                    Two-Tailed
                    Estimate       S.E.  Est./S.E.    P-Value

Within Level

 SRPWCR     ON
    CANFLF             0.005      0.015      0.331      0.741
    DEMMAL             0.957      0.565      1.693      0.091
    DEMAGE            -0.433      0.129     -3.356      0.001

 CANFLF   WITH
    DEMMAL             1.675      0.257      6.523      0.000
    DEMAGE            -5.936      1.202     -4.937      0.000

 Means
    DEMAGE             0.000      0.070     -0.001      0.999
    DEMMAL             0.000      0.016      0.000      1.000
    CANFLF             0.112      0.035      3.176      0.001

 Variances
    DEMAGE             5.022      0.240     20.933      0.000
    DEMMAL             0.233      0.004     56.967      0.000
    CANFLF           297.348     16.136     18.427      0.000

 Residual Variances
    SRPWCR            62.236      4.554     13.667      0.000

Between Level

 SRPWCR     ON
    CANFLFBW          -0.001      0.013     -0.048      0.962

 Intercepts
    SRPWCR             6.178      0.283     21.844      0.000

 Residual Variances
    SRPWCR             9.318      2.853      3.266      0.001


STANDARDIZED MODEL RESULTS


STDYX Standardization

                                                    Two-Tailed
                    Estimate       S.E.  Est./S.E.    P-Value

Within Level

 SRPWCR     ON
    CANFLF             0.011      0.032      0.330      0.741
    DEMMAL             0.058      0.034      1.719      0.086
    DEMAGE            -0.122      0.035     -3.460      0.001

 CANFLF   WITH
    DEMMAL             0.201      0.029      6.876      0.000
    DEMAGE            -0.154      0.030     -5.165      0.000

 Means
    DEMAGE             0.000      0.031     -0.001      0.999
    DEMMAL             0.000      0.032      0.000      1.000
    CANFLF             0.006      0.002      3.187      0.001

 Variances
    DEMAGE             1.000      0.000    999.000    999.000
    DEMMAL             1.000      0.000    999.000    999.000
    CANFLF             1.000      0.000    999.000    999.000

 Residual Variances
    SRPWCR             0.981      0.009    113.027      0.000

Between Level

 SRPWCR     ON
    CANFLFBW          -0.004      0.087     -0.048      0.962

 Intercepts
    SRPWCR             2.024      0.317      6.391      0.000

 Residual Variances
    SRPWCR             1.000      0.001   1386.327      0.000


R-SQUARE

Within Level

    Observed                                        Two-Tailed
    Variable        Estimate       S.E.  Est./S.E.    P-Value

    SRPWCR             0.019      0.009      2.183      0.029

Between Level

    Observed                                        Two-Tailed
    Variable        Estimate       S.E.  Est./S.E.    P-Value

    SRPWCR             0.000      0.001      0.024      0.981


QUALITY OF NUMERICAL RESULTS

     Condition Number for the Information Matrix              0.419E-16
       (ratio of smallest to largest eigenvalue)


CONFIDENCE INTERVALS OF MODEL RESULTS

                  Lower .5%  Lower 2.5%    Lower 5%    Estimate    Upper 5%  Upper 2.5%   Upper .5%

Within Level

 SRPWCR   ON
    CANFLF          -0.033      -0.024      -0.020       0.005       0.029       0.034       0.043
    DEMMAL          -0.499      -0.151       0.027       0.957       1.887       2.065       2.413
    DEMAGE          -0.765      -0.685      -0.645      -0.433      -0.221      -0.180      -0.101

 CANFLF   WITH
    DEMMAL           1.013       1.172       1.252       1.675       2.097       2.178       2.336
    DEMAGE          -9.034      -8.293      -7.914      -5.936      -3.958      -3.580      -2.839

 Means
    DEMAGE          -0.181      -0.137      -0.115       0.000       0.115       0.137       0.180
    DEMMAL          -0.040      -0.031      -0.026       0.000       0.026       0.031       0.040
    CANFLF           0.021       0.043       0.054       0.112       0.170       0.181       0.202

 Variances
    DEMAGE           4.404       4.552       4.628       5.022       5.417       5.493       5.640
    DEMMAL           0.222       0.225       0.226       0.233       0.240       0.241       0.243
    CANFLF         255.785     265.722     270.805     297.348     323.892     328.975     338.912

 Residual Variances
    SRPWCR          50.507      53.311      54.746      62.236      69.727      71.161      73.965

Between Level

 SRPWCR   ON
    CANFLFBW        -0.035      -0.026      -0.022      -0.001       0.021       0.025       0.033

 Intercepts
    SRPWCR           5.450       5.624       5.713       6.178       6.644       6.733       6.907

 Residual Variances
    SRPWCR           1.969       3.726       4.625       9.318      14.011      14.909      16.666


CONFIDENCE INTERVALS OF STANDARDIZED MODEL RESULTS


STDYX Standardization

                  Lower .5%  Lower 2.5%    Lower 5%    Estimate    Upper 5%  Upper 2.5%   Upper .5%

Within Level

 SRPWCR   ON
    CANFLF          -0.072      -0.053      -0.042       0.011       0.064       0.074       0.094
    DEMMAL          -0.029      -0.008       0.002       0.058       0.113       0.124       0.145
    DEMAGE          -0.212      -0.191      -0.180      -0.122      -0.064      -0.053      -0.031

 CANFLF   WITH
    DEMMAL           0.126       0.144       0.153       0.201       0.249       0.259       0.277
    DEMAGE          -0.230      -0.212      -0.203      -0.154      -0.105      -0.095      -0.077

 Means
    DEMAGE          -0.081      -0.061      -0.051       0.000       0.051       0.061       0.080
    DEMMAL          -0.083      -0.063      -0.053       0.000       0.053       0.063       0.083
    CANFLF           0.001       0.002       0.003       0.006       0.010       0.010       0.012

 Variances
    DEMAGE           1.000       1.000       1.000       1.000       1.000       1.000       1.000
    DEMMAL           1.000       1.000       1.000       1.000       1.000       1.000       1.000
    CANFLF           1.000       1.000       1.000       1.000       1.000       1.000       1.000

 Residual Variances
    SRPWCR           0.959       0.964       0.967       0.981       0.995       0.998       1.003

Between Level

 SRPWCR   ON
    CANFLFBW        -0.228      -0.175      -0.147      -0.004       0.139       0.166       0.220

 Intercepts
    SRPWCR           1.208       1.403       1.503       2.024       2.545       2.645       2.840

 Residual Variances
    SRPWCR           0.998       0.999       0.999       1.000       1.001       1.001       1.002


TECHNICAL 1 OUTPUT


     PARAMETER SPECIFICATION FOR WITHIN


           NU
              SRPWCR        DEMAGE        DEMMAL        CANFLF        CANFLFBW
              ________      ________      ________      ________      ________
 1                  0             0             0             0             0


           LAMBDA
              SRPWCR        DEMAGE        DEMMAL        CANFLF        CANFLFBW
              ________      ________      ________      ________      ________
 SRPWCR             0             0             0             0             0
 DEMAGE             0             0             0             0             0
 DEMMAL             0             0             0             0             0
 CANFLF             0             0             0             0             0
 CANFLFBW           0             0             0             0             0


           THETA
              SRPWCR        DEMAGE        DEMMAL        CANFLF        CANFLFBW
              ________      ________      ________      ________      ________
 SRPWCR             0
 DEMAGE             0             0
 DEMMAL             0             0             0
 CANFLF             0             0             0             0
 CANFLFBW           0             0             0             0             0


           ALPHA
              SRPWCR        DEMAGE        DEMMAL        CANFLF        CANFLFBW
              ________      ________      ________      ________      ________
 1                  0             1             2             3             0


           BETA
              SRPWCR        DEMAGE        DEMMAL        CANFLF        CANFLFBW
              ________      ________      ________      ________      ________
 SRPWCR             0             4             5             6             0
 DEMAGE             0             0             0             0             0
 DEMMAL             0             0             0             0             0
 CANFLF             0             0             0             0             0
 CANFLFBW           0             0             0             0             0


           PSI
              SRPWCR        DEMAGE        DEMMAL        CANFLF        CANFLFBW
              ________      ________      ________      ________      ________
 SRPWCR             7
 DEMAGE             0             8
 DEMMAL             0             0             9
 CANFLF             0            10            11            12
 CANFLFBW           0             0             0             0             0


     PARAMETER SPECIFICATION FOR BETWEEN


           NU
              SRPWCR        DEMAGE        DEMMAL        CANFLF        CANFLFBW
              ________      ________      ________      ________      ________
 1                  0             0             0             0             0


           LAMBDA
              SRPWCR        DEMAGE        DEMMAL        CANFLF        CANFLFBW
              ________      ________      ________      ________      ________
 SRPWCR             0             0             0             0             0
 DEMAGE             0             0             0             0             0
 DEMMAL             0             0             0             0             0
 CANFLF             0             0             0             0             0
 CANFLFBW           0             0             0             0             0


           THETA
              SRPWCR        DEMAGE        DEMMAL        CANFLF        CANFLFBW
              ________      ________      ________      ________      ________
 SRPWCR             0
 DEMAGE             0             0
 DEMMAL             0             0             0
 CANFLF             0             0             0             0
 CANFLFBW           0             0             0             0             0


           ALPHA
              SRPWCR        DEMAGE        DEMMAL        CANFLF        CANFLFBW
              ________      ________      ________      ________      ________
 1                 13             0             0             0             0


           BETA
              SRPWCR        DEMAGE        DEMMAL        CANFLF        CANFLFBW
              ________      ________      ________      ________      ________
 SRPWCR             0             0             0             0            14
 DEMAGE             0             0             0             0             0
 DEMMAL             0             0             0             0             0
 CANFLF             0             0             0             0             0
 CANFLFBW           0             0             0             0             0


           PSI
              SRPWCR        DEMAGE        DEMMAL        CANFLF        CANFLFBW
              ________      ________      ________      ________      ________
 SRPWCR            15
 DEMAGE             0             0
 DEMMAL             0             0             0
 CANFLF             0             0             0             0
 CANFLFBW           0             0             0             0             0


     STARTING VALUES FOR WITHIN


           NU
              SRPWCR        DEMAGE        DEMMAL        CANFLF        CANFLFBW
              ________      ________      ________      ________      ________
 1              0.000         0.000         0.000         0.000         0.000


           LAMBDA
              SRPWCR        DEMAGE        DEMMAL        CANFLF        CANFLFBW
              ________      ________      ________      ________      ________
 SRPWCR         1.000         0.000         0.000         0.000         0.000
 DEMAGE         0.000         1.000         0.000         0.000         0.000
 DEMMAL         0.000         0.000         1.000         0.000         0.000
 CANFLF         0.000         0.000         0.000         1.000         0.000
 CANFLFBW       0.000         0.000         0.000         0.000         1.000


           THETA
              SRPWCR        DEMAGE        DEMMAL        CANFLF        CANFLFBW
              ________      ________      ________      ________      ________
 SRPWCR         0.000
 DEMAGE         0.000         0.000
 DEMMAL         0.000         0.000         0.000
 CANFLF         0.000         0.000         0.000         0.000
 CANFLFBW       0.000         0.000         0.000         0.000         0.000


           ALPHA
              SRPWCR        DEMAGE        DEMMAL        CANFLF        CANFLFBW
              ________      ________      ________      ________      ________
 1              0.000         0.000         0.000         0.000         0.000


           BETA
              SRPWCR        DEMAGE        DEMMAL        CANFLF        CANFLFBW
              ________      ________      ________      ________      ________
 SRPWCR         0.000         0.000         0.000         0.000         0.000
 DEMAGE         0.000         0.000         0.000         0.000         0.000
 DEMMAL         0.000         0.000         0.000         0.000         0.000
 CANFLF         0.000         0.000         0.000         0.000         0.000
 CANFLFBW       0.000         0.000         0.000         0.000         0.000


           PSI
              SRPWCR        DEMAGE        DEMMAL        CANFLF        CANFLFBW
              ________      ________      ________      ________      ________
 SRPWCR        36.500
 DEMAGE         0.000         2.511
 DEMMAL         0.000         0.000         0.116
 CANFLF         0.000         0.000         0.000       150.084
 CANFLFBW       0.000         0.000         0.000         0.000         0.000


     STARTING VALUES FOR BETWEEN


           NU
              SRPWCR        DEMAGE        DEMMAL        CANFLF        CANFLFBW
              ________      ________      ________      ________      ________
 1              0.000         0.000         0.000         0.000         0.000


           LAMBDA
              SRPWCR        DEMAGE        DEMMAL        CANFLF        CANFLFBW
              ________      ________      ________      ________      ________
 SRPWCR         1.000         0.000         0.000         0.000         0.000
 DEMAGE         0.000         1.000         0.000         0.000         0.000
 DEMMAL         0.000         0.000         1.000         0.000         0.000
 CANFLF         0.000         0.000         0.000         1.000         0.000
 CANFLFBW       0.000         0.000         0.000         0.000         1.000


           THETA
              SRPWCR        DEMAGE        DEMMAL        CANFLF        CANFLFBW
              ________      ________      ________      ________      ________
 SRPWCR         0.000
 DEMAGE         0.000         0.000
 DEMMAL         0.000         0.000         0.000
 CANFLF         0.000         0.000         0.000         0.000
 CANFLFBW       0.000         0.000         0.000         0.000         0.000


           ALPHA
              SRPWCR        DEMAGE        DEMMAL        CANFLF        CANFLFBW
              ________      ________      ________      ________      ________
 1              6.146         0.000         0.000         0.000         0.000


           BETA
              SRPWCR        DEMAGE        DEMMAL        CANFLF        CANFLFBW
              ________      ________      ________      ________      ________
 SRPWCR         0.000         0.000         0.000         0.000         0.000
 DEMAGE         0.000         0.000         0.000         0.000         0.000
 DEMMAL         0.000         0.000         0.000         0.000         0.000
 CANFLF         0.000         0.000         0.000         0.000         0.000
 CANFLFBW       0.000         0.000         0.000         0.000         0.000


           PSI
              SRPWCR        DEMAGE        DEMMAL        CANFLF        CANFLFBW
              ________      ________      ________      ________      ________
 SRPWCR        36.500
 DEMAGE         0.000         0.000
 DEMMAL         0.000         0.000         0.000
 CANFLF         0.000         0.000         0.000         0.000
 CANFLFBW       0.000         0.000         0.000         0.000       207.299


SAMPLE STATISTICS FOR ESTIMATED FACTOR SCORES


     SAMPLE STATISTICS


           Means
              B_SRPWCR
              ________
 1              6.193


           Covariances
              B_SRPWCR
              ________
 B_SRPWCR       2.310


           Correlations
              B_SRPWCR
              ________
 B_SRPWCR       1.000


PLOT INFORMATION

The following plots are available:

  Histograms (sample values)
  Scatterplots (sample values)

     Beginning Time:  15:58:03
        Ending Time:  15:58:03
       Elapsed Time:  00:00:00



MUTHEN & MUTHEN
3463 Stoner Ave.
Los Angeles, CA  90066

Tel: (310) 391-9971
Fax: (310) 391-8971
Web: www.StatModel.com
Support: Support@StatModel.com

Copyright (c) 1998-2015 Muthen & Muthen
