Mplus VERSION 7.4 (Mac)
MUTHEN & MUTHEN
05/06/2020   3:57 PM

INPUT INSTRUCTIONS


  TITLE: CANF6M_SRPWCR_2;

  DATA:
  	FILE = GD190618rr.csv;

  VARIABLE:
  	NAMES =
  			ID_Fam   Wave     ID_MPL
  			DEMMAL   DEMAGE   DEMHSP   DEMRAC
  			SRPWCR
  			WASVCB   WASBLK   WASDGT   WSISUM
  			TRLATS   TRLBTS
  			CVLASF   CVLASC   CVLALF   CVLALC
  			CVLCOM
  			CANEVR   CANONS   CANFLF
  			CANFTY   CANF6M   CANAC6
  			CANYRS
  			ALCEVR   ALCONS   ALCFLF
  			ALCFTY   ALCF6M   ALCAC6
  			ALCYRS
  			SRPWCRDt WASVCBDt WASBLKDt
  			WASDGTDt WSISUMDt TRLATSDt
  			TRLBTSDt CVLASFDt CVLASCDt
  			CVLALFDt CVLALCDt CVLCOMDt
  		;
  	USEVARIABLES =
  		! outcome
    			SRPWCR
    		! covariates
    			DEMAGE
    			DEMMAL  		
    		! within predictor
    			CANF6M
    		! between predictor
    			CANF6MBW
    		;
    	USEOBSERVATION =
    			(Wave EQ 2 AND SRPWCRDt EQ 1)
    		;
    	CLUSTER =
    			ID_Fam
    		;
    	MISSING = .;
    	BETWEEN =   		
    			CANF6MBW
    		;
    	WITHIN  		
    			CANF6M
    			DEMAGE
    			DEMMAL
    		;  		

  DEFINE:
  	! CREATE BW FAM PREDICTOR
  		CANF6MBW = cluster_mean (CANF6M);
  	! CENTER WI FAM VARIABLES
  		CENTER CANF6M (GROUPMEAN);
  		CENTER DEMMAL (GRANDMEAN);
  		CENTER DEMAGE (GRANDMEAN);
  	! CENTER BW FAM VARIABLES
  		CENTER CANF6MBW (GRANDMEAN);

  ANALYSIS:
          ITERATIONS = 1000000;
          TYPE = TWOLEVEL RANDOM;
          ALGORITHM = INTEGRATION;

  OUTPUT:
  	SAMPSTAT STDYX TECH1 CINT;

  MODEL:
  %WITHIN%
  	SRPWCR on CANF6M;
  	SRPWCR on  DEMMAL DEMAGE;	
  	SRPWCR*;
  	CANF6M WITH DEMMAL*;
  	CANF6M WITH DEMAGE*;

  %BETWEEN%
  	SRPWCR on CANF6MBW;
  	SRPWCR*;

  PLOT:
  	TYPE = plot3;



INPUT READING TERMINATED NORMALLY



CANF6M_SRPWCR_2;

SUMMARY OF ANALYSIS

Number of groups                                                 1
Number of observations                                         874

Number of dependent variables                                    1
Number of independent variables                                  4
Number of continuous latent variables                            0

Observed dependent variables

  Continuous
   SRPWCR

Observed independent variables
   DEMAGE      DEMMAL      CANF6M      CANF6MBW

Variables with special functions

  Cluster variable      ID_FAM

  Within variables
   DEMAGE      DEMMAL      CANF6M

  Between variables
   CANF6MBW

  Centering (GRANDMEAN)
   DEMMAL      DEMAGE      CANF6MBW

  Centering (GROUPMEAN)
   CANF6M


Estimator                                                      MLR
Information matrix                                        OBSERVED
Optimization Specifications for the Quasi-Newton Algorithm for
Continuous Outcomes
  Maximum number of iterations                             1000000
  Convergence criterion                                  0.100D-05
Optimization Specifications for the EM Algorithm
  Maximum number of iterations                                 500
  Convergence criteria
    Loglikelihood change                                 0.100D-02
    Relative loglikelihood change                        0.100D-05
    Derivative                                           0.100D-02
Optimization Specifications for the M step of the EM Algorithm for
Categorical Latent variables
  Number of M step iterations                                    1
  M step convergence criterion                           0.100D-02
  Basis for M step termination                           ITERATION
Optimization Specifications for the M step of the EM Algorithm for
Censored, Binary or Ordered Categorical (Ordinal), Unordered
Categorical (Nominal) and Count Outcomes
  Number of M step iterations                                    1
  M step convergence criterion                           0.100D-02
  Basis for M step termination                           ITERATION
  Maximum value for logit thresholds                            15
  Minimum value for logit thresholds                           -15
  Minimum expected cell size for chi-square              0.100D-01
Maximum number of iterations for H1                           2000
Convergence criterion for H1                             0.100D-03
Optimization algorithm                                         EMA
Integration Specifications
  Type                                                    STANDARD
  Number of integration points                                  15
  Dimensions of numerical integration                            0
  Adaptive quadrature                                           ON
Cholesky                                                       OFF

Input data file(s)
  GD190618rr.csv
Input data format  FREE


SUMMARY OF DATA

     Number of missing data patterns             3
     Number of clusters                        474



COVARIANCE COVERAGE OF DATA

Minimum covariance coverage value   0.100


     PROPORTION OF DATA PRESENT FOR Y


           Covariance Coverage
              SRPWCR        DEMAGE        DEMMAL        CANF6M        CANF6MBW
              ________      ________      ________      ________      ________
 SRPWCR         0.898
 DEMAGE         0.898         0.999
 DEMMAL         0.898         0.999         0.999
 CANF6M         0.898         0.999         0.999         1.000
 CANF6MBW       0.898         0.999         0.999         1.000         1.000


SAMPLE STATISTICS


     ESTIMATED SAMPLE STATISTICS


           Means
              SRPWCR        DEMAGE        DEMMAL        CANF6M        CANF6MBW
              ________      ________      ________      ________      ________
 1              5.526         0.000         0.000         0.000         0.000


           Covariances
              SRPWCR        DEMAGE        DEMMAL        CANF6M        CANF6MBW
              ________      ________      ________      ________      ________
 SRPWCR        77.447
 DEMAGE        -1.210         7.040
 DEMMAL         0.250        -0.131         0.236
 CANF6M         3.962        -1.540         0.604        49.337
 CANF6MBW      -5.761        -3.017         0.607         0.000        88.552


           Correlations
              SRPWCR        DEMAGE        DEMMAL        CANF6M        CANF6MBW
              ________      ________      ________      ________      ________
 SRPWCR         1.000
 DEMAGE        -0.052         1.000
 DEMMAL         0.059        -0.102         1.000
 CANF6M         0.064        -0.083         0.177         1.000
 CANF6MBW      -0.070        -0.121         0.133         0.000         1.000


     MAXIMUM LOG-LIKELIHOOD VALUE FOR THE UNRESTRICTED (H1) MODEL IS -11623.723


UNIVARIATE SAMPLE STATISTICS


     UNIVARIATE HIGHER-ORDER MOMENT DESCRIPTIVE STATISTICS

         Variable/         Mean/     Skewness/   Minimum/ % with                Percentiles
        Sample Size      Variance    Kurtosis    Maximum  Min/Max      20%/60%    40%/80%    Median

     SRPWCR                5.571       0.243     -24.000    0.13%      -1.000      4.000      6.000
             785.000      77.432       3.210      64.000    0.13%       8.000     12.000
     DEMAGE                0.000       0.532      -5.277    0.11%      -2.297     -0.937     -0.307
             873.000       7.040       0.006       9.743    0.11%       0.433      2.163
     DEMMAL                0.000      -0.488      -0.619   38.14%      -0.619      0.381      0.381
             873.000       0.236      -1.762       0.381   61.86%       0.381      0.381
     CANF6M                0.000       0.106     -20.000    0.23%      -2.085      0.000      0.000
             874.000      49.337       1.042      20.250    0.11%       0.000      1.665
     CANF6MBW              0.459       0.936      -8.010   28.90%      -8.010     -7.425     -5.260
             474.000     101.866      -0.412      21.990    8.65%       0.325      7.825

     THE STANDARD ERRORS OF THE MODEL PARAMETER ESTIMATES MAY NOT BE
     TRUSTWORTHY FOR SOME PARAMETERS DUE TO A NON-POSITIVE DEFINITE
     FIRST-ORDER DERIVATIVE PRODUCT MATRIX.  THIS MAY BE DUE TO THE STARTING
     VALUES BUT MAY ALSO BE AN INDICATION OF MODEL NONIDENTIFICATION.  THE
     CONDITION NUMBER IS       0.689D-16.  PROBLEM INVOLVING THE FOLLOWING PARAMETER:
     Parameter 3, %WITHIN%: [ CANF6M ]


THE MODEL ESTIMATION TERMINATED NORMALLY



MODEL FIT INFORMATION

Number of Free Parameters                       15

Loglikelihood

          H0 Value                       -8442.144
          H0 Scaling Correction Factor      1.1435
            for MLR

Information Criteria

          Akaike (AIC)                   16914.288
          Bayesian (BIC)                 16985.884
          Sample-Size Adjusted BIC       16938.248
            (n* = (n + 2) / 24)



MODEL RESULTS

                                                    Two-Tailed
                    Estimate       S.E.  Est./S.E.    P-Value

Within Level

 SRPWCR     ON
    CANF6M             0.063      0.048      1.304      0.192
    DEMMAL             1.004      0.682      1.473      0.141
    DEMAGE            -0.175      0.116     -1.506      0.132

 CANF6M   WITH
    DEMMAL             0.581      0.114      5.088      0.000
    DEMAGE            -1.218      0.519     -2.347      0.019

 Means
    DEMAGE             0.000      0.100      0.002      0.998
    DEMMAL             0.000      0.017     -0.006      0.995
    CANF6M             0.000      0.000      3.827      0.000

 Variances
    DEMAGE             7.040      0.329     21.378      0.000
    DEMMAL             0.236      0.004     56.916      0.000
    CANF6M            49.226      3.898     12.629      0.000

 Residual Variances
    SRPWCR            74.540      8.646      8.621      0.000

Between Level

 SRPWCR     ON
    CANF6MBW          -0.081      0.032     -2.563      0.010

 Intercepts
    SRPWCR             5.482      0.316     17.332      0.000

 Residual Variances
    SRPWCR             1.772      4.166      0.425      0.671


STANDARDIZED MODEL RESULTS


STDYX Standardization

                                                    Two-Tailed
                    Estimate       S.E.  Est./S.E.    P-Value

Within Level

 SRPWCR     ON
    CANF6M             0.051      0.038      1.340      0.180
    DEMMAL             0.056      0.038      1.497      0.134
    DEMAGE            -0.053      0.035     -1.526      0.127

 CANF6M   WITH
    DEMMAL             0.171      0.031      5.418      0.000
    DEMAGE            -0.065      0.028     -2.376      0.018

 Means
    DEMAGE             0.000      0.038      0.002      0.998
    DEMMAL             0.000      0.036     -0.006      0.995
    CANF6M             0.000      0.000    999.000    999.000

 Variances
    DEMAGE             1.000      0.000    999.000    999.000
    DEMMAL             1.000      0.000    999.000    999.000
    CANF6M             1.000      0.000    999.000    999.000

 Residual Variances
    SRPWCR             0.990      0.007    142.849      0.000

Between Level

 SRPWCR     ON
    CANF6MBW          -0.524      0.460     -1.139      0.254

 Intercepts
    SRPWCR             3.508      3.085      1.137      0.256

 Residual Variances
    SRPWCR             0.725      0.482      1.505      0.132


R-SQUARE

Within Level

    Observed                                        Two-Tailed
    Variable        Estimate       S.E.  Est./S.E.    P-Value

    SRPWCR             0.010      0.007      1.438      0.151

Between Level

    Observed                                        Two-Tailed
    Variable        Estimate       S.E.  Est./S.E.    P-Value

    SRPWCR             0.275      0.482      0.570      0.569


QUALITY OF NUMERICAL RESULTS

     Condition Number for the Information Matrix              0.689E-16
       (ratio of smallest to largest eigenvalue)


CONFIDENCE INTERVALS OF MODEL RESULTS

                  Lower .5%  Lower 2.5%    Lower 5%    Estimate    Upper 5%  Upper 2.5%   Upper .5%

Within Level

 SRPWCR   ON
    CANF6M          -0.062      -0.032      -0.017       0.063       0.143       0.158       0.188
    DEMMAL          -0.752      -0.332      -0.117       1.004       2.126       2.340       2.760
    DEMAGE          -0.474      -0.403      -0.366      -0.175       0.016       0.053       0.124

 CANF6M   WITH
    DEMMAL           0.287       0.357       0.393       0.581       0.769       0.805       0.876
    DEMAGE          -2.554      -2.234      -2.071      -1.218      -0.364      -0.201       0.118

 Means
    DEMAGE          -0.257      -0.195      -0.164       0.000       0.164       0.196       0.257
    DEMMAL          -0.045      -0.034      -0.029       0.000       0.029       0.034       0.045
    CANF6M           0.000       0.000       0.000       0.000       0.000       0.000       0.000

 Variances
    DEMAGE           6.192       6.394       6.498       7.040       7.581       7.685       7.888
    DEMMAL           0.225       0.228       0.229       0.236       0.243       0.244       0.247
    CANF6M          39.186      41.586      42.814      49.226      55.638      56.866      59.266

 Residual Variances
    SRPWCR          52.270      57.594      60.317      74.540      88.763      91.486      96.811

Between Level

 SRPWCR   ON
    CANF6MBW        -0.163      -0.143      -0.133      -0.081      -0.029      -0.019       0.000

 Intercepts
    SRPWCR           4.668       4.862       4.962       5.482       6.003       6.102       6.297

 Residual Variances
    SRPWCR          -8.960      -6.394      -5.082       1.772       8.625       9.938      12.503


CONFIDENCE INTERVALS OF STANDARDIZED MODEL RESULTS


STDYX Standardization

                  Lower .5%  Lower 2.5%    Lower 5%    Estimate    Upper 5%  Upper 2.5%   Upper .5%

Within Level

 SRPWCR   ON
    CANF6M          -0.047      -0.024      -0.012       0.051       0.114       0.126       0.149
    DEMMAL          -0.040      -0.017      -0.006       0.056       0.118       0.130       0.153
    DEMAGE          -0.144      -0.122      -0.111      -0.053       0.004       0.015       0.037

 CANF6M   WITH
    DEMMAL           0.089       0.109       0.119       0.171       0.222       0.232       0.252
    DEMAGE          -0.136      -0.119      -0.111      -0.065      -0.020      -0.011       0.006

 Means
    DEMAGE          -0.097      -0.074      -0.062       0.000       0.062       0.074       0.097
    DEMMAL          -0.093      -0.071      -0.059       0.000       0.059       0.070       0.092
    CANF6M           0.000       0.000       0.000       0.000       0.000       0.000       0.000

 Variances
    DEMAGE           1.000       1.000       1.000       1.000       1.000       1.000       1.000
    DEMMAL           1.000       1.000       1.000       1.000       1.000       1.000       1.000
    CANF6M           1.000       1.000       1.000       1.000       1.000       1.000       1.000

 Residual Variances
    SRPWCR           0.972       0.976       0.979       0.990       1.001       1.004       1.008

Between Level

 SRPWCR   ON
    CANF6MBW        -1.708      -1.425      -1.280      -0.524       0.232       0.377       0.660

 Intercepts
    SRPWCR          -4.439      -2.539      -1.567       3.508       8.584       9.556      11.456

 Residual Variances
    SRPWCR          -0.516      -0.219      -0.067       0.725       1.518       1.670       1.967


TECHNICAL 1 OUTPUT


     PARAMETER SPECIFICATION FOR WITHIN


           NU
              SRPWCR        DEMAGE        DEMMAL        CANF6M        CANF6MBW
              ________      ________      ________      ________      ________
 1                  0             0             0             0             0


           LAMBDA
              SRPWCR        DEMAGE        DEMMAL        CANF6M        CANF6MBW
              ________      ________      ________      ________      ________
 SRPWCR             0             0             0             0             0
 DEMAGE             0             0             0             0             0
 DEMMAL             0             0             0             0             0
 CANF6M             0             0             0             0             0
 CANF6MBW           0             0             0             0             0


           THETA
              SRPWCR        DEMAGE        DEMMAL        CANF6M        CANF6MBW
              ________      ________      ________      ________      ________
 SRPWCR             0
 DEMAGE             0             0
 DEMMAL             0             0             0
 CANF6M             0             0             0             0
 CANF6MBW           0             0             0             0             0


           ALPHA
              SRPWCR        DEMAGE        DEMMAL        CANF6M        CANF6MBW
              ________      ________      ________      ________      ________
 1                  0             1             2             3             0


           BETA
              SRPWCR        DEMAGE        DEMMAL        CANF6M        CANF6MBW
              ________      ________      ________      ________      ________
 SRPWCR             0             4             5             6             0
 DEMAGE             0             0             0             0             0
 DEMMAL             0             0             0             0             0
 CANF6M             0             0             0             0             0
 CANF6MBW           0             0             0             0             0


           PSI
              SRPWCR        DEMAGE        DEMMAL        CANF6M        CANF6MBW
              ________      ________      ________      ________      ________
 SRPWCR             7
 DEMAGE             0             8
 DEMMAL             0             0             9
 CANF6M             0            10            11            12
 CANF6MBW           0             0             0             0             0


     PARAMETER SPECIFICATION FOR BETWEEN


           NU
              SRPWCR        DEMAGE        DEMMAL        CANF6M        CANF6MBW
              ________      ________      ________      ________      ________
 1                  0             0             0             0             0


           LAMBDA
              SRPWCR        DEMAGE        DEMMAL        CANF6M        CANF6MBW
              ________      ________      ________      ________      ________
 SRPWCR             0             0             0             0             0
 DEMAGE             0             0             0             0             0
 DEMMAL             0             0             0             0             0
 CANF6M             0             0             0             0             0
 CANF6MBW           0             0             0             0             0


           THETA
              SRPWCR        DEMAGE        DEMMAL        CANF6M        CANF6MBW
              ________      ________      ________      ________      ________
 SRPWCR             0
 DEMAGE             0             0
 DEMMAL             0             0             0
 CANF6M             0             0             0             0
 CANF6MBW           0             0             0             0             0


           ALPHA
              SRPWCR        DEMAGE        DEMMAL        CANF6M        CANF6MBW
              ________      ________      ________      ________      ________
 1                 13             0             0             0             0


           BETA
              SRPWCR        DEMAGE        DEMMAL        CANF6M        CANF6MBW
              ________      ________      ________      ________      ________
 SRPWCR             0             0             0             0            14
 DEMAGE             0             0             0             0             0
 DEMMAL             0             0             0             0             0
 CANF6M             0             0             0             0             0
 CANF6MBW           0             0             0             0             0


           PSI
              SRPWCR        DEMAGE        DEMMAL        CANF6M        CANF6MBW
              ________      ________      ________      ________      ________
 SRPWCR            15
 DEMAGE             0             0
 DEMMAL             0             0             0
 CANF6M             0             0             0             0
 CANF6MBW           0             0             0             0             0


     STARTING VALUES FOR WITHIN


           NU
              SRPWCR        DEMAGE        DEMMAL        CANF6M        CANF6MBW
              ________      ________      ________      ________      ________
 1              0.000         0.000         0.000         0.000         0.000


           LAMBDA
              SRPWCR        DEMAGE        DEMMAL        CANF6M        CANF6MBW
              ________      ________      ________      ________      ________
 SRPWCR         1.000         0.000         0.000         0.000         0.000
 DEMAGE         0.000         1.000         0.000         0.000         0.000
 DEMMAL         0.000         0.000         1.000         0.000         0.000
 CANF6M         0.000         0.000         0.000         1.000         0.000
 CANF6MBW       0.000         0.000         0.000         0.000         1.000


           THETA
              SRPWCR        DEMAGE        DEMMAL        CANF6M        CANF6MBW
              ________      ________      ________      ________      ________
 SRPWCR         0.000
 DEMAGE         0.000         0.000
 DEMMAL         0.000         0.000         0.000
 CANF6M         0.000         0.000         0.000         0.000
 CANF6MBW       0.000         0.000         0.000         0.000         0.000


           ALPHA
              SRPWCR        DEMAGE        DEMMAL        CANF6M        CANF6MBW
              ________      ________      ________      ________      ________
 1              0.000         0.000         0.000         0.000         0.000


           BETA
              SRPWCR        DEMAGE        DEMMAL        CANF6M        CANF6MBW
              ________      ________      ________      ________      ________
 SRPWCR         0.000         0.000         0.000         0.000         0.000
 DEMAGE         0.000         0.000         0.000         0.000         0.000
 DEMMAL         0.000         0.000         0.000         0.000         0.000
 CANF6M         0.000         0.000         0.000         0.000         0.000
 CANF6MBW       0.000         0.000         0.000         0.000         0.000


           PSI
              SRPWCR        DEMAGE        DEMMAL        CANF6M        CANF6MBW
              ________      ________      ________      ________      ________
 SRPWCR        38.716
 DEMAGE         0.000         3.520
 DEMMAL         0.000         0.000         0.118
 CANF6M         0.000         0.000         0.000        24.669
 CANF6MBW       0.000         0.000         0.000         0.000         0.000


     STARTING VALUES FOR BETWEEN


           NU
              SRPWCR        DEMAGE        DEMMAL        CANF6M        CANF6MBW
              ________      ________      ________      ________      ________
 1              0.000         0.000         0.000         0.000         0.000


           LAMBDA
              SRPWCR        DEMAGE        DEMMAL        CANF6M        CANF6MBW
              ________      ________      ________      ________      ________
 SRPWCR         1.000         0.000         0.000         0.000         0.000
 DEMAGE         0.000         1.000         0.000         0.000         0.000
 DEMMAL         0.000         0.000         1.000         0.000         0.000
 CANF6M         0.000         0.000         0.000         1.000         0.000
 CANF6MBW       0.000         0.000         0.000         0.000         1.000


           THETA
              SRPWCR        DEMAGE        DEMMAL        CANF6M        CANF6MBW
              ________      ________      ________      ________      ________
 SRPWCR         0.000
 DEMAGE         0.000         0.000
 DEMMAL         0.000         0.000         0.000
 CANF6M         0.000         0.000         0.000         0.000
 CANF6MBW       0.000         0.000         0.000         0.000         0.000


           ALPHA
              SRPWCR        DEMAGE        DEMMAL        CANF6M        CANF6MBW
              ________      ________      ________      ________      ________
 1              5.571         0.000         0.000         0.000         0.000


           BETA
              SRPWCR        DEMAGE        DEMMAL        CANF6M        CANF6MBW
              ________      ________      ________      ________      ________
 SRPWCR         0.000         0.000         0.000         0.000         0.000
 DEMAGE         0.000         0.000         0.000         0.000         0.000
 DEMMAL         0.000         0.000         0.000         0.000         0.000
 CANF6M         0.000         0.000         0.000         0.000         0.000
 CANF6MBW       0.000         0.000         0.000         0.000         0.000


           PSI
              SRPWCR        DEMAGE        DEMMAL        CANF6M        CANF6MBW
              ________      ________      ________      ________      ________
 SRPWCR        38.716
 DEMAGE         0.000         0.000
 DEMMAL         0.000         0.000         0.000
 CANF6M         0.000         0.000         0.000         0.000
 CANF6MBW       0.000         0.000         0.000         0.000        44.276


SAMPLE STATISTICS FOR ESTIMATED FACTOR SCORES


     SAMPLE STATISTICS


           Means
              B_SRPWCR
              ________
 1              5.489


           Covariances
              B_SRPWCR
              ________
 B_SRPWCR       0.665


           Correlations
              B_SRPWCR
              ________
 B_SRPWCR       1.000


PLOT INFORMATION

The following plots are available:

  Histograms (sample values)
  Scatterplots (sample values)

     Beginning Time:  15:57:53
        Ending Time:  15:57:53
       Elapsed Time:  00:00:00



MUTHEN & MUTHEN
3463 Stoner Ave.
Los Angeles, CA  90066

Tel: (310) 391-9971
Fax: (310) 391-8971
Web: www.StatModel.com
Support: Support@StatModel.com

Copyright (c) 1998-2015 Muthen & Muthen
