Mplus VERSION 7.4 (Mac)
MUTHEN & MUTHEN
05/06/2020   3:57 PM

INPUT INSTRUCTIONS


  TITLE: CANF6M_TRLATS_2;

  DATA:
  	FILE = GD190618rr.csv;

  VARIABLE:
  	NAMES =
  			ID_Fam   Wave     ID_MPL
  			DEMMAL   DEMAGE   DEMHSP   DEMRAC
  			SRPWCR
  			WASVCB   WASBLK   WASDGT   WSISUM
  			TRLATS   TRLBTS
  			CVLASF   CVLASC   CVLALF   CVLALC
  			CVLCOM
  			CANEVR   CANONS   CANFLF
  			CANFTY   CANF6M   CANAC6
  			CANYRS
  			ALCEVR   ALCONS   ALCFLF
  			ALCFTY   ALCF6M   ALCAC6
  			ALCYRS
  			SRPWCRDt WASVCBDt WASBLKDt
  			WASDGTDt WSISUMDt TRLATSDt
  			TRLBTSDt CVLASFDt CVLASCDt
  			CVLALFDt CVLALCDt CVLCOMDt
  		;
  	USEVARIABLES =
  		! outcome
    			TRLATS
    		! covariates
    			DEMAGE
    			DEMMAL  		
    		! within predictor
    			CANF6M
    		! between predictor
    			CANF6MBW
    		;
    	USEOBSERVATION =
    			(Wave EQ 2 AND TRLATSDt EQ 1)
    		;
    	CLUSTER =
    			ID_Fam
    		;
    	MISSING = .;
    	BETWEEN =   		
    			CANF6MBW
    		;
    	WITHIN  		
    			CANF6M
    			DEMAGE
    			DEMMAL
    		;  		

  DEFINE:
  	! CREATE BW FAM PREDICTOR
  		CANF6MBW = cluster_mean (CANF6M);
  	! CENTER WI FAM VARIABLES
  		CENTER CANF6M (GROUPMEAN);
  		CENTER DEMMAL (GRANDMEAN);
  		CENTER DEMAGE (GRANDMEAN);
  	! CENTER BW FAM VARIABLES
  		CENTER CANF6MBW (GRANDMEAN);

  ANALYSIS:
          ITERATIONS = 1000000;
          TYPE = TWOLEVEL RANDOM;
          ALGORITHM = INTEGRATION;

  OUTPUT:
  	SAMPSTAT STDYX TECH1 CINT;

  MODEL:
  %WITHIN%
  	TRLATS on CANF6M;
  	TRLATS on  DEMMAL DEMAGE;	
  	TRLATS*;
  	CANF6M WITH DEMMAL*;
  	CANF6M WITH DEMAGE*;

  %BETWEEN%
  	TRLATS on CANF6MBW;
  	TRLATS*;

  PLOT:
  	TYPE = plot3;



INPUT READING TERMINATED NORMALLY



CANF6M_TRLATS_2;

SUMMARY OF ANALYSIS

Number of groups                                                 1
Number of observations                                         875

Number of dependent variables                                    1
Number of independent variables                                  4
Number of continuous latent variables                            0

Observed dependent variables

  Continuous
   TRLATS

Observed independent variables
   DEMAGE      DEMMAL      CANF6M      CANF6MBW

Variables with special functions

  Cluster variable      ID_FAM

  Within variables
   DEMAGE      DEMMAL      CANF6M

  Between variables
   CANF6MBW

  Centering (GRANDMEAN)
   DEMMAL      DEMAGE      CANF6MBW

  Centering (GROUPMEAN)
   CANF6M


Estimator                                                      MLR
Information matrix                                        OBSERVED
Optimization Specifications for the Quasi-Newton Algorithm for
Continuous Outcomes
  Maximum number of iterations                             1000000
  Convergence criterion                                  0.100D-05
Optimization Specifications for the EM Algorithm
  Maximum number of iterations                                 500
  Convergence criteria
    Loglikelihood change                                 0.100D-02
    Relative loglikelihood change                        0.100D-05
    Derivative                                           0.100D-02
Optimization Specifications for the M step of the EM Algorithm for
Categorical Latent variables
  Number of M step iterations                                    1
  M step convergence criterion                           0.100D-02
  Basis for M step termination                           ITERATION
Optimization Specifications for the M step of the EM Algorithm for
Censored, Binary or Ordered Categorical (Ordinal), Unordered
Categorical (Nominal) and Count Outcomes
  Number of M step iterations                                    1
  M step convergence criterion                           0.100D-02
  Basis for M step termination                           ITERATION
  Maximum value for logit thresholds                            15
  Minimum value for logit thresholds                           -15
  Minimum expected cell size for chi-square              0.100D-01
Maximum number of iterations for H1                           2000
Convergence criterion for H1                             0.100D-03
Optimization algorithm                                         EMA
Integration Specifications
  Type                                                    STANDARD
  Number of integration points                                  15
  Dimensions of numerical integration                            0
  Adaptive quadrature                                           ON
Cholesky                                                       OFF

Input data file(s)
  GD190618rr.csv
Input data format  FREE


SUMMARY OF DATA

     Number of missing data patterns             3
     Number of clusters                        474



COVARIANCE COVERAGE OF DATA

Minimum covariance coverage value   0.100


     PROPORTION OF DATA PRESENT FOR Y


           Covariance Coverage
              TRLATS        DEMAGE        DEMMAL        CANF6M        CANF6MBW
              ________      ________      ________      ________      ________
 TRLATS         0.904
 DEMAGE         0.904         0.999
 DEMMAL         0.904         0.999         0.999
 CANF6M         0.904         0.999         0.999         1.000
 CANF6MBW       0.904         0.999         0.999         1.000         1.000


SAMPLE STATISTICS


     ESTIMATED SAMPLE STATISTICS


           Means
              TRLATS        DEMAGE        DEMMAL        CANF6M        CANF6MBW
              ________      ________      ________      ________      ________
 1             51.185         0.000         0.000         0.000         0.000


           Covariances
              TRLATS        DEMAGE        DEMMAL        CANF6M        CANF6MBW
              ________      ________      ________      ________      ________
 TRLATS       133.359
 DEMAGE         0.840         7.039
 DEMMAL        -0.194        -0.130         0.236
 CANF6M         1.566        -1.535         0.605        49.287
 CANF6MBW       1.211        -2.954         0.614         0.000        88.996


           Correlations
              TRLATS        DEMAGE        DEMMAL        CANF6M        CANF6MBW
              ________      ________      ________      ________      ________
 TRLATS         1.000
 DEMAGE         0.027         1.000
 DEMMAL        -0.035        -0.101         1.000
 CANF6M         0.019        -0.082         0.178         1.000
 CANF6MBW       0.011        -0.118         0.134         0.000         1.000


     MAXIMUM LOG-LIKELIHOOD VALUE FOR THE UNRESTRICTED (H1) MODEL IS -11876.696


UNIVARIATE SAMPLE STATISTICS


     UNIVARIATE HIGHER-ORDER MOMENT DESCRIPTIVE STATISTICS

         Variable/         Mean/     Skewness/   Minimum/ % with                Percentiles
        Sample Size      Variance    Kurtosis    Maximum  Min/Max      20%/60%    40%/80%    Median

     TRLATS               51.166      -0.027       2.000    0.13%      42.000     49.000     51.000
             791.000     133.357       0.286      84.000    0.13%      53.000     60.000
     DEMAGE                0.000       0.529      -5.280    0.11%      -2.300     -0.940     -0.305
             874.000       7.039       0.002       9.740    0.11%       0.430      2.180
     DEMMAL                0.000      -0.490      -0.619   38.10%      -0.619      0.381      0.381
             874.000       0.236      -1.760       0.381   61.90%       0.381      0.381
     CANF6M                0.000       0.107     -20.000    0.23%      -2.085      0.000      0.000
             875.000      49.287       1.046      20.250    0.11%       0.000      1.665
     CANF6MBW              0.437       0.937      -8.035   28.90%      -8.035     -7.450     -5.285
             474.000     102.000      -0.411      21.965    8.65%       0.300      7.800

     THE STANDARD ERRORS OF THE MODEL PARAMETER ESTIMATES MAY NOT BE
     TRUSTWORTHY FOR SOME PARAMETERS DUE TO A NON-POSITIVE DEFINITE
     FIRST-ORDER DERIVATIVE PRODUCT MATRIX.  THIS MAY BE DUE TO THE STARTING
     VALUES BUT MAY ALSO BE AN INDICATION OF MODEL NONIDENTIFICATION.  THE
     CONDITION NUMBER IS       0.436D-16.  PROBLEM INVOLVING THE FOLLOWING PARAMETER:
     Parameter 3, %WITHIN%: [ CANF6M ]


THE MODEL ESTIMATION TERMINATED NORMALLY



MODEL FIT INFORMATION

Number of Free Parameters                       15

Loglikelihood

          H0 Value                       -8686.871
          H0 Scaling Correction Factor      1.0042
            for MLR

Information Criteria

          Akaike (AIC)                   17403.743
          Bayesian (BIC)                 17475.356
          Sample-Size Adjusted BIC       17427.720
            (n* = (n + 2) / 24)



MODEL RESULTS

                                                    Two-Tailed
                    Estimate       S.E.  Est./S.E.    P-Value

Within Level

 TRLATS     ON
    CANF6M             0.044      0.058      0.764      0.445
    DEMMAL            -0.986      0.901     -1.095      0.274
    DEMAGE             0.097      0.156      0.622      0.534

 CANF6M   WITH
    DEMMAL             0.583      0.114      5.108      0.000
    DEMAGE            -1.215      0.518     -2.345      0.019

 Means
    DEMAGE             0.000      0.100      0.002      0.998
    DEMMAL             0.000      0.017     -0.006      0.995
    CANF6M             0.000      0.000    999.000    999.000

 Variances
    DEMAGE             7.039      0.329     21.411      0.000
    DEMMAL             0.236      0.004     56.786      0.000
    CANF6M            49.177      3.895     12.627      0.000

 Residual Variances
    TRLATS           117.874      8.904     13.238      0.000

Between Level

 TRLATS     ON
    CANF6MBW           0.027      0.046      0.579      0.563

 Intercepts
    TRLATS            51.188      0.433    118.146      0.000

 Residual Variances
    TRLATS            15.361      7.017      2.189      0.029


STANDARDIZED MODEL RESULTS


STDYX Standardization

                                                    Two-Tailed
                    Estimate       S.E.  Est./S.E.    P-Value

Within Level

 TRLATS     ON
    CANF6M             0.028      0.037      0.769      0.442
    DEMMAL            -0.044      0.040     -1.103      0.270
    DEMAGE             0.024      0.038      0.624      0.533

 CANF6M   WITH
    DEMMAL             0.171      0.031      5.440      0.000
    DEMAGE            -0.065      0.028     -2.373      0.018

 Means
    DEMAGE             0.000      0.038      0.002      0.998
    DEMMAL             0.000      0.036     -0.006      0.995
    CANF6M             0.000      0.000    999.000    999.000

 Variances
    DEMAGE             1.000      0.000    999.000    999.000
    DEMMAL             1.000      0.000    999.000    999.000
    CANF6M             1.000      0.000    999.000    999.000

 Residual Variances
    TRLATS             0.997      0.004    250.738      0.000

Between Level

 TRLATS     ON
    CANF6MBW           0.068      0.117      0.586      0.558

 Intercepts
    TRLATS            13.030      2.962      4.400      0.000

 Residual Variances
    TRLATS             0.995      0.016     62.318      0.000


R-SQUARE

Within Level

    Observed                                        Two-Tailed
    Variable        Estimate       S.E.  Est./S.E.    P-Value

    TRLATS             0.003      0.004      0.701      0.483

Between Level

    Observed                                        Two-Tailed
    Variable        Estimate       S.E.  Est./S.E.    P-Value

    TRLATS             0.005      0.016      0.293      0.769


QUALITY OF NUMERICAL RESULTS

     Condition Number for the Information Matrix              0.436E-16
       (ratio of smallest to largest eigenvalue)


CONFIDENCE INTERVALS OF MODEL RESULTS

                  Lower .5%  Lower 2.5%    Lower 5%    Estimate    Upper 5%  Upper 2.5%   Upper .5%

Within Level

 TRLATS   ON
    CANF6M          -0.105      -0.069      -0.051       0.044       0.139       0.157       0.193
    DEMMAL          -3.306      -2.751      -2.468      -0.986       0.496       0.779       1.334
    DEMAGE          -0.304      -0.208      -0.159       0.097       0.353       0.402       0.497

 CANF6M   WITH
    DEMMAL           0.289       0.359       0.395       0.583       0.771       0.807       0.877
    DEMAGE          -2.549      -2.230      -2.067      -1.215      -0.363      -0.199       0.120

 Means
    DEMAGE          -0.257      -0.195      -0.164       0.000       0.164       0.196       0.257
    DEMMAL          -0.045      -0.034      -0.029       0.000       0.029       0.034       0.045
    CANF6M           0.000       0.000       0.000       0.000       0.000       0.000       0.000

 Variances
    DEMAGE           6.192       6.395       6.498       7.039       7.580       7.683       7.886
    DEMMAL           0.225       0.228       0.229       0.236       0.243       0.244       0.247
    CANF6M          39.145      41.543      42.770      49.177      55.584      56.811      59.209

 Residual Variances
    TRLATS          94.939     100.422     103.227     117.874     132.521     135.326     140.809

Between Level

 TRLATS   ON
    CANF6MBW        -0.092      -0.064      -0.049       0.027       0.102       0.117       0.145

 Intercepts
    TRLATS          50.072      50.339      50.475      51.188      51.901      52.037      52.304

 Residual Variances
    TRLATS          -2.714       1.607       3.818      15.361      26.904      29.114      33.436


CONFIDENCE INTERVALS OF STANDARDIZED MODEL RESULTS


STDYX Standardization

                  Lower .5%  Lower 2.5%    Lower 5%    Estimate    Upper 5%  Upper 2.5%   Upper .5%

Within Level

 TRLATS   ON
    CANF6M          -0.067      -0.044      -0.032       0.028       0.089       0.101       0.124
    DEMMAL          -0.147      -0.122      -0.110      -0.044       0.022       0.034       0.059
    DEMAGE          -0.074      -0.051      -0.039       0.024       0.086       0.098       0.121

 CANF6M   WITH
    DEMMAL           0.090       0.109       0.119       0.171       0.223       0.233       0.252
    DEMAGE          -0.136      -0.119      -0.111      -0.065      -0.020      -0.011       0.006

 Means
    DEMAGE          -0.097      -0.074      -0.062       0.000       0.062       0.074       0.097
    DEMMAL          -0.093      -0.071      -0.059       0.000       0.059       0.070       0.092
    CANF6M           0.000       0.000       0.000       0.000       0.000       0.000       0.000

 Variances
    DEMAGE           1.000       1.000       1.000       1.000       1.000       1.000       1.000
    DEMMAL           1.000       1.000       1.000       1.000       1.000       1.000       1.000
    CANF6M           1.000       1.000       1.000       1.000       1.000       1.000       1.000

 Residual Variances
    TRLATS           0.987       0.989       0.991       0.997       1.004       1.005       1.007

Between Level

 TRLATS   ON
    CANF6MBW        -0.232      -0.160      -0.124       0.068       0.260       0.297       0.369

 Intercepts
    TRLATS           5.401       7.225       8.158      13.030      17.902      18.835      20.659

 Residual Variances
    TRLATS           0.954       0.964       0.969       0.995       1.022       1.027       1.036


TECHNICAL 1 OUTPUT


     PARAMETER SPECIFICATION FOR WITHIN


           NU
              TRLATS        DEMAGE        DEMMAL        CANF6M        CANF6MBW
              ________      ________      ________      ________      ________
 1                  0             0             0             0             0


           LAMBDA
              TRLATS        DEMAGE        DEMMAL        CANF6M        CANF6MBW
              ________      ________      ________      ________      ________
 TRLATS             0             0             0             0             0
 DEMAGE             0             0             0             0             0
 DEMMAL             0             0             0             0             0
 CANF6M             0             0             0             0             0
 CANF6MBW           0             0             0             0             0


           THETA
              TRLATS        DEMAGE        DEMMAL        CANF6M        CANF6MBW
              ________      ________      ________      ________      ________
 TRLATS             0
 DEMAGE             0             0
 DEMMAL             0             0             0
 CANF6M             0             0             0             0
 CANF6MBW           0             0             0             0             0


           ALPHA
              TRLATS        DEMAGE        DEMMAL        CANF6M        CANF6MBW
              ________      ________      ________      ________      ________
 1                  0             1             2             3             0


           BETA
              TRLATS        DEMAGE        DEMMAL        CANF6M        CANF6MBW
              ________      ________      ________      ________      ________
 TRLATS             0             4             5             6             0
 DEMAGE             0             0             0             0             0
 DEMMAL             0             0             0             0             0
 CANF6M             0             0             0             0             0
 CANF6MBW           0             0             0             0             0


           PSI
              TRLATS        DEMAGE        DEMMAL        CANF6M        CANF6MBW
              ________      ________      ________      ________      ________
 TRLATS             7
 DEMAGE             0             8
 DEMMAL             0             0             9
 CANF6M             0            10            11            12
 CANF6MBW           0             0             0             0             0


     PARAMETER SPECIFICATION FOR BETWEEN


           NU
              TRLATS        DEMAGE        DEMMAL        CANF6M        CANF6MBW
              ________      ________      ________      ________      ________
 1                  0             0             0             0             0


           LAMBDA
              TRLATS        DEMAGE        DEMMAL        CANF6M        CANF6MBW
              ________      ________      ________      ________      ________
 TRLATS             0             0             0             0             0
 DEMAGE             0             0             0             0             0
 DEMMAL             0             0             0             0             0
 CANF6M             0             0             0             0             0
 CANF6MBW           0             0             0             0             0


           THETA
              TRLATS        DEMAGE        DEMMAL        CANF6M        CANF6MBW
              ________      ________      ________      ________      ________
 TRLATS             0
 DEMAGE             0             0
 DEMMAL             0             0             0
 CANF6M             0             0             0             0
 CANF6MBW           0             0             0             0             0


           ALPHA
              TRLATS        DEMAGE        DEMMAL        CANF6M        CANF6MBW
              ________      ________      ________      ________      ________
 1                 13             0             0             0             0


           BETA
              TRLATS        DEMAGE        DEMMAL        CANF6M        CANF6MBW
              ________      ________      ________      ________      ________
 TRLATS             0             0             0             0            14
 DEMAGE             0             0             0             0             0
 DEMMAL             0             0             0             0             0
 CANF6M             0             0             0             0             0
 CANF6MBW           0             0             0             0             0


           PSI
              TRLATS        DEMAGE        DEMMAL        CANF6M        CANF6MBW
              ________      ________      ________      ________      ________
 TRLATS            15
 DEMAGE             0             0
 DEMMAL             0             0             0
 CANF6M             0             0             0             0
 CANF6MBW           0             0             0             0             0


     STARTING VALUES FOR WITHIN


           NU
              TRLATS        DEMAGE        DEMMAL        CANF6M        CANF6MBW
              ________      ________      ________      ________      ________
 1              0.000         0.000         0.000         0.000         0.000


           LAMBDA
              TRLATS        DEMAGE        DEMMAL        CANF6M        CANF6MBW
              ________      ________      ________      ________      ________
 TRLATS         1.000         0.000         0.000         0.000         0.000
 DEMAGE         0.000         1.000         0.000         0.000         0.000
 DEMMAL         0.000         0.000         1.000         0.000         0.000
 CANF6M         0.000         0.000         0.000         1.000         0.000
 CANF6MBW       0.000         0.000         0.000         0.000         1.000


           THETA
              TRLATS        DEMAGE        DEMMAL        CANF6M        CANF6MBW
              ________      ________      ________      ________      ________
 TRLATS         0.000
 DEMAGE         0.000         0.000
 DEMMAL         0.000         0.000         0.000
 CANF6M         0.000         0.000         0.000         0.000
 CANF6MBW       0.000         0.000         0.000         0.000         0.000


           ALPHA
              TRLATS        DEMAGE        DEMMAL        CANF6M        CANF6MBW
              ________      ________      ________      ________      ________
 1              0.000         0.000         0.000         0.000         0.000


           BETA
              TRLATS        DEMAGE        DEMMAL        CANF6M        CANF6MBW
              ________      ________      ________      ________      ________
 TRLATS         0.000         0.000         0.000         0.000         0.000
 DEMAGE         0.000         0.000         0.000         0.000         0.000
 DEMMAL         0.000         0.000         0.000         0.000         0.000
 CANF6M         0.000         0.000         0.000         0.000         0.000
 CANF6MBW       0.000         0.000         0.000         0.000         0.000


           PSI
              TRLATS        DEMAGE        DEMMAL        CANF6M        CANF6MBW
              ________      ________      ________      ________      ________
 TRLATS        66.678
 DEMAGE         0.000         3.519
 DEMMAL         0.000         0.000         0.118
 CANF6M         0.000         0.000         0.000        24.644
 CANF6MBW       0.000         0.000         0.000         0.000         0.000


     STARTING VALUES FOR BETWEEN


           NU
              TRLATS        DEMAGE        DEMMAL        CANF6M        CANF6MBW
              ________      ________      ________      ________      ________
 1              0.000         0.000         0.000         0.000         0.000


           LAMBDA
              TRLATS        DEMAGE        DEMMAL        CANF6M        CANF6MBW
              ________      ________      ________      ________      ________
 TRLATS         1.000         0.000         0.000         0.000         0.000
 DEMAGE         0.000         1.000         0.000         0.000         0.000
 DEMMAL         0.000         0.000         1.000         0.000         0.000
 CANF6M         0.000         0.000         0.000         1.000         0.000
 CANF6MBW       0.000         0.000         0.000         0.000         1.000


           THETA
              TRLATS        DEMAGE        DEMMAL        CANF6M        CANF6MBW
              ________      ________      ________      ________      ________
 TRLATS         0.000
 DEMAGE         0.000         0.000
 DEMMAL         0.000         0.000         0.000
 CANF6M         0.000         0.000         0.000         0.000
 CANF6MBW       0.000         0.000         0.000         0.000         0.000


           ALPHA
              TRLATS        DEMAGE        DEMMAL        CANF6M        CANF6MBW
              ________      ________      ________      ________      ________
 1             51.166         0.000         0.000         0.000         0.000


           BETA
              TRLATS        DEMAGE        DEMMAL        CANF6M        CANF6MBW
              ________      ________      ________      ________      ________
 TRLATS         0.000         0.000         0.000         0.000         0.000
 DEMAGE         0.000         0.000         0.000         0.000         0.000
 DEMMAL         0.000         0.000         0.000         0.000         0.000
 CANF6M         0.000         0.000         0.000         0.000         0.000
 CANF6MBW       0.000         0.000         0.000         0.000         0.000


           PSI
              TRLATS        DEMAGE        DEMMAL        CANF6M        CANF6MBW
              ________      ________      ________      ________      ________
 TRLATS        66.678
 DEMAGE         0.000         0.000
 DEMMAL         0.000         0.000         0.000
 CANF6M         0.000         0.000         0.000         0.000
 CANF6MBW       0.000         0.000         0.000         0.000        44.498


SAMPLE STATISTICS FOR ESTIMATED FACTOR SCORES


     SAMPLE STATISTICS


           Means
              B_TRLATS
              ________
 1             51.186


           Covariances
              B_TRLATS
              ________
 B_TRLATS       2.989


           Correlations
              B_TRLATS
              ________
 B_TRLATS       1.000


PLOT INFORMATION

The following plots are available:

  Histograms (sample values)
  Scatterplots (sample values)

     Beginning Time:  15:57:55
        Ending Time:  15:57:55
       Elapsed Time:  00:00:00



MUTHEN & MUTHEN
3463 Stoner Ave.
Los Angeles, CA  90066

Tel: (310) 391-9971
Fax: (310) 391-8971
Web: www.StatModel.com
Support: Support@StatModel.com

Copyright (c) 1998-2015 Muthen & Muthen
