Mplus VERSION 7.4 (Mac)
MUTHEN & MUTHEN
05/06/2020   3:52 PM

INPUT INSTRUCTIONS


  TITLE: CANEVR_CVLALF_1;

  DATA:
  	FILE = GD190618rr.csv;

  VARIABLE:
  	NAMES =
  			ID_Fam   Wave     ID_MPL
  			DEMMAL   DEMAGE   DEMHSP   DEMRAC
  			SRPWCR
  			WASVCB   WASBLK   WASDGT   WSISUM
  			TRLATS   TRLBTS
  			CVLASF   CVLASC   CVLALF   CVLALC
  			CVLCOM
  			CANEVR   CANONS   CANFLF
  			CANFTY   CANF6M   CANAC6
  			CANYRS
  			ALCEVR   ALCONS   ALCFLF
  			ALCFTY   ALCF6M   ALCAC6
  			ALCYRS
  			SRPWCRDt WASVCBDt WASBLKDt
  			WASDGTDt WSISUMDt TRLATSDt
  			TRLBTSDt CVLASFDt CVLASCDt
  			CVLALFDt CVLALCDt CVLCOMDt
  		;
  	USEVARIABLES =
  		! outcome
    			CVLALF
    		! covariates
    			DEMAGE
    			DEMMAL  		
    		! predictor
    			CANEVR
    		;
    	USEOBSERVATION =
    			(Wave EQ 1 AND CVLALFDt EQ 1)
    		;
    	CLUSTER =
    			ID_Fam
    		;
    	MISSING = .;

  DEFINE:
  	CENTER	CANEVR
  			DEMMAL
  			DEMAGE (GRANDMEAN);

  ANALYSIS:
          ITERATIONS = 1000000;
          TYPE = COMPLEX;

  OUTPUT:
  	SAMPSTAT STDYX TECH1 CINT;

  MODEL:
  	CVLALF on CANEVR;
  	CVLALF on  DEMMAL DEMAGE;	
  	CVLALF*;
  	CANEVR WITH DEMMAL*;
  	CANEVR WITH DEMAGE*;



*** WARNING in VARIABLE command
  When a subpopulation is analyzed with TYPE=COMPLEX, standard errors
  may be incorrect.  Use the SUBPOPULATION option instead of the
  USEOBSERVATIONS option to obtain correct standard errors.
*** WARNING
  Data set contains cases with missing on all variables.
  These cases were not included in the analysis.
  Number of cases with missing on all variables:  1
   2 WARNING(S) FOUND IN THE INPUT INSTRUCTIONS



CANEVR_CVLALF_1;

SUMMARY OF ANALYSIS

Number of groups                                                 1
Number of observations                                         479

Number of dependent variables                                    1
Number of independent variables                                  3
Number of continuous latent variables                            0

Observed dependent variables

  Continuous
   CVLALF

Observed independent variables
   DEMAGE      DEMMAL      CANEVR

Variables with special functions

  Cluster variable      ID_FAM

  Centering (GRANDMEAN)
   CANEVR      DEMMAL      DEMAGE


Estimator                                                      MLR
Information matrix                                        OBSERVED
Maximum number of iterations                               1000000
Convergence criterion                                    0.500D-04
Maximum number of steepest descent iterations                   20
Maximum number of iterations for H1                           2000
Convergence criterion for H1                             0.100D-03

Input data file(s)
  GD190618rr.csv

Input data format  FREE


SUMMARY OF DATA

     Number of missing data patterns             2
     Number of clusters         244



COVARIANCE COVERAGE OF DATA

Minimum covariance coverage value   0.100


     PROPORTION OF DATA PRESENT


           Covariance Coverage
              CVLALF        DEMAGE        DEMMAL        CANEVR
              ________      ________      ________      ________
 CVLALF         1.000
 DEMAGE         0.998         0.998
 DEMMAL         1.000         0.998         1.000
 CANEVR         1.000         0.998         1.000         1.000


SAMPLE STATISTICS


     ESTIMATED SAMPLE STATISTICS


           Means
              CVLALF        DEMAGE        DEMMAL        CANEVR
              ________      ________      ________      ________
      1        -0.401         0.000         0.000         0.000


           Covariances
              CVLALF        DEMAGE        DEMMAL        CANEVR
              ________      ________      ________      ________
 CVLALF         0.928
 DEMAGE        -0.083         4.399
 DEMMAL        -0.059        -0.113         0.247
 CANEVR        -0.013        -0.103         0.024         0.110


           Correlations
              CVLALF        DEMAGE        DEMMAL        CANEVR
              ________      ________      ________      ________
 CVLALF         1.000
 DEMAGE        -0.041         1.000
 DEMMAL        -0.124        -0.108         1.000
 CANEVR        -0.040        -0.148         0.144         1.000


     MAXIMUM LOG-LIKELIHOOD VALUE FOR THE UNRESTRICTED (H1) MODEL IS -2172.074


UNIVARIATE SAMPLE STATISTICS


     UNIVARIATE HIGHER-ORDER MOMENT DESCRIPTIVE STATISTICS

         Variable/         Mean/     Skewness/   Minimum/ % with                Percentiles
        Sample Size      Variance    Kurtosis    Maximum  Min/Max      20%/60%    40%/80%    Median

     CVLALF               -0.401      -0.850      -4.500    0.63%      -1.000     -0.500      0.000
             479.000       0.928       1.543       1.500    2.30%       0.000      0.500
     DEMAGE                0.000       1.057      -3.621    0.21%      -1.741     -0.821     -0.426
             478.000       4.400       0.886       7.269    0.21%       0.059      1.339
     DEMMAL                0.000      -0.223      -0.555   44.47%      -0.555     -0.555      0.445
             479.000       0.247      -1.950       0.445   55.53%       0.445      0.445
     CANEVR                0.000      -2.264      -0.875   12.53%       0.125      0.125      0.125
             479.000       0.110       3.127       0.125   87.47%       0.125      0.125


THE MODEL ESTIMATION TERMINATED NORMALLY

     THE STANDARD ERRORS OF THE MODEL PARAMETER ESTIMATES MAY NOT BE
     TRUSTWORTHY FOR SOME PARAMETERS DUE TO A NON-POSITIVE DEFINITE
     FIRST-ORDER DERIVATIVE PRODUCT MATRIX.  THIS MAY BE DUE TO THE STARTING
     VALUES BUT MAY ALSO BE AN INDICATION OF MODEL NONIDENTIFICATION.  THE
     CONDITION NUMBER IS       0.150D-16.  PROBLEM INVOLVING THE FOLLOWING PARAMETER:
     Parameter 13, CANEVR WITH DEMMAL




MODEL FIT INFORMATION

Number of Free Parameters                       14

Loglikelihood

          H0 Value                       -2172.074
          H0 Scaling Correction Factor      1.2335
            for MLR
          H1 Value                       -2172.074
          H1 Scaling Correction Factor      1.2335
            for MLR

Information Criteria

          Akaike (AIC)                    4372.147
          Bayesian (BIC)                  4430.551
          Sample-Size Adjusted BIC        4386.117
            (n* = (n + 2) / 24)

Chi-Square Test of Model Fit

          Value                              0.000*
          Degrees of Freedom                     0
          P-Value                           0.0000
          Scaling Correction Factor         1.0000
            for MLR

*   The chi-square value for MLM, MLMV, MLR, ULSMV, WLSM and WLSMV cannot be used
    for chi-square difference testing in the regular way.  MLM, MLR and WLSM
    chi-square difference testing is described on the Mplus website.  MLMV, WLSMV,
    and ULSMV difference testing is done using the DIFFTEST option.

RMSEA (Root Mean Square Error Of Approximation)

          Estimate                           0.000
          90 Percent C.I.                    0.000  0.000
          Probability RMSEA <= .05           0.000

CFI/TLI

          CFI                                1.000
          TLI                                1.000

Chi-Square Test of Model Fit for the Baseline Model

          Value                              9.692
          Degrees of Freedom                     3
          P-Value                           0.0214

SRMR (Standardized Root Mean Square Residual)

          Value                              0.000



MODEL RESULTS

                                                    Two-Tailed
                    Estimate       S.E.  Est./S.E.    P-Value

 CVLALF   ON
    CANEVR            -0.088      0.133     -0.662      0.508
    DEMMAL            -0.244      0.086     -2.828      0.005
    DEMAGE            -0.027      0.021     -1.288      0.198

 CANEVR   WITH
    DEMMAL             0.024      0.007      3.251      0.001
    DEMAGE            -0.103      0.041     -2.482      0.013

 DEMMAL   WITH
    DEMAGE            -0.113      0.048     -2.359      0.018

 Means
    DEMAGE             0.000      0.095      0.004      0.997
    DEMMAL             0.000      0.025      0.000      1.000
    CANEVR             0.000      0.015      0.000      1.000

 Intercepts
    CVLALF            -0.401      0.047     -8.459      0.000

 Variances
    DEMAGE             4.399      0.326     13.510      0.000
    DEMMAL             0.247      0.003     87.661      0.000
    CANEVR             0.110      0.011      9.570      0.000

 Residual Variances
    CVLALF             0.910      0.092      9.865      0.000


STANDARDIZED MODEL RESULTS


STDYX Standardization

                                                    Two-Tailed
                    Estimate       S.E.  Est./S.E.    P-Value

 CVLALF   ON
    CANEVR            -0.030      0.046     -0.664      0.507
    DEMMAL            -0.126      0.044     -2.863      0.004
    DEMAGE            -0.059      0.045     -1.309      0.191

 CANEVR   WITH
    DEMMAL             0.144      0.043      3.364      0.001
    DEMAGE            -0.148      0.057     -2.611      0.009

 DEMMAL   WITH
    DEMAGE            -0.108      0.045     -2.394      0.017

 Means
    DEMAGE             0.000      0.045      0.004      0.997
    DEMMAL             0.000      0.051      0.000      1.000
    CANEVR             0.000      0.046      0.000      1.000

 Intercepts
    CVLALF            -0.416      0.043     -9.737      0.000

 Variances
    DEMAGE             1.000      0.000    999.000    999.000
    DEMMAL             1.000      0.000    999.000    999.000
    CANEVR             1.000      0.000    999.000    999.000

 Residual Variances
    CVLALF             0.981      0.012     78.830      0.000


R-SQUARE

    Observed                                        Two-Tailed
    Variable        Estimate       S.E.  Est./S.E.    P-Value

    CVLALF             0.019      0.012      1.541      0.123


QUALITY OF NUMERICAL RESULTS

     Condition Number for the Information Matrix              0.224E-02
       (ratio of smallest to largest eigenvalue)


CONFIDENCE INTERVALS OF MODEL RESULTS

                  Lower .5%  Lower 2.5%    Lower 5%    Estimate    Upper 5%  Upper 2.5%   Upper .5%

 CVLALF   ON
    CANEVR          -0.431      -0.349      -0.307      -0.088       0.131       0.173       0.255
    DEMMAL          -0.466      -0.413      -0.386      -0.244      -0.102      -0.075      -0.022
    DEMAGE          -0.081      -0.068      -0.062      -0.027       0.008       0.014       0.027

 CANEVR   WITH
    DEMMAL           0.005       0.009       0.012       0.024       0.036       0.038       0.042
    DEMAGE          -0.210      -0.184      -0.171      -0.103      -0.035      -0.022       0.004

 DEMMAL   WITH
    DEMAGE          -0.236      -0.207      -0.192      -0.113      -0.034      -0.019       0.010

 Means
    DEMAGE          -0.243      -0.185      -0.155       0.000       0.156       0.186       0.244
    DEMMAL          -0.066      -0.050      -0.042       0.000       0.042       0.050       0.066
    CANEVR          -0.039      -0.030      -0.025       0.000       0.025       0.030       0.039

 Intercepts
    CVLALF          -0.523      -0.494      -0.479      -0.401      -0.323      -0.308      -0.279

 Variances
    DEMAGE           3.561       3.761       3.864       4.399       4.935       5.038       5.238
    DEMMAL           0.240       0.241       0.242       0.247       0.252       0.252       0.254
    CANEVR           0.080       0.087       0.091       0.110       0.128       0.132       0.139

 Residual Variances
    CVLALF           0.673       0.729       0.758       0.910       1.062       1.091       1.148


CONFIDENCE INTERVALS OF STANDARDIZED MODEL RESULTS


STDYX Standardization

                  Lower .5%  Lower 2.5%    Lower 5%    Estimate    Upper 5%  Upper 2.5%   Upper .5%

 CVLALF   ON
    CANEVR          -0.148      -0.120      -0.105      -0.030       0.045       0.059       0.087
    DEMMAL          -0.239      -0.212      -0.198      -0.126      -0.054      -0.040      -0.013
    DEMAGE          -0.175      -0.147      -0.133      -0.059       0.015       0.029       0.057

 CANEVR   WITH
    DEMMAL           0.034       0.060       0.073       0.144       0.214       0.227       0.254
    DEMAGE          -0.294      -0.259      -0.242      -0.148      -0.055      -0.037      -0.002

 DEMMAL   WITH
    DEMAGE          -0.225      -0.197      -0.183      -0.108      -0.034      -0.020       0.008

 Means
    DEMAGE          -0.116      -0.088      -0.074       0.000       0.074       0.089       0.116
    DEMMAL          -0.132      -0.100      -0.084       0.000       0.084       0.100       0.132
    CANEVR          -0.119      -0.090      -0.076       0.000       0.076       0.090       0.119

 Intercepts
    CVLALF          -0.526      -0.500      -0.486      -0.416      -0.346      -0.332      -0.306

 Variances
    DEMAGE           1.000       1.000       1.000       1.000       1.000       1.000       1.000
    DEMMAL           1.000       1.000       1.000       1.000       1.000       1.000       1.000
    CANEVR           1.000       1.000       1.000       1.000       1.000       1.000       1.000

 Residual Variances
    CVLALF           0.949       0.956       0.960       0.981       1.001       1.005       1.013


TECHNICAL 1 OUTPUT


     PARAMETER SPECIFICATION


           NU
              CVLALF        DEMAGE        DEMMAL        CANEVR
              ________      ________      ________      ________
      1           0             0             0             0


           LAMBDA
              CVLALF        DEMAGE        DEMMAL        CANEVR
              ________      ________      ________      ________
 CVLALF             0             0             0             0
 DEMAGE             0             0             0             0
 DEMMAL             0             0             0             0
 CANEVR             0             0             0             0


           THETA
              CVLALF        DEMAGE        DEMMAL        CANEVR
              ________      ________      ________      ________
 CVLALF             0
 DEMAGE             0             0
 DEMMAL             0             0             0
 CANEVR             0             0             0             0


           ALPHA
              CVLALF        DEMAGE        DEMMAL        CANEVR
              ________      ________      ________      ________
      1           1             2             3             4


           BETA
              CVLALF        DEMAGE        DEMMAL        CANEVR
              ________      ________      ________      ________
 CVLALF             0             5             6             7
 DEMAGE             0             0             0             0
 DEMMAL             0             0             0             0
 CANEVR             0             0             0             0


           PSI
              CVLALF        DEMAGE        DEMMAL        CANEVR
              ________      ________      ________      ________
 CVLALF             8
 DEMAGE             0             9
 DEMMAL             0            10            11
 CANEVR             0            12            13            14


     STARTING VALUES


           NU
              CVLALF        DEMAGE        DEMMAL        CANEVR
              ________      ________      ________      ________
      1         0.000         0.000         0.000         0.000


           LAMBDA
              CVLALF        DEMAGE        DEMMAL        CANEVR
              ________      ________      ________      ________
 CVLALF         1.000         0.000         0.000         0.000
 DEMAGE         0.000         1.000         0.000         0.000
 DEMMAL         0.000         0.000         1.000         0.000
 CANEVR         0.000         0.000         0.000         1.000


           THETA
              CVLALF        DEMAGE        DEMMAL        CANEVR
              ________      ________      ________      ________
 CVLALF         0.000
 DEMAGE         0.000         0.000
 DEMMAL         0.000         0.000         0.000
 CANEVR         0.000         0.000         0.000         0.000


           ALPHA
              CVLALF        DEMAGE        DEMMAL        CANEVR
              ________      ________      ________      ________
      1        -0.401         0.000         0.000         0.000


           BETA
              CVLALF        DEMAGE        DEMMAL        CANEVR
              ________      ________      ________      ________
 CVLALF         0.000         0.000         0.000         0.000
 DEMAGE         0.000         0.000         0.000         0.000
 DEMMAL         0.000         0.000         0.000         0.000
 CANEVR         0.000         0.000         0.000         0.000


           PSI
              CVLALF        DEMAGE        DEMMAL        CANEVR
              ________      ________      ________      ________
 CVLALF         0.464
 DEMAGE         0.000         2.200
 DEMMAL         0.000         0.000         0.123
 CANEVR         0.000         0.000         0.000         0.055


     Beginning Time:  15:52:08
        Ending Time:  15:52:08
       Elapsed Time:  00:00:00



MUTHEN & MUTHEN
3463 Stoner Ave.
Los Angeles, CA  90066

Tel: (310) 391-9971
Fax: (310) 391-8971
Web: www.StatModel.com
Support: Support@StatModel.com

Copyright (c) 1998-2015 Muthen & Muthen
