Mplus VERSION 7.4 (Mac)
MUTHEN & MUTHEN
05/06/2020   3:52 PM

INPUT INSTRUCTIONS


  TITLE: CANEVR_CVLCOM_1;

  DATA:
  	FILE = GD190618rr.csv;

  VARIABLE:
  	NAMES =
  			ID_Fam   Wave     ID_MPL
  			DEMMAL   DEMAGE   DEMHSP   DEMRAC
  			SRPWCR
  			WASVCB   WASBLK   WASDGT   WSISUM
  			TRLATS   TRLBTS
  			CVLASF   CVLASC   CVLALF   CVLALC
  			CVLCOM
  			CANEVR   CANONS   CANFLF
  			CANFTY   CANF6M   CANAC6
  			CANYRS
  			ALCEVR   ALCONS   ALCFLF
  			ALCFTY   ALCF6M   ALCAC6
  			ALCYRS
  			SRPWCRDt WASVCBDt WASBLKDt
  			WASDGTDt WSISUMDt TRLATSDt
  			TRLBTSDt CVLASFDt CVLASCDt
  			CVLALFDt CVLALCDt CVLCOMDt
  		;
  	USEVARIABLES =
  		! outcome
    			CVLCOM
    		! covariates
    			DEMAGE
    			DEMMAL  		
    		! predictor
    			CANEVR
    		;
    	USEOBSERVATION =
    			(Wave EQ 1 AND CVLCOMDt EQ 1)
    		;
    	CLUSTER =
    			ID_Fam
    		;
    	MISSING = .;

  DEFINE:
  	CENTER	CANEVR
  			DEMMAL
  			DEMAGE (GRANDMEAN);

  ANALYSIS:
          ITERATIONS = 1000000;
          TYPE = COMPLEX;

  OUTPUT:
  	SAMPSTAT STDYX TECH1 CINT;

  MODEL:
  	CVLCOM on CANEVR;
  	CVLCOM on  DEMMAL DEMAGE;	
  	CVLCOM*;
  	CANEVR WITH DEMMAL*;
  	CANEVR WITH DEMAGE*;



*** WARNING in VARIABLE command
  When a subpopulation is analyzed with TYPE=COMPLEX, standard errors
  may be incorrect.  Use the SUBPOPULATION option instead of the
  USEOBSERVATIONS option to obtain correct standard errors.
*** WARNING
  Data set contains cases with missing on all variables.
  These cases were not included in the analysis.
  Number of cases with missing on all variables:  1
   2 WARNING(S) FOUND IN THE INPUT INSTRUCTIONS



CANEVR_CVLCOM_1;

SUMMARY OF ANALYSIS

Number of groups                                                 1
Number of observations                                         479

Number of dependent variables                                    1
Number of independent variables                                  3
Number of continuous latent variables                            0

Observed dependent variables

  Continuous
   CVLCOM

Observed independent variables
   DEMAGE      DEMMAL      CANEVR

Variables with special functions

  Cluster variable      ID_FAM

  Centering (GRANDMEAN)
   CANEVR      DEMMAL      DEMAGE


Estimator                                                      MLR
Information matrix                                        OBSERVED
Maximum number of iterations                               1000000
Convergence criterion                                    0.500D-04
Maximum number of steepest descent iterations                   20
Maximum number of iterations for H1                           2000
Convergence criterion for H1                             0.100D-03

Input data file(s)
  GD190618rr.csv

Input data format  FREE


SUMMARY OF DATA

     Number of missing data patterns             2
     Number of clusters         244



COVARIANCE COVERAGE OF DATA

Minimum covariance coverage value   0.100


     PROPORTION OF DATA PRESENT


           Covariance Coverage
              CVLCOM        DEMAGE        DEMMAL        CANEVR
              ________      ________      ________      ________
 CVLCOM         1.000
 DEMAGE         0.998         0.998
 DEMMAL         1.000         0.998         1.000
 CANEVR         1.000         0.998         1.000         1.000


SAMPLE STATISTICS


     ESTIMATED SAMPLE STATISTICS


           Means
              CVLCOM        DEMAGE        DEMMAL        CANEVR
              ________      ________      ________      ________
      1         0.000         0.000         0.000         0.000


           Covariances
              CVLCOM        DEMAGE        DEMMAL        CANEVR
              ________      ________      ________      ________
 CVLCOM         0.841
 DEMAGE        -0.064         4.400
 DEMMAL        -0.069        -0.113         0.247
 CANEVR        -0.015        -0.103         0.024         0.110


           Correlations
              CVLCOM        DEMAGE        DEMMAL        CANEVR
              ________      ________      ________      ________
 CVLCOM         1.000
 DEMAGE        -0.034         1.000
 DEMMAL        -0.151        -0.108         1.000
 CANEVR        -0.050        -0.148         0.144         1.000


     MAXIMUM LOG-LIKELIHOOD VALUE FOR THE UNRESTRICTED (H1) MODEL IS -2146.624


UNIVARIATE SAMPLE STATISTICS


     UNIVARIATE HIGHER-ORDER MOMENT DESCRIPTIVE STATISTICS

         Variable/         Mean/     Skewness/   Minimum/ % with                Percentiles
        Sample Size      Variance    Kurtosis    Maximum  Min/Max      20%/60%    40%/80%    Median

     CVLCOM                0.000      -0.881      -4.448    0.42%      -0.584     -0.065      0.065
             479.000       0.841       2.324       1.999    0.63%       0.318      0.708
     DEMAGE                0.000       1.057      -3.621    0.21%      -1.741     -0.821     -0.426
             478.000       4.400       0.886       7.269    0.21%       0.059      1.339
     DEMMAL                0.000      -0.223      -0.555   44.47%      -0.555     -0.555      0.445
             479.000       0.247      -1.950       0.445   55.53%       0.445      0.445
     CANEVR                0.000      -2.264      -0.875   12.53%       0.125      0.125      0.125
             479.000       0.110       3.127       0.125   87.47%       0.125      0.125


THE MODEL ESTIMATION TERMINATED NORMALLY

     THE STANDARD ERRORS OF THE MODEL PARAMETER ESTIMATES MAY NOT BE
     TRUSTWORTHY FOR SOME PARAMETERS DUE TO A NON-POSITIVE DEFINITE
     FIRST-ORDER DERIVATIVE PRODUCT MATRIX.  THIS MAY BE DUE TO THE STARTING
     VALUES BUT MAY ALSO BE AN INDICATION OF MODEL NONIDENTIFICATION.  THE
     CONDITION NUMBER IS      -0.243D-17.  PROBLEM INVOLVING THE FOLLOWING PARAMETER:
     Parameter 13, CANEVR WITH DEMMAL




MODEL FIT INFORMATION

Number of Free Parameters                       14

Loglikelihood

          H0 Value                       -2146.624
          H0 Scaling Correction Factor      1.2542
            for MLR
          H1 Value                       -2146.624
          H1 Scaling Correction Factor      1.2542
            for MLR

Information Criteria

          Akaike (AIC)                    4321.248
          Bayesian (BIC)                  4379.652
          Sample-Size Adjusted BIC        4335.217
            (n* = (n + 2) / 24)

Chi-Square Test of Model Fit

          Value                              0.000*
          Degrees of Freedom                     0
          P-Value                           0.0000
          Scaling Correction Factor         1.0000
            for MLR

*   The chi-square value for MLM, MLMV, MLR, ULSMV, WLSM and WLSMV cannot be used
    for chi-square difference testing in the regular way.  MLM, MLR and WLSM
    chi-square difference testing is described on the Mplus website.  MLMV, WLSMV,
    and ULSMV difference testing is done using the DIFFTEST option.

RMSEA (Root Mean Square Error Of Approximation)

          Estimate                           0.000
          90 Percent C.I.                    0.000  0.000
          Probability RMSEA <= .05           0.000

CFI/TLI

          CFI                                1.000
          TLI                                1.000

Chi-Square Test of Model Fit for the Baseline Model

          Value                             13.950
          Degrees of Freedom                     3
          P-Value                           0.0030

SRMR (Standardized Root Mean Square Residual)

          Value                              0.000



MODEL RESULTS

                                                    Two-Tailed
                    Estimate       S.E.  Est./S.E.    P-Value

 CVLCOM   ON
    CANEVR            -0.101      0.123     -0.825      0.409
    DEMMAL            -0.280      0.082     -3.432      0.001
    DEMAGE            -0.024      0.019     -1.251      0.211

 CANEVR   WITH
    DEMMAL             0.024      0.007      3.251      0.001
    DEMAGE            -0.103      0.041     -2.482      0.013

 DEMMAL   WITH
    DEMAGE            -0.113      0.048     -2.359      0.018

 Means
    DEMAGE             0.000      0.095      0.004      0.997
    DEMMAL             0.000      0.025      0.000      1.000
    CANEVR             0.000      0.015      0.000      1.000

 Intercepts
    CVLCOM             0.000      0.045      0.003      0.997

 Variances
    DEMAGE             4.400      0.326     13.510      0.000
    DEMMAL             0.247      0.003     87.661      0.000
    CANEVR             0.110      0.011      9.570      0.000

 Residual Variances
    CVLCOM             0.818      0.089      9.148      0.000


STANDARDIZED MODEL RESULTS


STDYX Standardization

                                                    Two-Tailed
                    Estimate       S.E.  Est./S.E.    P-Value

 CVLCOM   ON
    CANEVR            -0.037      0.044     -0.828      0.407
    DEMMAL            -0.152      0.043     -3.499      0.000
    DEMAGE            -0.055      0.044     -1.265      0.206

 CANEVR   WITH
    DEMMAL             0.144      0.043      3.364      0.001
    DEMAGE            -0.148      0.057     -2.611      0.009

 DEMMAL   WITH
    DEMAGE            -0.108      0.045     -2.394      0.017

 Means
    DEMAGE             0.000      0.045      0.004      0.997
    DEMMAL             0.000      0.051      0.000      1.000
    CANEVR             0.000      0.046      0.000      1.000

 Intercepts
    CVLCOM             0.000      0.049      0.003      0.997

 Variances
    DEMAGE             1.000      0.000    999.000    999.000
    DEMMAL             1.000      0.000    999.000    999.000
    CANEVR             1.000      0.000    999.000    999.000

 Residual Variances
    CVLCOM             0.973      0.014     70.792      0.000


R-SQUARE

    Observed                                        Two-Tailed
    Variable        Estimate       S.E.  Est./S.E.    P-Value

    CVLCOM             0.027      0.014      1.935      0.053


QUALITY OF NUMERICAL RESULTS

     Condition Number for the Information Matrix              0.243E-02
       (ratio of smallest to largest eigenvalue)


CONFIDENCE INTERVALS OF MODEL RESULTS

                  Lower .5%  Lower 2.5%    Lower 5%    Estimate    Upper 5%  Upper 2.5%   Upper .5%

 CVLCOM   ON
    CANEVR          -0.418      -0.342      -0.304      -0.101       0.101       0.139       0.215
    DEMMAL          -0.490      -0.440      -0.414      -0.280      -0.146      -0.120      -0.070
    DEMAGE          -0.074      -0.062      -0.056      -0.024       0.008       0.014       0.026

 CANEVR   WITH
    DEMMAL           0.005       0.009       0.012       0.024       0.036       0.038       0.042
    DEMAGE          -0.210      -0.184      -0.171      -0.103      -0.035      -0.022       0.004

 DEMMAL   WITH
    DEMAGE          -0.236      -0.207      -0.192      -0.113      -0.034      -0.019       0.010

 Means
    DEMAGE          -0.243      -0.185      -0.155       0.000       0.156       0.186       0.244
    DEMMAL          -0.066      -0.050      -0.042       0.000       0.042       0.050       0.066
    CANEVR          -0.039      -0.030      -0.025       0.000       0.025       0.030       0.039

 Intercepts
    CVLCOM          -0.116      -0.088      -0.074       0.000       0.074       0.088       0.116

 Variances
    DEMAGE           3.561       3.761       3.864       4.400       4.935       5.038       5.238
    DEMMAL           0.240       0.241       0.242       0.247       0.252       0.252       0.254
    CANEVR           0.080       0.087       0.091       0.110       0.128       0.132       0.139

 Residual Variances
    CVLCOM           0.588       0.643       0.671       0.818       0.966       0.994       1.049


CONFIDENCE INTERVALS OF STANDARDIZED MODEL RESULTS


STDYX Standardization

                  Lower .5%  Lower 2.5%    Lower 5%    Estimate    Upper 5%  Upper 2.5%   Upper .5%

 CVLCOM   ON
    CANEVR          -0.150      -0.123      -0.109      -0.037       0.036       0.050       0.077
    DEMMAL          -0.263      -0.237      -0.223      -0.152      -0.080      -0.067      -0.040
    DEMAGE          -0.168      -0.141      -0.127      -0.055       0.017       0.030       0.057

 CANEVR   WITH
    DEMMAL           0.034       0.060       0.073       0.144       0.214       0.227       0.254
    DEMAGE          -0.294      -0.259      -0.242      -0.148      -0.055      -0.037      -0.002

 DEMMAL   WITH
    DEMAGE          -0.225      -0.197      -0.183      -0.108      -0.034      -0.020       0.008

 Means
    DEMAGE          -0.116      -0.088      -0.074       0.000       0.074       0.089       0.116
    DEMMAL          -0.132      -0.100      -0.084       0.000       0.084       0.100       0.132
    CANEVR          -0.119      -0.090      -0.076       0.000       0.076       0.090       0.119

 Intercepts
    CVLCOM          -0.126      -0.096      -0.080       0.000       0.081       0.096       0.126

 Variances
    DEMAGE           1.000       1.000       1.000       1.000       1.000       1.000       1.000
    DEMMAL           1.000       1.000       1.000       1.000       1.000       1.000       1.000
    CANEVR           1.000       1.000       1.000       1.000       1.000       1.000       1.000

 Residual Variances
    CVLCOM           0.938       0.946       0.951       0.973       0.996       1.000       1.009


TECHNICAL 1 OUTPUT


     PARAMETER SPECIFICATION


           NU
              CVLCOM        DEMAGE        DEMMAL        CANEVR
              ________      ________      ________      ________
      1           0             0             0             0


           LAMBDA
              CVLCOM        DEMAGE        DEMMAL        CANEVR
              ________      ________      ________      ________
 CVLCOM             0             0             0             0
 DEMAGE             0             0             0             0
 DEMMAL             0             0             0             0
 CANEVR             0             0             0             0


           THETA
              CVLCOM        DEMAGE        DEMMAL        CANEVR
              ________      ________      ________      ________
 CVLCOM             0
 DEMAGE             0             0
 DEMMAL             0             0             0
 CANEVR             0             0             0             0


           ALPHA
              CVLCOM        DEMAGE        DEMMAL        CANEVR
              ________      ________      ________      ________
      1           1             2             3             4


           BETA
              CVLCOM        DEMAGE        DEMMAL        CANEVR
              ________      ________      ________      ________
 CVLCOM             0             5             6             7
 DEMAGE             0             0             0             0
 DEMMAL             0             0             0             0
 CANEVR             0             0             0             0


           PSI
              CVLCOM        DEMAGE        DEMMAL        CANEVR
              ________      ________      ________      ________
 CVLCOM             8
 DEMAGE             0             9
 DEMMAL             0            10            11
 CANEVR             0            12            13            14


     STARTING VALUES


           NU
              CVLCOM        DEMAGE        DEMMAL        CANEVR
              ________      ________      ________      ________
      1         0.000         0.000         0.000         0.000


           LAMBDA
              CVLCOM        DEMAGE        DEMMAL        CANEVR
              ________      ________      ________      ________
 CVLCOM         1.000         0.000         0.000         0.000
 DEMAGE         0.000         1.000         0.000         0.000
 DEMMAL         0.000         0.000         1.000         0.000
 CANEVR         0.000         0.000         0.000         1.000


           THETA
              CVLCOM        DEMAGE        DEMMAL        CANEVR
              ________      ________      ________      ________
 CVLCOM         0.000
 DEMAGE         0.000         0.000
 DEMMAL         0.000         0.000         0.000
 CANEVR         0.000         0.000         0.000         0.000


           ALPHA
              CVLCOM        DEMAGE        DEMMAL        CANEVR
              ________      ________      ________      ________
      1         0.000         0.000         0.000         0.000


           BETA
              CVLCOM        DEMAGE        DEMMAL        CANEVR
              ________      ________      ________      ________
 CVLCOM         0.000         0.000         0.000         0.000
 DEMAGE         0.000         0.000         0.000         0.000
 DEMMAL         0.000         0.000         0.000         0.000
 CANEVR         0.000         0.000         0.000         0.000


           PSI
              CVLCOM        DEMAGE        DEMMAL        CANEVR
              ________      ________      ________      ________
 CVLCOM         0.420
 DEMAGE         0.000         2.200
 DEMMAL         0.000         0.000         0.123
 CANEVR         0.000         0.000         0.000         0.055


     Beginning Time:  15:52:09
        Ending Time:  15:52:09
       Elapsed Time:  00:00:00



MUTHEN & MUTHEN
3463 Stoner Ave.
Los Angeles, CA  90066

Tel: (310) 391-9971
Fax: (310) 391-8971
Web: www.StatModel.com
Support: Support@StatModel.com

Copyright (c) 1998-2015 Muthen & Muthen
