Mplus VERSION 7.4 (Mac)
MUTHEN & MUTHEN
05/06/2020   3:52 PM

INPUT INSTRUCTIONS


  TITLE: CANEVR_WASDGT_1;

  DATA:
  	FILE = GD190618rr.csv;

  VARIABLE:
  	NAMES =
  			ID_Fam   Wave     ID_MPL
  			DEMMAL   DEMAGE   DEMHSP   DEMRAC
  			SRPWCR
  			WASVCB   WASBLK   WASDGT   WSISUM
  			TRLATS   TRLBTS
  			CVLASF   CVLASC   CVLALF   CVLALC
  			CVLCOM
  			CANEVR   CANONS   CANFLF
  			CANFTY   CANF6M   CANAC6
  			CANYRS
  			ALCEVR   ALCONS   ALCFLF
  			ALCFTY   ALCF6M   ALCAC6
  			ALCYRS
  			SRPWCRDt WASVCBDt WASBLKDt
  			WASDGTDt WSISUMDt TRLATSDt
  			TRLBTSDt CVLASFDt CVLASCDt
  			CVLALFDt CVLALCDt CVLCOMDt
  		;
  	USEVARIABLES =
  		! outcome
    			WASDGT
    		! covariates
    			DEMAGE
    			DEMMAL  		
    		! predictor
    			CANEVR
    		;
    	USEOBSERVATION =
    			(Wave EQ 1 AND WASDGTDt EQ 1)
    		;
    	CLUSTER =
    			ID_Fam
    		;
    	MISSING = .;

  DEFINE:
  	CENTER	CANEVR
  			DEMMAL
  			DEMAGE (GRANDMEAN);

  ANALYSIS:
          ITERATIONS = 1000000;
          TYPE = COMPLEX;

  OUTPUT:
  	SAMPSTAT STDYX TECH1 CINT;

  MODEL:
  	WASDGT on CANEVR;
  	WASDGT on  DEMMAL DEMAGE;	
  	WASDGT*;
  	CANEVR WITH DEMMAL*;
  	CANEVR WITH DEMAGE*;



*** WARNING in VARIABLE command
  When a subpopulation is analyzed with TYPE=COMPLEX, standard errors
  may be incorrect.  Use the SUBPOPULATION option instead of the
  USEOBSERVATIONS option to obtain correct standard errors.
*** WARNING
  Data set contains cases with missing on all variables.
  These cases were not included in the analysis.
  Number of cases with missing on all variables:  1
   2 WARNING(S) FOUND IN THE INPUT INSTRUCTIONS



CANEVR_WASDGT_1;

SUMMARY OF ANALYSIS

Number of groups                                                 1
Number of observations                                         481

Number of dependent variables                                    1
Number of independent variables                                  3
Number of continuous latent variables                            0

Observed dependent variables

  Continuous
   WASDGT

Observed independent variables
   DEMAGE      DEMMAL      CANEVR

Variables with special functions

  Cluster variable      ID_FAM

  Centering (GRANDMEAN)
   CANEVR      DEMMAL      DEMAGE


Estimator                                                      MLR
Information matrix                                        OBSERVED
Maximum number of iterations                               1000000
Convergence criterion                                    0.500D-04
Maximum number of steepest descent iterations                   20
Maximum number of iterations for H1                           2000
Convergence criterion for H1                             0.100D-03

Input data file(s)
  GD190618rr.csv

Input data format  FREE


SUMMARY OF DATA

     Number of missing data patterns             3
     Number of clusters         244



COVARIANCE COVERAGE OF DATA

Minimum covariance coverage value   0.100


     PROPORTION OF DATA PRESENT


           Covariance Coverage
              WASDGT        DEMAGE        DEMMAL        CANEVR
              ________      ________      ________      ________
 WASDGT         0.998
 DEMAGE         0.996         0.998
 DEMMAL         0.998         0.998         1.000
 CANEVR         0.998         0.998         1.000         1.000


SAMPLE STATISTICS


     ESTIMATED SAMPLE STATISTICS


           Means
              WASDGT        DEMAGE        DEMMAL        CANEVR
              ________      ________      ________      ________
      1         9.353         0.000         0.000         0.000


           Covariances
              WASDGT        DEMAGE        DEMMAL        CANEVR
              ________      ________      ________      ________
 WASDGT         6.363
 DEMAGE        -0.230         4.416
 DEMMAL         0.093        -0.118         0.247
 CANEVR         0.106        -0.110         0.025         0.111


           Correlations
              WASDGT        DEMAGE        DEMMAL        CANEVR
              ________      ________      ________      ________
 WASDGT         1.000
 DEMAGE        -0.043         1.000
 DEMMAL         0.074        -0.113         1.000
 CANEVR         0.126        -0.157         0.149         1.000


     MAXIMUM LOG-LIKELIHOOD VALUE FOR THE UNRESTRICTED (H1) MODEL IS -2644.059


UNIVARIATE SAMPLE STATISTICS


     UNIVARIATE HIGHER-ORDER MOMENT DESCRIPTIVE STATISTICS

         Variable/         Mean/     Skewness/   Minimum/ % with                Percentiles
        Sample Size      Variance    Kurtosis    Maximum  Min/Max      20%/60%    40%/80%    Median

     WASDGT                9.354       0.488       3.000    0.21%       7.000      8.000      9.000
             480.000       6.362       0.244      17.000    0.62%      10.000     11.000
     DEMAGE                0.000       1.052      -3.627    0.21%      -1.747     -0.827     -0.432
             480.000       4.416       0.855       7.263    0.21%       0.053      1.353
     DEMMAL                0.000      -0.222      -0.555   44.49%      -0.555     -0.555      0.445
             481.000       0.247      -1.951       0.445   55.51%       0.445      0.445
     CANEVR                0.000      -2.243      -0.873   12.68%       0.127      0.127      0.127
             481.000       0.111       3.030       0.127   87.32%       0.127      0.127


THE MODEL ESTIMATION TERMINATED NORMALLY

     THE STANDARD ERRORS OF THE MODEL PARAMETER ESTIMATES MAY NOT BE
     TRUSTWORTHY FOR SOME PARAMETERS DUE TO A NON-POSITIVE DEFINITE
     FIRST-ORDER DERIVATIVE PRODUCT MATRIX.  THIS MAY BE DUE TO THE STARTING
     VALUES BUT MAY ALSO BE AN INDICATION OF MODEL NONIDENTIFICATION.  THE
     CONDITION NUMBER IS       0.158D-17.  PROBLEM INVOLVING THE FOLLOWING PARAMETER:
     Parameter 14, CANEVR




MODEL FIT INFORMATION

Number of Free Parameters                       14

Loglikelihood

          H0 Value                       -2644.059
          H0 Scaling Correction Factor      1.1629
            for MLR
          H1 Value                       -2644.059
          H1 Scaling Correction Factor      1.1629
            for MLR

Information Criteria

          Akaike (AIC)                    5316.117
          Bayesian (BIC)                  5374.579
          Sample-Size Adjusted BIC        5330.145
            (n* = (n + 2) / 24)

Chi-Square Test of Model Fit

          Value                              0.000*
          Degrees of Freedom                     0
          P-Value                           0.0000
          Scaling Correction Factor         1.0000
            for MLR

*   The chi-square value for MLM, MLMV, MLR, ULSMV, WLSM and WLSMV cannot be used
    for chi-square difference testing in the regular way.  MLM, MLR and WLSM
    chi-square difference testing is described on the Mplus website.  MLMV, WLSMV,
    and ULSMV difference testing is done using the DIFFTEST option.

RMSEA (Root Mean Square Error Of Approximation)

          Estimate                           0.000
          90 Percent C.I.                    0.000  0.000
          Probability RMSEA <= .05           0.000

CFI/TLI

          CFI                                1.000
          TLI                                1.000

Chi-Square Test of Model Fit for the Baseline Model

          Value                              9.389
          Degrees of Freedom                     3
          P-Value                           0.0245

SRMR (Standardized Root Mean Square Residual)

          Value                              0.000



MODEL RESULTS

                                                    Two-Tailed
                    Estimate       S.E.  Est./S.E.    P-Value

 WASDGT   ON
    CANEVR             0.869      0.338      2.573      0.010
    DEMMAL             0.277      0.244      1.136      0.256
    DEMAGE            -0.023      0.056     -0.410      0.682

 CANEVR   WITH
    DEMMAL             0.025      0.007      3.373      0.001
    DEMAGE            -0.110      0.042     -2.637      0.008

 DEMMAL   WITH
    DEMAGE            -0.118      0.048     -2.470      0.014

 Means
    DEMAGE             0.000      0.095      0.003      0.998
    DEMMAL             0.000      0.025      0.000      1.000
    CANEVR             0.000      0.015      0.000      1.000

 Intercepts
    WASDGT             9.353      0.132     70.860      0.000

 Variances
    DEMAGE             4.416      0.324     13.624      0.000
    DEMMAL             0.247      0.003     88.283      0.000
    CANEVR             0.111      0.011      9.701      0.000

 Residual Variances
    WASDGT             6.240      0.455     13.707      0.000


STANDARDIZED MODEL RESULTS


STDYX Standardization

                                                    Two-Tailed
                    Estimate       S.E.  Est./S.E.    P-Value

 WASDGT   ON
    CANEVR             0.115      0.045      2.540      0.011
    DEMMAL             0.055      0.047      1.148      0.251
    DEMAGE            -0.019      0.047     -0.410      0.682

 CANEVR   WITH
    DEMMAL             0.149      0.043      3.497      0.000
    DEMAGE            -0.157      0.056     -2.783      0.005

 DEMMAL   WITH
    DEMAGE            -0.113      0.045     -2.508      0.012

 Means
    DEMAGE             0.000      0.045      0.003      0.998
    DEMMAL             0.000      0.051      0.000      1.000
    CANEVR             0.000      0.046      0.000      1.000

 Intercepts
    WASDGT             3.708      0.126     29.347      0.000

 Variances
    DEMAGE             1.000      0.000    999.000    999.000
    DEMMAL             1.000      0.000    999.000    999.000
    CANEVR             1.000      0.000    999.000    999.000

 Residual Variances
    WASDGT             0.981      0.012     83.924      0.000


R-SQUARE

    Observed                                        Two-Tailed
    Variable        Estimate       S.E.  Est./S.E.    P-Value

    WASDGT             0.019      0.012      1.651      0.099


QUALITY OF NUMERICAL RESULTS

     Condition Number for the Information Matrix              0.325E-03
       (ratio of smallest to largest eigenvalue)


CONFIDENCE INTERVALS OF MODEL RESULTS

                  Lower .5%  Lower 2.5%    Lower 5%    Estimate    Upper 5%  Upper 2.5%   Upper .5%

 WASDGT   ON
    CANEVR          -0.001       0.207       0.313       0.869       1.425       1.532       1.740
    DEMMAL          -0.351      -0.201      -0.124       0.277       0.678       0.754       0.905
    DEMAGE          -0.168      -0.133      -0.116      -0.023       0.069       0.087       0.122

 CANEVR   WITH
    DEMMAL           0.006       0.010       0.013       0.025       0.037       0.039       0.043
    DEMAGE          -0.217      -0.192      -0.178      -0.110      -0.041      -0.028      -0.003

 DEMMAL   WITH
    DEMAGE          -0.241      -0.212      -0.197      -0.118      -0.039      -0.024       0.005

 Means
    DEMAGE          -0.244      -0.186      -0.156       0.000       0.156       0.186       0.245
    DEMMAL          -0.065      -0.050      -0.042       0.000       0.042       0.050       0.065
    CANEVR          -0.039      -0.030      -0.025       0.000       0.025       0.030       0.039

 Intercepts
    WASDGT           9.013       9.094       9.136       9.353       9.570       9.612       9.693

 Variances
    DEMAGE           3.581       3.781       3.883       4.416       4.949       5.051       5.251
    DEMMAL           0.240       0.241       0.242       0.247       0.252       0.252       0.254
    CANEVR           0.081       0.088       0.092       0.111       0.130       0.133       0.140

 Residual Variances
    WASDGT           5.067       5.348       5.491       6.240       6.989       7.132       7.413


CONFIDENCE INTERVALS OF STANDARDIZED MODEL RESULTS


STDYX Standardization

                  Lower .5%  Lower 2.5%    Lower 5%    Estimate    Upper 5%  Upper 2.5%   Upper .5%

 WASDGT   ON
    CANEVR          -0.002       0.026       0.040       0.115       0.189       0.203       0.231
    DEMMAL          -0.068      -0.039      -0.024       0.055       0.133       0.148       0.177
    DEMAGE          -0.140      -0.111      -0.096      -0.019       0.058       0.073       0.102

 CANEVR   WITH
    DEMMAL           0.039       0.066       0.079       0.149       0.219       0.233       0.259
    DEMAGE          -0.303      -0.268      -0.250      -0.157      -0.064      -0.046      -0.012

 DEMMAL   WITH
    DEMAGE          -0.229      -0.202      -0.187      -0.113      -0.039      -0.025       0.003

 Means
    DEMAGE          -0.116      -0.088      -0.074       0.000       0.074       0.089       0.117
    DEMMAL          -0.132      -0.100      -0.084       0.000       0.084       0.100       0.132
    CANEVR          -0.118      -0.090      -0.076       0.000       0.076       0.090       0.118

 Intercepts
    WASDGT           3.382       3.460       3.500       3.708       3.916       3.955       4.033

 Variances
    DEMAGE           1.000       1.000       1.000       1.000       1.000       1.000       1.000
    DEMMAL           1.000       1.000       1.000       1.000       1.000       1.000       1.000
    CANEVR           1.000       1.000       1.000       1.000       1.000       1.000       1.000

 Residual Variances
    WASDGT           0.951       0.958       0.961       0.981       1.000       1.004       1.011


TECHNICAL 1 OUTPUT


     PARAMETER SPECIFICATION


           NU
              WASDGT        DEMAGE        DEMMAL        CANEVR
              ________      ________      ________      ________
      1           0             0             0             0


           LAMBDA
              WASDGT        DEMAGE        DEMMAL        CANEVR
              ________      ________      ________      ________
 WASDGT             0             0             0             0
 DEMAGE             0             0             0             0
 DEMMAL             0             0             0             0
 CANEVR             0             0             0             0


           THETA
              WASDGT        DEMAGE        DEMMAL        CANEVR
              ________      ________      ________      ________
 WASDGT             0
 DEMAGE             0             0
 DEMMAL             0             0             0
 CANEVR             0             0             0             0


           ALPHA
              WASDGT        DEMAGE        DEMMAL        CANEVR
              ________      ________      ________      ________
      1           1             2             3             4


           BETA
              WASDGT        DEMAGE        DEMMAL        CANEVR
              ________      ________      ________      ________
 WASDGT             0             5             6             7
 DEMAGE             0             0             0             0
 DEMMAL             0             0             0             0
 CANEVR             0             0             0             0


           PSI
              WASDGT        DEMAGE        DEMMAL        CANEVR
              ________      ________      ________      ________
 WASDGT             8
 DEMAGE             0             9
 DEMMAL             0            10            11
 CANEVR             0            12            13            14


     STARTING VALUES


           NU
              WASDGT        DEMAGE        DEMMAL        CANEVR
              ________      ________      ________      ________
      1         0.000         0.000         0.000         0.000


           LAMBDA
              WASDGT        DEMAGE        DEMMAL        CANEVR
              ________      ________      ________      ________
 WASDGT         1.000         0.000         0.000         0.000
 DEMAGE         0.000         1.000         0.000         0.000
 DEMMAL         0.000         0.000         1.000         0.000
 CANEVR         0.000         0.000         0.000         1.000


           THETA
              WASDGT        DEMAGE        DEMMAL        CANEVR
              ________      ________      ________      ________
 WASDGT         0.000
 DEMAGE         0.000         0.000
 DEMMAL         0.000         0.000         0.000
 CANEVR         0.000         0.000         0.000         0.000


           ALPHA
              WASDGT        DEMAGE        DEMMAL        CANEVR
              ________      ________      ________      ________
      1         9.354         0.000         0.000         0.000


           BETA
              WASDGT        DEMAGE        DEMMAL        CANEVR
              ________      ________      ________      ________
 WASDGT         0.000         0.000         0.000         0.000
 DEMAGE         0.000         0.000         0.000         0.000
 DEMMAL         0.000         0.000         0.000         0.000
 CANEVR         0.000         0.000         0.000         0.000


           PSI
              WASDGT        DEMAGE        DEMMAL        CANEVR
              ________      ________      ________      ________
 WASDGT         3.181
 DEMAGE         0.000         2.208
 DEMMAL         0.000         0.000         0.123
 CANEVR         0.000         0.000         0.000         0.055


     Beginning Time:  15:52:13
        Ending Time:  15:52:13
       Elapsed Time:  00:00:00



MUTHEN & MUTHEN
3463 Stoner Ave.
Los Angeles, CA  90066

Tel: (310) 391-9971
Fax: (310) 391-8971
Web: www.StatModel.com
Support: Support@StatModel.com

Copyright (c) 1998-2015 Muthen & Muthen
