Mplus VERSION 7.4 (Mac)
MUTHEN & MUTHEN
05/06/2020   3:52 PM

INPUT INSTRUCTIONS


  TITLE: CANEVR_WSISUM_1;

  DATA:
  	FILE = GD190618rr.csv;

  VARIABLE:
  	NAMES =
  			ID_Fam   Wave     ID_MPL
  			DEMMAL   DEMAGE   DEMHSP   DEMRAC
  			SRPWCR
  			WASVCB   WASBLK   WASDGT   WSISUM
  			TRLATS   TRLBTS
  			CVLASF   CVLASC   CVLALF   CVLALC
  			CVLCOM
  			CANEVR   CANONS   CANFLF
  			CANFTY   CANF6M   CANAC6
  			CANYRS
  			ALCEVR   ALCONS   ALCFLF
  			ALCFTY   ALCF6M   ALCAC6
  			ALCYRS
  			SRPWCRDt WASVCBDt WASBLKDt
  			WASDGTDt WSISUMDt TRLATSDt
  			TRLBTSDt CVLASFDt CVLASCDt
  			CVLALFDt CVLALCDt CVLCOMDt
  		;
  	USEVARIABLES =
  		! outcome
    			WSISUM
    		! covariates
    			DEMAGE
    			DEMMAL  		
    		! predictor
    			CANEVR
    		;
    	USEOBSERVATION =
    			(Wave EQ 1 AND WSISUMDt EQ 1)
    		;
    	CLUSTER =
    			ID_Fam
    		;
    	MISSING = .;

  DEFINE:
  	CENTER	CANEVR
  			DEMMAL
  			DEMAGE (GRANDMEAN);

  ANALYSIS:
          ITERATIONS = 1000000;
          TYPE = COMPLEX;

  OUTPUT:
  	SAMPSTAT STDYX TECH1 CINT;

  MODEL:
  	WSISUM on CANEVR;
  	WSISUM on  DEMMAL DEMAGE;	
  	WSISUM*;
  	CANEVR WITH DEMMAL*;
  	CANEVR WITH DEMAGE*;




*** WARNING in VARIABLE command
  When a subpopulation is analyzed with TYPE=COMPLEX, standard errors
  may be incorrect.  Use the SUBPOPULATION option instead of the
  USEOBSERVATIONS option to obtain correct standard errors.
   1 WARNING(S) FOUND IN THE INPUT INSTRUCTIONS



CANEVR_WSISUM_1;

SUMMARY OF ANALYSIS

Number of groups                                                 1
Number of observations                                        1103

Number of dependent variables                                    1
Number of independent variables                                  3
Number of continuous latent variables                            0

Observed dependent variables

  Continuous
   WSISUM

Observed independent variables
   DEMAGE      DEMMAL      CANEVR

Variables with special functions

  Cluster variable      ID_FAM

  Centering (GRANDMEAN)
   CANEVR      DEMMAL      DEMAGE


Estimator                                                      MLR
Information matrix                                        OBSERVED
Maximum number of iterations                               1000000
Convergence criterion                                    0.500D-04
Maximum number of steepest descent iterations                   20
Maximum number of iterations for H1                           2000
Convergence criterion for H1                             0.100D-03

Input data file(s)
  GD190618rr.csv

Input data format  FREE


SUMMARY OF DATA

     Number of missing data patterns             3
     Number of clusters         583



COVARIANCE COVERAGE OF DATA

Minimum covariance coverage value   0.100


     PROPORTION OF DATA PRESENT


           Covariance Coverage
              WSISUM        DEMAGE        DEMMAL        CANEVR
              ________      ________      ________      ________
 WSISUM         1.000
 DEMAGE         0.999         0.999
 DEMMAL         1.000         0.999         1.000
 CANEVR         0.996         0.995         0.996         0.996


SAMPLE STATISTICS


     ESTIMATED SAMPLE STATISTICS


           Means
              WSISUM        DEMAGE        DEMMAL        CANEVR
              ________      ________      ________      ________
      1        93.814         0.000         0.000         0.000


           Covariances
              WSISUM        DEMAGE        DEMMAL        CANEVR
              ________      ________      ________      ________
 WSISUM       235.963
 DEMAGE         0.505         4.795
 DEMMAL         0.697        -0.163         0.231
 CANEVR        -0.078        -0.080         0.022         0.092


           Correlations
              WSISUM        DEMAGE        DEMMAL        CANEVR
              ________      ________      ________      ________
 WSISUM         1.000
 DEMAGE         0.015         1.000
 DEMMAL         0.095        -0.155         1.000
 CANEVR        -0.017        -0.121         0.153         1.000


     MAXIMUM LOG-LIKELIHOOD VALUE FOR THE UNRESTRICTED (H1) MODEL IS -7969.455


UNIVARIATE SAMPLE STATISTICS


     UNIVARIATE HIGHER-ORDER MOMENT DESCRIPTIVE STATISTICS

         Variable/         Mean/     Skewness/   Minimum/ % with                Percentiles
        Sample Size      Variance    Kurtosis    Maximum  Min/Max      20%/60%    40%/80%    Median

     WSISUM               93.814      -0.261      45.000    0.09%      81.000     91.000     95.000
            1103.000     235.963      -0.187     135.000    0.09%      98.000    107.000
     DEMAGE                0.000       0.975      -3.860    0.09%      -1.780     -0.910     -0.410
            1102.000       4.795       0.694       7.500    0.09%       0.110      1.570
     DEMMAL                0.000      -0.580      -0.639   36.08%      -0.639      0.361      0.361
            1103.000       0.231      -1.664       0.361   63.92%       0.361      0.361
     CANEVR                0.000      -2.632      -0.898   10.19%       0.102      0.102      0.102
            1099.000       0.092       4.926       0.102   89.81%       0.102      0.102


THE MODEL ESTIMATION TERMINATED NORMALLY

     THE STANDARD ERRORS OF THE MODEL PARAMETER ESTIMATES MAY NOT BE
     TRUSTWORTHY FOR SOME PARAMETERS DUE TO A NON-POSITIVE DEFINITE
     FIRST-ORDER DERIVATIVE PRODUCT MATRIX.  THIS MAY BE DUE TO THE STARTING
     VALUES BUT MAY ALSO BE AN INDICATION OF MODEL NONIDENTIFICATION.  THE
     CONDITION NUMBER IS       0.452D-13.  PROBLEM INVOLVING THE FOLLOWING PARAMETER:
     Parameter 14, CANEVR




MODEL FIT INFORMATION

Number of Free Parameters                       14

Loglikelihood

          H0 Value                       -7969.455
          H0 Scaling Correction Factor      1.2945
            for MLR
          H1 Value                       -7969.455
          H1 Scaling Correction Factor      1.2945
            for MLR

Information Criteria

          Akaike (AIC)                   15966.910
          Bayesian (BIC)                 16036.991
          Sample-Size Adjusted BIC       15992.524
            (n* = (n + 2) / 24)

Chi-Square Test of Model Fit

          Value                              0.000*
          Degrees of Freedom                     0
          P-Value                           0.0000
          Scaling Correction Factor         1.0000
            for MLR

*   The chi-square value for MLM, MLMV, MLR, ULSMV, WLSM and WLSMV cannot be used
    for chi-square difference testing in the regular way.  MLM, MLR and WLSM
    chi-square difference testing is described on the Mplus website.  MLMV, WLSMV,
    and ULSMV difference testing is done using the DIFFTEST option.

RMSEA (Root Mean Square Error Of Approximation)

          Estimate                           0.000
          90 Percent C.I.                    0.000  0.000
          Probability RMSEA <= .05           0.000

CFI/TLI

          CFI                                1.000
          TLI                                1.000

Chi-Square Test of Model Fit for the Baseline Model

          Value                             10.162
          Degrees of Freedom                     3
          P-Value                           0.0172

SRMR (Standardized Root Mean Square Residual)

          Value                              0.000



MODEL RESULTS

                                                    Two-Tailed
                    Estimate       S.E.  Est./S.E.    P-Value

 WSISUM   ON
    CANEVR            -1.490      1.684     -0.885      0.376
    DEMMAL             3.303      1.070      3.086      0.002
    DEMAGE             0.193      0.230      0.839      0.402

 CANEVR   WITH
    DEMMAL             0.022      0.005      4.848      0.000
    DEMAGE            -0.080      0.025     -3.228      0.001

 DEMMAL   WITH
    DEMAGE            -0.163      0.032     -5.100      0.000

 Means
    DEMAGE             0.000      0.067      0.005      0.996
    DEMMAL             0.000      0.015      0.000      1.000
    CANEVR             0.000      0.009      0.020      0.984

 Intercepts
    WSISUM            93.814      0.575    163.055      0.000

 Variances
    DEMAGE             4.795      0.233     20.607      0.000
    DEMMAL             0.231      0.004     54.017      0.000
    CANEVR             0.092      0.007     12.404      0.000

 Residual Variances
    WSISUM           233.442     10.601     22.021      0.000


STANDARDIZED MODEL RESULTS


STDYX Standardization

                                                    Two-Tailed
                    Estimate       S.E.  Est./S.E.    P-Value

 WSISUM   ON
    CANEVR            -0.029      0.033     -0.886      0.375
    DEMMAL             0.103      0.033      3.101      0.002
    DEMAGE             0.027      0.033      0.839      0.402

 CANEVR   WITH
    DEMMAL             0.153      0.030      5.120      0.000
    DEMAGE            -0.121      0.036     -3.328      0.001

 DEMMAL   WITH
    DEMAGE            -0.155      0.030     -5.173      0.000

 Means
    DEMAGE             0.000      0.031      0.005      0.996
    DEMMAL             0.000      0.032      0.000      1.000
    CANEVR             0.001      0.031      0.020      0.984

 Intercepts
    WSISUM             6.107      0.151     40.511      0.000

 Variances
    DEMAGE             1.000      0.000    999.000    999.000
    DEMMAL             1.000      0.000    999.000    999.000
    CANEVR             1.000      0.000    999.000    999.000

 Residual Variances
    WSISUM             0.989      0.007    144.701      0.000


R-SQUARE

    Observed                                        Two-Tailed
    Variable        Estimate       S.E.  Est./S.E.    P-Value

    WSISUM             0.011      0.007      1.560      0.119


QUALITY OF NUMERICAL RESULTS

     Condition Number for the Information Matrix              0.531E-05
       (ratio of smallest to largest eigenvalue)


CONFIDENCE INTERVALS OF MODEL RESULTS

                  Lower .5%  Lower 2.5%    Lower 5%    Estimate    Upper 5%  Upper 2.5%   Upper .5%

 WSISUM   ON
    CANEVR          -5.829      -4.791      -4.261      -1.490       1.280       1.811       2.848
    DEMMAL           0.546       1.205       1.542       3.303       5.063       5.400       6.059
    DEMAGE          -0.399      -0.258      -0.185       0.193       0.571       0.643       0.785

 CANEVR   WITH
    DEMMAL           0.010       0.013       0.015       0.022       0.030       0.031       0.034
    DEMAGE          -0.144      -0.129      -0.121      -0.080      -0.039      -0.031      -0.016

 DEMMAL   WITH
    DEMAGE          -0.245      -0.225      -0.215      -0.163      -0.110      -0.100      -0.081

 Means
    DEMAGE          -0.172      -0.131      -0.110       0.000       0.110       0.131       0.172
    DEMMAL          -0.040      -0.030      -0.025       0.000       0.025       0.030       0.040
    CANEVR          -0.024      -0.018      -0.015       0.000       0.015       0.018       0.024

 Intercepts
    WSISUM          92.332      92.687      92.868      93.814      94.761      94.942      95.296

 Variances
    DEMAGE           4.195       4.339       4.412       4.795       5.177       5.251       5.394
    DEMMAL           0.220       0.222       0.224       0.231       0.238       0.239       0.242
    CANEVR           0.073       0.077       0.079       0.092       0.104       0.106       0.111

 Residual Variances
    WSISUM         206.136     212.664     216.004     233.442     250.880     254.219     260.747


CONFIDENCE INTERVALS OF STANDARDIZED MODEL RESULTS


STDYX Standardization

                  Lower .5%  Lower 2.5%    Lower 5%    Estimate    Upper 5%  Upper 2.5%   Upper .5%

 WSISUM   ON
    CANEVR          -0.115      -0.094      -0.084      -0.029       0.025       0.036       0.056
    DEMMAL           0.017       0.038       0.048       0.103       0.158       0.169       0.189
    DEMAGE          -0.057      -0.037      -0.026       0.027       0.081       0.092       0.112

 CANEVR   WITH
    DEMMAL           0.076       0.094       0.104       0.153       0.202       0.212       0.230
    DEMAGE          -0.214      -0.192      -0.181      -0.121      -0.061      -0.050      -0.027

 DEMMAL   WITH
    DEMAGE          -0.232      -0.214      -0.204      -0.155      -0.106      -0.096      -0.078

 Means
    DEMAGE          -0.078      -0.060      -0.050       0.000       0.050       0.060       0.079
    DEMMAL          -0.082      -0.063      -0.053       0.000       0.053       0.063       0.082
    CANEVR          -0.078      -0.059      -0.050       0.001       0.051       0.061       0.079

 Intercepts
    WSISUM           5.719       5.812       5.859       6.107       6.355       6.403       6.496

 Variances
    DEMAGE           1.000       1.000       1.000       1.000       1.000       1.000       1.000
    DEMMAL           1.000       1.000       1.000       1.000       1.000       1.000       1.000
    CANEVR           1.000       1.000       1.000       1.000       1.000       1.000       1.000

 Residual Variances
    WSISUM           0.972       0.976       0.978       0.989       1.001       1.003       1.007


TECHNICAL 1 OUTPUT


     PARAMETER SPECIFICATION


           NU
              WSISUM        DEMAGE        DEMMAL        CANEVR
              ________      ________      ________      ________
      1           0             0             0             0


           LAMBDA
              WSISUM        DEMAGE        DEMMAL        CANEVR
              ________      ________      ________      ________
 WSISUM             0             0             0             0
 DEMAGE             0             0             0             0
 DEMMAL             0             0             0             0
 CANEVR             0             0             0             0


           THETA
              WSISUM        DEMAGE        DEMMAL        CANEVR
              ________      ________      ________      ________
 WSISUM             0
 DEMAGE             0             0
 DEMMAL             0             0             0
 CANEVR             0             0             0             0


           ALPHA
              WSISUM        DEMAGE        DEMMAL        CANEVR
              ________      ________      ________      ________
      1           1             2             3             4


           BETA
              WSISUM        DEMAGE        DEMMAL        CANEVR
              ________      ________      ________      ________
 WSISUM             0             5             6             7
 DEMAGE             0             0             0             0
 DEMMAL             0             0             0             0
 CANEVR             0             0             0             0


           PSI
              WSISUM        DEMAGE        DEMMAL        CANEVR
              ________      ________      ________      ________
 WSISUM             8
 DEMAGE             0             9
 DEMMAL             0            10            11
 CANEVR             0            12            13            14


     STARTING VALUES


           NU
              WSISUM        DEMAGE        DEMMAL        CANEVR
              ________      ________      ________      ________
      1         0.000         0.000         0.000         0.000


           LAMBDA
              WSISUM        DEMAGE        DEMMAL        CANEVR
              ________      ________      ________      ________
 WSISUM         1.000         0.000         0.000         0.000
 DEMAGE         0.000         1.000         0.000         0.000
 DEMMAL         0.000         0.000         1.000         0.000
 CANEVR         0.000         0.000         0.000         1.000


           THETA
              WSISUM        DEMAGE        DEMMAL        CANEVR
              ________      ________      ________      ________
 WSISUM         0.000
 DEMAGE         0.000         0.000
 DEMMAL         0.000         0.000         0.000
 CANEVR         0.000         0.000         0.000         0.000


           ALPHA
              WSISUM        DEMAGE        DEMMAL        CANEVR
              ________      ________      ________      ________
      1        93.814         0.000         0.000         0.000


           BETA
              WSISUM        DEMAGE        DEMMAL        CANEVR
              ________      ________      ________      ________
 WSISUM         0.000         0.000         0.000         0.000
 DEMAGE         0.000         0.000         0.000         0.000
 DEMMAL         0.000         0.000         0.000         0.000
 CANEVR         0.000         0.000         0.000         0.000


           PSI
              WSISUM        DEMAGE        DEMMAL        CANEVR
              ________      ________      ________      ________
 WSISUM       117.981
 DEMAGE         0.000         2.397
 DEMMAL         0.000         0.000         0.115
 CANEVR         0.000         0.000         0.000         0.046


     Beginning Time:  15:52:14
        Ending Time:  15:52:14
       Elapsed Time:  00:00:00



MUTHEN & MUTHEN
3463 Stoner Ave.
Los Angeles, CA  90066

Tel: (310) 391-9971
Fax: (310) 391-8971
Web: www.StatModel.com
Support: Support@StatModel.com

Copyright (c) 1998-2015 Muthen & Muthen
