Mplus VERSION 7.4 (Mac)
MUTHEN & MUTHEN
05/06/2020   3:52 PM

INPUT INSTRUCTIONS


  TITLE: CANEVR_WASBLK_2;

  DATA:
  	FILE = GD190618rr.csv;

  VARIABLE:
  	NAMES =
  			ID_Fam   Wave     ID_MPL
  			DEMMAL   DEMAGE   DEMHSP   DEMRAC
  			SRPWCR
  			WASVCB   WASBLK   WASDGT   WSISUM
  			TRLATS   TRLBTS
  			CVLASF   CVLASC   CVLALF   CVLALC
  			CVLCOM
  			CANEVR   CANONS   CANFLF
  			CANFTY   CANF6M   CANAC6
  			CANYRS
  			ALCEVR   ALCONS   ALCFLF
  			ALCFTY   ALCF6M   ALCAC6
  			ALCYRS
  			SRPWCRDt WASVCBDt WASBLKDt
  			WASDGTDt WSISUMDt TRLATSDt
  			TRLBTSDt CVLASFDt CVLASCDt
  			CVLALFDt CVLALCDt CVLCOMDt
  		;
  	USEVARIABLES =
  		! outcome
    			WASBLK
    		! covariates
    			DEMAGE
    			DEMMAL  		
    		! predictor
    			CANEVR
    		;
    	USEOBSERVATION =
    			(Wave EQ 2 AND WASBLKDt EQ 1)
    		;
    	CLUSTER =
    			ID_Fam
    		;
    	MISSING = .;

  DEFINE:
  	CENTER	CANEVR
  			DEMMAL
  			DEMAGE (GRANDMEAN);

  ANALYSIS:
          ITERATIONS = 1000000;
          TYPE = COMPLEX;

  OUTPUT:
  	SAMPSTAT STDYX TECH1 CINT;

  MODEL:
  	WASBLK on CANEVR;
  	WASBLK on  DEMMAL DEMAGE;	
  	WASBLK*;
  	CANEVR WITH DEMMAL*;
  	CANEVR WITH DEMAGE*;



*** WARNING in VARIABLE command
  When a subpopulation is analyzed with TYPE=COMPLEX, standard errors
  may be incorrect.  Use the SUBPOPULATION option instead of the
  USEOBSERVATIONS option to obtain correct standard errors.
   1 WARNING(S) FOUND IN THE INPUT INSTRUCTIONS



CANEVR_WASBLK_2;

SUMMARY OF ANALYSIS

Number of groups                                                 1
Number of observations                                         790

Number of dependent variables                                    1
Number of independent variables                                  3
Number of continuous latent variables                            0

Observed dependent variables

  Continuous
   WASBLK

Observed independent variables
   DEMAGE      DEMMAL      CANEVR

Variables with special functions

  Cluster variable      ID_FAM

  Centering (GRANDMEAN)
   CANEVR      DEMMAL      DEMAGE


Estimator                                                      MLR
Information matrix                                        OBSERVED
Maximum number of iterations                               1000000
Convergence criterion                                    0.500D-04
Maximum number of steepest descent iterations                   20
Maximum number of iterations for H1                           2000
Convergence criterion for H1                             0.100D-03

Input data file(s)
  GD190618rr.csv

Input data format  FREE


SUMMARY OF DATA

     Number of missing data patterns             3
     Number of clusters         456



COVARIANCE COVERAGE OF DATA

Minimum covariance coverage value   0.100


     PROPORTION OF DATA PRESENT


           Covariance Coverage
              WASBLK        DEMAGE        DEMMAL        CANEVR
              ________      ________      ________      ________
 WASBLK         0.443
 DEMAGE         0.443         0.999
 DEMMAL         0.443         0.999         0.999
 CANEVR         0.443         0.999         0.999         1.000


SAMPLE STATISTICS


     ESTIMATED SAMPLE STATISTICS


           Means
              WASBLK        DEMAGE        DEMMAL        CANEVR
              ________      ________      ________      ________
      1        54.872         0.000         0.000         0.000


           Covariances
              WASBLK        DEMAGE        DEMMAL        CANEVR
              ________      ________      ________      ________
 WASBLK        69.036
 DEMAGE        -1.612         6.407
 DEMMAL         0.998        -0.168         0.236
 CANEVR         0.113        -0.118         0.015         0.054


           Correlations
              WASBLK        DEMAGE        DEMMAL        CANEVR
              ________      ________      ________      ________
 WASBLK         1.000
 DEMAGE        -0.077         1.000
 DEMMAL         0.247        -0.137         1.000
 CANEVR         0.059        -0.201         0.134         1.000


     MAXIMUM LOG-LIKELIHOOD VALUE FOR THE UNRESTRICTED (H1) MODEL IS -3565.295


UNIVARIATE SAMPLE STATISTICS


     UNIVARIATE HIGHER-ORDER MOMENT DESCRIPTIVE STATISTICS

         Variable/         Mean/     Skewness/   Minimum/ % with                Percentiles
        Sample Size      Variance    Kurtosis    Maximum  Min/Max      20%/60%    40%/80%    Median

     WASBLK               54.711      -0.718      26.000    0.57%      49.000     53.000     55.000
             350.000      69.142       0.591      71.000    0.29%      58.000     63.000
     DEMAGE                0.000       0.526      -5.353    0.13%      -2.273     -0.883     -0.333
             789.000       6.407      -0.055       7.677    0.13%       0.397      2.037
     DEMMAL                0.000      -0.493      -0.620   38.02%      -0.620      0.380      0.380
             789.000       0.236      -1.757       0.380   61.98%       0.380      0.380
     CANEVR                0.000      -3.823      -0.943    5.70%       0.057      0.057      0.057
             790.000       0.054      12.616       0.057   94.30%       0.057      0.057


THE MODEL ESTIMATION TERMINATED NORMALLY

     THE STANDARD ERRORS OF THE MODEL PARAMETER ESTIMATES MAY NOT BE
     TRUSTWORTHY FOR SOME PARAMETERS DUE TO A NON-POSITIVE DEFINITE
     FIRST-ORDER DERIVATIVE PRODUCT MATRIX.  THIS MAY BE DUE TO THE STARTING
     VALUES BUT MAY ALSO BE AN INDICATION OF MODEL NONIDENTIFICATION.  THE
     CONDITION NUMBER IS       0.213D-15.  PROBLEM INVOLVING THE FOLLOWING PARAMETER:
     Parameter 14, CANEVR




MODEL FIT INFORMATION

Number of Free Parameters                       14

Loglikelihood

          H0 Value                       -3565.295
          H0 Scaling Correction Factor      1.5585
            for MLR
          H1 Value                       -3565.295
          H1 Scaling Correction Factor      1.5585
            for MLR

Information Criteria

          Akaike (AIC)                    7158.591
          Bayesian (BIC)                  7223.999
          Sample-Size Adjusted BIC        7179.542
            (n* = (n + 2) / 24)

Chi-Square Test of Model Fit

          Value                              0.000*
          Degrees of Freedom                     0
          P-Value                           0.0000
          Scaling Correction Factor         1.0000
            for MLR

*   The chi-square value for MLM, MLMV, MLR, ULSMV, WLSM and WLSMV cannot be used
    for chi-square difference testing in the regular way.  MLM, MLR and WLSM
    chi-square difference testing is described on the Mplus website.  MLMV, WLSMV,
    and ULSMV difference testing is done using the DIFFTEST option.

RMSEA (Root Mean Square Error Of Approximation)

          Estimate                           0.000
          90 Percent C.I.                    0.000  0.000
          Probability RMSEA <= .05           0.000

CFI/TLI

          CFI                                1.000
          TLI                                1.000

Chi-Square Test of Model Fit for the Baseline Model

          Value                             21.265
          Degrees of Freedom                     3
          P-Value                           0.0001

SRMR (Standardized Root Mean Square Residual)

          Value                              0.000



MODEL RESULTS

                                                    Two-Tailed
                    Estimate       S.E.  Est./S.E.    P-Value

 WASBLK   ON
    CANEVR             0.662      1.968      0.336      0.737
    DEMMAL             4.103      0.956      4.292      0.000
    DEMAGE            -0.132      0.183     -0.724      0.469

 CANEVR   WITH
    DEMMAL             0.015      0.004      3.394      0.001
    DEMAGE            -0.118      0.029     -4.126      0.000

 DEMMAL   WITH
    DEMAGE            -0.168      0.043     -3.889      0.000

 Means
    DEMAGE             0.000      0.097     -0.002      0.999
    DEMMAL             0.000      0.018      0.001      0.999
    CANEVR             0.000      0.008      0.000      1.000

 Intercepts
    WASBLK            54.873      0.491    111.835      0.000

 Variances
    DEMAGE             6.407      0.314     20.386      0.000
    DEMMAL             0.236      0.004     53.556      0.000
    CANEVR             0.054      0.007      7.263      0.000

 Residual Variances
    WASBLK            64.650      6.090     10.616      0.000


STANDARDIZED MODEL RESULTS


STDYX Standardization

                                                    Two-Tailed
                    Estimate       S.E.  Est./S.E.    P-Value

 WASBLK   ON
    CANEVR             0.018      0.055      0.336      0.737
    DEMMAL             0.240      0.052      4.638      0.000
    DEMAGE            -0.040      0.056     -0.726      0.468

 CANEVR   WITH
    DEMMAL             0.134      0.037      3.638      0.000
    DEMAGE            -0.201      0.042     -4.808      0.000

 DEMMAL   WITH
    DEMAGE            -0.137      0.035     -3.924      0.000

 Means
    DEMAGE             0.000      0.038     -0.002      0.999
    DEMMAL             0.000      0.038      0.001      0.999
    CANEVR             0.000      0.036      0.000      1.000

 Intercepts
    WASBLK             6.604      0.352     18.776      0.000

 Variances
    DEMAGE             1.000      0.000    999.000    999.000
    DEMMAL             1.000      0.000    999.000    999.000
    CANEVR             1.000      0.000    999.000    999.000

 Residual Variances
    WASBLK             0.936      0.025     37.926      0.000


R-SQUARE

    Observed                                        Two-Tailed
    Variable        Estimate       S.E.  Est./S.E.    P-Value

    WASBLK             0.064      0.025      2.573      0.010


QUALITY OF NUMERICAL RESULTS

     Condition Number for the Information Matrix              0.209E-05
       (ratio of smallest to largest eigenvalue)


CONFIDENCE INTERVALS OF MODEL RESULTS

                  Lower .5%  Lower 2.5%    Lower 5%    Estimate    Upper 5%  Upper 2.5%   Upper .5%

 WASBLK   ON
    CANEVR          -4.408      -3.196      -2.576       0.662       3.900       4.520       5.732
    DEMMAL           1.640       2.229       2.530       4.103       5.675       5.977       6.565
    DEMAGE          -0.602      -0.490      -0.433      -0.132       0.168       0.226       0.338

 CANEVR   WITH
    DEMMAL           0.004       0.006       0.008       0.015       0.022       0.024       0.026
    DEMAGE          -0.192      -0.174      -0.165      -0.118      -0.071      -0.062      -0.044

 DEMMAL   WITH
    DEMAGE          -0.279      -0.253      -0.239      -0.168      -0.097      -0.083      -0.057

 Means
    DEMAGE          -0.249      -0.190      -0.159       0.000       0.159       0.190       0.249
    DEMMAL          -0.047      -0.036      -0.030       0.000       0.030       0.036       0.047
    CANEVR          -0.022      -0.016      -0.014       0.000       0.014       0.016       0.022

 Intercepts
    WASBLK          53.609      53.911      54.066      54.873      55.680      55.834      56.136

 Variances
    DEMAGE           5.597       5.791       5.890       6.407       6.924       7.023       7.216
    DEMMAL           0.224       0.227       0.228       0.236       0.243       0.244       0.247
    CANEVR           0.035       0.039       0.042       0.054       0.066       0.068       0.073

 Residual Variances
    WASBLK          48.963      52.713      54.632      64.650      74.668      76.587      80.337


CONFIDENCE INTERVALS OF STANDARDIZED MODEL RESULTS


STDYX Standardization

                  Lower .5%  Lower 2.5%    Lower 5%    Estimate    Upper 5%  Upper 2.5%   Upper .5%

 WASBLK   ON
    CANEVR          -0.123      -0.089      -0.072       0.018       0.109       0.126       0.160
    DEMMAL           0.107       0.138       0.155       0.240       0.325       0.341       0.373
    DEMAGE          -0.183      -0.149      -0.132      -0.040       0.051       0.069       0.103

 CANEVR   WITH
    DEMMAL           0.039       0.062       0.073       0.134       0.194       0.206       0.228
    DEMAGE          -0.309      -0.283      -0.270      -0.201      -0.132      -0.119      -0.093

 DEMMAL   WITH
    DEMAGE          -0.226      -0.205      -0.194      -0.137      -0.079      -0.068      -0.047

 Means
    DEMAGE          -0.099      -0.075      -0.063       0.000       0.063       0.075       0.098
    DEMMAL          -0.097      -0.074      -0.062       0.000       0.062       0.074       0.098
    CANEVR          -0.093      -0.071      -0.059       0.000       0.059       0.071       0.093

 Intercepts
    WASBLK           5.698       5.915       6.026       6.604       7.183       7.294       7.510

 Variances
    DEMAGE           1.000       1.000       1.000       1.000       1.000       1.000       1.000
    DEMMAL           1.000       1.000       1.000       1.000       1.000       1.000       1.000
    CANEVR           1.000       1.000       1.000       1.000       1.000       1.000       1.000

 Residual Variances
    WASBLK           0.873       0.888       0.896       0.936       0.977       0.985       1.000


TECHNICAL 1 OUTPUT


     PARAMETER SPECIFICATION


           NU
              WASBLK        DEMAGE        DEMMAL        CANEVR
              ________      ________      ________      ________
      1           0             0             0             0


           LAMBDA
              WASBLK        DEMAGE        DEMMAL        CANEVR
              ________      ________      ________      ________
 WASBLK             0             0             0             0
 DEMAGE             0             0             0             0
 DEMMAL             0             0             0             0
 CANEVR             0             0             0             0


           THETA
              WASBLK        DEMAGE        DEMMAL        CANEVR
              ________      ________      ________      ________
 WASBLK             0
 DEMAGE             0             0
 DEMMAL             0             0             0
 CANEVR             0             0             0             0


           ALPHA
              WASBLK        DEMAGE        DEMMAL        CANEVR
              ________      ________      ________      ________
      1           1             2             3             4


           BETA
              WASBLK        DEMAGE        DEMMAL        CANEVR
              ________      ________      ________      ________
 WASBLK             0             5             6             7
 DEMAGE             0             0             0             0
 DEMMAL             0             0             0             0
 CANEVR             0             0             0             0


           PSI
              WASBLK        DEMAGE        DEMMAL        CANEVR
              ________      ________      ________      ________
 WASBLK             8
 DEMAGE             0             9
 DEMMAL             0            10            11
 CANEVR             0            12            13            14


     STARTING VALUES


           NU
              WASBLK        DEMAGE        DEMMAL        CANEVR
              ________      ________      ________      ________
      1         0.000         0.000         0.000         0.000


           LAMBDA
              WASBLK        DEMAGE        DEMMAL        CANEVR
              ________      ________      ________      ________
 WASBLK         1.000         0.000         0.000         0.000
 DEMAGE         0.000         1.000         0.000         0.000
 DEMMAL         0.000         0.000         1.000         0.000
 CANEVR         0.000         0.000         0.000         1.000


           THETA
              WASBLK        DEMAGE        DEMMAL        CANEVR
              ________      ________      ________      ________
 WASBLK         0.000
 DEMAGE         0.000         0.000
 DEMMAL         0.000         0.000         0.000
 CANEVR         0.000         0.000         0.000         0.000


           ALPHA
              WASBLK        DEMAGE        DEMMAL        CANEVR
              ________      ________      ________      ________
      1        54.711         0.000         0.000         0.000


           BETA
              WASBLK        DEMAGE        DEMMAL        CANEVR
              ________      ________      ________      ________
 WASBLK         0.000         0.000         0.000         0.000
 DEMAGE         0.000         0.000         0.000         0.000
 DEMMAL         0.000         0.000         0.000         0.000
 CANEVR         0.000         0.000         0.000         0.000


           PSI
              WASBLK        DEMAGE        DEMMAL        CANEVR
              ________      ________      ________      ________
 WASBLK        34.571
 DEMAGE         0.000         3.204
 DEMMAL         0.000         0.000         0.118
 CANEVR         0.000         0.000         0.000         0.027


     Beginning Time:  15:52:13
        Ending Time:  15:52:13
       Elapsed Time:  00:00:00



MUTHEN & MUTHEN
3463 Stoner Ave.
Los Angeles, CA  90066

Tel: (310) 391-9971
Fax: (310) 391-8971
Web: www.StatModel.com
Support: Support@StatModel.com

Copyright (c) 1998-2015 Muthen & Muthen
