Mplus VERSION 7.4 (Mac)
MUTHEN & MUTHEN
05/06/2020   3:52 PM

INPUT INSTRUCTIONS


  TITLE: CANEVR_SRPWCR_1;

  DATA:
  	FILE = GD190618rr.csv;

  VARIABLE:
  	NAMES =
  			ID_Fam   Wave     ID_MPL
  			DEMMAL   DEMAGE   DEMHSP   DEMRAC
  			SRPWCR
  			WASVCB   WASBLK   WASDGT   WSISUM
  			TRLATS   TRLBTS
  			CVLASF   CVLASC   CVLALF   CVLALC
  			CVLCOM
  			CANEVR   CANONS   CANFLF
  			CANFTY   CANF6M   CANAC6
  			CANYRS
  			ALCEVR   ALCONS   ALCFLF
  			ALCFTY   ALCF6M   ALCAC6
  			ALCYRS
  			SRPWCRDt WASVCBDt WASBLKDt
  			WASDGTDt WSISUMDt TRLATSDt
  			TRLBTSDt CVLASFDt CVLASCDt
  			CVLALFDt CVLALCDt CVLCOMDt
  		;
  	USEVARIABLES =
  		! outcome
    			SRPWCR
    		! covariates
    			DEMAGE
    			DEMMAL  		
    		! predictor
    			CANEVR
    		;
    	USEOBSERVATION =
    			(Wave EQ 1 AND SRPWCRDt EQ 1)
    		;
    	CLUSTER =
    			ID_Fam
    		;
    	MISSING = .;

  DEFINE:
  	CENTER	CANEVR
  			DEMMAL
  			DEMAGE (GRANDMEAN);

  ANALYSIS:
          ITERATIONS = 1000000;
          TYPE = COMPLEX;

  OUTPUT:
  	SAMPSTAT STDYX TECH1 CINT;

  MODEL:
  	SRPWCR on CANEVR;
  	SRPWCR on  DEMMAL DEMAGE;	
  	SRPWCR*;
  	CANEVR WITH DEMMAL*;
  	CANEVR WITH DEMAGE*;



*** WARNING in VARIABLE command
  When a subpopulation is analyzed with TYPE=COMPLEX, standard errors
  may be incorrect.  Use the SUBPOPULATION option instead of the
  USEOBSERVATIONS option to obtain correct standard errors.
*** WARNING
  Data set contains cases with missing on all variables.
  These cases were not included in the analysis.
  Number of cases with missing on all variables:  1
   2 WARNING(S) FOUND IN THE INPUT INSTRUCTIONS



CANEVR_SRPWCR_1;

SUMMARY OF ANALYSIS

Number of groups                                                 1
Number of observations                                        1188

Number of dependent variables                                    1
Number of independent variables                                  3
Number of continuous latent variables                            0

Observed dependent variables

  Continuous
   SRPWCR

Observed independent variables
   DEMAGE      DEMMAL      CANEVR

Variables with special functions

  Cluster variable      ID_FAM

  Centering (GRANDMEAN)
   CANEVR      DEMMAL      DEMAGE


Estimator                                                      MLR
Information matrix                                        OBSERVED
Maximum number of iterations                               1000000
Convergence criterion                                    0.500D-04
Maximum number of steepest descent iterations                   20
Maximum number of iterations for H1                           2000
Convergence criterion for H1                             0.100D-03

Input data file(s)
  GD190618rr.csv

Input data format  FREE


SUMMARY OF DATA

     Number of missing data patterns             4
     Number of clusters         598



COVARIANCE COVERAGE OF DATA

Minimum covariance coverage value   0.100


     PROPORTION OF DATA PRESENT


           Covariance Coverage
              SRPWCR        DEMAGE        DEMMAL        CANEVR
              ________      ________      ________      ________
 SRPWCR         0.928
 DEMAGE         0.928         0.999
 DEMMAL         0.928         0.999         1.000
 CANEVR         0.925         0.996         0.997         0.997


SAMPLE STATISTICS


     ESTIMATED SAMPLE STATISTICS


           Means
              SRPWCR        DEMAGE        DEMMAL        CANEVR
              ________      ________      ________      ________
      1         6.126         0.000         0.000         0.000


           Covariances
              SRPWCR        DEMAGE        DEMMAL        CANEVR
              ________      ________      ________      ________
 SRPWCR        71.920
 DEMAGE        -2.416         4.921
 DEMMAL         0.288        -0.152         0.231
 CANEVR         0.052        -0.059         0.024         0.104


           Correlations
              SRPWCR        DEMAGE        DEMMAL        CANEVR
              ________      ________      ________      ________
 SRPWCR         1.000
 DEMAGE        -0.128         1.000
 DEMMAL         0.071        -0.143         1.000
 CANEVR         0.019        -0.083         0.154         1.000


     MAXIMUM LOG-LIKELIHOOD VALUE FOR THE UNRESTRICTED (H1) MODEL IS -7667.858


UNIVARIATE SAMPLE STATISTICS


     UNIVARIATE HIGHER-ORDER MOMENT DESCRIPTIVE STATISTICS

         Variable/         Mean/     Skewness/   Minimum/ % with                Percentiles
        Sample Size      Variance    Kurtosis    Maximum  Min/Max      20%/60%    40%/80%    Median

     SRPWCR                6.089       0.213     -25.000    0.09%      -1.000      4.000      6.000
            1103.000      71.907       2.037      56.000    0.09%       8.000     13.000
     DEMAGE                0.000       0.974      -3.766    0.08%      -1.806     -0.926     -0.426
            1187.000       4.921       0.659       7.594    0.08%       0.084      1.604
     DEMMAL                0.000      -0.567      -0.636   36.36%      -0.636      0.364      0.364
            1188.000       0.231      -1.679       0.364   63.64%       0.364      0.364
     CANEVR                0.000      -2.377      -0.883   11.74%       0.117      0.117      0.117
            1184.000       0.104       3.651       0.117   88.26%       0.117      0.117


THE MODEL ESTIMATION TERMINATED NORMALLY

     THE STANDARD ERRORS OF THE MODEL PARAMETER ESTIMATES MAY NOT BE
     TRUSTWORTHY FOR SOME PARAMETERS DUE TO A NON-POSITIVE DEFINITE
     FIRST-ORDER DERIVATIVE PRODUCT MATRIX.  THIS MAY BE DUE TO THE STARTING
     VALUES BUT MAY ALSO BE AN INDICATION OF MODEL NONIDENTIFICATION.  THE
     CONDITION NUMBER IS       0.811D-12.  PROBLEM INVOLVING THE FOLLOWING PARAMETER:
     Parameter 14, CANEVR




MODEL FIT INFORMATION

Number of Free Parameters                       14

Loglikelihood

          H0 Value                       -7667.858
          H0 Scaling Correction Factor      1.2568
            for MLR
          H1 Value                       -7667.858
          H1 Scaling Correction Factor      1.2568
            for MLR

Information Criteria

          Akaike (AIC)                   15363.716
          Bayesian (BIC)                 15434.836
          Sample-Size Adjusted BIC       15390.367
            (n* = (n + 2) / 24)

Chi-Square Test of Model Fit

          Value                              0.000*
          Degrees of Freedom                     0
          P-Value                           0.0000
          Scaling Correction Factor         1.0000
            for MLR

*   The chi-square value for MLM, MLMV, MLR, ULSMV, WLSM and WLSMV cannot be used
    for chi-square difference testing in the regular way.  MLM, MLR and WLSM
    chi-square difference testing is described on the Mplus website.  MLMV, WLSMV,
    and ULSMV difference testing is done using the DIFFTEST option.

RMSEA (Root Mean Square Error Of Approximation)

          Estimate                           0.000
          90 Percent C.I.                    0.000  0.000
          Probability RMSEA <= .05           0.000

CFI/TLI

          CFI                                1.000
          TLI                                1.000

Chi-Square Test of Model Fit for the Baseline Model

          Value                             23.166
          Degrees of Freedom                     3
          P-Value                           0.0000

SRMR (Standardized Root Mean Square Residual)

          Value                              0.000



MODEL RESULTS

                                                    Two-Tailed
                    Estimate       S.E.  Est./S.E.    P-Value

 SRPWCR   ON
    CANEVR             0.021      0.747      0.029      0.977
    DEMMAL             0.937      0.540      1.735      0.083
    DEMAGE            -0.462      0.121     -3.824      0.000

 CANEVR   WITH
    DEMMAL             0.024      0.005      4.929      0.000
    DEMAGE            -0.059      0.027     -2.200      0.028

 DEMMAL   WITH
    DEMAGE            -0.152      0.032     -4.747      0.000

 Means
    DEMAGE             0.000      0.067      0.004      0.996
    DEMMAL             0.000      0.015      0.000      1.000
    CANEVR             0.000      0.010      0.015      0.988

 Intercepts
    SRPWCR             6.126      0.271     22.642      0.000

 Variances
    DEMAGE             4.921      0.227     21.685      0.000
    DEMMAL             0.231      0.004     56.932      0.000
    CANEVR             0.104      0.007     14.136      0.000

 Residual Variances
    SRPWCR            70.531      4.211     16.749      0.000


STANDARDIZED MODEL RESULTS


STDYX Standardization

                                                    Two-Tailed
                    Estimate       S.E.  Est./S.E.    P-Value

 SRPWCR   ON
    CANEVR             0.001      0.028      0.029      0.977
    DEMMAL             0.053      0.030      1.752      0.080
    DEMAGE            -0.121      0.031     -3.934      0.000

 CANEVR   WITH
    DEMMAL             0.154      0.030      5.135      0.000
    DEMAGE            -0.083      0.037     -2.233      0.026

 DEMMAL   WITH
    DEMAGE            -0.143      0.030     -4.799      0.000

 Means
    DEMAGE             0.000      0.030      0.004      0.996
    DEMMAL             0.000      0.031      0.000      1.000
    CANEVR             0.000      0.030      0.015      0.988

 Intercepts
    SRPWCR             0.722      0.036     20.072      0.000

 Variances
    DEMAGE             1.000      0.000    999.000    999.000
    DEMMAL             1.000      0.000    999.000    999.000
    CANEVR             1.000      0.000    999.000    999.000

 Residual Variances
    SRPWCR             0.981      0.008    117.497      0.000


R-SQUARE

    Observed                                        Two-Tailed
    Variable        Estimate       S.E.  Est./S.E.    P-Value

    SRPWCR             0.019      0.008      2.308      0.021


QUALITY OF NUMERICAL RESULTS

     Condition Number for the Information Matrix              0.198E-04
       (ratio of smallest to largest eigenvalue)


CONFIDENCE INTERVALS OF MODEL RESULTS

                  Lower .5%  Lower 2.5%    Lower 5%    Estimate    Upper 5%  Upper 2.5%   Upper .5%

 SRPWCR   ON
    CANEVR          -1.903      -1.443      -1.208       0.021       1.250       1.486       1.946
    DEMMAL          -0.454      -0.122       0.049       0.937       1.826       1.996       2.328
    DEMAGE          -0.772      -0.698      -0.660      -0.462      -0.263      -0.225      -0.151

 CANEVR   WITH
    DEMMAL           0.011       0.014       0.016       0.024       0.032       0.033       0.036
    DEMAGE          -0.128      -0.112      -0.103      -0.059      -0.015      -0.006       0.010

 DEMMAL   WITH
    DEMAGE          -0.235      -0.215      -0.205      -0.152      -0.099      -0.089      -0.070

 Means
    DEMAGE          -0.171      -0.130      -0.109       0.000       0.110       0.131       0.172
    DEMMAL          -0.038      -0.029      -0.025       0.000       0.025       0.029       0.038
    CANEVR          -0.025      -0.019      -0.016       0.000       0.016       0.019       0.025

 Intercepts
    SRPWCR           5.429       5.596       5.681       6.126       6.571       6.657       6.823

 Variances
    DEMAGE           4.336       4.476       4.548       4.921       5.294       5.366       5.505
    DEMMAL           0.221       0.223       0.225       0.231       0.238       0.239       0.242
    CANEVR           0.085       0.089       0.092       0.104       0.116       0.118       0.122

 Residual Variances
    SRPWCR          59.684      62.278      63.604      70.531      77.458      78.785      81.378


CONFIDENCE INTERVALS OF STANDARDIZED MODEL RESULTS


STDYX Standardization

                  Lower .5%  Lower 2.5%    Lower 5%    Estimate    Upper 5%  Upper 2.5%   Upper .5%

 SRPWCR   ON
    CANEVR          -0.072      -0.055      -0.046       0.001       0.047       0.056       0.074
    DEMMAL          -0.025      -0.006       0.003       0.053       0.103       0.113       0.131
    DEMAGE          -0.200      -0.181      -0.171      -0.121      -0.070      -0.061      -0.042

 CANEVR   WITH
    DEMMAL           0.077       0.095       0.105       0.154       0.203       0.213       0.231
    DEMAGE          -0.178      -0.155      -0.144      -0.083      -0.022      -0.010       0.013

 DEMMAL   WITH
    DEMAGE          -0.219      -0.201      -0.192      -0.143      -0.094      -0.084      -0.066

 Means
    DEMAGE          -0.077      -0.059      -0.049       0.000       0.049       0.059       0.077
    DEMMAL          -0.080      -0.061      -0.051       0.000       0.051       0.061       0.080
    CANEVR          -0.076      -0.058      -0.048       0.000       0.049       0.059       0.077

 Intercepts
    SRPWCR           0.630       0.652       0.663       0.722       0.782       0.793       0.815

 Variances
    DEMAGE           1.000       1.000       1.000       1.000       1.000       1.000       1.000
    DEMMAL           1.000       1.000       1.000       1.000       1.000       1.000       1.000
    CANEVR           1.000       1.000       1.000       1.000       1.000       1.000       1.000

 Residual Variances
    SRPWCR           0.959       0.964       0.967       0.981       0.994       0.997       1.002


TECHNICAL 1 OUTPUT


     PARAMETER SPECIFICATION


           NU
              SRPWCR        DEMAGE        DEMMAL        CANEVR
              ________      ________      ________      ________
      1           0             0             0             0


           LAMBDA
              SRPWCR        DEMAGE        DEMMAL        CANEVR
              ________      ________      ________      ________
 SRPWCR             0             0             0             0
 DEMAGE             0             0             0             0
 DEMMAL             0             0             0             0
 CANEVR             0             0             0             0


           THETA
              SRPWCR        DEMAGE        DEMMAL        CANEVR
              ________      ________      ________      ________
 SRPWCR             0
 DEMAGE             0             0
 DEMMAL             0             0             0
 CANEVR             0             0             0             0


           ALPHA
              SRPWCR        DEMAGE        DEMMAL        CANEVR
              ________      ________      ________      ________
      1           1             2             3             4


           BETA
              SRPWCR        DEMAGE        DEMMAL        CANEVR
              ________      ________      ________      ________
 SRPWCR             0             5             6             7
 DEMAGE             0             0             0             0
 DEMMAL             0             0             0             0
 CANEVR             0             0             0             0


           PSI
              SRPWCR        DEMAGE        DEMMAL        CANEVR
              ________      ________      ________      ________
 SRPWCR             8
 DEMAGE             0             9
 DEMMAL             0            10            11
 CANEVR             0            12            13            14


     STARTING VALUES


           NU
              SRPWCR        DEMAGE        DEMMAL        CANEVR
              ________      ________      ________      ________
      1         0.000         0.000         0.000         0.000


           LAMBDA
              SRPWCR        DEMAGE        DEMMAL        CANEVR
              ________      ________      ________      ________
 SRPWCR         1.000         0.000         0.000         0.000
 DEMAGE         0.000         1.000         0.000         0.000
 DEMMAL         0.000         0.000         1.000         0.000
 CANEVR         0.000         0.000         0.000         1.000


           THETA
              SRPWCR        DEMAGE        DEMMAL        CANEVR
              ________      ________      ________      ________
 SRPWCR         0.000
 DEMAGE         0.000         0.000
 DEMMAL         0.000         0.000         0.000
 CANEVR         0.000         0.000         0.000         0.000


           ALPHA
              SRPWCR        DEMAGE        DEMMAL        CANEVR
              ________      ________      ________      ________
      1         6.089         0.000         0.000         0.000


           BETA
              SRPWCR        DEMAGE        DEMMAL        CANEVR
              ________      ________      ________      ________
 SRPWCR         0.000         0.000         0.000         0.000
 DEMAGE         0.000         0.000         0.000         0.000
 DEMMAL         0.000         0.000         0.000         0.000
 CANEVR         0.000         0.000         0.000         0.000


           PSI
              SRPWCR        DEMAGE        DEMMAL        CANEVR
              ________      ________      ________      ________
 SRPWCR        35.953
 DEMAGE         0.000         2.460
 DEMMAL         0.000         0.000         0.116
 CANEVR         0.000         0.000         0.000         0.052


     Beginning Time:  15:52:10
        Ending Time:  15:52:10
       Elapsed Time:  00:00:00



MUTHEN & MUTHEN
3463 Stoner Ave.
Los Angeles, CA  90066

Tel: (310) 391-9971
Fax: (310) 391-8971
Web: www.StatModel.com
Support: Support@StatModel.com

Copyright (c) 1998-2015 Muthen & Muthen
