Mplus VERSION 7.4 (Mac)
MUTHEN & MUTHEN
05/06/2020   3:52 PM

INPUT INSTRUCTIONS


  TITLE: CANEVR_SRPWCR_2;

  DATA:
  	FILE = GD190618rr.csv;

  VARIABLE:
  	NAMES =
  			ID_Fam   Wave     ID_MPL
  			DEMMAL   DEMAGE   DEMHSP   DEMRAC
  			SRPWCR
  			WASVCB   WASBLK   WASDGT   WSISUM
  			TRLATS   TRLBTS
  			CVLASF   CVLASC   CVLALF   CVLALC
  			CVLCOM
  			CANEVR   CANONS   CANFLF
  			CANFTY   CANF6M   CANAC6
  			CANYRS
  			ALCEVR   ALCONS   ALCFLF
  			ALCFTY   ALCF6M   ALCAC6
  			ALCYRS
  			SRPWCRDt WASVCBDt WASBLKDt
  			WASDGTDt WSISUMDt TRLATSDt
  			TRLBTSDt CVLASFDt CVLASCDt
  			CVLALFDt CVLALCDt CVLCOMDt
  		;
  	USEVARIABLES =
  		! outcome
    			SRPWCR
    		! covariates
    			DEMAGE
    			DEMMAL  		
    		! predictor
    			CANEVR
    		;
    	USEOBSERVATION =
    			(Wave EQ 2 AND SRPWCRDt EQ 1)
    		;
    	CLUSTER =
    			ID_Fam
    		;
    	MISSING = .;

  DEFINE:
  	CENTER	CANEVR
  			DEMMAL
  			DEMAGE (GRANDMEAN);

  ANALYSIS:
          ITERATIONS = 1000000;
          TYPE = COMPLEX;

  OUTPUT:
  	SAMPSTAT STDYX TECH1 CINT;

  MODEL:
  	SRPWCR on CANEVR;
  	SRPWCR on  DEMMAL DEMAGE;	
  	SRPWCR*;
  	CANEVR WITH DEMMAL*;
  	CANEVR WITH DEMAGE*;



*** WARNING in VARIABLE command
  When a subpopulation is analyzed with TYPE=COMPLEX, standard errors
  may be incorrect.  Use the SUBPOPULATION option instead of the
  USEOBSERVATIONS option to obtain correct standard errors.
   1 WARNING(S) FOUND IN THE INPUT INSTRUCTIONS



CANEVR_SRPWCR_2;

SUMMARY OF ANALYSIS

Number of groups                                                 1
Number of observations                                         874

Number of dependent variables                                    1
Number of independent variables                                  3
Number of continuous latent variables                            0

Observed dependent variables

  Continuous
   SRPWCR

Observed independent variables
   DEMAGE      DEMMAL      CANEVR

Variables with special functions

  Cluster variable      ID_FAM

  Centering (GRANDMEAN)
   CANEVR      DEMMAL      DEMAGE


Estimator                                                      MLR
Information matrix                                        OBSERVED
Maximum number of iterations                               1000000
Convergence criterion                                    0.500D-04
Maximum number of steepest descent iterations                   20
Maximum number of iterations for H1                           2000
Convergence criterion for H1                             0.100D-03

Input data file(s)
  GD190618rr.csv

Input data format  FREE


SUMMARY OF DATA

     Number of missing data patterns             3
     Number of clusters         474



COVARIANCE COVERAGE OF DATA

Minimum covariance coverage value   0.100


     PROPORTION OF DATA PRESENT


           Covariance Coverage
              SRPWCR        DEMAGE        DEMMAL        CANEVR
              ________      ________      ________      ________
 SRPWCR         0.898
 DEMAGE         0.898         0.999
 DEMMAL         0.898         0.999         0.999
 CANEVR         0.898         0.999         0.999         1.000


SAMPLE STATISTICS


     ESTIMATED SAMPLE STATISTICS


           Means
              SRPWCR        DEMAGE        DEMMAL        CANEVR
              ________      ________      ________      ________
      1         5.533         0.000         0.000         0.000


           Covariances
              SRPWCR        DEMAGE        DEMMAL        CANEVR
              ________      ________      ________      ________
 SRPWCR        77.435
 DEMAGE        -1.206         7.039
 DEMMAL         0.247        -0.131         0.236
 CANEVR        -0.007        -0.128         0.016         0.059


           Correlations
              SRPWCR        DEMAGE        DEMMAL        CANEVR
              ________      ________      ________      ________
 SRPWCR         1.000
 DEMAGE        -0.052         1.000
 DEMMAL         0.058        -0.102         1.000
 CANEVR        -0.003        -0.199         0.136         1.000


     MAXIMUM LOG-LIKELIHOOD VALUE FOR THE UNRESTRICTED (H1) MODEL IS -5492.335


UNIVARIATE SAMPLE STATISTICS


     UNIVARIATE HIGHER-ORDER MOMENT DESCRIPTIVE STATISTICS

         Variable/         Mean/     Skewness/   Minimum/ % with                Percentiles
        Sample Size      Variance    Kurtosis    Maximum  Min/Max      20%/60%    40%/80%    Median

     SRPWCR                5.571       0.243     -24.000    0.13%      -1.000      4.000      6.000
             785.000      77.432       3.210      64.000    0.13%       8.000     12.000
     DEMAGE                0.000       0.532      -5.277    0.11%      -2.297     -0.937     -0.307
             873.000       7.040       0.006       9.743    0.11%       0.433      2.163
     DEMMAL                0.000      -0.488      -0.619   38.14%      -0.619      0.381      0.381
             873.000       0.236      -1.762       0.381   61.86%       0.381      0.381
     CANEVR                0.000      -3.600      -0.937    6.29%       0.063      0.063      0.063
             874.000       0.059      10.958       0.063   93.71%       0.063      0.063


THE MODEL ESTIMATION TERMINATED NORMALLY

     THE STANDARD ERRORS OF THE MODEL PARAMETER ESTIMATES MAY NOT BE
     TRUSTWORTHY FOR SOME PARAMETERS DUE TO A NON-POSITIVE DEFINITE
     FIRST-ORDER DERIVATIVE PRODUCT MATRIX.  THIS MAY BE DUE TO THE STARTING
     VALUES BUT MAY ALSO BE AN INDICATION OF MODEL NONIDENTIFICATION.  THE
     CONDITION NUMBER IS       0.339D-14.  PROBLEM INVOLVING THE FOLLOWING PARAMETER:
     Parameter 14, CANEVR




MODEL FIT INFORMATION

Number of Free Parameters                       14

Loglikelihood

          H0 Value                       -5492.335
          H0 Scaling Correction Factor      1.5770
            for MLR
          H1 Value                       -5492.335
          H1 Scaling Correction Factor      1.5770
            for MLR

Information Criteria

          Akaike (AIC)                   11012.670
          Bayesian (BIC)                 11079.493
          Sample-Size Adjusted BIC       11035.032
            (n* = (n + 2) / 24)

Chi-Square Test of Model Fit

          Value                              0.000*
          Degrees of Freedom                     0
          P-Value                           0.0000
          Scaling Correction Factor         1.0000
            for MLR

*   The chi-square value for MLM, MLMV, MLR, ULSMV, WLSM and WLSMV cannot be used
    for chi-square difference testing in the regular way.  MLM, MLR and WLSM
    chi-square difference testing is described on the Mplus website.  MLMV, WLSMV,
    and ULSMV difference testing is done using the DIFFTEST option.

RMSEA (Root Mean Square Error Of Approximation)

          Estimate                           0.000
          90 Percent C.I.                    0.000  0.000
          Probability RMSEA <= .05           0.000

CFI/TLI

          CFI                                1.000
          TLI                                1.000

Chi-Square Test of Model Fit for the Baseline Model

          Value                              5.162
          Degrees of Freedom                     3
          P-Value                           0.1603

SRMR (Standardized Root Mean Square Residual)

          Value                              0.000



MODEL RESULTS

                                                    Two-Tailed
                    Estimate       S.E.  Est./S.E.    P-Value

 SRPWCR   ON
    CANEVR            -0.763      1.131     -0.675      0.500
    DEMMAL             1.005      0.674      1.492      0.136
    DEMAGE            -0.167      0.120     -1.391      0.164

 CANEVR   WITH
    DEMMAL             0.016      0.004      3.581      0.000
    DEMAGE            -0.128      0.031     -4.093      0.000

 DEMMAL   WITH
    DEMAGE            -0.131      0.044     -2.948      0.003

 Means
    DEMAGE             0.000      0.100     -0.002      0.999
    DEMMAL             0.000      0.018      0.001      0.999
    CANEVR             0.000      0.009      0.000      1.000

 Intercepts
    SRPWCR             5.533      0.317     17.475      0.000

 Variances
    DEMAGE             7.039      0.330     21.356      0.000
    DEMMAL             0.236      0.004     56.852      0.000
    CANEVR             0.059      0.008      7.813      0.000

 Residual Variances
    SRPWCR            76.981      6.514     11.817      0.000


STANDARDIZED MODEL RESULTS


STDYX Standardization

                                                    Two-Tailed
                    Estimate       S.E.  Est./S.E.    P-Value

 SRPWCR   ON
    CANEVR            -0.021      0.031     -0.675      0.499
    DEMMAL             0.055      0.037      1.515      0.130
    DEMAGE            -0.050      0.036     -1.411      0.158

 CANEVR   WITH
    DEMMAL             0.136      0.036      3.822      0.000
    DEMAGE            -0.199      0.042     -4.779      0.000

 DEMMAL   WITH
    DEMAGE            -0.102      0.034     -2.956      0.003

 Means
    DEMAGE             0.000      0.038     -0.002      0.999
    DEMMAL             0.000      0.036      0.001      0.999
    CANEVR             0.000      0.036      0.000      1.000

 Intercepts
    SRPWCR             0.629      0.044     14.164      0.000

 Variances
    DEMAGE             1.000      0.000    999.000    999.000
    DEMMAL             1.000      0.000    999.000    999.000
    CANEVR             1.000      0.000    999.000    999.000

 Residual Variances
    SRPWCR             0.994      0.006    179.401      0.000


R-SQUARE

    Observed                                        Two-Tailed
    Variable        Estimate       S.E.  Est./S.E.    P-Value

    SRPWCR             0.006      0.006      1.059      0.289


QUALITY OF NUMERICAL RESULTS

     Condition Number for the Information Matrix              0.394E-05
       (ratio of smallest to largest eigenvalue)


CONFIDENCE INTERVALS OF MODEL RESULTS

                  Lower .5%  Lower 2.5%    Lower 5%    Estimate    Upper 5%  Upper 2.5%   Upper .5%

 SRPWCR   ON
    CANEVR          -3.675      -2.979      -2.623      -0.763       1.097       1.453       2.149
    DEMMAL          -0.730      -0.315      -0.103       1.005       2.113       2.325       2.740
    DEMAGE          -0.475      -0.401      -0.364      -0.167       0.030       0.068       0.142

 CANEVR   WITH
    DEMMAL           0.005       0.007       0.009       0.016       0.023       0.025       0.028
    DEMAGE          -0.209      -0.190      -0.180      -0.128      -0.077      -0.067      -0.048

 DEMMAL   WITH
    DEMAGE          -0.245      -0.218      -0.204      -0.131      -0.058      -0.044      -0.017

 Means
    DEMAGE          -0.258      -0.196      -0.165       0.000       0.164       0.196       0.257
    DEMMAL          -0.045      -0.034      -0.029       0.000       0.029       0.034       0.045
    CANEVR          -0.022      -0.017      -0.014       0.000       0.014       0.017       0.022

 Intercepts
    SRPWCR           4.718       4.913       5.012       5.533       6.054       6.154       6.349

 Variances
    DEMAGE           6.190       6.393       6.497       7.039       7.582       7.685       7.888
    DEMMAL           0.225       0.228       0.229       0.236       0.243       0.244       0.247
    CANEVR           0.040       0.044       0.047       0.059       0.071       0.074       0.078

 Residual Variances
    SRPWCR          60.201      64.213      66.265      76.981      87.697      89.749      93.760


CONFIDENCE INTERVALS OF STANDARDIZED MODEL RESULTS


STDYX Standardization

                  Lower .5%  Lower 2.5%    Lower 5%    Estimate    Upper 5%  Upper 2.5%   Upper .5%

 SRPWCR   ON
    CANEVR          -0.101      -0.082      -0.072      -0.021       0.030       0.040       0.059
    DEMMAL          -0.039      -0.016      -0.005       0.055       0.116       0.127       0.150
    DEMAGE          -0.142      -0.120      -0.109      -0.050       0.008       0.020       0.041

 CANEVR   WITH
    DEMMAL           0.044       0.066       0.077       0.136       0.195       0.206       0.228
    DEMAGE          -0.307      -0.281      -0.268      -0.199      -0.131      -0.118      -0.092

 DEMMAL   WITH
    DEMAGE          -0.190      -0.169      -0.158      -0.102      -0.045      -0.034      -0.013

 Means
    DEMAGE          -0.097      -0.074      -0.062       0.000       0.062       0.074       0.097
    DEMMAL          -0.093      -0.071      -0.059       0.000       0.059       0.071       0.093
    CANEVR          -0.092      -0.070      -0.058       0.000       0.058       0.070       0.092

 Intercepts
    SRPWCR           0.514       0.542       0.556       0.629       0.702       0.716       0.743

 Variances
    DEMAGE           1.000       1.000       1.000       1.000       1.000       1.000       1.000
    DEMMAL           1.000       1.000       1.000       1.000       1.000       1.000       1.000
    CANEVR           1.000       1.000       1.000       1.000       1.000       1.000       1.000

 Residual Variances
    SRPWCR           0.980       0.983       0.985       0.994       1.003       1.005       1.008


TECHNICAL 1 OUTPUT


     PARAMETER SPECIFICATION


           NU
              SRPWCR        DEMAGE        DEMMAL        CANEVR
              ________      ________      ________      ________
      1           0             0             0             0


           LAMBDA
              SRPWCR        DEMAGE        DEMMAL        CANEVR
              ________      ________      ________      ________
 SRPWCR             0             0             0             0
 DEMAGE             0             0             0             0
 DEMMAL             0             0             0             0
 CANEVR             0             0             0             0


           THETA
              SRPWCR        DEMAGE        DEMMAL        CANEVR
              ________      ________      ________      ________
 SRPWCR             0
 DEMAGE             0             0
 DEMMAL             0             0             0
 CANEVR             0             0             0             0


           ALPHA
              SRPWCR        DEMAGE        DEMMAL        CANEVR
              ________      ________      ________      ________
      1           1             2             3             4


           BETA
              SRPWCR        DEMAGE        DEMMAL        CANEVR
              ________      ________      ________      ________
 SRPWCR             0             5             6             7
 DEMAGE             0             0             0             0
 DEMMAL             0             0             0             0
 CANEVR             0             0             0             0


           PSI
              SRPWCR        DEMAGE        DEMMAL        CANEVR
              ________      ________      ________      ________
 SRPWCR             8
 DEMAGE             0             9
 DEMMAL             0            10            11
 CANEVR             0            12            13            14


     STARTING VALUES


           NU
              SRPWCR        DEMAGE        DEMMAL        CANEVR
              ________      ________      ________      ________
      1         0.000         0.000         0.000         0.000


           LAMBDA
              SRPWCR        DEMAGE        DEMMAL        CANEVR
              ________      ________      ________      ________
 SRPWCR         1.000         0.000         0.000         0.000
 DEMAGE         0.000         1.000         0.000         0.000
 DEMMAL         0.000         0.000         1.000         0.000
 CANEVR         0.000         0.000         0.000         1.000


           THETA
              SRPWCR        DEMAGE        DEMMAL        CANEVR
              ________      ________      ________      ________
 SRPWCR         0.000
 DEMAGE         0.000         0.000
 DEMMAL         0.000         0.000         0.000
 CANEVR         0.000         0.000         0.000         0.000


           ALPHA
              SRPWCR        DEMAGE        DEMMAL        CANEVR
              ________      ________      ________      ________
      1         5.571         0.000         0.000         0.000


           BETA
              SRPWCR        DEMAGE        DEMMAL        CANEVR
              ________      ________      ________      ________
 SRPWCR         0.000         0.000         0.000         0.000
 DEMAGE         0.000         0.000         0.000         0.000
 DEMMAL         0.000         0.000         0.000         0.000
 CANEVR         0.000         0.000         0.000         0.000


           PSI
              SRPWCR        DEMAGE        DEMMAL        CANEVR
              ________      ________      ________      ________
 SRPWCR        38.716
 DEMAGE         0.000         3.520
 DEMMAL         0.000         0.000         0.118
 CANEVR         0.000         0.000         0.000         0.029


     Beginning Time:  15:52:10
        Ending Time:  15:52:10
       Elapsed Time:  00:00:00



MUTHEN & MUTHEN
3463 Stoner Ave.
Los Angeles, CA  90066

Tel: (310) 391-9971
Fax: (310) 391-8971
Web: www.StatModel.com
Support: Support@StatModel.com

Copyright (c) 1998-2015 Muthen & Muthen
