Mplus VERSION 7.4 (Mac)
MUTHEN & MUTHEN
05/06/2020   3:52 PM

INPUT INSTRUCTIONS


  TITLE: CANEVR_TRLBTS_1;

  DATA:
  	FILE = GD190618rr.csv;

  VARIABLE:
  	NAMES =
  			ID_Fam   Wave     ID_MPL
  			DEMMAL   DEMAGE   DEMHSP   DEMRAC
  			SRPWCR
  			WASVCB   WASBLK   WASDGT   WSISUM
  			TRLATS   TRLBTS
  			CVLASF   CVLASC   CVLALF   CVLALC
  			CVLCOM
  			CANEVR   CANONS   CANFLF
  			CANFTY   CANF6M   CANAC6
  			CANYRS
  			ALCEVR   ALCONS   ALCFLF
  			ALCFTY   ALCF6M   ALCAC6
  			ALCYRS
  			SRPWCRDt WASVCBDt WASBLKDt
  			WASDGTDt WSISUMDt TRLATSDt
  			TRLBTSDt CVLASFDt CVLASCDt
  			CVLALFDt CVLALCDt CVLCOMDt
  		;
  	USEVARIABLES =
  		! outcome
    			TRLBTS
    		! covariates
    			DEMAGE
    			DEMMAL  		
    		! predictor
    			CANEVR
    		;
    	USEOBSERVATION =
    			(Wave EQ 1 AND TRLBTSDt EQ 1)
    		;
    	CLUSTER =
    			ID_Fam
    		;
    	MISSING = .;

  DEFINE:
  	CENTER	CANEVR
  			DEMMAL
  			DEMAGE (GRANDMEAN);

  ANALYSIS:
          ITERATIONS = 1000000;
          TYPE = COMPLEX;

  OUTPUT:
  	SAMPSTAT STDYX TECH1 CINT;

  MODEL:
  	TRLBTS on CANEVR;
  	TRLBTS on  DEMMAL DEMAGE;	
  	TRLBTS*;
  	CANEVR WITH DEMMAL*;
  	CANEVR WITH DEMAGE*;



*** WARNING in VARIABLE command
  When a subpopulation is analyzed with TYPE=COMPLEX, standard errors
  may be incorrect.  Use the SUBPOPULATION option instead of the
  USEOBSERVATIONS option to obtain correct standard errors.
*** WARNING
  Data set contains cases with missing on all variables.
  These cases were not included in the analysis.
  Number of cases with missing on all variables:  1
   2 WARNING(S) FOUND IN THE INPUT INSTRUCTIONS



CANEVR_TRLBTS_1;

SUMMARY OF ANALYSIS

Number of groups                                                 1
Number of observations                                        1169

Number of dependent variables                                    1
Number of independent variables                                  3
Number of continuous latent variables                            0

Observed dependent variables

  Continuous
   TRLBTS

Observed independent variables
   DEMAGE      DEMMAL      CANEVR

Variables with special functions

  Cluster variable      ID_FAM

  Centering (GRANDMEAN)
   CANEVR      DEMMAL      DEMAGE


Estimator                                                      MLR
Information matrix                                        OBSERVED
Maximum number of iterations                               1000000
Convergence criterion                                    0.500D-04
Maximum number of steepest descent iterations                   20
Maximum number of iterations for H1                           2000
Convergence criterion for H1                             0.100D-03

Input data file(s)
  GD190618rr.csv

Input data format  FREE


SUMMARY OF DATA

     Number of missing data patterns             4
     Number of clusters         597



COVARIANCE COVERAGE OF DATA

Minimum covariance coverage value   0.100


     PROPORTION OF DATA PRESENT


           Covariance Coverage
              TRLBTS        DEMAGE        DEMMAL        CANEVR
              ________      ________      ________      ________
 TRLBTS         0.889
 DEMAGE         0.888         0.999
 DEMMAL         0.889         0.999         1.000
 CANEVR         0.885         0.996         0.997         0.997


SAMPLE STATISTICS


     ESTIMATED SAMPLE STATISTICS


           Means
              TRLBTS        DEMAGE        DEMMAL        CANEVR
              ________      ________      ________      ________
      1        51.105         0.000         0.000         0.000


           Covariances
              TRLBTS        DEMAGE        DEMMAL        CANEVR
              ________      ________      ________      ________
 TRLBTS       112.570
 DEMAGE        -1.946         4.934
 DEMMAL         0.085        -0.146         0.230
 CANEVR         0.125        -0.061         0.024         0.104


           Correlations
              TRLBTS        DEMAGE        DEMMAL        CANEVR
              ________      ________      ________      ________
 TRLBTS         1.000
 DEMAGE        -0.083         1.000
 DEMMAL         0.017        -0.137         1.000
 CANEVR         0.037        -0.086         0.158         1.000


     MAXIMUM LOG-LIKELIHOOD VALUE FOR THE UNRESTRICTED (H1) MODEL IS -7619.595


UNIVARIATE SAMPLE STATISTICS


     UNIVARIATE HIGHER-ORDER MOMENT DESCRIPTIVE STATISTICS

         Variable/         Mean/     Skewness/   Minimum/ % with                Percentiles
        Sample Size      Variance    Kurtosis    Maximum  Min/Max      20%/60%    40%/80%    Median

     TRLBTS               51.093      -0.013       6.000    0.10%      43.000     48.000     52.000
            1039.000     112.541       0.793      89.000    0.10%      54.000     60.000
     DEMAGE                0.000       0.976      -3.770    0.09%      -1.810     -0.940     -0.430
            1168.000       4.934       0.662       7.590    0.09%       0.110      1.570
     DEMMAL                0.000      -0.583      -0.640   36.01%      -0.640      0.360      0.360
            1169.000       0.230      -1.660       0.360   63.99%       0.360      0.360
     CANEVR                0.000      -2.374      -0.882   11.76%       0.118      0.118      0.118
            1165.000       0.104       3.637       0.118   88.24%       0.118      0.118


THE MODEL ESTIMATION TERMINATED NORMALLY

     THE STANDARD ERRORS OF THE MODEL PARAMETER ESTIMATES MAY NOT BE
     TRUSTWORTHY FOR SOME PARAMETERS DUE TO A NON-POSITIVE DEFINITE
     FIRST-ORDER DERIVATIVE PRODUCT MATRIX.  THIS MAY BE DUE TO THE STARTING
     VALUES BUT MAY ALSO BE AN INDICATION OF MODEL NONIDENTIFICATION.  THE
     CONDITION NUMBER IS       0.279D-15.  PROBLEM INVOLVING THE FOLLOWING PARAMETER:
     Parameter 14, CANEVR




MODEL FIT INFORMATION

Number of Free Parameters                       14

Loglikelihood

          H0 Value                       -7619.595
          H0 Scaling Correction Factor      1.2507
            for MLR
          H1 Value                       -7619.595
          H1 Scaling Correction Factor      1.2507
            for MLR

Information Criteria

          Akaike (AIC)                   15267.191
          Bayesian (BIC)                 15338.086
          Sample-Size Adjusted BIC       15293.617
            (n* = (n + 2) / 24)

Chi-Square Test of Model Fit

          Value                              0.000*
          Degrees of Freedom                     0
          P-Value                           0.0000
          Scaling Correction Factor         1.0000
            for MLR

*   The chi-square value for MLM, MLMV, MLR, ULSMV, WLSM and WLSMV cannot be used
    for chi-square difference testing in the regular way.  MLM, MLR and WLSM
    chi-square difference testing is described on the Mplus website.  MLMV, WLSMV,
    and ULSMV difference testing is done using the DIFFTEST option.

RMSEA (Root Mean Square Error Of Approximation)

          Estimate                           0.000
          90 Percent C.I.                    0.000  0.000
          Probability RMSEA <= .05           0.000

CFI/TLI

          CFI                                1.000
          TLI                                1.000

Chi-Square Test of Model Fit for the Baseline Model

          Value                              7.219
          Degrees of Freedom                     3
          P-Value                           0.0652

SRMR (Standardized Root Mean Square Residual)

          Value                              0.000



MODEL RESULTS

                                                    Two-Tailed
                    Estimate       S.E.  Est./S.E.    P-Value

 TRLBTS   ON
    CANEVR             0.978      1.220      0.802      0.422
    DEMMAL             0.022      0.699      0.032      0.975
    DEMAGE            -0.382      0.158     -2.414      0.016

 CANEVR   WITH
    DEMMAL             0.024      0.005      4.984      0.000
    DEMAGE            -0.061      0.027     -2.251      0.024

 DEMMAL   WITH
    DEMAGE            -0.146      0.032     -4.499      0.000

 Means
    DEMAGE             0.000      0.067      0.004      0.997
    DEMMAL             0.000      0.015      0.000      1.000
    CANEVR             0.000      0.010      0.014      0.989

 Intercepts
    TRLBTS            51.105      0.359    142.180      0.000

 Variances
    DEMAGE             4.934      0.230     21.438      0.000
    DEMMAL             0.230      0.004     55.415      0.000
    CANEVR             0.104      0.007     14.014      0.000

 Residual Variances
    TRLBTS           111.703      5.828     19.167      0.000


STANDARDIZED MODEL RESULTS


STDYX Standardization

                                                    Two-Tailed
                    Estimate       S.E.  Est./S.E.    P-Value

 TRLBTS   ON
    CANEVR             0.030      0.037      0.803      0.422
    DEMMAL             0.001      0.032      0.032      0.975
    DEMAGE            -0.080      0.033     -2.446      0.014

 CANEVR   WITH
    DEMMAL             0.158      0.030      5.203      0.000
    DEMAGE            -0.086      0.037     -2.285      0.022

 DEMMAL   WITH
    DEMAGE            -0.137      0.030     -4.547      0.000

 Means
    DEMAGE             0.000      0.030      0.004      0.997
    DEMMAL             0.000      0.031      0.000      1.000
    CANEVR             0.000      0.030      0.014      0.989

 Intercepts
    TRLBTS             4.817      0.131     36.684      0.000

 Variances
    DEMAGE             1.000      0.000    999.000    999.000
    DEMMAL             1.000      0.000    999.000    999.000
    CANEVR             1.000      0.000    999.000    999.000

 Residual Variances
    TRLBTS             0.992      0.006    172.313      0.000


R-SQUARE

    Observed                                        Two-Tailed
    Variable        Estimate       S.E.  Est./S.E.    P-Value

    TRLBTS             0.008      0.006      1.338      0.181


QUALITY OF NUMERICAL RESULTS

     Condition Number for the Information Matrix              0.117E-04
       (ratio of smallest to largest eigenvalue)


CONFIDENCE INTERVALS OF MODEL RESULTS

                  Lower .5%  Lower 2.5%    Lower 5%    Estimate    Upper 5%  Upper 2.5%   Upper .5%

 TRLBTS   ON
    CANEVR          -2.163      -1.412      -1.028       0.978       2.985       3.369       4.120
    DEMMAL          -1.779      -1.349      -1.128       0.022       1.172       1.393       1.823
    DEMAGE          -0.789      -0.691      -0.642      -0.382      -0.122      -0.072       0.026

 CANEVR   WITH
    DEMMAL           0.012       0.015       0.016       0.024       0.032       0.034       0.037
    DEMAGE          -0.131      -0.114      -0.106      -0.061      -0.016      -0.008       0.009

 DEMMAL   WITH
    DEMAGE          -0.229      -0.209      -0.199      -0.146      -0.092      -0.082      -0.062

 Means
    DEMAGE          -0.172      -0.131      -0.110       0.000       0.110       0.131       0.172
    DEMMAL          -0.038      -0.029      -0.024       0.000       0.024       0.029       0.038
    CANEVR          -0.025      -0.019      -0.016       0.000       0.016       0.019       0.025

 Intercepts
    TRLBTS          50.180      50.401      50.514      51.105      51.697      51.810      52.031

 Variances
    DEMAGE           4.341       4.483       4.555       4.934       5.313       5.385       5.527
    DEMMAL           0.220       0.222       0.224       0.230       0.237       0.239       0.241
    CANEVR           0.085       0.089       0.092       0.104       0.116       0.118       0.123

 Residual Variances
    TRLBTS          96.691     100.280     102.116     111.703     121.289     123.125     126.714


CONFIDENCE INTERVALS OF STANDARDIZED MODEL RESULTS


STDYX Standardization

                  Lower .5%  Lower 2.5%    Lower 5%    Estimate    Upper 5%  Upper 2.5%   Upper .5%

 TRLBTS   ON
    CANEVR          -0.066      -0.043      -0.031       0.030       0.091       0.102       0.125
    DEMMAL          -0.080      -0.061      -0.051       0.001       0.053       0.063       0.082
    DEMAGE          -0.164      -0.144      -0.134      -0.080      -0.026      -0.016       0.004

 CANEVR   WITH
    DEMMAL           0.080       0.098       0.108       0.158       0.208       0.217       0.236
    DEMAGE          -0.182      -0.159      -0.147      -0.086      -0.024      -0.012       0.011

 DEMMAL   WITH
    DEMAGE          -0.214      -0.195      -0.186      -0.137      -0.087      -0.078      -0.059

 Means
    DEMAGE          -0.077      -0.059      -0.049       0.000       0.050       0.059       0.078
    DEMMAL          -0.080      -0.061      -0.051       0.000       0.051       0.061       0.080
    CANEVR          -0.077      -0.058      -0.049       0.000       0.050       0.059       0.078

 Intercepts
    TRLBTS           4.479       4.559       4.601       4.817       5.033       5.074       5.155

 Variances
    DEMAGE           1.000       1.000       1.000       1.000       1.000       1.000       1.000
    DEMMAL           1.000       1.000       1.000       1.000       1.000       1.000       1.000
    CANEVR           1.000       1.000       1.000       1.000       1.000       1.000       1.000

 Residual Variances
    TRLBTS           0.977       0.981       0.983       0.992       1.002       1.004       1.007


TECHNICAL 1 OUTPUT


     PARAMETER SPECIFICATION


           NU
              TRLBTS        DEMAGE        DEMMAL        CANEVR
              ________      ________      ________      ________
      1           0             0             0             0


           LAMBDA
              TRLBTS        DEMAGE        DEMMAL        CANEVR
              ________      ________      ________      ________
 TRLBTS             0             0             0             0
 DEMAGE             0             0             0             0
 DEMMAL             0             0             0             0
 CANEVR             0             0             0             0


           THETA
              TRLBTS        DEMAGE        DEMMAL        CANEVR
              ________      ________      ________      ________
 TRLBTS             0
 DEMAGE             0             0
 DEMMAL             0             0             0
 CANEVR             0             0             0             0


           ALPHA
              TRLBTS        DEMAGE        DEMMAL        CANEVR
              ________      ________      ________      ________
      1           1             2             3             4


           BETA
              TRLBTS        DEMAGE        DEMMAL        CANEVR
              ________      ________      ________      ________
 TRLBTS             0             5             6             7
 DEMAGE             0             0             0             0
 DEMMAL             0             0             0             0
 CANEVR             0             0             0             0


           PSI
              TRLBTS        DEMAGE        DEMMAL        CANEVR
              ________      ________      ________      ________
 TRLBTS             8
 DEMAGE             0             9
 DEMMAL             0            10            11
 CANEVR             0            12            13            14


     STARTING VALUES


           NU
              TRLBTS        DEMAGE        DEMMAL        CANEVR
              ________      ________      ________      ________
      1         0.000         0.000         0.000         0.000


           LAMBDA
              TRLBTS        DEMAGE        DEMMAL        CANEVR
              ________      ________      ________      ________
 TRLBTS         1.000         0.000         0.000         0.000
 DEMAGE         0.000         1.000         0.000         0.000
 DEMMAL         0.000         0.000         1.000         0.000
 CANEVR         0.000         0.000         0.000         1.000


           THETA
              TRLBTS        DEMAGE        DEMMAL        CANEVR
              ________      ________      ________      ________
 TRLBTS         0.000
 DEMAGE         0.000         0.000
 DEMMAL         0.000         0.000         0.000
 CANEVR         0.000         0.000         0.000         0.000


           ALPHA
              TRLBTS        DEMAGE        DEMMAL        CANEVR
              ________      ________      ________      ________
      1        51.093         0.000         0.000         0.000


           BETA
              TRLBTS        DEMAGE        DEMMAL        CANEVR
              ________      ________      ________      ________
 TRLBTS         0.000         0.000         0.000         0.000
 DEMAGE         0.000         0.000         0.000         0.000
 DEMMAL         0.000         0.000         0.000         0.000
 CANEVR         0.000         0.000         0.000         0.000


           PSI
              TRLBTS        DEMAGE        DEMMAL        CANEVR
              ________      ________      ________      ________
 TRLBTS        56.270
 DEMAGE         0.000         2.467
 DEMMAL         0.000         0.000         0.115
 CANEVR         0.000         0.000         0.000         0.052


     Beginning Time:  15:52:11
        Ending Time:  15:52:12
       Elapsed Time:  00:00:01



MUTHEN & MUTHEN
3463 Stoner Ave.
Los Angeles, CA  90066

Tel: (310) 391-9971
Fax: (310) 391-8971
Web: www.StatModel.com
Support: Support@StatModel.com

Copyright (c) 1998-2015 Muthen & Muthen
