Mplus VERSION 7.4 (Mac)
MUTHEN & MUTHEN
05/06/2020   3:52 PM

INPUT INSTRUCTIONS


  TITLE: CANF6M_TRLATS_1;

  DATA:
  	FILE = GD190618rr.csv;

  VARIABLE:
  	NAMES =
  			ID_Fam   Wave     ID_MPL
  			DEMMAL   DEMAGE   DEMHSP   DEMRAC
  			SRPWCR
  			WASVCB   WASBLK   WASDGT   WSISUM
  			TRLATS   TRLBTS
  			CVLASF   CVLASC   CVLALF   CVLALC
  			CVLCOM
  			CANEVR   CANONS   CANFLF
  			CANFTY   CANF6M   CANAC6
  			CANYRS
  			ALCEVR   ALCONS   ALCFLF
  			ALCFTY   ALCF6M   ALCAC6
  			ALCYRS
  			SRPWCRDt WASVCBDt WASBLKDt
  			WASDGTDt WSISUMDt TRLATSDt
  			TRLBTSDt CVLASFDt CVLASCDt
  			CVLALFDt CVLALCDt CVLCOMDt
  		;
  	USEVARIABLES =
  		! outcome
    			TRLATS
    		! covariates
    			DEMAGE
    			DEMMAL  		
    		! predictor
    			CANF6M
    		;
    	USEOBSERVATION =
    			(Wave EQ 1 AND TRLATSDt EQ 1)
    		;
    	CLUSTER =
    			ID_Fam
    		;
    	MISSING = .;

  DEFINE:
  	CENTER	CANF6M
  			DEMMAL
  			DEMAGE (GRANDMEAN);

  ANALYSIS:
          ITERATIONS = 1000000;
          TYPE = COMPLEX;

  OUTPUT:
  	SAMPSTAT STDYX TECH1 CINT;

  MODEL:
  	TRLATS on CANF6M;
  	TRLATS on  DEMMAL DEMAGE;	
  	TRLATS*;
  	CANF6M WITH DEMMAL*;
  	CANF6M WITH DEMAGE*;



*** WARNING in VARIABLE command
  When a subpopulation is analyzed with TYPE=COMPLEX, standard errors
  may be incorrect.  Use the SUBPOPULATION option instead of the
  USEOBSERVATIONS option to obtain correct standard errors.
*** WARNING
  Data set contains cases with missing on all variables.
  These cases were not included in the analysis.
  Number of cases with missing on all variables:  1
   2 WARNING(S) FOUND IN THE INPUT INSTRUCTIONS



CANF6M_TRLATS_1;

SUMMARY OF ANALYSIS

Number of groups                                                 1
Number of observations                                        1191

Number of dependent variables                                    1
Number of independent variables                                  3
Number of continuous latent variables                            0

Observed dependent variables

  Continuous
   TRLATS

Observed independent variables
   DEMAGE      DEMMAL      CANF6M

Variables with special functions

  Cluster variable      ID_FAM

  Centering (GRANDMEAN)
   CANF6M      DEMMAL      DEMAGE


Estimator                                                      MLR
Information matrix                                        OBSERVED
Maximum number of iterations                               1000000
Convergence criterion                                    0.500D-04
Maximum number of steepest descent iterations                   20
Maximum number of iterations for H1                           2000
Convergence criterion for H1                             0.100D-03

Input data file(s)
  GD190618rr.csv

Input data format  FREE


SUMMARY OF DATA

     Number of missing data patterns             4
     Number of clusters         598



COVARIANCE COVERAGE OF DATA

Minimum covariance coverage value   0.100


     PROPORTION OF DATA PRESENT


           Covariance Coverage
              TRLATS        DEMAGE        DEMMAL        CANF6M
              ________      ________      ________      ________
 TRLATS         0.930
 DEMAGE         0.929         0.999
 DEMMAL         0.930         0.999         1.000
 CANF6M         0.926         0.995         0.996         0.996


SAMPLE STATISTICS


     ESTIMATED SAMPLE STATISTICS


           Means
              TRLATS        DEMAGE        DEMMAL        CANF6M
              ________      ________      ________      ________
      1        51.551         0.000         0.000         0.010


           Covariances
              TRLATS        DEMAGE        DEMMAL        CANF6M
              ________      ________      ________      ________
 TRLATS       107.219
 DEMAGE        -0.982         4.915
 DEMMAL        -0.040        -0.151         0.231
 CANF6M        -0.204        -3.511         1.176       116.806


           Correlations
              TRLATS        DEMAGE        DEMMAL        CANF6M
              ________      ________      ________      ________
 TRLATS         1.000
 DEMAGE        -0.043         1.000
 DEMMAL        -0.008        -0.142         1.000
 CANF6M        -0.002        -0.147         0.226         1.000


     MAXIMUM LOG-LIKELIHOOD VALUE FOR THE UNRESTRICTED (H1) MODEL IS -12068.826


UNIVARIATE SAMPLE STATISTICS


     UNIVARIATE HIGHER-ORDER MOMENT DESCRIPTIVE STATISTICS

         Variable/         Mean/     Skewness/   Minimum/ % with                Percentiles
        Sample Size      Variance    Kurtosis    Maximum  Min/Max      20%/60%    40%/80%    Median

     TRLATS               51.530       0.002       7.000    0.18%      43.000     49.000     51.000
            1108.000     107.211       0.548      87.000    0.09%      53.000     60.000
     DEMAGE                0.000       0.971      -3.769    0.08%      -1.809     -0.919     -0.429
            1190.000       4.915       0.655       7.591    0.08%       0.091      1.601
     DEMMAL                0.000      -0.571      -0.637   36.27%      -0.637      0.363      0.363
            1191.000       0.231      -1.674       0.363   63.73%       0.363      0.363
     CANF6M                0.000       0.950      -8.399   33.73%      -8.399     -8.069     -7.229
            1186.000     116.815      -0.676      21.601    7.59%      -3.399     11.601


THE MODEL ESTIMATION TERMINATED NORMALLY

     THE STANDARD ERRORS OF THE MODEL PARAMETER ESTIMATES MAY NOT BE
     TRUSTWORTHY FOR SOME PARAMETERS DUE TO A NON-POSITIVE DEFINITE
     FIRST-ORDER DERIVATIVE PRODUCT MATRIX.  THIS MAY BE DUE TO THE STARTING
     VALUES BUT MAY ALSO BE AN INDICATION OF MODEL NONIDENTIFICATION.  THE
     CONDITION NUMBER IS       0.165D-13.  PROBLEM INVOLVING THE FOLLOWING PARAMETER:
     Parameter 14, CANF6M




MODEL FIT INFORMATION

Number of Free Parameters                       14

Loglikelihood

          H0 Value                      -12068.826
          H0 Scaling Correction Factor      1.0209
            for MLR
          H1 Value                      -12068.826
          H1 Scaling Correction Factor      1.0209
            for MLR

Information Criteria

          Akaike (AIC)                   24165.651
          Bayesian (BIC)                 24236.807
          Sample-Size Adjusted BIC       24192.338
            (n* = (n + 2) / 24)

Chi-Square Test of Model Fit

          Value                              0.000*
          Degrees of Freedom                     0
          P-Value                           0.0000
          Scaling Correction Factor         1.0000
            for MLR

*   The chi-square value for MLM, MLMV, MLR, ULSMV, WLSM and WLSMV cannot be used
    for chi-square difference testing in the regular way.  MLM, MLR and WLSM
    chi-square difference testing is described on the Mplus website.  MLMV, WLSMV,
    and ULSMV difference testing is done using the DIFFTEST option.

RMSEA (Root Mean Square Error Of Approximation)

          Estimate                           0.000
          90 Percent C.I.                    0.000  0.000
          Probability RMSEA <= .05           0.000

CFI/TLI

          CFI                                0.000
          TLI                                1.000

Chi-Square Test of Model Fit for the Baseline Model

          Value                              2.175
          Degrees of Freedom                     3
          P-Value                           0.5369

SRMR (Standardized Root Mean Square Residual)

          Value                              0.000



MODEL RESULTS

                                                    Two-Tailed
                    Estimate       S.E.  Est./S.E.    P-Value

 TRLATS   ON
    CANF6M            -0.005      0.028     -0.186      0.853
    DEMMAL            -0.287      0.688     -0.417      0.676
    DEMAGE            -0.213      0.150     -1.418      0.156

 CANF6M   WITH
    DEMMAL             1.176      0.148      7.924      0.000
    DEMAGE            -3.511      0.630     -5.573      0.000

 DEMMAL   WITH
    DEMAGE            -0.151      0.032     -4.714      0.000

 Means
    DEMAGE             0.000      0.066      0.006      0.995
    DEMMAL             0.000      0.015      0.000      1.000
    CANF6M             0.010      0.338      0.028      0.977

 Intercepts
    TRLATS            51.551      0.332    155.385      0.000

 Variances
    DEMAGE             4.915      0.226     21.750      0.000
    DEMMAL             0.231      0.004     56.721      0.000
    CANF6M           116.810      4.202     27.800      0.000

 Residual Variances
    TRLATS           106.995      5.284     20.250      0.000


STANDARDIZED MODEL RESULTS


STDYX Standardization

                                                    Two-Tailed
                    Estimate       S.E.  Est./S.E.    P-Value

 TRLATS   ON
    CANF6M            -0.005      0.030     -0.186      0.853
    DEMMAL            -0.013      0.032     -0.417      0.677
    DEMAGE            -0.046      0.032     -1.422      0.155

 CANF6M   WITH
    DEMMAL             0.226      0.028      8.057      0.000
    DEMAGE            -0.147      0.026     -5.685      0.000

 DEMMAL   WITH
    DEMAGE            -0.142      0.030     -4.765      0.000

 Means
    DEMAGE             0.000      0.030      0.006      0.995
    DEMMAL             0.000      0.031      0.000      1.000
    CANF6M             0.001      0.031      0.028      0.977

 Intercepts
    TRLATS             4.979      0.124     40.005      0.000

 Variances
    DEMAGE             1.000      0.000    999.000    999.000
    DEMMAL             1.000      0.000    999.000    999.000
    CANF6M             1.000      0.000    999.000    999.000

 Residual Variances
    TRLATS             0.998      0.003    348.883      0.000


R-SQUARE

    Observed                                        Two-Tailed
    Variable        Estimate       S.E.  Est./S.E.    P-Value

    TRLATS             0.002      0.003      0.723      0.470


QUALITY OF NUMERICAL RESULTS

     Condition Number for the Information Matrix              0.176E-03
       (ratio of smallest to largest eigenvalue)


CONFIDENCE INTERVALS OF MODEL RESULTS

                  Lower .5%  Lower 2.5%    Lower 5%    Estimate    Upper 5%  Upper 2.5%   Upper .5%

 TRLATS   ON
    CANF6M          -0.078      -0.061      -0.052      -0.005       0.041       0.050       0.068
    DEMMAL          -2.060      -1.636      -1.419      -0.287       0.845       1.062       1.485
    DEMAGE          -0.599      -0.507      -0.459      -0.213       0.034       0.081       0.174

 CANF6M   WITH
    DEMMAL           0.794       0.885       0.932       1.176       1.420       1.467       1.558
    DEMAGE          -5.134      -4.746      -4.548      -3.511      -2.475      -2.276      -1.888

 DEMMAL   WITH
    DEMAGE          -0.234      -0.214      -0.204      -0.151      -0.098      -0.088      -0.068

 Means
    DEMAGE          -0.171      -0.130      -0.109       0.000       0.110       0.130       0.171
    DEMMAL          -0.038      -0.029      -0.024       0.000       0.024       0.029       0.038
    CANF6M          -0.860      -0.652      -0.546       0.010       0.565       0.671       0.879

 Intercepts
    TRLATS          50.697      50.901      51.005      51.551      52.097      52.201      52.406

 Variances
    DEMAGE           4.333       4.472       4.543       4.915       5.287       5.358       5.497
    DEMMAL           0.221       0.223       0.224       0.231       0.238       0.239       0.242
    CANF6M         105.987     108.574     109.898     116.810     123.722     125.045     127.633

 Residual Variances
    TRLATS          93.385      96.639      98.303     106.995     115.686     117.350     120.604


CONFIDENCE INTERVALS OF STANDARDIZED MODEL RESULTS


STDYX Standardization

                  Lower .5%  Lower 2.5%    Lower 5%    Estimate    Upper 5%  Upper 2.5%   Upper .5%

 TRLATS   ON
    CANF6M          -0.082      -0.064      -0.054      -0.005       0.043       0.053       0.071
    DEMMAL          -0.096      -0.076      -0.066      -0.013       0.039       0.049       0.069
    DEMAGE          -0.128      -0.108      -0.098      -0.046       0.007       0.017       0.037

 CANF6M   WITH
    DEMMAL           0.154       0.171       0.180       0.226       0.273       0.281       0.299
    DEMAGE          -0.213      -0.197      -0.189      -0.147      -0.104      -0.096      -0.080

 DEMMAL   WITH
    DEMAGE          -0.218      -0.200      -0.191      -0.142      -0.093      -0.083      -0.065

 Means
    DEMAGE          -0.077      -0.058      -0.049       0.000       0.049       0.059       0.077
    DEMMAL          -0.080      -0.061      -0.051       0.000       0.051       0.061       0.080
    CANF6M          -0.080      -0.060      -0.050       0.001       0.052       0.062       0.081

 Intercepts
    TRLATS           4.658       4.735       4.774       4.979       5.183       5.223       5.299

 Variances
    DEMAGE           1.000       1.000       1.000       1.000       1.000       1.000       1.000
    DEMMAL           1.000       1.000       1.000       1.000       1.000       1.000       1.000
    CANF6M           1.000       1.000       1.000       1.000       1.000       1.000       1.000

 Residual Variances
    TRLATS           0.991       0.992       0.993       0.998       1.003       1.004       1.005


TECHNICAL 1 OUTPUT


     PARAMETER SPECIFICATION


           NU
              TRLATS        DEMAGE        DEMMAL        CANF6M
              ________      ________      ________      ________
      1           0             0             0             0


           LAMBDA
              TRLATS        DEMAGE        DEMMAL        CANF6M
              ________      ________      ________      ________
 TRLATS             0             0             0             0
 DEMAGE             0             0             0             0
 DEMMAL             0             0             0             0
 CANF6M             0             0             0             0


           THETA
              TRLATS        DEMAGE        DEMMAL        CANF6M
              ________      ________      ________      ________
 TRLATS             0
 DEMAGE             0             0
 DEMMAL             0             0             0
 CANF6M             0             0             0             0


           ALPHA
              TRLATS        DEMAGE        DEMMAL        CANF6M
              ________      ________      ________      ________
      1           1             2             3             4


           BETA
              TRLATS        DEMAGE        DEMMAL        CANF6M
              ________      ________      ________      ________
 TRLATS             0             5             6             7
 DEMAGE             0             0             0             0
 DEMMAL             0             0             0             0
 CANF6M             0             0             0             0


           PSI
              TRLATS        DEMAGE        DEMMAL        CANF6M
              ________      ________      ________      ________
 TRLATS             8
 DEMAGE             0             9
 DEMMAL             0            10            11
 CANF6M             0            12            13            14


     STARTING VALUES


           NU
              TRLATS        DEMAGE        DEMMAL        CANF6M
              ________      ________      ________      ________
      1         0.000         0.000         0.000         0.000


           LAMBDA
              TRLATS        DEMAGE        DEMMAL        CANF6M
              ________      ________      ________      ________
 TRLATS         1.000         0.000         0.000         0.000
 DEMAGE         0.000         1.000         0.000         0.000
 DEMMAL         0.000         0.000         1.000         0.000
 CANF6M         0.000         0.000         0.000         1.000


           THETA
              TRLATS        DEMAGE        DEMMAL        CANF6M
              ________      ________      ________      ________
 TRLATS         0.000
 DEMAGE         0.000         0.000
 DEMMAL         0.000         0.000         0.000
 CANF6M         0.000         0.000         0.000         0.000


           ALPHA
              TRLATS        DEMAGE        DEMMAL        CANF6M
              ________      ________      ________      ________
      1        51.530         0.000         0.000         0.000


           BETA
              TRLATS        DEMAGE        DEMMAL        CANF6M
              ________      ________      ________      ________
 TRLATS         0.000         0.000         0.000         0.000
 DEMAGE         0.000         0.000         0.000         0.000
 DEMMAL         0.000         0.000         0.000         0.000
 CANF6M         0.000         0.000         0.000         0.000


           PSI
              TRLATS        DEMAGE        DEMMAL        CANF6M
              ________      ________      ________      ________
 TRLATS        53.606
 DEMAGE         0.000         2.458
 DEMMAL         0.000         0.000         0.116
 CANF6M         0.000         0.000         0.000        58.407


     Beginning Time:  15:52:17
        Ending Time:  15:52:17
       Elapsed Time:  00:00:00



MUTHEN & MUTHEN
3463 Stoner Ave.
Los Angeles, CA  90066

Tel: (310) 391-9971
Fax: (310) 391-8971
Web: www.StatModel.com
Support: Support@StatModel.com

Copyright (c) 1998-2015 Muthen & Muthen
