Mplus VERSION 7.4 (Mac)
MUTHEN & MUTHEN
05/06/2020   3:52 PM

INPUT INSTRUCTIONS


  TITLE: CANF6M_WASBLK_2;

  DATA:
  	FILE = GD190618rr.csv;

  VARIABLE:
  	NAMES =
  			ID_Fam   Wave     ID_MPL
  			DEMMAL   DEMAGE   DEMHSP   DEMRAC
  			SRPWCR
  			WASVCB   WASBLK   WASDGT   WSISUM
  			TRLATS   TRLBTS
  			CVLASF   CVLASC   CVLALF   CVLALC
  			CVLCOM
  			CANEVR   CANONS   CANFLF
  			CANFTY   CANF6M   CANAC6
  			CANYRS
  			ALCEVR   ALCONS   ALCFLF
  			ALCFTY   ALCF6M   ALCAC6
  			ALCYRS
  			SRPWCRDt WASVCBDt WASBLKDt
  			WASDGTDt WSISUMDt TRLATSDt
  			TRLBTSDt CVLASFDt CVLASCDt
  			CVLALFDt CVLALCDt CVLCOMDt
  		;
  	USEVARIABLES =
  		! outcome
    			WASBLK
    		! covariates
    			DEMAGE
    			DEMMAL  		
    		! predictor
    			CANF6M
    		;
    	USEOBSERVATION =
    			(Wave EQ 2 AND WASBLKDt EQ 1)
    		;
    	CLUSTER =
    			ID_Fam
    		;
    	MISSING = .;

  DEFINE:
  	CENTER	CANF6M
  			DEMMAL
  			DEMAGE (GRANDMEAN);

  ANALYSIS:
          ITERATIONS = 1000000;
          TYPE = COMPLEX;

  OUTPUT:
  	SAMPSTAT STDYX TECH1 CINT;

  MODEL:
  	WASBLK on CANF6M;
  	WASBLK on  DEMMAL DEMAGE;	
  	WASBLK*;
  	CANF6M WITH DEMMAL*;
  	CANF6M WITH DEMAGE*;



*** WARNING in VARIABLE command
  When a subpopulation is analyzed with TYPE=COMPLEX, standard errors
  may be incorrect.  Use the SUBPOPULATION option instead of the
  USEOBSERVATIONS option to obtain correct standard errors.
   1 WARNING(S) FOUND IN THE INPUT INSTRUCTIONS



CANF6M_WASBLK_2;

SUMMARY OF ANALYSIS

Number of groups                                                 1
Number of observations                                         790

Number of dependent variables                                    1
Number of independent variables                                  3
Number of continuous latent variables                            0

Observed dependent variables

  Continuous
   WASBLK

Observed independent variables
   DEMAGE      DEMMAL      CANF6M

Variables with special functions

  Cluster variable      ID_FAM

  Centering (GRANDMEAN)
   CANF6M      DEMMAL      DEMAGE


Estimator                                                      MLR
Information matrix                                        OBSERVED
Maximum number of iterations                               1000000
Convergence criterion                                    0.500D-04
Maximum number of steepest descent iterations                   20
Maximum number of iterations for H1                           2000
Convergence criterion for H1                             0.100D-03

Input data file(s)
  GD190618rr.csv

Input data format  FREE


SUMMARY OF DATA

     Number of missing data patterns             3
     Number of clusters         456



COVARIANCE COVERAGE OF DATA

Minimum covariance coverage value   0.100


     PROPORTION OF DATA PRESENT


           Covariance Coverage
              WASBLK        DEMAGE        DEMMAL        CANF6M
              ________      ________      ________      ________
 WASBLK         0.443
 DEMAGE         0.443         0.999
 DEMMAL         0.443         0.999         0.999
 CANF6M         0.443         0.999         0.999         1.000


SAMPLE STATISTICS


     ESTIMATED SAMPLE STATISTICS


           Means
              WASBLK        DEMAGE        DEMMAL        CANF6M
              ________      ________      ________      ________
      1        54.851         0.000         0.000         0.000


           Covariances
              WASBLK        DEMAGE        DEMMAL        CANF6M
              ________      ________      ________      ________
 WASBLK        69.056
 DEMAGE        -1.688         6.407
 DEMMAL         0.998        -0.168         0.236
 CANF6M         9.032        -4.322         1.302       138.943


           Correlations
              WASBLK        DEMAGE        DEMMAL        CANF6M
              ________      ________      ________      ________
 WASBLK         1.000
 DEMAGE        -0.080         1.000
 DEMMAL         0.247        -0.137         1.000
 CANF6M         0.092        -0.145         0.227         1.000


     MAXIMUM LOG-LIKELIHOOD VALUE FOR THE UNRESTRICTED (H1) MODEL IS -6663.683


UNIVARIATE SAMPLE STATISTICS


     UNIVARIATE HIGHER-ORDER MOMENT DESCRIPTIVE STATISTICS

         Variable/         Mean/     Skewness/   Minimum/ % with                Percentiles
        Sample Size      Variance    Kurtosis    Maximum  Min/Max      20%/60%    40%/80%    Median

     WASBLK               54.711      -0.718      26.000    0.57%      49.000     53.000     55.000
             350.000      69.142       0.591      71.000    0.29%      58.000     63.000
     DEMAGE                0.000       0.526      -5.353    0.13%      -2.273     -0.883     -0.333
             789.000       6.407      -0.055       7.677    0.13%       0.397      2.037
     DEMMAL                0.000      -0.493      -0.620   38.02%      -0.620      0.380      0.380
             789.000       0.236      -1.757       0.380   61.98%       0.380      0.380
     CANF6M                0.000       1.064      -8.041   46.96%      -8.041     -8.041     -7.791
             790.000     138.943      -0.636      21.959   14.18%      -6.371     16.959


THE MODEL ESTIMATION TERMINATED NORMALLY



MODEL FIT INFORMATION

Number of Free Parameters                       14

Loglikelihood

          H0 Value                       -6663.683
          H0 Scaling Correction Factor      1.0051
            for MLR
          H1 Value                       -6663.683
          H1 Scaling Correction Factor      1.0051
            for MLR

Information Criteria

          Akaike (AIC)                   13355.367
          Bayesian (BIC)                 13420.775
          Sample-Size Adjusted BIC       13376.318
            (n* = (n + 2) / 24)

Chi-Square Test of Model Fit

          Value                              0.000*
          Degrees of Freedom                     0
          P-Value                           0.0000
          Scaling Correction Factor         1.0000
            for MLR

*   The chi-square value for MLM, MLMV, MLR, ULSMV, WLSM and WLSMV cannot be used
    for chi-square difference testing in the regular way.  MLM, MLR and WLSM
    chi-square difference testing is described on the Mplus website.  MLMV, WLSMV,
    and ULSMV difference testing is done using the DIFFTEST option.

RMSEA (Root Mean Square Error Of Approximation)

          Estimate                           0.000
          90 Percent C.I.                    0.000  0.000
          Probability RMSEA <= .05           0.000

CFI/TLI

          CFI                                1.000
          TLI                                1.000

Chi-Square Test of Model Fit for the Baseline Model

          Value                             25.057
          Degrees of Freedom                     3
          P-Value                           0.0000

SRMR (Standardized Root Mean Square Residual)

          Value                              0.000



MODEL RESULTS

                                                    Two-Tailed
                    Estimate       S.E.  Est./S.E.    P-Value

 WASBLK   ON
    CANF6M             0.023      0.033      0.696      0.486
    DEMMAL             4.008      0.938      4.272      0.000
    DEMAGE            -0.143      0.173     -0.829      0.407

 CANF6M   WITH
    DEMMAL             1.301      0.191      6.816      0.000
    DEMAGE            -4.322      0.994     -4.348      0.000

 DEMMAL   WITH
    DEMAGE            -0.168      0.043     -3.889      0.000

 Means
    DEMAGE             0.000      0.097      0.003      0.997
    DEMMAL             0.000      0.018     -0.005      0.996
    CANF6M             0.000      0.452      0.000      1.000

 Intercepts
    WASBLK            54.852      0.491    111.691      0.000

 Variances
    DEMAGE             6.407      0.314     20.385      0.000
    DEMMAL             0.236      0.004     53.563      0.000
    CANF6M           138.942      6.156     22.570      0.000

 Residual Variances
    WASBLK            64.605      6.048     10.682      0.000


STANDARDIZED MODEL RESULTS


STDYX Standardization

                                                    Two-Tailed
                    Estimate       S.E.  Est./S.E.    P-Value

 WASBLK   ON
    CANF6M             0.033      0.047      0.700      0.484
    DEMMAL             0.234      0.051      4.569      0.000
    DEMAGE            -0.044      0.053     -0.830      0.407

 CANF6M   WITH
    DEMMAL             0.227      0.032      7.024      0.000
    DEMAGE            -0.145      0.032     -4.462      0.000

 DEMMAL   WITH
    DEMAGE            -0.137      0.035     -3.924      0.000

 Means
    DEMAGE             0.000      0.038      0.003      0.997
    DEMMAL             0.000      0.038     -0.005      0.996
    CANF6M             0.000      0.038      0.000      1.000

 Intercepts
    WASBLK             6.601      0.351     18.808      0.000

 Variances
    DEMAGE             1.000      0.000    999.000    999.000
    DEMMAL             1.000      0.000    999.000    999.000
    CANF6M             1.000      0.000    999.000    999.000

 Residual Variances
    WASBLK             0.936      0.025     37.058      0.000


R-SQUARE

    Observed                                        Two-Tailed
    Variable        Estimate       S.E.  Est./S.E.    P-Value

    WASBLK             0.064      0.025      2.554      0.011


QUALITY OF NUMERICAL RESULTS

     Condition Number for the Information Matrix              0.496E-03
       (ratio of smallest to largest eigenvalue)


CONFIDENCE INTERVALS OF MODEL RESULTS

                  Lower .5%  Lower 2.5%    Lower 5%    Estimate    Upper 5%  Upper 2.5%   Upper .5%

 WASBLK   ON
    CANF6M          -0.062      -0.042      -0.031       0.023       0.078       0.088       0.108
    DEMMAL           1.591       2.169       2.465       4.008       5.551       5.847       6.425
    DEMAGE          -0.588      -0.482      -0.427      -0.143       0.141       0.195       0.302

 CANF6M   WITH
    DEMMAL           0.810       0.927       0.987       1.301       1.616       1.676       1.793
    DEMAGE          -6.882      -6.270      -5.957      -4.322      -2.687      -2.374      -1.761

 DEMMAL   WITH
    DEMAGE          -0.279      -0.253      -0.239      -0.168      -0.097      -0.083      -0.057

 Means
    DEMAGE          -0.249      -0.189      -0.159       0.000       0.160       0.190       0.250
    DEMMAL          -0.047      -0.036      -0.030       0.000       0.030       0.036       0.047
    CANF6M          -1.165      -0.887      -0.744       0.000       0.744       0.887       1.165

 Intercepts
    WASBLK          53.587      53.890      54.044      54.852      55.660      55.815      56.117

 Variances
    DEMAGE           5.597       5.791       5.890       6.407       6.924       7.023       7.217
    DEMMAL           0.224       0.227       0.228       0.236       0.243       0.244       0.247
    CANF6M         123.085     126.876     128.815     138.942     149.068     151.007     154.798

 Residual Variances
    WASBLK          49.026      52.751      54.656      64.605      74.554      76.459      80.183


CONFIDENCE INTERVALS OF STANDARDIZED MODEL RESULTS


STDYX Standardization

                  Lower .5%  Lower 2.5%    Lower 5%    Estimate    Upper 5%  Upper 2.5%   Upper .5%

 WASBLK   ON
    CANF6M          -0.088      -0.059      -0.044       0.033       0.110       0.124       0.153
    DEMMAL           0.102       0.134       0.150       0.234       0.318       0.335       0.366
    DEMAGE          -0.179      -0.147      -0.130      -0.044       0.043       0.059       0.092

 CANF6M   WITH
    DEMMAL           0.144       0.164       0.174       0.227       0.281       0.291       0.311
    DEMAGE          -0.228      -0.208      -0.198      -0.145      -0.091      -0.081      -0.061

 DEMMAL   WITH
    DEMAGE          -0.226      -0.205      -0.194      -0.137      -0.079      -0.068      -0.047

 Means
    DEMAGE          -0.098      -0.075      -0.063       0.000       0.063       0.075       0.099
    DEMMAL          -0.098      -0.074      -0.062       0.000       0.062       0.074       0.097
    CANF6M          -0.099      -0.075      -0.063       0.000       0.063       0.075       0.099

 Intercepts
    WASBLK           5.697       5.913       6.023       6.601       7.178       7.289       7.505

 Variances
    DEMAGE           1.000       1.000       1.000       1.000       1.000       1.000       1.000
    DEMMAL           1.000       1.000       1.000       1.000       1.000       1.000       1.000
    CANF6M           1.000       1.000       1.000       1.000       1.000       1.000       1.000

 Residual Variances
    WASBLK           0.870       0.886       0.894       0.936       0.977       0.985       1.001


TECHNICAL 1 OUTPUT


     PARAMETER SPECIFICATION


           NU
              WASBLK        DEMAGE        DEMMAL        CANF6M
              ________      ________      ________      ________
      1           0             0             0             0


           LAMBDA
              WASBLK        DEMAGE        DEMMAL        CANF6M
              ________      ________      ________      ________
 WASBLK             0             0             0             0
 DEMAGE             0             0             0             0
 DEMMAL             0             0             0             0
 CANF6M             0             0             0             0


           THETA
              WASBLK        DEMAGE        DEMMAL        CANF6M
              ________      ________      ________      ________
 WASBLK             0
 DEMAGE             0             0
 DEMMAL             0             0             0
 CANF6M             0             0             0             0


           ALPHA
              WASBLK        DEMAGE        DEMMAL        CANF6M
              ________      ________      ________      ________
      1           1             2             3             4


           BETA
              WASBLK        DEMAGE        DEMMAL        CANF6M
              ________      ________      ________      ________
 WASBLK             0             5             6             7
 DEMAGE             0             0             0             0
 DEMMAL             0             0             0             0
 CANF6M             0             0             0             0


           PSI
              WASBLK        DEMAGE        DEMMAL        CANF6M
              ________      ________      ________      ________
 WASBLK             8
 DEMAGE             0             9
 DEMMAL             0            10            11
 CANF6M             0            12            13            14


     STARTING VALUES


           NU
              WASBLK        DEMAGE        DEMMAL        CANF6M
              ________      ________      ________      ________
      1         0.000         0.000         0.000         0.000


           LAMBDA
              WASBLK        DEMAGE        DEMMAL        CANF6M
              ________      ________      ________      ________
 WASBLK         1.000         0.000         0.000         0.000
 DEMAGE         0.000         1.000         0.000         0.000
 DEMMAL         0.000         0.000         1.000         0.000
 CANF6M         0.000         0.000         0.000         1.000


           THETA
              WASBLK        DEMAGE        DEMMAL        CANF6M
              ________      ________      ________      ________
 WASBLK         0.000
 DEMAGE         0.000         0.000
 DEMMAL         0.000         0.000         0.000
 CANF6M         0.000         0.000         0.000         0.000


           ALPHA
              WASBLK        DEMAGE        DEMMAL        CANF6M
              ________      ________      ________      ________
      1        54.711         0.000         0.000         0.000


           BETA
              WASBLK        DEMAGE        DEMMAL        CANF6M
              ________      ________      ________      ________
 WASBLK         0.000         0.000         0.000         0.000
 DEMAGE         0.000         0.000         0.000         0.000
 DEMMAL         0.000         0.000         0.000         0.000
 CANF6M         0.000         0.000         0.000         0.000


           PSI
              WASBLK        DEMAGE        DEMMAL        CANF6M
              ________      ________      ________      ________
 WASBLK        34.571
 DEMAGE         0.000         3.204
 DEMMAL         0.000         0.000         0.118
 CANF6M         0.000         0.000         0.000        69.471


     Beginning Time:  15:52:19
        Ending Time:  15:52:19
       Elapsed Time:  00:00:00



MUTHEN & MUTHEN
3463 Stoner Ave.
Los Angeles, CA  90066

Tel: (310) 391-9971
Fax: (310) 391-8971
Web: www.StatModel.com
Support: Support@StatModel.com

Copyright (c) 1998-2015 Muthen & Muthen
