Mplus VERSION 7.4 (Mac)
MUTHEN & MUTHEN
05/06/2020   3:52 PM

INPUT INSTRUCTIONS


  TITLE: CANFLF_CVLALF_1;

  DATA:
  	FILE = GD190618rr.csv;

  VARIABLE:
  	NAMES =
  			ID_Fam   Wave     ID_MPL
  			DEMMAL   DEMAGE   DEMHSP   DEMRAC
  			SRPWCR
  			WASVCB   WASBLK   WASDGT   WSISUM
  			TRLATS   TRLBTS
  			CVLASF   CVLASC   CVLALF   CVLALC
  			CVLCOM
  			CANEVR   CANONS   CANFLF
  			CANFTY   CANF6M   CANAC6
  			CANYRS
  			ALCEVR   ALCONS   ALCFLF
  			ALCFTY   ALCF6M   ALCAC6
  			ALCYRS
  			SRPWCRDt WASVCBDt WASBLKDt
  			WASDGTDt WSISUMDt TRLATSDt
  			TRLBTSDt CVLASFDt CVLASCDt
  			CVLALFDt CVLALCDt CVLCOMDt
  		;
  	USEVARIABLES =
  		! outcome
    			CVLALF
    		! covariates
    			DEMAGE
    			DEMMAL  		
    		! predictor
    			CANFLF
    		;
    	USEOBSERVATION =
    			(Wave EQ 1 AND CVLALFDt EQ 1)
    		;
    	CLUSTER =
    			ID_Fam
    		;
    	MISSING = .;

  DEFINE:
  	CENTER	CANFLF
  			DEMMAL
  			DEMAGE (GRANDMEAN);

  ANALYSIS:
          ITERATIONS = 1000000;
          TYPE = COMPLEX;

  OUTPUT:
  	SAMPSTAT STDYX TECH1 CINT;

  MODEL:
  	CVLALF on CANFLF;
  	CVLALF on  DEMMAL DEMAGE;	
  	CVLALF*;
  	CANFLF WITH DEMMAL*;
  	CANFLF WITH DEMAGE*;



*** WARNING in VARIABLE command
  When a subpopulation is analyzed with TYPE=COMPLEX, standard errors
  may be incorrect.  Use the SUBPOPULATION option instead of the
  USEOBSERVATIONS option to obtain correct standard errors.
*** WARNING
  Data set contains cases with missing on all variables.
  These cases were not included in the analysis.
  Number of cases with missing on all variables:  1
   2 WARNING(S) FOUND IN THE INPUT INSTRUCTIONS



CANFLF_CVLALF_1;

SUMMARY OF ANALYSIS

Number of groups                                                 1
Number of observations                                         479

Number of dependent variables                                    1
Number of independent variables                                  3
Number of continuous latent variables                            0

Observed dependent variables

  Continuous
   CVLALF

Observed independent variables
   DEMAGE      DEMMAL      CANFLF

Variables with special functions

  Cluster variable      ID_FAM

  Centering (GRANDMEAN)
   CANFLF      DEMMAL      DEMAGE


Estimator                                                      MLR
Information matrix                                        OBSERVED
Maximum number of iterations                               1000000
Convergence criterion                                    0.500D-04
Maximum number of steepest descent iterations                   20
Maximum number of iterations for H1                           2000
Convergence criterion for H1                             0.100D-03

Input data file(s)
  GD190618rr.csv

Input data format  FREE


SUMMARY OF DATA

     Number of missing data patterns             3
     Number of clusters         244



COVARIANCE COVERAGE OF DATA

Minimum covariance coverage value   0.100


     PROPORTION OF DATA PRESENT


           Covariance Coverage
              CVLALF        DEMAGE        DEMMAL        CANFLF
              ________      ________      ________      ________
 CVLALF         1.000
 DEMAGE         0.998         0.998
 DEMMAL         1.000         0.998         1.000
 CANFLF         0.900         0.898         0.900         0.900


SAMPLE STATISTICS


     ESTIMATED SAMPLE STATISTICS


           Means
              CVLALF        DEMAGE        DEMMAL        CANFLF
              ________      ________      ________      ________
      1        -0.401         0.000         0.000         0.044


           Covariances
              CVLALF        DEMAGE        DEMMAL        CANFLF
              ________      ________      ________      ________
 CVLALF         0.928
 DEMAGE        -0.082         4.400
 DEMMAL        -0.059        -0.113         0.247
 CANFLF        -4.267        -6.834         3.131       680.201


           Correlations
              CVLALF        DEMAGE        DEMMAL        CANFLF
              ________      ________      ________      ________
 CVLALF         1.000
 DEMAGE        -0.041         1.000
 DEMMAL        -0.124        -0.108         1.000
 CANFLF        -0.170        -0.125         0.242         1.000


     MAXIMUM LOG-LIKELIHOOD VALUE FOR THE UNRESTRICTED (H1) MODEL IS -4028.459


UNIVARIATE SAMPLE STATISTICS


     UNIVARIATE HIGHER-ORDER MOMENT DESCRIPTIVE STATISTICS

         Variable/         Mean/     Skewness/   Minimum/ % with                Percentiles
        Sample Size      Variance    Kurtosis    Maximum  Min/Max      20%/60%    40%/80%    Median

     CVLALF               -0.401      -0.850      -4.500    0.63%      -1.000     -0.500      0.000
             479.000       0.928       1.543       1.500    2.30%       0.000      0.500
     DEMAGE                0.000       1.057      -3.621    0.21%      -1.741     -0.821     -0.426
             478.000       4.400       0.886       7.269    0.21%       0.059      1.339
     DEMMAL                0.000      -0.223      -0.555   44.47%      -0.555     -0.555      0.445
             479.000       0.247      -1.950       0.445   55.53%       0.445      0.445
     CANFLF                0.000      -0.561     -39.103   13.92%     -35.103     -9.103     20.897
             431.000     681.140      -1.535      20.897   58.93%      20.897     20.897


THE MODEL ESTIMATION TERMINATED NORMALLY

     THE STANDARD ERRORS OF THE MODEL PARAMETER ESTIMATES MAY NOT BE
     TRUSTWORTHY FOR SOME PARAMETERS DUE TO A NON-POSITIVE DEFINITE
     FIRST-ORDER DERIVATIVE PRODUCT MATRIX.  THIS MAY BE DUE TO THE STARTING
     VALUES BUT MAY ALSO BE AN INDICATION OF MODEL NONIDENTIFICATION.  THE
     CONDITION NUMBER IS       0.457D-18.  PROBLEM INVOLVING THE FOLLOWING PARAMETER:
     Parameter 14, CANFLF




MODEL FIT INFORMATION

Number of Free Parameters                       14

Loglikelihood

          H0 Value                       -4028.459
          H0 Scaling Correction Factor      1.0600
            for MLR
          H1 Value                       -4028.459
          H1 Scaling Correction Factor      1.0600
            for MLR

Information Criteria

          Akaike (AIC)                    8084.918
          Bayesian (BIC)                  8143.322
          Sample-Size Adjusted BIC        8098.887
            (n* = (n + 2) / 24)

Chi-Square Test of Model Fit

          Value                              0.000*
          Degrees of Freedom                     0
          P-Value                           0.0000
          Scaling Correction Factor         1.0000
            for MLR

*   The chi-square value for MLM, MLMV, MLR, ULSMV, WLSM and WLSMV cannot be used
    for chi-square difference testing in the regular way.  MLM, MLR and WLSM
    chi-square difference testing is described on the Mplus website.  MLMV, WLSMV,
    and ULSMV difference testing is done using the DIFFTEST option.

RMSEA (Root Mean Square Error Of Approximation)

          Estimate                           0.000
          90 Percent C.I.                    0.000  0.000
          Probability RMSEA <= .05           0.000

CFI/TLI

          CFI                                1.000
          TLI                                1.000

Chi-Square Test of Model Fit for the Baseline Model

          Value                             20.265
          Degrees of Freedom                     3
          P-Value                           0.0001

SRMR (Standardized Root Mean Square Residual)

          Value                              0.000



MODEL RESULTS

                                                    Two-Tailed
                    Estimate       S.E.  Est./S.E.    P-Value

 CVLALF   ON
    CANFLF            -0.006      0.002     -3.251      0.001
    DEMMAL            -0.182      0.087     -2.082      0.037
    DEMAGE            -0.032      0.020     -1.583      0.113

 CANFLF   WITH
    DEMMAL             3.131      0.635      4.931      0.000
    DEMAGE            -6.834      2.748     -2.487      0.013

 DEMMAL   WITH
    DEMAGE            -0.113      0.048     -2.356      0.018

 Means
    DEMAGE             0.000      0.095      0.002      0.998
    DEMMAL             0.000      0.025      0.000      1.000
    CANFLF             0.044      1.371      0.032      0.975

 Intercepts
    CVLALF            -0.401      0.047     -8.496      0.000

 Variances
    DEMAGE             4.400      0.326     13.510      0.000
    DEMMAL             0.247      0.003     87.661      0.000
    CANFLF           680.201     24.108     28.215      0.000

 Residual Variances
    CVLALF             0.890      0.089     10.033      0.000


STANDARDIZED MODEL RESULTS


STDYX Standardization

                                                    Two-Tailed
                    Estimate       S.E.  Est./S.E.    P-Value

 CVLALF   ON
    CANFLF            -0.156      0.046     -3.395      0.001
    DEMMAL            -0.094      0.045     -2.089      0.037
    DEMAGE            -0.070      0.044     -1.611      0.107

 CANFLF   WITH
    DEMMAL             0.242      0.048      5.002      0.000
    DEMAGE            -0.125      0.048     -2.587      0.010

 DEMMAL   WITH
    DEMAGE            -0.108      0.045     -2.391      0.017

 Means
    DEMAGE             0.000      0.045      0.002      0.998
    DEMMAL             0.000      0.051      0.000      1.000
    CANFLF             0.002      0.053      0.032      0.975

 Intercepts
    CVLALF            -0.416      0.043     -9.671      0.000

 Variances
    DEMAGE             1.000      0.000    999.000    999.000
    DEMMAL             1.000      0.000    999.000    999.000
    CANFLF             1.000      0.000    999.000    999.000

 Residual Variances
    CVLALF             0.959      0.018     52.942      0.000


R-SQUARE

    Observed                                        Two-Tailed
    Variable        Estimate       S.E.  Est./S.E.    P-Value

    CVLALF             0.041      0.018      2.262      0.024


QUALITY OF NUMERICAL RESULTS

     Condition Number for the Information Matrix              0.193E-05
       (ratio of smallest to largest eigenvalue)


CONFIDENCE INTERVALS OF MODEL RESULTS

                  Lower .5%  Lower 2.5%    Lower 5%    Estimate    Upper 5%  Upper 2.5%   Upper .5%

 CVLALF   ON
    CANFLF          -0.010      -0.009      -0.009      -0.006      -0.003      -0.002      -0.001
    DEMMAL          -0.406      -0.353      -0.325      -0.182      -0.038      -0.011       0.043
    DEMAGE          -0.085      -0.072      -0.066      -0.032       0.001       0.008       0.020

 CANFLF   WITH
    DEMMAL           1.495       1.886       2.086       3.131       4.175       4.376       4.767
    DEMAGE         -13.914     -12.221     -11.356      -6.834      -2.313      -1.448       0.245

 DEMMAL   WITH
    DEMAGE          -0.236      -0.207      -0.192      -0.113      -0.034      -0.019       0.011

 Means
    DEMAGE          -0.243      -0.185      -0.155       0.000       0.156       0.185       0.244
    DEMMAL          -0.066      -0.050      -0.042       0.000       0.042       0.050       0.066
    CANFLF          -3.489      -2.644      -2.212       0.044       2.300       2.732       3.576

 Intercepts
    CVLALF          -0.522      -0.493      -0.478      -0.401      -0.323      -0.308      -0.279

 Variances
    DEMAGE           3.561       3.761       3.864       4.400       4.935       5.038       5.238
    DEMMAL           0.240       0.241       0.242       0.247       0.252       0.252       0.254
    CANFLF         618.104     632.949     640.543     680.201     719.858     727.452     742.298

 Residual Variances
    CVLALF           0.662       0.716       0.744       0.890       1.036       1.064       1.119


CONFIDENCE INTERVALS OF STANDARDIZED MODEL RESULTS


STDYX Standardization

                  Lower .5%  Lower 2.5%    Lower 5%    Estimate    Upper 5%  Upper 2.5%   Upper .5%

 CVLALF   ON
    CANFLF          -0.274      -0.246      -0.232      -0.156      -0.080      -0.066      -0.038
    DEMMAL          -0.209      -0.182      -0.167      -0.094      -0.020      -0.006       0.022
    DEMAGE          -0.183      -0.156      -0.142      -0.070       0.001       0.015       0.042

 CANFLF   WITH
    DEMMAL           0.117       0.147       0.162       0.242       0.321       0.336       0.366
    DEMAGE          -0.249      -0.220      -0.204      -0.125      -0.045      -0.030      -0.001

 DEMMAL   WITH
    DEMAGE          -0.225      -0.197      -0.183      -0.108      -0.034      -0.020       0.008

 Means
    DEMAGE          -0.116      -0.088      -0.074       0.000       0.074       0.088       0.116
    DEMMAL          -0.132      -0.100      -0.084       0.000       0.084       0.100       0.132
    CANFLF          -0.134      -0.101      -0.085       0.002       0.088       0.105       0.137

 Intercepts
    CVLALF          -0.527      -0.500      -0.487      -0.416      -0.345      -0.332      -0.305

 Variances
    DEMAGE           1.000       1.000       1.000       1.000       1.000       1.000       1.000
    DEMMAL           1.000       1.000       1.000       1.000       1.000       1.000       1.000
    CANFLF           1.000       1.000       1.000       1.000       1.000       1.000       1.000

 Residual Variances
    CVLALF           0.912       0.924       0.929       0.959       0.989       0.995       1.006


TECHNICAL 1 OUTPUT


     PARAMETER SPECIFICATION


           NU
              CVLALF        DEMAGE        DEMMAL        CANFLF
              ________      ________      ________      ________
      1           0             0             0             0


           LAMBDA
              CVLALF        DEMAGE        DEMMAL        CANFLF
              ________      ________      ________      ________
 CVLALF             0             0             0             0
 DEMAGE             0             0             0             0
 DEMMAL             0             0             0             0
 CANFLF             0             0             0             0


           THETA
              CVLALF        DEMAGE        DEMMAL        CANFLF
              ________      ________      ________      ________
 CVLALF             0
 DEMAGE             0             0
 DEMMAL             0             0             0
 CANFLF             0             0             0             0


           ALPHA
              CVLALF        DEMAGE        DEMMAL        CANFLF
              ________      ________      ________      ________
      1           1             2             3             4


           BETA
              CVLALF        DEMAGE        DEMMAL        CANFLF
              ________      ________      ________      ________
 CVLALF             0             5             6             7
 DEMAGE             0             0             0             0
 DEMMAL             0             0             0             0
 CANFLF             0             0             0             0


           PSI
              CVLALF        DEMAGE        DEMMAL        CANFLF
              ________      ________      ________      ________
 CVLALF             8
 DEMAGE             0             9
 DEMMAL             0            10            11
 CANFLF             0            12            13            14


     STARTING VALUES


           NU
              CVLALF        DEMAGE        DEMMAL        CANFLF
              ________      ________      ________      ________
      1         0.000         0.000         0.000         0.000


           LAMBDA
              CVLALF        DEMAGE        DEMMAL        CANFLF
              ________      ________      ________      ________
 CVLALF         1.000         0.000         0.000         0.000
 DEMAGE         0.000         1.000         0.000         0.000
 DEMMAL         0.000         0.000         1.000         0.000
 CANFLF         0.000         0.000         0.000         1.000


           THETA
              CVLALF        DEMAGE        DEMMAL        CANFLF
              ________      ________      ________      ________
 CVLALF         0.000
 DEMAGE         0.000         0.000
 DEMMAL         0.000         0.000         0.000
 CANFLF         0.000         0.000         0.000         0.000


           ALPHA
              CVLALF        DEMAGE        DEMMAL        CANFLF
              ________      ________      ________      ________
      1        -0.401         0.000         0.000         0.000


           BETA
              CVLALF        DEMAGE        DEMMAL        CANFLF
              ________      ________      ________      ________
 CVLALF         0.000         0.000         0.000         0.000
 DEMAGE         0.000         0.000         0.000         0.000
 DEMMAL         0.000         0.000         0.000         0.000
 CANFLF         0.000         0.000         0.000         0.000


           PSI
              CVLALF        DEMAGE        DEMMAL        CANFLF
              ________      ________      ________      ________
 CVLALF         0.464
 DEMAGE         0.000         2.200
 DEMMAL         0.000         0.000         0.123
 CANFLF         0.000         0.000         0.000       340.570


     Beginning Time:  15:52:21
        Ending Time:  15:52:21
       Elapsed Time:  00:00:00



MUTHEN & MUTHEN
3463 Stoner Ave.
Los Angeles, CA  90066

Tel: (310) 391-9971
Fax: (310) 391-8971
Web: www.StatModel.com
Support: Support@StatModel.com

Copyright (c) 1998-2015 Muthen & Muthen
