Mplus VERSION 7.4 (Mac)
MUTHEN & MUTHEN
05/06/2020   3:52 PM

INPUT INSTRUCTIONS


  TITLE: CANF6M_WASDGT_2;

  DATA:
  	FILE = GD190618rr.csv;

  VARIABLE:
  	NAMES =
  			ID_Fam   Wave     ID_MPL
  			DEMMAL   DEMAGE   DEMHSP   DEMRAC
  			SRPWCR
  			WASVCB   WASBLK   WASDGT   WSISUM
  			TRLATS   TRLBTS
  			CVLASF   CVLASC   CVLALF   CVLALC
  			CVLCOM
  			CANEVR   CANONS   CANFLF
  			CANFTY   CANF6M   CANAC6
  			CANYRS
  			ALCEVR   ALCONS   ALCFLF
  			ALCFTY   ALCF6M   ALCAC6
  			ALCYRS
  			SRPWCRDt WASVCBDt WASBLKDt
  			WASDGTDt WSISUMDt TRLATSDt
  			TRLBTSDt CVLASFDt CVLASCDt
  			CVLALFDt CVLALCDt CVLCOMDt
  		;
  	USEVARIABLES =
  		! outcome
    			WASDGT
    		! covariates
    			DEMAGE
    			DEMMAL  		
    		! predictor
    			CANF6M
    		;
    	USEOBSERVATION =
    			(Wave EQ 2 AND WASDGTDt EQ 1)
    		;
    	CLUSTER =
    			ID_Fam
    		;
    	MISSING = .;

  DEFINE:
  	CENTER	CANF6M
  			DEMMAL
  			DEMAGE (GRANDMEAN);

  ANALYSIS:
          ITERATIONS = 1000000;
          TYPE = COMPLEX;

  OUTPUT:
  	SAMPSTAT STDYX TECH1 CINT;

  MODEL:
  	WASDGT on CANF6M;
  	WASDGT on  DEMMAL DEMAGE;	
  	WASDGT*;
  	CANF6M WITH DEMMAL*;
  	CANF6M WITH DEMAGE*;



*** WARNING in VARIABLE command
  When a subpopulation is analyzed with TYPE=COMPLEX, standard errors
  may be incorrect.  Use the SUBPOPULATION option instead of the
  USEOBSERVATIONS option to obtain correct standard errors.
   1 WARNING(S) FOUND IN THE INPUT INSTRUCTIONS



CANF6M_WASDGT_2;

SUMMARY OF ANALYSIS

Number of groups                                                 1
Number of observations                                         416

Number of dependent variables                                    1
Number of independent variables                                  3
Number of continuous latent variables                            0

Observed dependent variables

  Continuous
   WASDGT

Observed independent variables
   DEMAGE      DEMMAL      CANF6M

Variables with special functions

  Cluster variable      ID_FAM

  Centering (GRANDMEAN)
   CANF6M      DEMMAL      DEMAGE


Estimator                                                      MLR
Information matrix                                        OBSERVED
Maximum number of iterations                               1000000
Convergence criterion                                    0.500D-04
Maximum number of steepest descent iterations                   20
Maximum number of iterations for H1                           2000
Convergence criterion for H1                             0.100D-03

Input data file(s)
  GD190618rr.csv

Input data format  FREE


SUMMARY OF DATA

     Number of missing data patterns             3
     Number of clusters         224



COVARIANCE COVERAGE OF DATA

Minimum covariance coverage value   0.100


     PROPORTION OF DATA PRESENT


           Covariance Coverage
              WASDGT        DEMAGE        DEMMAL        CANF6M
              ________      ________      ________      ________
 WASDGT         0.841
 DEMAGE         0.841         0.998
 DEMMAL         0.841         0.998         0.998
 CANF6M         0.841         0.998         0.998         1.000


SAMPLE STATISTICS


     ESTIMATED SAMPLE STATISTICS


           Means
              WASDGT        DEMAGE        DEMMAL        CANF6M
              ________      ________      ________      ________
      1        10.175         0.000         0.000         0.000


           Covariances
              WASDGT        DEMAGE        DEMMAL        CANF6M
              ________      ________      ________      ________
 WASDGT         7.472
 DEMAGE         0.404         6.768
 DEMMAL         0.142        -0.145         0.248
 CANF6M         3.349        -2.210         1.325       136.670


           Correlations
              WASDGT        DEMAGE        DEMMAL        CANF6M
              ________      ________      ________      ________
 WASDGT         1.000
 DEMAGE         0.057         1.000
 DEMMAL         0.105        -0.112         1.000
 CANF6M         0.105        -0.073         0.228         1.000


     MAXIMUM LOG-LIKELIHOOD VALUE FOR THE UNRESTRICTED (H1) MODEL IS -3728.207


UNIVARIATE SAMPLE STATISTICS


     UNIVARIATE HIGHER-ORDER MOMENT DESCRIPTIVE STATISTICS

         Variable/         Mean/     Skewness/   Minimum/ % with                Percentiles
        Sample Size      Variance    Kurtosis    Maximum  Min/Max      20%/60%    40%/80%    Median

     WASDGT               10.174       0.517       3.000    0.29%       8.000      9.000     10.000
             350.000       7.481       0.297      19.000    0.57%      10.000     12.000
     DEMAGE                0.000       0.455      -5.405    0.24%      -2.335     -0.895     -0.185
             415.000       6.768      -0.113       7.625    0.24%       0.385      2.165
     DEMMAL                0.000      -0.199      -0.549   45.06%      -0.549     -0.549      0.451
             415.000       0.248      -1.961       0.451   54.94%       0.451      0.451
     CANF6M                0.000       1.131      -7.797   46.15%      -7.797     -7.797     -7.467
             416.000     136.670      -0.488      22.203   13.22%      -6.127     16.373


THE MODEL ESTIMATION TERMINATED NORMALLY



MODEL FIT INFORMATION

Number of Free Parameters                       14

Loglikelihood

          H0 Value                       -3728.207
          H0 Scaling Correction Factor      0.9946
            for MLR
          H1 Value                       -3728.207
          H1 Scaling Correction Factor      0.9946
            for MLR

Information Criteria

          Akaike (AIC)                    7484.414
          Bayesian (BIC)                  7540.844
          Sample-Size Adjusted BIC        7496.418
            (n* = (n + 2) / 24)

Chi-Square Test of Model Fit

          Value                              0.000*
          Degrees of Freedom                     0
          P-Value                           0.0000
          Scaling Correction Factor         1.0000
            for MLR

*   The chi-square value for MLM, MLMV, MLR, ULSMV, WLSM and WLSMV cannot be used
    for chi-square difference testing in the regular way.  MLM, MLR and WLSM
    chi-square difference testing is described on the Mplus website.  MLMV, WLSMV,
    and ULSMV difference testing is done using the DIFFTEST option.

RMSEA (Root Mean Square Error Of Approximation)

          Estimate                           0.000
          90 Percent C.I.                    0.000  0.000
          Probability RMSEA <= .05           0.000

CFI/TLI

          CFI                                1.000
          TLI                                1.000

Chi-Square Test of Model Fit for the Baseline Model

          Value                              8.590
          Degrees of Freedom                     3
          P-Value                           0.0353

SRMR (Standardized Root Mean Square Residual)

          Value                              0.000



MODEL RESULTS

                                                    Two-Tailed
                    Estimate       S.E.  Est./S.E.    P-Value

 WASDGT   ON
    CANF6M             0.021      0.013      1.602      0.109
    DEMMAL             0.509      0.318      1.601      0.109
    DEMAGE             0.077      0.053      1.467      0.142

 CANF6M   WITH
    DEMMAL             1.325      0.260      5.101      0.000
    DEMAGE            -2.210      1.445     -1.529      0.126

 DEMMAL   WITH
    DEMAGE            -0.145      0.061     -2.376      0.018

 Means
    DEMAGE             0.000      0.139      0.002      0.998
    DEMMAL             0.000      0.027     -0.007      0.995
    CANF6M             0.000      0.623      0.000      1.000

 Intercepts
    WASDGT            10.175      0.172     59.000      0.000

 Variances
    DEMAGE             6.768      0.448     15.093      0.000
    DEMMAL             0.248      0.003     94.160      0.000
    CANF6M           136.670      8.849     15.444      0.000

 Residual Variances
    WASDGT             7.299      0.627     11.641      0.000


STANDARDIZED MODEL RESULTS


STDYX Standardization

                                                    Two-Tailed
                    Estimate       S.E.  Est./S.E.    P-Value

 WASDGT   ON
    CANF6M             0.089      0.055      1.621      0.105
    DEMMAL             0.093      0.058      1.610      0.107
    DEMAGE             0.074      0.049      1.490      0.136

 CANF6M   WITH
    DEMMAL             0.228      0.044      5.203      0.000
    DEMAGE            -0.073      0.047     -1.540      0.123

 DEMMAL   WITH
    DEMAGE            -0.112      0.047     -2.386      0.017

 Means
    DEMAGE             0.000      0.053      0.002      0.998
    DEMMAL             0.000      0.053     -0.007      0.995
    CANF6M             0.000      0.053      0.000      1.000

 Intercepts
    WASDGT             3.722      0.151     24.651      0.000

 Variances
    DEMAGE             1.000      0.000    999.000    999.000
    DEMMAL             1.000      0.000    999.000    999.000
    CANF6M             1.000      0.000    999.000    999.000

 Residual Variances
    WASDGT             0.977      0.016     59.476      0.000


R-SQUARE

    Observed                                        Two-Tailed
    Variable        Estimate       S.E.  Est./S.E.    P-Value

    WASDGT             0.023      0.016      1.413      0.158


QUALITY OF NUMERICAL RESULTS

     Condition Number for the Information Matrix              0.784E-04
       (ratio of smallest to largest eigenvalue)


CONFIDENCE INTERVALS OF MODEL RESULTS

                  Lower .5%  Lower 2.5%    Lower 5%    Estimate    Upper 5%  Upper 2.5%   Upper .5%

 WASDGT   ON
    CANF6M          -0.013      -0.005      -0.001       0.021       0.042       0.046       0.054
    DEMMAL          -0.310      -0.114      -0.014       0.509       1.032       1.132       1.328
    DEMAGE          -0.058      -0.026      -0.009       0.077       0.164       0.181       0.213

 CANF6M   WITH
    DEMMAL           0.656       0.816       0.898       1.325       1.753       1.835       1.994
    DEMAGE          -5.932      -5.042      -4.587      -2.210       0.168       0.623       1.513

 DEMMAL   WITH
    DEMAGE          -0.303      -0.265      -0.246      -0.145      -0.045      -0.025       0.012

 Means
    DEMAGE          -0.357      -0.272      -0.228       0.000       0.229       0.272       0.358
    DEMMAL          -0.069      -0.052      -0.044       0.000       0.044       0.052       0.068
    CANF6M          -1.605      -1.221      -1.025       0.000       1.025       1.221       1.605

 Intercepts
    WASDGT           9.731       9.837       9.891      10.175      10.459      10.513      10.619

 Variances
    DEMAGE           5.613       5.889       6.030       6.768       7.505       7.647       7.923
    DEMMAL           0.241       0.242       0.243       0.248       0.252       0.253       0.254
    CANF6M         113.876     119.325     122.113     136.670     151.227     154.014     159.463

 Residual Variances
    WASDGT           5.684       6.070       6.267       7.299       8.330       8.527       8.913


CONFIDENCE INTERVALS OF STANDARDIZED MODEL RESULTS


STDYX Standardization

                  Lower .5%  Lower 2.5%    Lower 5%    Estimate    Upper 5%  Upper 2.5%   Upper .5%

 WASDGT   ON
    CANF6M          -0.052      -0.019      -0.001       0.089       0.179       0.197       0.231
    DEMMAL          -0.056      -0.020      -0.002       0.093       0.187       0.205       0.241
    DEMAGE          -0.054      -0.023      -0.008       0.074       0.155       0.171       0.201

 CANF6M   WITH
    DEMMAL           0.115       0.142       0.156       0.228       0.300       0.314       0.341
    DEMAGE          -0.194      -0.165      -0.150      -0.073       0.005       0.020       0.049

 DEMMAL   WITH
    DEMAGE          -0.233      -0.204      -0.190      -0.112      -0.035      -0.020       0.009

 Means
    DEMAGE          -0.137      -0.104      -0.088       0.000       0.088       0.105       0.137
    DEMMAL          -0.138      -0.105      -0.088       0.000       0.088       0.104       0.137
    CANF6M          -0.137      -0.104      -0.088       0.000       0.088       0.104       0.137

 Intercepts
    WASDGT           3.333       3.426       3.474       3.722       3.971       4.018       4.111

 Variances
    DEMAGE           1.000       1.000       1.000       1.000       1.000       1.000       1.000
    DEMMAL           1.000       1.000       1.000       1.000       1.000       1.000       1.000
    CANF6M           1.000       1.000       1.000       1.000       1.000       1.000       1.000

 Residual Variances
    WASDGT           0.934       0.945       0.950       0.977       1.004       1.009       1.019


TECHNICAL 1 OUTPUT


     PARAMETER SPECIFICATION


           NU
              WASDGT        DEMAGE        DEMMAL        CANF6M
              ________      ________      ________      ________
      1           0             0             0             0


           LAMBDA
              WASDGT        DEMAGE        DEMMAL        CANF6M
              ________      ________      ________      ________
 WASDGT             0             0             0             0
 DEMAGE             0             0             0             0
 DEMMAL             0             0             0             0
 CANF6M             0             0             0             0


           THETA
              WASDGT        DEMAGE        DEMMAL        CANF6M
              ________      ________      ________      ________
 WASDGT             0
 DEMAGE             0             0
 DEMMAL             0             0             0
 CANF6M             0             0             0             0


           ALPHA
              WASDGT        DEMAGE        DEMMAL        CANF6M
              ________      ________      ________      ________
      1           1             2             3             4


           BETA
              WASDGT        DEMAGE        DEMMAL        CANF6M
              ________      ________      ________      ________
 WASDGT             0             5             6             7
 DEMAGE             0             0             0             0
 DEMMAL             0             0             0             0
 CANF6M             0             0             0             0


           PSI
              WASDGT        DEMAGE        DEMMAL        CANF6M
              ________      ________      ________      ________
 WASDGT             8
 DEMAGE             0             9
 DEMMAL             0            10            11
 CANF6M             0            12            13            14


     STARTING VALUES


           NU
              WASDGT        DEMAGE        DEMMAL        CANF6M
              ________      ________      ________      ________
      1         0.000         0.000         0.000         0.000


           LAMBDA
              WASDGT        DEMAGE        DEMMAL        CANF6M
              ________      ________      ________      ________
 WASDGT         1.000         0.000         0.000         0.000
 DEMAGE         0.000         1.000         0.000         0.000
 DEMMAL         0.000         0.000         1.000         0.000
 CANF6M         0.000         0.000         0.000         1.000


           THETA
              WASDGT        DEMAGE        DEMMAL        CANF6M
              ________      ________      ________      ________
 WASDGT         0.000
 DEMAGE         0.000         0.000
 DEMMAL         0.000         0.000         0.000
 CANF6M         0.000         0.000         0.000         0.000


           ALPHA
              WASDGT        DEMAGE        DEMMAL        CANF6M
              ________      ________      ________      ________
      1        10.174         0.000         0.000         0.000


           BETA
              WASDGT        DEMAGE        DEMMAL        CANF6M
              ________      ________      ________      ________
 WASDGT         0.000         0.000         0.000         0.000
 DEMAGE         0.000         0.000         0.000         0.000
 DEMMAL         0.000         0.000         0.000         0.000
 CANF6M         0.000         0.000         0.000         0.000


           PSI
              WASDGT        DEMAGE        DEMMAL        CANF6M
              ________      ________      ________      ________
 WASDGT         3.741
 DEMAGE         0.000         3.384
 DEMMAL         0.000         0.000         0.124
 CANF6M         0.000         0.000         0.000        68.335


     Beginning Time:  15:52:20
        Ending Time:  15:52:20
       Elapsed Time:  00:00:00



MUTHEN & MUTHEN
3463 Stoner Ave.
Los Angeles, CA  90066

Tel: (310) 391-9971
Fax: (310) 391-8971
Web: www.StatModel.com
Support: Support@StatModel.com

Copyright (c) 1998-2015 Muthen & Muthen
