Mplus VERSION 7.4 (Mac)
MUTHEN & MUTHEN
05/06/2020   3:52 PM

INPUT INSTRUCTIONS


  TITLE: CANF6M_WSISUM_1;

  DATA:
  	FILE = GD190618rr.csv;

  VARIABLE:
  	NAMES =
  			ID_Fam   Wave     ID_MPL
  			DEMMAL   DEMAGE   DEMHSP   DEMRAC
  			SRPWCR
  			WASVCB   WASBLK   WASDGT   WSISUM
  			TRLATS   TRLBTS
  			CVLASF   CVLASC   CVLALF   CVLALC
  			CVLCOM
  			CANEVR   CANONS   CANFLF
  			CANFTY   CANF6M   CANAC6
  			CANYRS
  			ALCEVR   ALCONS   ALCFLF
  			ALCFTY   ALCF6M   ALCAC6
  			ALCYRS
  			SRPWCRDt WASVCBDt WASBLKDt
  			WASDGTDt WSISUMDt TRLATSDt
  			TRLBTSDt CVLASFDt CVLASCDt
  			CVLALFDt CVLALCDt CVLCOMDt
  		;
  	USEVARIABLES =
  		! outcome
    			WSISUM
    		! covariates
    			DEMAGE
    			DEMMAL  		
    		! predictor
    			CANF6M
    		;
    	USEOBSERVATION =
    			(Wave EQ 1 AND WSISUMDt EQ 1)
    		;
    	CLUSTER =
    			ID_Fam
    		;
    	MISSING = .;

  DEFINE:
  	CENTER	CANF6M
  			DEMMAL
  			DEMAGE (GRANDMEAN);

  ANALYSIS:
          ITERATIONS = 1000000;
          TYPE = COMPLEX;

  OUTPUT:
  	SAMPSTAT STDYX TECH1 CINT;

  MODEL:
  	WSISUM on CANF6M;
  	WSISUM on  DEMMAL DEMAGE;	
  	WSISUM*;
  	CANF6M WITH DEMMAL*;
  	CANF6M WITH DEMAGE*;




*** WARNING in VARIABLE command
  When a subpopulation is analyzed with TYPE=COMPLEX, standard errors
  may be incorrect.  Use the SUBPOPULATION option instead of the
  USEOBSERVATIONS option to obtain correct standard errors.
   1 WARNING(S) FOUND IN THE INPUT INSTRUCTIONS



CANF6M_WSISUM_1;

SUMMARY OF ANALYSIS

Number of groups                                                 1
Number of observations                                        1103

Number of dependent variables                                    1
Number of independent variables                                  3
Number of continuous latent variables                            0

Observed dependent variables

  Continuous
   WSISUM

Observed independent variables
   DEMAGE      DEMMAL      CANF6M

Variables with special functions

  Cluster variable      ID_FAM

  Centering (GRANDMEAN)
   CANF6M      DEMMAL      DEMAGE


Estimator                                                      MLR
Information matrix                                        OBSERVED
Maximum number of iterations                               1000000
Convergence criterion                                    0.500D-04
Maximum number of steepest descent iterations                   20
Maximum number of iterations for H1                           2000
Convergence criterion for H1                             0.100D-03

Input data file(s)
  GD190618rr.csv

Input data format  FREE


SUMMARY OF DATA

     Number of missing data patterns             3
     Number of clusters         583



COVARIANCE COVERAGE OF DATA

Minimum covariance coverage value   0.100


     PROPORTION OF DATA PRESENT


           Covariance Coverage
              WSISUM        DEMAGE        DEMMAL        CANF6M
              ________      ________      ________      ________
 WSISUM         1.000
 DEMAGE         0.999         0.999
 DEMMAL         1.000         0.999         1.000
 CANF6M         0.995         0.995         0.995         0.995


SAMPLE STATISTICS


     ESTIMATED SAMPLE STATISTICS


           Means
              WSISUM        DEMAGE        DEMMAL        CANF6M
              ________      ________      ________      ________
      1        93.814         0.001         0.000         0.008


           Covariances
              WSISUM        DEMAGE        DEMMAL        CANF6M
              ________      ________      ________      ________
 WSISUM       235.963
 DEMAGE         0.509         4.795
 DEMMAL         0.697        -0.163         0.231
 CANF6M        10.306        -3.956         1.109       118.103


           Correlations
              WSISUM        DEMAGE        DEMMAL        CANF6M
              ________      ________      ________      ________
 WSISUM         1.000
 DEMAGE         0.015         1.000
 DEMMAL         0.095        -0.155         1.000
 CANF6M         0.062        -0.166         0.212         1.000


     MAXIMUM LOG-LIKELIHOOD VALUE FOR THE UNRESTRICTED (H1) MODEL IS -11883.344


UNIVARIATE SAMPLE STATISTICS


     UNIVARIATE HIGHER-ORDER MOMENT DESCRIPTIVE STATISTICS

         Variable/         Mean/     Skewness/   Minimum/ % with                Percentiles
        Sample Size      Variance    Kurtosis    Maximum  Min/Max      20%/60%    40%/80%    Median

     WSISUM               93.814      -0.261      45.000    0.09%      81.000     91.000     95.000
            1103.000     235.963      -0.187     135.000    0.09%      98.000    107.000
     DEMAGE                0.000       0.975      -3.860    0.09%      -1.780     -0.910     -0.410
            1102.000       4.795       0.694       7.500    0.09%       0.110      1.570
     DEMMAL                0.000      -0.580      -0.639   36.08%      -0.639      0.361      0.361
            1103.000       0.231      -1.664       0.361   63.92%       0.361      0.361
     CANF6M                0.000       0.931      -8.532   32.79%      -8.532     -8.202     -6.862
            1098.000     118.116      -0.718      21.468    7.92%      -3.532     11.468


THE MODEL ESTIMATION TERMINATED NORMALLY

     THE STANDARD ERRORS OF THE MODEL PARAMETER ESTIMATES MAY NOT BE
     TRUSTWORTHY FOR SOME PARAMETERS DUE TO A NON-POSITIVE DEFINITE
     FIRST-ORDER DERIVATIVE PRODUCT MATRIX.  THIS MAY BE DUE TO THE STARTING
     VALUES BUT MAY ALSO BE AN INDICATION OF MODEL NONIDENTIFICATION.  THE
     CONDITION NUMBER IS       0.492D-12.  PROBLEM INVOLVING THE FOLLOWING PARAMETER:
     Parameter 14, CANF6M




MODEL FIT INFORMATION

Number of Free Parameters                       14

Loglikelihood

          H0 Value                      -11883.344
          H0 Scaling Correction Factor      1.0501
            for MLR
          H1 Value                      -11883.344
          H1 Scaling Correction Factor      1.0501
            for MLR

Information Criteria

          Akaike (AIC)                   23794.688
          Bayesian (BIC)                 23864.769
          Sample-Size Adjusted BIC       23820.302
            (n* = (n + 2) / 24)

Chi-Square Test of Model Fit

          Value                              0.000*
          Degrees of Freedom                     0
          P-Value                           0.0000
          Scaling Correction Factor         1.0000
            for MLR

*   The chi-square value for MLM, MLMV, MLR, ULSMV, WLSM and WLSMV cannot be used
    for chi-square difference testing in the regular way.  MLM, MLR and WLSM
    chi-square difference testing is described on the Mplus website.  MLMV, WLSMV,
    and ULSMV difference testing is done using the DIFFTEST option.

RMSEA (Root Mean Square Error Of Approximation)

          Estimate                           0.000
          90 Percent C.I.                    0.000  0.000
          Probability RMSEA <= .05           0.000

CFI/TLI

          CFI                                1.000
          TLI                                1.000

Chi-Square Test of Model Fit for the Baseline Model

          Value                             12.215
          Degrees of Freedom                     3
          P-Value                           0.0067

SRMR (Standardized Root Mean Square Residual)

          Value                              0.000



MODEL RESULTS

                                                    Two-Tailed
                    Estimate       S.E.  Est./S.E.    P-Value

 WSISUM   ON
    CANF6M             0.069      0.043      1.597      0.110
    DEMMAL             2.876      1.083      2.655      0.008
    DEMAGE             0.261      0.231      1.130      0.258

 CANF6M   WITH
    DEMMAL             1.109      0.155      7.170      0.000
    DEMAGE            -3.956      0.649     -6.097      0.000

 DEMMAL   WITH
    DEMAGE            -0.163      0.032     -5.106      0.000

 Means
    DEMAGE             0.001      0.067      0.009      0.992
    DEMMAL             0.000      0.015      0.000      1.000
    CANF6M             0.008      0.354      0.023      0.981

 Intercepts
    WSISUM            93.813      0.575    163.058      0.000

 Variances
    DEMAGE             4.795      0.233     20.606      0.000
    DEMMAL             0.231      0.004     54.018      0.000
    CANF6M           118.099      4.335     27.246      0.000

 Residual Variances
    WSISUM           233.122     10.623     21.945      0.000


STANDARDIZED MODEL RESULTS


STDYX Standardization

                                                    Two-Tailed
                    Estimate       S.E.  Est./S.E.    P-Value

 WSISUM   ON
    CANF6M             0.049      0.031      1.596      0.111
    DEMMAL             0.090      0.034      2.664      0.008
    DEMAGE             0.037      0.033      1.131      0.258

 CANF6M   WITH
    DEMMAL             0.212      0.029      7.253      0.000
    DEMAGE            -0.166      0.027     -6.253      0.000

 DEMMAL   WITH
    DEMAGE            -0.155      0.030     -5.179      0.000

 Means
    DEMAGE             0.000      0.031      0.009      0.992
    DEMMAL             0.000      0.032      0.000      1.000
    CANF6M             0.001      0.033      0.023      0.981

 Intercepts
    WSISUM             6.107      0.151     40.527      0.000

 Variances
    DEMAGE             1.000      0.000    999.000    999.000
    DEMMAL             1.000      0.000    999.000    999.000
    CANF6M             1.000      0.000    999.000    999.000

 Residual Variances
    WSISUM             0.988      0.007    145.282      0.000


R-SQUARE

    Observed                                        Two-Tailed
    Variable        Estimate       S.E.  Est./S.E.    P-Value

    WSISUM             0.012      0.007      1.776      0.076


QUALITY OF NUMERICAL RESULTS

     Condition Number for the Information Matrix              0.180E-03
       (ratio of smallest to largest eigenvalue)


CONFIDENCE INTERVALS OF MODEL RESULTS

                  Lower .5%  Lower 2.5%    Lower 5%    Estimate    Upper 5%  Upper 2.5%   Upper .5%

 WSISUM   ON
    CANF6M          -0.042      -0.016      -0.002       0.069       0.140       0.154       0.180
    DEMMAL           0.086       0.753       1.094       2.876       4.657       4.998       5.665
    DEMAGE          -0.334      -0.192      -0.119       0.261       0.641       0.713       0.855

 CANF6M   WITH
    DEMMAL           0.710       0.806       0.854       1.109       1.363       1.412       1.507
    DEMAGE          -5.628      -5.228      -5.024      -3.956      -2.889      -2.685      -2.285

 DEMMAL   WITH
    DEMAGE          -0.245      -0.226      -0.215      -0.163      -0.110      -0.100      -0.081

 Means
    DEMAGE          -0.171      -0.130      -0.109       0.001       0.111       0.132       0.173
    DEMMAL          -0.040      -0.030      -0.025       0.000       0.025       0.030       0.040
    CANF6M          -0.904      -0.686      -0.574       0.008       0.591       0.703       0.921

 Intercepts
    WSISUM          92.331      92.686      92.867      93.813      94.760      94.941      95.295

 Variances
    DEMAGE           4.196       4.339       4.412       4.795       5.178       5.251       5.394
    DEMMAL           0.220       0.222       0.224       0.231       0.238       0.239       0.242
    CANF6M         106.934     109.603     110.968     118.099     125.229     126.594     129.263

 Residual Variances
    WSISUM         205.758     212.300     215.647     233.122     250.597     253.943     260.485


CONFIDENCE INTERVALS OF STANDARDIZED MODEL RESULTS


STDYX Standardization

                  Lower .5%  Lower 2.5%    Lower 5%    Estimate    Upper 5%  Upper 2.5%   Upper .5%

 WSISUM   ON
    CANF6M          -0.030      -0.011      -0.002       0.049       0.099       0.109       0.128
    DEMMAL           0.003       0.024       0.034       0.090       0.145       0.156       0.177
    DEMAGE          -0.048      -0.027      -0.017       0.037       0.091       0.102       0.122

 CANF6M   WITH
    DEMMAL           0.137       0.155       0.164       0.212       0.261       0.270       0.288
    DEMAGE          -0.235      -0.218      -0.210      -0.166      -0.123      -0.114      -0.098

 DEMMAL   WITH
    DEMAGE          -0.232      -0.214      -0.204      -0.155      -0.106      -0.096      -0.078

 Means
    DEMAGE          -0.078      -0.060      -0.050       0.000       0.050       0.060       0.079
    DEMMAL          -0.082      -0.063      -0.053       0.000       0.053       0.063       0.082
    CANF6M          -0.083      -0.063      -0.053       0.001       0.054       0.065       0.085

 Intercepts
    WSISUM           5.719       5.812       5.859       6.107       6.355       6.402       6.495

 Variances
    DEMAGE           1.000       1.000       1.000       1.000       1.000       1.000       1.000
    DEMMAL           1.000       1.000       1.000       1.000       1.000       1.000       1.000
    CANF6M           1.000       1.000       1.000       1.000       1.000       1.000       1.000

 Residual Variances
    WSISUM           0.970       0.975       0.977       0.988       0.999       1.001       1.005


TECHNICAL 1 OUTPUT


     PARAMETER SPECIFICATION


           NU
              WSISUM        DEMAGE        DEMMAL        CANF6M
              ________      ________      ________      ________
      1           0             0             0             0


           LAMBDA
              WSISUM        DEMAGE        DEMMAL        CANF6M
              ________      ________      ________      ________
 WSISUM             0             0             0             0
 DEMAGE             0             0             0             0
 DEMMAL             0             0             0             0
 CANF6M             0             0             0             0


           THETA
              WSISUM        DEMAGE        DEMMAL        CANF6M
              ________      ________      ________      ________
 WSISUM             0
 DEMAGE             0             0
 DEMMAL             0             0             0
 CANF6M             0             0             0             0


           ALPHA
              WSISUM        DEMAGE        DEMMAL        CANF6M
              ________      ________      ________      ________
      1           1             2             3             4


           BETA
              WSISUM        DEMAGE        DEMMAL        CANF6M
              ________      ________      ________      ________
 WSISUM             0             5             6             7
 DEMAGE             0             0             0             0
 DEMMAL             0             0             0             0
 CANF6M             0             0             0             0


           PSI
              WSISUM        DEMAGE        DEMMAL        CANF6M
              ________      ________      ________      ________
 WSISUM             8
 DEMAGE             0             9
 DEMMAL             0            10            11
 CANF6M             0            12            13            14


     STARTING VALUES


           NU
              WSISUM        DEMAGE        DEMMAL        CANF6M
              ________      ________      ________      ________
      1         0.000         0.000         0.000         0.000


           LAMBDA
              WSISUM        DEMAGE        DEMMAL        CANF6M
              ________      ________      ________      ________
 WSISUM         1.000         0.000         0.000         0.000
 DEMAGE         0.000         1.000         0.000         0.000
 DEMMAL         0.000         0.000         1.000         0.000
 CANF6M         0.000         0.000         0.000         1.000


           THETA
              WSISUM        DEMAGE        DEMMAL        CANF6M
              ________      ________      ________      ________
 WSISUM         0.000
 DEMAGE         0.000         0.000
 DEMMAL         0.000         0.000         0.000
 CANF6M         0.000         0.000         0.000         0.000


           ALPHA
              WSISUM        DEMAGE        DEMMAL        CANF6M
              ________      ________      ________      ________
      1        93.814         0.000         0.000         0.000


           BETA
              WSISUM        DEMAGE        DEMMAL        CANF6M
              ________      ________      ________      ________
 WSISUM         0.000         0.000         0.000         0.000
 DEMAGE         0.000         0.000         0.000         0.000
 DEMMAL         0.000         0.000         0.000         0.000
 CANF6M         0.000         0.000         0.000         0.000


           PSI
              WSISUM        DEMAGE        DEMMAL        CANF6M
              ________      ________      ________      ________
 WSISUM       117.981
 DEMAGE         0.000         2.397
 DEMMAL         0.000         0.000         0.115
 CANF6M         0.000         0.000         0.000        59.058


     Beginning Time:  15:52:20
        Ending Time:  15:52:20
       Elapsed Time:  00:00:00



MUTHEN & MUTHEN
3463 Stoner Ave.
Los Angeles, CA  90066

Tel: (310) 391-9971
Fax: (310) 391-8971
Web: www.StatModel.com
Support: Support@StatModel.com

Copyright (c) 1998-2015 Muthen & Muthen
