Mplus VERSION 7.4 (Mac)
MUTHEN & MUTHEN
05/06/2020   3:52 PM

INPUT INSTRUCTIONS


  TITLE: CANFLF_CVLCOM_1;

  DATA:
  	FILE = GD190618rr.csv;

  VARIABLE:
  	NAMES =
  			ID_Fam   Wave     ID_MPL
  			DEMMAL   DEMAGE   DEMHSP   DEMRAC
  			SRPWCR
  			WASVCB   WASBLK   WASDGT   WSISUM
  			TRLATS   TRLBTS
  			CVLASF   CVLASC   CVLALF   CVLALC
  			CVLCOM
  			CANEVR   CANONS   CANFLF
  			CANFTY   CANF6M   CANAC6
  			CANYRS
  			ALCEVR   ALCONS   ALCFLF
  			ALCFTY   ALCF6M   ALCAC6
  			ALCYRS
  			SRPWCRDt WASVCBDt WASBLKDt
  			WASDGTDt WSISUMDt TRLATSDt
  			TRLBTSDt CVLASFDt CVLASCDt
  			CVLALFDt CVLALCDt CVLCOMDt
  		;
  	USEVARIABLES =
  		! outcome
    			CVLCOM
    		! covariates
    			DEMAGE
    			DEMMAL  		
    		! predictor
    			CANFLF
    		;
    	USEOBSERVATION =
    			(Wave EQ 1 AND CVLCOMDt EQ 1)
    		;
    	CLUSTER =
    			ID_Fam
    		;
    	MISSING = .;

  DEFINE:
  	CENTER	CANFLF
  			DEMMAL
  			DEMAGE (GRANDMEAN);

  ANALYSIS:
          ITERATIONS = 1000000;
          TYPE = COMPLEX;

  OUTPUT:
  	SAMPSTAT STDYX TECH1 CINT;

  MODEL:
  	CVLCOM on CANFLF;
  	CVLCOM on  DEMMAL DEMAGE;	
  	CVLCOM*;
  	CANFLF WITH DEMMAL*;
  	CANFLF WITH DEMAGE*;



*** WARNING in VARIABLE command
  When a subpopulation is analyzed with TYPE=COMPLEX, standard errors
  may be incorrect.  Use the SUBPOPULATION option instead of the
  USEOBSERVATIONS option to obtain correct standard errors.
*** WARNING
  Data set contains cases with missing on all variables.
  These cases were not included in the analysis.
  Number of cases with missing on all variables:  1
   2 WARNING(S) FOUND IN THE INPUT INSTRUCTIONS



CANFLF_CVLCOM_1;

SUMMARY OF ANALYSIS

Number of groups                                                 1
Number of observations                                         479

Number of dependent variables                                    1
Number of independent variables                                  3
Number of continuous latent variables                            0

Observed dependent variables

  Continuous
   CVLCOM

Observed independent variables
   DEMAGE      DEMMAL      CANFLF

Variables with special functions

  Cluster variable      ID_FAM

  Centering (GRANDMEAN)
   CANFLF      DEMMAL      DEMAGE


Estimator                                                      MLR
Information matrix                                        OBSERVED
Maximum number of iterations                               1000000
Convergence criterion                                    0.500D-04
Maximum number of steepest descent iterations                   20
Maximum number of iterations for H1                           2000
Convergence criterion for H1                             0.100D-03

Input data file(s)
  GD190618rr.csv

Input data format  FREE


SUMMARY OF DATA

     Number of missing data patterns             3
     Number of clusters         244



COVARIANCE COVERAGE OF DATA

Minimum covariance coverage value   0.100


     PROPORTION OF DATA PRESENT


           Covariance Coverage
              CVLCOM        DEMAGE        DEMMAL        CANFLF
              ________      ________      ________      ________
 CVLCOM         1.000
 DEMAGE         0.998         0.998
 DEMMAL         1.000         0.998         1.000
 CANFLF         0.900         0.898         0.900         0.900


SAMPLE STATISTICS


     ESTIMATED SAMPLE STATISTICS


           Means
              CVLCOM        DEMAGE        DEMMAL        CANFLF
              ________      ________      ________      ________
      1         0.000         0.000         0.000        -0.001


           Covariances
              CVLCOM        DEMAGE        DEMMAL        CANFLF
              ________      ________      ________      ________
 CVLCOM         0.841
 DEMAGE        -0.064         4.400
 DEMMAL        -0.069        -0.113         0.247
 CANFLF        -3.601        -6.842         3.128       680.080


           Correlations
              CVLCOM        DEMAGE        DEMMAL        CANFLF
              ________      ________      ________      ________
 CVLCOM         1.000
 DEMAGE        -0.033         1.000
 DEMMAL        -0.151        -0.108         1.000
 CANFLF        -0.151        -0.125         0.241         1.000


     MAXIMUM LOG-LIKELIHOOD VALUE FOR THE UNRESTRICTED (H1) MODEL IS -4004.732


UNIVARIATE SAMPLE STATISTICS


     UNIVARIATE HIGHER-ORDER MOMENT DESCRIPTIVE STATISTICS

         Variable/         Mean/     Skewness/   Minimum/ % with                Percentiles
        Sample Size      Variance    Kurtosis    Maximum  Min/Max      20%/60%    40%/80%    Median

     CVLCOM                0.000      -0.881      -4.448    0.42%      -0.584     -0.065      0.065
             479.000       0.841       2.324       1.999    0.63%       0.318      0.708
     DEMAGE                0.000       1.057      -3.621    0.21%      -1.741     -0.821     -0.426
             478.000       4.400       0.886       7.269    0.21%       0.059      1.339
     DEMMAL                0.000      -0.223      -0.555   44.47%      -0.555     -0.555      0.445
             479.000       0.247      -1.950       0.445   55.53%       0.445      0.445
     CANFLF                0.000      -0.561     -39.103   13.92%     -35.103     -9.103     20.897
             431.000     681.140      -1.535      20.897   58.93%      20.897     20.897


THE MODEL ESTIMATION TERMINATED NORMALLY

     THE STANDARD ERRORS OF THE MODEL PARAMETER ESTIMATES MAY NOT BE
     TRUSTWORTHY FOR SOME PARAMETERS DUE TO A NON-POSITIVE DEFINITE
     FIRST-ORDER DERIVATIVE PRODUCT MATRIX.  THIS MAY BE DUE TO THE STARTING
     VALUES BUT MAY ALSO BE AN INDICATION OF MODEL NONIDENTIFICATION.  THE
     CONDITION NUMBER IS       0.623D-19.  PROBLEM INVOLVING THE FOLLOWING PARAMETER:
     Parameter 14, CANFLF




MODEL FIT INFORMATION

Number of Free Parameters                       14

Loglikelihood

          H0 Value                       -4004.732
          H0 Scaling Correction Factor      1.0833
            for MLR
          H1 Value                       -4004.732
          H1 Scaling Correction Factor      1.0833
            for MLR

Information Criteria

          Akaike (AIC)                    8037.464
          Bayesian (BIC)                  8095.868
          Sample-Size Adjusted BIC        8051.434
            (n* = (n + 2) / 24)

Chi-Square Test of Model Fit

          Value                              0.000*
          Degrees of Freedom                     0
          P-Value                           0.0000
          Scaling Correction Factor         1.0000
            for MLR

*   The chi-square value for MLM, MLMV, MLR, ULSMV, WLSM and WLSMV cannot be used
    for chi-square difference testing in the regular way.  MLM, MLR and WLSM
    chi-square difference testing is described on the Mplus website.  MLMV, WLSMV,
    and ULSMV difference testing is done using the DIFFTEST option.

RMSEA (Root Mean Square Error Of Approximation)

          Estimate                           0.000
          90 Percent C.I.                    0.000  0.000
          Probability RMSEA <= .05           0.000

CFI/TLI

          CFI                                1.000
          TLI                                1.000

Chi-Square Test of Model Fit for the Baseline Model

          Value                             20.904
          Degrees of Freedom                     3
          P-Value                           0.0001

SRMR (Standardized Root Mean Square Residual)

          Value                              0.000



MODEL RESULTS

                                                    Two-Tailed
                    Estimate       S.E.  Est./S.E.    P-Value

 CVLCOM   ON
    CANFLF            -0.004      0.002     -2.674      0.007
    DEMMAL            -0.234      0.083     -2.837      0.005
    DEMAGE            -0.028      0.019     -1.455      0.146

 CANFLF   WITH
    DEMMAL             3.128      0.635      4.924      0.000
    DEMAGE            -6.842      2.747     -2.491      0.013

 DEMMAL   WITH
    DEMAGE            -0.113      0.048     -2.356      0.018

 Means
    DEMAGE             0.000      0.095      0.002      0.998
    DEMMAL             0.000      0.025      0.000      1.000
    CANFLF            -0.001      1.375     -0.001      0.999

 Intercepts
    CVLCOM             0.000      0.045      0.003      0.997

 Variances
    DEMAGE             4.400      0.326     13.510      0.000
    DEMMAL             0.247      0.003     87.661      0.000
    CANFLF           680.080     24.085     28.237      0.000

 Residual Variances
    CVLCOM             0.807      0.087      9.297      0.000


STANDARDIZED MODEL RESULTS


STDYX Standardization

                                                    Two-Tailed
                    Estimate       S.E.  Est./S.E.    P-Value

 CVLCOM   ON
    CANFLF            -0.128      0.046     -2.784      0.005
    DEMMAL            -0.127      0.044     -2.857      0.004
    DEMAGE            -0.063      0.043     -1.473      0.141

 CANFLF   WITH
    DEMMAL             0.241      0.048      4.995      0.000
    DEMAGE            -0.125      0.048     -2.591      0.010

 DEMMAL   WITH
    DEMAGE            -0.108      0.045     -2.391      0.017

 Means
    DEMAGE             0.000      0.045      0.002      0.998
    DEMMAL             0.000      0.051      0.000      1.000
    CANFLF             0.000      0.053     -0.001      0.999

 Intercepts
    CVLCOM             0.000      0.049      0.003      0.997

 Variances
    DEMAGE             1.000      0.000    999.000    999.000
    DEMMAL             1.000      0.000    999.000    999.000
    CANFLF             1.000      0.000    999.000    999.000

 Residual Variances
    CVLCOM             0.959      0.017     55.742      0.000


R-SQUARE

    Observed                                        Two-Tailed
    Variable        Estimate       S.E.  Est./S.E.    P-Value

    CVLCOM             0.041      0.017      2.355      0.019


QUALITY OF NUMERICAL RESULTS

     Condition Number for the Information Matrix              0.174E-05
       (ratio of smallest to largest eigenvalue)


CONFIDENCE INTERVALS OF MODEL RESULTS

                  Lower .5%  Lower 2.5%    Lower 5%    Estimate    Upper 5%  Upper 2.5%   Upper .5%

 CVLCOM   ON
    CANFLF          -0.009      -0.008      -0.007      -0.004      -0.002      -0.001       0.000
    DEMMAL          -0.447      -0.396      -0.370      -0.234      -0.098      -0.072      -0.022
    DEMAGE          -0.077      -0.065      -0.059      -0.028       0.004       0.010       0.021

 CANFLF   WITH
    DEMMAL           1.492       1.883       2.083       3.128       4.173       4.373       4.764
    DEMAGE         -13.917     -12.226     -11.361      -6.842      -2.324      -1.459       0.233

 DEMMAL   WITH
    DEMAGE          -0.236      -0.207      -0.192      -0.113      -0.034      -0.019       0.011

 Means
    DEMAGE          -0.243      -0.185      -0.155       0.000       0.156       0.185       0.244
    DEMMAL          -0.066      -0.050      -0.042       0.000       0.042       0.050       0.066
    CANFLF          -3.544      -2.697      -2.264      -0.001       2.262       2.695       3.542

 Intercepts
    CVLCOM          -0.116      -0.088      -0.074       0.000       0.074       0.088       0.116

 Variances
    DEMAGE           3.561       3.761       3.864       4.400       4.935       5.038       5.238
    DEMMAL           0.240       0.241       0.242       0.247       0.252       0.252       0.254
    CANFLF         618.042     632.874     640.461     680.080     719.700     727.286     742.118

 Residual Variances
    CVLCOM           0.583       0.637       0.664       0.807       0.950       0.977       1.030


CONFIDENCE INTERVALS OF STANDARDIZED MODEL RESULTS


STDYX Standardization

                  Lower .5%  Lower 2.5%    Lower 5%    Estimate    Upper 5%  Upper 2.5%   Upper .5%

 CVLCOM   ON
    CANFLF          -0.246      -0.218      -0.203      -0.128      -0.052      -0.038      -0.010
    DEMMAL          -0.241      -0.214      -0.200      -0.127      -0.054      -0.040      -0.013
    DEMAGE          -0.174      -0.147      -0.134      -0.063       0.007       0.021       0.047

 CANFLF   WITH
    DEMMAL           0.117       0.147       0.162       0.241       0.321       0.336       0.366
    DEMAGE          -0.249      -0.220      -0.205      -0.125      -0.046      -0.030      -0.001

 DEMMAL   WITH
    DEMAGE          -0.225      -0.197      -0.183      -0.108      -0.034      -0.020       0.008

 Means
    DEMAGE          -0.116      -0.088      -0.074       0.000       0.074       0.088       0.116
    DEMMAL          -0.132      -0.100      -0.084       0.000       0.084       0.100       0.132
    CANFLF          -0.136      -0.103      -0.087       0.000       0.087       0.103       0.136

 Intercepts
    CVLCOM          -0.126      -0.096      -0.080       0.000       0.081       0.096       0.126

 Variances
    DEMAGE           1.000       1.000       1.000       1.000       1.000       1.000       1.000
    DEMMAL           1.000       1.000       1.000       1.000       1.000       1.000       1.000
    CANFLF           1.000       1.000       1.000       1.000       1.000       1.000       1.000

 Residual Variances
    CVLCOM           0.915       0.926       0.931       0.959       0.988       0.993       1.004


TECHNICAL 1 OUTPUT


     PARAMETER SPECIFICATION


           NU
              CVLCOM        DEMAGE        DEMMAL        CANFLF
              ________      ________      ________      ________
      1           0             0             0             0


           LAMBDA
              CVLCOM        DEMAGE        DEMMAL        CANFLF
              ________      ________      ________      ________
 CVLCOM             0             0             0             0
 DEMAGE             0             0             0             0
 DEMMAL             0             0             0             0
 CANFLF             0             0             0             0


           THETA
              CVLCOM        DEMAGE        DEMMAL        CANFLF
              ________      ________      ________      ________
 CVLCOM             0
 DEMAGE             0             0
 DEMMAL             0             0             0
 CANFLF             0             0             0             0


           ALPHA
              CVLCOM        DEMAGE        DEMMAL        CANFLF
              ________      ________      ________      ________
      1           1             2             3             4


           BETA
              CVLCOM        DEMAGE        DEMMAL        CANFLF
              ________      ________      ________      ________
 CVLCOM             0             5             6             7
 DEMAGE             0             0             0             0
 DEMMAL             0             0             0             0
 CANFLF             0             0             0             0


           PSI
              CVLCOM        DEMAGE        DEMMAL        CANFLF
              ________      ________      ________      ________
 CVLCOM             8
 DEMAGE             0             9
 DEMMAL             0            10            11
 CANFLF             0            12            13            14


     STARTING VALUES


           NU
              CVLCOM        DEMAGE        DEMMAL        CANFLF
              ________      ________      ________      ________
      1         0.000         0.000         0.000         0.000


           LAMBDA
              CVLCOM        DEMAGE        DEMMAL        CANFLF
              ________      ________      ________      ________
 CVLCOM         1.000         0.000         0.000         0.000
 DEMAGE         0.000         1.000         0.000         0.000
 DEMMAL         0.000         0.000         1.000         0.000
 CANFLF         0.000         0.000         0.000         1.000


           THETA
              CVLCOM        DEMAGE        DEMMAL        CANFLF
              ________      ________      ________      ________
 CVLCOM         0.000
 DEMAGE         0.000         0.000
 DEMMAL         0.000         0.000         0.000
 CANFLF         0.000         0.000         0.000         0.000


           ALPHA
              CVLCOM        DEMAGE        DEMMAL        CANFLF
              ________      ________      ________      ________
      1         0.000         0.000         0.000         0.000


           BETA
              CVLCOM        DEMAGE        DEMMAL        CANFLF
              ________      ________      ________      ________
 CVLCOM         0.000         0.000         0.000         0.000
 DEMAGE         0.000         0.000         0.000         0.000
 DEMMAL         0.000         0.000         0.000         0.000
 CANFLF         0.000         0.000         0.000         0.000


           PSI
              CVLCOM        DEMAGE        DEMMAL        CANFLF
              ________      ________      ________      ________
 CVLCOM         0.420
 DEMAGE         0.000         2.200
 DEMMAL         0.000         0.000         0.123
 CANFLF         0.000         0.000         0.000       340.570


     Beginning Time:  15:52:21
        Ending Time:  15:52:22
       Elapsed Time:  00:00:01



MUTHEN & MUTHEN
3463 Stoner Ave.
Los Angeles, CA  90066

Tel: (310) 391-9971
Fax: (310) 391-8971
Web: www.StatModel.com
Support: Support@StatModel.com

Copyright (c) 1998-2015 Muthen & Muthen
