Mplus VERSION 7.4 (Mac)
MUTHEN & MUTHEN
05/06/2020   3:52 PM

INPUT INSTRUCTIONS


  TITLE: CANF6M_TRLBTS_2;

  DATA:
  	FILE = GD190618rr.csv;

  VARIABLE:
  	NAMES =
  			ID_Fam   Wave     ID_MPL
  			DEMMAL   DEMAGE   DEMHSP   DEMRAC
  			SRPWCR
  			WASVCB   WASBLK   WASDGT   WSISUM
  			TRLATS   TRLBTS
  			CVLASF   CVLASC   CVLALF   CVLALC
  			CVLCOM
  			CANEVR   CANONS   CANFLF
  			CANFTY   CANF6M   CANAC6
  			CANYRS
  			ALCEVR   ALCONS   ALCFLF
  			ALCFTY   ALCF6M   ALCAC6
  			ALCYRS
  			SRPWCRDt WASVCBDt WASBLKDt
  			WASDGTDt WSISUMDt TRLATSDt
  			TRLBTSDt CVLASFDt CVLASCDt
  			CVLALFDt CVLALCDt CVLCOMDt
  		;
  	USEVARIABLES =
  		! outcome
    			TRLBTS
    		! covariates
    			DEMAGE
    			DEMMAL  		
    		! predictor
    			CANF6M
    		;
    	USEOBSERVATION =
    			(Wave EQ 2 AND TRLBTSDt EQ 1)
    		;
    	CLUSTER =
    			ID_Fam
    		;
    	MISSING = .;

  DEFINE:
  	CENTER	CANF6M
  			DEMMAL
  			DEMAGE (GRANDMEAN);

  ANALYSIS:
          ITERATIONS = 1000000;
          TYPE = COMPLEX;

  OUTPUT:
  	SAMPSTAT STDYX TECH1 CINT;

  MODEL:
  	TRLBTS on CANF6M;
  	TRLBTS on  DEMMAL DEMAGE;	
  	TRLBTS*;
  	CANF6M WITH DEMMAL*;
  	CANF6M WITH DEMAGE*;



*** WARNING in VARIABLE command
  When a subpopulation is analyzed with TYPE=COMPLEX, standard errors
  may be incorrect.  Use the SUBPOPULATION option instead of the
  USEOBSERVATIONS option to obtain correct standard errors.
   1 WARNING(S) FOUND IN THE INPUT INSTRUCTIONS



CANF6M_TRLBTS_2;

SUMMARY OF ANALYSIS

Number of groups                                                 1
Number of observations                                         867

Number of dependent variables                                    1
Number of independent variables                                  3
Number of continuous latent variables                            0

Observed dependent variables

  Continuous
   TRLBTS

Observed independent variables
   DEMAGE      DEMMAL      CANF6M

Variables with special functions

  Cluster variable      ID_FAM

  Centering (GRANDMEAN)
   CANF6M      DEMMAL      DEMAGE


Estimator                                                      MLR
Information matrix                                        OBSERVED
Maximum number of iterations                               1000000
Convergence criterion                                    0.500D-04
Maximum number of steepest descent iterations                   20
Maximum number of iterations for H1                           2000
Convergence criterion for H1                             0.100D-03

Input data file(s)
  GD190618rr.csv

Input data format  FREE


SUMMARY OF DATA

     Number of missing data patterns             3
     Number of clusters         474



COVARIANCE COVERAGE OF DATA

Minimum covariance coverage value   0.100


     PROPORTION OF DATA PRESENT


           Covariance Coverage
              TRLBTS        DEMAGE        DEMMAL        CANF6M
              ________      ________      ________      ________
 TRLBTS         0.909
 DEMAGE         0.909         0.999
 DEMMAL         0.909         0.999         0.999
 CANF6M         0.909         0.999         0.999         1.000


SAMPLE STATISTICS


     ESTIMATED SAMPLE STATISTICS


           Means
              TRLBTS        DEMAGE        DEMMAL        CANF6M
              ________      ________      ________      ________
      1        48.828         0.000         0.000         0.000


           Covariances
              TRLBTS        DEMAGE        DEMMAL        CANF6M
              ________      ________      ________      ________
 TRLBTS       110.753
 DEMAGE         0.313         7.041
 DEMMAL        -0.083        -0.120         0.235
 CANF6M         5.270        -4.393         1.206       139.036


           Correlations
              TRLBTS        DEMAGE        DEMMAL        CANF6M
              ________      ________      ________      ________
 TRLBTS         1.000
 DEMAGE         0.011         1.000
 DEMMAL        -0.016        -0.094         1.000
 CANF6M         0.042        -0.140         0.211         1.000


     MAXIMUM LOG-LIKELIHOOD VALUE FOR THE UNRESTRICTED (H1) MODEL IS -8986.557


UNIVARIATE SAMPLE STATISTICS


     UNIVARIATE HIGHER-ORDER MOMENT DESCRIPTIVE STATISTICS

         Variable/         Mean/     Skewness/   Minimum/ % with                Percentiles
        Sample Size      Variance    Kurtosis    Maximum  Min/Max      20%/60%    40%/80%    Median

     TRLBTS               48.821      -0.178       1.000    0.13%      40.000     46.000     48.000
             788.000     110.756       0.647      78.000    0.25%      52.000     57.000
     DEMAGE                0.000       0.540      -5.262    0.12%      -2.292     -0.952     -0.322
             866.000       7.041       0.019       9.758    0.12%       0.418      2.178
     DEMMAL                0.000      -0.505      -0.622   37.76%      -0.622      0.378      0.378
             866.000       0.235      -1.745       0.378   62.24%       0.378      0.378
     CANF6M                0.000       1.050      -8.104   46.48%      -8.104     -8.104     -7.774
             867.000     139.036      -0.666      21.896   13.84%      -6.434     16.896


THE MODEL ESTIMATION TERMINATED NORMALLY



MODEL FIT INFORMATION

Number of Free Parameters                       14

Loglikelihood

          H0 Value                       -8986.557
          H0 Scaling Correction Factor      0.9978
            for MLR
          H1 Value                       -8986.557
          H1 Scaling Correction Factor      0.9978
            for MLR

Information Criteria

          Akaike (AIC)                   18001.115
          Bayesian (BIC)                 18067.825
          Sample-Size Adjusted BIC       18023.365
            (n* = (n + 2) / 24)

Chi-Square Test of Model Fit

          Value                              0.000*
          Degrees of Freedom                     0
          P-Value                           0.0000
          Scaling Correction Factor         1.0000
            for MLR

*   The chi-square value for MLM, MLMV, MLR, ULSMV, WLSM and WLSMV cannot be used
    for chi-square difference testing in the regular way.  MLM, MLR and WLSM
    chi-square difference testing is described on the Mplus website.  MLMV, WLSMV,
    and ULSMV difference testing is done using the DIFFTEST option.

RMSEA (Root Mean Square Error Of Approximation)

          Estimate                           0.000
          90 Percent C.I.                    0.000  0.000
          Probability RMSEA <= .05           0.000

CFI/TLI

          CFI                                0.000
          TLI                                1.000

Chi-Square Test of Model Fit for the Baseline Model

          Value                              2.122
          Degrees of Freedom                     3
          P-Value                           0.5476

SRMR (Standardized Root Mean Square Residual)

          Value                              0.000



MODEL RESULTS

                                                    Two-Tailed
                    Estimate       S.E.  Est./S.E.    P-Value

 TRLBTS   ON
    CANF6M             0.045      0.033      1.361      0.174
    DEMMAL            -0.551      0.803     -0.686      0.493
    DEMAGE             0.063      0.146      0.431      0.667

 CANF6M   WITH
    DEMMAL             1.206      0.184      6.566      0.000
    DEMAGE            -4.393      0.999     -4.396      0.000

 DEMMAL   WITH
    DEMAGE            -0.120      0.044     -2.735      0.006

 Means
    DEMAGE             0.000      0.100      0.003      0.998
    DEMMAL             0.000      0.017     -0.005      0.996
    CANF6M             0.000      0.438      0.000      1.000

 Intercepts
    TRLBTS            48.828      0.404    120.745      0.000

 Variances
    DEMAGE             7.041      0.331     21.244      0.000
    DEMMAL             0.235      0.004     55.287      0.000
    CANF6M           139.036      5.844     23.792      0.000

 Residual Variances
    TRLBTS           110.452      6.566     16.821      0.000


STANDARDIZED MODEL RESULTS


STDYX Standardization

                                                    Two-Tailed
                    Estimate       S.E.  Est./S.E.    P-Value

 TRLBTS   ON
    CANF6M             0.050      0.037      1.369      0.171
    DEMMAL            -0.025      0.037     -0.686      0.493
    DEMAGE             0.016      0.037      0.431      0.666

 CANF6M   WITH
    DEMMAL             0.211      0.031      6.746      0.000
    DEMAGE            -0.140      0.031     -4.528      0.000

 DEMMAL   WITH
    DEMAGE            -0.094      0.034     -2.739      0.006

 Means
    DEMAGE             0.000      0.038      0.003      0.998
    DEMMAL             0.000      0.036     -0.005      0.996
    CANF6M             0.000      0.037      0.000      1.000

 Intercepts
    TRLBTS             4.640      0.148     31.418      0.000

 Variances
    DEMAGE             1.000      0.000    999.000    999.000
    DEMMAL             1.000      0.000    999.000    999.000
    CANF6M             1.000      0.000    999.000    999.000

 Residual Variances
    TRLBTS             0.997      0.004    265.368      0.000


R-SQUARE

    Observed                                        Two-Tailed
    Variable        Estimate       S.E.  Est./S.E.    P-Value

    TRLBTS             0.003      0.004      0.723      0.470


QUALITY OF NUMERICAL RESULTS

     Condition Number for the Information Matrix              0.183E-03
       (ratio of smallest to largest eigenvalue)


CONFIDENCE INTERVALS OF MODEL RESULTS

                  Lower .5%  Lower 2.5%    Lower 5%    Estimate    Upper 5%  Upper 2.5%   Upper .5%

 TRLBTS   ON
    CANF6M          -0.040      -0.020      -0.009       0.045       0.099       0.109       0.129
    DEMMAL          -2.619      -2.125      -1.872      -0.551       0.770       1.023       1.518
    DEMAGE          -0.313      -0.223      -0.177       0.063       0.303       0.349       0.439

 CANF6M   WITH
    DEMMAL           0.733       0.846       0.904       1.206       1.509       1.567       1.680
    DEMAGE          -6.966      -6.351      -6.036      -4.393      -2.749      -2.434      -1.819

 DEMMAL   WITH
    DEMAGE          -0.234      -0.207      -0.193      -0.120      -0.048      -0.034      -0.007

 Means
    DEMAGE          -0.257      -0.195      -0.164       0.000       0.164       0.196       0.257
    DEMMAL          -0.045      -0.034      -0.029       0.000       0.028       0.034       0.045
    CANF6M          -1.128      -0.859      -0.721       0.000       0.721       0.859       1.128

 Intercepts
    TRLBTS          47.786      48.035      48.163      48.828      49.493      49.620      49.869

 Variances
    DEMAGE           6.187       6.391       6.495       7.041       7.586       7.690       7.894
    DEMMAL           0.224       0.227       0.228       0.235       0.242       0.243       0.246
    CANF6M         123.984     127.582     129.423     139.036     148.649     150.490     154.088

 Residual Variances
    TRLBTS          93.538      97.582      99.650     110.452     121.254     123.322     127.366


CONFIDENCE INTERVALS OF STANDARDIZED MODEL RESULTS


STDYX Standardization

                  Lower .5%  Lower 2.5%    Lower 5%    Estimate    Upper 5%  Upper 2.5%   Upper .5%

 TRLBTS   ON
    CANF6M          -0.044      -0.022      -0.010       0.050       0.110       0.122       0.144
    DEMMAL          -0.121      -0.098      -0.086      -0.025       0.035       0.047       0.070
    DEMAGE          -0.079      -0.056      -0.045       0.016       0.076       0.088       0.111

 CANF6M   WITH
    DEMMAL           0.130       0.150       0.160       0.211       0.263       0.272       0.292
    DEMAGE          -0.220      -0.201      -0.191      -0.140      -0.089      -0.080      -0.061

 DEMMAL   WITH
    DEMAGE          -0.182      -0.161      -0.150      -0.094      -0.037      -0.027      -0.006

 Means
    DEMAGE          -0.097      -0.074      -0.062       0.000       0.062       0.074       0.097
    DEMMAL          -0.092      -0.070      -0.059       0.000       0.059       0.070       0.092
    CANF6M          -0.096      -0.073      -0.061       0.000       0.061       0.073       0.096

 Intercepts
    TRLBTS           4.259       4.350       4.397       4.640       4.883       4.929       5.020

 Variances
    DEMAGE           1.000       1.000       1.000       1.000       1.000       1.000       1.000
    DEMMAL           1.000       1.000       1.000       1.000       1.000       1.000       1.000
    CANF6M           1.000       1.000       1.000       1.000       1.000       1.000       1.000

 Residual Variances
    TRLBTS           0.988       0.990       0.991       0.997       1.003       1.005       1.007


TECHNICAL 1 OUTPUT


     PARAMETER SPECIFICATION


           NU
              TRLBTS        DEMAGE        DEMMAL        CANF6M
              ________      ________      ________      ________
      1           0             0             0             0


           LAMBDA
              TRLBTS        DEMAGE        DEMMAL        CANF6M
              ________      ________      ________      ________
 TRLBTS             0             0             0             0
 DEMAGE             0             0             0             0
 DEMMAL             0             0             0             0
 CANF6M             0             0             0             0


           THETA
              TRLBTS        DEMAGE        DEMMAL        CANF6M
              ________      ________      ________      ________
 TRLBTS             0
 DEMAGE             0             0
 DEMMAL             0             0             0
 CANF6M             0             0             0             0


           ALPHA
              TRLBTS        DEMAGE        DEMMAL        CANF6M
              ________      ________      ________      ________
      1           1             2             3             4


           BETA
              TRLBTS        DEMAGE        DEMMAL        CANF6M
              ________      ________      ________      ________
 TRLBTS             0             5             6             7
 DEMAGE             0             0             0             0
 DEMMAL             0             0             0             0
 CANF6M             0             0             0             0


           PSI
              TRLBTS        DEMAGE        DEMMAL        CANF6M
              ________      ________      ________      ________
 TRLBTS             8
 DEMAGE             0             9
 DEMMAL             0            10            11
 CANF6M             0            12            13            14


     STARTING VALUES


           NU
              TRLBTS        DEMAGE        DEMMAL        CANF6M
              ________      ________      ________      ________
      1         0.000         0.000         0.000         0.000


           LAMBDA
              TRLBTS        DEMAGE        DEMMAL        CANF6M
              ________      ________      ________      ________
 TRLBTS         1.000         0.000         0.000         0.000
 DEMAGE         0.000         1.000         0.000         0.000
 DEMMAL         0.000         0.000         1.000         0.000
 CANF6M         0.000         0.000         0.000         1.000


           THETA
              TRLBTS        DEMAGE        DEMMAL        CANF6M
              ________      ________      ________      ________
 TRLBTS         0.000
 DEMAGE         0.000         0.000
 DEMMAL         0.000         0.000         0.000
 CANF6M         0.000         0.000         0.000         0.000


           ALPHA
              TRLBTS        DEMAGE        DEMMAL        CANF6M
              ________      ________      ________      ________
      1        48.821         0.000         0.000         0.000


           BETA
              TRLBTS        DEMAGE        DEMMAL        CANF6M
              ________      ________      ________      ________
 TRLBTS         0.000         0.000         0.000         0.000
 DEMAGE         0.000         0.000         0.000         0.000
 DEMMAL         0.000         0.000         0.000         0.000
 CANF6M         0.000         0.000         0.000         0.000


           PSI
              TRLBTS        DEMAGE        DEMMAL        CANF6M
              ________      ________      ________      ________
 TRLBTS        55.378
 DEMAGE         0.000         3.520
 DEMMAL         0.000         0.000         0.118
 CANF6M         0.000         0.000         0.000        69.518


     Beginning Time:  15:52:18
        Ending Time:  15:52:18
       Elapsed Time:  00:00:00



MUTHEN & MUTHEN
3463 Stoner Ave.
Los Angeles, CA  90066

Tel: (310) 391-9971
Fax: (310) 391-8971
Web: www.StatModel.com
Support: Support@StatModel.com

Copyright (c) 1998-2015 Muthen & Muthen
