Mplus VERSION 7.4 (Mac)
MUTHEN & MUTHEN
05/06/2020   3:52 PM

INPUT INSTRUCTIONS


  TITLE: CANF6M_SRPWCR_2;

  DATA:
  	FILE = GD190618rr.csv;

  VARIABLE:
  	NAMES =
  			ID_Fam   Wave     ID_MPL
  			DEMMAL   DEMAGE   DEMHSP   DEMRAC
  			SRPWCR
  			WASVCB   WASBLK   WASDGT   WSISUM
  			TRLATS   TRLBTS
  			CVLASF   CVLASC   CVLALF   CVLALC
  			CVLCOM
  			CANEVR   CANONS   CANFLF
  			CANFTY   CANF6M   CANAC6
  			CANYRS
  			ALCEVR   ALCONS   ALCFLF
  			ALCFTY   ALCF6M   ALCAC6
  			ALCYRS
  			SRPWCRDt WASVCBDt WASBLKDt
  			WASDGTDt WSISUMDt TRLATSDt
  			TRLBTSDt CVLASFDt CVLASCDt
  			CVLALFDt CVLALCDt CVLCOMDt
  		;
  	USEVARIABLES =
  		! outcome
    			SRPWCR
    		! covariates
    			DEMAGE
    			DEMMAL  		
    		! predictor
    			CANF6M
    		;
    	USEOBSERVATION =
    			(Wave EQ 2 AND SRPWCRDt EQ 1)
    		;
    	CLUSTER =
    			ID_Fam
    		;
    	MISSING = .;

  DEFINE:
  	CENTER	CANF6M
  			DEMMAL
  			DEMAGE (GRANDMEAN);

  ANALYSIS:
          ITERATIONS = 1000000;
          TYPE = COMPLEX;

  OUTPUT:
  	SAMPSTAT STDYX TECH1 CINT;

  MODEL:
  	SRPWCR on CANF6M;
  	SRPWCR on  DEMMAL DEMAGE;	
  	SRPWCR*;
  	CANF6M WITH DEMMAL*;
  	CANF6M WITH DEMAGE*;



*** WARNING in VARIABLE command
  When a subpopulation is analyzed with TYPE=COMPLEX, standard errors
  may be incorrect.  Use the SUBPOPULATION option instead of the
  USEOBSERVATIONS option to obtain correct standard errors.
   1 WARNING(S) FOUND IN THE INPUT INSTRUCTIONS



CANF6M_SRPWCR_2;

SUMMARY OF ANALYSIS

Number of groups                                                 1
Number of observations                                         874

Number of dependent variables                                    1
Number of independent variables                                  3
Number of continuous latent variables                            0

Observed dependent variables

  Continuous
   SRPWCR

Observed independent variables
   DEMAGE      DEMMAL      CANF6M

Variables with special functions

  Cluster variable      ID_FAM

  Centering (GRANDMEAN)
   CANF6M      DEMMAL      DEMAGE


Estimator                                                      MLR
Information matrix                                        OBSERVED
Maximum number of iterations                               1000000
Convergence criterion                                    0.500D-04
Maximum number of steepest descent iterations                   20
Maximum number of iterations for H1                           2000
Convergence criterion for H1                             0.100D-03

Input data file(s)
  GD190618rr.csv

Input data format  FREE


SUMMARY OF DATA

     Number of missing data patterns             3
     Number of clusters         474



COVARIANCE COVERAGE OF DATA

Minimum covariance coverage value   0.100


     PROPORTION OF DATA PRESENT


           Covariance Coverage
              SRPWCR        DEMAGE        DEMMAL        CANF6M
              ________      ________      ________      ________
 SRPWCR         0.898
 DEMAGE         0.898         0.999
 DEMMAL         0.898         0.999         0.999
 CANF6M         0.898         0.999         0.999         1.000


SAMPLE STATISTICS


     ESTIMATED SAMPLE STATISTICS


           Means
              SRPWCR        DEMAGE        DEMMAL        CANF6M
              ________      ________      ________      ________
      1         5.538         0.000         0.000         0.000


           Covariances
              SRPWCR        DEMAGE        DEMMAL        CANF6M
              ________      ________      ________      ________
 SRPWCR        77.439
 DEMAGE        -1.207         7.040
 DEMMAL         0.250        -0.131         0.236
 CANF6M        -1.802        -4.557         1.211       137.889


           Correlations
              SRPWCR        DEMAGE        DEMMAL        CANF6M
              ________      ________      ________      ________
 SRPWCR         1.000
 DEMAGE        -0.052         1.000
 DEMMAL         0.058        -0.102         1.000
 CANF6M        -0.017        -0.146         0.212         1.000


     MAXIMUM LOG-LIKELIHOOD VALUE FOR THE UNRESTRICTED (H1) MODEL IS -8878.368


UNIVARIATE SAMPLE STATISTICS


     UNIVARIATE HIGHER-ORDER MOMENT DESCRIPTIVE STATISTICS

         Variable/         Mean/     Skewness/   Minimum/ % with                Percentiles
        Sample Size      Variance    Kurtosis    Maximum  Min/Max      20%/60%    40%/80%    Median

     SRPWCR                5.571       0.243     -24.000    0.13%      -1.000      4.000      6.000
             785.000      77.432       3.210      64.000    0.13%       8.000     12.000
     DEMAGE                0.000       0.532      -5.277    0.11%      -2.297     -0.937     -0.307
             873.000       7.040       0.006       9.743    0.11%       0.433      2.163
     DEMMAL                0.000      -0.488      -0.619   38.14%      -0.619      0.381      0.381
             873.000       0.236      -1.762       0.381   61.86%       0.381      0.381
     CANF6M                0.000       1.069      -8.010   46.80%      -8.010     -8.010     -7.680
             874.000     137.889      -0.624      21.990   13.62%      -6.340     16.990


THE MODEL ESTIMATION TERMINATED NORMALLY



MODEL FIT INFORMATION

Number of Free Parameters                       14

Loglikelihood

          H0 Value                       -8878.368
          H0 Scaling Correction Factor      1.0870
            for MLR
          H1 Value                       -8878.368
          H1 Scaling Correction Factor      1.0870
            for MLR

Information Criteria

          Akaike (AIC)                   17784.737
          Bayesian (BIC)                 17851.560
          Sample-Size Adjusted BIC       17807.099
            (n* = (n + 2) / 24)

Chi-Square Test of Model Fit

          Value                              0.000*
          Degrees of Freedom                     0
          P-Value                           0.0000
          Scaling Correction Factor         1.0000
            for MLR

*   The chi-square value for MLM, MLMV, MLR, ULSMV, WLSM and WLSMV cannot be used
    for chi-square difference testing in the regular way.  MLM, MLR and WLSM
    chi-square difference testing is described on the Mplus website.  MLMV, WLSMV,
    and ULSMV difference testing is done using the DIFFTEST option.

RMSEA (Root Mean Square Error Of Approximation)

          Estimate                           0.000
          90 Percent C.I.                    0.000  0.000
          Probability RMSEA <= .05           0.000

CFI/TLI

          CFI                                1.000
          TLI                                1.000

Chi-Square Test of Model Fit for the Baseline Model

          Value                              5.515
          Degrees of Freedom                     3
          P-Value                           0.1377

SRMR (Standardized Root Mean Square Residual)

          Value                              0.000



MODEL RESULTS

                                                    Two-Tailed
                    Estimate       S.E.  Est./S.E.    P-Value

 SRPWCR   ON
    CANF6M            -0.028      0.027     -1.071      0.284
    DEMMAL             1.112      0.686      1.621      0.105
    DEMAGE            -0.169      0.118     -1.439      0.150

 CANF6M   WITH
    DEMMAL             1.211      0.183      6.627      0.000
    DEMAGE            -4.557      0.987     -4.619      0.000

 DEMMAL   WITH
    DEMAGE            -0.131      0.044     -2.948      0.003

 Means
    DEMAGE             0.000      0.100      0.003      0.998
    DEMMAL             0.000      0.018     -0.005      0.996
    CANF6M             0.000      0.433      0.000      1.000

 Intercepts
    SRPWCR             5.538      0.315     17.553      0.000

 Variances
    DEMAGE             7.040      0.330     21.356      0.000
    DEMMAL             0.236      0.004     56.858      0.000
    CANF6M           137.889      5.845     23.589      0.000

 Residual Variances
    SRPWCR            76.905      6.544     11.752      0.000


STANDARDIZED MODEL RESULTS


STDYX Standardization

                                                    Two-Tailed
                    Estimate       S.E.  Est./S.E.    P-Value

 SRPWCR   ON
    CANF6M            -0.038      0.036     -1.064      0.287
    DEMMAL             0.061      0.037      1.643      0.100
    DEMAGE            -0.051      0.035     -1.459      0.145

 CANF6M   WITH
    DEMMAL             0.212      0.031      6.812      0.000
    DEMAGE            -0.146      0.031     -4.768      0.000

 DEMMAL   WITH
    DEMAGE            -0.102      0.034     -2.957      0.003

 Means
    DEMAGE             0.000      0.038      0.003      0.998
    DEMMAL             0.000      0.036     -0.005      0.996
    CANF6M             0.000      0.037      0.000      1.000

 Intercepts
    SRPWCR             0.629      0.044     14.181      0.000

 Variances
    DEMAGE             1.000      0.000    999.000    999.000
    DEMMAL             1.000      0.000    999.000    999.000
    CANF6M             1.000      0.000    999.000    999.000

 Residual Variances
    SRPWCR             0.993      0.006    164.507      0.000


R-SQUARE

    Observed                                        Two-Tailed
    Variable        Estimate       S.E.  Est./S.E.    P-Value

    SRPWCR             0.007      0.006      1.140      0.254


QUALITY OF NUMERICAL RESULTS

     Condition Number for the Information Matrix              0.260E-03
       (ratio of smallest to largest eigenvalue)


CONFIDENCE INTERVALS OF MODEL RESULTS

                  Lower .5%  Lower 2.5%    Lower 5%    Estimate    Upper 5%  Upper 2.5%   Upper .5%

 SRPWCR   ON
    CANF6M          -0.097      -0.080      -0.072      -0.028       0.015       0.024       0.040
    DEMMAL          -0.655      -0.232      -0.016       1.112       2.239       2.455       2.878
    DEMAGE          -0.472      -0.400      -0.363      -0.169       0.024       0.061       0.134

 CANF6M   WITH
    DEMMAL           0.740       0.853       0.910       1.211       1.512       1.569       1.682
    DEMAGE          -7.099      -6.491      -6.180      -4.557      -2.934      -2.623      -2.016

 DEMMAL   WITH
    DEMAGE          -0.245      -0.218      -0.204      -0.131      -0.058      -0.044      -0.017

 Means
    DEMAGE          -0.257      -0.196      -0.164       0.000       0.165       0.196       0.258
    DEMMAL          -0.045      -0.034      -0.029       0.000       0.029       0.034       0.045
    CANF6M          -1.115      -0.848      -0.712       0.000       0.712       0.848       1.115

 Intercepts
    SRPWCR           4.725       4.919       5.019       5.538       6.057       6.156       6.350

 Variances
    DEMAGE           6.191       6.394       6.497       7.040       7.582       7.686       7.889
    DEMMAL           0.225       0.228       0.229       0.236       0.243       0.244       0.247
    CANF6M         122.833     126.432     128.274     137.889     147.505     149.346     152.946

 Residual Variances
    SRPWCR          60.050      64.080      66.141      76.905      87.670      89.731      93.761


CONFIDENCE INTERVALS OF STANDARDIZED MODEL RESULTS


STDYX Standardization

                  Lower .5%  Lower 2.5%    Lower 5%    Estimate    Upper 5%  Upper 2.5%   Upper .5%

 SRPWCR   ON
    CANF6M          -0.130      -0.108      -0.097      -0.038       0.021       0.032       0.054
    DEMMAL          -0.035      -0.012       0.000       0.061       0.123       0.135       0.158
    DEMAGE          -0.141      -0.120      -0.109      -0.051       0.007       0.018       0.039

 CANF6M   WITH
    DEMMAL           0.132       0.151       0.161       0.212       0.264       0.273       0.293
    DEMAGE          -0.225      -0.206      -0.197      -0.146      -0.096      -0.086      -0.067

 DEMMAL   WITH
    DEMAGE          -0.190      -0.169      -0.158      -0.102      -0.045      -0.034      -0.013

 Means
    DEMAGE          -0.097      -0.074      -0.062       0.000       0.062       0.074       0.097
    DEMMAL          -0.093      -0.071      -0.059       0.000       0.059       0.070       0.093
    CANF6M          -0.095      -0.072      -0.061       0.000       0.061       0.072       0.095

 Intercepts
    SRPWCR           0.515       0.542       0.556       0.629       0.702       0.716       0.744

 Variances
    DEMAGE           1.000       1.000       1.000       1.000       1.000       1.000       1.000
    DEMMAL           1.000       1.000       1.000       1.000       1.000       1.000       1.000
    CANF6M           1.000       1.000       1.000       1.000       1.000       1.000       1.000

 Residual Variances
    SRPWCR           0.978       0.981       0.983       0.993       1.003       1.005       1.009


TECHNICAL 1 OUTPUT


     PARAMETER SPECIFICATION


           NU
              SRPWCR        DEMAGE        DEMMAL        CANF6M
              ________      ________      ________      ________
      1           0             0             0             0


           LAMBDA
              SRPWCR        DEMAGE        DEMMAL        CANF6M
              ________      ________      ________      ________
 SRPWCR             0             0             0             0
 DEMAGE             0             0             0             0
 DEMMAL             0             0             0             0
 CANF6M             0             0             0             0


           THETA
              SRPWCR        DEMAGE        DEMMAL        CANF6M
              ________      ________      ________      ________
 SRPWCR             0
 DEMAGE             0             0
 DEMMAL             0             0             0
 CANF6M             0             0             0             0


           ALPHA
              SRPWCR        DEMAGE        DEMMAL        CANF6M
              ________      ________      ________      ________
      1           1             2             3             4


           BETA
              SRPWCR        DEMAGE        DEMMAL        CANF6M
              ________      ________      ________      ________
 SRPWCR             0             5             6             7
 DEMAGE             0             0             0             0
 DEMMAL             0             0             0             0
 CANF6M             0             0             0             0


           PSI
              SRPWCR        DEMAGE        DEMMAL        CANF6M
              ________      ________      ________      ________
 SRPWCR             8
 DEMAGE             0             9
 DEMMAL             0            10            11
 CANF6M             0            12            13            14


     STARTING VALUES


           NU
              SRPWCR        DEMAGE        DEMMAL        CANF6M
              ________      ________      ________      ________
      1         0.000         0.000         0.000         0.000


           LAMBDA
              SRPWCR        DEMAGE        DEMMAL        CANF6M
              ________      ________      ________      ________
 SRPWCR         1.000         0.000         0.000         0.000
 DEMAGE         0.000         1.000         0.000         0.000
 DEMMAL         0.000         0.000         1.000         0.000
 CANF6M         0.000         0.000         0.000         1.000


           THETA
              SRPWCR        DEMAGE        DEMMAL        CANF6M
              ________      ________      ________      ________
 SRPWCR         0.000
 DEMAGE         0.000         0.000
 DEMMAL         0.000         0.000         0.000
 CANF6M         0.000         0.000         0.000         0.000


           ALPHA
              SRPWCR        DEMAGE        DEMMAL        CANF6M
              ________      ________      ________      ________
      1         5.571         0.000         0.000         0.000


           BETA
              SRPWCR        DEMAGE        DEMMAL        CANF6M
              ________      ________      ________      ________
 SRPWCR         0.000         0.000         0.000         0.000
 DEMAGE         0.000         0.000         0.000         0.000
 DEMMAL         0.000         0.000         0.000         0.000
 CANF6M         0.000         0.000         0.000         0.000


           PSI
              SRPWCR        DEMAGE        DEMMAL        CANF6M
              ________      ________      ________      ________
 SRPWCR        38.716
 DEMAGE         0.000         3.520
 DEMMAL         0.000         0.000         0.118
 CANF6M         0.000         0.000         0.000        68.945


     Beginning Time:  15:52:16
        Ending Time:  15:52:17
       Elapsed Time:  00:00:01



MUTHEN & MUTHEN
3463 Stoner Ave.
Los Angeles, CA  90066

Tel: (310) 391-9971
Fax: (310) 391-8971
Web: www.StatModel.com
Support: Support@StatModel.com

Copyright (c) 1998-2015 Muthen & Muthen
