Mplus VERSION 7.4 (Mac)
MUTHEN & MUTHEN
05/06/2020   3:52 PM

INPUT INSTRUCTIONS


  TITLE: CANF6M_TRLATS_2;

  DATA:
  	FILE = GD190618rr.csv;

  VARIABLE:
  	NAMES =
  			ID_Fam   Wave     ID_MPL
  			DEMMAL   DEMAGE   DEMHSP   DEMRAC
  			SRPWCR
  			WASVCB   WASBLK   WASDGT   WSISUM
  			TRLATS   TRLBTS
  			CVLASF   CVLASC   CVLALF   CVLALC
  			CVLCOM
  			CANEVR   CANONS   CANFLF
  			CANFTY   CANF6M   CANAC6
  			CANYRS
  			ALCEVR   ALCONS   ALCFLF
  			ALCFTY   ALCF6M   ALCAC6
  			ALCYRS
  			SRPWCRDt WASVCBDt WASBLKDt
  			WASDGTDt WSISUMDt TRLATSDt
  			TRLBTSDt CVLASFDt CVLASCDt
  			CVLALFDt CVLALCDt CVLCOMDt
  		;
  	USEVARIABLES =
  		! outcome
    			TRLATS
    		! covariates
    			DEMAGE
    			DEMMAL  		
    		! predictor
    			CANF6M
    		;
    	USEOBSERVATION =
    			(Wave EQ 2 AND TRLATSDt EQ 1)
    		;
    	CLUSTER =
    			ID_Fam
    		;
    	MISSING = .;

  DEFINE:
  	CENTER	CANF6M
  			DEMMAL
  			DEMAGE (GRANDMEAN);

  ANALYSIS:
          ITERATIONS = 1000000;
          TYPE = COMPLEX;

  OUTPUT:
  	SAMPSTAT STDYX TECH1 CINT;

  MODEL:
  	TRLATS on CANF6M;
  	TRLATS on  DEMMAL DEMAGE;	
  	TRLATS*;
  	CANF6M WITH DEMMAL*;
  	CANF6M WITH DEMAGE*;



*** WARNING in VARIABLE command
  When a subpopulation is analyzed with TYPE=COMPLEX, standard errors
  may be incorrect.  Use the SUBPOPULATION option instead of the
  USEOBSERVATIONS option to obtain correct standard errors.
   1 WARNING(S) FOUND IN THE INPUT INSTRUCTIONS



CANF6M_TRLATS_2;

SUMMARY OF ANALYSIS

Number of groups                                                 1
Number of observations                                         875

Number of dependent variables                                    1
Number of independent variables                                  3
Number of continuous latent variables                            0

Observed dependent variables

  Continuous
   TRLATS

Observed independent variables
   DEMAGE      DEMMAL      CANF6M

Variables with special functions

  Cluster variable      ID_FAM

  Centering (GRANDMEAN)
   CANF6M      DEMMAL      DEMAGE


Estimator                                                      MLR
Information matrix                                        OBSERVED
Maximum number of iterations                               1000000
Convergence criterion                                    0.500D-04
Maximum number of steepest descent iterations                   20
Maximum number of iterations for H1                           2000
Convergence criterion for H1                             0.100D-03

Input data file(s)
  GD190618rr.csv

Input data format  FREE


SUMMARY OF DATA

     Number of missing data patterns             3
     Number of clusters         474



COVARIANCE COVERAGE OF DATA

Minimum covariance coverage value   0.100


     PROPORTION OF DATA PRESENT


           Covariance Coverage
              TRLATS        DEMAGE        DEMMAL        CANF6M
              ________      ________      ________      ________
 TRLATS         0.904
 DEMAGE         0.904         0.999
 DEMMAL         0.904         0.999         0.999
 CANF6M         0.904         0.999         0.999         1.000


SAMPLE STATISTICS


     ESTIMATED SAMPLE STATISTICS


           Means
              TRLATS        DEMAGE        DEMMAL        CANF6M
              ________      ________      ________      ________
      1        51.187         0.000         0.000         0.000


           Covariances
              TRLATS        DEMAGE        DEMMAL        CANF6M
              ________      ________      ________      ________
 TRLATS       133.360
 DEMAGE         0.841         7.039
 DEMMAL        -0.195        -0.130         0.236
 CANF6M         2.782        -4.489         1.219       138.284


           Correlations
              TRLATS        DEMAGE        DEMMAL        CANF6M
              ________      ________      ________      ________
 TRLATS         1.000
 DEMAGE         0.027         1.000
 DEMMAL        -0.035        -0.101         1.000
 CANF6M         0.020        -0.144         0.214         1.000


     MAXIMUM LOG-LIKELIHOOD VALUE FOR THE UNRESTRICTED (H1) MODEL IS -9124.575


UNIVARIATE SAMPLE STATISTICS


     UNIVARIATE HIGHER-ORDER MOMENT DESCRIPTIVE STATISTICS

         Variable/         Mean/     Skewness/   Minimum/ % with                Percentiles
        Sample Size      Variance    Kurtosis    Maximum  Min/Max      20%/60%    40%/80%    Median

     TRLATS               51.166      -0.027       2.000    0.13%      42.000     49.000     51.000
             791.000     133.357       0.286      84.000    0.13%      53.000     60.000
     DEMAGE                0.000       0.529      -5.280    0.11%      -2.300     -0.940     -0.305
             874.000       7.039       0.002       9.740    0.11%       0.430      2.180
     DEMMAL                0.000      -0.490      -0.619   38.10%      -0.619      0.381      0.381
             874.000       0.236      -1.760       0.381   61.90%       0.381      0.381
     CANF6M                0.000       1.064      -8.035   46.74%      -8.035     -8.035     -7.705
             875.000     138.284      -0.636      21.965   13.71%      -6.365     16.965


THE MODEL ESTIMATION TERMINATED NORMALLY



MODEL FIT INFORMATION

Number of Free Parameters                       14

Loglikelihood

          H0 Value                       -9124.575
          H0 Scaling Correction Factor      0.9838
            for MLR
          H1 Value                       -9124.575
          H1 Scaling Correction Factor      0.9838
            for MLR

Information Criteria

          Akaike (AIC)                   18277.151
          Bayesian (BIC)                 18343.990
          Sample-Size Adjusted BIC       18299.529
            (n* = (n + 2) / 24)

Chi-Square Test of Model Fit

          Value                              0.000*
          Degrees of Freedom                     0
          P-Value                           0.0000
          Scaling Correction Factor         1.0000
            for MLR

*   The chi-square value for MLM, MLMV, MLR, ULSMV, WLSM and WLSMV cannot be used
    for chi-square difference testing in the regular way.  MLM, MLR and WLSM
    chi-square difference testing is described on the Mplus website.  MLMV, WLSMV,
    and ULSMV difference testing is done using the DIFFTEST option.

RMSEA (Root Mean Square Error Of Approximation)

          Estimate                           0.000
          90 Percent C.I.                    0.000  0.000
          Probability RMSEA <= .05           0.000

CFI/TLI

          CFI                                0.000
          TLI                                1.000

Chi-Square Test of Model Fit for the Baseline Model

          Value                              2.115
          Degrees of Freedom                     3
          P-Value                           0.5489

SRMR (Standardized Root Mean Square Residual)

          Value                              0.000



MODEL RESULTS

                                                    Two-Tailed
                    Estimate       S.E.  Est./S.E.    P-Value

 TRLATS   ON
    CANF6M             0.032      0.037      0.880      0.379
    DEMMAL            -0.925      0.907     -1.019      0.308
    DEMAGE             0.123      0.156      0.790      0.429

 CANF6M   WITH
    DEMMAL             1.219      0.182      6.695      0.000
    DEMAGE            -4.489      0.990     -4.535      0.000

 DEMMAL   WITH
    DEMAGE            -0.130      0.044     -2.923      0.003

 Means
    DEMAGE             0.000      0.100      0.003      0.998
    DEMMAL             0.000      0.017     -0.005      0.996
    CANF6M             0.000      0.434      0.000      1.000

 Intercepts
    TRLATS            51.187      0.435    117.609      0.000

 Variances
    DEMAGE             7.039      0.329     21.389      0.000
    DEMMAL             0.236      0.004     56.728      0.000
    CANF6M           138.284      5.849     23.643      0.000

 Residual Variances
    TRLATS           132.986      7.101     18.729      0.000


STANDARDIZED MODEL RESULTS


STDYX Standardization

                                                    Two-Tailed
                    Estimate       S.E.  Est./S.E.    P-Value

 TRLATS   ON
    CANF6M             0.033      0.037      0.886      0.375
    DEMMAL            -0.039      0.038     -1.022      0.307
    DEMAGE             0.028      0.036      0.792      0.428

 CANF6M   WITH
    DEMMAL             0.214      0.031      6.884      0.000
    DEMAGE            -0.144      0.031     -4.676      0.000

 DEMMAL   WITH
    DEMAGE            -0.101      0.034     -2.931      0.003

 Means
    DEMAGE             0.000      0.038      0.003      0.998
    DEMMAL             0.000      0.036     -0.005      0.996
    CANF6M             0.000      0.037      0.000      1.000

 Intercepts
    TRLATS             4.433      0.124     35.746      0.000

 Variances
    DEMAGE             1.000      0.000    999.000    999.000
    DEMMAL             1.000      0.000    999.000    999.000
    CANF6M             1.000      0.000    999.000    999.000

 Residual Variances
    TRLATS             0.997      0.004    259.380      0.000


R-SQUARE

    Observed                                        Two-Tailed
    Variable        Estimate       S.E.  Est./S.E.    P-Value

    TRLATS             0.003      0.004      0.728      0.467


QUALITY OF NUMERICAL RESULTS

     Condition Number for the Information Matrix              0.151E-03
       (ratio of smallest to largest eigenvalue)


CONFIDENCE INTERVALS OF MODEL RESULTS

                  Lower .5%  Lower 2.5%    Lower 5%    Estimate    Upper 5%  Upper 2.5%   Upper .5%

 TRLATS   ON
    CANF6M          -0.062      -0.040      -0.028       0.032       0.093       0.104       0.127
    DEMMAL          -3.262      -2.703      -2.417      -0.925       0.568       0.854       1.412
    DEMAGE          -0.278      -0.182      -0.133       0.123       0.379       0.428       0.524

 CANF6M   WITH
    DEMMAL           0.750       0.862       0.920       1.219       1.519       1.576       1.688
    DEMAGE          -7.039      -6.429      -6.117      -4.489      -2.861      -2.549      -1.939

 DEMMAL   WITH
    DEMAGE          -0.244      -0.216      -0.203      -0.130      -0.057      -0.043      -0.015

 Means
    DEMAGE          -0.257      -0.195      -0.164       0.000       0.165       0.196       0.258
    DEMMAL          -0.045      -0.034      -0.029       0.000       0.029       0.034       0.045
    CANF6M          -1.119      -0.851      -0.715       0.000       0.715       0.851       1.119

 Intercepts
    TRLATS          50.066      50.334      50.471      51.187      51.903      52.040      52.308

 Variances
    DEMAGE           6.191       6.394       6.497       7.039       7.580       7.684       7.886
    DEMMAL           0.225       0.228       0.229       0.236       0.243       0.244       0.247
    CANF6M         123.218     126.820     128.662     138.284     147.905     149.748     153.349

 Residual Variances
    TRLATS         114.697     119.069     121.306     132.986     144.667     146.904     151.276


CONFIDENCE INTERVALS OF STANDARDIZED MODEL RESULTS


STDYX Standardization

                  Lower .5%  Lower 2.5%    Lower 5%    Estimate    Upper 5%  Upper 2.5%   Upper .5%

 TRLATS   ON
    CANF6M          -0.063      -0.040      -0.028       0.033       0.094       0.106       0.128
    DEMMAL          -0.137      -0.113      -0.101      -0.039       0.024       0.036       0.059
    DEMAGE          -0.064      -0.042      -0.030       0.028       0.087       0.098       0.120

 CANF6M   WITH
    DEMMAL           0.134       0.153       0.162       0.214       0.265       0.274       0.293
    DEMAGE          -0.223      -0.204      -0.195      -0.144      -0.093      -0.084      -0.065

 DEMMAL   WITH
    DEMAGE          -0.189      -0.168      -0.157      -0.101      -0.044      -0.033      -0.012

 Means
    DEMAGE          -0.097      -0.074      -0.062       0.000       0.062       0.074       0.097
    DEMMAL          -0.093      -0.071      -0.059       0.000       0.059       0.070       0.092
    CANF6M          -0.095      -0.072      -0.061       0.000       0.061       0.072       0.095

 Intercepts
    TRLATS           4.113       4.189       4.229       4.433       4.636       4.676       4.752

 Variances
    DEMAGE           1.000       1.000       1.000       1.000       1.000       1.000       1.000
    DEMMAL           1.000       1.000       1.000       1.000       1.000       1.000       1.000
    CANF6M           1.000       1.000       1.000       1.000       1.000       1.000       1.000

 Residual Variances
    TRLATS           0.987       0.990       0.991       0.997       1.004       1.005       1.007


TECHNICAL 1 OUTPUT


     PARAMETER SPECIFICATION


           NU
              TRLATS        DEMAGE        DEMMAL        CANF6M
              ________      ________      ________      ________
      1           0             0             0             0


           LAMBDA
              TRLATS        DEMAGE        DEMMAL        CANF6M
              ________      ________      ________      ________
 TRLATS             0             0             0             0
 DEMAGE             0             0             0             0
 DEMMAL             0             0             0             0
 CANF6M             0             0             0             0


           THETA
              TRLATS        DEMAGE        DEMMAL        CANF6M
              ________      ________      ________      ________
 TRLATS             0
 DEMAGE             0             0
 DEMMAL             0             0             0
 CANF6M             0             0             0             0


           ALPHA
              TRLATS        DEMAGE        DEMMAL        CANF6M
              ________      ________      ________      ________
      1           1             2             3             4


           BETA
              TRLATS        DEMAGE        DEMMAL        CANF6M
              ________      ________      ________      ________
 TRLATS             0             5             6             7
 DEMAGE             0             0             0             0
 DEMMAL             0             0             0             0
 CANF6M             0             0             0             0


           PSI
              TRLATS        DEMAGE        DEMMAL        CANF6M
              ________      ________      ________      ________
 TRLATS             8
 DEMAGE             0             9
 DEMMAL             0            10            11
 CANF6M             0            12            13            14


     STARTING VALUES


           NU
              TRLATS        DEMAGE        DEMMAL        CANF6M
              ________      ________      ________      ________
      1         0.000         0.000         0.000         0.000


           LAMBDA
              TRLATS        DEMAGE        DEMMAL        CANF6M
              ________      ________      ________      ________
 TRLATS         1.000         0.000         0.000         0.000
 DEMAGE         0.000         1.000         0.000         0.000
 DEMMAL         0.000         0.000         1.000         0.000
 CANF6M         0.000         0.000         0.000         1.000


           THETA
              TRLATS        DEMAGE        DEMMAL        CANF6M
              ________      ________      ________      ________
 TRLATS         0.000
 DEMAGE         0.000         0.000
 DEMMAL         0.000         0.000         0.000
 CANF6M         0.000         0.000         0.000         0.000


           ALPHA
              TRLATS        DEMAGE        DEMMAL        CANF6M
              ________      ________      ________      ________
      1        51.166         0.000         0.000         0.000


           BETA
              TRLATS        DEMAGE        DEMMAL        CANF6M
              ________      ________      ________      ________
 TRLATS         0.000         0.000         0.000         0.000
 DEMAGE         0.000         0.000         0.000         0.000
 DEMMAL         0.000         0.000         0.000         0.000
 CANF6M         0.000         0.000         0.000         0.000


           PSI
              TRLATS        DEMAGE        DEMMAL        CANF6M
              ________      ________      ________      ________
 TRLATS        66.678
 DEMAGE         0.000         3.519
 DEMMAL         0.000         0.000         0.118
 CANF6M         0.000         0.000         0.000        69.142


     Beginning Time:  15:52:17
        Ending Time:  15:52:17
       Elapsed Time:  00:00:00



MUTHEN & MUTHEN
3463 Stoner Ave.
Los Angeles, CA  90066

Tel: (310) 391-9971
Fax: (310) 391-8971
Web: www.StatModel.com
Support: Support@StatModel.com

Copyright (c) 1998-2015 Muthen & Muthen
