Mplus VERSION 7.4 (Mac)
MUTHEN & MUTHEN
05/06/2020   4:00 PM

INPUT INSTRUCTIONS


  TITLE: CANEVR_SRPWCR_1;

  DATA:
  	FILE = GD190618rr.csv;

  VARIABLE:
  	NAMES =
  			ID_Fam   Wave     ID_MPL
  			DEMMAL   DEMAGE   DEMHSP   DEMRAC
  			SRPWCR
  			WASVCB   WASBLK   WASDGT   WSISUM
  			TRLATS   TRLBTS
  			CVLASF   CVLASC   CVLALF   CVLALC
  			CVLCOM
  			CANEVR   CANONS   CANFLF
  			CANFTY   CANF6M   CANAC6
  			CANYRS
  			ALCEVR   ALCONS   ALCFLF
  			ALCFTY   ALCF6M   ALCAC6
  			ALCYRS
  			SRPWCRDt WASVCBDt WASBLKDt
  			WASDGTDt WSISUMDt TRLATSDt
  			TRLBTSDt CVLASFDt CVLASCDt
  			CVLALFDt CVLALCDt CVLCOMDt
  		;
  	USEVARIABLES =
  		! outcome
  	  		SRPWCR
    		! covariates
  	  		DEMAGE
    			DEMMAL  		
    		! within predictor
    			CANEVR
    			ALCEVR
    		! between predictor
    			CANEVRBW
    			ALCEVRBW
    			;
    	USEOBSERVATION =
    			(Wave EQ 1 AND SRPWCRDt EQ 1)
    		;
    	CLUSTER =
    			ID_Fam
    		;
    	MISSING = .;
    	BETWEEN =   		
    			CANEVRBW
    			ALCEVRBW
    		;
    	WITHIN  		
    			CANEVR
    			ALCEVR
    			DEMAGE
    			DEMMAL
    		;  		

  DEFINE:
  	! CREATE BW FAM PREDICTOR
  		CANEVRBW = cluster_mean (CANEVR);	
  		ALCEVRBW = cluster_mean (ALCEVR);	
  	! CENTER WI FAM VARIABLES
  		CENTER CANEVR (GROUPMEAN);
  		CENTER ALCEVR (GROUPMEAN);
  		CENTER DEMMAL (GRANDMEAN);
  		CENTER DEMAGE (GRANDMEAN);		
  	! CENTER BW FAM VARIABLES
  		CENTER CANEVRBW (GRANDMEAN);
  		CENTER ALCEVRBW (GRANDMEAN);

  ANALYSIS:
          ITERATIONS = 1000000;
          TYPE = TWOLEVEL RANDOM;
          ALGORITHM = INTEGRATION;

  OUTPUT:
  	SAMPSTAT STDYX TECH1 CINT;

  MODEL:
  %WITHIN%
  	SRPWCR on CANEVR;
  	SRPWCR on  DEMMAL DEMAGE ALCEVR;	
  	SRPWCR*;
  	CANEVR*;

  	CANEVR WITH DEMMAL*;
  	CANEVR WITH DEMAGE*;
  	ALCEVR WITH DEMMAL*;
  	ALCEVR WITH DEMAGE*;
  	CANEVR WITH ALCEVR*;

  %BETWEEN%
  	SRPWCR on CANEVRBW ALCEVRBW;
  	SRPWCR*;
  	CANEVRBW*;
  	CANEVRBW WITH ALCEVRBW*;



*** WARNING
  Data set contains cases with missing on all variables except
  x-variables.  These cases were not included in the analysis.
  Number of cases with missing on all variables except x-variables:  1
   1 WARNING(S) FOUND IN THE INPUT INSTRUCTIONS



CANEVR_SRPWCR_1;

SUMMARY OF ANALYSIS

Number of groups                                                 1
Number of observations                                        1188

Number of dependent variables                                    1
Number of independent variables                                  6
Number of continuous latent variables                            0

Observed dependent variables

  Continuous
   SRPWCR

Observed independent variables
   DEMAGE      DEMMAL      CANEVR      ALCEVR      CANEVRBW    ALCEVRBW

Variables with special functions

  Cluster variable      ID_FAM

  Within variables
   DEMAGE      DEMMAL      CANEVR      ALCEVR

  Between variables
   CANEVRBW    ALCEVRBW

  Centering (GRANDMEAN)
   DEMMAL      DEMAGE      CANEVRBW    ALCEVRBW

  Centering (GROUPMEAN)
   CANEVR      ALCEVR


Estimator                                                      MLR
Information matrix                                        OBSERVED
Optimization Specifications for the Quasi-Newton Algorithm for
Continuous Outcomes
  Maximum number of iterations                             1000000
  Convergence criterion                                  0.100D-05
Optimization Specifications for the EM Algorithm
  Maximum number of iterations                                 500
  Convergence criteria
    Loglikelihood change                                 0.100D-02
    Relative loglikelihood change                        0.100D-05
    Derivative                                           0.100D-02
Optimization Specifications for the M step of the EM Algorithm for
Categorical Latent variables
  Number of M step iterations                                    1
  M step convergence criterion                           0.100D-02
  Basis for M step termination                           ITERATION
Optimization Specifications for the M step of the EM Algorithm for
Censored, Binary or Ordered Categorical (Ordinal), Unordered
Categorical (Nominal) and Count Outcomes
  Number of M step iterations                                    1
  M step convergence criterion                           0.100D-02
  Basis for M step termination                           ITERATION
  Maximum value for logit thresholds                            15
  Minimum value for logit thresholds                           -15
  Minimum expected cell size for chi-square              0.100D-01
Maximum number of iterations for H1                           2000
Convergence criterion for H1                             0.100D-03
Optimization algorithm                                         EMA
Integration Specifications
  Type                                                    STANDARD
  Number of integration points                                  15
  Dimensions of numerical integration                            0
  Adaptive quadrature                                           ON
Cholesky                                                       OFF

Input data file(s)
  GD190618rr.csv
Input data format  FREE


SUMMARY OF DATA

     Number of missing data patterns             5
     Number of clusters                        598



COVARIANCE COVERAGE OF DATA

Minimum covariance coverage value   0.100


     PROPORTION OF DATA PRESENT FOR Y


           Covariance Coverage
              CANEVRBW      ALCEVRBW      SRPWCR        DEMAGE        DEMMAL
              ________      ________      ________      ________      ________
 CANEVRBW       0.999
 ALCEVRBW       0.999         0.999
 SRPWCR         0.928         0.928         0.928
 DEMAGE         0.998         0.998         0.928         0.999
 DEMMAL         0.999         0.999         0.928         0.999         1.000
 CANEVR         0.997         0.997         0.925         0.996         0.997
 ALCEVR         0.997         0.997         0.925         0.996         0.997


           Covariance Coverage
              CANEVR        ALCEVR
              ________      ________
 CANEVR         0.997
 ALCEVR         0.997         0.997


SAMPLE STATISTICS


     ESTIMATED SAMPLE STATISTICS


           Means
              CANEVRBW      ALCEVRBW      SRPWCR        DEMAGE        DEMMAL
              ________      ________      ________      ________      ________
 1              0.000         0.000         6.130         0.000         0.000


           Means
              CANEVR        ALCEVR
              ________      ________
 1              0.000         0.000


           Covariances
              CANEVRBW      ALCEVRBW      SRPWCR        DEMAGE        DEMMAL
              ________      ________      ________      ________      ________
 CANEVRBW       0.048
 ALCEVRBW       0.017         0.027
 SRPWCR         0.000        -0.055        71.937
 DEMAGE         0.001         0.030        -2.428         4.921
 DEMMAL         0.008         0.000         0.287        -0.152         0.231
 CANEVR         0.000         0.000         0.050        -0.060         0.016
 ALCEVR         0.000         0.000         0.003         0.005         0.005


           Covariances
              CANEVR        ALCEVR
              ________      ________
 CANEVR         0.055
 ALCEVR         0.020         0.029


           Correlations
              CANEVRBW      ALCEVRBW      SRPWCR        DEMAGE        DEMMAL
              ________      ________      ________      ________      ________
 CANEVRBW       1.000
 ALCEVRBW       0.475         1.000
 SRPWCR         0.000        -0.040         1.000
 DEMAGE         0.002         0.082        -0.129         1.000
 DEMMAL         0.078         0.004         0.070        -0.143         1.000
 CANEVR         0.000         0.000         0.025        -0.116         0.139
 ALCEVR         0.000         0.000         0.002         0.014         0.064


           Correlations
              CANEVR        ALCEVR
              ________      ________
 CANEVR         1.000
 ALCEVR         0.498         1.000


     MAXIMUM LOG-LIKELIHOOD VALUE FOR THE UNRESTRICTED (H1) MODEL IS -5961.188


UNIVARIATE SAMPLE STATISTICS


     UNIVARIATE HIGHER-ORDER MOMENT DESCRIPTIVE STATISTICS

         Variable/         Mean/     Skewness/   Minimum/ % with                Percentiles
        Sample Size      Variance    Kurtosis    Maximum  Min/Max      20%/60%    40%/80%    Median

     CANEVRBW              0.012      -1.963      -0.883    1.34%      -0.216      0.117      0.117
             597.000       0.047       3.121       0.117   79.23%       0.117      0.117
     ALCEVRBW              0.006      -3.050      -0.941    0.50%       0.059      0.059      0.059
             597.000       0.026       9.046       0.059   89.28%       0.059      0.059
     SRPWCR                6.089       0.213     -25.000    0.09%      -1.000      4.000      6.000
            1103.000      71.907       2.037      56.000    0.09%       8.000     13.000
     DEMAGE                0.000       0.974      -3.766    0.08%      -1.806     -0.926     -0.426
            1187.000       4.921       0.659       7.594    0.08%       0.084      1.604
     DEMMAL                0.000      -0.567      -0.636   36.36%      -0.636      0.364      0.364
            1188.000       0.231      -1.679       0.364   63.64%       0.364      0.364
     CANEVR                0.000      -0.320      -0.750    0.34%       0.000      0.000      0.000
            1184.000       0.055       2.187       0.750    0.08%       0.000      0.000
     ALCEVR                0.000      -0.395      -0.800    0.08%       0.000      0.000      0.000
            1184.000       0.029       6.964       0.750    0.08%       0.000      0.000

     THE STANDARD ERRORS OF THE MODEL PARAMETER ESTIMATES MAY NOT BE
     TRUSTWORTHY FOR SOME PARAMETERS DUE TO A NON-POSITIVE DEFINITE
     FIRST-ORDER DERIVATIVE PRODUCT MATRIX.  THIS MAY BE DUE TO THE STARTING
     VALUES BUT MAY ALSO BE AN INDICATION OF MODEL NONIDENTIFICATION.  THE
     CONDITION NUMBER IS       0.125D-15.  PROBLEM INVOLVING THE FOLLOWING PARAMETER:
     Parameter 18, %WITHIN%: ALCEVR


THE MODEL ESTIMATION TERMINATED NORMALLY



MODEL FIT INFORMATION

Number of Free Parameters                       27

Loglikelihood

          H0 Value                       -6325.645
          H0 Scaling Correction Factor      1.7173
            for MLR

Information Criteria

          Akaike (AIC)                   12705.289
          Bayesian (BIC)                 12842.450
          Sample-Size Adjusted BIC       12756.688
            (n* = (n + 2) / 24)



MODEL RESULTS

                                                    Two-Tailed
                    Estimate       S.E.  Est./S.E.    P-Value

Within Level

 SRPWCR     ON
    CANEVR             0.192      1.114      0.173      0.863
    DEMMAL             0.875      0.530      1.651      0.099
    DEMAGE            -0.466      0.123     -3.790      0.000
    ALCEVR            -0.043      1.408     -0.031      0.976

 CANEVR   WITH
    DEMMAL             0.014      0.004      4.014      0.000
    DEMAGE            -0.051      0.016     -3.222      0.001
    ALCEVR             0.020      0.003      6.759      0.000

 ALCEVR   WITH
    DEMMAL             0.005      0.003      2.105      0.035
    DEMAGE             0.009      0.010      0.876      0.381

 Means
    DEMAGE             0.000      0.066      0.000      1.000
    DEMMAL             0.000      0.015      0.000      1.000
    CANEVR             0.000      0.000      1.800      0.072
    ALCEVR             0.000      0.000      1.287      0.198

 Variances
    DEMAGE             4.921      0.227     21.703      0.000
    DEMMAL             0.231      0.004     56.981      0.000
    CANEVR             0.055      0.004     12.365      0.000
    ALCEVR             0.029      0.003      8.255      0.000

 Residual Variances
    SRPWCR            61.042      4.258     14.336      0.000

Between Level

 SRPWCR     ON
    CANEVRBW           0.646      1.300      0.497      0.619
    ALCEVRBW          -1.695      1.744     -0.972      0.331

 CANEVRBW WITH
    ALCEVRBW           0.016      0.003      5.488      0.000

 Means
    CANEVRBW           0.012      0.009      1.401      0.161
    ALCEVRBW           0.006      0.007      0.848      0.396

 Intercepts
    SRPWCR             6.126      0.267     22.912      0.000

 Variances
    CANEVRBW           0.047      0.004     10.797      0.000
    ALCEVRBW           0.026      0.004      7.351      0.000

 Residual Variances
    SRPWCR             9.506      2.837      3.350      0.001


STANDARDIZED MODEL RESULTS


STDYX Standardization

                                                    Two-Tailed
                    Estimate       S.E.  Est./S.E.    P-Value

Within Level

 SRPWCR     ON
    CANEVR             0.006      0.033      0.173      0.863
    DEMMAL             0.053      0.032      1.674      0.094
    DEMAGE            -0.131      0.033     -3.909      0.000
    ALCEVR            -0.001      0.030     -0.031      0.976

 CANEVR   WITH
    DEMMAL             0.126      0.030      4.179      0.000
    DEMAGE            -0.098      0.029     -3.349      0.001
    ALCEVR             0.498      0.045     11.090      0.000

 ALCEVR   WITH
    DEMMAL             0.067      0.031      2.156      0.031
    DEMAGE             0.024      0.027      0.881      0.378

 Means
    DEMAGE             0.000      0.030      0.000      1.000
    DEMMAL             0.000      0.031      0.000      1.000
    CANEVR             0.000      0.000      1.811      0.070
    ALCEVR             0.000      0.000      1.295      0.195

 Variances
    DEMAGE             1.000      0.000    999.000    999.000
    DEMMAL             1.000      0.000    999.000    999.000
    CANEVR             1.000      0.000    999.000    999.000
    ALCEVR             1.000      0.000    999.000    999.000

 Residual Variances
    SRPWCR             0.980      0.009    110.274      0.000

Between Level

 SRPWCR     ON
    CANEVRBW           0.045      0.091      0.497      0.619
    ALCEVRBW          -0.088      0.092     -0.959      0.338

 CANEVRBW WITH
    ALCEVRBW           0.454      0.057      7.905      0.000

 Means
    CANEVRBW           0.057      0.043      1.326      0.185
    ALCEVRBW           0.035      0.043      0.805      0.421

 Intercepts
    SRPWCR             1.981      0.300      6.610      0.000

 Variances
    CANEVRBW           1.000      0.000    999.000    999.000
    ALCEVRBW           1.000      0.000    999.000    999.000

 Residual Variances
    SRPWCR             0.994      0.013     77.448      0.000


R-SQUARE

Within Level

    Observed                                        Two-Tailed
    Variable        Estimate       S.E.  Est./S.E.    P-Value

    SRPWCR             0.020      0.009      2.275      0.023

Between Level

    Observed                                        Two-Tailed
    Variable        Estimate       S.E.  Est./S.E.    P-Value

    SRPWCR             0.006      0.013      0.483      0.629


QUALITY OF NUMERICAL RESULTS

     Condition Number for the Information Matrix              0.125E-15
       (ratio of smallest to largest eigenvalue)


CONFIDENCE INTERVALS OF MODEL RESULTS

                  Lower .5%  Lower 2.5%    Lower 5%    Estimate    Upper 5%  Upper 2.5%   Upper .5%

Within Level

 SRPWCR   ON
    CANEVR          -2.677      -1.991      -1.640       0.192       2.025       2.376       3.062
    DEMMAL          -0.490      -0.164       0.003       0.875       1.747       1.914       2.240
    DEMAGE          -0.782      -0.706      -0.668      -0.466      -0.263      -0.225      -0.149
    ALCEVR          -3.669      -2.802      -2.359      -0.043       2.273       2.716       3.583

 CANEVR   WITH
    DEMMAL           0.005       0.007       0.008       0.014       0.020       0.021       0.023
    DEMAGE          -0.092      -0.082      -0.077      -0.051      -0.025      -0.020      -0.010
    ALCEVR           0.012       0.014       0.015       0.020       0.025       0.026       0.027

 ALCEVR   WITH
    DEMMAL          -0.001       0.000       0.001       0.005       0.010       0.011       0.012
    DEMAGE          -0.017      -0.011      -0.008       0.009       0.026       0.029       0.035

 Means
    DEMAGE          -0.171      -0.130      -0.109       0.000       0.109       0.130       0.171
    DEMMAL          -0.038      -0.029      -0.024       0.000       0.024       0.029       0.038
    CANEVR           0.000       0.000       0.000       0.000       0.000       0.000       0.000
    ALCEVR           0.000       0.000       0.000       0.000       0.000       0.000       0.000

 Variances
    DEMAGE           4.337       4.476       4.548       4.921       5.294       5.365       5.505
    DEMMAL           0.221       0.223       0.225       0.231       0.238       0.239       0.242
    CANEVR           0.044       0.046       0.048       0.055       0.062       0.064       0.067
    ALCEVR           0.020       0.022       0.023       0.029       0.034       0.035       0.037

 Residual Variances
    SRPWCR          50.075      52.697      54.038      61.042      68.046      69.387      72.009

Between Level

 SRPWCR   ON
    CANEVRBW        -2.703      -1.902      -1.493       0.646       2.784       3.194       3.994
    ALCEVRBW        -6.187      -5.113      -4.564      -1.695       1.174       1.723       2.797

 CANEVRBW WITH
    ALCEVRBW         0.008       0.010       0.011       0.016       0.021       0.022       0.023

 Means
    CANEVRBW        -0.010      -0.005      -0.002       0.012       0.027       0.030       0.035
    ALCEVRBW        -0.011      -0.007      -0.005       0.006       0.016       0.019       0.023

 Intercepts
    SRPWCR           5.437       5.602       5.686       6.126       6.566       6.650       6.815

 Variances
    CANEVRBW         0.036       0.039       0.040       0.047       0.054       0.056       0.058
    ALCEVRBW         0.017       0.019       0.020       0.026       0.032       0.033       0.035

 Residual Variances
    SRPWCR           2.198       3.945       4.839       9.506      14.172      15.066      16.813


CONFIDENCE INTERVALS OF STANDARDIZED MODEL RESULTS


STDYX Standardization

                  Lower .5%  Lower 2.5%    Lower 5%    Estimate    Upper 5%  Upper 2.5%   Upper .5%

Within Level

 SRPWCR   ON
    CANEVR          -0.080      -0.059      -0.049       0.006       0.060       0.071       0.091
    DEMMAL          -0.029      -0.009       0.001       0.053       0.106       0.116       0.135
    DEMAGE          -0.217      -0.196      -0.186      -0.131      -0.076      -0.065      -0.045
    ALCEVR          -0.079      -0.060      -0.051      -0.001       0.049       0.058       0.077

 CANEVR   WITH
    DEMMAL           0.048       0.067       0.076       0.126       0.175       0.185       0.203
    DEMAGE          -0.174      -0.156      -0.147      -0.098      -0.050      -0.041      -0.023
    ALCEVR           0.383       0.410       0.425       0.498       0.572       0.587       0.614

 ALCEVR   WITH
    DEMMAL          -0.013       0.006       0.016       0.067       0.118       0.128       0.147
    DEMAGE          -0.046      -0.029      -0.021       0.024       0.068       0.076       0.093

 Means
    DEMAGE          -0.077      -0.059      -0.049       0.000       0.049       0.059       0.077
    DEMMAL          -0.080      -0.061      -0.051       0.000       0.051       0.061       0.080
    CANEVR           0.000       0.000       0.000       0.000       0.001       0.001       0.001
    ALCEVR           0.000       0.000       0.000       0.000       0.000       0.000       0.000

 Variances
    DEMAGE           1.000       1.000       1.000       1.000       1.000       1.000       1.000
    DEMMAL           1.000       1.000       1.000       1.000       1.000       1.000       1.000
    CANEVR           1.000       1.000       1.000       1.000       1.000       1.000       1.000
    ALCEVR           1.000       1.000       1.000       1.000       1.000       1.000       1.000

 Residual Variances
    SRPWCR           0.957       0.962       0.965       0.980       0.994       0.997       1.003

Between Level

 SRPWCR   ON
    CANEVRBW        -0.190      -0.133      -0.105       0.045       0.195       0.224       0.280
    ALCEVRBW        -0.325      -0.268      -0.240      -0.088       0.063       0.092       0.149

 CANEVRBW WITH
    ALCEVRBW         0.306       0.342       0.360       0.454       0.549       0.567       0.602

 Means
    CANEVRBW        -0.054      -0.027      -0.014       0.057       0.128       0.142       0.169
    ALCEVRBW        -0.076      -0.050      -0.036       0.035       0.106       0.119       0.146

 Intercepts
    SRPWCR           1.209       1.393       1.488       1.981       2.474       2.568       2.753

 Variances
    CANEVRBW         1.000       1.000       1.000       1.000       1.000       1.000       1.000
    ALCEVRBW         1.000       1.000       1.000       1.000       1.000       1.000       1.000

 Residual Variances
    SRPWCR           0.961       0.969       0.973       0.994       1.015       1.019       1.027


TECHNICAL 1 OUTPUT


     PARAMETER SPECIFICATION FOR WITHIN


           NU
              CANEVRBW      ALCEVRBW      SRPWCR        DEMAGE        DEMMAL
              ________      ________      ________      ________      ________
 1                  0             0             0             0             0


           NU
              CANEVR        ALCEVR
              ________      ________
 1                  0             0


           LAMBDA
              CANEVRBW      ALCEVRBW      SRPWCR        DEMAGE        DEMMAL
              ________      ________      ________      ________      ________
 CANEVRBW           0             0             0             0             0
 ALCEVRBW           0             0             0             0             0
 SRPWCR             0             0             0             0             0
 DEMAGE             0             0             0             0             0
 DEMMAL             0             0             0             0             0
 CANEVR             0             0             0             0             0
 ALCEVR             0             0             0             0             0


           LAMBDA
              CANEVR        ALCEVR
              ________      ________
 CANEVRBW           0             0
 ALCEVRBW           0             0
 SRPWCR             0             0
 DEMAGE             0             0
 DEMMAL             0             0
 CANEVR             0             0
 ALCEVR             0             0


           THETA
              CANEVRBW      ALCEVRBW      SRPWCR        DEMAGE        DEMMAL
              ________      ________      ________      ________      ________
 CANEVRBW           0
 ALCEVRBW           0             0
 SRPWCR             0             0             0
 DEMAGE             0             0             0             0
 DEMMAL             0             0             0             0             0
 CANEVR             0             0             0             0             0
 ALCEVR             0             0             0             0             0


           THETA
              CANEVR        ALCEVR
              ________      ________
 CANEVR             0
 ALCEVR             0             0


           ALPHA
              CANEVRBW      ALCEVRBW      SRPWCR        DEMAGE        DEMMAL
              ________      ________      ________      ________      ________
 1                  0             0             0             1             2


           ALPHA
              CANEVR        ALCEVR
              ________      ________
 1                  3             4


           BETA
              CANEVRBW      ALCEVRBW      SRPWCR        DEMAGE        DEMMAL
              ________      ________      ________      ________      ________
 CANEVRBW           0             0             0             0             0
 ALCEVRBW           0             0             0             0             0
 SRPWCR             0             0             0             5             6
 DEMAGE             0             0             0             0             0
 DEMMAL             0             0             0             0             0
 CANEVR             0             0             0             0             0
 ALCEVR             0             0             0             0             0


           BETA
              CANEVR        ALCEVR
              ________      ________
 CANEVRBW           0             0
 ALCEVRBW           0             0
 SRPWCR             7             8
 DEMAGE             0             0
 DEMMAL             0             0
 CANEVR             0             0
 ALCEVR             0             0


           PSI
              CANEVRBW      ALCEVRBW      SRPWCR        DEMAGE        DEMMAL
              ________      ________      ________      ________      ________
 CANEVRBW           0
 ALCEVRBW           0             0
 SRPWCR             0             0             9
 DEMAGE             0             0             0            10
 DEMMAL             0             0             0             0            11
 CANEVR             0             0             0            12            13
 ALCEVR             0             0             0            15            16


           PSI
              CANEVR        ALCEVR
              ________      ________
 CANEVR            14
 ALCEVR            17            18


     PARAMETER SPECIFICATION FOR BETWEEN


           NU
              CANEVRBW      ALCEVRBW      SRPWCR        DEMAGE        DEMMAL
              ________      ________      ________      ________      ________
 1                  0             0             0             0             0


           NU
              CANEVR        ALCEVR
              ________      ________
 1                  0             0


           LAMBDA
              CANEVRBW      ALCEVRBW      SRPWCR        DEMAGE        DEMMAL
              ________      ________      ________      ________      ________
 CANEVRBW           0             0             0             0             0
 ALCEVRBW           0             0             0             0             0
 SRPWCR             0             0             0             0             0
 DEMAGE             0             0             0             0             0
 DEMMAL             0             0             0             0             0
 CANEVR             0             0             0             0             0
 ALCEVR             0             0             0             0             0


           LAMBDA
              CANEVR        ALCEVR
              ________      ________
 CANEVRBW           0             0
 ALCEVRBW           0             0
 SRPWCR             0             0
 DEMAGE             0             0
 DEMMAL             0             0
 CANEVR             0             0
 ALCEVR             0             0


           THETA
              CANEVRBW      ALCEVRBW      SRPWCR        DEMAGE        DEMMAL
              ________      ________      ________      ________      ________
 CANEVRBW           0
 ALCEVRBW           0             0
 SRPWCR             0             0             0
 DEMAGE             0             0             0             0
 DEMMAL             0             0             0             0             0
 CANEVR             0             0             0             0             0
 ALCEVR             0             0             0             0             0


           THETA
              CANEVR        ALCEVR
              ________      ________
 CANEVR             0
 ALCEVR             0             0


           ALPHA
              CANEVRBW      ALCEVRBW      SRPWCR        DEMAGE        DEMMAL
              ________      ________      ________      ________      ________
 1                 19            20            21             0             0


           ALPHA
              CANEVR        ALCEVR
              ________      ________
 1                  0             0


           BETA
              CANEVRBW      ALCEVRBW      SRPWCR        DEMAGE        DEMMAL
              ________      ________      ________      ________      ________
 CANEVRBW           0             0             0             0             0
 ALCEVRBW           0             0             0             0             0
 SRPWCR            22            23             0             0             0
 DEMAGE             0             0             0             0             0
 DEMMAL             0             0             0             0             0
 CANEVR             0             0             0             0             0
 ALCEVR             0             0             0             0             0


           BETA
              CANEVR        ALCEVR
              ________      ________
 CANEVRBW           0             0
 ALCEVRBW           0             0
 SRPWCR             0             0
 DEMAGE             0             0
 DEMMAL             0             0
 CANEVR             0             0
 ALCEVR             0             0


           PSI
              CANEVRBW      ALCEVRBW      SRPWCR        DEMAGE        DEMMAL
              ________      ________      ________      ________      ________
 CANEVRBW          24
 ALCEVRBW          25            26
 SRPWCR             0             0            27
 DEMAGE             0             0             0             0
 DEMMAL             0             0             0             0             0
 CANEVR             0             0             0             0             0
 ALCEVR             0             0             0             0             0


           PSI
              CANEVR        ALCEVR
              ________      ________
 CANEVR             0
 ALCEVR             0             0


     STARTING VALUES FOR WITHIN


           NU
              CANEVRBW      ALCEVRBW      SRPWCR        DEMAGE        DEMMAL
              ________      ________      ________      ________      ________
 1              0.000         0.000         0.000         0.000         0.000


           NU
              CANEVR        ALCEVR
              ________      ________
 1              0.000         0.000


           LAMBDA
              CANEVRBW      ALCEVRBW      SRPWCR        DEMAGE        DEMMAL
              ________      ________      ________      ________      ________
 CANEVRBW       1.000         0.000         0.000         0.000         0.000
 ALCEVRBW       0.000         1.000         0.000         0.000         0.000
 SRPWCR         0.000         0.000         1.000         0.000         0.000
 DEMAGE         0.000         0.000         0.000         1.000         0.000
 DEMMAL         0.000         0.000         0.000         0.000         1.000
 CANEVR         0.000         0.000         0.000         0.000         0.000
 ALCEVR         0.000         0.000         0.000         0.000         0.000


           LAMBDA
              CANEVR        ALCEVR
              ________      ________
 CANEVRBW       0.000         0.000
 ALCEVRBW       0.000         0.000
 SRPWCR         0.000         0.000
 DEMAGE         0.000         0.000
 DEMMAL         0.000         0.000
 CANEVR         1.000         0.000
 ALCEVR         0.000         1.000


           THETA
              CANEVRBW      ALCEVRBW      SRPWCR        DEMAGE        DEMMAL
              ________      ________      ________      ________      ________
 CANEVRBW       0.000
 ALCEVRBW       0.000         0.000
 SRPWCR         0.000         0.000         0.000
 DEMAGE         0.000         0.000         0.000         0.000
 DEMMAL         0.000         0.000         0.000         0.000         0.000
 CANEVR         0.000         0.000         0.000         0.000         0.000
 ALCEVR         0.000         0.000         0.000         0.000         0.000


           THETA
              CANEVR        ALCEVR
              ________      ________
 CANEVR         0.000
 ALCEVR         0.000         0.000


           ALPHA
              CANEVRBW      ALCEVRBW      SRPWCR        DEMAGE        DEMMAL
              ________      ________      ________      ________      ________
 1              0.000         0.000         0.000         0.000         0.000


           ALPHA
              CANEVR        ALCEVR
              ________      ________
 1              0.000         0.000


           BETA
              CANEVRBW      ALCEVRBW      SRPWCR        DEMAGE        DEMMAL
              ________      ________      ________      ________      ________
 CANEVRBW       0.000         0.000         0.000         0.000         0.000
 ALCEVRBW       0.000         0.000         0.000         0.000         0.000
 SRPWCR         0.000         0.000         0.000         0.000         0.000
 DEMAGE         0.000         0.000         0.000         0.000         0.000
 DEMMAL         0.000         0.000         0.000         0.000         0.000
 CANEVR         0.000         0.000         0.000         0.000         0.000
 ALCEVR         0.000         0.000         0.000         0.000         0.000


           BETA
              CANEVR        ALCEVR
              ________      ________
 CANEVRBW       0.000         0.000
 ALCEVRBW       0.000         0.000
 SRPWCR         0.000         0.000
 DEMAGE         0.000         0.000
 DEMMAL         0.000         0.000
 CANEVR         0.000         0.000
 ALCEVR         0.000         0.000


           PSI
              CANEVRBW      ALCEVRBW      SRPWCR        DEMAGE        DEMMAL
              ________      ________      ________      ________      ________
 CANEVRBW       0.000
 ALCEVRBW       0.000         0.000
 SRPWCR         0.000         0.000        35.953
 DEMAGE         0.000         0.000         0.000         2.460
 DEMMAL         0.000         0.000         0.000         0.000         0.116
 CANEVR         0.000         0.000         0.000         0.000         0.000
 ALCEVR         0.000         0.000         0.000         0.000         0.000


           PSI
              CANEVR        ALCEVR
              ________      ________
 CANEVR         0.028
 ALCEVR         0.000         0.014


     STARTING VALUES FOR BETWEEN


           NU
              CANEVRBW      ALCEVRBW      SRPWCR        DEMAGE        DEMMAL
              ________      ________      ________      ________      ________
 1              0.000         0.000         0.000         0.000         0.000


           NU
              CANEVR        ALCEVR
              ________      ________
 1              0.000         0.000


           LAMBDA
              CANEVRBW      ALCEVRBW      SRPWCR        DEMAGE        DEMMAL
              ________      ________      ________      ________      ________
 CANEVRBW       1.000         0.000         0.000         0.000         0.000
 ALCEVRBW       0.000         1.000         0.000         0.000         0.000
 SRPWCR         0.000         0.000         1.000         0.000         0.000
 DEMAGE         0.000         0.000         0.000         1.000         0.000
 DEMMAL         0.000         0.000         0.000         0.000         1.000
 CANEVR         0.000         0.000         0.000         0.000         0.000
 ALCEVR         0.000         0.000         0.000         0.000         0.000


           LAMBDA
              CANEVR        ALCEVR
              ________      ________
 CANEVRBW       0.000         0.000
 ALCEVRBW       0.000         0.000
 SRPWCR         0.000         0.000
 DEMAGE         0.000         0.000
 DEMMAL         0.000         0.000
 CANEVR         1.000         0.000
 ALCEVR         0.000         1.000


           THETA
              CANEVRBW      ALCEVRBW      SRPWCR        DEMAGE        DEMMAL
              ________      ________      ________      ________      ________
 CANEVRBW       0.000
 ALCEVRBW       0.000         0.000
 SRPWCR         0.000         0.000         0.000
 DEMAGE         0.000         0.000         0.000         0.000
 DEMMAL         0.000         0.000         0.000         0.000         0.000
 CANEVR         0.000         0.000         0.000         0.000         0.000
 ALCEVR         0.000         0.000         0.000         0.000         0.000


           THETA
              CANEVR        ALCEVR
              ________      ________
 CANEVR         0.000
 ALCEVR         0.000         0.000


           ALPHA
              CANEVRBW      ALCEVRBW      SRPWCR        DEMAGE        DEMMAL
              ________      ________      ________      ________      ________
 1              0.000         0.000         6.089         0.000         0.000


           ALPHA
              CANEVR        ALCEVR
              ________      ________
 1              0.000         0.000


           BETA
              CANEVRBW      ALCEVRBW      SRPWCR        DEMAGE        DEMMAL
              ________      ________      ________      ________      ________
 CANEVRBW       0.000         0.000         0.000         0.000         0.000
 ALCEVRBW       0.000         0.000         0.000         0.000         0.000
 SRPWCR         0.000         0.000         0.000         0.000         0.000
 DEMAGE         0.000         0.000         0.000         0.000         0.000
 DEMMAL         0.000         0.000         0.000         0.000         0.000
 CANEVR         0.000         0.000         0.000         0.000         0.000
 ALCEVR         0.000         0.000         0.000         0.000         0.000


           BETA
              CANEVR        ALCEVR
              ________      ________
 CANEVRBW       0.000         0.000
 ALCEVRBW       0.000         0.000
 SRPWCR         0.000         0.000
 DEMAGE         0.000         0.000
 DEMMAL         0.000         0.000
 CANEVR         0.000         0.000
 ALCEVR         0.000         0.000


           PSI
              CANEVRBW      ALCEVRBW      SRPWCR        DEMAGE        DEMMAL
              ________      ________      ________      ________      ________
 CANEVRBW       0.024
 ALCEVRBW       0.000         0.014
 SRPWCR         0.000         0.000        35.953
 DEMAGE         0.000         0.000         0.000         0.000
 DEMMAL         0.000         0.000         0.000         0.000         0.000
 CANEVR         0.000         0.000         0.000         0.000         0.000
 ALCEVR         0.000         0.000         0.000         0.000         0.000


           PSI
              CANEVR        ALCEVR
              ________      ________
 CANEVR         0.000
 ALCEVR         0.000         0.000


     Beginning Time:  16:00:34
        Ending Time:  16:00:34
       Elapsed Time:  00:00:00



MUTHEN & MUTHEN
3463 Stoner Ave.
Los Angeles, CA  90066

Tel: (310) 391-9971
Fax: (310) 391-8971
Web: www.StatModel.com
Support: Support@StatModel.com

Copyright (c) 1998-2015 Muthen & Muthen
