Mplus VERSION 7.4 (Mac)
MUTHEN & MUTHEN
05/06/2020   4:00 PM

INPUT INSTRUCTIONS


  TITLE: CANEVR_TRLATS_2;

  DATA:
  	FILE = GD190618rr.csv;

  VARIABLE:
  	NAMES =
  			ID_Fam   Wave     ID_MPL
  			DEMMAL   DEMAGE   DEMHSP   DEMRAC
  			SRPWCR
  			WASVCB   WASBLK   WASDGT   WSISUM
  			TRLATS   TRLBTS
  			CVLASF   CVLASC   CVLALF   CVLALC
  			CVLCOM
  			CANEVR   CANONS   CANFLF
  			CANFTY   CANF6M   CANAC6
  			CANYRS
  			ALCEVR   ALCONS   ALCFLF
  			ALCFTY   ALCF6M   ALCAC6
  			ALCYRS
  			SRPWCRDt WASVCBDt WASBLKDt
  			WASDGTDt WSISUMDt TRLATSDt
  			TRLBTSDt CVLASFDt CVLASCDt
  			CVLALFDt CVLALCDt CVLCOMDt
  		;
  	USEVARIABLES =
  		! outcome
  	  		TRLATS
    		! covariates
  	  		DEMAGE
    			DEMMAL  		
    		! within predictor
    			CANEVR
    			ALCEVR
    		! between predictor
    			CANEVRBW
    			ALCEVRBW
    			;
    	USEOBSERVATION =
    			(Wave EQ 2 AND TRLATSDt EQ 1)
    		;
    	CLUSTER =
    			ID_Fam
    		;
    	MISSING = .;
    	BETWEEN =   		
    			CANEVRBW
    			ALCEVRBW
    		;
    	WITHIN  		
    			CANEVR
    			ALCEVR
    			DEMAGE
    			DEMMAL
    		;  		

  DEFINE:
  	! CREATE BW FAM PREDICTOR
  		CANEVRBW = cluster_mean (CANEVR);	
  		ALCEVRBW = cluster_mean (ALCEVR);	
  	! CENTER WI FAM VARIABLES
  		CENTER CANEVR (GROUPMEAN);
  		CENTER ALCEVR (GROUPMEAN);
  		CENTER DEMMAL (GRANDMEAN);
  		CENTER DEMAGE (GRANDMEAN);		
  	! CENTER BW FAM VARIABLES
  		CENTER CANEVRBW (GRANDMEAN);
  		CENTER ALCEVRBW (GRANDMEAN);

  ANALYSIS:
          ITERATIONS = 1000000;
          TYPE = TWOLEVEL RANDOM;
          ALGORITHM = INTEGRATION;

  OUTPUT:
  	SAMPSTAT STDYX TECH1 CINT;

  MODEL:
  %WITHIN%
  	TRLATS on CANEVR;
  	TRLATS on  DEMMAL DEMAGE ALCEVR;	
  	TRLATS*;
  	CANEVR*;

  	CANEVR WITH DEMMAL*;
  	CANEVR WITH DEMAGE*;
  	ALCEVR WITH DEMMAL*;
  	ALCEVR WITH DEMAGE*;
  	CANEVR WITH ALCEVR*;

  %BETWEEN%
  	TRLATS on CANEVRBW ALCEVRBW;
  	TRLATS*;
  	CANEVRBW*;
  	CANEVRBW WITH ALCEVRBW*;



INPUT READING TERMINATED NORMALLY



CANEVR_TRLATS_2;

SUMMARY OF ANALYSIS

Number of groups                                                 1
Number of observations                                         875

Number of dependent variables                                    1
Number of independent variables                                  6
Number of continuous latent variables                            0

Observed dependent variables

  Continuous
   TRLATS

Observed independent variables
   DEMAGE      DEMMAL      CANEVR      ALCEVR      CANEVRBW    ALCEVRBW

Variables with special functions

  Cluster variable      ID_FAM

  Within variables
   DEMAGE      DEMMAL      CANEVR      ALCEVR

  Between variables
   CANEVRBW    ALCEVRBW

  Centering (GRANDMEAN)
   DEMMAL      DEMAGE      CANEVRBW    ALCEVRBW

  Centering (GROUPMEAN)
   CANEVR      ALCEVR


Estimator                                                      MLR
Information matrix                                        OBSERVED
Optimization Specifications for the Quasi-Newton Algorithm for
Continuous Outcomes
  Maximum number of iterations                             1000000
  Convergence criterion                                  0.100D-05
Optimization Specifications for the EM Algorithm
  Maximum number of iterations                                 500
  Convergence criteria
    Loglikelihood change                                 0.100D-02
    Relative loglikelihood change                        0.100D-05
    Derivative                                           0.100D-02
Optimization Specifications for the M step of the EM Algorithm for
Categorical Latent variables
  Number of M step iterations                                    1
  M step convergence criterion                           0.100D-02
  Basis for M step termination                           ITERATION
Optimization Specifications for the M step of the EM Algorithm for
Censored, Binary or Ordered Categorical (Ordinal), Unordered
Categorical (Nominal) and Count Outcomes
  Number of M step iterations                                    1
  M step convergence criterion                           0.100D-02
  Basis for M step termination                           ITERATION
  Maximum value for logit thresholds                            15
  Minimum value for logit thresholds                           -15
  Minimum expected cell size for chi-square              0.100D-01
Maximum number of iterations for H1                           2000
Convergence criterion for H1                             0.100D-03
Optimization algorithm                                         EMA
Integration Specifications
  Type                                                    STANDARD
  Number of integration points                                  15
  Dimensions of numerical integration                            0
  Adaptive quadrature                                           ON
Cholesky                                                       OFF

Input data file(s)
  GD190618rr.csv
Input data format  FREE


SUMMARY OF DATA

     Number of missing data patterns             3
     Number of clusters                        474



COVARIANCE COVERAGE OF DATA

Minimum covariance coverage value   0.100


     PROPORTION OF DATA PRESENT FOR Y


           Covariance Coverage
              CANEVRBW      ALCEVRBW      TRLATS        DEMAGE        DEMMAL
              ________      ________      ________      ________      ________
 CANEVRBW       1.000
 ALCEVRBW       1.000         1.000
 TRLATS         0.904         0.904         0.904
 DEMAGE         0.999         0.999         0.904         0.999
 DEMMAL         0.999         0.999         0.904         0.999         0.999
 CANEVR         1.000         1.000         0.904         0.999         0.999
 ALCEVR         1.000         1.000         0.904         0.999         0.999


           Covariance Coverage
              CANEVR        ALCEVR
              ________      ________
 CANEVR         1.000
 ALCEVR         1.000         1.000


SAMPLE STATISTICS


     ESTIMATED SAMPLE STATISTICS


           Means
              CANEVRBW      ALCEVRBW      TRLATS        DEMAGE        DEMMAL
              ________      ________      ________      ________      ________
 1              0.000         0.000        51.209         0.000         0.000


           Means
              CANEVR        ALCEVR
              ________      ________
 1              0.000         0.000


           Covariances
              CANEVRBW      ALCEVRBW      TRLATS        DEMAGE        DEMMAL
              ________      ________      ________      ________      ________
 CANEVRBW       0.032
 ALCEVRBW       0.002         0.003
 TRLATS         0.162         0.029       133.319
 DEMAGE        -0.060        -0.001         0.840         7.039
 DEMMAL         0.008         0.000        -0.187        -0.130         0.236
 CANEVR         0.000         0.000         0.035        -0.069         0.008
 ALCEVR         0.000         0.000        -0.009        -0.009        -0.001


           Covariances
              CANEVR        ALCEVR
              ________      ________
 CANEVR         0.027
 ALCEVR         0.002         0.002


           Correlations
              CANEVRBW      ALCEVRBW      TRLATS        DEMAGE        DEMMAL
              ________      ________      ________      ________      ________
 CANEVRBW       1.000
 ALCEVRBW       0.229         1.000
 TRLATS         0.079         0.044         1.000
 DEMAGE        -0.126        -0.010         0.027         1.000
 DEMMAL         0.094        -0.003        -0.033        -0.101         1.000
 CANEVR         0.000         0.000         0.019        -0.157         0.099
 ALCEVR         0.000         0.000        -0.016        -0.066        -0.039


           Correlations
              CANEVR        ALCEVR
              ________      ________
 CANEVR         1.000
 ALCEVR         0.232         1.000


     MAXIMUM LOG-LIKELIHOOD VALUE FOR THE UNRESTRICTED (H1) MODEL IS -2416.800


UNIVARIATE SAMPLE STATISTICS


     UNIVARIATE HIGHER-ORDER MOMENT DESCRIPTIVE STATISTICS

         Variable/         Mean/     Skewness/   Minimum/ % with                Percentiles
        Sample Size      Variance    Kurtosis    Maximum  Min/Max      20%/60%    40%/80%    Median

     CANEVRBW              0.005      -3.327      -0.937    1.48%       0.063      0.063      0.063
             474.000       0.032      11.199       0.063   89.45%       0.063      0.063
     ALCEVRBW              0.000     -11.987      -0.994    0.21%       0.006      0.006      0.006
             474.000       0.004     159.574       0.006   98.95%       0.006      0.006
     TRLATS               51.166      -0.027       2.000    0.13%      42.000     49.000     51.000
             791.000     133.357       0.286      84.000    0.13%      53.000     60.000
     DEMAGE                0.000       0.529      -5.280    0.11%      -2.300     -0.940     -0.305
             874.000       7.039       0.002       9.740    0.11%       0.430      2.180
     DEMMAL                0.000      -0.490      -0.619   38.10%      -0.619      0.381      0.381
             874.000       0.236      -1.760       0.381   61.90%       0.381      0.381
     CANEVR                0.000      -0.380      -0.750    0.11%       0.000      0.000      0.000
             875.000       0.027       7.204       0.667    0.23%       0.000      0.000
     ALCEVR                0.000      -2.061      -0.667    0.11%       0.000      0.000      0.000
             875.000       0.002     108.317       0.500    0.34%       0.000      0.000

     THE STANDARD ERRORS OF THE MODEL PARAMETER ESTIMATES MAY NOT BE
     TRUSTWORTHY FOR SOME PARAMETERS DUE TO A NON-POSITIVE DEFINITE
     FIRST-ORDER DERIVATIVE PRODUCT MATRIX.  THIS MAY BE DUE TO THE STARTING
     VALUES BUT MAY ALSO BE AN INDICATION OF MODEL NONIDENTIFICATION.  THE
     CONDITION NUMBER IS      -0.949D-16.  PROBLEM INVOLVING THE FOLLOWING PARAMETER:
     Parameter 3, %WITHIN%: [ CANEVR ]


THE MODEL ESTIMATION TERMINATED NORMALLY



MODEL FIT INFORMATION

Number of Free Parameters                       27

Loglikelihood

          H0 Value                       -3191.715
          H0 Scaling Correction Factor      8.5464
            for MLR

Information Criteria

          Akaike (AIC)                    6437.431
          Bayesian (BIC)                  6566.335
          Sample-Size Adjusted BIC        6480.589
            (n* = (n + 2) / 24)



MODEL RESULTS

                                                    Two-Tailed
                    Estimate       S.E.  Est./S.E.    P-Value

Within Level

 TRLATS     ON
    CANEVR             2.296      2.337      0.982      0.326
    DEMMAL            -1.014      0.877     -1.156      0.248
    DEMAGE             0.137      0.154      0.885      0.376
    ALCEVR            -5.368      8.678     -0.619      0.536

 CANEVR   WITH
    DEMMAL             0.007      0.003      2.199      0.028
    DEMAGE            -0.065      0.015     -4.191      0.000
    ALCEVR             0.002      0.001      1.724      0.085

 ALCEVR   WITH
    DEMMAL            -0.001      0.001     -1.023      0.306
    DEMAGE            -0.009      0.006     -1.529      0.126

 Means
    DEMAGE             0.000      0.100      0.000      1.000
    DEMMAL             0.000      0.017      0.000      1.000
    CANEVR             0.000      0.000    999.000    999.000
    ALCEVR             0.000      0.000    999.000    999.000

 Variances
    DEMAGE             7.039      0.329     21.411      0.000
    DEMMAL             0.236      0.004     56.784      0.000
    CANEVR             0.027      0.004      6.928      0.000
    ALCEVR             0.002      0.001      1.992      0.046

 Residual Variances
    TRLATS           117.977      8.942     13.193      0.000

Between Level

 TRLATS     ON
    CANEVRBW           5.192      2.598      1.999      0.046
    ALCEVRBW           4.627      7.366      0.628      0.530

 CANEVRBW WITH
    ALCEVRBW           0.003      0.002      1.464      0.143

 Means
    CANEVRBW           0.005      0.008      0.606      0.545
    ALCEVRBW           0.000      0.003     -0.092      0.927

 Intercepts
    TRLATS            51.208      0.429    119.388      0.000

 Variances
    CANEVRBW           0.032      0.005      5.993      0.000
    ALCEVRBW           0.004      0.002      1.713      0.087

 Residual Variances
    TRLATS            14.173      6.834      2.074      0.038


STANDARDIZED MODEL RESULTS


STDYX Standardization

                                                    Two-Tailed
                    Estimate       S.E.  Est./S.E.    P-Value

Within Level

 TRLATS     ON
    CANEVR             0.035      0.035      0.984      0.325
    DEMMAL            -0.045      0.039     -1.164      0.244
    DEMAGE             0.033      0.038      0.889      0.374
    ALCEVR            -0.025      0.040     -0.614      0.540

 CANEVR   WITH
    DEMMAL             0.084      0.037      2.272      0.023
    DEMAGE            -0.149      0.030     -4.999      0.000
    ALCEVR             0.233      0.085      2.747      0.006

 ALCEVR   WITH
    DEMMAL            -0.046      0.040     -1.148      0.251
    DEMAGE            -0.070      0.033     -2.110      0.035

 Means
    DEMAGE             0.000      0.038      0.000      1.000
    DEMMAL             0.000      0.036      0.000      1.000
    CANEVR             0.000      0.000    999.000    999.000
    ALCEVR             0.000      0.000    999.000    999.000

 Variances
    DEMAGE             1.000      0.000    999.000    999.000
    DEMMAL             1.000      0.000    999.000    999.000
    CANEVR             1.000      0.000    999.000    999.000
    ALCEVR             1.000      0.000    999.000    999.000

 Residual Variances
    TRLATS             0.996      0.005    213.017      0.000

Between Level

 TRLATS     ON
    CANEVRBW           0.239      0.120      1.988      0.047
    ALCEVRBW           0.074      0.112      0.662      0.508

 CANEVRBW WITH
    ALCEVRBW           0.272      0.106      2.561      0.010

 Means
    CANEVRBW           0.028      0.048      0.579      0.563
    ALCEVRBW          -0.004      0.045     -0.094      0.925

 Intercepts
    TRLATS            13.101      2.968      4.414      0.000

 Variances
    CANEVRBW           1.000      0.000    999.000    999.000
    ALCEVRBW           1.000      0.000    999.000    999.000

 Residual Variances
    TRLATS             0.928      0.063     14.661      0.000


R-SQUARE

Within Level

    Observed                                        Two-Tailed
    Variable        Estimate       S.E.  Est./S.E.    P-Value

    TRLATS             0.004      0.005      0.850      0.395

Between Level

    Observed                                        Two-Tailed
    Variable        Estimate       S.E.  Est./S.E.    P-Value

    TRLATS             0.072      0.063      1.143      0.253


QUALITY OF NUMERICAL RESULTS

     Condition Number for the Information Matrix             -0.949E-16
       (ratio of smallest to largest eigenvalue)


CONFIDENCE INTERVALS OF MODEL RESULTS

                  Lower .5%  Lower 2.5%    Lower 5%    Estimate    Upper 5%  Upper 2.5%   Upper .5%

Within Level

 TRLATS   ON
    CANEVR          -3.724      -2.285      -1.548       2.296       6.140       6.877       8.316
    DEMMAL          -3.273      -2.733      -2.457      -1.014       0.429       0.706       1.246
    DEMAGE          -0.261      -0.166      -0.117       0.137       0.391       0.439       0.535
    ALCEVR         -27.722     -22.378     -19.644      -5.368       8.907      11.641      16.985

 CANEVR   WITH
    DEMMAL          -0.001       0.001       0.002       0.007       0.012       0.013       0.015
    DEMAGE          -0.105      -0.095      -0.090      -0.065      -0.039      -0.035      -0.025
    ALCEVR          -0.001       0.000       0.000       0.002       0.004       0.004       0.005

 ALCEVR   WITH
    DEMMAL          -0.004      -0.003      -0.003      -0.001       0.001       0.001       0.002
    DEMAGE          -0.025      -0.021      -0.019      -0.009       0.001       0.003       0.006

 Means
    DEMAGE          -0.257      -0.196      -0.164       0.000       0.164       0.196       0.257
    DEMMAL          -0.045      -0.034      -0.029       0.000       0.029       0.034       0.045
    CANEVR           0.000       0.000       0.000       0.000       0.000       0.000       0.000
    ALCEVR           0.000       0.000       0.000       0.000       0.000       0.000       0.000

 Variances
    DEMAGE           6.192       6.394       6.498       7.039       7.579       7.683       7.885
    DEMMAL           0.225       0.228       0.229       0.236       0.243       0.244       0.247
    CANEVR           0.017       0.019       0.021       0.027       0.034       0.035       0.037
    ALCEVR          -0.001       0.000       0.000       0.002       0.005       0.005       0.006

 Residual Variances
    TRLATS          94.944     100.450     103.267     117.977     132.686     135.503     141.010

Between Level

 TRLATS   ON
    CANEVRBW        -1.499       0.100       0.919       5.192       9.465      10.283      11.882
    ALCEVRBW       -14.347      -9.811      -7.490       4.627      16.745      19.066      23.602

 CANEVRBW WITH
    ALCEVRBW        -0.002      -0.001       0.000       0.003       0.006       0.007       0.008

 Means
    CANEVRBW        -0.016      -0.011      -0.009       0.005       0.019       0.021       0.026
    ALCEVRBW        -0.008      -0.006      -0.005       0.000       0.004       0.005       0.007

 Intercepts
    TRLATS          50.103      50.367      50.502      51.208      51.913      52.049      52.313

 Variances
    CANEVRBW         0.019       0.022       0.024       0.032       0.041       0.043       0.046
    ALCEVRBW        -0.002      -0.001       0.000       0.004       0.008       0.008       0.010

 Residual Variances
    TRLATS          -3.429       0.779       2.932      14.173      25.415      27.567      31.775


CONFIDENCE INTERVALS OF STANDARDIZED MODEL RESULTS


STDYX Standardization

                  Lower .5%  Lower 2.5%    Lower 5%    Estimate    Upper 5%  Upper 2.5%   Upper .5%

Within Level

 TRLATS   ON
    CANEVR          -0.056      -0.034      -0.023       0.035       0.093       0.104       0.126
    DEMMAL          -0.145      -0.121      -0.109      -0.045       0.019       0.031       0.055
    DEMAGE          -0.063      -0.040      -0.028       0.033       0.095       0.107       0.130
    ALCEVR          -0.128      -0.103      -0.090      -0.025       0.041       0.054       0.079

 CANEVR   WITH
    DEMMAL          -0.011       0.012       0.023       0.084       0.145       0.156       0.179
    DEMAGE          -0.225      -0.207      -0.198      -0.149      -0.100      -0.090      -0.072
    ALCEVR           0.014       0.067       0.093       0.233       0.372       0.399       0.451

 ALCEVR   WITH
    DEMMAL          -0.151      -0.126      -0.113      -0.046       0.020       0.033       0.058
    DEMAGE          -0.157      -0.136      -0.125      -0.070      -0.016      -0.005       0.016

 Means
    DEMAGE          -0.097      -0.074      -0.062       0.000       0.062       0.074       0.097
    DEMMAL          -0.093      -0.070      -0.059       0.000       0.059       0.070       0.093
    CANEVR           0.000       0.000       0.000       0.000       0.000       0.000       0.000
    ALCEVR           0.000       0.000       0.000       0.000       0.000       0.000       0.000

 Variances
    DEMAGE           1.000       1.000       1.000       1.000       1.000       1.000       1.000
    DEMMAL           1.000       1.000       1.000       1.000       1.000       1.000       1.000
    CANEVR           1.000       1.000       1.000       1.000       1.000       1.000       1.000
    ALCEVR           1.000       1.000       1.000       1.000       1.000       1.000       1.000

 Residual Variances
    TRLATS           0.984       0.987       0.988       0.996       1.004       1.005       1.008

Between Level

 TRLATS   ON
    CANEVRBW        -0.071       0.003       0.041       0.239       0.437       0.475       0.549
    ALCEVRBW        -0.213      -0.145      -0.110       0.074       0.257       0.292       0.361

 CANEVRBW WITH
    ALCEVRBW        -0.002       0.064       0.097       0.272       0.446       0.479       0.545

 Means
    CANEVRBW        -0.096      -0.066      -0.051       0.028       0.107       0.122       0.152
    ALCEVRBW        -0.120      -0.092      -0.078      -0.004       0.069       0.084       0.111

 Intercepts
    TRLATS           5.456       7.284       8.219      13.101      17.983      18.918      20.745

 Variances
    CANEVRBW         1.000       1.000       1.000       1.000       1.000       1.000       1.000
    ALCEVRBW         1.000       1.000       1.000       1.000       1.000       1.000       1.000

 Residual Variances
    TRLATS           0.765       0.804       0.824       0.928       1.032       1.052       1.091


TECHNICAL 1 OUTPUT


     PARAMETER SPECIFICATION FOR WITHIN


           NU
              CANEVRBW      ALCEVRBW      TRLATS        DEMAGE        DEMMAL
              ________      ________      ________      ________      ________
 1                  0             0             0             0             0


           NU
              CANEVR        ALCEVR
              ________      ________
 1                  0             0


           LAMBDA
              CANEVRBW      ALCEVRBW      TRLATS        DEMAGE        DEMMAL
              ________      ________      ________      ________      ________
 CANEVRBW           0             0             0             0             0
 ALCEVRBW           0             0             0             0             0
 TRLATS             0             0             0             0             0
 DEMAGE             0             0             0             0             0
 DEMMAL             0             0             0             0             0
 CANEVR             0             0             0             0             0
 ALCEVR             0             0             0             0             0


           LAMBDA
              CANEVR        ALCEVR
              ________      ________
 CANEVRBW           0             0
 ALCEVRBW           0             0
 TRLATS             0             0
 DEMAGE             0             0
 DEMMAL             0             0
 CANEVR             0             0
 ALCEVR             0             0


           THETA
              CANEVRBW      ALCEVRBW      TRLATS        DEMAGE        DEMMAL
              ________      ________      ________      ________      ________
 CANEVRBW           0
 ALCEVRBW           0             0
 TRLATS             0             0             0
 DEMAGE             0             0             0             0
 DEMMAL             0             0             0             0             0
 CANEVR             0             0             0             0             0
 ALCEVR             0             0             0             0             0


           THETA
              CANEVR        ALCEVR
              ________      ________
 CANEVR             0
 ALCEVR             0             0


           ALPHA
              CANEVRBW      ALCEVRBW      TRLATS        DEMAGE        DEMMAL
              ________      ________      ________      ________      ________
 1                  0             0             0             1             2


           ALPHA
              CANEVR        ALCEVR
              ________      ________
 1                  3             4


           BETA
              CANEVRBW      ALCEVRBW      TRLATS        DEMAGE        DEMMAL
              ________      ________      ________      ________      ________
 CANEVRBW           0             0             0             0             0
 ALCEVRBW           0             0             0             0             0
 TRLATS             0             0             0             5             6
 DEMAGE             0             0             0             0             0
 DEMMAL             0             0             0             0             0
 CANEVR             0             0             0             0             0
 ALCEVR             0             0             0             0             0


           BETA
              CANEVR        ALCEVR
              ________      ________
 CANEVRBW           0             0
 ALCEVRBW           0             0
 TRLATS             7             8
 DEMAGE             0             0
 DEMMAL             0             0
 CANEVR             0             0
 ALCEVR             0             0


           PSI
              CANEVRBW      ALCEVRBW      TRLATS        DEMAGE        DEMMAL
              ________      ________      ________      ________      ________
 CANEVRBW           0
 ALCEVRBW           0             0
 TRLATS             0             0             9
 DEMAGE             0             0             0            10
 DEMMAL             0             0             0             0            11
 CANEVR             0             0             0            12            13
 ALCEVR             0             0             0            15            16


           PSI
              CANEVR        ALCEVR
              ________      ________
 CANEVR            14
 ALCEVR            17            18


     PARAMETER SPECIFICATION FOR BETWEEN


           NU
              CANEVRBW      ALCEVRBW      TRLATS        DEMAGE        DEMMAL
              ________      ________      ________      ________      ________
 1                  0             0             0             0             0


           NU
              CANEVR        ALCEVR
              ________      ________
 1                  0             0


           LAMBDA
              CANEVRBW      ALCEVRBW      TRLATS        DEMAGE        DEMMAL
              ________      ________      ________      ________      ________
 CANEVRBW           0             0             0             0             0
 ALCEVRBW           0             0             0             0             0
 TRLATS             0             0             0             0             0
 DEMAGE             0             0             0             0             0
 DEMMAL             0             0             0             0             0
 CANEVR             0             0             0             0             0
 ALCEVR             0             0             0             0             0


           LAMBDA
              CANEVR        ALCEVR
              ________      ________
 CANEVRBW           0             0
 ALCEVRBW           0             0
 TRLATS             0             0
 DEMAGE             0             0
 DEMMAL             0             0
 CANEVR             0             0
 ALCEVR             0             0


           THETA
              CANEVRBW      ALCEVRBW      TRLATS        DEMAGE        DEMMAL
              ________      ________      ________      ________      ________
 CANEVRBW           0
 ALCEVRBW           0             0
 TRLATS             0             0             0
 DEMAGE             0             0             0             0
 DEMMAL             0             0             0             0             0
 CANEVR             0             0             0             0             0
 ALCEVR             0             0             0             0             0


           THETA
              CANEVR        ALCEVR
              ________      ________
 CANEVR             0
 ALCEVR             0             0


           ALPHA
              CANEVRBW      ALCEVRBW      TRLATS        DEMAGE        DEMMAL
              ________      ________      ________      ________      ________
 1                 19            20            21             0             0


           ALPHA
              CANEVR        ALCEVR
              ________      ________
 1                  0             0


           BETA
              CANEVRBW      ALCEVRBW      TRLATS        DEMAGE        DEMMAL
              ________      ________      ________      ________      ________
 CANEVRBW           0             0             0             0             0
 ALCEVRBW           0             0             0             0             0
 TRLATS            22            23             0             0             0
 DEMAGE             0             0             0             0             0
 DEMMAL             0             0             0             0             0
 CANEVR             0             0             0             0             0
 ALCEVR             0             0             0             0             0


           BETA
              CANEVR        ALCEVR
              ________      ________
 CANEVRBW           0             0
 ALCEVRBW           0             0
 TRLATS             0             0
 DEMAGE             0             0
 DEMMAL             0             0
 CANEVR             0             0
 ALCEVR             0             0


           PSI
              CANEVRBW      ALCEVRBW      TRLATS        DEMAGE        DEMMAL
              ________      ________      ________      ________      ________
 CANEVRBW          24
 ALCEVRBW          25            26
 TRLATS             0             0            27
 DEMAGE             0             0             0             0
 DEMMAL             0             0             0             0             0
 CANEVR             0             0             0             0             0
 ALCEVR             0             0             0             0             0


           PSI
              CANEVR        ALCEVR
              ________      ________
 CANEVR             0
 ALCEVR             0             0


     STARTING VALUES FOR WITHIN


           NU
              CANEVRBW      ALCEVRBW      TRLATS        DEMAGE        DEMMAL
              ________      ________      ________      ________      ________
 1              0.000         0.000         0.000         0.000         0.000


           NU
              CANEVR        ALCEVR
              ________      ________
 1              0.000         0.000


           LAMBDA
              CANEVRBW      ALCEVRBW      TRLATS        DEMAGE        DEMMAL
              ________      ________      ________      ________      ________
 CANEVRBW       1.000         0.000         0.000         0.000         0.000
 ALCEVRBW       0.000         1.000         0.000         0.000         0.000
 TRLATS         0.000         0.000         1.000         0.000         0.000
 DEMAGE         0.000         0.000         0.000         1.000         0.000
 DEMMAL         0.000         0.000         0.000         0.000         1.000
 CANEVR         0.000         0.000         0.000         0.000         0.000
 ALCEVR         0.000         0.000         0.000         0.000         0.000


           LAMBDA
              CANEVR        ALCEVR
              ________      ________
 CANEVRBW       0.000         0.000
 ALCEVRBW       0.000         0.000
 TRLATS         0.000         0.000
 DEMAGE         0.000         0.000
 DEMMAL         0.000         0.000
 CANEVR         1.000         0.000
 ALCEVR         0.000         1.000


           THETA
              CANEVRBW      ALCEVRBW      TRLATS        DEMAGE        DEMMAL
              ________      ________      ________      ________      ________
 CANEVRBW       0.000
 ALCEVRBW       0.000         0.000
 TRLATS         0.000         0.000         0.000
 DEMAGE         0.000         0.000         0.000         0.000
 DEMMAL         0.000         0.000         0.000         0.000         0.000
 CANEVR         0.000         0.000         0.000         0.000         0.000
 ALCEVR         0.000         0.000         0.000         0.000         0.000


           THETA
              CANEVR        ALCEVR
              ________      ________
 CANEVR         0.000
 ALCEVR         0.000         0.000


           ALPHA
              CANEVRBW      ALCEVRBW      TRLATS        DEMAGE        DEMMAL
              ________      ________      ________      ________      ________
 1              0.000         0.000         0.000         0.000         0.000


           ALPHA
              CANEVR        ALCEVR
              ________      ________
 1              0.000         0.000


           BETA
              CANEVRBW      ALCEVRBW      TRLATS        DEMAGE        DEMMAL
              ________      ________      ________      ________      ________
 CANEVRBW       0.000         0.000         0.000         0.000         0.000
 ALCEVRBW       0.000         0.000         0.000         0.000         0.000
 TRLATS         0.000         0.000         0.000         0.000         0.000
 DEMAGE         0.000         0.000         0.000         0.000         0.000
 DEMMAL         0.000         0.000         0.000         0.000         0.000
 CANEVR         0.000         0.000         0.000         0.000         0.000
 ALCEVR         0.000         0.000         0.000         0.000         0.000


           BETA
              CANEVR        ALCEVR
              ________      ________
 CANEVRBW       0.000         0.000
 ALCEVRBW       0.000         0.000
 TRLATS         0.000         0.000
 DEMAGE         0.000         0.000
 DEMMAL         0.000         0.000
 CANEVR         0.000         0.000
 ALCEVR         0.000         0.000


           PSI
              CANEVRBW      ALCEVRBW      TRLATS        DEMAGE        DEMMAL
              ________      ________      ________      ________      ________
 CANEVRBW       0.000
 ALCEVRBW       0.000         0.000
 TRLATS         0.000         0.000        66.678
 DEMAGE         0.000         0.000         0.000         3.519
 DEMMAL         0.000         0.000         0.000         0.000         0.118
 CANEVR         0.000         0.000         0.000         0.000         0.000
 ALCEVR         0.000         0.000         0.000         0.000         0.000


           PSI
              CANEVR        ALCEVR
              ________      ________
 CANEVR         0.014
 ALCEVR         0.000         0.001


     STARTING VALUES FOR BETWEEN


           NU
              CANEVRBW      ALCEVRBW      TRLATS        DEMAGE        DEMMAL
              ________      ________      ________      ________      ________
 1              0.000         0.000         0.000         0.000         0.000


           NU
              CANEVR        ALCEVR
              ________      ________
 1              0.000         0.000


           LAMBDA
              CANEVRBW      ALCEVRBW      TRLATS        DEMAGE        DEMMAL
              ________      ________      ________      ________      ________
 CANEVRBW       1.000         0.000         0.000         0.000         0.000
 ALCEVRBW       0.000         1.000         0.000         0.000         0.000
 TRLATS         0.000         0.000         1.000         0.000         0.000
 DEMAGE         0.000         0.000         0.000         1.000         0.000
 DEMMAL         0.000         0.000         0.000         0.000         1.000
 CANEVR         0.000         0.000         0.000         0.000         0.000
 ALCEVR         0.000         0.000         0.000         0.000         0.000


           LAMBDA
              CANEVR        ALCEVR
              ________      ________
 CANEVRBW       0.000         0.000
 ALCEVRBW       0.000         0.000
 TRLATS         0.000         0.000
 DEMAGE         0.000         0.000
 DEMMAL         0.000         0.000
 CANEVR         1.000         0.000
 ALCEVR         0.000         1.000


           THETA
              CANEVRBW      ALCEVRBW      TRLATS        DEMAGE        DEMMAL
              ________      ________      ________      ________      ________
 CANEVRBW       0.000
 ALCEVRBW       0.000         0.000
 TRLATS         0.000         0.000         0.000
 DEMAGE         0.000         0.000         0.000         0.000
 DEMMAL         0.000         0.000         0.000         0.000         0.000
 CANEVR         0.000         0.000         0.000         0.000         0.000
 ALCEVR         0.000         0.000         0.000         0.000         0.000


           THETA
              CANEVR        ALCEVR
              ________      ________
 CANEVR         0.000
 ALCEVR         0.000         0.000


           ALPHA
              CANEVRBW      ALCEVRBW      TRLATS        DEMAGE        DEMMAL
              ________      ________      ________      ________      ________
 1              0.000         0.000        51.166         0.000         0.000


           ALPHA
              CANEVR        ALCEVR
              ________      ________
 1              0.000         0.000


           BETA
              CANEVRBW      ALCEVRBW      TRLATS        DEMAGE        DEMMAL
              ________      ________      ________      ________      ________
 CANEVRBW       0.000         0.000         0.000         0.000         0.000
 ALCEVRBW       0.000         0.000         0.000         0.000         0.000
 TRLATS         0.000         0.000         0.000         0.000         0.000
 DEMAGE         0.000         0.000         0.000         0.000         0.000
 DEMMAL         0.000         0.000         0.000         0.000         0.000
 CANEVR         0.000         0.000         0.000         0.000         0.000
 ALCEVR         0.000         0.000         0.000         0.000         0.000


           BETA
              CANEVR        ALCEVR
              ________      ________
 CANEVRBW       0.000         0.000
 ALCEVRBW       0.000         0.000
 TRLATS         0.000         0.000
 DEMAGE         0.000         0.000
 DEMMAL         0.000         0.000
 CANEVR         0.000         0.000
 ALCEVR         0.000         0.000


           PSI
              CANEVRBW      ALCEVRBW      TRLATS        DEMAGE        DEMMAL
              ________      ________      ________      ________      ________
 CANEVRBW       0.016
 ALCEVRBW       0.000         0.002
 TRLATS         0.000         0.000        66.678
 DEMAGE         0.000         0.000         0.000         0.000
 DEMMAL         0.000         0.000         0.000         0.000         0.000
 CANEVR         0.000         0.000         0.000         0.000         0.000
 ALCEVR         0.000         0.000         0.000         0.000         0.000


           PSI
              CANEVR        ALCEVR
              ________      ________
 CANEVR         0.000
 ALCEVR         0.000         0.000


     Beginning Time:  16:00:38
        Ending Time:  16:00:38
       Elapsed Time:  00:00:00



MUTHEN & MUTHEN
3463 Stoner Ave.
Los Angeles, CA  90066

Tel: (310) 391-9971
Fax: (310) 391-8971
Web: www.StatModel.com
Support: Support@StatModel.com

Copyright (c) 1998-2015 Muthen & Muthen
