Mplus VERSION 7.4 (Mac)
MUTHEN & MUTHEN
05/06/2020   4:00 PM

INPUT INSTRUCTIONS


  TITLE: CANEVR_WASVCB_1;

  DATA:
  	FILE = GD190618rr.csv;

  VARIABLE:
  	NAMES =
  			ID_Fam   Wave     ID_MPL
  			DEMMAL   DEMAGE   DEMHSP   DEMRAC
  			SRPWCR
  			WASVCB   WASBLK   WASDGT   WSISUM
  			TRLATS   TRLBTS
  			CVLASF   CVLASC   CVLALF   CVLALC
  			CVLCOM
  			CANEVR   CANONS   CANFLF
  			CANFTY   CANF6M   CANAC6
  			CANYRS
  			ALCEVR   ALCONS   ALCFLF
  			ALCFTY   ALCF6M   ALCAC6
  			ALCYRS
  			SRPWCRDt WASVCBDt WASBLKDt
  			WASDGTDt WSISUMDt TRLATSDt
  			TRLBTSDt CVLASFDt CVLASCDt
  			CVLALFDt CVLALCDt CVLCOMDt
  		;
  	USEVARIABLES =
  		! outcome
  	  		WASVCB
    		! covariates
  	  		DEMAGE
    			DEMMAL  	
    		! within predictor
    			CANEVR
    			ALCEVR
    		! between predictor
    			CANEVRBW
    			ALCEVRBW	
    		;
    	USEOBSERVATION =
    			(Wave EQ 1 AND WASVCBDt EQ 1)
    		;
    	CLUSTER =
    			ID_Fam
    		;
    	MISSING = .;
    	BETWEEN =   		
    			CANEVRBW
    			ALCEVRBW
    		;
    	WITHIN  		
    			CANEVR
    			ALCEVR
    			DEMAGE
    			DEMMAL
    		;  			

  DEFINE:
  	! CREATE BW FAM PREDICTOR
  		CANEVRBW = cluster_mean (CANEVR);	
  		ALCEVRBW = cluster_mean (ALCEVR);	
  	! CENTER WI FAM VARIABLES
  		CENTER CANEVR (GROUPMEAN);
  		CENTER ALCEVR (GROUPMEAN);
  		CENTER DEMMAL (GRANDMEAN);
  		CENTER DEMAGE (GRANDMEAN);		
  	! CENTER BW FAM VARIABLES
  		CENTER CANEVRBW (GRANDMEAN);
  		CENTER ALCEVRBW (GRANDMEAN);

  ANALYSIS:
          ITERATIONS = 1000000;
          TYPE = TWOLEVEL RANDOM;
          ALGORITHM = INTEGRATION;

  OUTPUT:
  	SAMPSTAT STDYX TECH1 CINT;

  MODEL:
  %WITHIN%
  	WASVCB on CANEVR;
  	WASVCB on  DEMMAL DEMAGE ALCEVR;	
  	WASVCB*;
  	CANEVR*;

  	CANEVR WITH DEMMAL*;
  	CANEVR WITH DEMAGE*;
  	ALCEVR WITH DEMMAL*;
  	ALCEVR WITH DEMAGE*;
  	CANEVR WITH ALCEVR*;

  %BETWEEN%
  	WASVCB on CANEVRBW ALCEVRBW;
  	WASVCB*;
  	CANEVRBW*;
  	CANEVRBW WITH ALCEVRBW*;



INPUT READING TERMINATED NORMALLY



CANEVR_WASVCB_1;

SUMMARY OF ANALYSIS

Number of groups                                                 1
Number of observations                                        1105

Number of dependent variables                                    1
Number of independent variables                                  6
Number of continuous latent variables                            0

Observed dependent variables

  Continuous
   WASVCB

Observed independent variables
   DEMAGE      DEMMAL      CANEVR      ALCEVR      CANEVRBW    ALCEVRBW

Variables with special functions

  Cluster variable      ID_FAM

  Within variables
   DEMAGE      DEMMAL      CANEVR      ALCEVR

  Between variables
   CANEVRBW    ALCEVRBW

  Centering (GRANDMEAN)
   DEMMAL      DEMAGE      CANEVRBW    ALCEVRBW

  Centering (GROUPMEAN)
   CANEVR      ALCEVR


Estimator                                                      MLR
Information matrix                                        OBSERVED
Optimization Specifications for the Quasi-Newton Algorithm for
Continuous Outcomes
  Maximum number of iterations                             1000000
  Convergence criterion                                  0.100D-05
Optimization Specifications for the EM Algorithm
  Maximum number of iterations                                 500
  Convergence criteria
    Loglikelihood change                                 0.100D-02
    Relative loglikelihood change                        0.100D-05
    Derivative                                           0.100D-02
Optimization Specifications for the M step of the EM Algorithm for
Categorical Latent variables
  Number of M step iterations                                    1
  M step convergence criterion                           0.100D-02
  Basis for M step termination                           ITERATION
Optimization Specifications for the M step of the EM Algorithm for
Censored, Binary or Ordered Categorical (Ordinal), Unordered
Categorical (Nominal) and Count Outcomes
  Number of M step iterations                                    1
  M step convergence criterion                           0.100D-02
  Basis for M step termination                           ITERATION
  Maximum value for logit thresholds                            15
  Minimum value for logit thresholds                           -15
  Minimum expected cell size for chi-square              0.100D-01
Maximum number of iterations for H1                           2000
Convergence criterion for H1                             0.100D-03
Optimization algorithm                                         EMA
Integration Specifications
  Type                                                    STANDARD
  Number of integration points                                  15
  Dimensions of numerical integration                            0
  Adaptive quadrature                                           ON
Cholesky                                                       OFF

Input data file(s)
  GD190618rr.csv
Input data format  FREE


SUMMARY OF DATA

     Number of missing data patterns             4
     Number of clusters                        583



COVARIANCE COVERAGE OF DATA

Minimum covariance coverage value   0.100


     PROPORTION OF DATA PRESENT FOR Y


           Covariance Coverage
              CANEVRBW      ALCEVRBW      WASVCB        DEMAGE        DEMMAL
              ________      ________      ________      ________      ________
 CANEVRBW       0.999
 ALCEVRBW       0.999         0.999
 WASVCB         0.999         0.999         1.000
 DEMAGE         0.998         0.998         0.999         0.999
 DEMMAL         0.999         0.999         1.000         0.999         1.000
 CANEVR         0.996         0.996         0.996         0.995         0.996
 ALCEVR         0.996         0.996         0.996         0.995         0.996


           Covariance Coverage
              CANEVR        ALCEVR
              ________      ________
 CANEVR         0.996
 ALCEVR         0.996         0.996


SAMPLE STATISTICS


     ESTIMATED SAMPLE STATISTICS


           Means
              CANEVRBW      ALCEVRBW      WASVCB        DEMAGE        DEMMAL
              ________      ________      ________      ________      ________
 1              0.000         0.000        44.418         0.000         0.000


           Means
              CANEVR        ALCEVR
              ________      ________
 1              0.000         0.000


           Covariances
              CANEVRBW      ALCEVRBW      WASVCB        DEMAGE        DEMMAL
              ________      ________      ________      ________      ________
 CANEVRBW       0.044
 ALCEVRBW       0.014         0.022
 WASVCB        -0.025         0.087        86.158
 DEMAGE         0.000         0.026         0.079         4.816
 DEMMAL         0.009         0.001         0.032        -0.166         0.231
 CANEVR         0.000         0.000        -0.032        -0.085         0.014
 ALCEVR         0.000         0.000         0.014        -0.016         0.006


           Covariances
              CANEVR        ALCEVR
              ________      ________
 CANEVR         0.048
 ALCEVR         0.016         0.024


           Correlations
              CANEVRBW      ALCEVRBW      WASVCB        DEMAGE        DEMMAL
              ________      ________      ________      ________      ________
 CANEVRBW       1.000
 ALCEVRBW       0.461         1.000
 WASVCB        -0.013         0.063         1.000
 DEMAGE         0.001         0.079         0.004         1.000
 DEMMAL         0.087         0.008         0.007        -0.158         1.000
 CANEVR         0.000         0.000        -0.016        -0.176         0.133
 ALCEVR         0.000         0.000         0.010        -0.049         0.077


           Correlations
              CANEVR        ALCEVR
              ________      ________
 CANEVR         1.000
 ALCEVR         0.477         1.000


     MAXIMUM LOG-LIKELIHOOD VALUE FOR THE UNRESTRICTED (H1) MODEL IS -5591.901


UNIVARIATE SAMPLE STATISTICS


     UNIVARIATE HIGHER-ORDER MOMENT DESCRIPTIVE STATISTICS

         Variable/         Mean/     Skewness/   Minimum/ % with                Percentiles
        Sample Size      Variance    Kurtosis    Maximum  Min/Max      20%/60%    40%/80%    Median

     CANEVRBW              0.012      -2.202      -0.898    1.20%       0.102      0.102      0.102
             582.000       0.042       4.255       0.102   82.13%       0.102      0.102
     ALCEVRBW              0.005      -3.400      -0.952    0.34%       0.048      0.048      0.048
             582.000       0.021      11.411       0.048   91.41%       0.048      0.048
     WASVCB               44.418      -0.042      20.000    0.81%      36.000     42.000     44.000
            1105.000      86.158      -0.219      72.000    0.09%      47.000     52.000
     DEMAGE                0.000       0.975      -3.863    0.09%      -1.783     -0.913     -0.413
            1104.000       4.816       0.682       7.497    0.09%       0.107      1.567
     DEMMAL                0.000      -0.578      -0.639   36.11%      -0.639      0.361      0.361
            1105.000       0.231      -1.665       0.361   63.89%       0.361      0.361
     CANEVR                0.000      -0.329      -0.750    0.27%       0.000      0.000      0.000
            1101.000       0.048       2.809       0.750    0.09%       0.000      0.000
     ALCEVR                0.000      -0.297      -0.667    0.64%       0.000      0.000      0.000
            1101.000       0.024       8.489       0.750    0.09%       0.000      0.000

     THE STANDARD ERRORS OF THE MODEL PARAMETER ESTIMATES MAY NOT BE
     TRUSTWORTHY FOR SOME PARAMETERS DUE TO A NON-POSITIVE DEFINITE
     FIRST-ORDER DERIVATIVE PRODUCT MATRIX.  THIS MAY BE DUE TO THE STARTING
     VALUES BUT MAY ALSO BE AN INDICATION OF MODEL NONIDENTIFICATION.  THE
     CONDITION NUMBER IS       0.409D-16.  PROBLEM INVOLVING THE FOLLOWING PARAMETER:
     Parameter 18, %WITHIN%: ALCEVR


THE MODEL ESTIMATION TERMINATED NORMALLY



MODEL FIT INFORMATION

Number of Free Parameters                       27

Loglikelihood

          H0 Value                       -5908.793
          H0 Scaling Correction Factor      1.9231
            for MLR

Information Criteria

          Akaike (AIC)                   11871.586
          Bayesian (BIC)                 12006.791
          Sample-Size Adjusted BIC       11921.033
            (n* = (n + 2) / 24)



MODEL RESULTS

                                                    Two-Tailed
                    Estimate       S.E.  Est./S.E.    P-Value

Within Level

 WASVCB     ON
    CANEVR            -0.971      1.149     -0.845      0.398
    DEMMAL            -0.241      0.572     -0.422      0.673
    DEMAGE             0.043      0.130      0.328      0.743
    ALCEVR             1.353      1.656      0.817      0.414

 CANEVR   WITH
    DEMMAL             0.011      0.003      3.493      0.000
    DEMAGE            -0.077      0.015     -5.016      0.000
    ALCEVR             0.016      0.003      5.934      0.000

 ALCEVR   WITH
    DEMMAL             0.005      0.002      2.275      0.023
    DEMAGE            -0.013      0.009     -1.369      0.171

 Means
    DEMAGE             0.000      0.067     -0.001      0.999
    DEMMAL             0.000      0.015      0.000      1.000
    CANEVR             0.000      0.000      1.780      0.075
    ALCEVR             0.000      0.000      1.422      0.155

 Variances
    DEMAGE             4.816      0.232     20.749      0.000
    DEMMAL             0.231      0.004     54.048      0.000
    CANEVR             0.048      0.004     11.126      0.000
    ALCEVR             0.024      0.003      7.224      0.000

 Residual Variances
    WASVCB            44.346      2.684     16.525      0.000

Between Level

 WASVCB     ON
    CANEVRBW          -2.598      1.794     -1.448      0.147
    ALCEVRBW           5.262      2.428      2.167      0.030

 CANEVRBW WITH
    ALCEVRBW           0.013      0.003      5.247      0.000

 Means
    CANEVRBW           0.012      0.008      1.395      0.163
    ALCEVRBW           0.005      0.006      0.820      0.412

 Intercepts
    WASVCB            44.506      0.337    131.910      0.000

 Variances
    CANEVRBW           0.042      0.004      9.646      0.000
    ALCEVRBW           0.021      0.003      6.588      0.000

 Residual Variances
    WASVCB            40.292      3.658     11.016      0.000


STANDARDIZED MODEL RESULTS


STDYX Standardization

                                                    Two-Tailed
                    Estimate       S.E.  Est./S.E.    P-Value

Within Level

 WASVCB     ON
    CANEVR            -0.032      0.038     -0.846      0.398
    DEMMAL            -0.017      0.041     -0.422      0.673
    DEMAGE             0.014      0.043      0.329      0.742
    ALCEVR             0.031      0.038      0.813      0.416

 CANEVR   WITH
    DEMMAL             0.108      0.030      3.627      0.000
    DEMAGE            -0.160      0.029     -5.595      0.000
    ALCEVR             0.477      0.051      9.432      0.000

 ALCEVR   WITH
    DEMMAL             0.071      0.030      2.361      0.018
    DEMAGE            -0.037      0.027     -1.386      0.166

 Means
    DEMAGE             0.000      0.030     -0.001      0.999
    DEMMAL             0.000      0.032      0.000      1.000
    CANEVR             0.001      0.000      1.794      0.073
    ALCEVR             0.000      0.000      1.438      0.150

 Variances
    DEMAGE             1.000      0.000    999.000    999.000
    DEMMAL             1.000      0.000    999.000    999.000
    CANEVR             1.000      0.000    999.000    999.000
    ALCEVR             1.000      0.000    999.000    999.000

 Residual Variances
    WASVCB             0.998      0.003    357.348      0.000

Between Level

 WASVCB     ON
    CANEVRBW          -0.083      0.057     -1.460      0.144
    ALCEVRBW           0.120      0.056      2.152      0.031

 CANEVRBW WITH
    ALCEVRBW           0.443      0.061      7.318      0.000

 Means
    CANEVRBW           0.058      0.044      1.311      0.190
    ALCEVRBW           0.034      0.044      0.775      0.438

 Intercepts
    WASVCB             6.968      0.323     21.582      0.000

 Variances
    CANEVRBW           1.000      0.000    999.000    999.000
    ALCEVRBW           1.000      0.000    999.000    999.000

 Residual Variances
    WASVCB             0.988      0.011     90.826      0.000


R-SQUARE

Within Level

    Observed                                        Two-Tailed
    Variable        Estimate       S.E.  Est./S.E.    P-Value

    WASVCB             0.002      0.003      0.607      0.544

Between Level

    Observed                                        Two-Tailed
    Variable        Estimate       S.E.  Est./S.E.    P-Value

    WASVCB             0.012      0.011      1.142      0.253


QUALITY OF NUMERICAL RESULTS

     Condition Number for the Information Matrix              0.409E-16
       (ratio of smallest to largest eigenvalue)


CONFIDENCE INTERVALS OF MODEL RESULTS

                  Lower .5%  Lower 2.5%    Lower 5%    Estimate    Upper 5%  Upper 2.5%   Upper .5%

Within Level

 WASVCB   ON
    CANEVR          -3.931      -3.223      -2.861      -0.971       0.920       1.282       1.989
    DEMMAL          -1.715      -1.362      -1.182      -0.241       0.699       0.880       1.232
    DEMAGE          -0.291      -0.211      -0.171       0.043       0.256       0.297       0.376
    ALCEVR          -2.913      -1.893      -1.371       1.353       4.078       4.600       5.620

 CANEVR   WITH
    DEMMAL           0.003       0.005       0.006       0.011       0.017       0.018       0.020
    DEMAGE          -0.116      -0.107      -0.102      -0.077      -0.052      -0.047      -0.037
    ALCEVR           0.009       0.011       0.012       0.016       0.020       0.021       0.023

 ALCEVR   WITH
    DEMMAL          -0.001       0.001       0.001       0.005       0.009       0.010       0.011
    DEMAGE          -0.036      -0.031      -0.028      -0.013       0.003       0.005       0.011

 Means
    DEMAGE          -0.172      -0.131      -0.110       0.000       0.110       0.131       0.172
    DEMMAL          -0.040      -0.030      -0.025       0.000       0.025       0.030       0.040
    CANEVR           0.000       0.000       0.000       0.000       0.000       0.000       0.000
    ALCEVR           0.000       0.000       0.000       0.000       0.000       0.000       0.000

 Variances
    DEMAGE           4.218       4.361       4.434       4.816       5.198       5.271       5.414
    DEMMAL           0.220       0.222       0.224       0.231       0.238       0.239       0.242
    CANEVR           0.037       0.040       0.041       0.048       0.055       0.057       0.059
    ALCEVR           0.015       0.017       0.018       0.024       0.029       0.030       0.032

 Residual Variances
    WASVCB          37.434      39.087      39.932      44.346      48.761      49.606      51.259

Between Level

 WASVCB   ON
    CANEVRBW        -7.219      -6.114      -5.549      -2.598       0.353       0.918       2.022
    ALCEVRBW        -0.993       0.502       1.267       5.262       9.257      10.022      11.517

 CANEVRBW WITH
    ALCEVRBW         0.007       0.008       0.009       0.013       0.017       0.018       0.020

 Means
    CANEVRBW        -0.010      -0.005      -0.002       0.012       0.026       0.029       0.034
    ALCEVRBW        -0.011      -0.007      -0.005       0.005       0.015       0.017       0.020

 Intercepts
    WASVCB          43.637      43.845      43.951      44.506      45.061      45.168      45.376

 Variances
    CANEVRBW         0.031       0.033       0.035       0.042       0.049       0.051       0.053
    ALCEVRBW         0.013       0.015       0.016       0.021       0.026       0.027       0.029

 Residual Variances
    WASVCB          30.871      33.123      34.275      40.292      46.309      47.461      49.714


CONFIDENCE INTERVALS OF STANDARDIZED MODEL RESULTS


STDYX Standardization

                  Lower .5%  Lower 2.5%    Lower 5%    Estimate    Upper 5%  Upper 2.5%   Upper .5%

Within Level

 WASVCB   ON
    CANEVR          -0.129      -0.106      -0.094      -0.032       0.030       0.042       0.065
    DEMMAL          -0.124      -0.098      -0.085      -0.017       0.050       0.063       0.089
    DEMAGE          -0.096      -0.070      -0.056       0.014       0.084       0.098       0.124
    ALCEVR          -0.068      -0.044      -0.032       0.031       0.094       0.106       0.130

 CANEVR   WITH
    DEMMAL           0.031       0.050       0.059       0.108       0.157       0.167       0.185
    DEMAGE          -0.233      -0.216      -0.207      -0.160      -0.113      -0.104      -0.086
    ALCEVR           0.346       0.377       0.393       0.477       0.560       0.576       0.607

 ALCEVR   WITH
    DEMMAL          -0.006       0.012       0.022       0.071       0.121       0.130       0.149
    DEMAGE          -0.107      -0.090      -0.082      -0.037       0.007       0.015       0.032

 Means
    DEMAGE          -0.079      -0.060      -0.050       0.000       0.050       0.060       0.078
    DEMMAL          -0.082      -0.063      -0.053       0.000       0.053       0.063       0.082
    CANEVR           0.000       0.000       0.000       0.001       0.001       0.001       0.001
    ALCEVR           0.000       0.000       0.000       0.000       0.001       0.001       0.001

 Variances
    DEMAGE           1.000       1.000       1.000       1.000       1.000       1.000       1.000
    DEMMAL           1.000       1.000       1.000       1.000       1.000       1.000       1.000
    CANEVR           1.000       1.000       1.000       1.000       1.000       1.000       1.000
    ALCEVR           1.000       1.000       1.000       1.000       1.000       1.000       1.000

 Residual Variances
    WASVCB           0.991       0.993       0.994       0.998       1.003       1.004       1.006

Between Level

 WASVCB   ON
    CANEVRBW        -0.231      -0.195      -0.177      -0.083       0.011       0.029       0.064
    ALCEVRBW        -0.024       0.011       0.028       0.120       0.211       0.228       0.263

 CANEVRBW WITH
    ALCEVRBW         0.287       0.324       0.343       0.443       0.542       0.561       0.599

 Means
    CANEVRBW        -0.056      -0.029      -0.015       0.058       0.130       0.144       0.171
    ALCEVRBW        -0.079      -0.052      -0.038       0.034       0.106       0.120       0.147

 Intercepts
    WASVCB           6.136       6.335       6.437       6.968       7.499       7.601       7.799

 Variances
    CANEVRBW         1.000       1.000       1.000       1.000       1.000       1.000       1.000
    ALCEVRBW         1.000       1.000       1.000       1.000       1.000       1.000       1.000

 Residual Variances
    WASVCB           0.960       0.966       0.970       0.988       1.005       1.009       1.016


TECHNICAL 1 OUTPUT


     PARAMETER SPECIFICATION FOR WITHIN


           NU
              CANEVRBW      ALCEVRBW      WASVCB        DEMAGE        DEMMAL
              ________      ________      ________      ________      ________
 1                  0             0             0             0             0


           NU
              CANEVR        ALCEVR
              ________      ________
 1                  0             0


           LAMBDA
              CANEVRBW      ALCEVRBW      WASVCB        DEMAGE        DEMMAL
              ________      ________      ________      ________      ________
 CANEVRBW           0             0             0             0             0
 ALCEVRBW           0             0             0             0             0
 WASVCB             0             0             0             0             0
 DEMAGE             0             0             0             0             0
 DEMMAL             0             0             0             0             0
 CANEVR             0             0             0             0             0
 ALCEVR             0             0             0             0             0


           LAMBDA
              CANEVR        ALCEVR
              ________      ________
 CANEVRBW           0             0
 ALCEVRBW           0             0
 WASVCB             0             0
 DEMAGE             0             0
 DEMMAL             0             0
 CANEVR             0             0
 ALCEVR             0             0


           THETA
              CANEVRBW      ALCEVRBW      WASVCB        DEMAGE        DEMMAL
              ________      ________      ________      ________      ________
 CANEVRBW           0
 ALCEVRBW           0             0
 WASVCB             0             0             0
 DEMAGE             0             0             0             0
 DEMMAL             0             0             0             0             0
 CANEVR             0             0             0             0             0
 ALCEVR             0             0             0             0             0


           THETA
              CANEVR        ALCEVR
              ________      ________
 CANEVR             0
 ALCEVR             0             0


           ALPHA
              CANEVRBW      ALCEVRBW      WASVCB        DEMAGE        DEMMAL
              ________      ________      ________      ________      ________
 1                  0             0             0             1             2


           ALPHA
              CANEVR        ALCEVR
              ________      ________
 1                  3             4


           BETA
              CANEVRBW      ALCEVRBW      WASVCB        DEMAGE        DEMMAL
              ________      ________      ________      ________      ________
 CANEVRBW           0             0             0             0             0
 ALCEVRBW           0             0             0             0             0
 WASVCB             0             0             0             5             6
 DEMAGE             0             0             0             0             0
 DEMMAL             0             0             0             0             0
 CANEVR             0             0             0             0             0
 ALCEVR             0             0             0             0             0


           BETA
              CANEVR        ALCEVR
              ________      ________
 CANEVRBW           0             0
 ALCEVRBW           0             0
 WASVCB             7             8
 DEMAGE             0             0
 DEMMAL             0             0
 CANEVR             0             0
 ALCEVR             0             0


           PSI
              CANEVRBW      ALCEVRBW      WASVCB        DEMAGE        DEMMAL
              ________      ________      ________      ________      ________
 CANEVRBW           0
 ALCEVRBW           0             0
 WASVCB             0             0             9
 DEMAGE             0             0             0            10
 DEMMAL             0             0             0             0            11
 CANEVR             0             0             0            12            13
 ALCEVR             0             0             0            15            16


           PSI
              CANEVR        ALCEVR
              ________      ________
 CANEVR            14
 ALCEVR            17            18


     PARAMETER SPECIFICATION FOR BETWEEN


           NU
              CANEVRBW      ALCEVRBW      WASVCB        DEMAGE        DEMMAL
              ________      ________      ________      ________      ________
 1                  0             0             0             0             0


           NU
              CANEVR        ALCEVR
              ________      ________
 1                  0             0


           LAMBDA
              CANEVRBW      ALCEVRBW      WASVCB        DEMAGE        DEMMAL
              ________      ________      ________      ________      ________
 CANEVRBW           0             0             0             0             0
 ALCEVRBW           0             0             0             0             0
 WASVCB             0             0             0             0             0
 DEMAGE             0             0             0             0             0
 DEMMAL             0             0             0             0             0
 CANEVR             0             0             0             0             0
 ALCEVR             0             0             0             0             0


           LAMBDA
              CANEVR        ALCEVR
              ________      ________
 CANEVRBW           0             0
 ALCEVRBW           0             0
 WASVCB             0             0
 DEMAGE             0             0
 DEMMAL             0             0
 CANEVR             0             0
 ALCEVR             0             0


           THETA
              CANEVRBW      ALCEVRBW      WASVCB        DEMAGE        DEMMAL
              ________      ________      ________      ________      ________
 CANEVRBW           0
 ALCEVRBW           0             0
 WASVCB             0             0             0
 DEMAGE             0             0             0             0
 DEMMAL             0             0             0             0             0
 CANEVR             0             0             0             0             0
 ALCEVR             0             0             0             0             0


           THETA
              CANEVR        ALCEVR
              ________      ________
 CANEVR             0
 ALCEVR             0             0


           ALPHA
              CANEVRBW      ALCEVRBW      WASVCB        DEMAGE        DEMMAL
              ________      ________      ________      ________      ________
 1                 19            20            21             0             0


           ALPHA
              CANEVR        ALCEVR
              ________      ________
 1                  0             0


           BETA
              CANEVRBW      ALCEVRBW      WASVCB        DEMAGE        DEMMAL
              ________      ________      ________      ________      ________
 CANEVRBW           0             0             0             0             0
 ALCEVRBW           0             0             0             0             0
 WASVCB            22            23             0             0             0
 DEMAGE             0             0             0             0             0
 DEMMAL             0             0             0             0             0
 CANEVR             0             0             0             0             0
 ALCEVR             0             0             0             0             0


           BETA
              CANEVR        ALCEVR
              ________      ________
 CANEVRBW           0             0
 ALCEVRBW           0             0
 WASVCB             0             0
 DEMAGE             0             0
 DEMMAL             0             0
 CANEVR             0             0
 ALCEVR             0             0


           PSI
              CANEVRBW      ALCEVRBW      WASVCB        DEMAGE        DEMMAL
              ________      ________      ________      ________      ________
 CANEVRBW          24
 ALCEVRBW          25            26
 WASVCB             0             0            27
 DEMAGE             0             0             0             0
 DEMMAL             0             0             0             0             0
 CANEVR             0             0             0             0             0
 ALCEVR             0             0             0             0             0


           PSI
              CANEVR        ALCEVR
              ________      ________
 CANEVR             0
 ALCEVR             0             0


     STARTING VALUES FOR WITHIN


           NU
              CANEVRBW      ALCEVRBW      WASVCB        DEMAGE        DEMMAL
              ________      ________      ________      ________      ________
 1              0.000         0.000         0.000         0.000         0.000


           NU
              CANEVR        ALCEVR
              ________      ________
 1              0.000         0.000


           LAMBDA
              CANEVRBW      ALCEVRBW      WASVCB        DEMAGE        DEMMAL
              ________      ________      ________      ________      ________
 CANEVRBW       1.000         0.000         0.000         0.000         0.000
 ALCEVRBW       0.000         1.000         0.000         0.000         0.000
 WASVCB         0.000         0.000         1.000         0.000         0.000
 DEMAGE         0.000         0.000         0.000         1.000         0.000
 DEMMAL         0.000         0.000         0.000         0.000         1.000
 CANEVR         0.000         0.000         0.000         0.000         0.000
 ALCEVR         0.000         0.000         0.000         0.000         0.000


           LAMBDA
              CANEVR        ALCEVR
              ________      ________
 CANEVRBW       0.000         0.000
 ALCEVRBW       0.000         0.000
 WASVCB         0.000         0.000
 DEMAGE         0.000         0.000
 DEMMAL         0.000         0.000
 CANEVR         1.000         0.000
 ALCEVR         0.000         1.000


           THETA
              CANEVRBW      ALCEVRBW      WASVCB        DEMAGE        DEMMAL
              ________      ________      ________      ________      ________
 CANEVRBW       0.000
 ALCEVRBW       0.000         0.000
 WASVCB         0.000         0.000         0.000
 DEMAGE         0.000         0.000         0.000         0.000
 DEMMAL         0.000         0.000         0.000         0.000         0.000
 CANEVR         0.000         0.000         0.000         0.000         0.000
 ALCEVR         0.000         0.000         0.000         0.000         0.000


           THETA
              CANEVR        ALCEVR
              ________      ________
 CANEVR         0.000
 ALCEVR         0.000         0.000


           ALPHA
              CANEVRBW      ALCEVRBW      WASVCB        DEMAGE        DEMMAL
              ________      ________      ________      ________      ________
 1              0.000         0.000         0.000         0.000         0.000


           ALPHA
              CANEVR        ALCEVR
              ________      ________
 1              0.000         0.000


           BETA
              CANEVRBW      ALCEVRBW      WASVCB        DEMAGE        DEMMAL
              ________      ________      ________      ________      ________
 CANEVRBW       0.000         0.000         0.000         0.000         0.000
 ALCEVRBW       0.000         0.000         0.000         0.000         0.000
 WASVCB         0.000         0.000         0.000         0.000         0.000
 DEMAGE         0.000         0.000         0.000         0.000         0.000
 DEMMAL         0.000         0.000         0.000         0.000         0.000
 CANEVR         0.000         0.000         0.000         0.000         0.000
 ALCEVR         0.000         0.000         0.000         0.000         0.000


           BETA
              CANEVR        ALCEVR
              ________      ________
 CANEVRBW       0.000         0.000
 ALCEVRBW       0.000         0.000
 WASVCB         0.000         0.000
 DEMAGE         0.000         0.000
 DEMMAL         0.000         0.000
 CANEVR         0.000         0.000
 ALCEVR         0.000         0.000


           PSI
              CANEVRBW      ALCEVRBW      WASVCB        DEMAGE        DEMMAL
              ________      ________      ________      ________      ________
 CANEVRBW       0.000
 ALCEVRBW       0.000         0.000
 WASVCB         0.000         0.000        43.079
 DEMAGE         0.000         0.000         0.000         2.408
 DEMMAL         0.000         0.000         0.000         0.000         0.115
 CANEVR         0.000         0.000         0.000         0.000         0.000
 ALCEVR         0.000         0.000         0.000         0.000         0.000


           PSI
              CANEVR        ALCEVR
              ________      ________
 CANEVR         0.024
 ALCEVR         0.000         0.012


     STARTING VALUES FOR BETWEEN


           NU
              CANEVRBW      ALCEVRBW      WASVCB        DEMAGE        DEMMAL
              ________      ________      ________      ________      ________
 1              0.000         0.000         0.000         0.000         0.000


           NU
              CANEVR        ALCEVR
              ________      ________
 1              0.000         0.000


           LAMBDA
              CANEVRBW      ALCEVRBW      WASVCB        DEMAGE        DEMMAL
              ________      ________      ________      ________      ________
 CANEVRBW       1.000         0.000         0.000         0.000         0.000
 ALCEVRBW       0.000         1.000         0.000         0.000         0.000
 WASVCB         0.000         0.000         1.000         0.000         0.000
 DEMAGE         0.000         0.000         0.000         1.000         0.000
 DEMMAL         0.000         0.000         0.000         0.000         1.000
 CANEVR         0.000         0.000         0.000         0.000         0.000
 ALCEVR         0.000         0.000         0.000         0.000         0.000


           LAMBDA
              CANEVR        ALCEVR
              ________      ________
 CANEVRBW       0.000         0.000
 ALCEVRBW       0.000         0.000
 WASVCB         0.000         0.000
 DEMAGE         0.000         0.000
 DEMMAL         0.000         0.000
 CANEVR         1.000         0.000
 ALCEVR         0.000         1.000


           THETA
              CANEVRBW      ALCEVRBW      WASVCB        DEMAGE        DEMMAL
              ________      ________      ________      ________      ________
 CANEVRBW       0.000
 ALCEVRBW       0.000         0.000
 WASVCB         0.000         0.000         0.000
 DEMAGE         0.000         0.000         0.000         0.000
 DEMMAL         0.000         0.000         0.000         0.000         0.000
 CANEVR         0.000         0.000         0.000         0.000         0.000
 ALCEVR         0.000         0.000         0.000         0.000         0.000


           THETA
              CANEVR        ALCEVR
              ________      ________
 CANEVR         0.000
 ALCEVR         0.000         0.000


           ALPHA
              CANEVRBW      ALCEVRBW      WASVCB        DEMAGE        DEMMAL
              ________      ________      ________      ________      ________
 1              0.000         0.000        44.418         0.000         0.000


           ALPHA
              CANEVR        ALCEVR
              ________      ________
 1              0.000         0.000


           BETA
              CANEVRBW      ALCEVRBW      WASVCB        DEMAGE        DEMMAL
              ________      ________      ________      ________      ________
 CANEVRBW       0.000         0.000         0.000         0.000         0.000
 ALCEVRBW       0.000         0.000         0.000         0.000         0.000
 WASVCB         0.000         0.000         0.000         0.000         0.000
 DEMAGE         0.000         0.000         0.000         0.000         0.000
 DEMMAL         0.000         0.000         0.000         0.000         0.000
 CANEVR         0.000         0.000         0.000         0.000         0.000
 ALCEVR         0.000         0.000         0.000         0.000         0.000


           BETA
              CANEVR        ALCEVR
              ________      ________
 CANEVRBW       0.000         0.000
 ALCEVRBW       0.000         0.000
 WASVCB         0.000         0.000
 DEMAGE         0.000         0.000
 DEMMAL         0.000         0.000
 CANEVR         0.000         0.000
 ALCEVR         0.000         0.000


           PSI
              CANEVRBW      ALCEVRBW      WASVCB        DEMAGE        DEMMAL
              ________      ________      ________      ________      ________
 CANEVRBW       0.022
 ALCEVRBW       0.000         0.011
 WASVCB         0.000         0.000        43.079
 DEMAGE         0.000         0.000         0.000         0.000
 DEMMAL         0.000         0.000         0.000         0.000         0.000
 CANEVR         0.000         0.000         0.000         0.000         0.000
 ALCEVR         0.000         0.000         0.000         0.000         0.000


           PSI
              CANEVR        ALCEVR
              ________      ________
 CANEVR         0.000
 ALCEVR         0.000         0.000


     Beginning Time:  16:00:43
        Ending Time:  16:00:43
       Elapsed Time:  00:00:00



MUTHEN & MUTHEN
3463 Stoner Ave.
Los Angeles, CA  90066

Tel: (310) 391-9971
Fax: (310) 391-8971
Web: www.StatModel.com
Support: Support@StatModel.com

Copyright (c) 1998-2015 Muthen & Muthen
