Mplus VERSION 7.4 (Mac)
MUTHEN & MUTHEN
05/06/2020   4:00 PM

INPUT INSTRUCTIONS


  TITLE: CANEVR_WASBLK_2;

  DATA:
  	FILE = GD190618rr.csv;

  VARIABLE:
  	NAMES =
  			ID_Fam   Wave     ID_MPL
  			DEMMAL   DEMAGE   DEMHSP   DEMRAC
  			SRPWCR
  			WASVCB   WASBLK   WASDGT   WSISUM
  			TRLATS   TRLBTS
  			CVLASF   CVLASC   CVLALF   CVLALC
  			CVLCOM
  			CANEVR   CANONS   CANFLF
  			CANFTY   CANF6M   CANAC6
  			CANYRS
  			ALCEVR   ALCONS   ALCFLF
  			ALCFTY   ALCF6M   ALCAC6
  			ALCYRS
  			SRPWCRDt WASVCBDt WASBLKDt
  			WASDGTDt WSISUMDt TRLATSDt
  			TRLBTSDt CVLASFDt CVLASCDt
  			CVLALFDt CVLALCDt CVLCOMDt
  		;
  	USEVARIABLES =
  		! outcome
  	  		WASBLK
    		! covariates
  	  		DEMAGE
    			DEMMAL  		
    		! within predictor
    			CANEVR
    			ALCEVR
    		! between predictor
    			CANEVRBW
    			ALCEVRBW
    			;
    	USEOBSERVATION =
    			(Wave EQ 2 AND WASBLKDt EQ 1)
    		;
    	CLUSTER =
    			ID_Fam
    		;
    	MISSING = .;
    	BETWEEN =   		
    			CANEVRBW
    			ALCEVRBW
    		;
    	WITHIN  		
    			CANEVR
    			ALCEVR
    			DEMAGE
    			DEMMAL
    		;  		

  DEFINE:
  	! CREATE BW FAM PREDICTOR
  		CANEVRBW = cluster_mean (CANEVR);	
  		ALCEVRBW = cluster_mean (ALCEVR);	
  	! CENTER WI FAM VARIABLES
  		CENTER CANEVR (GROUPMEAN);
  		CENTER ALCEVR (GROUPMEAN);
  		CENTER DEMMAL (GRANDMEAN);
  		CENTER DEMAGE (GRANDMEAN);		
  	! CENTER BW FAM VARIABLES
  		CENTER CANEVRBW (GRANDMEAN);
  		CENTER ALCEVRBW (GRANDMEAN);

  ANALYSIS:
          ITERATIONS = 1000000;
          TYPE = TWOLEVEL RANDOM;
          ALGORITHM = INTEGRATION;

  OUTPUT:
  	SAMPSTAT STDYX TECH1 CINT;

  MODEL:
  %WITHIN%
  	WASBLK on CANEVR;
  	WASBLK on  DEMMAL DEMAGE ALCEVR;	
  	WASBLK*;
  	CANEVR*;

  	CANEVR WITH DEMMAL*;
  	CANEVR WITH DEMAGE*;
  	ALCEVR WITH DEMMAL*;
  	ALCEVR WITH DEMAGE*;
  	CANEVR WITH ALCEVR*;

  %BETWEEN%
  	WASBLK on CANEVRBW ALCEVRBW;
  	WASBLK*;
  	CANEVRBW*;
  	CANEVRBW WITH ALCEVRBW*;



INPUT READING TERMINATED NORMALLY



CANEVR_WASBLK_2;

SUMMARY OF ANALYSIS

Number of groups                                                 1
Number of observations                                         790

Number of dependent variables                                    1
Number of independent variables                                  6
Number of continuous latent variables                            0

Observed dependent variables

  Continuous
   WASBLK

Observed independent variables
   DEMAGE      DEMMAL      CANEVR      ALCEVR      CANEVRBW    ALCEVRBW

Variables with special functions

  Cluster variable      ID_FAM

  Within variables
   DEMAGE      DEMMAL      CANEVR      ALCEVR

  Between variables
   CANEVRBW    ALCEVRBW

  Centering (GRANDMEAN)
   DEMMAL      DEMAGE      CANEVRBW    ALCEVRBW

  Centering (GROUPMEAN)
   CANEVR      ALCEVR


Estimator                                                      MLR
Information matrix                                        OBSERVED
Optimization Specifications for the Quasi-Newton Algorithm for
Continuous Outcomes
  Maximum number of iterations                             1000000
  Convergence criterion                                  0.100D-05
Optimization Specifications for the EM Algorithm
  Maximum number of iterations                                 500
  Convergence criteria
    Loglikelihood change                                 0.100D-02
    Relative loglikelihood change                        0.100D-05
    Derivative                                           0.100D-02
Optimization Specifications for the M step of the EM Algorithm for
Categorical Latent variables
  Number of M step iterations                                    1
  M step convergence criterion                           0.100D-02
  Basis for M step termination                           ITERATION
Optimization Specifications for the M step of the EM Algorithm for
Censored, Binary or Ordered Categorical (Ordinal), Unordered
Categorical (Nominal) and Count Outcomes
  Number of M step iterations                                    1
  M step convergence criterion                           0.100D-02
  Basis for M step termination                           ITERATION
  Maximum value for logit thresholds                            15
  Minimum value for logit thresholds                           -15
  Minimum expected cell size for chi-square              0.100D-01
Maximum number of iterations for H1                           2000
Convergence criterion for H1                             0.100D-03
Optimization algorithm                                         EMA
Integration Specifications
  Type                                                    STANDARD
  Number of integration points                                  15
  Dimensions of numerical integration                            0
  Adaptive quadrature                                           ON
Cholesky                                                       OFF

Input data file(s)
  GD190618rr.csv
Input data format  FREE


SUMMARY OF DATA

     Number of missing data patterns             3
     Number of clusters                        456



COVARIANCE COVERAGE OF DATA

Minimum covariance coverage value   0.100


     PROPORTION OF DATA PRESENT FOR Y


           Covariance Coverage
              CANEVRBW      ALCEVRBW      WASBLK        DEMAGE        DEMMAL
              ________      ________      ________      ________      ________
 CANEVRBW       1.000
 ALCEVRBW       1.000         1.000
 WASBLK         0.443         0.443         0.443
 DEMAGE         0.999         0.999         0.443         0.999
 DEMMAL         0.999         0.999         0.443         0.999         0.999
 CANEVR         1.000         1.000         0.443         0.999         0.999
 ALCEVR         1.000         1.000         0.443         0.999         0.999


           Covariance Coverage
              CANEVR        ALCEVR
              ________      ________
 CANEVR         1.000
 ALCEVR         1.000         1.000


SAMPLE STATISTICS


     ESTIMATED SAMPLE STATISTICS


           Means
              CANEVRBW      ALCEVRBW      WASBLK        DEMAGE        DEMMAL
              ________      ________      ________      ________      ________
 1              0.000         0.000        54.908         0.000         0.000


           Means
              CANEVR        ALCEVR
              ________      ________
 1              0.000         0.000


           Covariances
              CANEVRBW      ALCEVRBW      WASBLK        DEMAGE        DEMMAL
              ________      ________      ________      ________      ________
 CANEVRBW       0.029
 ALCEVRBW       0.003         0.004
 WASBLK         0.100        -0.008        69.015
 DEMAGE        -0.039        -0.001        -1.504         6.407
 DEMMAL         0.010         0.000         1.005        -0.168         0.236
 CANEVR         0.000         0.000         0.008        -0.079         0.005
 ALCEVR         0.000         0.000        -0.014        -0.010        -0.001


           Covariances
              CANEVR        ALCEVR
              ________      ________
 CANEVR         0.024
 ALCEVR         0.002         0.003


           Correlations
              CANEVRBW      ALCEVRBW      WASBLK        DEMAGE        DEMMAL
              ________      ________      ________      ________      ________
 CANEVRBW       1.000
 ALCEVRBW       0.255         1.000
 WASBLK         0.070        -0.017         1.000
 DEMAGE        -0.091        -0.008        -0.072         1.000
 DEMMAL         0.118        -0.003         0.249        -0.137         1.000
 CANEVR         0.000         0.000         0.006        -0.199         0.069
 ALCEVR         0.000         0.000        -0.031        -0.073        -0.041


           Correlations
              CANEVR        ALCEVR
              ________      ________
 CANEVR         1.000
 ALCEVR         0.258         1.000


     MAXIMUM LOG-LIKELIHOOD VALUE FOR THE UNRESTRICTED (H1) MODEL IS -603.709


UNIVARIATE SAMPLE STATISTICS


     UNIVARIATE HIGHER-ORDER MOMENT DESCRIPTIVE STATISTICS

         Variable/         Mean/     Skewness/   Minimum/ % with                Percentiles
        Sample Size      Variance    Kurtosis    Maximum  Min/Max      20%/60%    40%/80%    Median

     CANEVRBW              0.004      -3.563      -0.943    1.54%       0.057      0.057      0.057
             456.000       0.031      13.000       0.057   90.57%       0.057      0.057
     ALCEVRBW              0.000     -11.752      -0.994    0.22%       0.006      0.006      0.006
             456.000       0.004     153.339       0.006   98.90%       0.006      0.006
     WASBLK               54.711      -0.718      26.000    0.57%      49.000     53.000     55.000
             350.000      69.142       0.591      71.000    0.29%      58.000     63.000
     DEMAGE                0.000       0.526      -5.353    0.13%      -2.273     -0.883     -0.333
             789.000       6.407      -0.055       7.677    0.13%       0.397      2.037
     DEMMAL                0.000      -0.493      -0.620   38.02%      -0.620      0.380      0.380
             789.000       0.236      -1.757       0.380   61.98%       0.380      0.380
     CANEVR                0.000      -0.367      -0.667    0.63%       0.000      0.000      0.000
             790.000       0.024       7.803       0.500    4.05%       0.000      0.000
     ALCEVR                0.000      -1.958      -0.667    0.13%       0.000      0.000      0.000
             790.000       0.003      97.503       0.500    0.38%       0.000      0.000

     THE STANDARD ERRORS OF THE MODEL PARAMETER ESTIMATES MAY NOT BE
     TRUSTWORTHY FOR SOME PARAMETERS DUE TO A NON-POSITIVE DEFINITE
     FIRST-ORDER DERIVATIVE PRODUCT MATRIX.  THIS MAY BE DUE TO THE STARTING
     VALUES BUT MAY ALSO BE AN INDICATION OF MODEL NONIDENTIFICATION.  THE
     CONDITION NUMBER IS      -0.322D-16.  PROBLEM INVOLVING THE FOLLOWING PARAMETER:
     Parameter 3, %WITHIN%: [ CANEVR ]


THE MODEL ESTIMATION TERMINATED NORMALLY



MODEL FIT INFORMATION

Number of Free Parameters                       27

Loglikelihood

          H0 Value                       -1238.880
          H0 Scaling Correction Factor      8.1031
            for MLR

Information Criteria

          Akaike (AIC)                    2531.760
          Bayesian (BIC)                  2657.905
          Sample-Size Adjusted BIC        2572.165
            (n* = (n + 2) / 24)



MODEL RESULTS

                                                    Two-Tailed
                    Estimate       S.E.  Est./S.E.    P-Value

Within Level

 WASBLK     ON
    CANEVR            -0.294      1.896     -0.155      0.877
    DEMMAL             3.305      0.868      3.807      0.000
    DEMAGE            -0.113      0.170     -0.663      0.508
    ALCEVR            -3.480      2.310     -1.506      0.132

 CANEVR   WITH
    DEMMAL             0.003      0.003      1.103      0.270
    DEMAGE            -0.076      0.016     -4.668      0.000
    ALCEVR             0.002      0.001      1.726      0.084

 ALCEVR   WITH
    DEMMAL            -0.001      0.001     -1.072      0.284
    DEMAGE            -0.011      0.007     -1.542      0.123

 Means
    DEMAGE             0.000      0.097      0.000      1.000
    DEMMAL             0.000      0.018      0.000      1.000
    CANEVR             0.000      0.000    999.000    999.000
    ALCEVR             0.000      0.000    999.000    999.000

 Variances
    DEMAGE             6.407      0.314     20.407      0.000
    DEMMAL             0.236      0.004     53.618      0.000
    CANEVR             0.024      0.004      6.287      0.000
    ALCEVR             0.003      0.001      1.993      0.046

 Residual Variances
    WASBLK            36.965      4.439      8.327      0.000

Between Level

 WASBLK     ON
    CANEVRBW           2.718      2.871      0.947      0.344
    ALCEVRBW          -4.109     11.546     -0.356      0.722

 CANEVRBW WITH
    ALCEVRBW           0.003      0.002      1.470      0.142

 Means
    CANEVRBW           0.004      0.008      0.483      0.629
    ALCEVRBW           0.000      0.003      0.039      0.969

 Intercepts
    WASBLK            54.840      0.508    108.031      0.000

 Variances
    CANEVRBW           0.031      0.006      5.514      0.000
    ALCEVRBW           0.004      0.002      1.713      0.087

 Residual Variances
    WASBLK            28.685      6.618      4.334      0.000


STANDARDIZED MODEL RESULTS


STDYX Standardization

                                                    Two-Tailed
                    Estimate       S.E.  Est./S.E.    P-Value

Within Level

 WASBLK     ON
    CANEVR            -0.007      0.047     -0.155      0.877
    DEMMAL             0.255      0.062      4.117      0.000
    DEMAGE            -0.045      0.069     -0.661      0.509
    ALCEVR            -0.029      0.021     -1.399      0.162

 CANEVR   WITH
    DEMMAL             0.043      0.039      1.109      0.267
    DEMAGE            -0.193      0.031     -6.256      0.000
    ALCEVR             0.259      0.093      2.775      0.006

 ALCEVR   WITH
    DEMMAL            -0.052      0.043     -1.218      0.223
    DEMAGE            -0.080      0.037     -2.142      0.032

 Means
    DEMAGE             0.000      0.038      0.000      1.000
    DEMMAL             0.000      0.038      0.000      1.000
    CANEVR             0.000      0.000    999.000    999.000
    ALCEVR             0.000      0.000    999.000    999.000

 Variances
    DEMAGE             1.000      0.000    999.000    999.000
    DEMMAL             1.000      0.000    999.000    999.000
    CANEVR             1.000      0.000    999.000    999.000
    ALCEVR             1.000      0.000    999.000    999.000

 Residual Variances
    WASBLK             0.932      0.031     29.702      0.000

Between Level

 WASBLK     ON
    CANEVRBW           0.089      0.094      0.940      0.347
    ALCEVRBW          -0.049      0.137     -0.355      0.723

 CANEVRBW WITH
    ALCEVRBW           0.287      0.111      2.591      0.010

 Means
    CANEVRBW           0.023      0.049      0.464      0.643
    ALCEVRBW           0.002      0.047      0.038      0.969

 Intercepts
    WASBLK            10.199      1.198      8.512      0.000

 Variances
    CANEVRBW           1.000      0.000    999.000    999.000
    ALCEVRBW           1.000      0.000    999.000    999.000

 Residual Variances
    WASBLK             0.992      0.016     62.332      0.000


R-SQUARE

Within Level

    Observed                                        Two-Tailed
    Variable        Estimate       S.E.  Est./S.E.    P-Value

    WASBLK             0.068      0.031      2.174      0.030

Between Level

    Observed                                        Two-Tailed
    Variable        Estimate       S.E.  Est./S.E.    P-Value

    WASBLK             0.008      0.016      0.487      0.627


QUALITY OF NUMERICAL RESULTS

     Condition Number for the Information Matrix             -0.322E-16
       (ratio of smallest to largest eigenvalue)


CONFIDENCE INTERVALS OF MODEL RESULTS

                  Lower .5%  Lower 2.5%    Lower 5%    Estimate    Upper 5%  Upper 2.5%   Upper .5%

Within Level

 WASBLK   ON
    CANEVR          -5.177      -4.009      -3.412      -0.294       2.825       3.422       4.589
    DEMMAL           1.069       1.603       1.877       3.305       4.733       5.007       5.541
    DEMAGE          -0.551      -0.446      -0.393      -0.113       0.167       0.221       0.326
    ALCEVR          -9.431      -8.008      -7.281      -3.480       0.321       1.048       2.471

 CANEVR   WITH
    DEMMAL          -0.004      -0.003      -0.002       0.003       0.008       0.009       0.011
    DEMAGE          -0.118      -0.108      -0.103      -0.076      -0.049      -0.044      -0.034
    ALCEVR          -0.001       0.000       0.000       0.002       0.004       0.005       0.005

 ALCEVR   WITH
    DEMMAL          -0.005      -0.004      -0.003      -0.001       0.001       0.001       0.002
    DEMAGE          -0.028      -0.024      -0.022      -0.011       0.001       0.003       0.007

 Means
    DEMAGE          -0.249      -0.189      -0.159       0.000       0.159       0.189       0.249
    DEMMAL          -0.047      -0.036      -0.030       0.000       0.030       0.036       0.047
    CANEVR           0.000       0.000       0.000       0.000       0.000       0.000       0.000
    ALCEVR           0.000       0.000       0.000       0.000       0.000       0.000       0.000

 Variances
    DEMAGE           5.598       5.791       5.890       6.407       6.923       7.022       7.216
    DEMMAL           0.224       0.227       0.228       0.236       0.243       0.244       0.247
    CANEVR           0.014       0.017       0.018       0.024       0.031       0.032       0.034
    ALCEVR          -0.001       0.000       0.000       0.003       0.005       0.005       0.006

 Residual Variances
    WASBLK          25.530      28.264      29.662      36.965      44.268      45.666      48.400

Between Level

 WASBLK   ON
    CANEVRBW        -4.677      -2.909      -2.005       2.718       7.441       8.345      10.113
    ALCEVRBW       -33.849     -26.739     -23.102      -4.109      14.884      18.520      25.630

 CANEVRBW WITH
    ALCEVRBW        -0.002      -0.001       0.000       0.003       0.007       0.007       0.009

 Means
    CANEVRBW        -0.017      -0.012      -0.010       0.004       0.017       0.020       0.025
    ALCEVRBW        -0.008      -0.006      -0.005       0.000       0.005       0.006       0.008

 Intercepts
    WASBLK          53.532      53.845      54.005      54.840      55.675      55.835      56.147

 Variances
    CANEVRBW         0.016       0.020       0.022       0.031       0.040       0.042       0.045
    ALCEVRBW        -0.002      -0.001       0.000       0.004       0.008       0.009       0.010

 Residual Variances
    WASBLK          11.638      15.713      17.798      28.685      39.572      41.657      45.732


CONFIDENCE INTERVALS OF STANDARDIZED MODEL RESULTS


STDYX Standardization

                  Lower .5%  Lower 2.5%    Lower 5%    Estimate    Upper 5%  Upper 2.5%   Upper .5%

Within Level

 WASBLK   ON
    CANEVR          -0.128      -0.099      -0.085      -0.007       0.070       0.085       0.114
    DEMMAL           0.095       0.133       0.153       0.255       0.357       0.376       0.414
    DEMAGE          -0.222      -0.180      -0.158      -0.045       0.067       0.089       0.131
    ALCEVR          -0.082      -0.070      -0.063      -0.029       0.005       0.012       0.024

 CANEVR   WITH
    DEMMAL          -0.057      -0.033      -0.021       0.043       0.107       0.120       0.144
    DEMAGE          -0.272      -0.253      -0.244      -0.193      -0.142      -0.132      -0.113
    ALCEVR           0.019       0.076       0.105       0.259       0.412       0.441       0.499

 ALCEVR   WITH
    DEMMAL          -0.163      -0.137      -0.123      -0.052       0.018       0.032       0.058
    DEMAGE          -0.176      -0.153      -0.141      -0.080      -0.018      -0.007       0.016

 Means
    DEMAGE          -0.098      -0.075      -0.063       0.000       0.063       0.075       0.098
    DEMMAL          -0.097      -0.074      -0.062       0.000       0.062       0.074       0.097
    CANEVR           0.000       0.000       0.000       0.000       0.000       0.000       0.000
    ALCEVR           0.000       0.000       0.000       0.000       0.000       0.000       0.000

 Variances
    DEMAGE           1.000       1.000       1.000       1.000       1.000       1.000       1.000
    DEMMAL           1.000       1.000       1.000       1.000       1.000       1.000       1.000
    CANEVR           1.000       1.000       1.000       1.000       1.000       1.000       1.000
    ALCEVR           1.000       1.000       1.000       1.000       1.000       1.000       1.000

 Residual Variances
    WASBLK           0.851       0.870       0.880       0.932       0.983       0.993       1.013

Between Level

 WASBLK   ON
    CANEVRBW        -0.154      -0.096      -0.067       0.089       0.244       0.274       0.332
    ALCEVRBW        -0.402      -0.317      -0.274      -0.049       0.177       0.220       0.304

 CANEVRBW WITH
    ALCEVRBW         0.002       0.070       0.105       0.287       0.470       0.505       0.573

 Means
    CANEVRBW        -0.103      -0.073      -0.058       0.023       0.103       0.118       0.148
    ALCEVRBW        -0.120      -0.091      -0.076       0.002       0.080       0.095       0.124

 Intercepts
    WASBLK           7.113       7.851       8.228      10.199      12.171      12.548      13.286

 Variances
    CANEVRBW         1.000       1.000       1.000       1.000       1.000       1.000       1.000
    ALCEVRBW         1.000       1.000       1.000       1.000       1.000       1.000       1.000

 Residual Variances
    WASBLK           0.951       0.961       0.966       0.992       1.018       1.023       1.033


TECHNICAL 1 OUTPUT


     PARAMETER SPECIFICATION FOR WITHIN


           NU
              CANEVRBW      ALCEVRBW      WASBLK        DEMAGE        DEMMAL
              ________      ________      ________      ________      ________
 1                  0             0             0             0             0


           NU
              CANEVR        ALCEVR
              ________      ________
 1                  0             0


           LAMBDA
              CANEVRBW      ALCEVRBW      WASBLK        DEMAGE        DEMMAL
              ________      ________      ________      ________      ________
 CANEVRBW           0             0             0             0             0
 ALCEVRBW           0             0             0             0             0
 WASBLK             0             0             0             0             0
 DEMAGE             0             0             0             0             0
 DEMMAL             0             0             0             0             0
 CANEVR             0             0             0             0             0
 ALCEVR             0             0             0             0             0


           LAMBDA
              CANEVR        ALCEVR
              ________      ________
 CANEVRBW           0             0
 ALCEVRBW           0             0
 WASBLK             0             0
 DEMAGE             0             0
 DEMMAL             0             0
 CANEVR             0             0
 ALCEVR             0             0


           THETA
              CANEVRBW      ALCEVRBW      WASBLK        DEMAGE        DEMMAL
              ________      ________      ________      ________      ________
 CANEVRBW           0
 ALCEVRBW           0             0
 WASBLK             0             0             0
 DEMAGE             0             0             0             0
 DEMMAL             0             0             0             0             0
 CANEVR             0             0             0             0             0
 ALCEVR             0             0             0             0             0


           THETA
              CANEVR        ALCEVR
              ________      ________
 CANEVR             0
 ALCEVR             0             0


           ALPHA
              CANEVRBW      ALCEVRBW      WASBLK        DEMAGE        DEMMAL
              ________      ________      ________      ________      ________
 1                  0             0             0             1             2


           ALPHA
              CANEVR        ALCEVR
              ________      ________
 1                  3             4


           BETA
              CANEVRBW      ALCEVRBW      WASBLK        DEMAGE        DEMMAL
              ________      ________      ________      ________      ________
 CANEVRBW           0             0             0             0             0
 ALCEVRBW           0             0             0             0             0
 WASBLK             0             0             0             5             6
 DEMAGE             0             0             0             0             0
 DEMMAL             0             0             0             0             0
 CANEVR             0             0             0             0             0
 ALCEVR             0             0             0             0             0


           BETA
              CANEVR        ALCEVR
              ________      ________
 CANEVRBW           0             0
 ALCEVRBW           0             0
 WASBLK             7             8
 DEMAGE             0             0
 DEMMAL             0             0
 CANEVR             0             0
 ALCEVR             0             0


           PSI
              CANEVRBW      ALCEVRBW      WASBLK        DEMAGE        DEMMAL
              ________      ________      ________      ________      ________
 CANEVRBW           0
 ALCEVRBW           0             0
 WASBLK             0             0             9
 DEMAGE             0             0             0            10
 DEMMAL             0             0             0             0            11
 CANEVR             0             0             0            12            13
 ALCEVR             0             0             0            15            16


           PSI
              CANEVR        ALCEVR
              ________      ________
 CANEVR            14
 ALCEVR            17            18


     PARAMETER SPECIFICATION FOR BETWEEN


           NU
              CANEVRBW      ALCEVRBW      WASBLK        DEMAGE        DEMMAL
              ________      ________      ________      ________      ________
 1                  0             0             0             0             0


           NU
              CANEVR        ALCEVR
              ________      ________
 1                  0             0


           LAMBDA
              CANEVRBW      ALCEVRBW      WASBLK        DEMAGE        DEMMAL
              ________      ________      ________      ________      ________
 CANEVRBW           0             0             0             0             0
 ALCEVRBW           0             0             0             0             0
 WASBLK             0             0             0             0             0
 DEMAGE             0             0             0             0             0
 DEMMAL             0             0             0             0             0
 CANEVR             0             0             0             0             0
 ALCEVR             0             0             0             0             0


           LAMBDA
              CANEVR        ALCEVR
              ________      ________
 CANEVRBW           0             0
 ALCEVRBW           0             0
 WASBLK             0             0
 DEMAGE             0             0
 DEMMAL             0             0
 CANEVR             0             0
 ALCEVR             0             0


           THETA
              CANEVRBW      ALCEVRBW      WASBLK        DEMAGE        DEMMAL
              ________      ________      ________      ________      ________
 CANEVRBW           0
 ALCEVRBW           0             0
 WASBLK             0             0             0
 DEMAGE             0             0             0             0
 DEMMAL             0             0             0             0             0
 CANEVR             0             0             0             0             0
 ALCEVR             0             0             0             0             0


           THETA
              CANEVR        ALCEVR
              ________      ________
 CANEVR             0
 ALCEVR             0             0


           ALPHA
              CANEVRBW      ALCEVRBW      WASBLK        DEMAGE        DEMMAL
              ________      ________      ________      ________      ________
 1                 19            20            21             0             0


           ALPHA
              CANEVR        ALCEVR
              ________      ________
 1                  0             0


           BETA
              CANEVRBW      ALCEVRBW      WASBLK        DEMAGE        DEMMAL
              ________      ________      ________      ________      ________
 CANEVRBW           0             0             0             0             0
 ALCEVRBW           0             0             0             0             0
 WASBLK            22            23             0             0             0
 DEMAGE             0             0             0             0             0
 DEMMAL             0             0             0             0             0
 CANEVR             0             0             0             0             0
 ALCEVR             0             0             0             0             0


           BETA
              CANEVR        ALCEVR
              ________      ________
 CANEVRBW           0             0
 ALCEVRBW           0             0
 WASBLK             0             0
 DEMAGE             0             0
 DEMMAL             0             0
 CANEVR             0             0
 ALCEVR             0             0


           PSI
              CANEVRBW      ALCEVRBW      WASBLK        DEMAGE        DEMMAL
              ________      ________      ________      ________      ________
 CANEVRBW          24
 ALCEVRBW          25            26
 WASBLK             0             0            27
 DEMAGE             0             0             0             0
 DEMMAL             0             0             0             0             0
 CANEVR             0             0             0             0             0
 ALCEVR             0             0             0             0             0


           PSI
              CANEVR        ALCEVR
              ________      ________
 CANEVR             0
 ALCEVR             0             0


     STARTING VALUES FOR WITHIN


           NU
              CANEVRBW      ALCEVRBW      WASBLK        DEMAGE        DEMMAL
              ________      ________      ________      ________      ________
 1              0.000         0.000         0.000         0.000         0.000


           NU
              CANEVR        ALCEVR
              ________      ________
 1              0.000         0.000


           LAMBDA
              CANEVRBW      ALCEVRBW      WASBLK        DEMAGE        DEMMAL
              ________      ________      ________      ________      ________
 CANEVRBW       1.000         0.000         0.000         0.000         0.000
 ALCEVRBW       0.000         1.000         0.000         0.000         0.000
 WASBLK         0.000         0.000         1.000         0.000         0.000
 DEMAGE         0.000         0.000         0.000         1.000         0.000
 DEMMAL         0.000         0.000         0.000         0.000         1.000
 CANEVR         0.000         0.000         0.000         0.000         0.000
 ALCEVR         0.000         0.000         0.000         0.000         0.000


           LAMBDA
              CANEVR        ALCEVR
              ________      ________
 CANEVRBW       0.000         0.000
 ALCEVRBW       0.000         0.000
 WASBLK         0.000         0.000
 DEMAGE         0.000         0.000
 DEMMAL         0.000         0.000
 CANEVR         1.000         0.000
 ALCEVR         0.000         1.000


           THETA
              CANEVRBW      ALCEVRBW      WASBLK        DEMAGE        DEMMAL
              ________      ________      ________      ________      ________
 CANEVRBW       0.000
 ALCEVRBW       0.000         0.000
 WASBLK         0.000         0.000         0.000
 DEMAGE         0.000         0.000         0.000         0.000
 DEMMAL         0.000         0.000         0.000         0.000         0.000
 CANEVR         0.000         0.000         0.000         0.000         0.000
 ALCEVR         0.000         0.000         0.000         0.000         0.000


           THETA
              CANEVR        ALCEVR
              ________      ________
 CANEVR         0.000
 ALCEVR         0.000         0.000


           ALPHA
              CANEVRBW      ALCEVRBW      WASBLK        DEMAGE        DEMMAL
              ________      ________      ________      ________      ________
 1              0.000         0.000         0.000         0.000         0.000


           ALPHA
              CANEVR        ALCEVR
              ________      ________
 1              0.000         0.000


           BETA
              CANEVRBW      ALCEVRBW      WASBLK        DEMAGE        DEMMAL
              ________      ________      ________      ________      ________
 CANEVRBW       0.000         0.000         0.000         0.000         0.000
 ALCEVRBW       0.000         0.000         0.000         0.000         0.000
 WASBLK         0.000         0.000         0.000         0.000         0.000
 DEMAGE         0.000         0.000         0.000         0.000         0.000
 DEMMAL         0.000         0.000         0.000         0.000         0.000
 CANEVR         0.000         0.000         0.000         0.000         0.000
 ALCEVR         0.000         0.000         0.000         0.000         0.000


           BETA
              CANEVR        ALCEVR
              ________      ________
 CANEVRBW       0.000         0.000
 ALCEVRBW       0.000         0.000
 WASBLK         0.000         0.000
 DEMAGE         0.000         0.000
 DEMMAL         0.000         0.000
 CANEVR         0.000         0.000
 ALCEVR         0.000         0.000


           PSI
              CANEVRBW      ALCEVRBW      WASBLK        DEMAGE        DEMMAL
              ________      ________      ________      ________      ________
 CANEVRBW       0.000
 ALCEVRBW       0.000         0.000
 WASBLK         0.000         0.000        34.571
 DEMAGE         0.000         0.000         0.000         3.204
 DEMMAL         0.000         0.000         0.000         0.000         0.118
 CANEVR         0.000         0.000         0.000         0.000         0.000
 ALCEVR         0.000         0.000         0.000         0.000         0.000


           PSI
              CANEVR        ALCEVR
              ________      ________
 CANEVR         0.012
 ALCEVR         0.000         0.001


     STARTING VALUES FOR BETWEEN


           NU
              CANEVRBW      ALCEVRBW      WASBLK        DEMAGE        DEMMAL
              ________      ________      ________      ________      ________
 1              0.000         0.000         0.000         0.000         0.000


           NU
              CANEVR        ALCEVR
              ________      ________
 1              0.000         0.000


           LAMBDA
              CANEVRBW      ALCEVRBW      WASBLK        DEMAGE        DEMMAL
              ________      ________      ________      ________      ________
 CANEVRBW       1.000         0.000         0.000         0.000         0.000
 ALCEVRBW       0.000         1.000         0.000         0.000         0.000
 WASBLK         0.000         0.000         1.000         0.000         0.000
 DEMAGE         0.000         0.000         0.000         1.000         0.000
 DEMMAL         0.000         0.000         0.000         0.000         1.000
 CANEVR         0.000         0.000         0.000         0.000         0.000
 ALCEVR         0.000         0.000         0.000         0.000         0.000


           LAMBDA
              CANEVR        ALCEVR
              ________      ________
 CANEVRBW       0.000         0.000
 ALCEVRBW       0.000         0.000
 WASBLK         0.000         0.000
 DEMAGE         0.000         0.000
 DEMMAL         0.000         0.000
 CANEVR         1.000         0.000
 ALCEVR         0.000         1.000


           THETA
              CANEVRBW      ALCEVRBW      WASBLK        DEMAGE        DEMMAL
              ________      ________      ________      ________      ________
 CANEVRBW       0.000
 ALCEVRBW       0.000         0.000
 WASBLK         0.000         0.000         0.000
 DEMAGE         0.000         0.000         0.000         0.000
 DEMMAL         0.000         0.000         0.000         0.000         0.000
 CANEVR         0.000         0.000         0.000         0.000         0.000
 ALCEVR         0.000         0.000         0.000         0.000         0.000


           THETA
              CANEVR        ALCEVR
              ________      ________
 CANEVR         0.000
 ALCEVR         0.000         0.000


           ALPHA
              CANEVRBW      ALCEVRBW      WASBLK        DEMAGE        DEMMAL
              ________      ________      ________      ________      ________
 1              0.000         0.000        54.711         0.000         0.000


           ALPHA
              CANEVR        ALCEVR
              ________      ________
 1              0.000         0.000


           BETA
              CANEVRBW      ALCEVRBW      WASBLK        DEMAGE        DEMMAL
              ________      ________      ________      ________      ________
 CANEVRBW       0.000         0.000         0.000         0.000         0.000
 ALCEVRBW       0.000         0.000         0.000         0.000         0.000
 WASBLK         0.000         0.000         0.000         0.000         0.000
 DEMAGE         0.000         0.000         0.000         0.000         0.000
 DEMMAL         0.000         0.000         0.000         0.000         0.000
 CANEVR         0.000         0.000         0.000         0.000         0.000
 ALCEVR         0.000         0.000         0.000         0.000         0.000


           BETA
              CANEVR        ALCEVR
              ________      ________
 CANEVRBW       0.000         0.000
 ALCEVRBW       0.000         0.000
 WASBLK         0.000         0.000
 DEMAGE         0.000         0.000
 DEMMAL         0.000         0.000
 CANEVR         0.000         0.000
 ALCEVR         0.000         0.000


           PSI
              CANEVRBW      ALCEVRBW      WASBLK        DEMAGE        DEMMAL
              ________      ________      ________      ________      ________
 CANEVRBW       0.015
 ALCEVRBW       0.000         0.002
 WASBLK         0.000         0.000        34.571
 DEMAGE         0.000         0.000         0.000         0.000
 DEMMAL         0.000         0.000         0.000         0.000         0.000
 CANEVR         0.000         0.000         0.000         0.000         0.000
 ALCEVR         0.000         0.000         0.000         0.000         0.000


           PSI
              CANEVR        ALCEVR
              ________      ________
 CANEVR         0.000
 ALCEVR         0.000         0.000


     Beginning Time:  16:00:41
        Ending Time:  16:00:41
       Elapsed Time:  00:00:00



MUTHEN & MUTHEN
3463 Stoner Ave.
Los Angeles, CA  90066

Tel: (310) 391-9971
Fax: (310) 391-8971
Web: www.StatModel.com
Support: Support@StatModel.com

Copyright (c) 1998-2015 Muthen & Muthen
