Mplus VERSION 7.4 (Mac)
MUTHEN & MUTHEN
05/06/2020   4:00 PM

INPUT INSTRUCTIONS


  TITLE: CANEVR_CVLALF_2;

  DATA:
  	FILE = GD190618rr.csv;

  VARIABLE:
  	NAMES =
  			ID_Fam   Wave     ID_MPL
  			DEMMAL   DEMAGE   DEMHSP   DEMRAC
  			SRPWCR
  			WASVCB   WASBLK   WASDGT   WSISUM
  			TRLATS   TRLBTS
  			CVLASF   CVLASC   CVLALF   CVLALC
  			CVLCOM
  			CANEVR   CANONS   CANFLF
  			CANFTY   CANF6M   CANAC6
  			CANYRS
  			ALCEVR   ALCONS   ALCFLF
  			ALCFTY   ALCF6M   ALCAC6
  			ALCYRS
  			SRPWCRDt WASVCBDt WASBLKDt
  			WASDGTDt WSISUMDt TRLATSDt
  			TRLBTSDt CVLASFDt CVLASCDt
  			CVLALFDt CVLALCDt CVLCOMDt
  		;
  	USEVARIABLES =
  		! outcome
  	  		CVLALF
    		! covariates
  	  		DEMAGE
    			DEMMAL  		
    		! within predictor
    			CANEVR
    			ALCEVR
    		! between predictor
    			CANEVRBW
    			ALCEVRBW
    			;
    	USEOBSERVATION =
    			(Wave EQ 2 AND CVLALFDt EQ 1)
    		;
    	CLUSTER =
    			ID_Fam
    		;
    	MISSING = .;
    	BETWEEN =   		
    			CANEVRBW
    			ALCEVRBW
    		;
    	WITHIN  		
    			CANEVR
    			ALCEVR
    			DEMAGE
    			DEMMAL
    		;  		

  DEFINE:
  	! CREATE BW FAM PREDICTOR
  		CANEVRBW = cluster_mean (CANEVR);	
  		ALCEVRBW = cluster_mean (ALCEVR);	
  	! CENTER WI FAM VARIABLES
  		CENTER CANEVR (GROUPMEAN);
  		CENTER ALCEVR (GROUPMEAN);
  		CENTER DEMMAL (GRANDMEAN);
  		CENTER DEMAGE (GRANDMEAN);		
  	! CENTER BW FAM VARIABLES
  		CENTER CANEVRBW (GRANDMEAN);
  		CENTER ALCEVRBW (GRANDMEAN);

  ANALYSIS:
          ITERATIONS = 1000000;
          TYPE = TWOLEVEL RANDOM;
          ALGORITHM = INTEGRATION;

  OUTPUT:
  	SAMPSTAT STDYX TECH1 CINT;

  MODEL:
  %WITHIN%
  	CVLALF on CANEVR;
  	CVLALF on  DEMMAL DEMAGE ALCEVR;	
  	CVLALF*;
  	CANEVR*;

  	CANEVR WITH DEMMAL*;
  	CANEVR WITH DEMAGE*;
  	ALCEVR WITH DEMMAL*;
  	ALCEVR WITH DEMAGE*;
  	CANEVR WITH ALCEVR*;

  %BETWEEN%
  	CVLALF on CANEVRBW ALCEVRBW;
  	CVLALF*;
  	CANEVRBW*;
  	CANEVRBW WITH ALCEVRBW*;



INPUT READING TERMINATED NORMALLY



CANEVR_CVLALF_2;

SUMMARY OF ANALYSIS

Number of groups                                                 1
Number of observations                                         415

Number of dependent variables                                    1
Number of independent variables                                  6
Number of continuous latent variables                            0

Observed dependent variables

  Continuous
   CVLALF

Observed independent variables
   DEMAGE      DEMMAL      CANEVR      ALCEVR      CANEVRBW    ALCEVRBW

Variables with special functions

  Cluster variable      ID_FAM

  Within variables
   DEMAGE      DEMMAL      CANEVR      ALCEVR

  Between variables
   CANEVRBW    ALCEVRBW

  Centering (GRANDMEAN)
   DEMMAL      DEMAGE      CANEVRBW    ALCEVRBW

  Centering (GROUPMEAN)
   CANEVR      ALCEVR


Estimator                                                      MLR
Information matrix                                        OBSERVED
Optimization Specifications for the Quasi-Newton Algorithm for
Continuous Outcomes
  Maximum number of iterations                             1000000
  Convergence criterion                                  0.100D-05
Optimization Specifications for the EM Algorithm
  Maximum number of iterations                                 500
  Convergence criteria
    Loglikelihood change                                 0.100D-02
    Relative loglikelihood change                        0.100D-05
    Derivative                                           0.100D-02
Optimization Specifications for the M step of the EM Algorithm for
Categorical Latent variables
  Number of M step iterations                                    1
  M step convergence criterion                           0.100D-02
  Basis for M step termination                           ITERATION
Optimization Specifications for the M step of the EM Algorithm for
Censored, Binary or Ordered Categorical (Ordinal), Unordered
Categorical (Nominal) and Count Outcomes
  Number of M step iterations                                    1
  M step convergence criterion                           0.100D-02
  Basis for M step termination                           ITERATION
  Maximum value for logit thresholds                            15
  Minimum value for logit thresholds                           -15
  Minimum expected cell size for chi-square              0.100D-01
Maximum number of iterations for H1                           2000
Convergence criterion for H1                             0.100D-03
Optimization algorithm                                         EMA
Integration Specifications
  Type                                                    STANDARD
  Number of integration points                                  15
  Dimensions of numerical integration                            0
  Adaptive quadrature                                           ON
Cholesky                                                       OFF

Input data file(s)
  GD190618rr.csv
Input data format  FREE


SUMMARY OF DATA

     Number of missing data patterns             3
     Number of clusters                        224



COVARIANCE COVERAGE OF DATA

Minimum covariance coverage value   0.100


     PROPORTION OF DATA PRESENT FOR Y


           Covariance Coverage
              CANEVRBW      ALCEVRBW      CVLALF        DEMAGE        DEMMAL
              ________      ________      ________      ________      ________
 CANEVRBW       1.000
 ALCEVRBW       1.000         1.000
 CVLALF         0.834         0.834         0.834
 DEMAGE         0.998         0.998         0.834         0.998
 DEMMAL         0.998         0.998         0.834         0.998         0.998
 CANEVR         1.000         1.000         0.834         0.998         0.998
 ALCEVR         1.000         1.000         0.834         0.998         0.998


           Covariance Coverage
              CANEVR        ALCEVR
              ________      ________
 CANEVR         1.000
 ALCEVR         1.000         1.000


SAMPLE STATISTICS


     ESTIMATED SAMPLE STATISTICS


           Means
              CANEVRBW      ALCEVRBW      CVLALF        DEMAGE        DEMMAL
              ________      ________      ________      ________      ________
 1              0.000         0.000        -0.503         0.000         0.000


           Means
              CANEVR        ALCEVR
              ________      ________
 1              0.000         0.000


           Covariances
              CANEVRBW      ALCEVRBW      CVLALF        DEMAGE        DEMMAL
              ________      ________      ________      ________      ________
 CANEVRBW       0.033
 ALCEVRBW       0.001         0.002
 CVLALF         0.010        -0.003         1.205
 DEMAGE        -0.051         0.013        -0.240         6.701
 DEMMAL         0.011         0.000         0.018        -0.138         0.247
 CANEVR         0.000         0.000        -0.018        -0.092         0.008
 ALCEVR         0.000         0.000        -0.001        -0.003         0.000


           Covariances
              CANEVR        ALCEVR
              ________      ________
 CANEVR         0.032
 ALCEVR         0.001         0.002


           Correlations
              CANEVRBW      ALCEVRBW      CVLALF        DEMAGE        DEMMAL
              ________      ________      ________      ________      ________
 CANEVRBW       1.000
 ALCEVRBW       0.097         1.000
 CVLALF         0.052        -0.056         1.000
 DEMAGE        -0.108         0.101        -0.085         1.000
 DEMMAL         0.119         0.010         0.034        -0.107         1.000
 CANEVR         0.000         0.000        -0.095        -0.200         0.095
 ALCEVR         0.000         0.000        -0.011        -0.022         0.000


           Correlations
              CANEVR        ALCEVR
              ________      ________
 CANEVR         1.000
 ALCEVR         0.138         1.000


     MAXIMUM LOG-LIKELIHOOD VALUE FOR THE UNRESTRICTED (H1) MODEL IS -201.936


UNIVARIATE SAMPLE STATISTICS


     UNIVARIATE HIGHER-ORDER MOMENT DESCRIPTIVE STATISTICS

         Variable/         Mean/     Skewness/   Minimum/ % with                Percentiles
        Sample Size      Variance    Kurtosis    Maximum  Min/Max      20%/60%    40%/80%    Median

     CANEVRBW              0.004      -2.918      -0.930    1.34%       0.070      0.070      0.070
             224.000       0.034       8.481       0.070   87.50%       0.070      0.070
     ALCEVRBW              0.000     -10.441      -0.495    0.89%       0.005      0.005      0.005
             224.000       0.002     107.009       0.005   99.11%       0.005      0.005
     CVLALF               -0.494      -0.342      -4.500    0.29%      -1.500     -1.000      0.000
             346.000       1.207      -0.299       1.500    3.76%       0.000      0.500
     DEMAGE                0.000       0.451      -5.391    0.24%      -2.321     -0.881     -0.171
             414.000       6.702      -0.101       7.639    0.24%       0.389      2.159
     DEMMAL                0.000      -0.204      -0.551   44.93%      -0.551     -0.551      0.449
             414.000       0.247      -1.958       0.449   55.07%       0.449      0.449
     CANEVR                0.000      -0.379      -0.667    0.96%       0.000      0.000      0.000
             415.000       0.032       5.412       0.500    5.06%       0.000      0.000
     ALCEVR                0.000       0.000      -0.500    0.48%       0.000      0.000      0.000
             415.000       0.002     100.750       0.500    0.48%       0.000      0.000

     THE STANDARD ERRORS OF THE MODEL PARAMETER ESTIMATES MAY NOT BE
     TRUSTWORTHY FOR SOME PARAMETERS DUE TO A NON-POSITIVE DEFINITE
     FIRST-ORDER DERIVATIVE PRODUCT MATRIX.  THIS MAY BE DUE TO THE STARTING
     VALUES BUT MAY ALSO BE AN INDICATION OF MODEL NONIDENTIFICATION.  THE
     CONDITION NUMBER IS      -0.649D-17.  PROBLEM INVOLVING THE FOLLOWING PARAMETER:
     Parameter 3, %WITHIN%: [ CANEVR ]


THE MODEL ESTIMATION TERMINATED NORMALLY



MODEL FIT INFORMATION

Number of Free Parameters                       27

Loglikelihood

          H0 Value                        -567.255
          H0 Scaling Correction Factor      7.1270
            for MLR

Information Criteria

          Akaike (AIC)                    1188.509
          Bayesian (BIC)                  1297.273
          Sample-Size Adjusted BIC        1211.595
            (n* = (n + 2) / 24)



MODEL RESULTS

                                                    Two-Tailed
                    Estimate       S.E.  Est./S.E.    P-Value

Within Level

 CVLALF     ON
    CANEVR            -0.692      0.265     -2.610      0.009
    DEMMAL             0.058      0.114      0.513      0.608
    DEMAGE            -0.036      0.024     -1.494      0.135
    ALCEVR             0.055      0.332      0.166      0.869

 CANEVR   WITH
    DEMMAL             0.007      0.005      1.464      0.143
    DEMAGE            -0.089      0.024     -3.765      0.000
    ALCEVR             0.001      0.001      1.011      0.312

 ALCEVR   WITH
    DEMMAL             0.000      0.002     -0.035      0.972
    DEMAGE            -0.003      0.005     -0.616      0.538

 Means
    DEMAGE             0.000      0.137      0.000      1.000
    DEMMAL             0.000      0.027      0.000      1.000
    CANEVR             0.000      0.000      0.000      1.000
    ALCEVR             0.000      0.000      0.000      1.000

 Variances
    DEMAGE             6.702      0.440     15.234      0.000
    DEMMAL             0.247      0.003     91.529      0.000
    CANEVR             0.032      0.006      5.387      0.000
    ALCEVR             0.002      0.002      1.421      0.155

 Residual Variances
    CVLALF             1.036      0.132      7.821      0.000

Between Level

 CVLALF     ON
    CANEVRBW           0.257      0.332      0.774      0.439
    ALCEVRBW          -1.181      1.409     -0.838      0.402

 CANEVRBW WITH
    ALCEVRBW           0.001      0.001      0.845      0.398

 Means
    CANEVRBW           0.004      0.012      0.295      0.768
    ALCEVRBW           0.000      0.003      0.113      0.910

 Intercepts
    CVLALF            -0.505      0.061     -8.248      0.000

 Variances
    CANEVRBW           0.034      0.007      4.623      0.000
    ALCEVRBW           0.002      0.002      1.433      0.152

 Residual Variances
    CVLALF             0.141      0.103      1.375      0.169


STANDARDIZED MODEL RESULTS


STDYX Standardization

                                                    Two-Tailed
                    Estimate       S.E.  Est./S.E.    P-Value

Within Level

 CVLALF     ON
    CANEVR            -0.120      0.047     -2.572      0.010
    DEMMAL             0.028      0.055      0.513      0.608
    DEMAGE            -0.090      0.060     -1.498      0.134
    ALCEVR             0.003      0.016      0.165      0.869

 CANEVR   WITH
    DEMMAL             0.075      0.050      1.502      0.133
    DEMAGE            -0.193      0.040     -4.871      0.000
    ALCEVR             0.138      0.106      1.300      0.194

 ALCEVR   WITH
    DEMMAL            -0.002      0.066     -0.035      0.972
    DEMAGE            -0.022      0.033     -0.663      0.507

 Means
    DEMAGE             0.000      0.053      0.000      1.000
    DEMMAL             0.000      0.054      0.000      1.000
    CANEVR             0.000      0.000    999.000    999.000
    ALCEVR             0.000      0.000    999.000    999.000

 Variances
    DEMAGE             1.000      0.000    999.000    999.000
    DEMMAL             1.000      0.000    999.000    999.000
    CANEVR             1.000      0.000    999.000    999.000
    ALCEVR             1.000      0.000    999.000    999.000

 Residual Variances
    CVLALF             0.981      0.013     74.520      0.000

Between Level

 CVLALF     ON
    CANEVRBW           0.125      0.160      0.781      0.435
    ALCEVRBW          -0.145      0.182     -0.796      0.426

 CANEVRBW WITH
    ALCEVRBW           0.094      0.096      0.981      0.327

 Means
    CANEVRBW           0.020      0.069      0.287      0.774
    ALCEVRBW           0.008      0.069      0.109      0.913

 Intercepts
    CVLALF            -1.320      0.493     -2.677      0.007

 Variances
    CANEVRBW           1.000      0.000    999.000    999.000
    ALCEVRBW           1.000      0.000    999.000    999.000

 Residual Variances
    CVLALF             0.967      0.060     16.082      0.000


R-SQUARE

Within Level

    Observed                                        Two-Tailed
    Variable        Estimate       S.E.  Est./S.E.    P-Value

    CVLALF             0.019      0.013      1.407      0.159

Between Level

    Observed                                        Two-Tailed
    Variable        Estimate       S.E.  Est./S.E.    P-Value

    CVLALF             0.033      0.060      0.553      0.580


QUALITY OF NUMERICAL RESULTS

     Condition Number for the Information Matrix             -0.649E-17
       (ratio of smallest to largest eigenvalue)


CONFIDENCE INTERVALS OF MODEL RESULTS

                  Lower .5%  Lower 2.5%    Lower 5%    Estimate    Upper 5%  Upper 2.5%   Upper .5%

Within Level

 CVLALF   ON
    CANEVR          -1.375      -1.212      -1.128      -0.692      -0.256      -0.172      -0.009
    DEMMAL          -0.234      -0.164      -0.128       0.058       0.245       0.281       0.351
    DEMAGE          -0.097      -0.083      -0.075      -0.036       0.004       0.011       0.026
    ALCEVR          -0.801      -0.596      -0.491       0.055       0.601       0.706       0.911

 CANEVR   WITH
    DEMMAL          -0.005      -0.002      -0.001       0.007       0.014       0.015       0.018
    DEMAGE          -0.149      -0.135      -0.127      -0.089      -0.050      -0.043      -0.028
    ALCEVR          -0.002      -0.001      -0.001       0.001       0.003       0.004       0.004

 ALCEVR   WITH
    DEMMAL          -0.004      -0.003      -0.003       0.000       0.003       0.003       0.004
    DEMAGE          -0.014      -0.012      -0.010      -0.003       0.005       0.006       0.009

 Means
    DEMAGE          -0.353      -0.268      -0.225       0.000       0.225       0.268       0.353
    DEMMAL          -0.069      -0.052      -0.044       0.000       0.044       0.052       0.069
    CANEVR           0.000       0.000       0.000       0.000       0.000       0.000       0.000
    ALCEVR           0.000       0.000       0.000       0.000       0.000       0.000       0.000

 Variances
    DEMAGE           5.568       5.839       5.978       6.702       7.425       7.564       7.835
    DEMMAL           0.240       0.242       0.243       0.247       0.252       0.253       0.254
    CANEVR           0.017       0.020       0.022       0.032       0.041       0.043       0.047
    ALCEVR          -0.002      -0.001       0.000       0.002       0.005       0.006       0.007

 Residual Variances
    CVLALF           0.695       0.776       0.818       1.036       1.254       1.296       1.377

Between Level

 CVLALF   ON
    CANEVRBW        -0.599      -0.394      -0.289       0.257       0.804       0.908       1.113
    ALCEVRBW        -4.809      -3.942      -3.498      -1.181       1.136       1.580       2.448

 CANEVRBW WITH
    ALCEVRBW        -0.002      -0.001      -0.001       0.001       0.002       0.003       0.003

 Means
    CANEVRBW        -0.028      -0.021      -0.017       0.004       0.024       0.028       0.036
    ALCEVRBW        -0.008      -0.006      -0.005       0.000       0.006       0.007       0.008

 Intercepts
    CVLALF          -0.663      -0.625      -0.606      -0.505      -0.404      -0.385      -0.347

 Variances
    CANEVRBW         0.015       0.020       0.022       0.034       0.047       0.049       0.054
    ALCEVRBW        -0.002      -0.001       0.000       0.002       0.005       0.005       0.006

 Residual Variances
    CVLALF          -0.124      -0.060      -0.028       0.141       0.311       0.343       0.406


CONFIDENCE INTERVALS OF STANDARDIZED MODEL RESULTS


STDYX Standardization

                  Lower .5%  Lower 2.5%    Lower 5%    Estimate    Upper 5%  Upper 2.5%   Upper .5%

Within Level

 CVLALF   ON
    CANEVR          -0.240      -0.211      -0.196      -0.120      -0.043      -0.029       0.000
    DEMMAL          -0.113      -0.080      -0.062       0.028       0.119       0.136       0.170
    DEMAGE          -0.245      -0.208      -0.189      -0.090       0.009       0.028       0.065
    ALCEVR          -0.038      -0.028      -0.023       0.003       0.029       0.034       0.044

 CANEVR   WITH
    DEMMAL          -0.053      -0.023      -0.007       0.075       0.157       0.172       0.203
    DEMAGE          -0.295      -0.270      -0.258      -0.193      -0.128      -0.115      -0.091
    ALCEVR          -0.135      -0.070      -0.037       0.138       0.312       0.346       0.411

 ALCEVR   WITH
    DEMMAL          -0.173      -0.132      -0.111      -0.002       0.107       0.128       0.168
    DEMAGE          -0.107      -0.087      -0.076      -0.022       0.033       0.043       0.063

 Means
    DEMAGE          -0.136      -0.104      -0.087       0.000       0.087       0.104       0.136
    DEMMAL          -0.138      -0.105      -0.088       0.000       0.088       0.105       0.138
    CANEVR           0.000       0.000       0.000       0.000       0.000       0.000       0.000
    ALCEVR           0.000       0.000       0.000       0.000       0.000       0.000       0.000

 Variances
    DEMAGE           1.000       1.000       1.000       1.000       1.000       1.000       1.000
    DEMMAL           1.000       1.000       1.000       1.000       1.000       1.000       1.000
    CANEVR           1.000       1.000       1.000       1.000       1.000       1.000       1.000
    ALCEVR           1.000       1.000       1.000       1.000       1.000       1.000       1.000

 Residual Variances
    CVLALF           0.948       0.956       0.960       0.981       1.003       1.007       1.015

Between Level

 CVLALF   ON
    CANEVRBW        -0.287      -0.188      -0.138       0.125       0.388       0.438       0.536
    ALCEVRBW        -0.615      -0.503      -0.445      -0.145       0.155       0.212       0.325

 CANEVRBW WITH
    ALCEVRBW        -0.153      -0.094      -0.064       0.094       0.252       0.282       0.341

 Means
    CANEVRBW        -0.157      -0.115      -0.093       0.020       0.133       0.154       0.197
    ALCEVRBW        -0.171      -0.129      -0.107       0.008       0.122       0.144       0.186

 Intercepts
    CVLALF          -2.591      -2.287      -2.132      -1.320      -0.509      -0.354      -0.050

 Variances
    CANEVRBW         1.000       1.000       1.000       1.000       1.000       1.000       1.000
    ALCEVRBW         1.000       1.000       1.000       1.000       1.000       1.000       1.000

 Residual Variances
    CVLALF           0.812       0.849       0.868       0.967       1.066       1.085       1.122


TECHNICAL 1 OUTPUT


     PARAMETER SPECIFICATION FOR WITHIN


           NU
              CANEVRBW      ALCEVRBW      CVLALF        DEMAGE        DEMMAL
              ________      ________      ________      ________      ________
 1                  0             0             0             0             0


           NU
              CANEVR        ALCEVR
              ________      ________
 1                  0             0


           LAMBDA
              CANEVRBW      ALCEVRBW      CVLALF        DEMAGE        DEMMAL
              ________      ________      ________      ________      ________
 CANEVRBW           0             0             0             0             0
 ALCEVRBW           0             0             0             0             0
 CVLALF             0             0             0             0             0
 DEMAGE             0             0             0             0             0
 DEMMAL             0             0             0             0             0
 CANEVR             0             0             0             0             0
 ALCEVR             0             0             0             0             0


           LAMBDA
              CANEVR        ALCEVR
              ________      ________
 CANEVRBW           0             0
 ALCEVRBW           0             0
 CVLALF             0             0
 DEMAGE             0             0
 DEMMAL             0             0
 CANEVR             0             0
 ALCEVR             0             0


           THETA
              CANEVRBW      ALCEVRBW      CVLALF        DEMAGE        DEMMAL
              ________      ________      ________      ________      ________
 CANEVRBW           0
 ALCEVRBW           0             0
 CVLALF             0             0             0
 DEMAGE             0             0             0             0
 DEMMAL             0             0             0             0             0
 CANEVR             0             0             0             0             0
 ALCEVR             0             0             0             0             0


           THETA
              CANEVR        ALCEVR
              ________      ________
 CANEVR             0
 ALCEVR             0             0


           ALPHA
              CANEVRBW      ALCEVRBW      CVLALF        DEMAGE        DEMMAL
              ________      ________      ________      ________      ________
 1                  0             0             0             1             2


           ALPHA
              CANEVR        ALCEVR
              ________      ________
 1                  3             4


           BETA
              CANEVRBW      ALCEVRBW      CVLALF        DEMAGE        DEMMAL
              ________      ________      ________      ________      ________
 CANEVRBW           0             0             0             0             0
 ALCEVRBW           0             0             0             0             0
 CVLALF             0             0             0             5             6
 DEMAGE             0             0             0             0             0
 DEMMAL             0             0             0             0             0
 CANEVR             0             0             0             0             0
 ALCEVR             0             0             0             0             0


           BETA
              CANEVR        ALCEVR
              ________      ________
 CANEVRBW           0             0
 ALCEVRBW           0             0
 CVLALF             7             8
 DEMAGE             0             0
 DEMMAL             0             0
 CANEVR             0             0
 ALCEVR             0             0


           PSI
              CANEVRBW      ALCEVRBW      CVLALF        DEMAGE        DEMMAL
              ________      ________      ________      ________      ________
 CANEVRBW           0
 ALCEVRBW           0             0
 CVLALF             0             0             9
 DEMAGE             0             0             0            10
 DEMMAL             0             0             0             0            11
 CANEVR             0             0             0            12            13
 ALCEVR             0             0             0            15            16


           PSI
              CANEVR        ALCEVR
              ________      ________
 CANEVR            14
 ALCEVR            17            18


     PARAMETER SPECIFICATION FOR BETWEEN


           NU
              CANEVRBW      ALCEVRBW      CVLALF        DEMAGE        DEMMAL
              ________      ________      ________      ________      ________
 1                  0             0             0             0             0


           NU
              CANEVR        ALCEVR
              ________      ________
 1                  0             0


           LAMBDA
              CANEVRBW      ALCEVRBW      CVLALF        DEMAGE        DEMMAL
              ________      ________      ________      ________      ________
 CANEVRBW           0             0             0             0             0
 ALCEVRBW           0             0             0             0             0
 CVLALF             0             0             0             0             0
 DEMAGE             0             0             0             0             0
 DEMMAL             0             0             0             0             0
 CANEVR             0             0             0             0             0
 ALCEVR             0             0             0             0             0


           LAMBDA
              CANEVR        ALCEVR
              ________      ________
 CANEVRBW           0             0
 ALCEVRBW           0             0
 CVLALF             0             0
 DEMAGE             0             0
 DEMMAL             0             0
 CANEVR             0             0
 ALCEVR             0             0


           THETA
              CANEVRBW      ALCEVRBW      CVLALF        DEMAGE        DEMMAL
              ________      ________      ________      ________      ________
 CANEVRBW           0
 ALCEVRBW           0             0
 CVLALF             0             0             0
 DEMAGE             0             0             0             0
 DEMMAL             0             0             0             0             0
 CANEVR             0             0             0             0             0
 ALCEVR             0             0             0             0             0


           THETA
              CANEVR        ALCEVR
              ________      ________
 CANEVR             0
 ALCEVR             0             0


           ALPHA
              CANEVRBW      ALCEVRBW      CVLALF        DEMAGE        DEMMAL
              ________      ________      ________      ________      ________
 1                 19            20            21             0             0


           ALPHA
              CANEVR        ALCEVR
              ________      ________
 1                  0             0


           BETA
              CANEVRBW      ALCEVRBW      CVLALF        DEMAGE        DEMMAL
              ________      ________      ________      ________      ________
 CANEVRBW           0             0             0             0             0
 ALCEVRBW           0             0             0             0             0
 CVLALF            22            23             0             0             0
 DEMAGE             0             0             0             0             0
 DEMMAL             0             0             0             0             0
 CANEVR             0             0             0             0             0
 ALCEVR             0             0             0             0             0


           BETA
              CANEVR        ALCEVR
              ________      ________
 CANEVRBW           0             0
 ALCEVRBW           0             0
 CVLALF             0             0
 DEMAGE             0             0
 DEMMAL             0             0
 CANEVR             0             0
 ALCEVR             0             0


           PSI
              CANEVRBW      ALCEVRBW      CVLALF        DEMAGE        DEMMAL
              ________      ________      ________      ________      ________
 CANEVRBW          24
 ALCEVRBW          25            26
 CVLALF             0             0            27
 DEMAGE             0             0             0             0
 DEMMAL             0             0             0             0             0
 CANEVR             0             0             0             0             0
 ALCEVR             0             0             0             0             0


           PSI
              CANEVR        ALCEVR
              ________      ________
 CANEVR             0
 ALCEVR             0             0


     STARTING VALUES FOR WITHIN


           NU
              CANEVRBW      ALCEVRBW      CVLALF        DEMAGE        DEMMAL
              ________      ________      ________      ________      ________
 1              0.000         0.000         0.000         0.000         0.000


           NU
              CANEVR        ALCEVR
              ________      ________
 1              0.000         0.000


           LAMBDA
              CANEVRBW      ALCEVRBW      CVLALF        DEMAGE        DEMMAL
              ________      ________      ________      ________      ________
 CANEVRBW       1.000         0.000         0.000         0.000         0.000
 ALCEVRBW       0.000         1.000         0.000         0.000         0.000
 CVLALF         0.000         0.000         1.000         0.000         0.000
 DEMAGE         0.000         0.000         0.000         1.000         0.000
 DEMMAL         0.000         0.000         0.000         0.000         1.000
 CANEVR         0.000         0.000         0.000         0.000         0.000
 ALCEVR         0.000         0.000         0.000         0.000         0.000


           LAMBDA
              CANEVR        ALCEVR
              ________      ________
 CANEVRBW       0.000         0.000
 ALCEVRBW       0.000         0.000
 CVLALF         0.000         0.000
 DEMAGE         0.000         0.000
 DEMMAL         0.000         0.000
 CANEVR         1.000         0.000
 ALCEVR         0.000         1.000


           THETA
              CANEVRBW      ALCEVRBW      CVLALF        DEMAGE        DEMMAL
              ________      ________      ________      ________      ________
 CANEVRBW       0.000
 ALCEVRBW       0.000         0.000
 CVLALF         0.000         0.000         0.000
 DEMAGE         0.000         0.000         0.000         0.000
 DEMMAL         0.000         0.000         0.000         0.000         0.000
 CANEVR         0.000         0.000         0.000         0.000         0.000
 ALCEVR         0.000         0.000         0.000         0.000         0.000


           THETA
              CANEVR        ALCEVR
              ________      ________
 CANEVR         0.000
 ALCEVR         0.000         0.000


           ALPHA
              CANEVRBW      ALCEVRBW      CVLALF        DEMAGE        DEMMAL
              ________      ________      ________      ________      ________
 1              0.000         0.000         0.000         0.000         0.000


           ALPHA
              CANEVR        ALCEVR
              ________      ________
 1              0.000         0.000


           BETA
              CANEVRBW      ALCEVRBW      CVLALF        DEMAGE        DEMMAL
              ________      ________      ________      ________      ________
 CANEVRBW       0.000         0.000         0.000         0.000         0.000
 ALCEVRBW       0.000         0.000         0.000         0.000         0.000
 CVLALF         0.000         0.000         0.000         0.000         0.000
 DEMAGE         0.000         0.000         0.000         0.000         0.000
 DEMMAL         0.000         0.000         0.000         0.000         0.000
 CANEVR         0.000         0.000         0.000         0.000         0.000
 ALCEVR         0.000         0.000         0.000         0.000         0.000


           BETA
              CANEVR        ALCEVR
              ________      ________
 CANEVRBW       0.000         0.000
 ALCEVRBW       0.000         0.000
 CVLALF         0.000         0.000
 DEMAGE         0.000         0.000
 DEMMAL         0.000         0.000
 CANEVR         0.000         0.000
 ALCEVR         0.000         0.000


           PSI
              CANEVRBW      ALCEVRBW      CVLALF        DEMAGE        DEMMAL
              ________      ________      ________      ________      ________
 CANEVRBW       0.000
 ALCEVRBW       0.000         0.000
 CVLALF         0.000         0.000         0.603
 DEMAGE         0.000         0.000         0.000         3.351
 DEMMAL         0.000         0.000         0.000         0.000         0.124
 CANEVR         0.000         0.000         0.000         0.000         0.000
 ALCEVR         0.000         0.000         0.000         0.000         0.000


           PSI
              CANEVR        ALCEVR
              ________      ________
 CANEVR         0.016
 ALCEVR         0.000         0.001


     STARTING VALUES FOR BETWEEN


           NU
              CANEVRBW      ALCEVRBW      CVLALF        DEMAGE        DEMMAL
              ________      ________      ________      ________      ________
 1              0.000         0.000         0.000         0.000         0.000


           NU
              CANEVR        ALCEVR
              ________      ________
 1              0.000         0.000


           LAMBDA
              CANEVRBW      ALCEVRBW      CVLALF        DEMAGE        DEMMAL
              ________      ________      ________      ________      ________
 CANEVRBW       1.000         0.000         0.000         0.000         0.000
 ALCEVRBW       0.000         1.000         0.000         0.000         0.000
 CVLALF         0.000         0.000         1.000         0.000         0.000
 DEMAGE         0.000         0.000         0.000         1.000         0.000
 DEMMAL         0.000         0.000         0.000         0.000         1.000
 CANEVR         0.000         0.000         0.000         0.000         0.000
 ALCEVR         0.000         0.000         0.000         0.000         0.000


           LAMBDA
              CANEVR        ALCEVR
              ________      ________
 CANEVRBW       0.000         0.000
 ALCEVRBW       0.000         0.000
 CVLALF         0.000         0.000
 DEMAGE         0.000         0.000
 DEMMAL         0.000         0.000
 CANEVR         1.000         0.000
 ALCEVR         0.000         1.000


           THETA
              CANEVRBW      ALCEVRBW      CVLALF        DEMAGE        DEMMAL
              ________      ________      ________      ________      ________
 CANEVRBW       0.000
 ALCEVRBW       0.000         0.000
 CVLALF         0.000         0.000         0.000
 DEMAGE         0.000         0.000         0.000         0.000
 DEMMAL         0.000         0.000         0.000         0.000         0.000
 CANEVR         0.000         0.000         0.000         0.000         0.000
 ALCEVR         0.000         0.000         0.000         0.000         0.000


           THETA
              CANEVR        ALCEVR
              ________      ________
 CANEVR         0.000
 ALCEVR         0.000         0.000


           ALPHA
              CANEVRBW      ALCEVRBW      CVLALF        DEMAGE        DEMMAL
              ________      ________      ________      ________      ________
 1              0.000         0.000        -0.494         0.000         0.000


           ALPHA
              CANEVR        ALCEVR
              ________      ________
 1              0.000         0.000


           BETA
              CANEVRBW      ALCEVRBW      CVLALF        DEMAGE        DEMMAL
              ________      ________      ________      ________      ________
 CANEVRBW       0.000         0.000         0.000         0.000         0.000
 ALCEVRBW       0.000         0.000         0.000         0.000         0.000
 CVLALF         0.000         0.000         0.000         0.000         0.000
 DEMAGE         0.000         0.000         0.000         0.000         0.000
 DEMMAL         0.000         0.000         0.000         0.000         0.000
 CANEVR         0.000         0.000         0.000         0.000         0.000
 ALCEVR         0.000         0.000         0.000         0.000         0.000


           BETA
              CANEVR        ALCEVR
              ________      ________
 CANEVRBW       0.000         0.000
 ALCEVRBW       0.000         0.000
 CVLALF         0.000         0.000
 DEMAGE         0.000         0.000
 DEMMAL         0.000         0.000
 CANEVR         0.000         0.000
 ALCEVR         0.000         0.000


           PSI
              CANEVRBW      ALCEVRBW      CVLALF        DEMAGE        DEMMAL
              ________      ________      ________      ________      ________
 CANEVRBW       0.017
 ALCEVRBW       0.000         0.001
 CVLALF         0.000         0.000         0.603
 DEMAGE         0.000         0.000         0.000         0.000
 DEMMAL         0.000         0.000         0.000         0.000         0.000
 CANEVR         0.000         0.000         0.000         0.000         0.000
 ALCEVR         0.000         0.000         0.000         0.000         0.000


           PSI
              CANEVR        ALCEVR
              ________      ________
 CANEVR         0.000
 ALCEVR         0.000         0.000


     Beginning Time:  16:00:32
        Ending Time:  16:00:32
       Elapsed Time:  00:00:00



MUTHEN & MUTHEN
3463 Stoner Ave.
Los Angeles, CA  90066

Tel: (310) 391-9971
Fax: (310) 391-8971
Web: www.StatModel.com
Support: Support@StatModel.com

Copyright (c) 1998-2015 Muthen & Muthen
