Mplus VERSION 7.4 (Mac)
MUTHEN & MUTHEN
05/06/2020   4:00 PM

INPUT INSTRUCTIONS


  TITLE: CANEVR_CVLCOM_2;

  DATA:
  	FILE = GD190618rr.csv;

  VARIABLE:
  	NAMES =
  			ID_Fam   Wave     ID_MPL
  			DEMMAL   DEMAGE   DEMHSP   DEMRAC
  			SRPWCR
  			WASVCB   WASBLK   WASDGT   WSISUM
  			TRLATS   TRLBTS
  			CVLASF   CVLASC   CVLALF   CVLALC
  			CVLCOM
  			CANEVR   CANONS   CANFLF
  			CANFTY   CANF6M   CANAC6
  			CANYRS
  			ALCEVR   ALCONS   ALCFLF
  			ALCFTY   ALCF6M   ALCAC6
  			ALCYRS
  			SRPWCRDt WASVCBDt WASBLKDt
  			WASDGTDt WSISUMDt TRLATSDt
  			TRLBTSDt CVLASFDt CVLASCDt
  			CVLALFDt CVLALCDt CVLCOMDt
  		;
  	USEVARIABLES =
  		! outcome
  	  		CVLCOM
    		! covariates
  	  		DEMAGE
    			DEMMAL  		
    		! within predictor
    			CANEVR
    			ALCEVR
    		! between predictor
    			CANEVRBW
    			ALCEVRBW
    			;
    	USEOBSERVATION =
    			(Wave EQ 2 AND CVLCOMDt EQ 1)
    		;
    	CLUSTER =
    			ID_Fam
    		;
    	MISSING = .;
    	BETWEEN =   		
    			CANEVRBW
    			ALCEVRBW
    		;
    	WITHIN  		
    			CANEVR
    			ALCEVR
    			DEMAGE
    			DEMMAL
    		;  		

  DEFINE:
  	! CREATE BW FAM PREDICTOR
  		CANEVRBW = cluster_mean (CANEVR);	
  		ALCEVRBW = cluster_mean (ALCEVR);	
  	! CENTER WI FAM VARIABLES
  		CENTER CANEVR (GROUPMEAN);
  		CENTER ALCEVR (GROUPMEAN);
  		CENTER DEMMAL (GRANDMEAN);
  		CENTER DEMAGE (GRANDMEAN);		
  	! CENTER BW FAM VARIABLES
  		CENTER CANEVRBW (GRANDMEAN);
  		CENTER ALCEVRBW (GRANDMEAN);

  ANALYSIS:
          ITERATIONS = 1000000;
          TYPE = TWOLEVEL RANDOM;
          ALGORITHM = INTEGRATION;

  OUTPUT:
  	SAMPSTAT STDYX TECH1 CINT;

  MODEL:
  %WITHIN%
  	CVLCOM on CANEVR;
  	CVLCOM on  DEMMAL DEMAGE ALCEVR;	
  	CVLCOM*;
  	CANEVR*;

  	CANEVR WITH DEMMAL*;
  	CANEVR WITH DEMAGE*;
  	ALCEVR WITH DEMMAL*;
  	ALCEVR WITH DEMAGE*;
  	CANEVR WITH ALCEVR*;

  %BETWEEN%
  	CVLCOM on CANEVRBW ALCEVRBW;
  	CVLCOM*;
  	CANEVRBW*;
  	CANEVRBW WITH ALCEVRBW*;



INPUT READING TERMINATED NORMALLY



CANEVR_CVLCOM_2;

SUMMARY OF ANALYSIS

Number of groups                                                 1
Number of observations                                         415

Number of dependent variables                                    1
Number of independent variables                                  6
Number of continuous latent variables                            0

Observed dependent variables

  Continuous
   CVLCOM

Observed independent variables
   DEMAGE      DEMMAL      CANEVR      ALCEVR      CANEVRBW    ALCEVRBW

Variables with special functions

  Cluster variable      ID_FAM

  Within variables
   DEMAGE      DEMMAL      CANEVR      ALCEVR

  Between variables
   CANEVRBW    ALCEVRBW

  Centering (GRANDMEAN)
   DEMMAL      DEMAGE      CANEVRBW    ALCEVRBW

  Centering (GROUPMEAN)
   CANEVR      ALCEVR


Estimator                                                      MLR
Information matrix                                        OBSERVED
Optimization Specifications for the Quasi-Newton Algorithm for
Continuous Outcomes
  Maximum number of iterations                             1000000
  Convergence criterion                                  0.100D-05
Optimization Specifications for the EM Algorithm
  Maximum number of iterations                                 500
  Convergence criteria
    Loglikelihood change                                 0.100D-02
    Relative loglikelihood change                        0.100D-05
    Derivative                                           0.100D-02
Optimization Specifications for the M step of the EM Algorithm for
Categorical Latent variables
  Number of M step iterations                                    1
  M step convergence criterion                           0.100D-02
  Basis for M step termination                           ITERATION
Optimization Specifications for the M step of the EM Algorithm for
Censored, Binary or Ordered Categorical (Ordinal), Unordered
Categorical (Nominal) and Count Outcomes
  Number of M step iterations                                    1
  M step convergence criterion                           0.100D-02
  Basis for M step termination                           ITERATION
  Maximum value for logit thresholds                            15
  Minimum value for logit thresholds                           -15
  Minimum expected cell size for chi-square              0.100D-01
Maximum number of iterations for H1                           2000
Convergence criterion for H1                             0.100D-03
Optimization algorithm                                         EMA
Integration Specifications
  Type                                                    STANDARD
  Number of integration points                                  15
  Dimensions of numerical integration                            0
  Adaptive quadrature                                           ON
Cholesky                                                       OFF

Input data file(s)
  GD190618rr.csv
Input data format  FREE


SUMMARY OF DATA

     Number of missing data patterns             3
     Number of clusters                        224



COVARIANCE COVERAGE OF DATA

Minimum covariance coverage value   0.100


     PROPORTION OF DATA PRESENT FOR Y


           Covariance Coverage
              CANEVRBW      ALCEVRBW      CVLCOM        DEMAGE        DEMMAL
              ________      ________      ________      ________      ________
 CANEVRBW       1.000
 ALCEVRBW       1.000         1.000
 CVLCOM         0.834         0.834         0.834
 DEMAGE         0.998         0.998         0.834         0.998
 DEMMAL         0.998         0.998         0.834         0.998         0.998
 CANEVR         1.000         1.000         0.834         0.998         0.998
 ALCEVR         1.000         1.000         0.834         0.998         0.998


           Covariance Coverage
              CANEVR        ALCEVR
              ________      ________
 CANEVR         1.000
 ALCEVR         1.000         1.000


SAMPLE STATISTICS


     ESTIMATED SAMPLE STATISTICS


           Means
              CANEVRBW      ALCEVRBW      CVLCOM        DEMAGE        DEMMAL
              ________      ________      ________      ________      ________
 1              0.000         0.000         0.008         0.000         0.000


           Means
              CANEVR        ALCEVR
              ________      ________
 1              0.000         0.000


           Covariances
              CANEVRBW      ALCEVRBW      CVLCOM        DEMAGE        DEMMAL
              ________      ________      ________      ________      ________
 CANEVRBW       0.033
 ALCEVRBW       0.001         0.002
 CVLCOM         0.013        -0.002         0.873
 DEMAGE        -0.051         0.013        -0.058         6.701
 DEMMAL         0.011         0.000         0.035        -0.138         0.247
 CANEVR         0.000         0.000        -0.015        -0.092         0.008
 ALCEVR         0.000         0.000         0.000        -0.003         0.000


           Covariances
              CANEVR        ALCEVR
              ________      ________
 CANEVR         0.032
 ALCEVR         0.001         0.002


           Correlations
              CANEVRBW      ALCEVRBW      CVLCOM        DEMAGE        DEMMAL
              ________      ________      ________      ________      ________
 CANEVRBW       1.000
 ALCEVRBW       0.097         1.000
 CVLCOM         0.074        -0.051         1.000
 DEMAGE        -0.108         0.101        -0.024         1.000
 DEMMAL         0.119         0.010         0.075        -0.107         1.000
 CANEVR         0.000         0.000        -0.091        -0.200         0.095
 ALCEVR         0.000         0.000        -0.003        -0.022         0.000


           Correlations
              CANEVR        ALCEVR
              ________      ________
 CANEVR         1.000
 ALCEVR         0.138         1.000


     MAXIMUM LOG-LIKELIHOOD VALUE FOR THE UNRESTRICTED (H1) MODEL IS -146.548


UNIVARIATE SAMPLE STATISTICS


     UNIVARIATE HIGHER-ORDER MOMENT DESCRIPTIVE STATISTICS

         Variable/         Mean/     Skewness/   Minimum/ % with                Percentiles
        Sample Size      Variance    Kurtosis    Maximum  Min/Max      20%/60%    40%/80%    Median

     CANEVRBW              0.004      -2.918      -0.930    1.34%       0.070      0.070      0.070
             224.000       0.034       8.481       0.070   87.50%       0.070      0.070
     ALCEVRBW              0.000     -10.441      -0.495    0.89%       0.005      0.005      0.005
             224.000       0.002     107.009       0.005   99.11%       0.005      0.005
     CVLCOM                0.010      -0.487      -3.928    0.29%      -0.803     -0.120      0.003
             346.000       0.875       0.327       1.964    0.87%       0.342      0.814
     DEMAGE                0.000       0.451      -5.391    0.24%      -2.321     -0.881     -0.171
             414.000       6.702      -0.101       7.639    0.24%       0.389      2.159
     DEMMAL                0.000      -0.204      -0.551   44.93%      -0.551     -0.551      0.449
             414.000       0.247      -1.958       0.449   55.07%       0.449      0.449
     CANEVR                0.000      -0.379      -0.667    0.96%       0.000      0.000      0.000
             415.000       0.032       5.412       0.500    5.06%       0.000      0.000
     ALCEVR                0.000       0.000      -0.500    0.48%       0.000      0.000      0.000
             415.000       0.002     100.750       0.500    0.48%       0.000      0.000

     THE STANDARD ERRORS OF THE MODEL PARAMETER ESTIMATES MAY NOT BE
     TRUSTWORTHY FOR SOME PARAMETERS DUE TO A NON-POSITIVE DEFINITE
     FIRST-ORDER DERIVATIVE PRODUCT MATRIX.  THIS MAY BE DUE TO THE STARTING
     VALUES BUT MAY ALSO BE AN INDICATION OF MODEL NONIDENTIFICATION.  THE
     CONDITION NUMBER IS      -0.975D-16.  PROBLEM INVOLVING THE FOLLOWING PARAMETER:
     Parameter 3, %WITHIN%: [ CANEVR ]


THE MODEL ESTIMATION TERMINATED NORMALLY



MODEL FIT INFORMATION

Number of Free Parameters                       27

Loglikelihood

          H0 Value                        -512.005
          H0 Scaling Correction Factor      7.1630
            for MLR

Information Criteria

          Akaike (AIC)                    1078.011
          Bayesian (BIC)                  1186.774
          Sample-Size Adjusted BIC        1101.097
            (n* = (n + 2) / 24)



MODEL RESULTS

                                                    Two-Tailed
                    Estimate       S.E.  Est./S.E.    P-Value

Within Level

 CVLCOM     ON
    CANEVR            -0.515      0.222     -2.321      0.020
    DEMMAL             0.135      0.098      1.375      0.169
    DEMAGE            -0.005      0.022     -0.221      0.825
    ALCEVR             0.193      0.381      0.506      0.613

 CANEVR   WITH
    DEMMAL             0.007      0.005      1.464      0.143
    DEMAGE            -0.089      0.024     -3.765      0.000
    ALCEVR             0.001      0.001      1.011      0.312

 ALCEVR   WITH
    DEMMAL             0.000      0.002     -0.035      0.972
    DEMAGE            -0.003      0.005     -0.616      0.538

 Means
    DEMAGE             0.000      0.137      0.000      1.000
    DEMMAL             0.000      0.027      0.000      1.000
    CANEVR             0.000      0.000      0.000      1.000
    ALCEVR             0.000      0.000    999.000    999.000

 Variances
    DEMAGE             6.702      0.440     15.234      0.000
    DEMMAL             0.247      0.003     91.529      0.000
    CANEVR             0.032      0.006      5.387      0.000
    ALCEVR             0.002      0.002      1.421      0.155

 Residual Variances
    CVLCOM             0.756      0.111      6.819      0.000

Between Level

 CVLCOM     ON
    CANEVRBW           0.362      0.272      1.335      0.182
    ALCEVRBW          -1.096      1.335     -0.821      0.412

 CANEVRBW WITH
    ALCEVRBW           0.001      0.001      0.845      0.398

 Means
    CANEVRBW           0.004      0.012      0.295      0.768
    ALCEVRBW           0.000      0.003      0.113      0.910

 Intercepts
    CVLCOM             0.007      0.052      0.138      0.890

 Variances
    CANEVRBW           0.034      0.007      4.623      0.000
    ALCEVRBW           0.002      0.002      1.433      0.152

 Residual Variances
    CVLCOM             0.099      0.081      1.230      0.219


STANDARDIZED MODEL RESULTS


STDYX Standardization

                                                    Two-Tailed
                    Estimate       S.E.  Est./S.E.    P-Value

Within Level

 CVLCOM     ON
    CANEVR            -0.105      0.045     -2.325      0.020
    DEMMAL             0.077      0.055      1.382      0.167
    DEMAGE            -0.014      0.064     -0.221      0.825
    ALCEVR             0.011      0.022      0.501      0.617

 CANEVR   WITH
    DEMMAL             0.075      0.050      1.502      0.133
    DEMAGE            -0.193      0.040     -4.871      0.000
    ALCEVR             0.138      0.106      1.300      0.194

 ALCEVR   WITH
    DEMMAL            -0.002      0.066     -0.035      0.972
    DEMAGE            -0.022      0.033     -0.663      0.507

 Means
    DEMAGE             0.000      0.053      0.000      1.000
    DEMMAL             0.000      0.054      0.000      1.000
    CANEVR             0.000      0.000    999.000    999.000
    ALCEVR             0.000      0.000    999.000    999.000

 Variances
    DEMAGE             1.000      0.000    999.000    999.000
    DEMMAL             1.000      0.000    999.000    999.000
    CANEVR             1.000      0.000    999.000    999.000
    ALCEVR             1.000      0.000    999.000    999.000

 Residual Variances
    CVLCOM             0.985      0.012     83.161      0.000

Between Level

 CVLCOM     ON
    CANEVRBW           0.207      0.166      1.248      0.212
    ALCEVRBW          -0.159      0.204     -0.777      0.437

 CANEVRBW WITH
    ALCEVRBW           0.094      0.096      0.981      0.327

 Means
    CANEVRBW           0.020      0.069      0.287      0.774
    ALCEVRBW           0.008      0.069      0.109      0.913

 Intercepts
    CVLCOM             0.022      0.162      0.137      0.891

 Variances
    CANEVRBW           1.000      0.000    999.000    999.000
    ALCEVRBW           1.000      0.000    999.000    999.000

 Residual Variances
    CVLCOM             0.938      0.087     10.772      0.000


R-SQUARE

Within Level

    Observed                                        Two-Tailed
    Variable        Estimate       S.E.  Est./S.E.    P-Value

    CVLCOM             0.015      0.012      1.270      0.204

Between Level

    Observed                                        Two-Tailed
    Variable        Estimate       S.E.  Est./S.E.    P-Value

    CVLCOM             0.062      0.087      0.710      0.478


QUALITY OF NUMERICAL RESULTS

     Condition Number for the Information Matrix             -0.975E-16
       (ratio of smallest to largest eigenvalue)


CONFIDENCE INTERVALS OF MODEL RESULTS

                  Lower .5%  Lower 2.5%    Lower 5%    Estimate    Upper 5%  Upper 2.5%   Upper .5%

Within Level

 CVLCOM   ON
    CANEVR          -1.087      -0.950      -0.880      -0.515      -0.150      -0.080       0.057
    DEMMAL          -0.118      -0.057      -0.026       0.135       0.296       0.327       0.388
    DEMAGE          -0.060      -0.047      -0.040      -0.005       0.031       0.038       0.051
    ALCEVR          -0.788      -0.554      -0.434       0.193       0.819       0.939       1.174

 CANEVR   WITH
    DEMMAL          -0.005      -0.002      -0.001       0.007       0.014       0.015       0.018
    DEMAGE          -0.149      -0.135      -0.127      -0.089      -0.050      -0.043      -0.028
    ALCEVR          -0.002      -0.001      -0.001       0.001       0.003       0.004       0.004

 ALCEVR   WITH
    DEMMAL          -0.004      -0.003      -0.003       0.000       0.003       0.003       0.004
    DEMAGE          -0.014      -0.012      -0.010      -0.003       0.005       0.006       0.009

 Means
    DEMAGE          -0.353      -0.268      -0.225       0.000       0.225       0.268       0.353
    DEMMAL          -0.069      -0.052      -0.044       0.000       0.044       0.052       0.069
    CANEVR           0.000       0.000       0.000       0.000       0.000       0.000       0.000
    ALCEVR           0.000       0.000       0.000       0.000       0.000       0.000       0.000

 Variances
    DEMAGE           5.568       5.839       5.978       6.702       7.425       7.564       7.835
    DEMMAL           0.240       0.242       0.243       0.247       0.252       0.253       0.254
    CANEVR           0.017       0.020       0.022       0.032       0.041       0.043       0.047
    ALCEVR          -0.002      -0.001       0.000       0.002       0.005       0.006       0.007

 Residual Variances
    CVLCOM           0.470       0.539       0.574       0.756       0.939       0.973       1.042

Between Level

 CVLCOM   ON
    CANEVRBW        -0.337      -0.170      -0.084       0.362       0.809       0.895       1.062
    ALCEVRBW        -4.534      -3.712      -3.292      -1.096       1.100       1.520       2.342

 CANEVRBW WITH
    ALCEVRBW        -0.002      -0.001      -0.001       0.001       0.002       0.003       0.003

 Means
    CANEVRBW        -0.028      -0.021      -0.017       0.004       0.024       0.028       0.036
    ALCEVRBW        -0.008      -0.006      -0.005       0.000       0.006       0.007       0.008

 Intercepts
    CVLCOM          -0.128      -0.095      -0.079       0.007       0.093       0.110       0.142

 Variances
    CANEVRBW         0.015       0.020       0.022       0.034       0.047       0.049       0.054
    ALCEVRBW        -0.002      -0.001       0.000       0.002       0.005       0.005       0.006

 Residual Variances
    CVLCOM          -0.108      -0.059      -0.033       0.099       0.232       0.257       0.307


CONFIDENCE INTERVALS OF STANDARDIZED MODEL RESULTS


STDYX Standardization

                  Lower .5%  Lower 2.5%    Lower 5%    Estimate    Upper 5%  Upper 2.5%   Upper .5%

Within Level

 CVLCOM   ON
    CANEVR          -0.220      -0.193      -0.179      -0.105      -0.031      -0.016       0.011
    DEMMAL          -0.066      -0.032      -0.015       0.077       0.168       0.185       0.219
    DEMAGE          -0.178      -0.139      -0.119      -0.014       0.091       0.111       0.150
    ALCEVR          -0.045      -0.032      -0.025       0.011       0.046       0.053       0.066

 CANEVR   WITH
    DEMMAL          -0.053      -0.023      -0.007       0.075       0.157       0.172       0.203
    DEMAGE          -0.295      -0.270      -0.258      -0.193      -0.128      -0.115      -0.091
    ALCEVR          -0.135      -0.070      -0.037       0.138       0.312       0.346       0.411

 ALCEVR   WITH
    DEMMAL          -0.173      -0.132      -0.111      -0.002       0.107       0.128       0.168
    DEMAGE          -0.107      -0.087      -0.076      -0.022       0.033       0.043       0.063

 Means
    DEMAGE          -0.136      -0.104      -0.087       0.000       0.087       0.104       0.136
    DEMMAL          -0.138      -0.105      -0.088       0.000       0.088       0.105       0.138
    CANEVR           0.000       0.000       0.000       0.000       0.000       0.000       0.000
    ALCEVR           0.000       0.000       0.000       0.000       0.000       0.000       0.000

 Variances
    DEMAGE           1.000       1.000       1.000       1.000       1.000       1.000       1.000
    DEMMAL           1.000       1.000       1.000       1.000       1.000       1.000       1.000
    CANEVR           1.000       1.000       1.000       1.000       1.000       1.000       1.000
    ALCEVR           1.000       1.000       1.000       1.000       1.000       1.000       1.000

 Residual Variances
    CVLCOM           0.954       0.962       0.965       0.985       1.004       1.008       1.015

Between Level

 CVLCOM   ON
    CANEVRBW        -0.220      -0.118      -0.066       0.207       0.480       0.532       0.634
    ALCEVRBW        -0.684      -0.558      -0.494      -0.159       0.177       0.241       0.367

 CANEVRBW WITH
    ALCEVRBW        -0.153      -0.094      -0.064       0.094       0.252       0.282       0.341

 Means
    CANEVRBW        -0.157      -0.115      -0.093       0.020       0.133       0.154       0.197
    ALCEVRBW        -0.171      -0.129      -0.107       0.008       0.122       0.144       0.186

 Intercepts
    CVLCOM          -0.394      -0.295      -0.244       0.022       0.288       0.339       0.438

 Variances
    CANEVRBW         1.000       1.000       1.000       1.000       1.000       1.000       1.000
    ALCEVRBW         1.000       1.000       1.000       1.000       1.000       1.000       1.000

 Residual Variances
    CVLCOM           0.714       0.767       0.795       0.938       1.081       1.109       1.163


TECHNICAL 1 OUTPUT


     PARAMETER SPECIFICATION FOR WITHIN


           NU
              CANEVRBW      ALCEVRBW      CVLCOM        DEMAGE        DEMMAL
              ________      ________      ________      ________      ________
 1                  0             0             0             0             0


           NU
              CANEVR        ALCEVR
              ________      ________
 1                  0             0


           LAMBDA
              CANEVRBW      ALCEVRBW      CVLCOM        DEMAGE        DEMMAL
              ________      ________      ________      ________      ________
 CANEVRBW           0             0             0             0             0
 ALCEVRBW           0             0             0             0             0
 CVLCOM             0             0             0             0             0
 DEMAGE             0             0             0             0             0
 DEMMAL             0             0             0             0             0
 CANEVR             0             0             0             0             0
 ALCEVR             0             0             0             0             0


           LAMBDA
              CANEVR        ALCEVR
              ________      ________
 CANEVRBW           0             0
 ALCEVRBW           0             0
 CVLCOM             0             0
 DEMAGE             0             0
 DEMMAL             0             0
 CANEVR             0             0
 ALCEVR             0             0


           THETA
              CANEVRBW      ALCEVRBW      CVLCOM        DEMAGE        DEMMAL
              ________      ________      ________      ________      ________
 CANEVRBW           0
 ALCEVRBW           0             0
 CVLCOM             0             0             0
 DEMAGE             0             0             0             0
 DEMMAL             0             0             0             0             0
 CANEVR             0             0             0             0             0
 ALCEVR             0             0             0             0             0


           THETA
              CANEVR        ALCEVR
              ________      ________
 CANEVR             0
 ALCEVR             0             0


           ALPHA
              CANEVRBW      ALCEVRBW      CVLCOM        DEMAGE        DEMMAL
              ________      ________      ________      ________      ________
 1                  0             0             0             1             2


           ALPHA
              CANEVR        ALCEVR
              ________      ________
 1                  3             4


           BETA
              CANEVRBW      ALCEVRBW      CVLCOM        DEMAGE        DEMMAL
              ________      ________      ________      ________      ________
 CANEVRBW           0             0             0             0             0
 ALCEVRBW           0             0             0             0             0
 CVLCOM             0             0             0             5             6
 DEMAGE             0             0             0             0             0
 DEMMAL             0             0             0             0             0
 CANEVR             0             0             0             0             0
 ALCEVR             0             0             0             0             0


           BETA
              CANEVR        ALCEVR
              ________      ________
 CANEVRBW           0             0
 ALCEVRBW           0             0
 CVLCOM             7             8
 DEMAGE             0             0
 DEMMAL             0             0
 CANEVR             0             0
 ALCEVR             0             0


           PSI
              CANEVRBW      ALCEVRBW      CVLCOM        DEMAGE        DEMMAL
              ________      ________      ________      ________      ________
 CANEVRBW           0
 ALCEVRBW           0             0
 CVLCOM             0             0             9
 DEMAGE             0             0             0            10
 DEMMAL             0             0             0             0            11
 CANEVR             0             0             0            12            13
 ALCEVR             0             0             0            15            16


           PSI
              CANEVR        ALCEVR
              ________      ________
 CANEVR            14
 ALCEVR            17            18


     PARAMETER SPECIFICATION FOR BETWEEN


           NU
              CANEVRBW      ALCEVRBW      CVLCOM        DEMAGE        DEMMAL
              ________      ________      ________      ________      ________
 1                  0             0             0             0             0


           NU
              CANEVR        ALCEVR
              ________      ________
 1                  0             0


           LAMBDA
              CANEVRBW      ALCEVRBW      CVLCOM        DEMAGE        DEMMAL
              ________      ________      ________      ________      ________
 CANEVRBW           0             0             0             0             0
 ALCEVRBW           0             0             0             0             0
 CVLCOM             0             0             0             0             0
 DEMAGE             0             0             0             0             0
 DEMMAL             0             0             0             0             0
 CANEVR             0             0             0             0             0
 ALCEVR             0             0             0             0             0


           LAMBDA
              CANEVR        ALCEVR
              ________      ________
 CANEVRBW           0             0
 ALCEVRBW           0             0
 CVLCOM             0             0
 DEMAGE             0             0
 DEMMAL             0             0
 CANEVR             0             0
 ALCEVR             0             0


           THETA
              CANEVRBW      ALCEVRBW      CVLCOM        DEMAGE        DEMMAL
              ________      ________      ________      ________      ________
 CANEVRBW           0
 ALCEVRBW           0             0
 CVLCOM             0             0             0
 DEMAGE             0             0             0             0
 DEMMAL             0             0             0             0             0
 CANEVR             0             0             0             0             0
 ALCEVR             0             0             0             0             0


           THETA
              CANEVR        ALCEVR
              ________      ________
 CANEVR             0
 ALCEVR             0             0


           ALPHA
              CANEVRBW      ALCEVRBW      CVLCOM        DEMAGE        DEMMAL
              ________      ________      ________      ________      ________
 1                 19            20            21             0             0


           ALPHA
              CANEVR        ALCEVR
              ________      ________
 1                  0             0


           BETA
              CANEVRBW      ALCEVRBW      CVLCOM        DEMAGE        DEMMAL
              ________      ________      ________      ________      ________
 CANEVRBW           0             0             0             0             0
 ALCEVRBW           0             0             0             0             0
 CVLCOM            22            23             0             0             0
 DEMAGE             0             0             0             0             0
 DEMMAL             0             0             0             0             0
 CANEVR             0             0             0             0             0
 ALCEVR             0             0             0             0             0


           BETA
              CANEVR        ALCEVR
              ________      ________
 CANEVRBW           0             0
 ALCEVRBW           0             0
 CVLCOM             0             0
 DEMAGE             0             0
 DEMMAL             0             0
 CANEVR             0             0
 ALCEVR             0             0


           PSI
              CANEVRBW      ALCEVRBW      CVLCOM        DEMAGE        DEMMAL
              ________      ________      ________      ________      ________
 CANEVRBW          24
 ALCEVRBW          25            26
 CVLCOM             0             0            27
 DEMAGE             0             0             0             0
 DEMMAL             0             0             0             0             0
 CANEVR             0             0             0             0             0
 ALCEVR             0             0             0             0             0


           PSI
              CANEVR        ALCEVR
              ________      ________
 CANEVR             0
 ALCEVR             0             0


     STARTING VALUES FOR WITHIN


           NU
              CANEVRBW      ALCEVRBW      CVLCOM        DEMAGE        DEMMAL
              ________      ________      ________      ________      ________
 1              0.000         0.000         0.000         0.000         0.000


           NU
              CANEVR        ALCEVR
              ________      ________
 1              0.000         0.000


           LAMBDA
              CANEVRBW      ALCEVRBW      CVLCOM        DEMAGE        DEMMAL
              ________      ________      ________      ________      ________
 CANEVRBW       1.000         0.000         0.000         0.000         0.000
 ALCEVRBW       0.000         1.000         0.000         0.000         0.000
 CVLCOM         0.000         0.000         1.000         0.000         0.000
 DEMAGE         0.000         0.000         0.000         1.000         0.000
 DEMMAL         0.000         0.000         0.000         0.000         1.000
 CANEVR         0.000         0.000         0.000         0.000         0.000
 ALCEVR         0.000         0.000         0.000         0.000         0.000


           LAMBDA
              CANEVR        ALCEVR
              ________      ________
 CANEVRBW       0.000         0.000
 ALCEVRBW       0.000         0.000
 CVLCOM         0.000         0.000
 DEMAGE         0.000         0.000
 DEMMAL         0.000         0.000
 CANEVR         1.000         0.000
 ALCEVR         0.000         1.000


           THETA
              CANEVRBW      ALCEVRBW      CVLCOM        DEMAGE        DEMMAL
              ________      ________      ________      ________      ________
 CANEVRBW       0.000
 ALCEVRBW       0.000         0.000
 CVLCOM         0.000         0.000         0.000
 DEMAGE         0.000         0.000         0.000         0.000
 DEMMAL         0.000         0.000         0.000         0.000         0.000
 CANEVR         0.000         0.000         0.000         0.000         0.000
 ALCEVR         0.000         0.000         0.000         0.000         0.000


           THETA
              CANEVR        ALCEVR
              ________      ________
 CANEVR         0.000
 ALCEVR         0.000         0.000


           ALPHA
              CANEVRBW      ALCEVRBW      CVLCOM        DEMAGE        DEMMAL
              ________      ________      ________      ________      ________
 1              0.000         0.000         0.000         0.000         0.000


           ALPHA
              CANEVR        ALCEVR
              ________      ________
 1              0.000         0.000


           BETA
              CANEVRBW      ALCEVRBW      CVLCOM        DEMAGE        DEMMAL
              ________      ________      ________      ________      ________
 CANEVRBW       0.000         0.000         0.000         0.000         0.000
 ALCEVRBW       0.000         0.000         0.000         0.000         0.000
 CVLCOM         0.000         0.000         0.000         0.000         0.000
 DEMAGE         0.000         0.000         0.000         0.000         0.000
 DEMMAL         0.000         0.000         0.000         0.000         0.000
 CANEVR         0.000         0.000         0.000         0.000         0.000
 ALCEVR         0.000         0.000         0.000         0.000         0.000


           BETA
              CANEVR        ALCEVR
              ________      ________
 CANEVRBW       0.000         0.000
 ALCEVRBW       0.000         0.000
 CVLCOM         0.000         0.000
 DEMAGE         0.000         0.000
 DEMMAL         0.000         0.000
 CANEVR         0.000         0.000
 ALCEVR         0.000         0.000


           PSI
              CANEVRBW      ALCEVRBW      CVLCOM        DEMAGE        DEMMAL
              ________      ________      ________      ________      ________
 CANEVRBW       0.000
 ALCEVRBW       0.000         0.000
 CVLCOM         0.000         0.000         0.437
 DEMAGE         0.000         0.000         0.000         3.351
 DEMMAL         0.000         0.000         0.000         0.000         0.124
 CANEVR         0.000         0.000         0.000         0.000         0.000
 ALCEVR         0.000         0.000         0.000         0.000         0.000


           PSI
              CANEVR        ALCEVR
              ________      ________
 CANEVR         0.016
 ALCEVR         0.000         0.001


     STARTING VALUES FOR BETWEEN


           NU
              CANEVRBW      ALCEVRBW      CVLCOM        DEMAGE        DEMMAL
              ________      ________      ________      ________      ________
 1              0.000         0.000         0.000         0.000         0.000


           NU
              CANEVR        ALCEVR
              ________      ________
 1              0.000         0.000


           LAMBDA
              CANEVRBW      ALCEVRBW      CVLCOM        DEMAGE        DEMMAL
              ________      ________      ________      ________      ________
 CANEVRBW       1.000         0.000         0.000         0.000         0.000
 ALCEVRBW       0.000         1.000         0.000         0.000         0.000
 CVLCOM         0.000         0.000         1.000         0.000         0.000
 DEMAGE         0.000         0.000         0.000         1.000         0.000
 DEMMAL         0.000         0.000         0.000         0.000         1.000
 CANEVR         0.000         0.000         0.000         0.000         0.000
 ALCEVR         0.000         0.000         0.000         0.000         0.000


           LAMBDA
              CANEVR        ALCEVR
              ________      ________
 CANEVRBW       0.000         0.000
 ALCEVRBW       0.000         0.000
 CVLCOM         0.000         0.000
 DEMAGE         0.000         0.000
 DEMMAL         0.000         0.000
 CANEVR         1.000         0.000
 ALCEVR         0.000         1.000


           THETA
              CANEVRBW      ALCEVRBW      CVLCOM        DEMAGE        DEMMAL
              ________      ________      ________      ________      ________
 CANEVRBW       0.000
 ALCEVRBW       0.000         0.000
 CVLCOM         0.000         0.000         0.000
 DEMAGE         0.000         0.000         0.000         0.000
 DEMMAL         0.000         0.000         0.000         0.000         0.000
 CANEVR         0.000         0.000         0.000         0.000         0.000
 ALCEVR         0.000         0.000         0.000         0.000         0.000


           THETA
              CANEVR        ALCEVR
              ________      ________
 CANEVR         0.000
 ALCEVR         0.000         0.000


           ALPHA
              CANEVRBW      ALCEVRBW      CVLCOM        DEMAGE        DEMMAL
              ________      ________      ________      ________      ________
 1              0.000         0.000         0.010         0.000         0.000


           ALPHA
              CANEVR        ALCEVR
              ________      ________
 1              0.000         0.000


           BETA
              CANEVRBW      ALCEVRBW      CVLCOM        DEMAGE        DEMMAL
              ________      ________      ________      ________      ________
 CANEVRBW       0.000         0.000         0.000         0.000         0.000
 ALCEVRBW       0.000         0.000         0.000         0.000         0.000
 CVLCOM         0.000         0.000         0.000         0.000         0.000
 DEMAGE         0.000         0.000         0.000         0.000         0.000
 DEMMAL         0.000         0.000         0.000         0.000         0.000
 CANEVR         0.000         0.000         0.000         0.000         0.000
 ALCEVR         0.000         0.000         0.000         0.000         0.000


           BETA
              CANEVR        ALCEVR
              ________      ________
 CANEVRBW       0.000         0.000
 ALCEVRBW       0.000         0.000
 CVLCOM         0.000         0.000
 DEMAGE         0.000         0.000
 DEMMAL         0.000         0.000
 CANEVR         0.000         0.000
 ALCEVR         0.000         0.000


           PSI
              CANEVRBW      ALCEVRBW      CVLCOM        DEMAGE        DEMMAL
              ________      ________      ________      ________      ________
 CANEVRBW       0.017
 ALCEVRBW       0.000         0.001
 CVLCOM         0.000         0.000         0.437
 DEMAGE         0.000         0.000         0.000         0.000
 DEMMAL         0.000         0.000         0.000         0.000         0.000
 CANEVR         0.000         0.000         0.000         0.000         0.000
 ALCEVR         0.000         0.000         0.000         0.000         0.000


           PSI
              CANEVR        ALCEVR
              ________      ________
 CANEVR         0.000
 ALCEVR         0.000         0.000


     Beginning Time:  16:00:33
        Ending Time:  16:00:33
       Elapsed Time:  00:00:00



MUTHEN & MUTHEN
3463 Stoner Ave.
Los Angeles, CA  90066

Tel: (310) 391-9971
Fax: (310) 391-8971
Web: www.StatModel.com
Support: Support@StatModel.com

Copyright (c) 1998-2015 Muthen & Muthen
