Mplus VERSION 7.4 (Mac)
MUTHEN & MUTHEN
05/06/2020   4:00 PM

INPUT INSTRUCTIONS


  TITLE: CANEVR_TRLBTS_1;

  DATA:
  	FILE = GD190618rr.csv;

  VARIABLE:
  	NAMES =
  			ID_Fam   Wave     ID_MPL
  			DEMMAL   DEMAGE   DEMHSP   DEMRAC
  			SRPWCR
  			WASVCB   WASBLK   WASDGT   WSISUM
  			TRLATS   TRLBTS
  			CVLASF   CVLASC   CVLALF   CVLALC
  			CVLCOM
  			CANEVR   CANONS   CANFLF
  			CANFTY   CANF6M   CANAC6
  			CANYRS
  			ALCEVR   ALCONS   ALCFLF
  			ALCFTY   ALCF6M   ALCAC6
  			ALCYRS
  			SRPWCRDt WASVCBDt WASBLKDt
  			WASDGTDt WSISUMDt TRLATSDt
  			TRLBTSDt CVLASFDt CVLASCDt
  			CVLALFDt CVLALCDt CVLCOMDt
  		;
  	USEVARIABLES =
  		! outcome
  	  		TRLBTS
    		! covariates
  	  		DEMAGE
    			DEMMAL  		
    		! within predictor
    			CANEVR
    			ALCEVR
    		! between predictor
    			CANEVRBW
    			ALCEVRBW
    			;
    	USEOBSERVATION =
    			(Wave EQ 1 AND TRLBTSDt EQ 1)
    		;
    	CLUSTER =
    			ID_Fam
    		;
    	MISSING = .;
    	BETWEEN =   		
    			CANEVRBW
    			ALCEVRBW
    		;
    	WITHIN  		
    			CANEVR
    			ALCEVR
    			DEMAGE
    			DEMMAL
    		;  		

  DEFINE:
  	! CREATE BW FAM PREDICTOR
  		CANEVRBW = cluster_mean (CANEVR);	
  		ALCEVRBW = cluster_mean (ALCEVR);	
  	! CENTER WI FAM VARIABLES
  		CENTER CANEVR (GROUPMEAN);
  		CENTER ALCEVR (GROUPMEAN);
  		CENTER DEMMAL (GRANDMEAN);
  		CENTER DEMAGE (GRANDMEAN);		
  	! CENTER BW FAM VARIABLES
  		CENTER CANEVRBW (GRANDMEAN);
  		CENTER ALCEVRBW (GRANDMEAN);

  ANALYSIS:
          ITERATIONS = 1000000;
          TYPE = TWOLEVEL RANDOM;
          ALGORITHM = INTEGRATION;

  OUTPUT:
  	SAMPSTAT STDYX TECH1 CINT;

  MODEL:
  %WITHIN%
  	TRLBTS on CANEVR;
  	TRLBTS on  DEMMAL DEMAGE ALCEVR;	
  	TRLBTS*;
  	CANEVR*;

  	CANEVR WITH DEMMAL*;
  	CANEVR WITH DEMAGE*;
  	ALCEVR WITH DEMMAL*;
  	ALCEVR WITH DEMAGE*;
  	CANEVR WITH ALCEVR*;

  %BETWEEN%
  	TRLBTS on CANEVRBW ALCEVRBW;
  	TRLBTS*;
  	CANEVRBW*;
  	CANEVRBW WITH ALCEVRBW*;



*** WARNING
  Data set contains cases with missing on all variables except
  x-variables.  These cases were not included in the analysis.
  Number of cases with missing on all variables except x-variables:  1
   1 WARNING(S) FOUND IN THE INPUT INSTRUCTIONS



CANEVR_TRLBTS_1;

SUMMARY OF ANALYSIS

Number of groups                                                 1
Number of observations                                        1169

Number of dependent variables                                    1
Number of independent variables                                  6
Number of continuous latent variables                            0

Observed dependent variables

  Continuous
   TRLBTS

Observed independent variables
   DEMAGE      DEMMAL      CANEVR      ALCEVR      CANEVRBW    ALCEVRBW

Variables with special functions

  Cluster variable      ID_FAM

  Within variables
   DEMAGE      DEMMAL      CANEVR      ALCEVR

  Between variables
   CANEVRBW    ALCEVRBW

  Centering (GRANDMEAN)
   DEMMAL      DEMAGE      CANEVRBW    ALCEVRBW

  Centering (GROUPMEAN)
   CANEVR      ALCEVR


Estimator                                                      MLR
Information matrix                                        OBSERVED
Optimization Specifications for the Quasi-Newton Algorithm for
Continuous Outcomes
  Maximum number of iterations                             1000000
  Convergence criterion                                  0.100D-05
Optimization Specifications for the EM Algorithm
  Maximum number of iterations                                 500
  Convergence criteria
    Loglikelihood change                                 0.100D-02
    Relative loglikelihood change                        0.100D-05
    Derivative                                           0.100D-02
Optimization Specifications for the M step of the EM Algorithm for
Categorical Latent variables
  Number of M step iterations                                    1
  M step convergence criterion                           0.100D-02
  Basis for M step termination                           ITERATION
Optimization Specifications for the M step of the EM Algorithm for
Censored, Binary or Ordered Categorical (Ordinal), Unordered
Categorical (Nominal) and Count Outcomes
  Number of M step iterations                                    1
  M step convergence criterion                           0.100D-02
  Basis for M step termination                           ITERATION
  Maximum value for logit thresholds                            15
  Minimum value for logit thresholds                           -15
  Minimum expected cell size for chi-square              0.100D-01
Maximum number of iterations for H1                           2000
Convergence criterion for H1                             0.100D-03
Optimization algorithm                                         EMA
Integration Specifications
  Type                                                    STANDARD
  Number of integration points                                  15
  Dimensions of numerical integration                            0
  Adaptive quadrature                                           ON
Cholesky                                                       OFF

Input data file(s)
  GD190618rr.csv
Input data format  FREE


SUMMARY OF DATA

     Number of missing data patterns             5
     Number of clusters                        597



COVARIANCE COVERAGE OF DATA

Minimum covariance coverage value   0.100


     PROPORTION OF DATA PRESENT FOR Y


           Covariance Coverage
              CANEVRBW      ALCEVRBW      TRLBTS        DEMAGE        DEMMAL
              ________      ________      ________      ________      ________
 CANEVRBW       0.999
 ALCEVRBW       0.999         0.999
 TRLBTS         0.888         0.888         0.889
 DEMAGE         0.998         0.998         0.888         0.999
 DEMMAL         0.999         0.999         0.889         0.999         1.000
 CANEVR         0.997         0.997         0.885         0.996         0.997
 ALCEVR         0.997         0.997         0.885         0.996         0.997


           Covariance Coverage
              CANEVR        ALCEVR
              ________      ________
 CANEVR         0.997
 ALCEVR         0.997         0.997


SAMPLE STATISTICS


     ESTIMATED SAMPLE STATISTICS


           Means
              CANEVRBW      ALCEVRBW      TRLBTS        DEMAGE        DEMMAL
              ________      ________      ________      ________      ________
 1              0.000         0.000        51.078         0.000         0.000


           Means
              CANEVR        ALCEVR
              ________      ________
 1              0.000         0.000


           Covariances
              CANEVRBW      ALCEVRBW      TRLBTS        DEMAGE        DEMMAL
              ________      ________      ________      ________      ________
 CANEVRBW       0.049
 ALCEVRBW       0.017         0.027
 TRLBTS         0.004         0.068       112.636
 DEMAGE         0.002         0.031        -1.834         4.934
 DEMMAL         0.009         0.000         0.075        -0.146         0.230
 CANEVR         0.000         0.000         0.128        -0.064         0.016
 ALCEVR         0.000         0.000         0.125         0.003         0.006


           Covariances
              CANEVR        ALCEVR
              ________      ________
 CANEVR         0.055
 ALCEVR         0.020         0.029


           Correlations
              CANEVRBW      ALCEVRBW      TRLBTS        DEMAGE        DEMMAL
              ________      ________      ________      ________      ________
 CANEVRBW       1.000
 ALCEVRBW       0.462         1.000
 TRLBTS         0.002         0.039         1.000
 DEMAGE         0.005         0.085        -0.078         1.000
 DEMMAL         0.083         0.005         0.015        -0.137         1.000
 CANEVR         0.000         0.000         0.052        -0.122         0.140
 ALCEVR         0.000         0.000         0.069         0.007         0.069


           Correlations
              CANEVR        ALCEVR
              ________      ________
 CANEVR         1.000
 ALCEVR         0.505         1.000


     MAXIMUM LOG-LIKELIHOOD VALUE FOR THE UNRESTRICTED (H1) MODEL IS -5944.917


UNIVARIATE SAMPLE STATISTICS


     UNIVARIATE HIGHER-ORDER MOMENT DESCRIPTIVE STATISTICS

         Variable/         Mean/     Skewness/   Minimum/ % with                Percentiles
        Sample Size      Variance    Kurtosis    Maximum  Min/Max      20%/60%    40%/80%    Median

     CANEVRBW              0.013      -2.014      -0.883    1.51%      -0.133      0.117      0.117
             596.000       0.048       3.367       0.117   79.53%       0.117      0.117
     ALCEVRBW              0.007      -2.992      -0.941    0.34%       0.059      0.059      0.059
             596.000       0.024       8.420       0.059   89.43%       0.059      0.059
     TRLBTS               51.093      -0.013       6.000    0.10%      43.000     48.000     52.000
            1039.000     112.541       0.793      89.000    0.10%      54.000     60.000
     DEMAGE                0.000       0.976      -3.770    0.09%      -1.810     -0.940     -0.430
            1168.000       4.934       0.662       7.590    0.09%       0.110      1.570
     DEMMAL                0.000      -0.583      -0.640   36.01%      -0.640      0.360      0.360
            1169.000       0.230      -1.660       0.360   63.99%       0.360      0.360
     CANEVR                0.000      -0.315      -0.750    0.34%       0.000      0.000      0.000
            1165.000       0.055       2.239       0.750    0.09%       0.000      0.000
     ALCEVR                0.000      -0.392      -0.800    0.09%       0.000      0.000      0.000
            1165.000       0.029       6.804       0.750    0.09%       0.000      0.000

     THE STANDARD ERRORS OF THE MODEL PARAMETER ESTIMATES MAY NOT BE
     TRUSTWORTHY FOR SOME PARAMETERS DUE TO A NON-POSITIVE DEFINITE
     FIRST-ORDER DERIVATIVE PRODUCT MATRIX.  THIS MAY BE DUE TO THE STARTING
     VALUES BUT MAY ALSO BE AN INDICATION OF MODEL NONIDENTIFICATION.  THE
     CONDITION NUMBER IS       0.723D-16.  PROBLEM INVOLVING THE FOLLOWING PARAMETER:
     Parameter 18, %WITHIN%: ALCEVR


THE MODEL ESTIMATION TERMINATED NORMALLY



MODEL FIT INFORMATION

Number of Free Parameters                       27

Loglikelihood

          H0 Value                       -6283.396
          H0 Scaling Correction Factor      1.7473
            for MLR

Information Criteria

          Akaike (AIC)                   12620.792
          Bayesian (BIC)                 12757.517
          Sample-Size Adjusted BIC       12671.756
            (n* = (n + 2) / 24)



MODEL RESULTS

                                                    Two-Tailed
                    Estimate       S.E.  Est./S.E.    P-Value

Within Level

 TRLBTS     ON
    CANEVR             0.524      1.597      0.328      0.743
    DEMMAL            -0.018      0.680     -0.026      0.979
    DEMAGE            -0.357      0.156     -2.288      0.022
    ALCEVR             3.900      2.379      1.640      0.101

 CANEVR   WITH
    DEMMAL             0.014      0.004      3.949      0.000
    DEMAGE            -0.055      0.016     -3.389      0.001
    ALCEVR             0.020      0.003      6.768      0.000

 ALCEVR   WITH
    DEMMAL             0.006      0.003      2.215      0.027
    DEMAGE             0.007      0.010      0.620      0.535

 Means
    DEMAGE             0.000      0.067      0.000      1.000
    DEMMAL             0.000      0.015      0.000      1.000
    CANEVR             0.000      0.000      1.625      0.104
    ALCEVR             0.000      0.000      0.344      0.731

 Variances
    DEMAGE             4.934      0.230     21.456      0.000
    DEMMAL             0.230      0.004     55.462      0.000
    CANEVR             0.055      0.004     12.195      0.000
    ALCEVR             0.029      0.004      8.270      0.000

 Residual Variances
    TRLBTS            89.934      6.439     13.968      0.000

Between Level

 TRLBTS     ON
    CANEVRBW          -1.172      1.904     -0.616      0.538
    ALCEVRBW           3.938      2.931      1.344      0.179

 CANEVRBW WITH
    ALCEVRBW           0.014      0.003      5.659      0.000

 Means
    CANEVRBW           0.013      0.009      1.452      0.147
    ALCEVRBW           0.007      0.006      1.138      0.255

 Intercepts
    TRLBTS            51.042      0.360    141.901      0.000

 Variances
    CANEVRBW           0.048      0.005     10.538      0.000
    ALCEVRBW           0.024      0.003      7.563      0.000

 Residual Variances
    TRLBTS            21.524      5.857      3.675      0.000


STANDARDIZED MODEL RESULTS


STDYX Standardization

                                                    Two-Tailed
                    Estimate       S.E.  Est./S.E.    P-Value

Within Level

 TRLBTS     ON
    CANEVR             0.013      0.039      0.328      0.743
    DEMMAL            -0.001      0.034     -0.026      0.979
    DEMAGE            -0.083      0.036     -2.312      0.021
    ALCEVR             0.070      0.043      1.627      0.104

 CANEVR   WITH
    DEMMAL             0.126      0.031      4.109      0.000
    DEMAGE            -0.106      0.030     -3.537      0.000
    ALCEVR             0.505      0.045     11.141      0.000

 ALCEVR   WITH
    DEMMAL             0.072      0.032      2.274      0.023
    DEMAGE             0.017      0.028      0.622      0.534

 Means
    DEMAGE             0.000      0.030      0.000      1.000
    DEMMAL             0.000      0.031      0.000      1.000
    CANEVR             0.000      0.000      1.633      0.102
    ALCEVR             0.000      0.000      0.344      0.731

 Variances
    DEMAGE             1.000      0.000    999.000    999.000
    DEMMAL             1.000      0.000    999.000    999.000
    CANEVR             1.000      0.000    999.000    999.000
    ALCEVR             1.000      0.000    999.000    999.000

 Residual Variances
    TRLBTS             0.987      0.008    123.952      0.000

Between Level

 TRLBTS     ON
    CANEVRBW          -0.055      0.089     -0.614      0.539
    ALCEVRBW           0.132      0.098      1.341      0.180

 CANEVRBW WITH
    ALCEVRBW           0.421      0.056      7.501      0.000

 Means
    CANEVRBW           0.059      0.043      1.369      0.171
    ALCEVRBW           0.047      0.044      1.063      0.288

 Intercepts
    TRLBTS            10.923      1.466      7.450      0.000

 Variances
    CANEVRBW           1.000      0.000    999.000    999.000
    ALCEVRBW           1.000      0.000    999.000    999.000

 Residual Variances
    TRLBTS             0.986      0.021     46.574      0.000


R-SQUARE

Within Level

    Observed                                        Two-Tailed
    Variable        Estimate       S.E.  Est./S.E.    P-Value

    TRLBTS             0.013      0.008      1.609      0.108

Between Level

    Observed                                        Two-Tailed
    Variable        Estimate       S.E.  Est./S.E.    P-Value

    TRLBTS             0.014      0.021      0.675      0.500


QUALITY OF NUMERICAL RESULTS

     Condition Number for the Information Matrix              0.723E-16
       (ratio of smallest to largest eigenvalue)


CONFIDENCE INTERVALS OF MODEL RESULTS

                  Lower .5%  Lower 2.5%    Lower 5%    Estimate    Upper 5%  Upper 2.5%   Upper .5%

Within Level

 TRLBTS   ON
    CANEVR          -3.591      -2.607      -2.104       0.524       3.151       3.655       4.638
    DEMMAL          -1.771      -1.351      -1.137      -0.018       1.102       1.316       1.735
    DEMAGE          -0.758      -0.662      -0.613      -0.357      -0.100      -0.051       0.045
    ALCEVR          -2.227      -0.762      -0.013       3.900       7.813       8.562      10.027

 CANEVR   WITH
    DEMMAL           0.005       0.007       0.008       0.014       0.020       0.021       0.023
    DEMAGE          -0.096      -0.086      -0.081      -0.055      -0.028      -0.023      -0.013
    ALCEVR           0.012       0.014       0.015       0.020       0.025       0.026       0.028

 ALCEVR   WITH
    DEMMAL          -0.001       0.001       0.002       0.006       0.010       0.011       0.013
    DEMAGE          -0.021      -0.014      -0.011       0.007       0.024       0.027       0.034

 Means
    DEMAGE          -0.172      -0.131      -0.110       0.000       0.110       0.131       0.172
    DEMMAL          -0.038      -0.029      -0.024       0.000       0.024       0.029       0.038
    CANEVR           0.000       0.000       0.000       0.000       0.000       0.000       0.000
    ALCEVR           0.000       0.000       0.000       0.000       0.000       0.000       0.000

 Variances
    DEMAGE           4.342       4.483       4.556       4.934       5.312       5.385       5.526
    DEMMAL           0.220       0.222       0.224       0.230       0.237       0.239       0.241
    CANEVR           0.043       0.046       0.047       0.055       0.062       0.063       0.066
    ALCEVR           0.020       0.022       0.023       0.029       0.035       0.036       0.038

 Residual Variances
    TRLBTS          73.349      77.314      79.342      89.934     100.525     102.553     106.518

Between Level

 TRLBTS   ON
    CANEVRBW        -6.076      -4.903      -4.304      -1.172       1.959       2.558       3.731
    ALCEVRBW        -3.611      -1.806      -0.883       3.938       8.758       9.681      11.486

 CANEVRBW WITH
    ALCEVRBW         0.008       0.009       0.010       0.014       0.019       0.019       0.021

 Means
    CANEVRBW        -0.010      -0.005      -0.002       0.013       0.028       0.031       0.036
    ALCEVRBW        -0.009      -0.005      -0.003       0.007       0.018       0.020       0.024

 Intercepts
    TRLBTS          50.116      50.337      50.450      51.042      51.634      51.747      51.969

 Variances
    CANEVRBW         0.036       0.039       0.040       0.048       0.055       0.057       0.060
    ALCEVRBW         0.016       0.018       0.019       0.024       0.030       0.031       0.033

 Residual Variances
    TRLBTS           6.437      10.044      11.889      21.524      31.160      33.005      36.612


CONFIDENCE INTERVALS OF STANDARDIZED MODEL RESULTS


STDYX Standardization

                  Lower .5%  Lower 2.5%    Lower 5%    Estimate    Upper 5%  Upper 2.5%   Upper .5%

Within Level

 TRLBTS   ON
    CANEVR          -0.088      -0.064      -0.051       0.013       0.077       0.089       0.113
    DEMMAL          -0.089      -0.068      -0.057      -0.001       0.055       0.066       0.087
    DEMAGE          -0.175      -0.153      -0.142      -0.083      -0.024      -0.013       0.009
    ALCEVR          -0.041      -0.014      -0.001       0.070       0.140       0.153       0.180

 CANEVR   WITH
    DEMMAL           0.047       0.066       0.075       0.126       0.176       0.186       0.205
    DEMAGE          -0.182      -0.164      -0.155      -0.106      -0.056      -0.047      -0.029
    ALCEVR           0.388       0.416       0.430       0.505       0.579       0.594       0.621

 ALCEVR   WITH
    DEMMAL          -0.010       0.010       0.020       0.072       0.124       0.134       0.153
    DEMAGE          -0.054      -0.037      -0.028       0.017       0.063       0.071       0.088

 Means
    DEMAGE          -0.077      -0.059      -0.049       0.000       0.049       0.059       0.077
    DEMMAL          -0.080      -0.061      -0.051       0.000       0.051       0.061       0.080
    CANEVR           0.000       0.000       0.000       0.000       0.001       0.001       0.001
    ALCEVR           0.000       0.000       0.000       0.000       0.000       0.000       0.000

 Variances
    DEMAGE           1.000       1.000       1.000       1.000       1.000       1.000       1.000
    DEMMAL           1.000       1.000       1.000       1.000       1.000       1.000       1.000
    CANEVR           1.000       1.000       1.000       1.000       1.000       1.000       1.000
    ALCEVR           1.000       1.000       1.000       1.000       1.000       1.000       1.000

 Residual Variances
    TRLBTS           0.967       0.972       0.974       0.987       1.000       1.003       1.008

Between Level

 TRLBTS   ON
    CANEVRBW        -0.285      -0.230      -0.202      -0.055       0.092       0.120       0.175
    ALCEVRBW        -0.121      -0.061      -0.030       0.132       0.293       0.324       0.385

 CANEVRBW WITH
    ALCEVRBW         0.276       0.311       0.329       0.421       0.513       0.531       0.565

 Means
    CANEVRBW        -0.052      -0.026      -0.012       0.059       0.131       0.145       0.171
    ALCEVRBW        -0.066      -0.039      -0.025       0.047       0.119       0.133       0.160

 Intercepts
    TRLBTS           7.146       8.049       8.511      10.923      13.335      13.797      14.699

 Variances
    CANEVRBW         1.000       1.000       1.000       1.000       1.000       1.000       1.000
    ALCEVRBW         1.000       1.000       1.000       1.000       1.000       1.000       1.000

 Residual Variances
    TRLBTS           0.931       0.944       0.951       0.986       1.021       1.027       1.040


TECHNICAL 1 OUTPUT


     PARAMETER SPECIFICATION FOR WITHIN


           NU
              CANEVRBW      ALCEVRBW      TRLBTS        DEMAGE        DEMMAL
              ________      ________      ________      ________      ________
 1                  0             0             0             0             0


           NU
              CANEVR        ALCEVR
              ________      ________
 1                  0             0


           LAMBDA
              CANEVRBW      ALCEVRBW      TRLBTS        DEMAGE        DEMMAL
              ________      ________      ________      ________      ________
 CANEVRBW           0             0             0             0             0
 ALCEVRBW           0             0             0             0             0
 TRLBTS             0             0             0             0             0
 DEMAGE             0             0             0             0             0
 DEMMAL             0             0             0             0             0
 CANEVR             0             0             0             0             0
 ALCEVR             0             0             0             0             0


           LAMBDA
              CANEVR        ALCEVR
              ________      ________
 CANEVRBW           0             0
 ALCEVRBW           0             0
 TRLBTS             0             0
 DEMAGE             0             0
 DEMMAL             0             0
 CANEVR             0             0
 ALCEVR             0             0


           THETA
              CANEVRBW      ALCEVRBW      TRLBTS        DEMAGE        DEMMAL
              ________      ________      ________      ________      ________
 CANEVRBW           0
 ALCEVRBW           0             0
 TRLBTS             0             0             0
 DEMAGE             0             0             0             0
 DEMMAL             0             0             0             0             0
 CANEVR             0             0             0             0             0
 ALCEVR             0             0             0             0             0


           THETA
              CANEVR        ALCEVR
              ________      ________
 CANEVR             0
 ALCEVR             0             0


           ALPHA
              CANEVRBW      ALCEVRBW      TRLBTS        DEMAGE        DEMMAL
              ________      ________      ________      ________      ________
 1                  0             0             0             1             2


           ALPHA
              CANEVR        ALCEVR
              ________      ________
 1                  3             4


           BETA
              CANEVRBW      ALCEVRBW      TRLBTS        DEMAGE        DEMMAL
              ________      ________      ________      ________      ________
 CANEVRBW           0             0             0             0             0
 ALCEVRBW           0             0             0             0             0
 TRLBTS             0             0             0             5             6
 DEMAGE             0             0             0             0             0
 DEMMAL             0             0             0             0             0
 CANEVR             0             0             0             0             0
 ALCEVR             0             0             0             0             0


           BETA
              CANEVR        ALCEVR
              ________      ________
 CANEVRBW           0             0
 ALCEVRBW           0             0
 TRLBTS             7             8
 DEMAGE             0             0
 DEMMAL             0             0
 CANEVR             0             0
 ALCEVR             0             0


           PSI
              CANEVRBW      ALCEVRBW      TRLBTS        DEMAGE        DEMMAL
              ________      ________      ________      ________      ________
 CANEVRBW           0
 ALCEVRBW           0             0
 TRLBTS             0             0             9
 DEMAGE             0             0             0            10
 DEMMAL             0             0             0             0            11
 CANEVR             0             0             0            12            13
 ALCEVR             0             0             0            15            16


           PSI
              CANEVR        ALCEVR
              ________      ________
 CANEVR            14
 ALCEVR            17            18


     PARAMETER SPECIFICATION FOR BETWEEN


           NU
              CANEVRBW      ALCEVRBW      TRLBTS        DEMAGE        DEMMAL
              ________      ________      ________      ________      ________
 1                  0             0             0             0             0


           NU
              CANEVR        ALCEVR
              ________      ________
 1                  0             0


           LAMBDA
              CANEVRBW      ALCEVRBW      TRLBTS        DEMAGE        DEMMAL
              ________      ________      ________      ________      ________
 CANEVRBW           0             0             0             0             0
 ALCEVRBW           0             0             0             0             0
 TRLBTS             0             0             0             0             0
 DEMAGE             0             0             0             0             0
 DEMMAL             0             0             0             0             0
 CANEVR             0             0             0             0             0
 ALCEVR             0             0             0             0             0


           LAMBDA
              CANEVR        ALCEVR
              ________      ________
 CANEVRBW           0             0
 ALCEVRBW           0             0
 TRLBTS             0             0
 DEMAGE             0             0
 DEMMAL             0             0
 CANEVR             0             0
 ALCEVR             0             0


           THETA
              CANEVRBW      ALCEVRBW      TRLBTS        DEMAGE        DEMMAL
              ________      ________      ________      ________      ________
 CANEVRBW           0
 ALCEVRBW           0             0
 TRLBTS             0             0             0
 DEMAGE             0             0             0             0
 DEMMAL             0             0             0             0             0
 CANEVR             0             0             0             0             0
 ALCEVR             0             0             0             0             0


           THETA
              CANEVR        ALCEVR
              ________      ________
 CANEVR             0
 ALCEVR             0             0


           ALPHA
              CANEVRBW      ALCEVRBW      TRLBTS        DEMAGE        DEMMAL
              ________      ________      ________      ________      ________
 1                 19            20            21             0             0


           ALPHA
              CANEVR        ALCEVR
              ________      ________
 1                  0             0


           BETA
              CANEVRBW      ALCEVRBW      TRLBTS        DEMAGE        DEMMAL
              ________      ________      ________      ________      ________
 CANEVRBW           0             0             0             0             0
 ALCEVRBW           0             0             0             0             0
 TRLBTS            22            23             0             0             0
 DEMAGE             0             0             0             0             0
 DEMMAL             0             0             0             0             0
 CANEVR             0             0             0             0             0
 ALCEVR             0             0             0             0             0


           BETA
              CANEVR        ALCEVR
              ________      ________
 CANEVRBW           0             0
 ALCEVRBW           0             0
 TRLBTS             0             0
 DEMAGE             0             0
 DEMMAL             0             0
 CANEVR             0             0
 ALCEVR             0             0


           PSI
              CANEVRBW      ALCEVRBW      TRLBTS        DEMAGE        DEMMAL
              ________      ________      ________      ________      ________
 CANEVRBW          24
 ALCEVRBW          25            26
 TRLBTS             0             0            27
 DEMAGE             0             0             0             0
 DEMMAL             0             0             0             0             0
 CANEVR             0             0             0             0             0
 ALCEVR             0             0             0             0             0


           PSI
              CANEVR        ALCEVR
              ________      ________
 CANEVR             0
 ALCEVR             0             0


     STARTING VALUES FOR WITHIN


           NU
              CANEVRBW      ALCEVRBW      TRLBTS        DEMAGE        DEMMAL
              ________      ________      ________      ________      ________
 1              0.000         0.000         0.000         0.000         0.000


           NU
              CANEVR        ALCEVR
              ________      ________
 1              0.000         0.000


           LAMBDA
              CANEVRBW      ALCEVRBW      TRLBTS        DEMAGE        DEMMAL
              ________      ________      ________      ________      ________
 CANEVRBW       1.000         0.000         0.000         0.000         0.000
 ALCEVRBW       0.000         1.000         0.000         0.000         0.000
 TRLBTS         0.000         0.000         1.000         0.000         0.000
 DEMAGE         0.000         0.000         0.000         1.000         0.000
 DEMMAL         0.000         0.000         0.000         0.000         1.000
 CANEVR         0.000         0.000         0.000         0.000         0.000
 ALCEVR         0.000         0.000         0.000         0.000         0.000


           LAMBDA
              CANEVR        ALCEVR
              ________      ________
 CANEVRBW       0.000         0.000
 ALCEVRBW       0.000         0.000
 TRLBTS         0.000         0.000
 DEMAGE         0.000         0.000
 DEMMAL         0.000         0.000
 CANEVR         1.000         0.000
 ALCEVR         0.000         1.000


           THETA
              CANEVRBW      ALCEVRBW      TRLBTS        DEMAGE        DEMMAL
              ________      ________      ________      ________      ________
 CANEVRBW       0.000
 ALCEVRBW       0.000         0.000
 TRLBTS         0.000         0.000         0.000
 DEMAGE         0.000         0.000         0.000         0.000
 DEMMAL         0.000         0.000         0.000         0.000         0.000
 CANEVR         0.000         0.000         0.000         0.000         0.000
 ALCEVR         0.000         0.000         0.000         0.000         0.000


           THETA
              CANEVR        ALCEVR
              ________      ________
 CANEVR         0.000
 ALCEVR         0.000         0.000


           ALPHA
              CANEVRBW      ALCEVRBW      TRLBTS        DEMAGE        DEMMAL
              ________      ________      ________      ________      ________
 1              0.000         0.000         0.000         0.000         0.000


           ALPHA
              CANEVR        ALCEVR
              ________      ________
 1              0.000         0.000


           BETA
              CANEVRBW      ALCEVRBW      TRLBTS        DEMAGE        DEMMAL
              ________      ________      ________      ________      ________
 CANEVRBW       0.000         0.000         0.000         0.000         0.000
 ALCEVRBW       0.000         0.000         0.000         0.000         0.000
 TRLBTS         0.000         0.000         0.000         0.000         0.000
 DEMAGE         0.000         0.000         0.000         0.000         0.000
 DEMMAL         0.000         0.000         0.000         0.000         0.000
 CANEVR         0.000         0.000         0.000         0.000         0.000
 ALCEVR         0.000         0.000         0.000         0.000         0.000


           BETA
              CANEVR        ALCEVR
              ________      ________
 CANEVRBW       0.000         0.000
 ALCEVRBW       0.000         0.000
 TRLBTS         0.000         0.000
 DEMAGE         0.000         0.000
 DEMMAL         0.000         0.000
 CANEVR         0.000         0.000
 ALCEVR         0.000         0.000


           PSI
              CANEVRBW      ALCEVRBW      TRLBTS        DEMAGE        DEMMAL
              ________      ________      ________      ________      ________
 CANEVRBW       0.000
 ALCEVRBW       0.000         0.000
 TRLBTS         0.000         0.000        56.270
 DEMAGE         0.000         0.000         0.000         2.467
 DEMMAL         0.000         0.000         0.000         0.000         0.115
 CANEVR         0.000         0.000         0.000         0.000         0.000
 ALCEVR         0.000         0.000         0.000         0.000         0.000


           PSI
              CANEVR        ALCEVR
              ________      ________
 CANEVR         0.027
 ALCEVR         0.000         0.015


     STARTING VALUES FOR BETWEEN


           NU
              CANEVRBW      ALCEVRBW      TRLBTS        DEMAGE        DEMMAL
              ________      ________      ________      ________      ________
 1              0.000         0.000         0.000         0.000         0.000


           NU
              CANEVR        ALCEVR
              ________      ________
 1              0.000         0.000


           LAMBDA
              CANEVRBW      ALCEVRBW      TRLBTS        DEMAGE        DEMMAL
              ________      ________      ________      ________      ________
 CANEVRBW       1.000         0.000         0.000         0.000         0.000
 ALCEVRBW       0.000         1.000         0.000         0.000         0.000
 TRLBTS         0.000         0.000         1.000         0.000         0.000
 DEMAGE         0.000         0.000         0.000         1.000         0.000
 DEMMAL         0.000         0.000         0.000         0.000         1.000
 CANEVR         0.000         0.000         0.000         0.000         0.000
 ALCEVR         0.000         0.000         0.000         0.000         0.000


           LAMBDA
              CANEVR        ALCEVR
              ________      ________
 CANEVRBW       0.000         0.000
 ALCEVRBW       0.000         0.000
 TRLBTS         0.000         0.000
 DEMAGE         0.000         0.000
 DEMMAL         0.000         0.000
 CANEVR         1.000         0.000
 ALCEVR         0.000         1.000


           THETA
              CANEVRBW      ALCEVRBW      TRLBTS        DEMAGE        DEMMAL
              ________      ________      ________      ________      ________
 CANEVRBW       0.000
 ALCEVRBW       0.000         0.000
 TRLBTS         0.000         0.000         0.000
 DEMAGE         0.000         0.000         0.000         0.000
 DEMMAL         0.000         0.000         0.000         0.000         0.000
 CANEVR         0.000         0.000         0.000         0.000         0.000
 ALCEVR         0.000         0.000         0.000         0.000         0.000


           THETA
              CANEVR        ALCEVR
              ________      ________
 CANEVR         0.000
 ALCEVR         0.000         0.000


           ALPHA
              CANEVRBW      ALCEVRBW      TRLBTS        DEMAGE        DEMMAL
              ________      ________      ________      ________      ________
 1              0.000         0.000        51.093         0.000         0.000


           ALPHA
              CANEVR        ALCEVR
              ________      ________
 1              0.000         0.000


           BETA
              CANEVRBW      ALCEVRBW      TRLBTS        DEMAGE        DEMMAL
              ________      ________      ________      ________      ________
 CANEVRBW       0.000         0.000         0.000         0.000         0.000
 ALCEVRBW       0.000         0.000         0.000         0.000         0.000
 TRLBTS         0.000         0.000         0.000         0.000         0.000
 DEMAGE         0.000         0.000         0.000         0.000         0.000
 DEMMAL         0.000         0.000         0.000         0.000         0.000
 CANEVR         0.000         0.000         0.000         0.000         0.000
 ALCEVR         0.000         0.000         0.000         0.000         0.000


           BETA
              CANEVR        ALCEVR
              ________      ________
 CANEVRBW       0.000         0.000
 ALCEVRBW       0.000         0.000
 TRLBTS         0.000         0.000
 DEMAGE         0.000         0.000
 DEMMAL         0.000         0.000
 CANEVR         0.000         0.000
 ALCEVR         0.000         0.000


           PSI
              CANEVRBW      ALCEVRBW      TRLBTS        DEMAGE        DEMMAL
              ________      ________      ________      ________      ________
 CANEVRBW       0.024
 ALCEVRBW       0.000         0.013
 TRLBTS         0.000         0.000        56.270
 DEMAGE         0.000         0.000         0.000         0.000
 DEMMAL         0.000         0.000         0.000         0.000         0.000
 CANEVR         0.000         0.000         0.000         0.000         0.000
 ALCEVR         0.000         0.000         0.000         0.000         0.000


           PSI
              CANEVR        ALCEVR
              ________      ________
 CANEVR         0.000
 ALCEVR         0.000         0.000


     Beginning Time:  16:00:39
        Ending Time:  16:00:39
       Elapsed Time:  00:00:00



MUTHEN & MUTHEN
3463 Stoner Ave.
Los Angeles, CA  90066

Tel: (310) 391-9971
Fax: (310) 391-8971
Web: www.StatModel.com
Support: Support@StatModel.com

Copyright (c) 1998-2015 Muthen & Muthen
