Mplus VERSION 7.4 (Mac)
MUTHEN & MUTHEN
05/06/2020   4:00 PM

INPUT INSTRUCTIONS


  TITLE: CANF6M_TRLBTS_2;

  DATA:
  	FILE = GD190618rr.csv;

  VARIABLE:
  	NAMES =
  			ID_Fam   Wave     ID_MPL
  			DEMMAL   DEMAGE   DEMHSP   DEMRAC
  			SRPWCR
  			WASVCB   WASBLK   WASDGT   WSISUM
  			TRLATS   TRLBTS
  			CVLASF   CVLASC   CVLALF   CVLALC
  			CVLCOM
  			CANEVR   CANONS   CANFLF
  			CANFTY   CANF6M   CANAC6
  			CANYRS
  			ALCEVR   ALCONS   ALCFLF
  			ALCFTY   ALCF6M   ALCAC6
  			ALCYRS
  			SRPWCRDt WASVCBDt WASBLKDt
  			WASDGTDt WSISUMDt TRLATSDt
  			TRLBTSDt CVLASFDt CVLASCDt
  			CVLALFDt CVLALCDt CVLCOMDt
  		;
  	USEVARIABLES =
  		! outcome
  	  		TRLBTS
    		! covariates
  	  		DEMAGE
    			DEMMAL  		
    		! within predictor
    			CANF6M
    			ALCF6M
    		! between predictor
    			CANF6MBW
    			ALCF6MBW
    			;
    	USEOBSERVATION =
    			(Wave EQ 2 AND TRLBTSDt EQ 1)
    		;
    	CLUSTER =
    			ID_Fam
    		;
    	MISSING = .;
    	BETWEEN =   		
    			CANF6MBW
    			ALCF6MBW
    		;
    	WITHIN  		
    			CANF6M
    			ALCF6M
    			DEMAGE
    			DEMMAL
    		;  		

  DEFINE:
  	! CREATE BW FAM PREDICTOR
  		CANF6MBW = cluster_mean (CANF6M);	
  		ALCF6MBW = cluster_mean (ALCF6M);	
  	! CENTER WI FAM VARIABLES
  		CENTER CANF6M (GROUPMEAN);
  		CENTER ALCF6M (GROUPMEAN);
  		CENTER DEMMAL (GRANDMEAN);
  		CENTER DEMAGE (GRANDMEAN);		
  	! CENTER BW FAM VARIABLES
  		CENTER CANF6MBW (GRANDMEAN);
  		CENTER ALCF6MBW (GRANDMEAN);

  ANALYSIS:
          ITERATIONS = 1000000;
          TYPE = TWOLEVEL RANDOM;
          ALGORITHM = INTEGRATION;

  OUTPUT:
  	SAMPSTAT STDYX TECH1 CINT;

  MODEL:
  %WITHIN%
  	TRLBTS on CANF6M;
  	TRLBTS on  DEMMAL DEMAGE ALCF6M;	
  	TRLBTS*;
  	CANF6M*;

  	CANF6M WITH DEMMAL*;
  	CANF6M WITH DEMAGE*;
  	ALCF6M WITH DEMMAL*;
  	ALCF6M WITH DEMAGE*;
  	CANF6M WITH ALCF6M*;

  %BETWEEN%
  	TRLBTS on CANF6MBW ALCF6MBW;
  	TRLBTS*;
  	CANF6MBW*;
  	CANF6MBW WITH ALCF6MBW*;



INPUT READING TERMINATED NORMALLY



CANF6M_TRLBTS_2;

SUMMARY OF ANALYSIS

Number of groups                                                 1
Number of observations                                         867

Number of dependent variables                                    1
Number of independent variables                                  6
Number of continuous latent variables                            0

Observed dependent variables

  Continuous
   TRLBTS

Observed independent variables
   DEMAGE      DEMMAL      CANF6M      ALCF6M      CANF6MBW    ALCF6MBW

Variables with special functions

  Cluster variable      ID_FAM

  Within variables
   DEMAGE      DEMMAL      CANF6M      ALCF6M

  Between variables
   CANF6MBW    ALCF6MBW

  Centering (GRANDMEAN)
   DEMMAL      DEMAGE      CANF6MBW    ALCF6MBW

  Centering (GROUPMEAN)
   CANF6M      ALCF6M


Estimator                                                      MLR
Information matrix                                        OBSERVED
Optimization Specifications for the Quasi-Newton Algorithm for
Continuous Outcomes
  Maximum number of iterations                             1000000
  Convergence criterion                                  0.100D-05
Optimization Specifications for the EM Algorithm
  Maximum number of iterations                                 500
  Convergence criteria
    Loglikelihood change                                 0.100D-02
    Relative loglikelihood change                        0.100D-05
    Derivative                                           0.100D-02
Optimization Specifications for the M step of the EM Algorithm for
Categorical Latent variables
  Number of M step iterations                                    1
  M step convergence criterion                           0.100D-02
  Basis for M step termination                           ITERATION
Optimization Specifications for the M step of the EM Algorithm for
Censored, Binary or Ordered Categorical (Ordinal), Unordered
Categorical (Nominal) and Count Outcomes
  Number of M step iterations                                    1
  M step convergence criterion                           0.100D-02
  Basis for M step termination                           ITERATION
  Maximum value for logit thresholds                            15
  Minimum value for logit thresholds                           -15
  Minimum expected cell size for chi-square              0.100D-01
Maximum number of iterations for H1                           2000
Convergence criterion for H1                             0.100D-03
Optimization algorithm                                         EMA
Integration Specifications
  Type                                                    STANDARD
  Number of integration points                                  15
  Dimensions of numerical integration                            0
  Adaptive quadrature                                           ON
Cholesky                                                       OFF

Input data file(s)
  GD190618rr.csv
Input data format  FREE


SUMMARY OF DATA

     Number of missing data patterns             3
     Number of clusters                        474



COVARIANCE COVERAGE OF DATA

Minimum covariance coverage value   0.100


     PROPORTION OF DATA PRESENT FOR Y


           Covariance Coverage
              CANF6MBW      ALCF6MBW      TRLBTS        DEMAGE        DEMMAL
              ________      ________      ________      ________      ________
 CANF6MBW       1.000
 ALCF6MBW       1.000         1.000
 TRLBTS         0.909         0.909         0.909
 DEMAGE         0.999         0.999         0.909         0.999
 DEMMAL         0.999         0.999         0.909         0.999         0.999
 CANF6M         1.000         1.000         0.909         0.999         0.999
 ALCF6M         1.000         1.000         0.909         0.999         0.999


           Covariance Coverage
              CANF6M        ALCF6M
              ________      ________
 CANF6M         1.000
 ALCF6M         1.000         1.000


SAMPLE STATISTICS


     ESTIMATED SAMPLE STATISTICS


           Means
              CANF6MBW      ALCF6MBW      TRLBTS        DEMAGE        DEMMAL
              ________      ________      ________      ________      ________
 1              0.000         0.000        48.818         0.001         0.000


           Means
              CANF6M        ALCF6M
              ________      ________
 1              0.000         0.000


           Covariances
              CANF6MBW      ALCF6MBW      TRLBTS        DEMAGE        DEMMAL
              ________      ________      ________      ________      ________
 CANF6MBW      90.348
 ALCF6MBW      12.264        39.325
 TRLBTS         4.371        -4.119       110.790
 DEMAGE        -2.841         0.371         0.289         7.041
 DEMMAL         0.596         0.213        -0.079        -0.120         0.235
 CANF6M         0.000         0.000         1.008        -1.554         0.610
 ALCF6M         0.000         0.000        -0.848        -0.253         0.340


           Covariances
              CANF6M        ALCF6M
              ________      ________
 CANF6M        48.688
 ALCF6M         6.011        22.298


           Correlations
              CANF6MBW      ALCF6MBW      TRLBTS        DEMAGE        DEMMAL
              ________      ________      ________      ________      ________
 CANF6MBW       1.000
 ALCF6MBW       0.206         1.000
 TRLBTS         0.044        -0.062         1.000
 DEMAGE        -0.113         0.022         0.010         1.000
 DEMMAL         0.129         0.070        -0.015        -0.094         1.000
 CANF6M         0.000         0.000         0.014        -0.084         0.180
 ALCF6M         0.000         0.000        -0.017        -0.020         0.148


           Correlations
              CANF6M        ALCF6M
              ________      ________
 CANF6M         1.000
 ALCF6M         0.182         1.000


     MAXIMUM LOG-LIKELIHOOD VALUE FOR THE UNRESTRICTED (H1) MODEL IS -17066.169


UNIVARIATE SAMPLE STATISTICS


     UNIVARIATE HIGHER-ORDER MOMENT DESCRIPTIVE STATISTICS

         Variable/         Mean/     Skewness/   Minimum/ % with                Percentiles
        Sample Size      Variance    Kurtosis    Maximum  Min/Max      20%/60%    40%/80%    Median

     CANF6MBW              0.437       0.932      -8.104   28.90%      -8.104     -7.519     -5.354
             474.000     103.756      -0.440      21.896    9.07%       0.231      7.731
     ALCF6MBW              0.207       1.494      -6.179    5.27%      -5.344     -3.344     -2.179
             474.000      46.090       1.853      23.821    1.05%      -0.844      4.656
     TRLBTS               48.821      -0.178       1.000    0.13%      40.000     46.000     48.000
             788.000     110.756       0.647      78.000    0.25%      52.000     57.000
     DEMAGE                0.000       0.540      -5.262    0.12%      -2.292     -0.952     -0.322
             866.000       7.041       0.019       9.758    0.12%       0.418      2.178
     DEMMAL                0.000      -0.505      -0.622   37.76%      -0.622      0.378      0.378
             866.000       0.235      -1.745       0.378   62.24%       0.378      0.378
     CANF6M                0.000       0.109     -20.000    0.23%      -2.085      0.000      0.000
             867.000      48.688       1.086      20.250    0.12%       0.000      1.665
     ALCF6M                0.000       0.265     -14.835    0.23%      -2.500     -0.165      0.000
             867.000      22.298       2.004      18.777    0.12%       0.000      2.165

     THE STANDARD ERRORS OF THE MODEL PARAMETER ESTIMATES MAY NOT BE
     TRUSTWORTHY FOR SOME PARAMETERS DUE TO A NON-POSITIVE DEFINITE
     FIRST-ORDER DERIVATIVE PRODUCT MATRIX.  THIS MAY BE DUE TO THE STARTING
     VALUES BUT MAY ALSO BE AN INDICATION OF MODEL NONIDENTIFICATION.  THE
     CONDITION NUMBER IS      -0.486D-16.  PROBLEM INVOLVING THE FOLLOWING PARAMETER:
     Parameter 3, %WITHIN%: [ CANF6M ]


THE MODEL ESTIMATION TERMINATED NORMALLY



MODEL FIT INFORMATION

Number of Free Parameters                       27

Loglikelihood

          H0 Value                      -14437.710
          H0 Scaling Correction Factor      1.1700
            for MLR

Information Criteria

          Akaike (AIC)                   28929.420
          Bayesian (BIC)                 29058.076
          Sample-Size Adjusted BIC       28972.331
            (n* = (n + 2) / 24)



MODEL RESULTS

                                                    Two-Tailed
                    Estimate       S.E.  Est./S.E.    P-Value

Within Level

 TRLBTS     ON
    CANF6M             0.034      0.056      0.616      0.538
    DEMMAL            -0.641      0.790     -0.811      0.418
    DEMAGE             0.068      0.146      0.467      0.640
    ALCF6M            -0.037      0.079     -0.469      0.639

 CANF6M   WITH
    DEMMAL             0.589      0.115      5.127      0.000
    DEMAGE            -1.250      0.519     -2.408      0.016
    ALCF6M             5.977      1.768      3.380      0.001

 ALCF6M   WITH
    DEMMAL             0.338      0.077      4.415      0.000
    DEMAGE            -0.081      0.377     -0.214      0.830

 Means
    DEMAGE             0.000      0.100      0.003      0.998
    DEMMAL             0.000      0.017     -0.002      0.998
    CANF6M             0.000      0.000      0.000      1.000
    ALCF6M             0.000      0.000      0.000      1.000

 Variances
    DEMAGE             7.041      0.331     21.266      0.000
    DEMMAL             0.235      0.004     55.341      0.000
    CANF6M            48.581      3.885     12.505      0.000
    ALCF6M            22.294      2.070     10.770      0.000

 Residual Variances
    TRLBTS            92.927      8.073     11.511      0.000

Between Level

 TRLBTS     ON
    CANF6MBW           0.071      0.042      1.718      0.086
    ALCF6MBW          -0.128      0.066     -1.921      0.055

 CANF6MBW WITH
    ALCF6MBW          13.721      3.550      3.865      0.000

 Means
    CANF6MBW           0.437      0.468      0.934      0.350
    ALCF6MBW           0.207      0.312      0.662      0.508

 Intercepts
    TRLBTS            48.788      0.401    121.752      0.000

 Variances
    CANF6MBW         103.756      5.953     17.430      0.000
    ALCF6MBW          46.090      4.155     11.092      0.000

 Residual Variances
    TRLBTS            17.101      6.535      2.617      0.009


STANDARDIZED MODEL RESULTS


STDYX Standardization

                                                    Two-Tailed
                    Estimate       S.E.  Est./S.E.    P-Value

Within Level

 TRLBTS     ON
    CANF6M             0.025      0.040      0.618      0.536
    DEMMAL            -0.032      0.040     -0.812      0.417
    DEMAGE             0.019      0.040      0.467      0.641
    ALCF6M            -0.018      0.039     -0.469      0.639

 CANF6M   WITH
    DEMMAL             0.174      0.032      5.474      0.000
    DEMAGE            -0.068      0.028     -2.439      0.015
    ALCF6M             0.182      0.051      3.560      0.000

 ALCF6M   WITH
    DEMMAL             0.148      0.031      4.775      0.000
    DEMAGE            -0.006      0.030     -0.215      0.830

 Means
    DEMAGE             0.000      0.038      0.003      0.998
    DEMMAL             0.000      0.036     -0.002      0.998
    CANF6M             0.000      0.000    999.000    999.000
    ALCF6M             0.000      0.000    999.000    999.000

 Variances
    DEMAGE             1.000      0.000    999.000    999.000
    DEMMAL             1.000      0.000    999.000    999.000
    CANF6M             1.000      0.000    999.000    999.000
    ALCF6M             1.000      0.000    999.000    999.000

 Residual Variances
    TRLBTS             0.998      0.004    284.921      0.000

Between Level

 TRLBTS     ON
    CANF6MBW           0.171      0.101      1.688      0.091
    ALCF6MBW          -0.204      0.109     -1.872      0.061

 CANF6MBW WITH
    ALCF6MBW           0.198      0.048      4.102      0.000

 Means
    CANF6MBW           0.043      0.045      0.953      0.340
    ALCF6MBW           0.030      0.045      0.678      0.498

 Intercepts
    TRLBTS            11.457      2.093      5.473      0.000

 Variances
    CANF6MBW           1.000      0.000    999.000    999.000
    ALCF6MBW           1.000      0.000    999.000    999.000

 Residual Variances
    TRLBTS             0.943      0.050     18.979      0.000


R-SQUARE

Within Level

    Observed                                        Two-Tailed
    Variable        Estimate       S.E.  Est./S.E.    P-Value

    TRLBTS             0.002      0.004      0.571      0.568

Between Level

    Observed                                        Two-Tailed
    Variable        Estimate       S.E.  Est./S.E.    P-Value

    TRLBTS             0.057      0.050      1.145      0.252


QUALITY OF NUMERICAL RESULTS

     Condition Number for the Information Matrix             -0.486E-16
       (ratio of smallest to largest eigenvalue)


CONFIDENCE INTERVALS OF MODEL RESULTS

                  Lower .5%  Lower 2.5%    Lower 5%    Estimate    Upper 5%  Upper 2.5%   Upper .5%

Within Level

 TRLBTS   ON
    CANF6M          -0.109      -0.075      -0.057       0.034       0.126       0.143       0.177
    DEMMAL          -2.677      -2.190      -1.941      -0.641       0.660       0.909       1.395
    DEMAGE          -0.307      -0.217      -0.171       0.068       0.307       0.353       0.443
    ALCF6M          -0.241      -0.192      -0.167      -0.037       0.093       0.118       0.167

 CANF6M   WITH
    DEMMAL           0.293       0.364       0.400       0.589       0.778       0.814       0.885
    DEMAGE          -2.587      -2.267      -2.104      -1.250      -0.396      -0.233       0.087
    ALCF6M           1.422       2.511       3.068       5.977       8.886       9.443      10.532

 ALCF6M   WITH
    DEMMAL           0.141       0.188       0.212       0.338       0.464       0.488       0.535
    DEMAGE          -1.053      -0.821      -0.702      -0.081       0.540       0.659       0.891

 Means
    DEMAGE          -0.256      -0.195      -0.164       0.000       0.164       0.196       0.257
    DEMMAL          -0.045      -0.034      -0.029       0.000       0.028       0.034       0.045
    CANF6M           0.000       0.000       0.000       0.000       0.000       0.000       0.000
    ALCF6M           0.000       0.000       0.000       0.000       0.000       0.000       0.000

 Variances
    DEMAGE           6.188       6.392       6.496       7.041       7.585       7.690       7.894
    DEMMAL           0.224       0.227       0.228       0.235       0.242       0.243       0.246
    CANF6M          38.574      40.967      42.190      48.581      54.972      56.196      58.588
    ALCF6M          16.962      18.237      18.889      22.294      25.699      26.351      27.626

 Residual Variances
    TRLBTS          72.132      77.104      79.647      92.927     106.208     108.751     113.723

Between Level

 TRLBTS   ON
    CANF6MBW        -0.036      -0.010       0.003       0.071       0.140       0.153       0.179
    ALCF6MBW        -0.299      -0.258      -0.237      -0.128      -0.018       0.003       0.044

 CANF6MBW WITH
    ALCF6MBW         4.576       6.763       7.881      13.721      19.562      20.680      22.866

 Means
    CANF6MBW        -0.768      -0.480      -0.332       0.437       1.207       1.354       1.642
    ALCF6MBW        -0.597      -0.405      -0.306       0.207       0.720       0.818       1.010

 Intercepts
    TRLBTS          47.755      48.002      48.128      48.788      49.447      49.573      49.820

 Variances
    CANF6MBW        88.423      92.089      93.964     103.756     113.548     115.423     119.088
    ALCF6MBW        35.387      37.946      39.255      46.090      52.926      54.235      56.794

 Residual Variances
    TRLBTS           0.269       4.293       6.351      17.101      27.850      29.909      33.933


CONFIDENCE INTERVALS OF STANDARDIZED MODEL RESULTS


STDYX Standardization

                  Lower .5%  Lower 2.5%    Lower 5%    Estimate    Upper 5%  Upper 2.5%   Upper .5%

Within Level

 TRLBTS   ON
    CANF6M          -0.078      -0.054      -0.041       0.025       0.091       0.103       0.128
    DEMMAL          -0.134      -0.110      -0.097      -0.032       0.033       0.046       0.070
    DEMAGE          -0.084      -0.060      -0.047       0.019       0.085       0.097       0.122
    ALCF6M          -0.118      -0.094      -0.082      -0.018       0.046       0.058       0.082

 CANF6M   WITH
    DEMMAL           0.092       0.112       0.122       0.174       0.227       0.237       0.256
    DEMAGE          -0.139      -0.122      -0.113      -0.068      -0.022      -0.013       0.004
    ALCF6M           0.050       0.082       0.098       0.182       0.266       0.282       0.313

 ALCF6M   WITH
    DEMMAL           0.068       0.087       0.097       0.148       0.199       0.208       0.227
    DEMAGE          -0.084      -0.065      -0.056      -0.006       0.043       0.053       0.071

 Means
    DEMAGE          -0.097      -0.073      -0.062       0.000       0.062       0.074       0.097
    DEMMAL          -0.092      -0.070      -0.059       0.000       0.059       0.070       0.092
    CANF6M           0.000       0.000       0.000       0.000       0.000       0.000       0.000
    ALCF6M           0.000       0.000       0.000       0.000       0.000       0.000       0.000

 Variances
    DEMAGE           1.000       1.000       1.000       1.000       1.000       1.000       1.000
    DEMMAL           1.000       1.000       1.000       1.000       1.000       1.000       1.000
    CANF6M           1.000       1.000       1.000       1.000       1.000       1.000       1.000
    ALCF6M           1.000       1.000       1.000       1.000       1.000       1.000       1.000

 Residual Variances
    TRLBTS           0.989       0.991       0.992       0.998       1.004       1.005       1.007

Between Level

 TRLBTS   ON
    CANF6MBW        -0.090      -0.028       0.004       0.171       0.338       0.370       0.432
    ALCF6MBW        -0.484      -0.417      -0.383      -0.204      -0.025       0.010       0.077

 CANF6MBW WITH
    ALCF6MBW         0.074       0.104       0.119       0.198       0.278       0.293       0.323

 Means
    CANF6MBW        -0.073      -0.045      -0.031       0.043       0.117       0.131       0.159
    ALCF6MBW        -0.085      -0.058      -0.043       0.030       0.104       0.118       0.146

 Intercepts
    TRLBTS           6.065       7.354       8.014      11.457      14.901      15.561      16.850

 Variances
    CANF6MBW         1.000       1.000       1.000       1.000       1.000       1.000       1.000
    ALCF6MBW         1.000       1.000       1.000       1.000       1.000       1.000       1.000

 Residual Variances
    TRLBTS           0.815       0.846       0.861       0.943       1.025       1.041       1.071


TECHNICAL 1 OUTPUT


     PARAMETER SPECIFICATION FOR WITHIN


           NU
              CANF6MBW      ALCF6MBW      TRLBTS        DEMAGE        DEMMAL
              ________      ________      ________      ________      ________
 1                  0             0             0             0             0


           NU
              CANF6M        ALCF6M
              ________      ________
 1                  0             0


           LAMBDA
              CANF6MBW      ALCF6MBW      TRLBTS        DEMAGE        DEMMAL
              ________      ________      ________      ________      ________
 CANF6MBW           0             0             0             0             0
 ALCF6MBW           0             0             0             0             0
 TRLBTS             0             0             0             0             0
 DEMAGE             0             0             0             0             0
 DEMMAL             0             0             0             0             0
 CANF6M             0             0             0             0             0
 ALCF6M             0             0             0             0             0


           LAMBDA
              CANF6M        ALCF6M
              ________      ________
 CANF6MBW           0             0
 ALCF6MBW           0             0
 TRLBTS             0             0
 DEMAGE             0             0
 DEMMAL             0             0
 CANF6M             0             0
 ALCF6M             0             0


           THETA
              CANF6MBW      ALCF6MBW      TRLBTS        DEMAGE        DEMMAL
              ________      ________      ________      ________      ________
 CANF6MBW           0
 ALCF6MBW           0             0
 TRLBTS             0             0             0
 DEMAGE             0             0             0             0
 DEMMAL             0             0             0             0             0
 CANF6M             0             0             0             0             0
 ALCF6M             0             0             0             0             0


           THETA
              CANF6M        ALCF6M
              ________      ________
 CANF6M             0
 ALCF6M             0             0


           ALPHA
              CANF6MBW      ALCF6MBW      TRLBTS        DEMAGE        DEMMAL
              ________      ________      ________      ________      ________
 1                  0             0             0             1             2


           ALPHA
              CANF6M        ALCF6M
              ________      ________
 1                  3             4


           BETA
              CANF6MBW      ALCF6MBW      TRLBTS        DEMAGE        DEMMAL
              ________      ________      ________      ________      ________
 CANF6MBW           0             0             0             0             0
 ALCF6MBW           0             0             0             0             0
 TRLBTS             0             0             0             5             6
 DEMAGE             0             0             0             0             0
 DEMMAL             0             0             0             0             0
 CANF6M             0             0             0             0             0
 ALCF6M             0             0             0             0             0


           BETA
              CANF6M        ALCF6M
              ________      ________
 CANF6MBW           0             0
 ALCF6MBW           0             0
 TRLBTS             7             8
 DEMAGE             0             0
 DEMMAL             0             0
 CANF6M             0             0
 ALCF6M             0             0


           PSI
              CANF6MBW      ALCF6MBW      TRLBTS        DEMAGE        DEMMAL
              ________      ________      ________      ________      ________
 CANF6MBW           0
 ALCF6MBW           0             0
 TRLBTS             0             0             9
 DEMAGE             0             0             0            10
 DEMMAL             0             0             0             0            11
 CANF6M             0             0             0            12            13
 ALCF6M             0             0             0            15            16


           PSI
              CANF6M        ALCF6M
              ________      ________
 CANF6M            14
 ALCF6M            17            18


     PARAMETER SPECIFICATION FOR BETWEEN


           NU
              CANF6MBW      ALCF6MBW      TRLBTS        DEMAGE        DEMMAL
              ________      ________      ________      ________      ________
 1                  0             0             0             0             0


           NU
              CANF6M        ALCF6M
              ________      ________
 1                  0             0


           LAMBDA
              CANF6MBW      ALCF6MBW      TRLBTS        DEMAGE        DEMMAL
              ________      ________      ________      ________      ________
 CANF6MBW           0             0             0             0             0
 ALCF6MBW           0             0             0             0             0
 TRLBTS             0             0             0             0             0
 DEMAGE             0             0             0             0             0
 DEMMAL             0             0             0             0             0
 CANF6M             0             0             0             0             0
 ALCF6M             0             0             0             0             0


           LAMBDA
              CANF6M        ALCF6M
              ________      ________
 CANF6MBW           0             0
 ALCF6MBW           0             0
 TRLBTS             0             0
 DEMAGE             0             0
 DEMMAL             0             0
 CANF6M             0             0
 ALCF6M             0             0


           THETA
              CANF6MBW      ALCF6MBW      TRLBTS        DEMAGE        DEMMAL
              ________      ________      ________      ________      ________
 CANF6MBW           0
 ALCF6MBW           0             0
 TRLBTS             0             0             0
 DEMAGE             0             0             0             0
 DEMMAL             0             0             0             0             0
 CANF6M             0             0             0             0             0
 ALCF6M             0             0             0             0             0


           THETA
              CANF6M        ALCF6M
              ________      ________
 CANF6M             0
 ALCF6M             0             0


           ALPHA
              CANF6MBW      ALCF6MBW      TRLBTS        DEMAGE        DEMMAL
              ________      ________      ________      ________      ________
 1                 19            20            21             0             0


           ALPHA
              CANF6M        ALCF6M
              ________      ________
 1                  0             0


           BETA
              CANF6MBW      ALCF6MBW      TRLBTS        DEMAGE        DEMMAL
              ________      ________      ________      ________      ________
 CANF6MBW           0             0             0             0             0
 ALCF6MBW           0             0             0             0             0
 TRLBTS            22            23             0             0             0
 DEMAGE             0             0             0             0             0
 DEMMAL             0             0             0             0             0
 CANF6M             0             0             0             0             0
 ALCF6M             0             0             0             0             0


           BETA
              CANF6M        ALCF6M
              ________      ________
 CANF6MBW           0             0
 ALCF6MBW           0             0
 TRLBTS             0             0
 DEMAGE             0             0
 DEMMAL             0             0
 CANF6M             0             0
 ALCF6M             0             0


           PSI
              CANF6MBW      ALCF6MBW      TRLBTS        DEMAGE        DEMMAL
              ________      ________      ________      ________      ________
 CANF6MBW          24
 ALCF6MBW          25            26
 TRLBTS             0             0            27
 DEMAGE             0             0             0             0
 DEMMAL             0             0             0             0             0
 CANF6M             0             0             0             0             0
 ALCF6M             0             0             0             0             0


           PSI
              CANF6M        ALCF6M
              ________      ________
 CANF6M             0
 ALCF6M             0             0


     STARTING VALUES FOR WITHIN


           NU
              CANF6MBW      ALCF6MBW      TRLBTS        DEMAGE        DEMMAL
              ________      ________      ________      ________      ________
 1              0.000         0.000         0.000         0.000         0.000


           NU
              CANF6M        ALCF6M
              ________      ________
 1              0.000         0.000


           LAMBDA
              CANF6MBW      ALCF6MBW      TRLBTS        DEMAGE        DEMMAL
              ________      ________      ________      ________      ________
 CANF6MBW       1.000         0.000         0.000         0.000         0.000
 ALCF6MBW       0.000         1.000         0.000         0.000         0.000
 TRLBTS         0.000         0.000         1.000         0.000         0.000
 DEMAGE         0.000         0.000         0.000         1.000         0.000
 DEMMAL         0.000         0.000         0.000         0.000         1.000
 CANF6M         0.000         0.000         0.000         0.000         0.000
 ALCF6M         0.000         0.000         0.000         0.000         0.000


           LAMBDA
              CANF6M        ALCF6M
              ________      ________
 CANF6MBW       0.000         0.000
 ALCF6MBW       0.000         0.000
 TRLBTS         0.000         0.000
 DEMAGE         0.000         0.000
 DEMMAL         0.000         0.000
 CANF6M         1.000         0.000
 ALCF6M         0.000         1.000


           THETA
              CANF6MBW      ALCF6MBW      TRLBTS        DEMAGE        DEMMAL
              ________      ________      ________      ________      ________
 CANF6MBW       0.000
 ALCF6MBW       0.000         0.000
 TRLBTS         0.000         0.000         0.000
 DEMAGE         0.000         0.000         0.000         0.000
 DEMMAL         0.000         0.000         0.000         0.000         0.000
 CANF6M         0.000         0.000         0.000         0.000         0.000
 ALCF6M         0.000         0.000         0.000         0.000         0.000


           THETA
              CANF6M        ALCF6M
              ________      ________
 CANF6M         0.000
 ALCF6M         0.000         0.000


           ALPHA
              CANF6MBW      ALCF6MBW      TRLBTS        DEMAGE        DEMMAL
              ________      ________      ________      ________      ________
 1              0.000         0.000         0.000         0.000         0.000


           ALPHA
              CANF6M        ALCF6M
              ________      ________
 1              0.000         0.000


           BETA
              CANF6MBW      ALCF6MBW      TRLBTS        DEMAGE        DEMMAL
              ________      ________      ________      ________      ________
 CANF6MBW       0.000         0.000         0.000         0.000         0.000
 ALCF6MBW       0.000         0.000         0.000         0.000         0.000
 TRLBTS         0.000         0.000         0.000         0.000         0.000
 DEMAGE         0.000         0.000         0.000         0.000         0.000
 DEMMAL         0.000         0.000         0.000         0.000         0.000
 CANF6M         0.000         0.000         0.000         0.000         0.000
 ALCF6M         0.000         0.000         0.000         0.000         0.000


           BETA
              CANF6M        ALCF6M
              ________      ________
 CANF6MBW       0.000         0.000
 ALCF6MBW       0.000         0.000
 TRLBTS         0.000         0.000
 DEMAGE         0.000         0.000
 DEMMAL         0.000         0.000
 CANF6M         0.000         0.000
 ALCF6M         0.000         0.000


           PSI
              CANF6MBW      ALCF6MBW      TRLBTS        DEMAGE        DEMMAL
              ________      ________      ________      ________      ________
 CANF6MBW       0.000
 ALCF6MBW       0.000         0.000
 TRLBTS         0.000         0.000        55.378
 DEMAGE         0.000         0.000         0.000         3.520
 DEMMAL         0.000         0.000         0.000         0.000         0.118
 CANF6M         0.000         0.000         0.000         0.000         0.000
 ALCF6M         0.000         0.000         0.000         0.000         0.000


           PSI
              CANF6M        ALCF6M
              ________      ________
 CANF6M        24.344
 ALCF6M         0.000        11.149


     STARTING VALUES FOR BETWEEN


           NU
              CANF6MBW      ALCF6MBW      TRLBTS        DEMAGE        DEMMAL
              ________      ________      ________      ________      ________
 1              0.000         0.000         0.000         0.000         0.000


           NU
              CANF6M        ALCF6M
              ________      ________
 1              0.000         0.000


           LAMBDA
              CANF6MBW      ALCF6MBW      TRLBTS        DEMAGE        DEMMAL
              ________      ________      ________      ________      ________
 CANF6MBW       1.000         0.000         0.000         0.000         0.000
 ALCF6MBW       0.000         1.000         0.000         0.000         0.000
 TRLBTS         0.000         0.000         1.000         0.000         0.000
 DEMAGE         0.000         0.000         0.000         1.000         0.000
 DEMMAL         0.000         0.000         0.000         0.000         1.000
 CANF6M         0.000         0.000         0.000         0.000         0.000
 ALCF6M         0.000         0.000         0.000         0.000         0.000


           LAMBDA
              CANF6M        ALCF6M
              ________      ________
 CANF6MBW       0.000         0.000
 ALCF6MBW       0.000         0.000
 TRLBTS         0.000         0.000
 DEMAGE         0.000         0.000
 DEMMAL         0.000         0.000
 CANF6M         1.000         0.000
 ALCF6M         0.000         1.000


           THETA
              CANF6MBW      ALCF6MBW      TRLBTS        DEMAGE        DEMMAL
              ________      ________      ________      ________      ________
 CANF6MBW       0.000
 ALCF6MBW       0.000         0.000
 TRLBTS         0.000         0.000         0.000
 DEMAGE         0.000         0.000         0.000         0.000
 DEMMAL         0.000         0.000         0.000         0.000         0.000
 CANF6M         0.000         0.000         0.000         0.000         0.000
 ALCF6M         0.000         0.000         0.000         0.000         0.000


           THETA
              CANF6M        ALCF6M
              ________      ________
 CANF6M         0.000
 ALCF6M         0.000         0.000


           ALPHA
              CANF6MBW      ALCF6MBW      TRLBTS        DEMAGE        DEMMAL
              ________      ________      ________      ________      ________
 1              0.000         0.000        48.821         0.000         0.000


           ALPHA
              CANF6M        ALCF6M
              ________      ________
 1              0.000         0.000


           BETA
              CANF6MBW      ALCF6MBW      TRLBTS        DEMAGE        DEMMAL
              ________      ________      ________      ________      ________
 CANF6MBW       0.000         0.000         0.000         0.000         0.000
 ALCF6MBW       0.000         0.000         0.000         0.000         0.000
 TRLBTS         0.000         0.000         0.000         0.000         0.000
 DEMAGE         0.000         0.000         0.000         0.000         0.000
 DEMMAL         0.000         0.000         0.000         0.000         0.000
 CANF6M         0.000         0.000         0.000         0.000         0.000
 ALCF6M         0.000         0.000         0.000         0.000         0.000


           BETA
              CANF6M        ALCF6M
              ________      ________
 CANF6MBW       0.000         0.000
 ALCF6MBW       0.000         0.000
 TRLBTS         0.000         0.000
 DEMAGE         0.000         0.000
 DEMMAL         0.000         0.000
 CANF6M         0.000         0.000
 ALCF6M         0.000         0.000


           PSI
              CANF6MBW      ALCF6MBW      TRLBTS        DEMAGE        DEMMAL
              ________      ________      ________      ________      ________
 CANF6MBW      45.174
 ALCF6MBW       0.000        19.662
 TRLBTS         0.000         0.000        55.378
 DEMAGE         0.000         0.000         0.000         0.000
 DEMMAL         0.000         0.000         0.000         0.000         0.000
 CANF6M         0.000         0.000         0.000         0.000         0.000
 ALCF6M         0.000         0.000         0.000         0.000         0.000


           PSI
              CANF6M        ALCF6M
              ________      ________
 CANF6M         0.000
 ALCF6M         0.000         0.000


     Beginning Time:  16:00:52
        Ending Time:  16:00:53
       Elapsed Time:  00:00:01



MUTHEN & MUTHEN
3463 Stoner Ave.
Los Angeles, CA  90066

Tel: (310) 391-9971
Fax: (310) 391-8971
Web: www.StatModel.com
Support: Support@StatModel.com

Copyright (c) 1998-2015 Muthen & Muthen
