Mplus VERSION 7.4 (Mac)
MUTHEN & MUTHEN
05/06/2020   4:00 PM

INPUT INSTRUCTIONS


  TITLE: CANF6M_WASDGT_1;

  DATA:
  	FILE = GD190618rr.csv;

  VARIABLE:
  	NAMES =
  			ID_Fam   Wave     ID_MPL
  			DEMMAL   DEMAGE   DEMHSP   DEMRAC
  			SRPWCR
  			WASVCB   WASBLK   WASDGT   WSISUM
  			TRLATS   TRLBTS
  			CVLASF   CVLASC   CVLALF   CVLALC
  			CVLCOM
  			CANEVR   CANONS   CANFLF
  			CANFTY   CANF6M   CANAC6
  			CANYRS
  			ALCEVR   ALCONS   ALCFLF
  			ALCFTY   ALCF6M   ALCAC6
  			ALCYRS
  			SRPWCRDt WASVCBDt WASBLKDt
  			WASDGTDt WSISUMDt TRLATSDt
  			TRLBTSDt CVLASFDt CVLASCDt
  			CVLALFDt CVLALCDt CVLCOMDt
  		;
  	USEVARIABLES =
  		! outcome
  	  		WASDGT
    		! covariates
  	  		DEMAGE
    			DEMMAL  		
    		! within predictor
    			CANF6M
    			ALCF6M
    		! between predictor
    			CANF6MBW
    			ALCF6MBW
    			;
    	USEOBSERVATION =
    			(Wave EQ 1 AND WASDGTDt EQ 1)
    		;
    	CLUSTER =
    			ID_Fam
    		;
    	MISSING = .;
    	BETWEEN =   		
    			CANF6MBW
    			ALCF6MBW
    		;
    	WITHIN  		
    			CANF6M
    			ALCF6M
    			DEMAGE
    			DEMMAL
    		;  		

  DEFINE:
  	! CREATE BW FAM PREDICTOR
  		CANF6MBW = cluster_mean (CANF6M);	
  		ALCF6MBW = cluster_mean (ALCF6M);	
  	! CENTER WI FAM VARIABLES
  		CENTER CANF6M (GROUPMEAN);
  		CENTER ALCF6M (GROUPMEAN);
  		CENTER DEMMAL (GRANDMEAN);
  		CENTER DEMAGE (GRANDMEAN);		
  	! CENTER BW FAM VARIABLES
  		CENTER CANF6MBW (GRANDMEAN);
  		CENTER ALCF6MBW (GRANDMEAN);

  ANALYSIS:
          ITERATIONS = 1000000;
          TYPE = TWOLEVEL RANDOM;
          ALGORITHM = INTEGRATION;

  OUTPUT:
  	SAMPSTAT STDYX TECH1 CINT;

  MODEL:
  %WITHIN%
  	WASDGT on CANF6M;
  	WASDGT on  DEMMAL DEMAGE ALCF6M;	
  	WASDGT*;
  	CANF6M*;

  	CANF6M WITH DEMMAL*;
  	CANF6M WITH DEMAGE*;
  	ALCF6M WITH DEMMAL*;
  	ALCF6M WITH DEMAGE*;
  	CANF6M WITH ALCF6M*;

  %BETWEEN%
  	WASDGT on CANF6MBW ALCF6MBW;
  	WASDGT*;
  	CANF6MBW*;
  	CANF6MBW WITH ALCF6MBW*;



*** WARNING
  Data set contains cases with missing on all variables except
  x-variables.  These cases were not included in the analysis.
  Number of cases with missing on all variables except x-variables:  1
   1 WARNING(S) FOUND IN THE INPUT INSTRUCTIONS



CANF6M_WASDGT_1;

SUMMARY OF ANALYSIS

Number of groups                                                 1
Number of observations                                         481

Number of dependent variables                                    1
Number of independent variables                                  6
Number of continuous latent variables                            0

Observed dependent variables

  Continuous
   WASDGT

Observed independent variables
   DEMAGE      DEMMAL      CANF6M      ALCF6M      CANF6MBW    ALCF6MBW

Variables with special functions

  Cluster variable      ID_FAM

  Within variables
   DEMAGE      DEMMAL      CANF6M      ALCF6M

  Between variables
   CANF6MBW    ALCF6MBW

  Centering (GRANDMEAN)
   DEMMAL      DEMAGE      CANF6MBW    ALCF6MBW

  Centering (GROUPMEAN)
   CANF6M      ALCF6M


Estimator                                                      MLR
Information matrix                                        OBSERVED
Optimization Specifications for the Quasi-Newton Algorithm for
Continuous Outcomes
  Maximum number of iterations                             1000000
  Convergence criterion                                  0.100D-05
Optimization Specifications for the EM Algorithm
  Maximum number of iterations                                 500
  Convergence criteria
    Loglikelihood change                                 0.100D-02
    Relative loglikelihood change                        0.100D-05
    Derivative                                           0.100D-02
Optimization Specifications for the M step of the EM Algorithm for
Categorical Latent variables
  Number of M step iterations                                    1
  M step convergence criterion                           0.100D-02
  Basis for M step termination                           ITERATION
Optimization Specifications for the M step of the EM Algorithm for
Censored, Binary or Ordered Categorical (Ordinal), Unordered
Categorical (Nominal) and Count Outcomes
  Number of M step iterations                                    1
  M step convergence criterion                           0.100D-02
  Basis for M step termination                           ITERATION
  Maximum value for logit thresholds                            15
  Minimum value for logit thresholds                           -15
  Minimum expected cell size for chi-square              0.100D-01
Maximum number of iterations for H1                           2000
Convergence criterion for H1                             0.100D-03
Optimization algorithm                                         EMA
Integration Specifications
  Type                                                    STANDARD
  Number of integration points                                  15
  Dimensions of numerical integration                            0
  Adaptive quadrature                                           ON
Cholesky                                                       OFF

Input data file(s)
  GD190618rr.csv
Input data format  FREE


SUMMARY OF DATA

     Number of missing data patterns             4
     Number of clusters                        244



COVARIANCE COVERAGE OF DATA

Minimum covariance coverage value   0.100


     PROPORTION OF DATA PRESENT FOR Y


           Covariance Coverage
              CANF6MBW      ALCF6MBW      WASDGT        DEMAGE        DEMMAL
              ________      ________      ________      ________      ________
 CANF6MBW       1.000
 ALCF6MBW       1.000         1.000
 WASDGT         0.998         0.998         0.998
 DEMAGE         0.998         0.998         0.996         0.998
 DEMMAL         1.000         1.000         0.998         0.998         1.000
 CANF6M         1.000         1.000         0.998         0.998         1.000
 ALCF6M         0.998         0.998         0.996         0.996         0.998


           Covariance Coverage
              CANF6M        ALCF6M
              ________      ________
 CANF6M         1.000
 ALCF6M         0.998         0.998


SAMPLE STATISTICS


     ESTIMATED SAMPLE STATISTICS


           Means
              CANF6MBW      ALCF6MBW      WASDGT        DEMAGE        DEMMAL
              ________      ________      ________      ________      ________
 1              0.000         0.000         9.354         0.001         0.000


           Means
              CANF6M        ALCF6M
              ________      ________
 1              0.000         0.003


           Covariances
              CANF6MBW      ALCF6MBW      WASDGT        DEMAGE        DEMMAL
              ________      ________      ________      ________      ________
 CANF6MBW      71.512
 ALCF6MBW      13.245        16.017
 WASDGT         2.909         0.257         6.362
 DEMAGE         0.485         1.494        -0.231         4.416
 DEMMAL         0.499         0.140         0.093        -0.119         0.247
 CANF6M         0.000         0.000         0.123        -1.924         0.244
 ALCF6M         0.050        -0.003         0.181        -0.398         0.102


           Covariances
              CANF6M        ALCF6M
              ________      ________
 CANF6M        42.417
 ALCF6M         8.803        14.288


           Correlations
              CANF6MBW      ALCF6MBW      WASDGT        DEMAGE        DEMMAL
              ________      ________      ________      ________      ________
 CANF6MBW       1.000
 ALCF6MBW       0.391         1.000
 WASDGT         0.136         0.025         1.000
 DEMAGE         0.027         0.178        -0.044         1.000
 DEMMAL         0.119         0.070         0.074        -0.114         1.000
 CANF6M         0.000         0.000         0.008        -0.141         0.075
 ALCF6M         0.002         0.000         0.019        -0.050         0.054


           Correlations
              CANF6M        ALCF6M
              ________      ________
 CANF6M         1.000
 ALCF6M         0.358         1.000


     MAXIMUM LOG-LIKELIHOOD VALUE FOR THE UNRESTRICTED (H1) MODEL IS -8370.710


UNIVARIATE SAMPLE STATISTICS


     UNIVARIATE HIGHER-ORDER MOMENT DESCRIPTIVE STATISTICS

         Variable/         Mean/     Skewness/   Minimum/ % with                Percentiles
        Sample Size      Variance    Kurtosis    Maximum  Min/Max      20%/60%    40%/80%    Median

     CANF6MBW              0.125       1.181      -7.285   16.39%      -7.200     -5.620     -3.200
             244.000      75.159       0.457      22.715    4.51%      -0.950      7.715
     ALCF6MBW             -0.061       1.360      -4.010    4.51%      -3.425     -2.340     -1.510
             244.000      16.048       1.512      15.155    0.41%      -0.345      3.490
     WASDGT                9.354       0.488       3.000    0.21%       7.000      8.000      9.000
             480.000       6.362       0.244      17.000    0.62%      10.000     11.000
     DEMAGE                0.000       1.052      -3.627    0.21%      -1.747     -0.827     -0.432
             480.000       4.416       0.855       7.263    0.21%       0.053      1.353
     DEMMAL                0.000      -0.222      -0.555   44.49%      -0.555     -0.555      0.445
             481.000       0.247      -1.951       0.445   55.51%       0.445      0.445
     CANF6M                0.000       0.043     -15.000    2.49%      -4.000     -0.080      0.000
             481.000      42.417       0.792      19.780    0.21%       0.000      3.915
     ALCF6M                0.000       0.144     -14.915    0.21%      -1.920     -0.170      0.000
             480.000      14.288       3.332      16.110    0.21%       0.113      1.835

     THE STANDARD ERRORS OF THE MODEL PARAMETER ESTIMATES MAY NOT BE
     TRUSTWORTHY FOR SOME PARAMETERS DUE TO A NON-POSITIVE DEFINITE
     FIRST-ORDER DERIVATIVE PRODUCT MATRIX.  THIS MAY BE DUE TO THE STARTING
     VALUES BUT MAY ALSO BE AN INDICATION OF MODEL NONIDENTIFICATION.  THE
     CONDITION NUMBER IS      -0.106D-15.  PROBLEM INVOLVING THE FOLLOWING PARAMETER:
     Parameter 4, %WITHIN%: [ ALCF6M ]


THE MODEL ESTIMATION TERMINATED NORMALLY



MODEL FIT INFORMATION

Number of Free Parameters                       27

Loglikelihood

          H0 Value                       -6892.886
          H0 Scaling Correction Factor      1.2132
            for MLR

Information Criteria

          Akaike (AIC)                   13839.772
          Bayesian (BIC)                 13952.521
          Sample-Size Adjusted BIC       13866.825
            (n* = (n + 2) / 24)



MODEL RESULTS

                                                    Two-Tailed
                    Estimate       S.E.  Est./S.E.    P-Value

Within Level

 WASDGT     ON
    CANF6M             0.000      0.015     -0.018      0.985
    DEMMAL             0.124      0.229      0.541      0.589
    DEMAGE             0.000      0.052     -0.004      0.997
    ALCF6M             0.012      0.025      0.467      0.640

 CANF6M   WITH
    DEMMAL             0.195      0.136      1.437      0.151
    DEMAGE            -1.827      0.612     -2.984      0.003
    ALCF6M             8.778      2.003      4.383      0.000

 ALCF6M   WITH
    DEMMAL             0.092      0.076      1.217      0.224
    DEMAGE            -0.351      0.349     -1.006      0.314

 Means
    DEMAGE             0.000      0.095      0.003      0.997
    DEMMAL             0.000      0.025      0.000      1.000
    CANF6M             0.000      0.000      0.000      1.000
    ALCF6M             0.003      0.003      0.971      0.332

 Variances
    DEMAGE             4.416      0.323     13.651      0.000
    DEMMAL             0.247      0.003     88.464      0.000
    CANF6M            42.340      4.518      9.371      0.000
    ALCF6M            14.281      2.101      6.796      0.000

 Residual Variances
    WASDGT             4.150      0.394     10.531      0.000

Between Level

 WASDGT     ON
    CANF6MBW           0.043      0.016      2.709      0.007
    ALCF6MBW          -0.018      0.031     -0.585      0.559

 CANF6MBW WITH
    ALCF6MBW          13.165      2.769      4.755      0.000

 Means
    CANF6MBW           0.125      0.555      0.226      0.821
    ALCF6MBW          -0.061      0.256     -0.237      0.813

 Intercepts
    WASDGT             9.358      0.132     71.120      0.000

 Variances
    CANF6MBW          75.159      7.541      9.966      0.000
    ALCF6MBW          16.048      1.925      8.336      0.000

 Residual Variances
    WASDGT             2.083      0.459      4.533      0.000


STANDARDIZED MODEL RESULTS


STDYX Standardization

                                                    Two-Tailed
                    Estimate       S.E.  Est./S.E.    P-Value

Within Level

 WASDGT     ON
    CANF6M            -0.001      0.047     -0.018      0.985
    DEMMAL             0.030      0.056      0.542      0.588
    DEMAGE             0.000      0.053     -0.004      0.997
    ALCF6M             0.022      0.047      0.467      0.640

 CANF6M   WITH
    DEMMAL             0.060      0.042      1.450      0.147
    DEMAGE            -0.134      0.041     -3.233      0.001
    ALCF6M             0.357      0.064      5.548      0.000

 ALCF6M   WITH
    DEMMAL             0.049      0.039      1.257      0.209
    DEMAGE            -0.044      0.043     -1.032      0.302

 Means
    DEMAGE             0.000      0.045      0.003      0.997
    DEMMAL             0.000      0.051      0.000      1.000
    CANF6M             0.000      0.000      0.000      1.000
    ALCF6M             0.001      0.001      0.974      0.330

 Variances
    DEMAGE             1.000      0.000    999.000    999.000
    DEMMAL             1.000      0.000    999.000    999.000
    CANF6M             1.000      0.000    999.000    999.000
    ALCF6M             1.000      0.000    999.000    999.000

 Residual Variances
    WASDGT             0.999      0.004    272.952      0.000

Between Level

 WASDGT     ON
    CANF6MBW           0.252      0.092      2.742      0.006
    ALCF6MBW          -0.049      0.084     -0.588      0.556

 CANF6MBW WITH
    ALCF6MBW           0.379      0.067      5.683      0.000

 Means
    CANF6MBW           0.014      0.063      0.228      0.820
    ALCF6MBW          -0.015      0.065     -0.234      0.815

 Intercepts
    WASDGT             6.298      0.642      9.816      0.000

 Variances
    CANF6MBW           1.000      0.000    999.000    999.000
    ALCF6MBW           1.000      0.000    999.000    999.000

 Residual Variances
    WASDGT             0.943      0.041     22.875      0.000


R-SQUARE

Within Level

    Observed                                        Two-Tailed
    Variable        Estimate       S.E.  Est./S.E.    P-Value

    WASDGT             0.001      0.004      0.396      0.692

Between Level

    Observed                                        Two-Tailed
    Variable        Estimate       S.E.  Est./S.E.    P-Value

    WASDGT             0.057      0.041      1.373      0.170


QUALITY OF NUMERICAL RESULTS

     Condition Number for the Information Matrix             -0.106E-15
       (ratio of smallest to largest eigenvalue)


CONFIDENCE INTERVALS OF MODEL RESULTS

                  Lower .5%  Lower 2.5%    Lower 5%    Estimate    Upper 5%  Upper 2.5%   Upper .5%

Within Level

 WASDGT   ON
    CANF6M          -0.038      -0.029      -0.025       0.000       0.024       0.029       0.038
    DEMMAL          -0.467      -0.326      -0.253       0.124       0.501       0.574       0.715
    DEMAGE          -0.134      -0.102      -0.085       0.000       0.085       0.101       0.133
    ALCF6M          -0.053      -0.038      -0.030       0.012       0.054       0.062       0.077

 CANF6M   WITH
    DEMMAL          -0.154      -0.071      -0.028       0.195       0.418       0.460       0.544
    DEMAGE          -3.404      -3.027      -2.834      -1.827      -0.820      -0.627      -0.250
    ALCF6M           3.620       4.853       5.483       8.778      12.072      12.703      13.936

 ALCF6M   WITH
    DEMMAL          -0.103      -0.056      -0.032       0.092       0.217       0.241       0.288
    DEMAGE          -1.249      -1.034      -0.924      -0.351       0.223       0.333       0.547

 Means
    DEMAGE          -0.244      -0.185      -0.156       0.000       0.156       0.186       0.245
    DEMMAL          -0.065      -0.050      -0.042       0.000       0.042       0.050       0.065
    CANF6M           0.000       0.000       0.000       0.000       0.000       0.000       0.000
    ALCF6M          -0.005      -0.003      -0.002       0.003       0.008       0.009       0.011

 Variances
    DEMAGE           3.583       3.782       3.884       4.416       4.948       5.050       5.249
    DEMMAL           0.240       0.241       0.242       0.247       0.252       0.252       0.254
    CANF6M          30.703      33.485      34.908      42.340      49.772      51.195      53.978
    ALCF6M           8.869      10.163      10.825      14.281      17.738      18.400      19.694

 Residual Variances
    WASDGT           3.135       3.377       3.501       4.150       4.798       4.922       5.165

Between Level

 WASDGT   ON
    CANF6MBW         0.002       0.012       0.017       0.043       0.069       0.074       0.084
    ALCF6MBW        -0.099      -0.080      -0.070      -0.018       0.033       0.043       0.062

 CANF6MBW WITH
    ALCF6MBW         6.033       7.738       8.610      13.165      17.719      18.591      20.297

 Means
    CANF6MBW        -1.304      -0.963      -0.788       0.125       1.038       1.213       1.555
    ALCF6MBW        -0.721      -0.563      -0.483      -0.061       0.361       0.442       0.600

 Intercepts
    WASDGT           9.019       9.100       9.141       9.358       9.574       9.615       9.696

 Variances
    CANF6MBW        55.734      60.378      62.753      75.159      87.564      89.939      94.583
    ALCF6MBW        11.089      12.275      12.881      16.048      19.216      19.822      21.008

 Residual Variances
    WASDGT           0.899       1.182       1.327       2.083       2.839       2.983       3.266


CONFIDENCE INTERVALS OF STANDARDIZED MODEL RESULTS


STDYX Standardization

                  Lower .5%  Lower 2.5%    Lower 5%    Estimate    Upper 5%  Upper 2.5%   Upper .5%

Within Level

 WASDGT   ON
    CANF6M          -0.122      -0.093      -0.078      -0.001       0.077       0.092       0.121
    DEMMAL          -0.113      -0.079      -0.062       0.030       0.122       0.140       0.174
    DEMAGE          -0.138      -0.105      -0.088       0.000       0.088       0.104       0.137
    ALCF6M          -0.099      -0.070      -0.055       0.022       0.099       0.114       0.143

 CANF6M   WITH
    DEMMAL          -0.047      -0.021      -0.008       0.060       0.129       0.142       0.167
    DEMAGE          -0.240      -0.215      -0.202      -0.134      -0.066      -0.053      -0.027
    ALCF6M           0.191       0.231       0.251       0.357       0.463       0.483       0.523

 ALCF6M   WITH
    DEMMAL          -0.052      -0.028      -0.015       0.049       0.114       0.126       0.150
    DEMAGE          -0.154      -0.128      -0.115      -0.044       0.026       0.040       0.066

 Means
    DEMAGE          -0.116      -0.088      -0.074       0.000       0.074       0.089       0.116
    DEMMAL          -0.131      -0.100      -0.084       0.000       0.084       0.100       0.131
    CANF6M           0.000       0.000       0.000       0.000       0.000       0.000       0.000
    ALCF6M          -0.001      -0.001      -0.001       0.001       0.002       0.002       0.003

 Variances
    DEMAGE           1.000       1.000       1.000       1.000       1.000       1.000       1.000
    DEMMAL           1.000       1.000       1.000       1.000       1.000       1.000       1.000
    CANF6M           1.000       1.000       1.000       1.000       1.000       1.000       1.000
    ALCF6M           1.000       1.000       1.000       1.000       1.000       1.000       1.000

 Residual Variances
    WASDGT           0.989       0.991       0.993       0.999       1.005       1.006       1.008

Between Level

 WASDGT   ON
    CANF6MBW         0.015       0.072       0.101       0.252       0.403       0.432       0.489
    ALCF6MBW        -0.265      -0.214      -0.187      -0.049       0.089       0.115       0.167

 CANF6MBW WITH
    ALCF6MBW         0.207       0.248       0.269       0.379       0.489       0.510       0.551

 Means
    CANF6MBW        -0.149      -0.110      -0.090       0.014       0.119       0.139       0.178
    ALCF6MBW        -0.182      -0.142      -0.122      -0.015       0.091       0.112       0.151

 Intercepts
    WASDGT           4.645       5.040       5.242       6.298       7.353       7.555       7.950

 Variances
    CANF6MBW         1.000       1.000       1.000       1.000       1.000       1.000       1.000
    ALCF6MBW         1.000       1.000       1.000       1.000       1.000       1.000       1.000

 Residual Variances
    WASDGT           0.837       0.863       0.876       0.943       1.011       1.024       1.050


TECHNICAL 1 OUTPUT


     PARAMETER SPECIFICATION FOR WITHIN


           NU
              CANF6MBW      ALCF6MBW      WASDGT        DEMAGE        DEMMAL
              ________      ________      ________      ________      ________
 1                  0             0             0             0             0


           NU
              CANF6M        ALCF6M
              ________      ________
 1                  0             0


           LAMBDA
              CANF6MBW      ALCF6MBW      WASDGT        DEMAGE        DEMMAL
              ________      ________      ________      ________      ________
 CANF6MBW           0             0             0             0             0
 ALCF6MBW           0             0             0             0             0
 WASDGT             0             0             0             0             0
 DEMAGE             0             0             0             0             0
 DEMMAL             0             0             0             0             0
 CANF6M             0             0             0             0             0
 ALCF6M             0             0             0             0             0


           LAMBDA
              CANF6M        ALCF6M
              ________      ________
 CANF6MBW           0             0
 ALCF6MBW           0             0
 WASDGT             0             0
 DEMAGE             0             0
 DEMMAL             0             0
 CANF6M             0             0
 ALCF6M             0             0


           THETA
              CANF6MBW      ALCF6MBW      WASDGT        DEMAGE        DEMMAL
              ________      ________      ________      ________      ________
 CANF6MBW           0
 ALCF6MBW           0             0
 WASDGT             0             0             0
 DEMAGE             0             0             0             0
 DEMMAL             0             0             0             0             0
 CANF6M             0             0             0             0             0
 ALCF6M             0             0             0             0             0


           THETA
              CANF6M        ALCF6M
              ________      ________
 CANF6M             0
 ALCF6M             0             0


           ALPHA
              CANF6MBW      ALCF6MBW      WASDGT        DEMAGE        DEMMAL
              ________      ________      ________      ________      ________
 1                  0             0             0             1             2


           ALPHA
              CANF6M        ALCF6M
              ________      ________
 1                  3             4


           BETA
              CANF6MBW      ALCF6MBW      WASDGT        DEMAGE        DEMMAL
              ________      ________      ________      ________      ________
 CANF6MBW           0             0             0             0             0
 ALCF6MBW           0             0             0             0             0
 WASDGT             0             0             0             5             6
 DEMAGE             0             0             0             0             0
 DEMMAL             0             0             0             0             0
 CANF6M             0             0             0             0             0
 ALCF6M             0             0             0             0             0


           BETA
              CANF6M        ALCF6M
              ________      ________
 CANF6MBW           0             0
 ALCF6MBW           0             0
 WASDGT             7             8
 DEMAGE             0             0
 DEMMAL             0             0
 CANF6M             0             0
 ALCF6M             0             0


           PSI
              CANF6MBW      ALCF6MBW      WASDGT        DEMAGE        DEMMAL
              ________      ________      ________      ________      ________
 CANF6MBW           0
 ALCF6MBW           0             0
 WASDGT             0             0             9
 DEMAGE             0             0             0            10
 DEMMAL             0             0             0             0            11
 CANF6M             0             0             0            12            13
 ALCF6M             0             0             0            15            16


           PSI
              CANF6M        ALCF6M
              ________      ________
 CANF6M            14
 ALCF6M            17            18


     PARAMETER SPECIFICATION FOR BETWEEN


           NU
              CANF6MBW      ALCF6MBW      WASDGT        DEMAGE        DEMMAL
              ________      ________      ________      ________      ________
 1                  0             0             0             0             0


           NU
              CANF6M        ALCF6M
              ________      ________
 1                  0             0


           LAMBDA
              CANF6MBW      ALCF6MBW      WASDGT        DEMAGE        DEMMAL
              ________      ________      ________      ________      ________
 CANF6MBW           0             0             0             0             0
 ALCF6MBW           0             0             0             0             0
 WASDGT             0             0             0             0             0
 DEMAGE             0             0             0             0             0
 DEMMAL             0             0             0             0             0
 CANF6M             0             0             0             0             0
 ALCF6M             0             0             0             0             0


           LAMBDA
              CANF6M        ALCF6M
              ________      ________
 CANF6MBW           0             0
 ALCF6MBW           0             0
 WASDGT             0             0
 DEMAGE             0             0
 DEMMAL             0             0
 CANF6M             0             0
 ALCF6M             0             0


           THETA
              CANF6MBW      ALCF6MBW      WASDGT        DEMAGE        DEMMAL
              ________      ________      ________      ________      ________
 CANF6MBW           0
 ALCF6MBW           0             0
 WASDGT             0             0             0
 DEMAGE             0             0             0             0
 DEMMAL             0             0             0             0             0
 CANF6M             0             0             0             0             0
 ALCF6M             0             0             0             0             0


           THETA
              CANF6M        ALCF6M
              ________      ________
 CANF6M             0
 ALCF6M             0             0


           ALPHA
              CANF6MBW      ALCF6MBW      WASDGT        DEMAGE        DEMMAL
              ________      ________      ________      ________      ________
 1                 19            20            21             0             0


           ALPHA
              CANF6M        ALCF6M
              ________      ________
 1                  0             0


           BETA
              CANF6MBW      ALCF6MBW      WASDGT        DEMAGE        DEMMAL
              ________      ________      ________      ________      ________
 CANF6MBW           0             0             0             0             0
 ALCF6MBW           0             0             0             0             0
 WASDGT            22            23             0             0             0
 DEMAGE             0             0             0             0             0
 DEMMAL             0             0             0             0             0
 CANF6M             0             0             0             0             0
 ALCF6M             0             0             0             0             0


           BETA
              CANF6M        ALCF6M
              ________      ________
 CANF6MBW           0             0
 ALCF6MBW           0             0
 WASDGT             0             0
 DEMAGE             0             0
 DEMMAL             0             0
 CANF6M             0             0
 ALCF6M             0             0


           PSI
              CANF6MBW      ALCF6MBW      WASDGT        DEMAGE        DEMMAL
              ________      ________      ________      ________      ________
 CANF6MBW          24
 ALCF6MBW          25            26
 WASDGT             0             0            27
 DEMAGE             0             0             0             0
 DEMMAL             0             0             0             0             0
 CANF6M             0             0             0             0             0
 ALCF6M             0             0             0             0             0


           PSI
              CANF6M        ALCF6M
              ________      ________
 CANF6M             0
 ALCF6M             0             0


     STARTING VALUES FOR WITHIN


           NU
              CANF6MBW      ALCF6MBW      WASDGT        DEMAGE        DEMMAL
              ________      ________      ________      ________      ________
 1              0.000         0.000         0.000         0.000         0.000


           NU
              CANF6M        ALCF6M
              ________      ________
 1              0.000         0.000


           LAMBDA
              CANF6MBW      ALCF6MBW      WASDGT        DEMAGE        DEMMAL
              ________      ________      ________      ________      ________
 CANF6MBW       1.000         0.000         0.000         0.000         0.000
 ALCF6MBW       0.000         1.000         0.000         0.000         0.000
 WASDGT         0.000         0.000         1.000         0.000         0.000
 DEMAGE         0.000         0.000         0.000         1.000         0.000
 DEMMAL         0.000         0.000         0.000         0.000         1.000
 CANF6M         0.000         0.000         0.000         0.000         0.000
 ALCF6M         0.000         0.000         0.000         0.000         0.000


           LAMBDA
              CANF6M        ALCF6M
              ________      ________
 CANF6MBW       0.000         0.000
 ALCF6MBW       0.000         0.000
 WASDGT         0.000         0.000
 DEMAGE         0.000         0.000
 DEMMAL         0.000         0.000
 CANF6M         1.000         0.000
 ALCF6M         0.000         1.000


           THETA
              CANF6MBW      ALCF6MBW      WASDGT        DEMAGE        DEMMAL
              ________      ________      ________      ________      ________
 CANF6MBW       0.000
 ALCF6MBW       0.000         0.000
 WASDGT         0.000         0.000         0.000
 DEMAGE         0.000         0.000         0.000         0.000
 DEMMAL         0.000         0.000         0.000         0.000         0.000
 CANF6M         0.000         0.000         0.000         0.000         0.000
 ALCF6M         0.000         0.000         0.000         0.000         0.000


           THETA
              CANF6M        ALCF6M
              ________      ________
 CANF6M         0.000
 ALCF6M         0.000         0.000


           ALPHA
              CANF6MBW      ALCF6MBW      WASDGT        DEMAGE        DEMMAL
              ________      ________      ________      ________      ________
 1              0.000         0.000         0.000         0.000         0.000


           ALPHA
              CANF6M        ALCF6M
              ________      ________
 1              0.000         0.000


           BETA
              CANF6MBW      ALCF6MBW      WASDGT        DEMAGE        DEMMAL
              ________      ________      ________      ________      ________
 CANF6MBW       0.000         0.000         0.000         0.000         0.000
 ALCF6MBW       0.000         0.000         0.000         0.000         0.000
 WASDGT         0.000         0.000         0.000         0.000         0.000
 DEMAGE         0.000         0.000         0.000         0.000         0.000
 DEMMAL         0.000         0.000         0.000         0.000         0.000
 CANF6M         0.000         0.000         0.000         0.000         0.000
 ALCF6M         0.000         0.000         0.000         0.000         0.000


           BETA
              CANF6M        ALCF6M
              ________      ________
 CANF6MBW       0.000         0.000
 ALCF6MBW       0.000         0.000
 WASDGT         0.000         0.000
 DEMAGE         0.000         0.000
 DEMMAL         0.000         0.000
 CANF6M         0.000         0.000
 ALCF6M         0.000         0.000


           PSI
              CANF6MBW      ALCF6MBW      WASDGT        DEMAGE        DEMMAL
              ________      ________      ________      ________      ________
 CANF6MBW       0.000
 ALCF6MBW       0.000         0.000
 WASDGT         0.000         0.000         3.181
 DEMAGE         0.000         0.000         0.000         2.208
 DEMMAL         0.000         0.000         0.000         0.000         0.123
 CANF6M         0.000         0.000         0.000         0.000         0.000
 ALCF6M         0.000         0.000         0.000         0.000         0.000


           PSI
              CANF6M        ALCF6M
              ________      ________
 CANF6M        21.209
 ALCF6M         0.000         7.144


     STARTING VALUES FOR BETWEEN


           NU
              CANF6MBW      ALCF6MBW      WASDGT        DEMAGE        DEMMAL
              ________      ________      ________      ________      ________
 1              0.000         0.000         0.000         0.000         0.000


           NU
              CANF6M        ALCF6M
              ________      ________
 1              0.000         0.000


           LAMBDA
              CANF6MBW      ALCF6MBW      WASDGT        DEMAGE        DEMMAL
              ________      ________      ________      ________      ________
 CANF6MBW       1.000         0.000         0.000         0.000         0.000
 ALCF6MBW       0.000         1.000         0.000         0.000         0.000
 WASDGT         0.000         0.000         1.000         0.000         0.000
 DEMAGE         0.000         0.000         0.000         1.000         0.000
 DEMMAL         0.000         0.000         0.000         0.000         1.000
 CANF6M         0.000         0.000         0.000         0.000         0.000
 ALCF6M         0.000         0.000         0.000         0.000         0.000


           LAMBDA
              CANF6M        ALCF6M
              ________      ________
 CANF6MBW       0.000         0.000
 ALCF6MBW       0.000         0.000
 WASDGT         0.000         0.000
 DEMAGE         0.000         0.000
 DEMMAL         0.000         0.000
 CANF6M         1.000         0.000
 ALCF6M         0.000         1.000


           THETA
              CANF6MBW      ALCF6MBW      WASDGT        DEMAGE        DEMMAL
              ________      ________      ________      ________      ________
 CANF6MBW       0.000
 ALCF6MBW       0.000         0.000
 WASDGT         0.000         0.000         0.000
 DEMAGE         0.000         0.000         0.000         0.000
 DEMMAL         0.000         0.000         0.000         0.000         0.000
 CANF6M         0.000         0.000         0.000         0.000         0.000
 ALCF6M         0.000         0.000         0.000         0.000         0.000


           THETA
              CANF6M        ALCF6M
              ________      ________
 CANF6M         0.000
 ALCF6M         0.000         0.000


           ALPHA
              CANF6MBW      ALCF6MBW      WASDGT        DEMAGE        DEMMAL
              ________      ________      ________      ________      ________
 1              0.000         0.000         9.354         0.000         0.000


           ALPHA
              CANF6M        ALCF6M
              ________      ________
 1              0.000         0.000


           BETA
              CANF6MBW      ALCF6MBW      WASDGT        DEMAGE        DEMMAL
              ________      ________      ________      ________      ________
 CANF6MBW       0.000         0.000         0.000         0.000         0.000
 ALCF6MBW       0.000         0.000         0.000         0.000         0.000
 WASDGT         0.000         0.000         0.000         0.000         0.000
 DEMAGE         0.000         0.000         0.000         0.000         0.000
 DEMMAL         0.000         0.000         0.000         0.000         0.000
 CANF6M         0.000         0.000         0.000         0.000         0.000
 ALCF6M         0.000         0.000         0.000         0.000         0.000


           BETA
              CANF6M        ALCF6M
              ________      ________
 CANF6MBW       0.000         0.000
 ALCF6MBW       0.000         0.000
 WASDGT         0.000         0.000
 DEMAGE         0.000         0.000
 DEMMAL         0.000         0.000
 CANF6M         0.000         0.000
 ALCF6M         0.000         0.000


           PSI
              CANF6MBW      ALCF6MBW      WASDGT        DEMAGE        DEMMAL
              ________      ________      ________      ________      ________
 CANF6MBW      35.756
 ALCF6MBW       0.000         8.009
 WASDGT         0.000         0.000         3.181
 DEMAGE         0.000         0.000         0.000         0.000
 DEMMAL         0.000         0.000         0.000         0.000         0.000
 CANF6M         0.000         0.000         0.000         0.000         0.000
 ALCF6M         0.000         0.000         0.000         0.000         0.000


           PSI
              CANF6M        ALCF6M
              ________      ________
 CANF6M         0.000
 ALCF6M         0.000         0.000


     Beginning Time:  16:00:55
        Ending Time:  16:00:55
       Elapsed Time:  00:00:00



MUTHEN & MUTHEN
3463 Stoner Ave.
Los Angeles, CA  90066

Tel: (310) 391-9971
Fax: (310) 391-8971
Web: www.StatModel.com
Support: Support@StatModel.com

Copyright (c) 1998-2015 Muthen & Muthen
