Mplus VERSION 7.4 (Mac)
MUTHEN & MUTHEN
05/06/2020   4:00 PM

INPUT INSTRUCTIONS


  TITLE: CANF6M_WASDGT_2;

  DATA:
  	FILE = GD190618rr.csv;

  VARIABLE:
  	NAMES =
  			ID_Fam   Wave     ID_MPL
  			DEMMAL   DEMAGE   DEMHSP   DEMRAC
  			SRPWCR
  			WASVCB   WASBLK   WASDGT   WSISUM
  			TRLATS   TRLBTS
  			CVLASF   CVLASC   CVLALF   CVLALC
  			CVLCOM
  			CANEVR   CANONS   CANFLF
  			CANFTY   CANF6M   CANAC6
  			CANYRS
  			ALCEVR   ALCONS   ALCFLF
  			ALCFTY   ALCF6M   ALCAC6
  			ALCYRS
  			SRPWCRDt WASVCBDt WASBLKDt
  			WASDGTDt WSISUMDt TRLATSDt
  			TRLBTSDt CVLASFDt CVLASCDt
  			CVLALFDt CVLALCDt CVLCOMDt
  		;
  	USEVARIABLES =
  		! outcome
  	  		WASDGT
    		! covariates
  	  		DEMAGE
    			DEMMAL  		
    		! within predictor
    			CANF6M
    			ALCF6M
    		! between predictor
    			CANF6MBW
    			ALCF6MBW
    			;
    	USEOBSERVATION =
    			(Wave EQ 2 AND WASDGTDt EQ 1)
    		;
    	CLUSTER =
    			ID_Fam
    		;
    	MISSING = .;
    	BETWEEN =   		
    			CANF6MBW
    			ALCF6MBW
    		;
    	WITHIN  		
    			CANF6M
    			ALCF6M
    			DEMAGE
    			DEMMAL
    		;  		

  DEFINE:
  	! CREATE BW FAM PREDICTOR
  		CANF6MBW = cluster_mean (CANF6M);	
  		ALCF6MBW = cluster_mean (ALCF6M);	
  	! CENTER WI FAM VARIABLES
  		CENTER CANF6M (GROUPMEAN);
  		CENTER ALCF6M (GROUPMEAN);
  		CENTER DEMMAL (GRANDMEAN);
  		CENTER DEMAGE (GRANDMEAN);		
  	! CENTER BW FAM VARIABLES
  		CENTER CANF6MBW (GRANDMEAN);
  		CENTER ALCF6MBW (GRANDMEAN);

  ANALYSIS:
          ITERATIONS = 1000000;
          TYPE = TWOLEVEL RANDOM;
          ALGORITHM = INTEGRATION;

  OUTPUT:
  	SAMPSTAT STDYX TECH1 CINT;

  MODEL:
  %WITHIN%
  	WASDGT on CANF6M;
  	WASDGT on  DEMMAL DEMAGE ALCF6M;	
  	WASDGT*;
  	CANF6M*;

  	CANF6M WITH DEMMAL*;
  	CANF6M WITH DEMAGE*;
  	ALCF6M WITH DEMMAL*;
  	ALCF6M WITH DEMAGE*;
  	CANF6M WITH ALCF6M*;

  %BETWEEN%
  	WASDGT on CANF6MBW ALCF6MBW;
  	WASDGT*;
  	CANF6MBW*;
  	CANF6MBW WITH ALCF6MBW*;



INPUT READING TERMINATED NORMALLY



CANF6M_WASDGT_2;

SUMMARY OF ANALYSIS

Number of groups                                                 1
Number of observations                                         416

Number of dependent variables                                    1
Number of independent variables                                  6
Number of continuous latent variables                            0

Observed dependent variables

  Continuous
   WASDGT

Observed independent variables
   DEMAGE      DEMMAL      CANF6M      ALCF6M      CANF6MBW    ALCF6MBW

Variables with special functions

  Cluster variable      ID_FAM

  Within variables
   DEMAGE      DEMMAL      CANF6M      ALCF6M

  Between variables
   CANF6MBW    ALCF6MBW

  Centering (GRANDMEAN)
   DEMMAL      DEMAGE      CANF6MBW    ALCF6MBW

  Centering (GROUPMEAN)
   CANF6M      ALCF6M


Estimator                                                      MLR
Information matrix                                        OBSERVED
Optimization Specifications for the Quasi-Newton Algorithm for
Continuous Outcomes
  Maximum number of iterations                             1000000
  Convergence criterion                                  0.100D-05
Optimization Specifications for the EM Algorithm
  Maximum number of iterations                                 500
  Convergence criteria
    Loglikelihood change                                 0.100D-02
    Relative loglikelihood change                        0.100D-05
    Derivative                                           0.100D-02
Optimization Specifications for the M step of the EM Algorithm for
Categorical Latent variables
  Number of M step iterations                                    1
  M step convergence criterion                           0.100D-02
  Basis for M step termination                           ITERATION
Optimization Specifications for the M step of the EM Algorithm for
Censored, Binary or Ordered Categorical (Ordinal), Unordered
Categorical (Nominal) and Count Outcomes
  Number of M step iterations                                    1
  M step convergence criterion                           0.100D-02
  Basis for M step termination                           ITERATION
  Maximum value for logit thresholds                            15
  Minimum value for logit thresholds                           -15
  Minimum expected cell size for chi-square              0.100D-01
Maximum number of iterations for H1                           2000
Convergence criterion for H1                             0.100D-03
Optimization algorithm                                         EMA
Integration Specifications
  Type                                                    STANDARD
  Number of integration points                                  15
  Dimensions of numerical integration                            0
  Adaptive quadrature                                           ON
Cholesky                                                       OFF

Input data file(s)
  GD190618rr.csv
Input data format  FREE


SUMMARY OF DATA

     Number of missing data patterns             3
     Number of clusters                        224



COVARIANCE COVERAGE OF DATA

Minimum covariance coverage value   0.100


     PROPORTION OF DATA PRESENT FOR Y


           Covariance Coverage
              CANF6MBW      ALCF6MBW      WASDGT        DEMAGE        DEMMAL
              ________      ________      ________      ________      ________
 CANF6MBW       1.000
 ALCF6MBW       1.000         1.000
 WASDGT         0.841         0.841         0.841
 DEMAGE         0.998         0.998         0.841         0.998
 DEMMAL         0.998         0.998         0.841         0.998         0.998
 CANF6M         1.000         1.000         0.841         0.998         0.998
 ALCF6M         1.000         1.000         0.841         0.998         0.998


           Covariance Coverage
              CANF6M        ALCF6M
              ________      ________
 CANF6M         1.000
 ALCF6M         1.000         1.000


SAMPLE STATISTICS


     ESTIMATED SAMPLE STATISTICS


           Means
              CANF6MBW      ALCF6MBW      WASDGT        DEMAGE        DEMMAL
              ________      ________      ________      ________      ________
 1              0.000         0.000        10.183         0.001         0.000


           Means
              CANF6M        ALCF6M
              ________      ________
 1              0.000         0.000


           Covariances
              CANF6MBW      ALCF6MBW      WASDGT        DEMAGE        DEMMAL
              ________      ________      ________      ________      ________
 CANF6MBW      87.177
 ALCF6MBW      16.923        42.799
 WASDGT         3.604         0.071         7.474
 DEMAGE        -1.055         1.119         0.396         6.768
 DEMMAL         0.898         0.321         0.140        -0.145         0.248
 CANF6M         0.000         0.000        -0.224        -1.160         0.425
 ALCF6M         0.000         0.000         0.782        -0.826         0.388


           Covariances
              CANF6M        ALCF6M
              ________      ________
 CANF6M        49.492
 ALCF6M         5.315        25.490


           Correlations
              CANF6MBW      ALCF6MBW      WASDGT        DEMAGE        DEMMAL
              ________      ________      ________      ________      ________
 CANF6MBW       1.000
 ALCF6MBW       0.277         1.000
 WASDGT         0.141         0.004         1.000
 DEMAGE        -0.043         0.066         0.056         1.000
 DEMMAL         0.193         0.098         0.103        -0.112         1.000
 CANF6M         0.000         0.000        -0.012        -0.063         0.121
 ALCF6M         0.000         0.000         0.057        -0.063         0.155


           Correlations
              CANF6M        ALCF6M
              ________      ________
 CANF6M         1.000
 ALCF6M         0.150         1.000


     MAXIMUM LOG-LIKELIHOOD VALUE FOR THE UNRESTRICTED (H1) MODEL IS -7641.647


UNIVARIATE SAMPLE STATISTICS


     UNIVARIATE HIGHER-ORDER MOMENT DESCRIPTIVE STATISTICS

         Variable/         Mean/     Skewness/   Minimum/ % with                Percentiles
        Sample Size      Variance    Kurtosis    Maximum  Min/Max      20%/60%    40%/80%    Median

     CANF6MBW              0.258       1.010      -7.797   26.79%      -7.797     -7.212     -5.669
             224.000      95.321      -0.181      22.203    7.14%       0.533      7.203
     ALCF6MBW              0.162       1.287      -7.301    2.68%      -5.636     -3.551     -2.301
             224.000      48.813       1.253      22.699    1.79%      -0.301      5.752
     WASDGT               10.174       0.517       3.000    0.29%       8.000      9.000     10.000
             350.000       7.481       0.297      19.000    0.57%      10.000     12.000
     DEMAGE                0.000       0.455      -5.405    0.24%      -2.335     -0.895     -0.185
             415.000       6.768      -0.113       7.625    0.24%       0.385      2.165
     DEMMAL                0.000      -0.199      -0.549   45.06%      -0.549     -0.549      0.451
             415.000       0.248      -1.961       0.451   54.94%       0.451      0.451
     CANF6M                0.000       0.171     -15.000    3.37%      -2.085      0.000      0.000
             416.000      49.492       1.012      20.000    0.48%       0.000      1.665
     ALCF6M                0.000       0.068     -14.835    0.48%      -3.335     -0.250      0.000
             416.000      25.490       1.266      14.835    0.48%       0.165      3.080

     THE STANDARD ERRORS OF THE MODEL PARAMETER ESTIMATES MAY NOT BE
     TRUSTWORTHY FOR SOME PARAMETERS DUE TO A NON-POSITIVE DEFINITE
     FIRST-ORDER DERIVATIVE PRODUCT MATRIX.  THIS MAY BE DUE TO THE STARTING
     VALUES BUT MAY ALSO BE AN INDICATION OF MODEL NONIDENTIFICATION.  THE
     CONDITION NUMBER IS      -0.331D-16.  PROBLEM INVOLVING THE FOLLOWING PARAMETER:
     Parameter 3, %WITHIN%: [ CANF6M ]


THE MODEL ESTIMATION TERMINATED NORMALLY



MODEL FIT INFORMATION

Number of Free Parameters                       27

Loglikelihood

          H0 Value                       -6336.453
          H0 Scaling Correction Factor      1.0776
            for MLR

Information Criteria

          Akaike (AIC)                   12726.905
          Bayesian (BIC)                 12835.734
          Sample-Size Adjusted BIC       12750.056
            (n* = (n + 2) / 24)



MODEL RESULTS

                                                    Two-Tailed
                    Estimate       S.E.  Est./S.E.    P-Value

Within Level

 WASDGT     ON
    CANF6M            -0.013      0.017     -0.747      0.455
    DEMMAL             0.237      0.294      0.808      0.419
    DEMAGE             0.058      0.042      1.366      0.172
    ALCF6M             0.029      0.021      1.400      0.162

 CANF6M   WITH
    DEMMAL             0.406      0.152      2.673      0.008
    DEMAGE            -0.916      0.822     -1.115      0.265
    ALCF6M             5.264      2.826      1.863      0.063

 ALCF6M   WITH
    DEMMAL             0.375      0.115      3.255      0.001
    DEMAGE            -0.610      0.497     -1.227      0.220

 Means
    DEMAGE             0.000      0.138      0.001      0.999
    DEMMAL             0.000      0.027      0.000      1.000
    CANF6M             0.000      0.000    999.000    999.000
    ALCF6M             0.000      0.000      0.000      1.000

 Variances
    DEMAGE             6.768      0.447     15.127      0.000
    DEMMAL             0.248      0.003     94.341      0.000
    CANF6M            49.428      5.800      8.522      0.000
    ALCF6M            25.451      3.108      8.188      0.000

 Residual Variances
    WASDGT             4.024      0.428      9.397      0.000

Between Level

 WASDGT     ON
    CANF6MBW           0.041      0.020      2.086      0.037
    ALCF6MBW          -0.010      0.029     -0.327      0.743

 CANF6MBW WITH
    ALCF6MBW          20.002      5.413      3.695      0.000

 Means
    CANF6MBW           0.258      0.652      0.395      0.693
    ALCF6MBW           0.162      0.467      0.348      0.728

 Intercepts
    WASDGT            10.203      0.171     59.649      0.000

 Variances
    CANF6MBW          95.321      8.590     11.096      0.000
    ALCF6MBW          48.813      5.883      8.298      0.000

 Residual Variances
    WASDGT             3.284      0.665      4.942      0.000


STANDARDIZED MODEL RESULTS


STDYX Standardization

                                                    Two-Tailed
                    Estimate       S.E.  Est./S.E.    P-Value

Within Level

 WASDGT     ON
    CANF6M            -0.045      0.060     -0.745      0.456
    DEMMAL             0.058      0.072      0.816      0.414
    DEMAGE             0.074      0.053      1.388      0.165
    ALCF6M             0.073      0.053      1.368      0.171

 CANF6M   WITH
    DEMMAL             0.116      0.041      2.801      0.005
    DEMAGE            -0.050      0.045     -1.120      0.263
    ALCF6M             0.148      0.075      1.969      0.049

 ALCF6M   WITH
    DEMMAL             0.149      0.043      3.484      0.000
    DEMAGE            -0.046      0.037     -1.269      0.205

 Means
    DEMAGE             0.000      0.053      0.001      0.999
    DEMMAL             0.000      0.053      0.000      1.000
    CANF6M             0.000      0.000    999.000    999.000
    ALCF6M             0.000      0.000    999.000    999.000

 Variances
    DEMAGE             1.000      0.000    999.000    999.000
    DEMMAL             1.000      0.000    999.000    999.000
    CANF6M             1.000      0.000    999.000    999.000
    ALCF6M             1.000      0.000    999.000    999.000

 Residual Variances
    WASDGT             0.984      0.014     67.976      0.000

Between Level

 WASDGT     ON
    CANF6MBW           0.214      0.100      2.147      0.032
    ALCF6MBW          -0.036      0.112     -0.326      0.744

 CANF6MBW WITH
    ALCF6MBW           0.293      0.068      4.316      0.000

 Means
    CANF6MBW           0.026      0.066      0.401      0.689
    ALCF6MBW           0.023      0.066      0.353      0.724

 Intercepts
    WASDGT             5.508      0.530     10.384      0.000

 Variances
    CANF6MBW           1.000      0.000    999.000    999.000
    ALCF6MBW           1.000      0.000    999.000    999.000

 Residual Variances
    WASDGT             0.957      0.039     24.609      0.000


R-SQUARE

Within Level

    Observed                                        Two-Tailed
    Variable        Estimate       S.E.  Est./S.E.    P-Value

    WASDGT             0.016      0.014      1.090      0.276

Between Level

    Observed                                        Two-Tailed
    Variable        Estimate       S.E.  Est./S.E.    P-Value

    WASDGT             0.043      0.039      1.099      0.272


QUALITY OF NUMERICAL RESULTS

     Condition Number for the Information Matrix             -0.331E-16
       (ratio of smallest to largest eigenvalue)


CONFIDENCE INTERVALS OF MODEL RESULTS

                  Lower .5%  Lower 2.5%    Lower 5%    Estimate    Upper 5%  Upper 2.5%   Upper .5%

Within Level

 WASDGT   ON
    CANF6M          -0.058      -0.047      -0.041      -0.013       0.016       0.021       0.032
    DEMMAL          -0.519      -0.338      -0.246       0.237       0.720       0.813       0.994
    DEMAGE          -0.051      -0.025      -0.012       0.058       0.127       0.140       0.166
    ALCF6M          -0.025      -0.012      -0.005       0.029       0.064       0.070       0.083

 CANF6M   WITH
    DEMMAL           0.015       0.108       0.156       0.406       0.656       0.703       0.797
    DEMAGE          -3.034      -2.527      -2.268      -0.916       0.436       0.695       1.201
    ALCF6M          -2.015      -0.275       0.615       5.264       9.912      10.802      12.542

 ALCF6M   WITH
    DEMMAL           0.078       0.149       0.186       0.375       0.565       0.601       0.672
    DEMAGE          -1.890      -1.584      -1.427      -0.610       0.208       0.364       0.670

 Means
    DEMAGE          -0.356      -0.271      -0.228       0.000       0.228       0.271       0.357
    DEMMAL          -0.068      -0.052      -0.044       0.000       0.044       0.052       0.068
    CANF6M           0.000       0.000       0.000       0.000       0.000       0.000       0.000
    ALCF6M           0.000       0.000       0.000       0.000       0.000       0.000       0.000

 Variances
    DEMAGE           5.615       5.891       6.032       6.768       7.504       7.645       7.920
    DEMMAL           0.241       0.242       0.243       0.248       0.252       0.253       0.254
    CANF6M          34.488      38.060      39.887      49.428      58.969      60.796      64.368
    ALCF6M          17.444      19.358      20.337      25.451      30.564      31.543      33.457

 Residual Variances
    WASDGT           2.921       3.184       3.319       4.024       4.728       4.863       5.126

Between Level

 WASDGT   ON
    CANF6MBW        -0.010       0.002       0.009       0.041       0.073       0.079       0.091
    ALCF6MBW        -0.086      -0.067      -0.058      -0.010       0.039       0.048       0.066

 CANF6MBW WITH
    ALCF6MBW         6.059       9.393      11.098      20.002      28.907      30.612      33.945

 Means
    CANF6MBW        -1.422      -1.021      -0.815       0.258       1.331       1.536       1.938
    ALCF6MBW        -1.040      -0.753      -0.606       0.162       0.930       1.077       1.365

 Intercepts
    WASDGT           9.762       9.867       9.921      10.203      10.484      10.538      10.643

 Variances
    CANF6MBW        73.194      78.484      81.190      95.321     109.452     112.158     117.447
    ALCF6MBW        33.660      37.283      39.136      48.813      58.490      60.343      63.965

 Residual Variances
    WASDGT           1.573       1.982       2.191       3.284       4.378       4.587       4.996


CONFIDENCE INTERVALS OF STANDARDIZED MODEL RESULTS


STDYX Standardization

                  Lower .5%  Lower 2.5%    Lower 5%    Estimate    Upper 5%  Upper 2.5%   Upper .5%

Within Level

 WASDGT   ON
    CANF6M          -0.201      -0.163      -0.144      -0.045       0.054       0.073       0.111
    DEMMAL          -0.126      -0.082      -0.059       0.058       0.176       0.199       0.243
    DEMAGE          -0.063      -0.030      -0.014       0.074       0.162       0.179       0.211
    ALCF6M          -0.065      -0.032      -0.015       0.073       0.161       0.178       0.211

 CANF6M   WITH
    DEMMAL           0.009       0.035       0.048       0.116       0.184       0.197       0.223
    DEMAGE          -0.165      -0.138      -0.124      -0.050       0.024       0.038       0.065
    ALCF6M          -0.046       0.001       0.024       0.148       0.272       0.296       0.343

 ALCF6M   WITH
    DEMMAL           0.039       0.065       0.079       0.149       0.220       0.233       0.260
    DEMAGE          -0.141      -0.118      -0.107      -0.046       0.014       0.025       0.048

 Means
    DEMAGE          -0.137      -0.104      -0.087       0.000       0.088       0.104       0.137
    DEMMAL          -0.137      -0.105      -0.088       0.000       0.088       0.105       0.137
    CANF6M           0.000       0.000       0.000       0.000       0.000       0.000       0.000
    ALCF6M           0.000       0.000       0.000       0.000       0.000       0.000       0.000

 Variances
    DEMAGE           1.000       1.000       1.000       1.000       1.000       1.000       1.000
    DEMMAL           1.000       1.000       1.000       1.000       1.000       1.000       1.000
    CANF6M           1.000       1.000       1.000       1.000       1.000       1.000       1.000
    ALCF6M           1.000       1.000       1.000       1.000       1.000       1.000       1.000

 Residual Variances
    WASDGT           0.947       0.956       0.960       0.984       1.008       1.013       1.022

Between Level

 WASDGT   ON
    CANF6MBW        -0.043       0.019       0.050       0.214       0.379       0.410       0.472
    ALCF6MBW        -0.324      -0.255      -0.220      -0.036       0.147       0.182       0.251

 CANF6MBW WITH
    ALCF6MBW         0.118       0.160       0.181       0.293       0.405       0.426       0.468

 Means
    CANF6MBW        -0.143      -0.103      -0.082       0.026       0.135       0.156       0.196
    ALCF6MBW        -0.146      -0.106      -0.085       0.023       0.132       0.152       0.193

 Intercepts
    WASDGT           4.142       4.468       4.635       5.508       6.381       6.548       6.874

 Variances
    CANF6MBW         1.000       1.000       1.000       1.000       1.000       1.000       1.000
    ALCF6MBW         1.000       1.000       1.000       1.000       1.000       1.000       1.000

 Residual Variances
    WASDGT           0.857       0.881       0.893       0.957       1.021       1.034       1.057


TECHNICAL 1 OUTPUT


     PARAMETER SPECIFICATION FOR WITHIN


           NU
              CANF6MBW      ALCF6MBW      WASDGT        DEMAGE        DEMMAL
              ________      ________      ________      ________      ________
 1                  0             0             0             0             0


           NU
              CANF6M        ALCF6M
              ________      ________
 1                  0             0


           LAMBDA
              CANF6MBW      ALCF6MBW      WASDGT        DEMAGE        DEMMAL
              ________      ________      ________      ________      ________
 CANF6MBW           0             0             0             0             0
 ALCF6MBW           0             0             0             0             0
 WASDGT             0             0             0             0             0
 DEMAGE             0             0             0             0             0
 DEMMAL             0             0             0             0             0
 CANF6M             0             0             0             0             0
 ALCF6M             0             0             0             0             0


           LAMBDA
              CANF6M        ALCF6M
              ________      ________
 CANF6MBW           0             0
 ALCF6MBW           0             0
 WASDGT             0             0
 DEMAGE             0             0
 DEMMAL             0             0
 CANF6M             0             0
 ALCF6M             0             0


           THETA
              CANF6MBW      ALCF6MBW      WASDGT        DEMAGE        DEMMAL
              ________      ________      ________      ________      ________
 CANF6MBW           0
 ALCF6MBW           0             0
 WASDGT             0             0             0
 DEMAGE             0             0             0             0
 DEMMAL             0             0             0             0             0
 CANF6M             0             0             0             0             0
 ALCF6M             0             0             0             0             0


           THETA
              CANF6M        ALCF6M
              ________      ________
 CANF6M             0
 ALCF6M             0             0


           ALPHA
              CANF6MBW      ALCF6MBW      WASDGT        DEMAGE        DEMMAL
              ________      ________      ________      ________      ________
 1                  0             0             0             1             2


           ALPHA
              CANF6M        ALCF6M
              ________      ________
 1                  3             4


           BETA
              CANF6MBW      ALCF6MBW      WASDGT        DEMAGE        DEMMAL
              ________      ________      ________      ________      ________
 CANF6MBW           0             0             0             0             0
 ALCF6MBW           0             0             0             0             0
 WASDGT             0             0             0             5             6
 DEMAGE             0             0             0             0             0
 DEMMAL             0             0             0             0             0
 CANF6M             0             0             0             0             0
 ALCF6M             0             0             0             0             0


           BETA
              CANF6M        ALCF6M
              ________      ________
 CANF6MBW           0             0
 ALCF6MBW           0             0
 WASDGT             7             8
 DEMAGE             0             0
 DEMMAL             0             0
 CANF6M             0             0
 ALCF6M             0             0


           PSI
              CANF6MBW      ALCF6MBW      WASDGT        DEMAGE        DEMMAL
              ________      ________      ________      ________      ________
 CANF6MBW           0
 ALCF6MBW           0             0
 WASDGT             0             0             9
 DEMAGE             0             0             0            10
 DEMMAL             0             0             0             0            11
 CANF6M             0             0             0            12            13
 ALCF6M             0             0             0            15            16


           PSI
              CANF6M        ALCF6M
              ________      ________
 CANF6M            14
 ALCF6M            17            18


     PARAMETER SPECIFICATION FOR BETWEEN


           NU
              CANF6MBW      ALCF6MBW      WASDGT        DEMAGE        DEMMAL
              ________      ________      ________      ________      ________
 1                  0             0             0             0             0


           NU
              CANF6M        ALCF6M
              ________      ________
 1                  0             0


           LAMBDA
              CANF6MBW      ALCF6MBW      WASDGT        DEMAGE        DEMMAL
              ________      ________      ________      ________      ________
 CANF6MBW           0             0             0             0             0
 ALCF6MBW           0             0             0             0             0
 WASDGT             0             0             0             0             0
 DEMAGE             0             0             0             0             0
 DEMMAL             0             0             0             0             0
 CANF6M             0             0             0             0             0
 ALCF6M             0             0             0             0             0


           LAMBDA
              CANF6M        ALCF6M
              ________      ________
 CANF6MBW           0             0
 ALCF6MBW           0             0
 WASDGT             0             0
 DEMAGE             0             0
 DEMMAL             0             0
 CANF6M             0             0
 ALCF6M             0             0


           THETA
              CANF6MBW      ALCF6MBW      WASDGT        DEMAGE        DEMMAL
              ________      ________      ________      ________      ________
 CANF6MBW           0
 ALCF6MBW           0             0
 WASDGT             0             0             0
 DEMAGE             0             0             0             0
 DEMMAL             0             0             0             0             0
 CANF6M             0             0             0             0             0
 ALCF6M             0             0             0             0             0


           THETA
              CANF6M        ALCF6M
              ________      ________
 CANF6M             0
 ALCF6M             0             0


           ALPHA
              CANF6MBW      ALCF6MBW      WASDGT        DEMAGE        DEMMAL
              ________      ________      ________      ________      ________
 1                 19            20            21             0             0


           ALPHA
              CANF6M        ALCF6M
              ________      ________
 1                  0             0


           BETA
              CANF6MBW      ALCF6MBW      WASDGT        DEMAGE        DEMMAL
              ________      ________      ________      ________      ________
 CANF6MBW           0             0             0             0             0
 ALCF6MBW           0             0             0             0             0
 WASDGT            22            23             0             0             0
 DEMAGE             0             0             0             0             0
 DEMMAL             0             0             0             0             0
 CANF6M             0             0             0             0             0
 ALCF6M             0             0             0             0             0


           BETA
              CANF6M        ALCF6M
              ________      ________
 CANF6MBW           0             0
 ALCF6MBW           0             0
 WASDGT             0             0
 DEMAGE             0             0
 DEMMAL             0             0
 CANF6M             0             0
 ALCF6M             0             0


           PSI
              CANF6MBW      ALCF6MBW      WASDGT        DEMAGE        DEMMAL
              ________      ________      ________      ________      ________
 CANF6MBW          24
 ALCF6MBW          25            26
 WASDGT             0             0            27
 DEMAGE             0             0             0             0
 DEMMAL             0             0             0             0             0
 CANF6M             0             0             0             0             0
 ALCF6M             0             0             0             0             0


           PSI
              CANF6M        ALCF6M
              ________      ________
 CANF6M             0
 ALCF6M             0             0


     STARTING VALUES FOR WITHIN


           NU
              CANF6MBW      ALCF6MBW      WASDGT        DEMAGE        DEMMAL
              ________      ________      ________      ________      ________
 1              0.000         0.000         0.000         0.000         0.000


           NU
              CANF6M        ALCF6M
              ________      ________
 1              0.000         0.000


           LAMBDA
              CANF6MBW      ALCF6MBW      WASDGT        DEMAGE        DEMMAL
              ________      ________      ________      ________      ________
 CANF6MBW       1.000         0.000         0.000         0.000         0.000
 ALCF6MBW       0.000         1.000         0.000         0.000         0.000
 WASDGT         0.000         0.000         1.000         0.000         0.000
 DEMAGE         0.000         0.000         0.000         1.000         0.000
 DEMMAL         0.000         0.000         0.000         0.000         1.000
 CANF6M         0.000         0.000         0.000         0.000         0.000
 ALCF6M         0.000         0.000         0.000         0.000         0.000


           LAMBDA
              CANF6M        ALCF6M
              ________      ________
 CANF6MBW       0.000         0.000
 ALCF6MBW       0.000         0.000
 WASDGT         0.000         0.000
 DEMAGE         0.000         0.000
 DEMMAL         0.000         0.000
 CANF6M         1.000         0.000
 ALCF6M         0.000         1.000


           THETA
              CANF6MBW      ALCF6MBW      WASDGT        DEMAGE        DEMMAL
              ________      ________      ________      ________      ________
 CANF6MBW       0.000
 ALCF6MBW       0.000         0.000
 WASDGT         0.000         0.000         0.000
 DEMAGE         0.000         0.000         0.000         0.000
 DEMMAL         0.000         0.000         0.000         0.000         0.000
 CANF6M         0.000         0.000         0.000         0.000         0.000
 ALCF6M         0.000         0.000         0.000         0.000         0.000


           THETA
              CANF6M        ALCF6M
              ________      ________
 CANF6M         0.000
 ALCF6M         0.000         0.000


           ALPHA
              CANF6MBW      ALCF6MBW      WASDGT        DEMAGE        DEMMAL
              ________      ________      ________      ________      ________
 1              0.000         0.000         0.000         0.000         0.000


           ALPHA
              CANF6M        ALCF6M
              ________      ________
 1              0.000         0.000


           BETA
              CANF6MBW      ALCF6MBW      WASDGT        DEMAGE        DEMMAL
              ________      ________      ________      ________      ________
 CANF6MBW       0.000         0.000         0.000         0.000         0.000
 ALCF6MBW       0.000         0.000         0.000         0.000         0.000
 WASDGT         0.000         0.000         0.000         0.000         0.000
 DEMAGE         0.000         0.000         0.000         0.000         0.000
 DEMMAL         0.000         0.000         0.000         0.000         0.000
 CANF6M         0.000         0.000         0.000         0.000         0.000
 ALCF6M         0.000         0.000         0.000         0.000         0.000


           BETA
              CANF6M        ALCF6M
              ________      ________
 CANF6MBW       0.000         0.000
 ALCF6MBW       0.000         0.000
 WASDGT         0.000         0.000
 DEMAGE         0.000         0.000
 DEMMAL         0.000         0.000
 CANF6M         0.000         0.000
 ALCF6M         0.000         0.000


           PSI
              CANF6MBW      ALCF6MBW      WASDGT        DEMAGE        DEMMAL
              ________      ________      ________      ________      ________
 CANF6MBW       0.000
 ALCF6MBW       0.000         0.000
 WASDGT         0.000         0.000         3.741
 DEMAGE         0.000         0.000         0.000         3.384
 DEMMAL         0.000         0.000         0.000         0.000         0.124
 CANF6M         0.000         0.000         0.000         0.000         0.000
 ALCF6M         0.000         0.000         0.000         0.000         0.000


           PSI
              CANF6M        ALCF6M
              ________      ________
 CANF6M        24.746
 ALCF6M         0.000        12.745


     STARTING VALUES FOR BETWEEN


           NU
              CANF6MBW      ALCF6MBW      WASDGT        DEMAGE        DEMMAL
              ________      ________      ________      ________      ________
 1              0.000         0.000         0.000         0.000         0.000


           NU
              CANF6M        ALCF6M
              ________      ________
 1              0.000         0.000


           LAMBDA
              CANF6MBW      ALCF6MBW      WASDGT        DEMAGE        DEMMAL
              ________      ________      ________      ________      ________
 CANF6MBW       1.000         0.000         0.000         0.000         0.000
 ALCF6MBW       0.000         1.000         0.000         0.000         0.000
 WASDGT         0.000         0.000         1.000         0.000         0.000
 DEMAGE         0.000         0.000         0.000         1.000         0.000
 DEMMAL         0.000         0.000         0.000         0.000         1.000
 CANF6M         0.000         0.000         0.000         0.000         0.000
 ALCF6M         0.000         0.000         0.000         0.000         0.000


           LAMBDA
              CANF6M        ALCF6M
              ________      ________
 CANF6MBW       0.000         0.000
 ALCF6MBW       0.000         0.000
 WASDGT         0.000         0.000
 DEMAGE         0.000         0.000
 DEMMAL         0.000         0.000
 CANF6M         1.000         0.000
 ALCF6M         0.000         1.000


           THETA
              CANF6MBW      ALCF6MBW      WASDGT        DEMAGE        DEMMAL
              ________      ________      ________      ________      ________
 CANF6MBW       0.000
 ALCF6MBW       0.000         0.000
 WASDGT         0.000         0.000         0.000
 DEMAGE         0.000         0.000         0.000         0.000
 DEMMAL         0.000         0.000         0.000         0.000         0.000
 CANF6M         0.000         0.000         0.000         0.000         0.000
 ALCF6M         0.000         0.000         0.000         0.000         0.000


           THETA
              CANF6M        ALCF6M
              ________      ________
 CANF6M         0.000
 ALCF6M         0.000         0.000


           ALPHA
              CANF6MBW      ALCF6MBW      WASDGT        DEMAGE        DEMMAL
              ________      ________      ________      ________      ________
 1              0.000         0.000        10.174         0.000         0.000


           ALPHA
              CANF6M        ALCF6M
              ________      ________
 1              0.000         0.000


           BETA
              CANF6MBW      ALCF6MBW      WASDGT        DEMAGE        DEMMAL
              ________      ________      ________      ________      ________
 CANF6MBW       0.000         0.000         0.000         0.000         0.000
 ALCF6MBW       0.000         0.000         0.000         0.000         0.000
 WASDGT         0.000         0.000         0.000         0.000         0.000
 DEMAGE         0.000         0.000         0.000         0.000         0.000
 DEMMAL         0.000         0.000         0.000         0.000         0.000
 CANF6M         0.000         0.000         0.000         0.000         0.000
 ALCF6M         0.000         0.000         0.000         0.000         0.000


           BETA
              CANF6M        ALCF6M
              ________      ________
 CANF6MBW       0.000         0.000
 ALCF6MBW       0.000         0.000
 WASDGT         0.000         0.000
 DEMAGE         0.000         0.000
 DEMMAL         0.000         0.000
 CANF6M         0.000         0.000
 ALCF6M         0.000         0.000


           PSI
              CANF6MBW      ALCF6MBW      WASDGT        DEMAGE        DEMMAL
              ________      ________      ________      ________      ________
 CANF6MBW      43.589
 ALCF6MBW       0.000        21.399
 WASDGT         0.000         0.000         3.741
 DEMAGE         0.000         0.000         0.000         0.000
 DEMMAL         0.000         0.000         0.000         0.000         0.000
 CANF6M         0.000         0.000         0.000         0.000         0.000
 ALCF6M         0.000         0.000         0.000         0.000         0.000


           PSI
              CANF6M        ALCF6M
              ________      ________
 CANF6M         0.000
 ALCF6M         0.000         0.000


     Beginning Time:  16:00:55
        Ending Time:  16:00:55
       Elapsed Time:  00:00:00



MUTHEN & MUTHEN
3463 Stoner Ave.
Los Angeles, CA  90066

Tel: (310) 391-9971
Fax: (310) 391-8971
Web: www.StatModel.com
Support: Support@StatModel.com

Copyright (c) 1998-2015 Muthen & Muthen
