Mplus VERSION 7.4 (Mac)
MUTHEN & MUTHEN
05/06/2020   4:00 PM

INPUT INSTRUCTIONS


  TITLE: CANFLF_CVLALF_1;

  DATA:
  	FILE = GD190618rr.csv;

  VARIABLE:
  	NAMES =
  			ID_Fam   Wave     ID_MPL
  			DEMMAL   DEMAGE   DEMHSP   DEMRAC
  			SRPWCR
  			WASVCB   WASBLK   WASDGT   WSISUM
  			TRLATS   TRLBTS
  			CVLASF   CVLASC   CVLALF   CVLALC
  			CVLCOM
  			CANEVR   CANONS   CANFLF
  			CANFTY   CANF6M   CANAC6
  			CANYRS
  			ALCEVR   ALCONS   ALCFLF
  			ALCFTY   ALCF6M   ALCAC6
  			ALCYRS
  			SRPWCRDt WASVCBDt WASBLKDt
  			WASDGTDt WSISUMDt TRLATSDt
  			TRLBTSDt CVLASFDt CVLASCDt
  			CVLALFDt CVLALCDt CVLCOMDt
  		;
  	USEVARIABLES =
  		! outcome
  	  		CVLALF
    		! covariates
  	  		DEMAGE
    			DEMMAL  		
    		! within predictor
    			CANFLF
    			ALCFLF
    		! between predictor
    			CANFLFBW
    			ALCFLFBW
    			;
    	USEOBSERVATION =
    			(Wave EQ 1 AND CVLALFDt EQ 1)
    		;
    	CLUSTER =
    			ID_Fam
    		;
    	MISSING = .;
    	BETWEEN =   		
    			CANFLFBW
    			ALCFLFBW
    		;
    	WITHIN  		
    			CANFLF
    			ALCFLF
    			DEMAGE
    			DEMMAL
    		;  		

  DEFINE:
  	! CREATE BW FAM PREDICTOR
  		CANFLFBW = cluster_mean (CANFLF);	
  		ALCFLFBW = cluster_mean (ALCFLF);	
  	! CENTER WI FAM VARIABLES
  		CENTER CANFLF (GROUPMEAN);
  		CENTER ALCFLF (GROUPMEAN);
  		CENTER DEMMAL (GRANDMEAN);
  		CENTER DEMAGE (GRANDMEAN);		
  	! CENTER BW FAM VARIABLES
  		CENTER CANFLFBW (GRANDMEAN);
  		CENTER ALCFLFBW (GRANDMEAN);

  ANALYSIS:
          ITERATIONS = 1000000;
          TYPE = TWOLEVEL RANDOM;
          ALGORITHM = INTEGRATION;

  OUTPUT:
  	SAMPSTAT STDYX TECH1 CINT;

  MODEL:
  %WITHIN%
  	CVLALF on CANFLF;
  	CVLALF on  DEMMAL DEMAGE ALCFLF;	
  	CVLALF*;
  	CANFLF*;

  	CANFLF WITH DEMMAL*;
  	CANFLF WITH DEMAGE*;
  	ALCFLF WITH DEMMAL*;
  	ALCFLF WITH DEMAGE*;
  	CANFLF WITH ALCFLF*;

  %BETWEEN%
  	CVLALF on CANFLFBW ALCFLFBW;
  	CVLALF*;
  	CANFLFBW*;
  	CANFLFBW WITH ALCFLFBW*;



*** WARNING
  Data set contains cases with missing on all variables except
  x-variables.  These cases were not included in the analysis.
  Number of cases with missing on all variables except x-variables:  1
   1 WARNING(S) FOUND IN THE INPUT INSTRUCTIONS



CANFLF_CVLALF_1;

SUMMARY OF ANALYSIS

Number of groups                                                 1
Number of observations                                         479

Number of dependent variables                                    1
Number of independent variables                                  6
Number of continuous latent variables                            0

Observed dependent variables

  Continuous
   CVLALF

Observed independent variables
   DEMAGE      DEMMAL      CANFLF      ALCFLF      CANFLFBW    ALCFLFBW

Variables with special functions

  Cluster variable      ID_FAM

  Within variables
   DEMAGE      DEMMAL      CANFLF      ALCFLF

  Between variables
   CANFLFBW    ALCFLFBW

  Centering (GRANDMEAN)
   DEMMAL      DEMAGE      CANFLFBW    ALCFLFBW

  Centering (GROUPMEAN)
   CANFLF      ALCFLF


Estimator                                                      MLR
Information matrix                                        OBSERVED
Optimization Specifications for the Quasi-Newton Algorithm for
Continuous Outcomes
  Maximum number of iterations                             1000000
  Convergence criterion                                  0.100D-05
Optimization Specifications for the EM Algorithm
  Maximum number of iterations                                 500
  Convergence criteria
    Loglikelihood change                                 0.100D-02
    Relative loglikelihood change                        0.100D-05
    Derivative                                           0.100D-02
Optimization Specifications for the M step of the EM Algorithm for
Categorical Latent variables
  Number of M step iterations                                    1
  M step convergence criterion                           0.100D-02
  Basis for M step termination                           ITERATION
Optimization Specifications for the M step of the EM Algorithm for
Censored, Binary or Ordered Categorical (Ordinal), Unordered
Categorical (Nominal) and Count Outcomes
  Number of M step iterations                                    1
  M step convergence criterion                           0.100D-02
  Basis for M step termination                           ITERATION
  Maximum value for logit thresholds                            15
  Minimum value for logit thresholds                           -15
  Minimum expected cell size for chi-square              0.100D-01
Maximum number of iterations for H1                           2000
Convergence criterion for H1                             0.100D-03
Optimization algorithm                                         EMA
Integration Specifications
  Type                                                    STANDARD
  Number of integration points                                  15
  Dimensions of numerical integration                            0
  Adaptive quadrature                                           ON
Cholesky                                                       OFF

Input data file(s)
  GD190618rr.csv
Input data format  FREE


SUMMARY OF DATA

     Number of missing data patterns             8
     Number of clusters                        244



COVARIANCE COVERAGE OF DATA

Minimum covariance coverage value   0.100


     PROPORTION OF DATA PRESENT FOR Y


           Covariance Coverage
              CANFLFBW      ALCFLFBW      CVLALF        DEMAGE        DEMMAL
              ________      ________      ________      ________      ________
 CANFLFBW       0.927
 ALCFLFBW       0.904         0.908
 CVLALF         0.927         0.908         1.000
 DEMAGE         0.925         0.906         0.998         0.998
 DEMMAL         0.927         0.908         1.000         0.998         1.000
 CANFLF         0.900         0.885         0.900         0.898         0.900
 ALCFLF         0.885         0.887         0.887         0.885         0.887


           Covariance Coverage
              CANFLF        ALCFLF
              ________      ________
 CANFLF         0.900
 ALCFLF         0.885         0.887


SAMPLE STATISTICS


     ESTIMATED SAMPLE STATISTICS


           Means
              CANFLFBW      ALCFLFBW      CVLALF        DEMAGE        DEMMAL
              ________      ________      ________      ________      ________
 1             -0.094        -0.388        -0.401         0.000         0.000


           Means
              CANFLF        ALCFLF
              ________      ________
 1              0.010         0.025


           Covariances
              CANFLFBW      ALCFLFBW      CVLALF        DEMAGE        DEMMAL
              ________      ________      ________      ________      ________
 CANFLFBW     428.279
 ALCFLFBW     185.056       354.243
 CVLALF        -2.672        -0.925         0.928
 DEMAGE         2.186         7.708        -0.082         4.399
 DEMMAL         1.662         0.714        -0.059        -0.113         0.247
 CANFLF        -1.214         0.435        -1.882        -8.583         1.319
 ALCFLF        -1.008        -0.262        -0.923        -2.879         0.848


           Covariances
              CANFLF        ALCFLF
              ________      ________
 CANFLF       277.317
 ALCFLF       112.825       212.676


           Correlations
              CANFLFBW      ALCFLFBW      CVLALF        DEMAGE        DEMMAL
              ________      ________      ________      ________      ________
 CANFLFBW       1.000
 ALCFLFBW       0.475         1.000
 CVLALF        -0.134        -0.051         1.000
 DEMAGE         0.050         0.195        -0.041         1.000
 DEMMAL         0.162         0.076        -0.124        -0.108         1.000
 CANFLF        -0.004         0.001        -0.117        -0.246         0.159
 ALCFLF        -0.003        -0.001        -0.066        -0.094         0.117


           Correlations
              CANFLF        ALCFLF
              ________      ________
 CANFLF         1.000
 ALCFLF         0.465         1.000


     MAXIMUM LOG-LIKELIHOOD VALUE FOR THE UNRESTRICTED (H1) MODEL IS -9319.224


UNIVARIATE SAMPLE STATISTICS


     UNIVARIATE HIGHER-ORDER MOMENT DESCRIPTIVE STATISTICS

         Variable/         Mean/     Skewness/   Minimum/ % with                Percentiles
        Sample Size      Variance    Kurtosis    Maximum  Min/Max      20%/60%    40%/80%    Median

     CANFLFBW              0.563      -0.504     -38.380    5.36%     -15.880     -6.380     -0.880
             224.000     423.632      -0.947      21.620   39.73%      11.620     21.620
     ALCFLFBW              0.099      -0.482     -39.744    1.37%     -17.244     -5.994      5.256
             219.000     356.082      -0.949      20.256   35.62%       5.256     20.256
     CVLALF               -0.401      -0.850      -4.500    0.63%      -1.000     -0.500      0.000
             479.000       0.928       1.543       1.500    2.30%       0.000      0.500
     DEMAGE                0.000       1.057      -3.621    0.21%      -1.741     -0.821     -0.426
             478.000       4.400       0.886       7.269    0.21%       0.059      1.339
     DEMMAL                0.000      -0.223      -0.555   44.47%      -0.555     -0.555      0.445
             479.000       0.247      -1.950       0.445   55.53%       0.445      0.445
     CANFLF                0.000      -0.021     -40.000    0.23%     -15.000      0.000      0.000
             431.000     278.701      -0.274      37.500    0.23%       0.000     15.000
     ALCFLF                0.000      -0.031     -37.333    0.24%     -15.000      0.000      0.000
             425.000     213.578       0.017      42.625    0.24%       0.000     15.000

     THE STANDARD ERRORS OF THE MODEL PARAMETER ESTIMATES MAY NOT BE
     TRUSTWORTHY FOR SOME PARAMETERS DUE TO A NON-POSITIVE DEFINITE
     FIRST-ORDER DERIVATIVE PRODUCT MATRIX.  THIS MAY BE DUE TO THE STARTING
     VALUES BUT MAY ALSO BE AN INDICATION OF MODEL NONIDENTIFICATION.  THE
     CONDITION NUMBER IS       0.336D-16.  PROBLEM INVOLVING THE FOLLOWING PARAMETER:
     Parameter 18, %WITHIN%: ALCFLF


THE MODEL ESTIMATION TERMINATED NORMALLY



MODEL FIT INFORMATION

Number of Free Parameters                       27

Loglikelihood

          H0 Value                       -7445.189
          H0 Scaling Correction Factor      1.0712
            for MLR

Information Criteria

          Akaike (AIC)                   14944.378
          Bayesian (BIC)                 15057.014
          Sample-Size Adjusted BIC       14971.319
            (n* = (n + 2) / 24)



MODEL RESULTS

                                                    Two-Tailed
                    Estimate       S.E.  Est./S.E.    P-Value

Within Level

 CVLALF     ON
    CANFLF            -0.007      0.003     -2.486      0.013
    DEMMAL            -0.161      0.090     -1.794      0.073
    DEMAGE            -0.031      0.020     -1.535      0.125
    ALCFLF            -0.001      0.003     -0.175      0.861

 CANFLF   WITH
    DEMMAL             1.117      0.370      3.021      0.003
    DEMAGE            -8.073      1.709     -4.723      0.000
    ALCFLF           111.869     17.597      6.357      0.000

 ALCFLF   WITH
    DEMMAL             0.782      0.350      2.235      0.025
    DEMAGE            -2.518      1.458     -1.727      0.084

 Means
    DEMAGE             0.000      0.094      0.000      1.000
    DEMMAL             0.000      0.025      0.000      1.000
    CANFLF             0.019      0.054      0.349      0.727
    ALCFLF             0.015      0.031      0.471      0.637

 Variances
    DEMAGE             4.399      0.325     13.538      0.000
    DEMMAL             0.247      0.003     87.841      0.000
    CANFLF           275.446     23.970     11.492      0.000
    ALCFLF           212.253     19.689     10.780      0.000

 Residual Variances
    CVLALF             0.713      0.087      8.214      0.000

Between Level

 CVLALF     ON
    CANFLFBW          -0.006      0.003     -1.983      0.047
    ALCFLFBW           0.002      0.004      0.476      0.634

 CANFLFBW WITH
    ALCFLFBW         182.804     27.947      6.541      0.000

 Means
    CANFLFBW           0.470      1.379      0.341      0.733
    ALCFLFBW          -0.343      1.289     -0.266      0.790

 Intercepts
    CVLALF            -0.404      0.047     -8.570      0.000

 Variances
    CANFLFBW         426.148     29.408     14.491      0.000
    ALCFLFBW         361.394     25.247     14.315      0.000

 Residual Variances
    CVLALF             0.177      0.094      1.881      0.060


STANDARDIZED MODEL RESULTS


STDYX Standardization

                                                    Two-Tailed
                    Estimate       S.E.  Est./S.E.    P-Value

Within Level

 CVLALF     ON
    CANFLF            -0.131      0.054     -2.408      0.016
    DEMMAL            -0.093      0.050     -1.845      0.065
    DEMAGE            -0.075      0.049     -1.537      0.124
    ALCFLF            -0.009      0.053     -0.175      0.861

 CANFLF   WITH
    DEMMAL             0.135      0.043      3.132      0.002
    DEMAGE            -0.232      0.042     -5.511      0.000
    ALCFLF             0.463      0.054      8.522      0.000

 ALCFLF   WITH
    DEMMAL             0.108      0.048      2.273      0.023
    DEMAGE            -0.082      0.047     -1.766      0.077

 Means
    DEMAGE             0.000      0.045      0.000      1.000
    DEMMAL             0.000      0.051      0.000      1.000
    CANFLF             0.001      0.003      0.349      0.727
    ALCFLF             0.001      0.002      0.472      0.637

 Variances
    DEMAGE             1.000      0.000    999.000    999.000
    DEMMAL             1.000      0.000    999.000    999.000
    CANFLF             1.000      0.000    999.000    999.000
    ALCFLF             1.000      0.000    999.000    999.000

 Residual Variances
    CVLALF             0.968      0.018     54.893      0.000

Between Level

 CVLALF     ON
    CANFLFBW          -0.299      0.132     -2.262      0.024
    ALCFLFBW           0.076      0.153      0.496      0.620

 CANFLFBW WITH
    ALCFLFBW           0.466      0.060      7.778      0.000

 Means
    CANFLFBW           0.023      0.067      0.339      0.734
    ALCFLFBW          -0.018      0.068     -0.267      0.789

 Intercepts
    CVLALF            -0.926      0.229     -4.045      0.000

 Variances
    CANFLFBW           1.000      0.000    999.000    999.000
    ALCFLFBW           1.000      0.000    999.000    999.000

 Residual Variances
    CVLALF             0.926      0.059     15.570      0.000


R-SQUARE

Within Level

    Observed                                        Two-Tailed
    Variable        Estimate       S.E.  Est./S.E.    P-Value

    CVLALF             0.032      0.018      1.788      0.074

Between Level

    Observed                                        Two-Tailed
    Variable        Estimate       S.E.  Est./S.E.    P-Value

    CVLALF             0.074      0.059      1.244      0.214


QUALITY OF NUMERICAL RESULTS

     Condition Number for the Information Matrix              0.336E-16
       (ratio of smallest to largest eigenvalue)


CONFIDENCE INTERVALS OF MODEL RESULTS

                  Lower .5%  Lower 2.5%    Lower 5%    Estimate    Upper 5%  Upper 2.5%   Upper .5%

Within Level

 CVLALF   ON
    CANFLF          -0.014      -0.012      -0.011      -0.007      -0.002      -0.001       0.000
    DEMMAL          -0.391      -0.336      -0.308      -0.161      -0.013       0.015       0.070
    DEMAGE          -0.082      -0.070      -0.064      -0.031       0.002       0.009       0.021
    ALCFLF          -0.009      -0.007      -0.006      -0.001       0.005       0.006       0.008

 CANFLF   WITH
    DEMMAL           0.164       0.392       0.509       1.117       1.725       1.841       2.069
    DEMAGE         -12.476     -11.424     -10.885      -8.073      -5.261      -4.723      -3.670
    ALCFLF          66.543      77.379      82.922     111.869     140.816     146.359     157.195

 ALCFLF   WITH
    DEMMAL          -0.119       0.096       0.206       0.782       1.358       1.468       1.684
    DEMAGE          -6.274      -5.376      -4.917      -2.518      -0.119       0.340       1.238

 Means
    DEMAGE          -0.243      -0.185      -0.155       0.000       0.155       0.185       0.243
    DEMMAL          -0.065      -0.050      -0.042       0.000       0.042       0.050       0.065
    CANFLF          -0.121      -0.088      -0.070       0.019       0.108       0.125       0.159
    ALCFLF          -0.065      -0.046      -0.036       0.015       0.066       0.075       0.094

 Variances
    DEMAGE           3.562       3.762       3.865       4.399       4.934       5.036       5.236
    DEMMAL           0.240       0.241       0.242       0.247       0.252       0.252       0.254
    CANFLF         213.705     228.465     236.016     275.446     314.875     322.426     337.186
    ALCFLF         161.538     173.662     179.864     212.253     244.642     250.844     262.969

 Residual Variances
    CVLALF           0.489       0.543       0.570       0.713       0.856       0.883       0.937

Between Level

 CVLALF   ON
    CANFLFBW        -0.015      -0.013      -0.012      -0.006      -0.001       0.000       0.002
    ALCFLFBW        -0.008      -0.005      -0.004       0.002       0.008       0.009       0.011

 CANFLFBW WITH
    ALCFLFBW       110.818     128.028     136.831     182.804     228.778     237.581     254.791

 Means
    CANFLFBW        -3.080      -2.232      -1.797       0.470       2.738       3.173       4.021
    ALCFLFBW        -3.664      -2.870      -2.464      -0.343       1.778       2.184       2.977

 Intercepts
    CVLALF          -0.526      -0.497      -0.482      -0.404      -0.327      -0.312      -0.283

 Variances
    CANFLFBW       350.399     368.509     377.772     426.148     474.525     483.788     501.898
    ALCFLFBW       296.364     311.911     319.864     361.394     402.925     410.878     426.425

 Residual Variances
    CVLALF          -0.065      -0.007       0.022       0.177       0.331       0.361       0.419


CONFIDENCE INTERVALS OF STANDARDIZED MODEL RESULTS


STDYX Standardization

                  Lower .5%  Lower 2.5%    Lower 5%    Estimate    Upper 5%  Upper 2.5%   Upper .5%

Within Level

 CVLALF   ON
    CANFLF          -0.272      -0.238      -0.221      -0.131      -0.042      -0.024       0.009
    DEMMAL          -0.223      -0.192      -0.176      -0.093      -0.010       0.006       0.037
    DEMAGE          -0.201      -0.171      -0.156      -0.075       0.005       0.021       0.051
    ALCFLF          -0.146      -0.114      -0.097      -0.009       0.078       0.095       0.128

 CANFLF   WITH
    DEMMAL           0.024       0.051       0.064       0.135       0.206       0.220       0.247
    DEMAGE          -0.340      -0.314      -0.301      -0.232      -0.163      -0.149      -0.124
    ALCFLF           0.323       0.356       0.373       0.463       0.552       0.569       0.602

 ALCFLF   WITH
    DEMMAL          -0.014       0.015       0.030       0.108       0.186       0.201       0.230
    DEMAGE          -0.203      -0.174      -0.159      -0.082      -0.006       0.009       0.038

 Means
    DEMAGE          -0.116      -0.088      -0.074       0.000       0.074       0.088       0.116
    DEMMAL          -0.132      -0.100      -0.084       0.000       0.084       0.100       0.132
    CANFLF          -0.007      -0.005      -0.004       0.001       0.007       0.008       0.010
    ALCFLF          -0.004      -0.003      -0.002       0.001       0.004       0.005       0.006

 Variances
    DEMAGE           1.000       1.000       1.000       1.000       1.000       1.000       1.000
    DEMMAL           1.000       1.000       1.000       1.000       1.000       1.000       1.000
    CANFLF           1.000       1.000       1.000       1.000       1.000       1.000       1.000
    ALCFLF           1.000       1.000       1.000       1.000       1.000       1.000       1.000

 Residual Variances
    CVLALF           0.923       0.934       0.939       0.968       0.997       1.003       1.014

Between Level

 CVLALF   ON
    CANFLFBW        -0.639      -0.558      -0.516      -0.299      -0.081      -0.040       0.042
    ALCFLFBW        -0.319      -0.224      -0.176       0.076       0.328       0.376       0.471

 CANFLFBW WITH
    ALCFLFBW         0.312       0.348       0.367       0.466       0.564       0.583       0.620

 Means
    CANFLFBW        -0.150      -0.109      -0.088       0.023       0.133       0.154       0.196
    ALCFLFBW        -0.192      -0.150      -0.129      -0.018       0.093       0.114       0.156

 Intercepts
    CVLALF          -1.515      -1.374      -1.302      -0.926      -0.549      -0.477      -0.336

 Variances
    CANFLFBW         1.000       1.000       1.000       1.000       1.000       1.000       1.000
    ALCFLFBW         1.000       1.000       1.000       1.000       1.000       1.000       1.000

 Residual Variances
    CVLALF           0.773       0.809       0.828       0.926       1.024       1.043       1.079


TECHNICAL 1 OUTPUT


     PARAMETER SPECIFICATION FOR WITHIN


           NU
              CANFLFBW      ALCFLFBW      CVLALF        DEMAGE        DEMMAL
              ________      ________      ________      ________      ________
 1                  0             0             0             0             0


           NU
              CANFLF        ALCFLF
              ________      ________
 1                  0             0


           LAMBDA
              CANFLFBW      ALCFLFBW      CVLALF        DEMAGE        DEMMAL
              ________      ________      ________      ________      ________
 CANFLFBW           0             0             0             0             0
 ALCFLFBW           0             0             0             0             0
 CVLALF             0             0             0             0             0
 DEMAGE             0             0             0             0             0
 DEMMAL             0             0             0             0             0
 CANFLF             0             0             0             0             0
 ALCFLF             0             0             0             0             0


           LAMBDA
              CANFLF        ALCFLF
              ________      ________
 CANFLFBW           0             0
 ALCFLFBW           0             0
 CVLALF             0             0
 DEMAGE             0             0
 DEMMAL             0             0
 CANFLF             0             0
 ALCFLF             0             0


           THETA
              CANFLFBW      ALCFLFBW      CVLALF        DEMAGE        DEMMAL
              ________      ________      ________      ________      ________
 CANFLFBW           0
 ALCFLFBW           0             0
 CVLALF             0             0             0
 DEMAGE             0             0             0             0
 DEMMAL             0             0             0             0             0
 CANFLF             0             0             0             0             0
 ALCFLF             0             0             0             0             0


           THETA
              CANFLF        ALCFLF
              ________      ________
 CANFLF             0
 ALCFLF             0             0


           ALPHA
              CANFLFBW      ALCFLFBW      CVLALF        DEMAGE        DEMMAL
              ________      ________      ________      ________      ________
 1                  0             0             0             1             2


           ALPHA
              CANFLF        ALCFLF
              ________      ________
 1                  3             4


           BETA
              CANFLFBW      ALCFLFBW      CVLALF        DEMAGE        DEMMAL
              ________      ________      ________      ________      ________
 CANFLFBW           0             0             0             0             0
 ALCFLFBW           0             0             0             0             0
 CVLALF             0             0             0             5             6
 DEMAGE             0             0             0             0             0
 DEMMAL             0             0             0             0             0
 CANFLF             0             0             0             0             0
 ALCFLF             0             0             0             0             0


           BETA
              CANFLF        ALCFLF
              ________      ________
 CANFLFBW           0             0
 ALCFLFBW           0             0
 CVLALF             7             8
 DEMAGE             0             0
 DEMMAL             0             0
 CANFLF             0             0
 ALCFLF             0             0


           PSI
              CANFLFBW      ALCFLFBW      CVLALF        DEMAGE        DEMMAL
              ________      ________      ________      ________      ________
 CANFLFBW           0
 ALCFLFBW           0             0
 CVLALF             0             0             9
 DEMAGE             0             0             0            10
 DEMMAL             0             0             0             0            11
 CANFLF             0             0             0            12            13
 ALCFLF             0             0             0            15            16


           PSI
              CANFLF        ALCFLF
              ________      ________
 CANFLF            14
 ALCFLF            17            18


     PARAMETER SPECIFICATION FOR BETWEEN


           NU
              CANFLFBW      ALCFLFBW      CVLALF        DEMAGE        DEMMAL
              ________      ________      ________      ________      ________
 1                  0             0             0             0             0


           NU
              CANFLF        ALCFLF
              ________      ________
 1                  0             0


           LAMBDA
              CANFLFBW      ALCFLFBW      CVLALF        DEMAGE        DEMMAL
              ________      ________      ________      ________      ________
 CANFLFBW           0             0             0             0             0
 ALCFLFBW           0             0             0             0             0
 CVLALF             0             0             0             0             0
 DEMAGE             0             0             0             0             0
 DEMMAL             0             0             0             0             0
 CANFLF             0             0             0             0             0
 ALCFLF             0             0             0             0             0


           LAMBDA
              CANFLF        ALCFLF
              ________      ________
 CANFLFBW           0             0
 ALCFLFBW           0             0
 CVLALF             0             0
 DEMAGE             0             0
 DEMMAL             0             0
 CANFLF             0             0
 ALCFLF             0             0


           THETA
              CANFLFBW      ALCFLFBW      CVLALF        DEMAGE        DEMMAL
              ________      ________      ________      ________      ________
 CANFLFBW           0
 ALCFLFBW           0             0
 CVLALF             0             0             0
 DEMAGE             0             0             0             0
 DEMMAL             0             0             0             0             0
 CANFLF             0             0             0             0             0
 ALCFLF             0             0             0             0             0


           THETA
              CANFLF        ALCFLF
              ________      ________
 CANFLF             0
 ALCFLF             0             0


           ALPHA
              CANFLFBW      ALCFLFBW      CVLALF        DEMAGE        DEMMAL
              ________      ________      ________      ________      ________
 1                 19            20            21             0             0


           ALPHA
              CANFLF        ALCFLF
              ________      ________
 1                  0             0


           BETA
              CANFLFBW      ALCFLFBW      CVLALF        DEMAGE        DEMMAL
              ________      ________      ________      ________      ________
 CANFLFBW           0             0             0             0             0
 ALCFLFBW           0             0             0             0             0
 CVLALF            22            23             0             0             0
 DEMAGE             0             0             0             0             0
 DEMMAL             0             0             0             0             0
 CANFLF             0             0             0             0             0
 ALCFLF             0             0             0             0             0


           BETA
              CANFLF        ALCFLF
              ________      ________
 CANFLFBW           0             0
 ALCFLFBW           0             0
 CVLALF             0             0
 DEMAGE             0             0
 DEMMAL             0             0
 CANFLF             0             0
 ALCFLF             0             0


           PSI
              CANFLFBW      ALCFLFBW      CVLALF        DEMAGE        DEMMAL
              ________      ________      ________      ________      ________
 CANFLFBW          24
 ALCFLFBW          25            26
 CVLALF             0             0            27
 DEMAGE             0             0             0             0
 DEMMAL             0             0             0             0             0
 CANFLF             0             0             0             0             0
 ALCFLF             0             0             0             0             0


           PSI
              CANFLF        ALCFLF
              ________      ________
 CANFLF             0
 ALCFLF             0             0


     STARTING VALUES FOR WITHIN


           NU
              CANFLFBW      ALCFLFBW      CVLALF        DEMAGE        DEMMAL
              ________      ________      ________      ________      ________
 1              0.000         0.000         0.000         0.000         0.000


           NU
              CANFLF        ALCFLF
              ________      ________
 1              0.000         0.000


           LAMBDA
              CANFLFBW      ALCFLFBW      CVLALF        DEMAGE        DEMMAL
              ________      ________      ________      ________      ________
 CANFLFBW       1.000         0.000         0.000         0.000         0.000
 ALCFLFBW       0.000         1.000         0.000         0.000         0.000
 CVLALF         0.000         0.000         1.000         0.000         0.000
 DEMAGE         0.000         0.000         0.000         1.000         0.000
 DEMMAL         0.000         0.000         0.000         0.000         1.000
 CANFLF         0.000         0.000         0.000         0.000         0.000
 ALCFLF         0.000         0.000         0.000         0.000         0.000


           LAMBDA
              CANFLF        ALCFLF
              ________      ________
 CANFLFBW       0.000         0.000
 ALCFLFBW       0.000         0.000
 CVLALF         0.000         0.000
 DEMAGE         0.000         0.000
 DEMMAL         0.000         0.000
 CANFLF         1.000         0.000
 ALCFLF         0.000         1.000


           THETA
              CANFLFBW      ALCFLFBW      CVLALF        DEMAGE        DEMMAL
              ________      ________      ________      ________      ________
 CANFLFBW       0.000
 ALCFLFBW       0.000         0.000
 CVLALF         0.000         0.000         0.000
 DEMAGE         0.000         0.000         0.000         0.000
 DEMMAL         0.000         0.000         0.000         0.000         0.000
 CANFLF         0.000         0.000         0.000         0.000         0.000
 ALCFLF         0.000         0.000         0.000         0.000         0.000


           THETA
              CANFLF        ALCFLF
              ________      ________
 CANFLF         0.000
 ALCFLF         0.000         0.000


           ALPHA
              CANFLFBW      ALCFLFBW      CVLALF        DEMAGE        DEMMAL
              ________      ________      ________      ________      ________
 1              0.000         0.000         0.000         0.000         0.000


           ALPHA
              CANFLF        ALCFLF
              ________      ________
 1              0.000         0.000


           BETA
              CANFLFBW      ALCFLFBW      CVLALF        DEMAGE        DEMMAL
              ________      ________      ________      ________      ________
 CANFLFBW       0.000         0.000         0.000         0.000         0.000
 ALCFLFBW       0.000         0.000         0.000         0.000         0.000
 CVLALF         0.000         0.000         0.000         0.000         0.000
 DEMAGE         0.000         0.000         0.000         0.000         0.000
 DEMMAL         0.000         0.000         0.000         0.000         0.000
 CANFLF         0.000         0.000         0.000         0.000         0.000
 ALCFLF         0.000         0.000         0.000         0.000         0.000


           BETA
              CANFLF        ALCFLF
              ________      ________
 CANFLFBW       0.000         0.000
 ALCFLFBW       0.000         0.000
 CVLALF         0.000         0.000
 DEMAGE         0.000         0.000
 DEMMAL         0.000         0.000
 CANFLF         0.000         0.000
 ALCFLF         0.000         0.000


           PSI
              CANFLFBW      ALCFLFBW      CVLALF        DEMAGE        DEMMAL
              ________      ________      ________      ________      ________
 CANFLFBW       0.000
 ALCFLFBW       0.000         0.000
 CVLALF         0.000         0.000         0.464
 DEMAGE         0.000         0.000         0.000         2.200
 DEMMAL         0.000         0.000         0.000         0.000         0.123
 CANFLF         0.000         0.000         0.000         0.000         0.000
 ALCFLF         0.000         0.000         0.000         0.000         0.000


           PSI
              CANFLF        ALCFLF
              ________      ________
 CANFLF       139.350
 ALCFLF         0.000       106.789


     STARTING VALUES FOR BETWEEN


           NU
              CANFLFBW      ALCFLFBW      CVLALF        DEMAGE        DEMMAL
              ________      ________      ________      ________      ________
 1              0.000         0.000         0.000         0.000         0.000


           NU
              CANFLF        ALCFLF
              ________      ________
 1              0.000         0.000


           LAMBDA
              CANFLFBW      ALCFLFBW      CVLALF        DEMAGE        DEMMAL
              ________      ________      ________      ________      ________
 CANFLFBW       1.000         0.000         0.000         0.000         0.000
 ALCFLFBW       0.000         1.000         0.000         0.000         0.000
 CVLALF         0.000         0.000         1.000         0.000         0.000
 DEMAGE         0.000         0.000         0.000         1.000         0.000
 DEMMAL         0.000         0.000         0.000         0.000         1.000
 CANFLF         0.000         0.000         0.000         0.000         0.000
 ALCFLF         0.000         0.000         0.000         0.000         0.000


           LAMBDA
              CANFLF        ALCFLF
              ________      ________
 CANFLFBW       0.000         0.000
 ALCFLFBW       0.000         0.000
 CVLALF         0.000         0.000
 DEMAGE         0.000         0.000
 DEMMAL         0.000         0.000
 CANFLF         1.000         0.000
 ALCFLF         0.000         1.000


           THETA
              CANFLFBW      ALCFLFBW      CVLALF        DEMAGE        DEMMAL
              ________      ________      ________      ________      ________
 CANFLFBW       0.000
 ALCFLFBW       0.000         0.000
 CVLALF         0.000         0.000         0.000
 DEMAGE         0.000         0.000         0.000         0.000
 DEMMAL         0.000         0.000         0.000         0.000         0.000
 CANFLF         0.000         0.000         0.000         0.000         0.000
 ALCFLF         0.000         0.000         0.000         0.000         0.000


           THETA
              CANFLF        ALCFLF
              ________      ________
 CANFLF         0.000
 ALCFLF         0.000         0.000


           ALPHA
              CANFLFBW      ALCFLFBW      CVLALF        DEMAGE        DEMMAL
              ________      ________      ________      ________      ________
 1              0.000         0.000        -0.401         0.000         0.000


           ALPHA
              CANFLF        ALCFLF
              ________      ________
 1              0.000         0.000


           BETA
              CANFLFBW      ALCFLFBW      CVLALF        DEMAGE        DEMMAL
              ________      ________      ________      ________      ________
 CANFLFBW       0.000         0.000         0.000         0.000         0.000
 ALCFLFBW       0.000         0.000         0.000         0.000         0.000
 CVLALF         0.000         0.000         0.000         0.000         0.000
 DEMAGE         0.000         0.000         0.000         0.000         0.000
 DEMMAL         0.000         0.000         0.000         0.000         0.000
 CANFLF         0.000         0.000         0.000         0.000         0.000
 ALCFLF         0.000         0.000         0.000         0.000         0.000


           BETA
              CANFLF        ALCFLF
              ________      ________
 CANFLFBW       0.000         0.000
 ALCFLFBW       0.000         0.000
 CVLALF         0.000         0.000
 DEMAGE         0.000         0.000
 DEMMAL         0.000         0.000
 CANFLF         0.000         0.000
 ALCFLF         0.000         0.000


           PSI
              CANFLFBW      ALCFLFBW      CVLALF        DEMAGE        DEMMAL
              ________      ________      ________      ________      ________
 CANFLFBW     213.167
 ALCFLFBW       0.000       174.938
 CVLALF         0.000         0.000         0.464
 DEMAGE         0.000         0.000         0.000         0.000
 DEMMAL         0.000         0.000         0.000         0.000         0.000
 CANFLF         0.000         0.000         0.000         0.000         0.000
 ALCFLF         0.000         0.000         0.000         0.000         0.000


           PSI
              CANFLF        ALCFLF
              ________      ________
 CANFLF         0.000
 ALCFLF         0.000         0.000


     Beginning Time:  16:00:57
        Ending Time:  16:00:57
       Elapsed Time:  00:00:00



MUTHEN & MUTHEN
3463 Stoner Ave.
Los Angeles, CA  90066

Tel: (310) 391-9971
Fax: (310) 391-8971
Web: www.StatModel.com
Support: Support@StatModel.com

Copyright (c) 1998-2015 Muthen & Muthen
