Mplus VERSION 7.4 (Mac)
MUTHEN & MUTHEN
05/06/2020   4:00 PM

INPUT INSTRUCTIONS


  TITLE: CANF6M_SRPWCR_1;

  DATA:
  	FILE = GD190618rr.csv;

  VARIABLE:
  	NAMES =
  			ID_Fam   Wave     ID_MPL
  			DEMMAL   DEMAGE   DEMHSP   DEMRAC
  			SRPWCR
  			WASVCB   WASBLK   WASDGT   WSISUM
  			TRLATS   TRLBTS
  			CVLASF   CVLASC   CVLALF   CVLALC
  			CVLCOM
  			CANEVR   CANONS   CANFLF
  			CANFTY   CANF6M   CANAC6
  			CANYRS
  			ALCEVR   ALCONS   ALCFLF
  			ALCFTY   ALCF6M   ALCAC6
  			ALCYRS
  			SRPWCRDt WASVCBDt WASBLKDt
  			WASDGTDt WSISUMDt TRLATSDt
  			TRLBTSDt CVLASFDt CVLASCDt
  			CVLALFDt CVLALCDt CVLCOMDt
  		;
  	USEVARIABLES =
  		! outcome
  	  		SRPWCR
    		! covariates
  	  		DEMAGE
    			DEMMAL  		
    		! within predictor
    			CANF6M
    			ALCF6M
    		! between predictor
    			CANF6MBW
    			ALCF6MBW
    			;
    	USEOBSERVATION =
    			(Wave EQ 1 AND SRPWCRDt EQ 1)
    		;
    	CLUSTER =
    			ID_Fam
    		;
    	MISSING = .;
    	BETWEEN =   		
    			CANF6MBW
    			ALCF6MBW
    		;
    	WITHIN  		
    			CANF6M
    			ALCF6M
    			DEMAGE
    			DEMMAL
    		;  		

  DEFINE:
  	! CREATE BW FAM PREDICTOR
  		CANF6MBW = cluster_mean (CANF6M);	
  		ALCF6MBW = cluster_mean (ALCF6M);	
  	! CENTER WI FAM VARIABLES
  		CENTER CANF6M (GROUPMEAN);
  		CENTER ALCF6M (GROUPMEAN);
  		CENTER DEMMAL (GRANDMEAN);
  		CENTER DEMAGE (GRANDMEAN);		
  	! CENTER BW FAM VARIABLES
  		CENTER CANF6MBW (GRANDMEAN);
  		CENTER ALCF6MBW (GRANDMEAN);

  ANALYSIS:
          ITERATIONS = 1000000;
          TYPE = TWOLEVEL RANDOM;
          ALGORITHM = INTEGRATION;

  OUTPUT:
  	SAMPSTAT STDYX TECH1 CINT;

  MODEL:
  %WITHIN%
  	SRPWCR on CANF6M;
  	SRPWCR on  DEMMAL DEMAGE ALCF6M;	
  	SRPWCR*;
  	CANF6M*;

  	CANF6M WITH DEMMAL*;
  	CANF6M WITH DEMAGE*;
  	ALCF6M WITH DEMMAL*;
  	ALCF6M WITH DEMAGE*;
  	CANF6M WITH ALCF6M*;

  %BETWEEN%
  	SRPWCR on CANF6MBW ALCF6MBW;
  	SRPWCR*;
  	CANF6MBW*;
  	CANF6MBW WITH ALCF6MBW*;



*** WARNING
  Data set contains cases with missing on all variables except
  x-variables.  These cases were not included in the analysis.
  Number of cases with missing on all variables except x-variables:  1
   1 WARNING(S) FOUND IN THE INPUT INSTRUCTIONS



CANF6M_SRPWCR_1;

SUMMARY OF ANALYSIS

Number of groups                                                 1
Number of observations                                        1188

Number of dependent variables                                    1
Number of independent variables                                  6
Number of continuous latent variables                            0

Observed dependent variables

  Continuous
   SRPWCR

Observed independent variables
   DEMAGE      DEMMAL      CANF6M      ALCF6M      CANF6MBW    ALCF6MBW

Variables with special functions

  Cluster variable      ID_FAM

  Within variables
   DEMAGE      DEMMAL      CANF6M      ALCF6M

  Between variables
   CANF6MBW    ALCF6MBW

  Centering (GRANDMEAN)
   DEMMAL      DEMAGE      CANF6MBW    ALCF6MBW

  Centering (GROUPMEAN)
   CANF6M      ALCF6M


Estimator                                                      MLR
Information matrix                                        OBSERVED
Optimization Specifications for the Quasi-Newton Algorithm for
Continuous Outcomes
  Maximum number of iterations                             1000000
  Convergence criterion                                  0.100D-05
Optimization Specifications for the EM Algorithm
  Maximum number of iterations                                 500
  Convergence criteria
    Loglikelihood change                                 0.100D-02
    Relative loglikelihood change                        0.100D-05
    Derivative                                           0.100D-02
Optimization Specifications for the M step of the EM Algorithm for
Categorical Latent variables
  Number of M step iterations                                    1
  M step convergence criterion                           0.100D-02
  Basis for M step termination                           ITERATION
Optimization Specifications for the M step of the EM Algorithm for
Censored, Binary or Ordered Categorical (Ordinal), Unordered
Categorical (Nominal) and Count Outcomes
  Number of M step iterations                                    1
  M step convergence criterion                           0.100D-02
  Basis for M step termination                           ITERATION
  Maximum value for logit thresholds                            15
  Minimum value for logit thresholds                           -15
  Minimum expected cell size for chi-square              0.100D-01
Maximum number of iterations for H1                           2000
Convergence criterion for H1                             0.100D-03
Optimization algorithm                                         EMA
Integration Specifications
  Type                                                    STANDARD
  Number of integration points                                  15
  Dimensions of numerical integration                            0
  Adaptive quadrature                                           ON
Cholesky                                                       OFF

Input data file(s)
  GD190618rr.csv
Input data format  FREE


SUMMARY OF DATA

     Number of missing data patterns             6
     Number of clusters                        598



COVARIANCE COVERAGE OF DATA

Minimum covariance coverage value   0.100


     PROPORTION OF DATA PRESENT FOR Y


           Covariance Coverage
              CANF6MBW      ALCF6MBW      SRPWCR        DEMAGE        DEMMAL
              ________      ________      ________      ________      ________
 CANF6MBW       0.999
 ALCF6MBW       0.999         0.999
 SRPWCR         0.928         0.928         0.928
 DEMAGE         0.998         0.998         0.928         0.999
 DEMMAL         0.999         0.999         0.928         0.999         1.000
 CANF6M         0.996         0.996         0.924         0.995         0.996
 ALCF6M         0.995         0.995         0.923         0.994         0.995


           Covariance Coverage
              CANF6M        ALCF6M
              ________      ________
 CANF6M         0.996
 ALCF6M         0.995         0.995


SAMPLE STATISTICS


     ESTIMATED SAMPLE STATISTICS


           Means
              CANF6MBW      ALCF6MBW      SRPWCR        DEMAGE        DEMMAL
              ________      ________      ________      ________      ________
 1              0.001         0.000         6.125         0.000         0.000


           Means
              CANF6M        ALCF6M
              ________      ________
 1              0.005         0.002


           Covariances
              CANF6MBW      ALCF6MBW      SRPWCR        DEMAGE        DEMMAL
              ________      ________      ________      ________      ________
 CANF6MBW      66.899
 ALCF6MBW      10.397        18.577
 SRPWCR         0.410        -1.249        71.904
 DEMAGE        -0.811         1.196        -2.405         4.921
 DEMMAL         0.577         0.108         0.287        -0.152         0.231
 CANF6M         0.006         0.003         2.695        -2.767         0.593
 ALCF6M         0.023        -0.002        -1.254         0.085         0.109


           Covariances
              CANF6M        ALCF6M
              ________      ________
 CANF6M        49.889
 ALCF6M         9.502        14.874


           Correlations
              CANF6MBW      ALCF6MBW      SRPWCR        DEMAGE        DEMMAL
              ________      ________      ________      ________      ________
 CANF6MBW       1.000
 ALCF6MBW       0.295         1.000
 SRPWCR         0.006        -0.034         1.000
 DEMAGE        -0.045         0.125        -0.128         1.000
 DEMMAL         0.147         0.052         0.070        -0.143         1.000
 CANF6M         0.000         0.000         0.045        -0.177         0.175
 ALCF6M         0.001         0.000        -0.038         0.010         0.059


           Correlations
              CANF6M        ALCF6M
              ________      ________
 CANF6M         1.000
 ALCF6M         0.349         1.000


     MAXIMUM LOG-LIKELIHOOD VALUE FOR THE UNRESTRICTED (H1) MODEL IS -22011.501


UNIVARIATE SAMPLE STATISTICS


     UNIVARIATE HIGHER-ORDER MOMENT DESCRIPTIVE STATISTICS

         Variable/         Mean/     Skewness/   Minimum/ % with                Percentiles
        Sample Size      Variance    Kurtosis    Maximum  Min/Max      20%/60%    40%/80%    Median

     CANF6MBW              0.372       0.859      -8.379   12.40%      -8.129     -4.379     -1.709
             597.000      74.375      -0.218      21.621    2.85%       1.511      6.706
     ALCF6MBW              0.083       1.992      -3.852    6.53%      -3.517     -2.437     -1.852
             597.000      21.967       5.124      26.148    0.17%      -0.602      3.483
     SRPWCR                6.089       0.213     -25.000    0.09%      -1.000      4.000      6.000
            1103.000      71.907       2.037      56.000    0.09%       8.000     13.000
     DEMAGE                0.000       0.974      -3.766    0.08%      -1.806     -0.926     -0.426
            1187.000       4.921       0.659       7.594    0.08%       0.084      1.604
     DEMMAL                0.000      -0.567      -0.636   36.36%      -0.636      0.364      0.364
            1188.000       0.231      -1.679       0.364   63.64%       0.364      0.364
     CANF6M                0.000       0.150     -19.582    0.08%      -5.080     -0.085      0.000
            1183.000      49.893       0.221      22.330    0.08%       0.000      5.000
     ALCF6M                0.000       0.306     -14.915    0.08%      -1.723     -0.165      0.000
            1182.000      14.873       3.282      17.057    0.08%       0.000      1.553

     THE STANDARD ERRORS OF THE MODEL PARAMETER ESTIMATES MAY NOT BE
     TRUSTWORTHY FOR SOME PARAMETERS DUE TO A NON-POSITIVE DEFINITE
     FIRST-ORDER DERIVATIVE PRODUCT MATRIX.  THIS MAY BE DUE TO THE STARTING
     VALUES BUT MAY ALSO BE AN INDICATION OF MODEL NONIDENTIFICATION.  THE
     CONDITION NUMBER IS       0.166D-15.  PROBLEM INVOLVING THE FOLLOWING PARAMETER:
     Parameter 18, %WITHIN%: ALCF6M


THE MODEL ESTIMATION TERMINATED NORMALLY



MODEL FIT INFORMATION

Number of Free Parameters                       27

Loglikelihood

          H0 Value                      -18377.799
          H0 Scaling Correction Factor      1.2830
            for MLR

Information Criteria

          Akaike (AIC)                   36809.598
          Bayesian (BIC)                 36946.759
          Sample-Size Adjusted BIC       36860.997
            (n* = (n + 2) / 24)



MODEL RESULTS

                                                    Two-Tailed
                    Estimate       S.E.  Est./S.E.    P-Value

Within Level

 SRPWCR     ON
    CANF6M             0.042      0.038      1.110      0.267
    DEMMAL             0.879      0.541      1.626      0.104
    DEMAGE            -0.434      0.122     -3.569      0.000
    ALCF6M            -0.116      0.071     -1.647      0.100

 CANF6M   WITH
    DEMMAL             0.518      0.096      5.404      0.000
    DEMAGE            -2.427      0.448     -5.420      0.000
    ALCF6M             9.476      1.235      7.672      0.000

 ALCF6M   WITH
    DEMMAL             0.114      0.054      2.106      0.035
    DEMAGE             0.160      0.244      0.655      0.513

 Means
    DEMAGE             0.000      0.066     -0.001      0.999
    DEMMAL             0.000      0.015      0.000      1.000
    CANF6M             0.005      0.003      2.045      0.041
    ALCF6M             0.002      0.002      1.328      0.184

 Variances
    DEMAGE             4.921      0.227     21.704      0.000
    DEMMAL             0.231      0.004     56.981      0.000
    CANF6M            49.554      2.849     17.393      0.000
    ALCF6M            14.879      1.386     10.732      0.000

 Residual Variances
    SRPWCR            60.631      4.192     14.463      0.000

Between Level

 SRPWCR     ON
    CANF6MBW           0.003      0.032      0.083      0.934
    ALCF6MBW          -0.047      0.059     -0.795      0.426

 CANF6MBW WITH
    ALCF6MBW          11.888      2.104      5.651      0.000

 Means
    CANF6MBW           0.372      0.353      1.053      0.292
    ALCF6MBW           0.083      0.192      0.434      0.664

 Intercepts
    SRPWCR             6.124      0.270     22.688      0.000

 Variances
    CANF6MBW          74.375      4.064     18.301      0.000
    ALCF6MBW          21.967      2.400      9.155      0.000

 Residual Variances
    SRPWCR             9.746      2.805      3.475      0.001


STANDARDIZED MODEL RESULTS


STDYX Standardization

                                                    Two-Tailed
                    Estimate       S.E.  Est./S.E.    P-Value

Within Level

 SRPWCR     ON
    CANF6M             0.037      0.034      1.109      0.267
    DEMMAL             0.054      0.033      1.648      0.099
    DEMAGE            -0.122      0.033     -3.653      0.000
    ALCF6M            -0.057      0.034     -1.668      0.095

 CANF6M   WITH
    DEMMAL             0.153      0.028      5.559      0.000
    DEMAGE            -0.155      0.027     -5.794      0.000
    ALCF6M             0.349      0.037      9.534      0.000

 ALCF6M   WITH
    DEMMAL             0.061      0.029      2.132      0.033
    DEMAGE             0.019      0.029      0.655      0.513

 Means
    DEMAGE             0.000      0.030     -0.001      0.999
    DEMMAL             0.000      0.031      0.000      1.000
    CANF6M             0.001      0.000      2.051      0.040
    ALCF6M             0.001      0.000      1.332      0.183

 Variances
    DEMAGE             1.000      0.000    999.000    999.000
    DEMMAL             1.000      0.000    999.000    999.000
    CANF6M             1.000      0.000    999.000    999.000
    ALCF6M             1.000      0.000    999.000    999.000

 Residual Variances
    SRPWCR             0.977      0.010     96.798      0.000

Between Level

 SRPWCR     ON
    CANF6MBW           0.007      0.089      0.083      0.934
    ALCF6MBW          -0.071      0.089     -0.792      0.428

 CANF6MBW WITH
    ALCF6MBW           0.294      0.046      6.369      0.000

 Means
    CANF6MBW           0.043      0.040      1.073      0.283
    ALCF6MBW           0.018      0.040      0.442      0.659

 Intercepts
    SRPWCR             1.957      0.286      6.836      0.000

 Variances
    CANF6MBW           1.000      0.000    999.000    999.000
    ALCF6MBW           1.000      0.000    999.000    999.000

 Residual Variances
    SRPWCR             0.995      0.012     85.456      0.000


R-SQUARE

Within Level

    Observed                                        Two-Tailed
    Variable        Estimate       S.E.  Est./S.E.    P-Value

    SRPWCR             0.023      0.010      2.271      0.023

Between Level

    Observed                                        Two-Tailed
    Variable        Estimate       S.E.  Est./S.E.    P-Value

    SRPWCR             0.005      0.012      0.405      0.685


QUALITY OF NUMERICAL RESULTS

     Condition Number for the Information Matrix              0.166E-15
       (ratio of smallest to largest eigenvalue)


CONFIDENCE INTERVALS OF MODEL RESULTS

                  Lower .5%  Lower 2.5%    Lower 5%    Estimate    Upper 5%  Upper 2.5%   Upper .5%

Within Level

 SRPWCR   ON
    CANF6M          -0.055      -0.032      -0.020       0.042       0.104       0.116       0.139
    DEMMAL          -0.513      -0.180      -0.010       0.879       1.769       1.939       2.272
    DEMAGE          -0.748      -0.673      -0.635      -0.434      -0.234      -0.196      -0.121
    ALCF6M          -0.298      -0.254      -0.232      -0.116       0.000       0.022       0.066

 CANF6M   WITH
    DEMMAL           0.271       0.330       0.361       0.518       0.676       0.706       0.765
    DEMAGE          -3.581      -3.305      -3.164      -2.427      -1.691      -1.549      -1.274
    ALCF6M           6.295       7.055       7.444       9.476      11.508      11.897      12.658

 ALCF6M   WITH
    DEMMAL          -0.025       0.008       0.025       0.114       0.203       0.220       0.253
    DEMAGE          -0.469      -0.319      -0.242       0.160       0.561       0.638       0.789

 Means
    DEMAGE          -0.171      -0.130      -0.109       0.000       0.109       0.130       0.171
    DEMMAL          -0.038      -0.029      -0.024       0.000       0.024       0.029       0.038
    CANF6M          -0.001       0.000       0.001       0.005       0.010       0.011       0.012
    ALCF6M          -0.002      -0.001      -0.001       0.002       0.005       0.005       0.006

 Variances
    DEMAGE           4.337       4.476       4.548       4.921       5.294       5.365       5.505
    DEMMAL           0.221       0.223       0.225       0.231       0.238       0.239       0.242
    CANF6M          42.215      43.970      44.867      49.554      54.240      55.138      56.892
    ALCF6M          11.308      12.162      12.598      14.879      17.160      17.597      18.450

 Residual Variances
    SRPWCR          49.832      52.414      53.735      60.631      67.527      68.848      71.429

Between Level

 SRPWCR   ON
    CANF6MBW        -0.080      -0.060      -0.050       0.003       0.056       0.066       0.086
    ALCF6MBW        -0.200      -0.163      -0.144      -0.047       0.050       0.069       0.105

 CANF6MBW WITH
    ALCF6MBW         6.470       7.765       8.428      11.888      15.348      16.011      17.306

 Means
    CANF6MBW        -0.538      -0.320      -0.209       0.372       0.952       1.063       1.281
    ALCF6MBW        -0.411      -0.293      -0.232       0.083       0.399       0.459       0.577

 Intercepts
    SRPWCR           5.428       5.595       5.680       6.124       6.568       6.653       6.819

 Variances
    CANF6MBW        63.907      66.410      67.690      74.375      81.060      82.341      84.843
    ALCF6MBW        15.786      17.264      18.020      21.967      25.915      26.670      28.148

 Residual Variances
    SRPWCR           2.522       4.249       5.133       9.746      14.360      15.244      16.971


CONFIDENCE INTERVALS OF STANDARDIZED MODEL RESULTS


STDYX Standardization

                  Lower .5%  Lower 2.5%    Lower 5%    Estimate    Upper 5%  Upper 2.5%   Upper .5%

Within Level

 SRPWCR   ON
    CANF6M          -0.049      -0.029      -0.018       0.037       0.093       0.104       0.124
    DEMMAL          -0.030      -0.010       0.000       0.054       0.107       0.118       0.138
    DEMAGE          -0.209      -0.188      -0.177      -0.122      -0.067      -0.057      -0.036
    ALCF6M          -0.145      -0.124      -0.113      -0.057      -0.001       0.010       0.031

 CANF6M   WITH
    DEMMAL           0.082       0.099       0.108       0.153       0.198       0.207       0.224
    DEMAGE          -0.225      -0.208      -0.200      -0.155      -0.111      -0.103      -0.086
    ALCF6M           0.255       0.277       0.289       0.349       0.409       0.421       0.443

 ALCF6M   WITH
    DEMMAL          -0.013       0.005       0.014       0.061       0.109       0.118       0.135
    DEMAGE          -0.055      -0.037      -0.028       0.019       0.066       0.075       0.092

 Means
    DEMAGE          -0.077      -0.059      -0.049       0.000       0.049       0.059       0.077
    DEMMAL          -0.080      -0.061      -0.051       0.000       0.051       0.061       0.080
    CANF6M           0.000       0.000       0.000       0.001       0.001       0.002       0.002
    ALCF6M          -0.001       0.000       0.000       0.001       0.001       0.001       0.002

 Variances
    DEMAGE           1.000       1.000       1.000       1.000       1.000       1.000       1.000
    DEMMAL           1.000       1.000       1.000       1.000       1.000       1.000       1.000
    CANF6M           1.000       1.000       1.000       1.000       1.000       1.000       1.000
    ALCF6M           1.000       1.000       1.000       1.000       1.000       1.000       1.000

 Residual Variances
    SRPWCR           0.951       0.957       0.960       0.977       0.994       0.997       1.003

Between Level

 SRPWCR   ON
    CANF6MBW        -0.221      -0.167      -0.139       0.007       0.153       0.181       0.236
    ALCF6MBW        -0.300      -0.245      -0.217      -0.071       0.076       0.104       0.159

 CANF6MBW WITH
    ALCF6MBW         0.175       0.204       0.218       0.294       0.370       0.385       0.413

 Means
    CANF6MBW        -0.060      -0.036      -0.023       0.043       0.109       0.122       0.147
    ALCF6MBW        -0.086      -0.061      -0.048       0.018       0.084       0.097       0.121

 Intercepts
    SRPWCR           1.220       1.396       1.486       1.957       2.428       2.518       2.694

 Variances
    CANF6MBW         1.000       1.000       1.000       1.000       1.000       1.000       1.000
    ALCF6MBW         1.000       1.000       1.000       1.000       1.000       1.000       1.000

 Residual Variances
    SRPWCR           0.965       0.972       0.976       0.995       1.014       1.018       1.025


TECHNICAL 1 OUTPUT


     PARAMETER SPECIFICATION FOR WITHIN


           NU
              CANF6MBW      ALCF6MBW      SRPWCR        DEMAGE        DEMMAL
              ________      ________      ________      ________      ________
 1                  0             0             0             0             0


           NU
              CANF6M        ALCF6M
              ________      ________
 1                  0             0


           LAMBDA
              CANF6MBW      ALCF6MBW      SRPWCR        DEMAGE        DEMMAL
              ________      ________      ________      ________      ________
 CANF6MBW           0             0             0             0             0
 ALCF6MBW           0             0             0             0             0
 SRPWCR             0             0             0             0             0
 DEMAGE             0             0             0             0             0
 DEMMAL             0             0             0             0             0
 CANF6M             0             0             0             0             0
 ALCF6M             0             0             0             0             0


           LAMBDA
              CANF6M        ALCF6M
              ________      ________
 CANF6MBW           0             0
 ALCF6MBW           0             0
 SRPWCR             0             0
 DEMAGE             0             0
 DEMMAL             0             0
 CANF6M             0             0
 ALCF6M             0             0


           THETA
              CANF6MBW      ALCF6MBW      SRPWCR        DEMAGE        DEMMAL
              ________      ________      ________      ________      ________
 CANF6MBW           0
 ALCF6MBW           0             0
 SRPWCR             0             0             0
 DEMAGE             0             0             0             0
 DEMMAL             0             0             0             0             0
 CANF6M             0             0             0             0             0
 ALCF6M             0             0             0             0             0


           THETA
              CANF6M        ALCF6M
              ________      ________
 CANF6M             0
 ALCF6M             0             0


           ALPHA
              CANF6MBW      ALCF6MBW      SRPWCR        DEMAGE        DEMMAL
              ________      ________      ________      ________      ________
 1                  0             0             0             1             2


           ALPHA
              CANF6M        ALCF6M
              ________      ________
 1                  3             4


           BETA
              CANF6MBW      ALCF6MBW      SRPWCR        DEMAGE        DEMMAL
              ________      ________      ________      ________      ________
 CANF6MBW           0             0             0             0             0
 ALCF6MBW           0             0             0             0             0
 SRPWCR             0             0             0             5             6
 DEMAGE             0             0             0             0             0
 DEMMAL             0             0             0             0             0
 CANF6M             0             0             0             0             0
 ALCF6M             0             0             0             0             0


           BETA
              CANF6M        ALCF6M
              ________      ________
 CANF6MBW           0             0
 ALCF6MBW           0             0
 SRPWCR             7             8
 DEMAGE             0             0
 DEMMAL             0             0
 CANF6M             0             0
 ALCF6M             0             0


           PSI
              CANF6MBW      ALCF6MBW      SRPWCR        DEMAGE        DEMMAL
              ________      ________      ________      ________      ________
 CANF6MBW           0
 ALCF6MBW           0             0
 SRPWCR             0             0             9
 DEMAGE             0             0             0            10
 DEMMAL             0             0             0             0            11
 CANF6M             0             0             0            12            13
 ALCF6M             0             0             0            15            16


           PSI
              CANF6M        ALCF6M
              ________      ________
 CANF6M            14
 ALCF6M            17            18


     PARAMETER SPECIFICATION FOR BETWEEN


           NU
              CANF6MBW      ALCF6MBW      SRPWCR        DEMAGE        DEMMAL
              ________      ________      ________      ________      ________
 1                  0             0             0             0             0


           NU
              CANF6M        ALCF6M
              ________      ________
 1                  0             0


           LAMBDA
              CANF6MBW      ALCF6MBW      SRPWCR        DEMAGE        DEMMAL
              ________      ________      ________      ________      ________
 CANF6MBW           0             0             0             0             0
 ALCF6MBW           0             0             0             0             0
 SRPWCR             0             0             0             0             0
 DEMAGE             0             0             0             0             0
 DEMMAL             0             0             0             0             0
 CANF6M             0             0             0             0             0
 ALCF6M             0             0             0             0             0


           LAMBDA
              CANF6M        ALCF6M
              ________      ________
 CANF6MBW           0             0
 ALCF6MBW           0             0
 SRPWCR             0             0
 DEMAGE             0             0
 DEMMAL             0             0
 CANF6M             0             0
 ALCF6M             0             0


           THETA
              CANF6MBW      ALCF6MBW      SRPWCR        DEMAGE        DEMMAL
              ________      ________      ________      ________      ________
 CANF6MBW           0
 ALCF6MBW           0             0
 SRPWCR             0             0             0
 DEMAGE             0             0             0             0
 DEMMAL             0             0             0             0             0
 CANF6M             0             0             0             0             0
 ALCF6M             0             0             0             0             0


           THETA
              CANF6M        ALCF6M
              ________      ________
 CANF6M             0
 ALCF6M             0             0


           ALPHA
              CANF6MBW      ALCF6MBW      SRPWCR        DEMAGE        DEMMAL
              ________      ________      ________      ________      ________
 1                 19            20            21             0             0


           ALPHA
              CANF6M        ALCF6M
              ________      ________
 1                  0             0


           BETA
              CANF6MBW      ALCF6MBW      SRPWCR        DEMAGE        DEMMAL
              ________      ________      ________      ________      ________
 CANF6MBW           0             0             0             0             0
 ALCF6MBW           0             0             0             0             0
 SRPWCR            22            23             0             0             0
 DEMAGE             0             0             0             0             0
 DEMMAL             0             0             0             0             0
 CANF6M             0             0             0             0             0
 ALCF6M             0             0             0             0             0


           BETA
              CANF6M        ALCF6M
              ________      ________
 CANF6MBW           0             0
 ALCF6MBW           0             0
 SRPWCR             0             0
 DEMAGE             0             0
 DEMMAL             0             0
 CANF6M             0             0
 ALCF6M             0             0


           PSI
              CANF6MBW      ALCF6MBW      SRPWCR        DEMAGE        DEMMAL
              ________      ________      ________      ________      ________
 CANF6MBW          24
 ALCF6MBW          25            26
 SRPWCR             0             0            27
 DEMAGE             0             0             0             0
 DEMMAL             0             0             0             0             0
 CANF6M             0             0             0             0             0
 ALCF6M             0             0             0             0             0


           PSI
              CANF6M        ALCF6M
              ________      ________
 CANF6M             0
 ALCF6M             0             0


     STARTING VALUES FOR WITHIN


           NU
              CANF6MBW      ALCF6MBW      SRPWCR        DEMAGE        DEMMAL
              ________      ________      ________      ________      ________
 1              0.000         0.000         0.000         0.000         0.000


           NU
              CANF6M        ALCF6M
              ________      ________
 1              0.000         0.000


           LAMBDA
              CANF6MBW      ALCF6MBW      SRPWCR        DEMAGE        DEMMAL
              ________      ________      ________      ________      ________
 CANF6MBW       1.000         0.000         0.000         0.000         0.000
 ALCF6MBW       0.000         1.000         0.000         0.000         0.000
 SRPWCR         0.000         0.000         1.000         0.000         0.000
 DEMAGE         0.000         0.000         0.000         1.000         0.000
 DEMMAL         0.000         0.000         0.000         0.000         1.000
 CANF6M         0.000         0.000         0.000         0.000         0.000
 ALCF6M         0.000         0.000         0.000         0.000         0.000


           LAMBDA
              CANF6M        ALCF6M
              ________      ________
 CANF6MBW       0.000         0.000
 ALCF6MBW       0.000         0.000
 SRPWCR         0.000         0.000
 DEMAGE         0.000         0.000
 DEMMAL         0.000         0.000
 CANF6M         1.000         0.000
 ALCF6M         0.000         1.000


           THETA
              CANF6MBW      ALCF6MBW      SRPWCR        DEMAGE        DEMMAL
              ________      ________      ________      ________      ________
 CANF6MBW       0.000
 ALCF6MBW       0.000         0.000
 SRPWCR         0.000         0.000         0.000
 DEMAGE         0.000         0.000         0.000         0.000
 DEMMAL         0.000         0.000         0.000         0.000         0.000
 CANF6M         0.000         0.000         0.000         0.000         0.000
 ALCF6M         0.000         0.000         0.000         0.000         0.000


           THETA
              CANF6M        ALCF6M
              ________      ________
 CANF6M         0.000
 ALCF6M         0.000         0.000


           ALPHA
              CANF6MBW      ALCF6MBW      SRPWCR        DEMAGE        DEMMAL
              ________      ________      ________      ________      ________
 1              0.000         0.000         0.000         0.000         0.000


           ALPHA
              CANF6M        ALCF6M
              ________      ________
 1              0.000         0.000


           BETA
              CANF6MBW      ALCF6MBW      SRPWCR        DEMAGE        DEMMAL
              ________      ________      ________      ________      ________
 CANF6MBW       0.000         0.000         0.000         0.000         0.000
 ALCF6MBW       0.000         0.000         0.000         0.000         0.000
 SRPWCR         0.000         0.000         0.000         0.000         0.000
 DEMAGE         0.000         0.000         0.000         0.000         0.000
 DEMMAL         0.000         0.000         0.000         0.000         0.000
 CANF6M         0.000         0.000         0.000         0.000         0.000
 ALCF6M         0.000         0.000         0.000         0.000         0.000


           BETA
              CANF6M        ALCF6M
              ________      ________
 CANF6MBW       0.000         0.000
 ALCF6MBW       0.000         0.000
 SRPWCR         0.000         0.000
 DEMAGE         0.000         0.000
 DEMMAL         0.000         0.000
 CANF6M         0.000         0.000
 ALCF6M         0.000         0.000


           PSI
              CANF6MBW      ALCF6MBW      SRPWCR        DEMAGE        DEMMAL
              ________      ________      ________      ________      ________
 CANF6MBW       0.000
 ALCF6MBW       0.000         0.000
 SRPWCR         0.000         0.000        35.953
 DEMAGE         0.000         0.000         0.000         2.460
 DEMMAL         0.000         0.000         0.000         0.000         0.116
 CANF6M         0.000         0.000         0.000         0.000         0.000
 ALCF6M         0.000         0.000         0.000         0.000         0.000


           PSI
              CANF6M        ALCF6M
              ________      ________
 CANF6M        24.947
 ALCF6M         0.000         7.437


     STARTING VALUES FOR BETWEEN


           NU
              CANF6MBW      ALCF6MBW      SRPWCR        DEMAGE        DEMMAL
              ________      ________      ________      ________      ________
 1              0.000         0.000         0.000         0.000         0.000


           NU
              CANF6M        ALCF6M
              ________      ________
 1              0.000         0.000


           LAMBDA
              CANF6MBW      ALCF6MBW      SRPWCR        DEMAGE        DEMMAL
              ________      ________      ________      ________      ________
 CANF6MBW       1.000         0.000         0.000         0.000         0.000
 ALCF6MBW       0.000         1.000         0.000         0.000         0.000
 SRPWCR         0.000         0.000         1.000         0.000         0.000
 DEMAGE         0.000         0.000         0.000         1.000         0.000
 DEMMAL         0.000         0.000         0.000         0.000         1.000
 CANF6M         0.000         0.000         0.000         0.000         0.000
 ALCF6M         0.000         0.000         0.000         0.000         0.000


           LAMBDA
              CANF6M        ALCF6M
              ________      ________
 CANF6MBW       0.000         0.000
 ALCF6MBW       0.000         0.000
 SRPWCR         0.000         0.000
 DEMAGE         0.000         0.000
 DEMMAL         0.000         0.000
 CANF6M         1.000         0.000
 ALCF6M         0.000         1.000


           THETA
              CANF6MBW      ALCF6MBW      SRPWCR        DEMAGE        DEMMAL
              ________      ________      ________      ________      ________
 CANF6MBW       0.000
 ALCF6MBW       0.000         0.000
 SRPWCR         0.000         0.000         0.000
 DEMAGE         0.000         0.000         0.000         0.000
 DEMMAL         0.000         0.000         0.000         0.000         0.000
 CANF6M         0.000         0.000         0.000         0.000         0.000
 ALCF6M         0.000         0.000         0.000         0.000         0.000


           THETA
              CANF6M        ALCF6M
              ________      ________
 CANF6M         0.000
 ALCF6M         0.000         0.000


           ALPHA
              CANF6MBW      ALCF6MBW      SRPWCR        DEMAGE        DEMMAL
              ________      ________      ________      ________      ________
 1              0.000         0.000         6.089         0.000         0.000


           ALPHA
              CANF6M        ALCF6M
              ________      ________
 1              0.000         0.000


           BETA
              CANF6MBW      ALCF6MBW      SRPWCR        DEMAGE        DEMMAL
              ________      ________      ________      ________      ________
 CANF6MBW       0.000         0.000         0.000         0.000         0.000
 ALCF6MBW       0.000         0.000         0.000         0.000         0.000
 SRPWCR         0.000         0.000         0.000         0.000         0.000
 DEMAGE         0.000         0.000         0.000         0.000         0.000
 DEMMAL         0.000         0.000         0.000         0.000         0.000
 CANF6M         0.000         0.000         0.000         0.000         0.000
 ALCF6M         0.000         0.000         0.000         0.000         0.000


           BETA
              CANF6M        ALCF6M
              ________      ________
 CANF6MBW       0.000         0.000
 ALCF6MBW       0.000         0.000
 SRPWCR         0.000         0.000
 DEMAGE         0.000         0.000
 DEMMAL         0.000         0.000
 CANF6M         0.000         0.000
 ALCF6M         0.000         0.000


           PSI
              CANF6MBW      ALCF6MBW      SRPWCR        DEMAGE        DEMMAL
              ________      ________      ________      ________      ________
 CANF6MBW      33.450
 ALCF6MBW       0.000         9.289
 SRPWCR         0.000         0.000        35.953
 DEMAGE         0.000         0.000         0.000         0.000
 DEMMAL         0.000         0.000         0.000         0.000         0.000
 CANF6M         0.000         0.000         0.000         0.000         0.000
 ALCF6M         0.000         0.000         0.000         0.000         0.000


           PSI
              CANF6M        ALCF6M
              ________      ________
 CANF6M         0.000
 ALCF6M         0.000         0.000


     Beginning Time:  16:00:47
        Ending Time:  16:00:47
       Elapsed Time:  00:00:00



MUTHEN & MUTHEN
3463 Stoner Ave.
Los Angeles, CA  90066

Tel: (310) 391-9971
Fax: (310) 391-8971
Web: www.StatModel.com
Support: Support@StatModel.com

Copyright (c) 1998-2015 Muthen & Muthen
