Mplus VERSION 7.4 (Mac)
MUTHEN & MUTHEN
05/06/2020   4:00 PM

INPUT INSTRUCTIONS


  TITLE: CANF6M_CVLALF_2;

  DATA:
  	FILE = GD190618rr.csv;

  VARIABLE:
  	NAMES =
  			ID_Fam   Wave     ID_MPL
  			DEMMAL   DEMAGE   DEMHSP   DEMRAC
  			SRPWCR
  			WASVCB   WASBLK   WASDGT   WSISUM
  			TRLATS   TRLBTS
  			CVLASF   CVLASC   CVLALF   CVLALC
  			CVLCOM
  			CANEVR   CANONS   CANFLF
  			CANFTY   CANF6M   CANAC6
  			CANYRS
  			ALCEVR   ALCONS   ALCFLF
  			ALCFTY   ALCF6M   ALCAC6
  			ALCYRS
  			SRPWCRDt WASVCBDt WASBLKDt
  			WASDGTDt WSISUMDt TRLATSDt
  			TRLBTSDt CVLASFDt CVLASCDt
  			CVLALFDt CVLALCDt CVLCOMDt
  		;
  	USEVARIABLES =
  		! outcome
  	  		CVLALF
    		! covariates
  	  		DEMAGE
    			DEMMAL  		
    		! within predictor
    			CANF6M
    			ALCF6M
    		! between predictor
    			CANF6MBW
    			ALCF6MBW
    			;
    	USEOBSERVATION =
    			(Wave EQ 2 AND CVLALFDt EQ 1)
    		;
    	CLUSTER =
    			ID_Fam
    		;
    	MISSING = .;
    	BETWEEN =   		
    			CANF6MBW
    			ALCF6MBW
    		;
    	WITHIN  		
    			CANF6M
    			ALCF6M
    			DEMAGE
    			DEMMAL
    		;  		

  DEFINE:
  	! CREATE BW FAM PREDICTOR
  		CANF6MBW = cluster_mean (CANF6M);	
  		ALCF6MBW = cluster_mean (ALCF6M);	
  	! CENTER WI FAM VARIABLES
  		CENTER CANF6M (GROUPMEAN);
  		CENTER ALCF6M (GROUPMEAN);
  		CENTER DEMMAL (GRANDMEAN);
  		CENTER DEMAGE (GRANDMEAN);		
  	! CENTER BW FAM VARIABLES
  		CENTER CANF6MBW (GRANDMEAN);
  		CENTER ALCF6MBW (GRANDMEAN);

  ANALYSIS:
          ITERATIONS = 1000000;
          TYPE = TWOLEVEL RANDOM;
          ALGORITHM = INTEGRATION;

  OUTPUT:
  	SAMPSTAT STDYX TECH1 CINT;

  MODEL:
  %WITHIN%
  	CVLALF on CANF6M;
  	CVLALF on  DEMMAL DEMAGE ALCF6M;	
  	CVLALF*;
  	CANF6M*;

  	CANF6M WITH DEMMAL*;
  	CANF6M WITH DEMAGE*;
  	ALCF6M WITH DEMMAL*;
  	ALCF6M WITH DEMAGE*;
  	CANF6M WITH ALCF6M*;

  %BETWEEN%
  	CVLALF on CANF6MBW ALCF6MBW;
  	CVLALF*;
  	CANF6MBW*;
  	CANF6MBW WITH ALCF6MBW*;



INPUT READING TERMINATED NORMALLY



CANF6M_CVLALF_2;

SUMMARY OF ANALYSIS

Number of groups                                                 1
Number of observations                                         415

Number of dependent variables                                    1
Number of independent variables                                  6
Number of continuous latent variables                            0

Observed dependent variables

  Continuous
   CVLALF

Observed independent variables
   DEMAGE      DEMMAL      CANF6M      ALCF6M      CANF6MBW    ALCF6MBW

Variables with special functions

  Cluster variable      ID_FAM

  Within variables
   DEMAGE      DEMMAL      CANF6M      ALCF6M

  Between variables
   CANF6MBW    ALCF6MBW

  Centering (GRANDMEAN)
   DEMMAL      DEMAGE      CANF6MBW    ALCF6MBW

  Centering (GROUPMEAN)
   CANF6M      ALCF6M


Estimator                                                      MLR
Information matrix                                        OBSERVED
Optimization Specifications for the Quasi-Newton Algorithm for
Continuous Outcomes
  Maximum number of iterations                             1000000
  Convergence criterion                                  0.100D-05
Optimization Specifications for the EM Algorithm
  Maximum number of iterations                                 500
  Convergence criteria
    Loglikelihood change                                 0.100D-02
    Relative loglikelihood change                        0.100D-05
    Derivative                                           0.100D-02
Optimization Specifications for the M step of the EM Algorithm for
Categorical Latent variables
  Number of M step iterations                                    1
  M step convergence criterion                           0.100D-02
  Basis for M step termination                           ITERATION
Optimization Specifications for the M step of the EM Algorithm for
Censored, Binary or Ordered Categorical (Ordinal), Unordered
Categorical (Nominal) and Count Outcomes
  Number of M step iterations                                    1
  M step convergence criterion                           0.100D-02
  Basis for M step termination                           ITERATION
  Maximum value for logit thresholds                            15
  Minimum value for logit thresholds                           -15
  Minimum expected cell size for chi-square              0.100D-01
Maximum number of iterations for H1                           2000
Convergence criterion for H1                             0.100D-03
Optimization algorithm                                         EMA
Integration Specifications
  Type                                                    STANDARD
  Number of integration points                                  15
  Dimensions of numerical integration                            0
  Adaptive quadrature                                           ON
Cholesky                                                       OFF

Input data file(s)
  GD190618rr.csv
Input data format  FREE


SUMMARY OF DATA

     Number of missing data patterns             3
     Number of clusters                        224



COVARIANCE COVERAGE OF DATA

Minimum covariance coverage value   0.100


     PROPORTION OF DATA PRESENT FOR Y


           Covariance Coverage
              CANF6MBW      ALCF6MBW      CVLALF        DEMAGE        DEMMAL
              ________      ________      ________      ________      ________
 CANF6MBW       1.000
 ALCF6MBW       1.000         1.000
 CVLALF         0.834         0.834         0.834
 DEMAGE         0.998         0.998         0.834         0.998
 DEMMAL         0.998         0.998         0.834         0.998         0.998
 CANF6M         1.000         1.000         0.834         0.998         0.998
 ALCF6M         1.000         1.000         0.834         0.998         0.998


           Covariance Coverage
              CANF6M        ALCF6M
              ________      ________
 CANF6M         1.000
 ALCF6M         1.000         1.000


SAMPLE STATISTICS


     ESTIMATED SAMPLE STATISTICS


           Means
              CANF6MBW      ALCF6MBW      CVLALF        DEMAGE        DEMMAL
              ________      ________      ________      ________      ________
 1              0.000         0.000        -0.500         0.001         0.000


           Means
              CANF6M        ALCF6M
              ________      ________
 1              0.000         0.000


           Covariances
              CANF6MBW      ALCF6MBW      CVLALF        DEMAGE        DEMMAL
              ________      ________      ________      ________      ________
 CANF6MBW      87.241
 ALCF6MBW      16.827        42.775
 CVLALF         0.559         0.661         1.205
 DEMAGE        -0.949         1.222        -0.243         6.702
 DEMMAL         0.891         0.313         0.019        -0.138         0.247
 CANF6M         0.000         0.000        -0.933        -1.163         0.425
 ALCF6M         0.000         0.000        -0.493        -0.826         0.388


           Covariances
              CANF6M        ALCF6M
              ________      ________
 CANF6M        49.611
 ALCF6M         5.327        25.550


           Correlations
              CANF6MBW      ALCF6MBW      CVLALF        DEMAGE        DEMMAL
              ________      ________      ________      ________      ________
 CANF6MBW       1.000
 ALCF6MBW       0.275         1.000
 CVLALF         0.055         0.092         1.000
 DEMAGE        -0.039         0.072        -0.086         1.000
 DEMMAL         0.192         0.096         0.035        -0.107         1.000
 CANF6M         0.000         0.000        -0.121        -0.064         0.121
 ALCF6M         0.000         0.000        -0.089        -0.063         0.154


           Correlations
              CANF6M        ALCF6M
              ________      ________
 CANF6M         1.000
 ALCF6M         0.150         1.000


     MAXIMUM LOG-LIKELIHOOD VALUE FOR THE UNRESTRICTED (H1) MODEL IS -7298.375


UNIVARIATE SAMPLE STATISTICS


     UNIVARIATE HIGHER-ORDER MOMENT DESCRIPTIVE STATISTICS

         Variable/         Mean/     Skewness/   Minimum/ % with                Percentiles
        Sample Size      Variance    Kurtosis    Maximum  Min/Max      20%/60%    40%/80%    Median

     CANF6MBW              0.240       1.010      -7.816   26.79%      -7.816     -7.231     -5.688
             224.000      95.304      -0.180      22.184    7.14%       0.514      7.184
     ALCF6MBW              0.147       1.289      -7.319    2.68%      -5.654     -3.569     -2.319
             224.000      48.778       1.256      22.681    1.79%      -0.319      5.734
     CVLALF               -0.494      -0.342      -4.500    0.29%      -1.500     -1.000      0.000
             346.000       1.207      -0.299       1.500    3.76%       0.000      0.500
     DEMAGE                0.000       0.451      -5.391    0.24%      -2.321     -0.881     -0.171
             414.000       6.702      -0.101       7.639    0.24%       0.389      2.159
     DEMMAL                0.000      -0.204      -0.551   44.93%      -0.551     -0.551      0.449
             414.000       0.247      -1.958       0.449   55.07%       0.449      0.449
     CANF6M                0.000       0.170     -15.000    3.37%      -2.085      0.000      0.000
             415.000      49.611       1.002      20.000    0.48%       0.000      1.665
     ALCF6M                0.000       0.068     -14.835    0.48%      -3.335     -0.250      0.000
             415.000      25.550       1.256      14.835    0.48%       0.165      3.080

     THE STANDARD ERRORS OF THE MODEL PARAMETER ESTIMATES MAY NOT BE
     TRUSTWORTHY FOR SOME PARAMETERS DUE TO A NON-POSITIVE DEFINITE
     FIRST-ORDER DERIVATIVE PRODUCT MATRIX.  THIS MAY BE DUE TO THE STARTING
     VALUES BUT MAY ALSO BE AN INDICATION OF MODEL NONIDENTIFICATION.  THE
     CONDITION NUMBER IS      -0.122D-15.  PROBLEM INVOLVING THE FOLLOWING PARAMETER:
     Parameter 3, %WITHIN%: [ CANF6M ]


THE MODEL ESTIMATION TERMINATED NORMALLY



MODEL FIT INFORMATION

Number of Free Parameters                       27

Loglikelihood

          H0 Value                       -6013.600
          H0 Scaling Correction Factor      1.0784
            for MLR

Information Criteria

          Akaike (AIC)                   12081.199
          Bayesian (BIC)                 12189.963
          Sample-Size Adjusted BIC       12104.285
            (n* = (n + 2) / 24)



MODEL RESULTS

                                                    Two-Tailed
                    Estimate       S.E.  Est./S.E.    P-Value

Within Level

 CVLALF     ON
    CANF6M            -0.018      0.007     -2.640      0.008
    DEMMAL             0.088      0.116      0.754      0.451
    DEMAGE            -0.036      0.023     -1.572      0.116
    ALCF6M            -0.019      0.013     -1.486      0.137

 CANF6M   WITH
    DEMMAL             0.407      0.152      2.679      0.007
    DEMAGE            -0.929      0.822     -1.130      0.258
    ALCF6M             5.277      2.833      1.863      0.063

 ALCF6M   WITH
    DEMMAL             0.375      0.115      3.247      0.001
    DEMAGE            -0.621      0.498     -1.247      0.212

 Means
    DEMAGE             0.000      0.137      0.001      0.999
    DEMMAL             0.000      0.027      0.000      1.000
    CANF6M             0.000      0.000    999.000    999.000
    ALCF6M             0.000      0.000    999.000    999.000

 Variances
    DEMAGE             6.702      0.440     15.234      0.000
    DEMMAL             0.247      0.003     91.523      0.000
    CANF6M            49.549      5.810      8.528      0.000
    ALCF6M            25.511      3.114      8.191      0.000

 Residual Variances
    CVLALF             1.006      0.127      7.937      0.000

Between Level

 CVLALF     ON
    CANF6MBW           0.003      0.006      0.434      0.665
    ALCF6MBW           0.013      0.011      1.258      0.208

 CANF6MBW WITH
    ALCF6MBW          19.975      5.412      3.691      0.000

 Means
    CANF6MBW           0.240      0.652      0.368      0.713
    ALCF6MBW           0.147      0.467      0.316      0.752

 Intercepts
    CVLALF            -0.502      0.061     -8.220      0.000

 Variances
    CANF6MBW          95.304      8.589     11.095      0.000
    ALCF6MBW          48.778      5.881      8.294      0.000

 Residual Variances
    CVLALF             0.154      0.103      1.501      0.133


STANDARDIZED MODEL RESULTS


STDYX Standardization

                                                    Two-Tailed
                    Estimate       S.E.  Est./S.E.    P-Value

Within Level

 CVLALF     ON
    CANF6M            -0.125      0.048     -2.605      0.009
    DEMMAL             0.043      0.057      0.752      0.452
    DEMAGE            -0.092      0.058     -1.582      0.114
    ALCF6M            -0.093      0.062     -1.496      0.135

 CANF6M   WITH
    DEMMAL             0.116      0.041      2.807      0.005
    DEMAGE            -0.051      0.045     -1.135      0.256
    ALCF6M             0.148      0.075      1.969      0.049

 ALCF6M   WITH
    DEMMAL             0.149      0.043      3.475      0.001
    DEMAGE            -0.048      0.037     -1.290      0.197

 Means
    DEMAGE             0.000      0.053      0.001      0.999
    DEMMAL             0.000      0.054      0.000      1.000
    CANF6M             0.000      0.000    999.000    999.000
    ALCF6M             0.000      0.000    999.000    999.000

 Variances
    DEMAGE             1.000      0.000    999.000    999.000
    DEMMAL             1.000      0.000    999.000    999.000
    CANF6M             1.000      0.000    999.000    999.000
    ALCF6M             1.000      0.000    999.000    999.000

 Residual Variances
    CVLALF             0.967      0.018     54.518      0.000

Between Level

 CVLALF     ON
    CANF6MBW           0.063      0.146      0.432      0.666
    ALCF6MBW           0.229      0.189      1.208      0.227

 CANF6MBW WITH
    ALCF6MBW           0.293      0.068      4.311      0.000

 Means
    CANF6MBW           0.025      0.066      0.373      0.709
    ALCF6MBW           0.021      0.066      0.320      0.749

 Intercepts
    CVLALF            -1.238      0.412     -3.007      0.003

 Variances
    CANF6MBW           1.000      0.000    999.000    999.000
    ALCF6MBW           1.000      0.000    999.000    999.000

 Residual Variances
    CVLALF             0.935      0.094      9.906      0.000


R-SQUARE

Within Level

    Observed                                        Two-Tailed
    Variable        Estimate       S.E.  Est./S.E.    P-Value

    CVLALF             0.033      0.018      1.883      0.060

Between Level

    Observed                                        Two-Tailed
    Variable        Estimate       S.E.  Est./S.E.    P-Value

    CVLALF             0.065      0.094      0.685      0.493


QUALITY OF NUMERICAL RESULTS

     Condition Number for the Information Matrix             -0.122E-15
       (ratio of smallest to largest eigenvalue)


CONFIDENCE INTERVALS OF MODEL RESULTS

                  Lower .5%  Lower 2.5%    Lower 5%    Estimate    Upper 5%  Upper 2.5%   Upper .5%

Within Level

 CVLALF   ON
    CANF6M          -0.036      -0.031      -0.029      -0.018      -0.007      -0.005       0.000
    DEMMAL          -0.212      -0.140      -0.104       0.088       0.279       0.316       0.387
    DEMAGE          -0.096      -0.081      -0.074      -0.036       0.002       0.009       0.023
    ALCF6M          -0.051      -0.043      -0.039      -0.019       0.002       0.006       0.014

 CANF6M   WITH
    DEMMAL           0.016       0.109       0.157       0.407       0.657       0.705       0.798
    DEMAGE          -3.048      -2.541      -2.282      -0.929       0.423       0.683       1.189
    ALCF6M          -2.020      -0.276       0.617       5.277       9.937      10.830      12.574

 ALCF6M   WITH
    DEMMAL           0.077       0.149       0.185       0.375       0.565       0.601       0.672
    DEMAGE          -1.905      -1.598      -1.441      -0.621       0.198       0.355       0.662

 Means
    DEMAGE          -0.352      -0.268      -0.225       0.000       0.225       0.268       0.353
    DEMMAL          -0.069      -0.052      -0.044       0.000       0.044       0.052       0.069
    CANF6M           0.000       0.000       0.000       0.000       0.000       0.000       0.000
    ALCF6M           0.000       0.000       0.000       0.000       0.000       0.000       0.000

 Variances
    DEMAGE           5.569       5.840       5.978       6.702       7.426       7.564       7.835
    DEMMAL           0.240       0.242       0.243       0.247       0.252       0.253       0.254
    CANF6M          34.583      38.161      39.991      49.549      59.106      60.937      64.515
    ALCF6M          17.489      19.407      20.388      25.511      30.635      31.616      33.534

 Residual Variances
    CVLALF           0.680       0.758       0.798       1.006       1.215       1.255       1.333

Between Level

 CVLALF   ON
    CANF6MBW        -0.013      -0.009      -0.007       0.003       0.013       0.015       0.018
    ALCF6MBW        -0.014      -0.007      -0.004       0.013       0.031       0.034       0.040

 CANF6MBW WITH
    ALCF6MBW         6.035       9.368      11.073      19.975      28.877      30.582      33.914

 Means
    CANF6MBW        -1.440      -1.038      -0.833       0.240       1.313       1.519       1.920
    ALCF6MBW        -1.055      -0.767      -0.620       0.147       0.915       1.062       1.349

 Intercepts
    CVLALF          -0.660      -0.622      -0.603      -0.502      -0.402      -0.383      -0.345

 Variances
    CANF6MBW        73.179      78.468      81.174      95.304     109.433     112.139     117.428
    ALCF6MBW        33.630      37.251      39.104      48.778      58.453      60.305      63.927

 Residual Variances
    CVLALF          -0.110      -0.047      -0.015       0.154       0.323       0.355       0.418


CONFIDENCE INTERVALS OF STANDARDIZED MODEL RESULTS


STDYX Standardization

                  Lower .5%  Lower 2.5%    Lower 5%    Estimate    Upper 5%  Upper 2.5%   Upper .5%

Within Level

 CVLALF   ON
    CANF6M          -0.248      -0.218      -0.203      -0.125      -0.046      -0.031      -0.001
    DEMMAL          -0.104      -0.069      -0.051       0.043       0.136       0.154       0.189
    DEMAGE          -0.241      -0.206      -0.187      -0.092       0.004       0.022       0.058
    ALCF6M          -0.252      -0.214      -0.194      -0.093       0.009       0.029       0.067

 CANF6M   WITH
    DEMMAL           0.010       0.035       0.048       0.116       0.184       0.197       0.223
    DEMAGE          -0.167      -0.139      -0.125      -0.051       0.023       0.037       0.065
    ALCF6M          -0.046       0.001       0.024       0.148       0.272       0.296       0.343

 ALCF6M   WITH
    DEMMAL           0.039       0.065       0.079       0.149       0.220       0.233       0.260
    DEMAGE          -0.142      -0.120      -0.108      -0.048       0.013       0.025       0.047

 Means
    DEMAGE          -0.136      -0.104      -0.087       0.000       0.087       0.104       0.136
    DEMMAL          -0.138      -0.105      -0.088       0.000       0.088       0.105       0.138
    CANF6M           0.000       0.000       0.000       0.000       0.000       0.000       0.000
    ALCF6M           0.000       0.000       0.000       0.000       0.000       0.000       0.000

 Variances
    DEMAGE           1.000       1.000       1.000       1.000       1.000       1.000       1.000
    DEMMAL           1.000       1.000       1.000       1.000       1.000       1.000       1.000
    CANF6M           1.000       1.000       1.000       1.000       1.000       1.000       1.000
    ALCF6M           1.000       1.000       1.000       1.000       1.000       1.000       1.000

 Residual Variances
    CVLALF           0.921       0.932       0.937       0.967       0.996       1.001       1.012

Between Level

 CVLALF   ON
    CANF6MBW        -0.313      -0.223      -0.177       0.063       0.304       0.350       0.440
    ALCF6MBW        -0.259      -0.142      -0.083       0.229       0.540       0.599       0.716

 CANF6MBW WITH
    ALCF6MBW         0.118       0.160       0.181       0.293       0.405       0.426       0.468

 Means
    CANF6MBW        -0.145      -0.105      -0.084       0.025       0.133       0.154       0.195
    ALCF6MBW        -0.149      -0.108      -0.087       0.021       0.130       0.150       0.191

 Intercepts
    CVLALF          -2.299      -2.045      -1.916      -1.238      -0.561      -0.431      -0.178

 Variances
    CANF6MBW         1.000       1.000       1.000       1.000       1.000       1.000       1.000
    ALCF6MBW         1.000       1.000       1.000       1.000       1.000       1.000       1.000

 Residual Variances
    CVLALF           0.692       0.750       0.780       0.935       1.091       1.120       1.179


TECHNICAL 1 OUTPUT


     PARAMETER SPECIFICATION FOR WITHIN


           NU
              CANF6MBW      ALCF6MBW      CVLALF        DEMAGE        DEMMAL
              ________      ________      ________      ________      ________
 1                  0             0             0             0             0


           NU
              CANF6M        ALCF6M
              ________      ________
 1                  0             0


           LAMBDA
              CANF6MBW      ALCF6MBW      CVLALF        DEMAGE        DEMMAL
              ________      ________      ________      ________      ________
 CANF6MBW           0             0             0             0             0
 ALCF6MBW           0             0             0             0             0
 CVLALF             0             0             0             0             0
 DEMAGE             0             0             0             0             0
 DEMMAL             0             0             0             0             0
 CANF6M             0             0             0             0             0
 ALCF6M             0             0             0             0             0


           LAMBDA
              CANF6M        ALCF6M
              ________      ________
 CANF6MBW           0             0
 ALCF6MBW           0             0
 CVLALF             0             0
 DEMAGE             0             0
 DEMMAL             0             0
 CANF6M             0             0
 ALCF6M             0             0


           THETA
              CANF6MBW      ALCF6MBW      CVLALF        DEMAGE        DEMMAL
              ________      ________      ________      ________      ________
 CANF6MBW           0
 ALCF6MBW           0             0
 CVLALF             0             0             0
 DEMAGE             0             0             0             0
 DEMMAL             0             0             0             0             0
 CANF6M             0             0             0             0             0
 ALCF6M             0             0             0             0             0


           THETA
              CANF6M        ALCF6M
              ________      ________
 CANF6M             0
 ALCF6M             0             0


           ALPHA
              CANF6MBW      ALCF6MBW      CVLALF        DEMAGE        DEMMAL
              ________      ________      ________      ________      ________
 1                  0             0             0             1             2


           ALPHA
              CANF6M        ALCF6M
              ________      ________
 1                  3             4


           BETA
              CANF6MBW      ALCF6MBW      CVLALF        DEMAGE        DEMMAL
              ________      ________      ________      ________      ________
 CANF6MBW           0             0             0             0             0
 ALCF6MBW           0             0             0             0             0
 CVLALF             0             0             0             5             6
 DEMAGE             0             0             0             0             0
 DEMMAL             0             0             0             0             0
 CANF6M             0             0             0             0             0
 ALCF6M             0             0             0             0             0


           BETA
              CANF6M        ALCF6M
              ________      ________
 CANF6MBW           0             0
 ALCF6MBW           0             0
 CVLALF             7             8
 DEMAGE             0             0
 DEMMAL             0             0
 CANF6M             0             0
 ALCF6M             0             0


           PSI
              CANF6MBW      ALCF6MBW      CVLALF        DEMAGE        DEMMAL
              ________      ________      ________      ________      ________
 CANF6MBW           0
 ALCF6MBW           0             0
 CVLALF             0             0             9
 DEMAGE             0             0             0            10
 DEMMAL             0             0             0             0            11
 CANF6M             0             0             0            12            13
 ALCF6M             0             0             0            15            16


           PSI
              CANF6M        ALCF6M
              ________      ________
 CANF6M            14
 ALCF6M            17            18


     PARAMETER SPECIFICATION FOR BETWEEN


           NU
              CANF6MBW      ALCF6MBW      CVLALF        DEMAGE        DEMMAL
              ________      ________      ________      ________      ________
 1                  0             0             0             0             0


           NU
              CANF6M        ALCF6M
              ________      ________
 1                  0             0


           LAMBDA
              CANF6MBW      ALCF6MBW      CVLALF        DEMAGE        DEMMAL
              ________      ________      ________      ________      ________
 CANF6MBW           0             0             0             0             0
 ALCF6MBW           0             0             0             0             0
 CVLALF             0             0             0             0             0
 DEMAGE             0             0             0             0             0
 DEMMAL             0             0             0             0             0
 CANF6M             0             0             0             0             0
 ALCF6M             0             0             0             0             0


           LAMBDA
              CANF6M        ALCF6M
              ________      ________
 CANF6MBW           0             0
 ALCF6MBW           0             0
 CVLALF             0             0
 DEMAGE             0             0
 DEMMAL             0             0
 CANF6M             0             0
 ALCF6M             0             0


           THETA
              CANF6MBW      ALCF6MBW      CVLALF        DEMAGE        DEMMAL
              ________      ________      ________      ________      ________
 CANF6MBW           0
 ALCF6MBW           0             0
 CVLALF             0             0             0
 DEMAGE             0             0             0             0
 DEMMAL             0             0             0             0             0
 CANF6M             0             0             0             0             0
 ALCF6M             0             0             0             0             0


           THETA
              CANF6M        ALCF6M
              ________      ________
 CANF6M             0
 ALCF6M             0             0


           ALPHA
              CANF6MBW      ALCF6MBW      CVLALF        DEMAGE        DEMMAL
              ________      ________      ________      ________      ________
 1                 19            20            21             0             0


           ALPHA
              CANF6M        ALCF6M
              ________      ________
 1                  0             0


           BETA
              CANF6MBW      ALCF6MBW      CVLALF        DEMAGE        DEMMAL
              ________      ________      ________      ________      ________
 CANF6MBW           0             0             0             0             0
 ALCF6MBW           0             0             0             0             0
 CVLALF            22            23             0             0             0
 DEMAGE             0             0             0             0             0
 DEMMAL             0             0             0             0             0
 CANF6M             0             0             0             0             0
 ALCF6M             0             0             0             0             0


           BETA
              CANF6M        ALCF6M
              ________      ________
 CANF6MBW           0             0
 ALCF6MBW           0             0
 CVLALF             0             0
 DEMAGE             0             0
 DEMMAL             0             0
 CANF6M             0             0
 ALCF6M             0             0


           PSI
              CANF6MBW      ALCF6MBW      CVLALF        DEMAGE        DEMMAL
              ________      ________      ________      ________      ________
 CANF6MBW          24
 ALCF6MBW          25            26
 CVLALF             0             0            27
 DEMAGE             0             0             0             0
 DEMMAL             0             0             0             0             0
 CANF6M             0             0             0             0             0
 ALCF6M             0             0             0             0             0


           PSI
              CANF6M        ALCF6M
              ________      ________
 CANF6M             0
 ALCF6M             0             0


     STARTING VALUES FOR WITHIN


           NU
              CANF6MBW      ALCF6MBW      CVLALF        DEMAGE        DEMMAL
              ________      ________      ________      ________      ________
 1              0.000         0.000         0.000         0.000         0.000


           NU
              CANF6M        ALCF6M
              ________      ________
 1              0.000         0.000


           LAMBDA
              CANF6MBW      ALCF6MBW      CVLALF        DEMAGE        DEMMAL
              ________      ________      ________      ________      ________
 CANF6MBW       1.000         0.000         0.000         0.000         0.000
 ALCF6MBW       0.000         1.000         0.000         0.000         0.000
 CVLALF         0.000         0.000         1.000         0.000         0.000
 DEMAGE         0.000         0.000         0.000         1.000         0.000
 DEMMAL         0.000         0.000         0.000         0.000         1.000
 CANF6M         0.000         0.000         0.000         0.000         0.000
 ALCF6M         0.000         0.000         0.000         0.000         0.000


           LAMBDA
              CANF6M        ALCF6M
              ________      ________
 CANF6MBW       0.000         0.000
 ALCF6MBW       0.000         0.000
 CVLALF         0.000         0.000
 DEMAGE         0.000         0.000
 DEMMAL         0.000         0.000
 CANF6M         1.000         0.000
 ALCF6M         0.000         1.000


           THETA
              CANF6MBW      ALCF6MBW      CVLALF        DEMAGE        DEMMAL
              ________      ________      ________      ________      ________
 CANF6MBW       0.000
 ALCF6MBW       0.000         0.000
 CVLALF         0.000         0.000         0.000
 DEMAGE         0.000         0.000         0.000         0.000
 DEMMAL         0.000         0.000         0.000         0.000         0.000
 CANF6M         0.000         0.000         0.000         0.000         0.000
 ALCF6M         0.000         0.000         0.000         0.000         0.000


           THETA
              CANF6M        ALCF6M
              ________      ________
 CANF6M         0.000
 ALCF6M         0.000         0.000


           ALPHA
              CANF6MBW      ALCF6MBW      CVLALF        DEMAGE        DEMMAL
              ________      ________      ________      ________      ________
 1              0.000         0.000         0.000         0.000         0.000


           ALPHA
              CANF6M        ALCF6M
              ________      ________
 1              0.000         0.000


           BETA
              CANF6MBW      ALCF6MBW      CVLALF        DEMAGE        DEMMAL
              ________      ________      ________      ________      ________
 CANF6MBW       0.000         0.000         0.000         0.000         0.000
 ALCF6MBW       0.000         0.000         0.000         0.000         0.000
 CVLALF         0.000         0.000         0.000         0.000         0.000
 DEMAGE         0.000         0.000         0.000         0.000         0.000
 DEMMAL         0.000         0.000         0.000         0.000         0.000
 CANF6M         0.000         0.000         0.000         0.000         0.000
 ALCF6M         0.000         0.000         0.000         0.000         0.000


           BETA
              CANF6M        ALCF6M
              ________      ________
 CANF6MBW       0.000         0.000
 ALCF6MBW       0.000         0.000
 CVLALF         0.000         0.000
 DEMAGE         0.000         0.000
 DEMMAL         0.000         0.000
 CANF6M         0.000         0.000
 ALCF6M         0.000         0.000


           PSI
              CANF6MBW      ALCF6MBW      CVLALF        DEMAGE        DEMMAL
              ________      ________      ________      ________      ________
 CANF6MBW       0.000
 ALCF6MBW       0.000         0.000
 CVLALF         0.000         0.000         0.603
 DEMAGE         0.000         0.000         0.000         3.351
 DEMMAL         0.000         0.000         0.000         0.000         0.124
 CANF6M         0.000         0.000         0.000         0.000         0.000
 ALCF6M         0.000         0.000         0.000         0.000         0.000


           PSI
              CANF6M        ALCF6M
              ________      ________
 CANF6M        24.806
 ALCF6M         0.000        12.775


     STARTING VALUES FOR BETWEEN


           NU
              CANF6MBW      ALCF6MBW      CVLALF        DEMAGE        DEMMAL
              ________      ________      ________      ________      ________
 1              0.000         0.000         0.000         0.000         0.000


           NU
              CANF6M        ALCF6M
              ________      ________
 1              0.000         0.000


           LAMBDA
              CANF6MBW      ALCF6MBW      CVLALF        DEMAGE        DEMMAL
              ________      ________      ________      ________      ________
 CANF6MBW       1.000         0.000         0.000         0.000         0.000
 ALCF6MBW       0.000         1.000         0.000         0.000         0.000
 CVLALF         0.000         0.000         1.000         0.000         0.000
 DEMAGE         0.000         0.000         0.000         1.000         0.000
 DEMMAL         0.000         0.000         0.000         0.000         1.000
 CANF6M         0.000         0.000         0.000         0.000         0.000
 ALCF6M         0.000         0.000         0.000         0.000         0.000


           LAMBDA
              CANF6M        ALCF6M
              ________      ________
 CANF6MBW       0.000         0.000
 ALCF6MBW       0.000         0.000
 CVLALF         0.000         0.000
 DEMAGE         0.000         0.000
 DEMMAL         0.000         0.000
 CANF6M         1.000         0.000
 ALCF6M         0.000         1.000


           THETA
              CANF6MBW      ALCF6MBW      CVLALF        DEMAGE        DEMMAL
              ________      ________      ________      ________      ________
 CANF6MBW       0.000
 ALCF6MBW       0.000         0.000
 CVLALF         0.000         0.000         0.000
 DEMAGE         0.000         0.000         0.000         0.000
 DEMMAL         0.000         0.000         0.000         0.000         0.000
 CANF6M         0.000         0.000         0.000         0.000         0.000
 ALCF6M         0.000         0.000         0.000         0.000         0.000


           THETA
              CANF6M        ALCF6M
              ________      ________
 CANF6M         0.000
 ALCF6M         0.000         0.000


           ALPHA
              CANF6MBW      ALCF6MBW      CVLALF        DEMAGE        DEMMAL
              ________      ________      ________      ________      ________
 1              0.000         0.000        -0.494         0.000         0.000


           ALPHA
              CANF6M        ALCF6M
              ________      ________
 1              0.000         0.000


           BETA
              CANF6MBW      ALCF6MBW      CVLALF        DEMAGE        DEMMAL
              ________      ________      ________      ________      ________
 CANF6MBW       0.000         0.000         0.000         0.000         0.000
 ALCF6MBW       0.000         0.000         0.000         0.000         0.000
 CVLALF         0.000         0.000         0.000         0.000         0.000
 DEMAGE         0.000         0.000         0.000         0.000         0.000
 DEMMAL         0.000         0.000         0.000         0.000         0.000
 CANF6M         0.000         0.000         0.000         0.000         0.000
 ALCF6M         0.000         0.000         0.000         0.000         0.000


           BETA
              CANF6M        ALCF6M
              ________      ________
 CANF6MBW       0.000         0.000
 ALCF6MBW       0.000         0.000
 CVLALF         0.000         0.000
 DEMAGE         0.000         0.000
 DEMMAL         0.000         0.000
 CANF6M         0.000         0.000
 ALCF6M         0.000         0.000


           PSI
              CANF6MBW      ALCF6MBW      CVLALF        DEMAGE        DEMMAL
              ________      ________      ________      ________      ________
 CANF6MBW      43.620
 ALCF6MBW       0.000        21.387
 CVLALF         0.000         0.000         0.603
 DEMAGE         0.000         0.000         0.000         0.000
 DEMMAL         0.000         0.000         0.000         0.000         0.000
 CANF6M         0.000         0.000         0.000         0.000         0.000
 ALCF6M         0.000         0.000         0.000         0.000         0.000


           PSI
              CANF6M        ALCF6M
              ________      ________
 CANF6M         0.000
 ALCF6M         0.000         0.000


     Beginning Time:  16:00:45
        Ending Time:  16:00:45
       Elapsed Time:  00:00:00



MUTHEN & MUTHEN
3463 Stoner Ave.
Los Angeles, CA  90066

Tel: (310) 391-9971
Fax: (310) 391-8971
Web: www.StatModel.com
Support: Support@StatModel.com

Copyright (c) 1998-2015 Muthen & Muthen
