Mplus VERSION 7.4 (Mac)
MUTHEN & MUTHEN
05/06/2020   4:00 PM

INPUT INSTRUCTIONS


  TITLE: CANF6M_SRPWCR_2;

  DATA:
  	FILE = GD190618rr.csv;

  VARIABLE:
  	NAMES =
  			ID_Fam   Wave     ID_MPL
  			DEMMAL   DEMAGE   DEMHSP   DEMRAC
  			SRPWCR
  			WASVCB   WASBLK   WASDGT   WSISUM
  			TRLATS   TRLBTS
  			CVLASF   CVLASC   CVLALF   CVLALC
  			CVLCOM
  			CANEVR   CANONS   CANFLF
  			CANFTY   CANF6M   CANAC6
  			CANYRS
  			ALCEVR   ALCONS   ALCFLF
  			ALCFTY   ALCF6M   ALCAC6
  			ALCYRS
  			SRPWCRDt WASVCBDt WASBLKDt
  			WASDGTDt WSISUMDt TRLATSDt
  			TRLBTSDt CVLASFDt CVLASCDt
  			CVLALFDt CVLALCDt CVLCOMDt
  		;
  	USEVARIABLES =
  		! outcome
  	  		SRPWCR
    		! covariates
  	  		DEMAGE
    			DEMMAL  		
    		! within predictor
    			CANF6M
    			ALCF6M
    		! between predictor
    			CANF6MBW
    			ALCF6MBW
    			;
    	USEOBSERVATION =
    			(Wave EQ 2 AND SRPWCRDt EQ 1)
    		;
    	CLUSTER =
    			ID_Fam
    		;
    	MISSING = .;
    	BETWEEN =   		
    			CANF6MBW
    			ALCF6MBW
    		;
    	WITHIN  		
    			CANF6M
    			ALCF6M
    			DEMAGE
    			DEMMAL
    		;  		

  DEFINE:
  	! CREATE BW FAM PREDICTOR
  		CANF6MBW = cluster_mean (CANF6M);	
  		ALCF6MBW = cluster_mean (ALCF6M);	
  	! CENTER WI FAM VARIABLES
  		CENTER CANF6M (GROUPMEAN);
  		CENTER ALCF6M (GROUPMEAN);
  		CENTER DEMMAL (GRANDMEAN);
  		CENTER DEMAGE (GRANDMEAN);		
  	! CENTER BW FAM VARIABLES
  		CENTER CANF6MBW (GRANDMEAN);
  		CENTER ALCF6MBW (GRANDMEAN);

  ANALYSIS:
          ITERATIONS = 1000000;
          TYPE = TWOLEVEL RANDOM;
          ALGORITHM = INTEGRATION;

  OUTPUT:
  	SAMPSTAT STDYX TECH1 CINT;

  MODEL:
  %WITHIN%
  	SRPWCR on CANF6M;
  	SRPWCR on  DEMMAL DEMAGE ALCF6M;	
  	SRPWCR*;
  	CANF6M*;

  	CANF6M WITH DEMMAL*;
  	CANF6M WITH DEMAGE*;
  	ALCF6M WITH DEMMAL*;
  	ALCF6M WITH DEMAGE*;
  	CANF6M WITH ALCF6M*;

  %BETWEEN%
  	SRPWCR on CANF6MBW ALCF6MBW;
  	SRPWCR*;
  	CANF6MBW*;
  	CANF6MBW WITH ALCF6MBW*;



INPUT READING TERMINATED NORMALLY



CANF6M_SRPWCR_2;

SUMMARY OF ANALYSIS

Number of groups                                                 1
Number of observations                                         874

Number of dependent variables                                    1
Number of independent variables                                  6
Number of continuous latent variables                            0

Observed dependent variables

  Continuous
   SRPWCR

Observed independent variables
   DEMAGE      DEMMAL      CANF6M      ALCF6M      CANF6MBW    ALCF6MBW

Variables with special functions

  Cluster variable      ID_FAM

  Within variables
   DEMAGE      DEMMAL      CANF6M      ALCF6M

  Between variables
   CANF6MBW    ALCF6MBW

  Centering (GRANDMEAN)
   DEMMAL      DEMAGE      CANF6MBW    ALCF6MBW

  Centering (GROUPMEAN)
   CANF6M      ALCF6M


Estimator                                                      MLR
Information matrix                                        OBSERVED
Optimization Specifications for the Quasi-Newton Algorithm for
Continuous Outcomes
  Maximum number of iterations                             1000000
  Convergence criterion                                  0.100D-05
Optimization Specifications for the EM Algorithm
  Maximum number of iterations                                 500
  Convergence criteria
    Loglikelihood change                                 0.100D-02
    Relative loglikelihood change                        0.100D-05
    Derivative                                           0.100D-02
Optimization Specifications for the M step of the EM Algorithm for
Categorical Latent variables
  Number of M step iterations                                    1
  M step convergence criterion                           0.100D-02
  Basis for M step termination                           ITERATION
Optimization Specifications for the M step of the EM Algorithm for
Censored, Binary or Ordered Categorical (Ordinal), Unordered
Categorical (Nominal) and Count Outcomes
  Number of M step iterations                                    1
  M step convergence criterion                           0.100D-02
  Basis for M step termination                           ITERATION
  Maximum value for logit thresholds                            15
  Minimum value for logit thresholds                           -15
  Minimum expected cell size for chi-square              0.100D-01
Maximum number of iterations for H1                           2000
Convergence criterion for H1                             0.100D-03
Optimization algorithm                                         EMA
Integration Specifications
  Type                                                    STANDARD
  Number of integration points                                  15
  Dimensions of numerical integration                            0
  Adaptive quadrature                                           ON
Cholesky                                                       OFF

Input data file(s)
  GD190618rr.csv
Input data format  FREE


SUMMARY OF DATA

     Number of missing data patterns             3
     Number of clusters                        474



COVARIANCE COVERAGE OF DATA

Minimum covariance coverage value   0.100


     PROPORTION OF DATA PRESENT FOR Y


           Covariance Coverage
              CANF6MBW      ALCF6MBW      SRPWCR        DEMAGE        DEMMAL
              ________      ________      ________      ________      ________
 CANF6MBW       1.000
 ALCF6MBW       1.000         1.000
 SRPWCR         0.898         0.898         0.898
 DEMAGE         0.999         0.999         0.898         0.999
 DEMMAL         0.999         0.999         0.898         0.999         0.999
 CANF6M         1.000         1.000         0.898         0.999         0.999
 ALCF6M         1.000         1.000         0.898         0.999         0.999


           Covariance Coverage
              CANF6M        ALCF6M
              ________      ________
 CANF6M         1.000
 ALCF6M         1.000         1.000


SAMPLE STATISTICS


     ESTIMATED SAMPLE STATISTICS


           Means
              CANF6MBW      ALCF6MBW      SRPWCR        DEMAGE        DEMMAL
              ________      ________      ________      ________      ________
 1              0.000         0.000         5.528         0.001         0.000


           Means
              CANF6M        ALCF6M
              ________      ________
 1              0.000         0.000


           Covariances
              CANF6MBW      ALCF6MBW      SRPWCR        DEMAGE        DEMMAL
              ________      ________      ________      ________      ________
 CANF6MBW      88.552
 ALCF6MBW      12.340        39.844
 SRPWCR        -5.797         1.205        77.452
 DEMAGE        -3.017         0.466        -1.199         7.040
 DEMMAL         0.607         0.184         0.248        -0.131         0.236
 CANF6M         0.000         0.000         3.997        -1.543         0.603
 ALCF6M         0.000         0.000         0.246        -0.270         0.348


           Covariances
              CANF6M        ALCF6M
              ________      ________
 CANF6M        49.337
 ALCF6M         5.910        22.151


           Correlations
              CANF6MBW      ALCF6MBW      SRPWCR        DEMAGE        DEMMAL
              ________      ________      ________      ________      ________
 CANF6MBW       1.000
 ALCF6MBW       0.208         1.000
 SRPWCR        -0.070         0.022         1.000
 DEMAGE        -0.121         0.028        -0.051         1.000
 DEMMAL         0.133         0.060         0.058        -0.102         1.000
 CANF6M         0.000         0.000         0.065        -0.083         0.177
 ALCF6M         0.000         0.000         0.006        -0.022         0.152


           Correlations
              CANF6M        ALCF6M
              ________      ________
 CANF6M         1.000
 ALCF6M         0.179         1.000


     MAXIMUM LOG-LIKELIHOOD VALUE FOR THE UNRESTRICTED (H1) MODEL IS -17025.115


UNIVARIATE SAMPLE STATISTICS


     UNIVARIATE HIGHER-ORDER MOMENT DESCRIPTIVE STATISTICS

         Variable/         Mean/     Skewness/   Minimum/ % with                Percentiles
        Sample Size      Variance    Kurtosis    Maximum  Min/Max      20%/60%    40%/80%    Median

     CANF6MBW              0.459       0.936      -8.010   28.90%      -8.010     -7.425     -5.260
             474.000     101.866      -0.412      21.990    8.65%       0.325      7.825
     ALCF6MBW              0.242       1.475      -6.198    5.27%      -5.283     -3.363     -2.198
             474.000      46.784       1.739      23.802    1.05%      -0.863      4.637
     SRPWCR                5.571       0.243     -24.000    0.13%      -1.000      4.000      6.000
             785.000      77.432       3.210      64.000    0.13%       8.000     12.000
     DEMAGE                0.000       0.532      -5.277    0.11%      -2.297     -0.937     -0.307
             873.000       7.040       0.006       9.743    0.11%       0.433      2.163
     DEMMAL                0.000      -0.488      -0.619   38.14%      -0.619      0.381      0.381
             873.000       0.236      -1.762       0.381   61.86%       0.381      0.381
     CANF6M                0.000       0.106     -20.000    0.23%      -2.085      0.000      0.000
             874.000      49.337       1.042      20.250    0.11%       0.000      1.665
     ALCF6M                0.000       0.265     -14.835    0.23%      -2.500     -0.165      0.000
             874.000      22.151       2.037      18.777    0.11%       0.000      2.085

     THE STANDARD ERRORS OF THE MODEL PARAMETER ESTIMATES MAY NOT BE
     TRUSTWORTHY FOR SOME PARAMETERS DUE TO A NON-POSITIVE DEFINITE
     FIRST-ORDER DERIVATIVE PRODUCT MATRIX.  THIS MAY BE DUE TO THE STARTING
     VALUES BUT MAY ALSO BE AN INDICATION OF MODEL NONIDENTIFICATION.  THE
     CONDITION NUMBER IS      -0.573D-16.  PROBLEM INVOLVING THE FOLLOWING PARAMETER:
     Parameter 3, %WITHIN%: [ CANF6M ]


THE MODEL ESTIMATION TERMINATED NORMALLY



MODEL FIT INFORMATION

Number of Free Parameters                       27

Loglikelihood

          H0 Value                      -14356.449
          H0 Scaling Correction Factor      1.2056
            for MLR

Information Criteria

          Akaike (AIC)                   28766.897
          Bayesian (BIC)                 28895.770
          Sample-Size Adjusted BIC       28810.025
            (n* = (n + 2) / 24)



MODEL RESULTS

                                                    Two-Tailed
                    Estimate       S.E.  Est./S.E.    P-Value

Within Level

 SRPWCR     ON
    CANF6M             0.067      0.048      1.376      0.169
    DEMMAL             0.995      0.690      1.441      0.150
    DEMAGE            -0.181      0.116     -1.562      0.118
    ALCF6M            -0.024      0.058     -0.414      0.679

 CANF6M   WITH
    DEMMAL             0.581      0.114      5.083      0.000
    DEMAGE            -1.218      0.519     -2.348      0.019
    ALCF6M             5.873      1.756      3.345      0.001

 ALCF6M   WITH
    DEMMAL             0.347      0.075      4.636      0.000
    DEMAGE            -0.079      0.375     -0.212      0.832

 Means
    DEMAGE             0.000      0.100      0.003      0.998
    DEMMAL             0.000      0.017     -0.002      0.998
    CANF6M             0.000      0.000      0.070      0.945
    ALCF6M             0.000      0.000    999.000    999.000

 Variances
    DEMAGE             7.040      0.329     21.378      0.000
    DEMMAL             0.236      0.004     56.913      0.000
    CANF6M            49.226      3.898     12.629      0.000
    ALCF6M            22.147      2.058     10.760      0.000

 Residual Variances
    SRPWCR            74.134      8.592      8.629      0.000

Between Level

 SRPWCR     ON
    CANF6MBW          -0.090      0.032     -2.779      0.005
    ALCF6MBW           0.057      0.052      1.089      0.276

 CANF6MBW WITH
    ALCF6MBW          14.254      3.582      3.979      0.000

 Means
    CANF6MBW           0.459      0.464      0.989      0.323
    ALCF6MBW           0.242      0.314      0.770      0.441

 Intercepts
    SRPWCR             5.486      0.316     17.366      0.000

 Variances
    CANF6MBW         101.866      5.896     17.279      0.000
    ALCF6MBW          46.784      4.155     11.260      0.000

 Residual Variances
    SRPWCR             2.083      4.154      0.501      0.616


STANDARDIZED MODEL RESULTS


STDYX Standardization

                                                    Two-Tailed
                    Estimate       S.E.  Est./S.E.    P-Value

Within Level

 SRPWCR     ON
    CANF6M             0.054      0.038      1.416      0.157
    DEMMAL             0.056      0.038      1.463      0.143
    DEMAGE            -0.055      0.035     -1.583      0.113
    ALCF6M            -0.013      0.032     -0.414      0.679

 CANF6M   WITH
    DEMMAL             0.170      0.031      5.413      0.000
    DEMAGE            -0.065      0.028     -2.377      0.017
    ALCF6M             0.178      0.051      3.519      0.000

 ALCF6M   WITH
    DEMMAL             0.152      0.030      5.056      0.000
    DEMAGE            -0.006      0.030     -0.212      0.832

 Means
    DEMAGE             0.000      0.038      0.003      0.998
    DEMMAL             0.000      0.036     -0.002      0.998
    CANF6M             0.000      0.000    999.000    999.000
    ALCF6M             0.000      0.000    999.000    999.000

 Variances
    DEMAGE             1.000      0.000    999.000    999.000
    DEMMAL             1.000      0.000    999.000    999.000
    CANF6M             1.000      0.000    999.000    999.000
    ALCF6M             1.000      0.000    999.000    999.000

 Residual Variances
    SRPWCR             0.990      0.007    140.242      0.000

Between Level

 SRPWCR     ON
    CANF6MBW          -0.530      0.391     -1.355      0.175
    ALCF6MBW           0.227      0.248      0.916      0.360

 CANF6MBW WITH
    ALCF6MBW           0.206      0.049      4.245      0.000

 Means
    CANF6MBW           0.045      0.045      1.011      0.312
    ALCF6MBW           0.035      0.045      0.790      0.429

 Intercepts
    SRPWCR             3.218      2.398      1.342      0.180

 Variances
    CANF6MBW           1.000      0.000    999.000    999.000
    ALCF6MBW           1.000      0.000    999.000    999.000

 Residual Variances
    SRPWCR             0.717      0.413      1.734      0.083


R-SQUARE

Within Level

    Observed                                        Two-Tailed
    Variable        Estimate       S.E.  Est./S.E.    P-Value

    SRPWCR             0.010      0.007      1.449      0.147

Between Level

    Observed                                        Two-Tailed
    Variable        Estimate       S.E.  Est./S.E.    P-Value

    SRPWCR             0.283      0.413      0.684      0.494


QUALITY OF NUMERICAL RESULTS

     Condition Number for the Information Matrix             -0.573E-16
       (ratio of smallest to largest eigenvalue)


CONFIDENCE INTERVALS OF MODEL RESULTS

                  Lower .5%  Lower 2.5%    Lower 5%    Estimate    Upper 5%  Upper 2.5%   Upper .5%

Within Level

 SRPWCR   ON
    CANF6M          -0.058      -0.028      -0.013       0.067       0.147       0.162       0.192
    DEMMAL          -0.784      -0.359      -0.141       0.995       2.131       2.348       2.773
    DEMAGE          -0.479      -0.407      -0.371      -0.181       0.010       0.046       0.117
    ALCF6M          -0.174      -0.138      -0.120      -0.024       0.072       0.090       0.126

 CANF6M   WITH
    DEMMAL           0.286       0.357       0.393       0.581       0.769       0.805       0.875
    DEMAGE          -2.554      -2.235      -2.072      -1.218      -0.365      -0.202       0.118
    ALCF6M           1.350       2.432       2.985       5.873       8.762       9.315      10.396

 ALCF6M   WITH
    DEMMAL           0.154       0.200       0.224       0.347       0.470       0.494       0.540
    DEMAGE          -1.046      -0.815      -0.697      -0.079       0.538       0.656       0.888

 Means
    DEMAGE          -0.257      -0.195      -0.164       0.000       0.164       0.196       0.257
    DEMMAL          -0.045      -0.034      -0.029       0.000       0.029       0.034       0.045
    CANF6M           0.000       0.000       0.000       0.000       0.000       0.000       0.000
    ALCF6M           0.000       0.000       0.000       0.000       0.000       0.000       0.000

 Variances
    DEMAGE           6.192       6.394       6.498       7.040       7.581       7.685       7.888
    DEMMAL           0.225       0.228       0.229       0.236       0.243       0.244       0.247
    CANF6M          39.186      41.586      42.814      49.226      55.638      56.866      59.266
    ALCF6M          16.845      18.113      18.761      22.147      25.533      26.181      27.448

 Residual Variances
    SRPWCR          52.004      57.294      60.001      74.134      88.267      90.974      96.264

Between Level

 SRPWCR   ON
    CANF6MBW        -0.173      -0.153      -0.143      -0.090      -0.037      -0.026      -0.007
    ALCF6MBW        -0.077      -0.045      -0.029       0.057       0.142       0.159       0.191

 CANF6MBW WITH
    ALCF6MBW         5.027       7.233       8.362      14.254      20.147      21.276      23.482

 Means
    CANF6MBW        -0.735      -0.450      -0.304       0.459       1.221       1.367       1.653
    ALCF6MBW        -0.567      -0.374      -0.275       0.242       0.759       0.858       1.051

 Intercepts
    SRPWCR           4.672       4.867       4.966       5.486       6.005       6.105       6.299

 Variances
    CANF6MBW        86.680      90.311      92.168     101.866     111.564     113.421     117.052
    ALCF6MBW        36.081      38.640      39.949      46.784      53.619      54.927      57.486

 Residual Variances
    SRPWCR          -8.617      -6.059      -4.750       2.083       8.917      10.225      12.783


CONFIDENCE INTERVALS OF STANDARDIZED MODEL RESULTS


STDYX Standardization

                  Lower .5%  Lower 2.5%    Lower 5%    Estimate    Upper 5%  Upper 2.5%   Upper .5%

Within Level

 SRPWCR   ON
    CANF6M          -0.044      -0.021      -0.009       0.054       0.117       0.129       0.153
    DEMMAL          -0.042      -0.019      -0.007       0.056       0.119       0.131       0.154
    DEMAGE          -0.146      -0.124      -0.113      -0.055       0.002       0.013       0.035
    ALCF6M          -0.095      -0.075      -0.065      -0.013       0.039       0.049       0.068

 CANF6M   WITH
    DEMMAL           0.089       0.109       0.119       0.170       0.222       0.232       0.252
    DEMAGE          -0.136      -0.119      -0.111      -0.065      -0.020      -0.011       0.005
    ALCF6M           0.048       0.079       0.095       0.178       0.261       0.277       0.308

 ALCF6M   WITH
    DEMMAL           0.074       0.093       0.102       0.152       0.201       0.211       0.229
    DEMAGE          -0.084      -0.065      -0.056      -0.006       0.043       0.053       0.071

 Means
    DEMAGE          -0.097      -0.074      -0.062       0.000       0.062       0.074       0.097
    DEMMAL          -0.093      -0.071      -0.059       0.000       0.059       0.070       0.093
    CANF6M           0.000       0.000       0.000       0.000       0.000       0.000       0.000
    ALCF6M           0.000       0.000       0.000       0.000       0.000       0.000       0.000

 Variances
    DEMAGE           1.000       1.000       1.000       1.000       1.000       1.000       1.000
    DEMMAL           1.000       1.000       1.000       1.000       1.000       1.000       1.000
    CANF6M           1.000       1.000       1.000       1.000       1.000       1.000       1.000
    ALCF6M           1.000       1.000       1.000       1.000       1.000       1.000       1.000

 Residual Variances
    SRPWCR           0.972       0.976       0.978       0.990       1.001       1.004       1.008

Between Level

 SRPWCR   ON
    CANF6MBW        -1.538      -1.297      -1.174      -0.530       0.113       0.237       0.478
    ALCF6MBW        -0.412      -0.259      -0.181       0.227       0.635       0.714       0.866

 CANF6MBW WITH
    ALCF6MBW         0.081       0.111       0.126       0.206       0.286       0.302       0.332

 Means
    CANF6MBW        -0.070      -0.043      -0.029       0.045       0.119       0.134       0.161
    ALCF6MBW        -0.080      -0.052      -0.038       0.035       0.109       0.123       0.151

 Intercepts
    SRPWCR          -2.959      -1.482      -0.727       3.218       7.163       7.919       9.396

 Variances
    CANF6MBW         1.000       1.000       1.000       1.000       1.000       1.000       1.000
    ALCF6MBW         1.000       1.000       1.000       1.000       1.000       1.000       1.000

 Residual Variances
    SRPWCR          -0.348      -0.093       0.037       0.717       1.397       1.527       1.782


TECHNICAL 1 OUTPUT


     PARAMETER SPECIFICATION FOR WITHIN


           NU
              CANF6MBW      ALCF6MBW      SRPWCR        DEMAGE        DEMMAL
              ________      ________      ________      ________      ________
 1                  0             0             0             0             0


           NU
              CANF6M        ALCF6M
              ________      ________
 1                  0             0


           LAMBDA
              CANF6MBW      ALCF6MBW      SRPWCR        DEMAGE        DEMMAL
              ________      ________      ________      ________      ________
 CANF6MBW           0             0             0             0             0
 ALCF6MBW           0             0             0             0             0
 SRPWCR             0             0             0             0             0
 DEMAGE             0             0             0             0             0
 DEMMAL             0             0             0             0             0
 CANF6M             0             0             0             0             0
 ALCF6M             0             0             0             0             0


           LAMBDA
              CANF6M        ALCF6M
              ________      ________
 CANF6MBW           0             0
 ALCF6MBW           0             0
 SRPWCR             0             0
 DEMAGE             0             0
 DEMMAL             0             0
 CANF6M             0             0
 ALCF6M             0             0


           THETA
              CANF6MBW      ALCF6MBW      SRPWCR        DEMAGE        DEMMAL
              ________      ________      ________      ________      ________
 CANF6MBW           0
 ALCF6MBW           0             0
 SRPWCR             0             0             0
 DEMAGE             0             0             0             0
 DEMMAL             0             0             0             0             0
 CANF6M             0             0             0             0             0
 ALCF6M             0             0             0             0             0


           THETA
              CANF6M        ALCF6M
              ________      ________
 CANF6M             0
 ALCF6M             0             0


           ALPHA
              CANF6MBW      ALCF6MBW      SRPWCR        DEMAGE        DEMMAL
              ________      ________      ________      ________      ________
 1                  0             0             0             1             2


           ALPHA
              CANF6M        ALCF6M
              ________      ________
 1                  3             4


           BETA
              CANF6MBW      ALCF6MBW      SRPWCR        DEMAGE        DEMMAL
              ________      ________      ________      ________      ________
 CANF6MBW           0             0             0             0             0
 ALCF6MBW           0             0             0             0             0
 SRPWCR             0             0             0             5             6
 DEMAGE             0             0             0             0             0
 DEMMAL             0             0             0             0             0
 CANF6M             0             0             0             0             0
 ALCF6M             0             0             0             0             0


           BETA
              CANF6M        ALCF6M
              ________      ________
 CANF6MBW           0             0
 ALCF6MBW           0             0
 SRPWCR             7             8
 DEMAGE             0             0
 DEMMAL             0             0
 CANF6M             0             0
 ALCF6M             0             0


           PSI
              CANF6MBW      ALCF6MBW      SRPWCR        DEMAGE        DEMMAL
              ________      ________      ________      ________      ________
 CANF6MBW           0
 ALCF6MBW           0             0
 SRPWCR             0             0             9
 DEMAGE             0             0             0            10
 DEMMAL             0             0             0             0            11
 CANF6M             0             0             0            12            13
 ALCF6M             0             0             0            15            16


           PSI
              CANF6M        ALCF6M
              ________      ________
 CANF6M            14
 ALCF6M            17            18


     PARAMETER SPECIFICATION FOR BETWEEN


           NU
              CANF6MBW      ALCF6MBW      SRPWCR        DEMAGE        DEMMAL
              ________      ________      ________      ________      ________
 1                  0             0             0             0             0


           NU
              CANF6M        ALCF6M
              ________      ________
 1                  0             0


           LAMBDA
              CANF6MBW      ALCF6MBW      SRPWCR        DEMAGE        DEMMAL
              ________      ________      ________      ________      ________
 CANF6MBW           0             0             0             0             0
 ALCF6MBW           0             0             0             0             0
 SRPWCR             0             0             0             0             0
 DEMAGE             0             0             0             0             0
 DEMMAL             0             0             0             0             0
 CANF6M             0             0             0             0             0
 ALCF6M             0             0             0             0             0


           LAMBDA
              CANF6M        ALCF6M
              ________      ________
 CANF6MBW           0             0
 ALCF6MBW           0             0
 SRPWCR             0             0
 DEMAGE             0             0
 DEMMAL             0             0
 CANF6M             0             0
 ALCF6M             0             0


           THETA
              CANF6MBW      ALCF6MBW      SRPWCR        DEMAGE        DEMMAL
              ________      ________      ________      ________      ________
 CANF6MBW           0
 ALCF6MBW           0             0
 SRPWCR             0             0             0
 DEMAGE             0             0             0             0
 DEMMAL             0             0             0             0             0
 CANF6M             0             0             0             0             0
 ALCF6M             0             0             0             0             0


           THETA
              CANF6M        ALCF6M
              ________      ________
 CANF6M             0
 ALCF6M             0             0


           ALPHA
              CANF6MBW      ALCF6MBW      SRPWCR        DEMAGE        DEMMAL
              ________      ________      ________      ________      ________
 1                 19            20            21             0             0


           ALPHA
              CANF6M        ALCF6M
              ________      ________
 1                  0             0


           BETA
              CANF6MBW      ALCF6MBW      SRPWCR        DEMAGE        DEMMAL
              ________      ________      ________      ________      ________
 CANF6MBW           0             0             0             0             0
 ALCF6MBW           0             0             0             0             0
 SRPWCR            22            23             0             0             0
 DEMAGE             0             0             0             0             0
 DEMMAL             0             0             0             0             0
 CANF6M             0             0             0             0             0
 ALCF6M             0             0             0             0             0


           BETA
              CANF6M        ALCF6M
              ________      ________
 CANF6MBW           0             0
 ALCF6MBW           0             0
 SRPWCR             0             0
 DEMAGE             0             0
 DEMMAL             0             0
 CANF6M             0             0
 ALCF6M             0             0


           PSI
              CANF6MBW      ALCF6MBW      SRPWCR        DEMAGE        DEMMAL
              ________      ________      ________      ________      ________
 CANF6MBW          24
 ALCF6MBW          25            26
 SRPWCR             0             0            27
 DEMAGE             0             0             0             0
 DEMMAL             0             0             0             0             0
 CANF6M             0             0             0             0             0
 ALCF6M             0             0             0             0             0


           PSI
              CANF6M        ALCF6M
              ________      ________
 CANF6M             0
 ALCF6M             0             0


     STARTING VALUES FOR WITHIN


           NU
              CANF6MBW      ALCF6MBW      SRPWCR        DEMAGE        DEMMAL
              ________      ________      ________      ________      ________
 1              0.000         0.000         0.000         0.000         0.000


           NU
              CANF6M        ALCF6M
              ________      ________
 1              0.000         0.000


           LAMBDA
              CANF6MBW      ALCF6MBW      SRPWCR        DEMAGE        DEMMAL
              ________      ________      ________      ________      ________
 CANF6MBW       1.000         0.000         0.000         0.000         0.000
 ALCF6MBW       0.000         1.000         0.000         0.000         0.000
 SRPWCR         0.000         0.000         1.000         0.000         0.000
 DEMAGE         0.000         0.000         0.000         1.000         0.000
 DEMMAL         0.000         0.000         0.000         0.000         1.000
 CANF6M         0.000         0.000         0.000         0.000         0.000
 ALCF6M         0.000         0.000         0.000         0.000         0.000


           LAMBDA
              CANF6M        ALCF6M
              ________      ________
 CANF6MBW       0.000         0.000
 ALCF6MBW       0.000         0.000
 SRPWCR         0.000         0.000
 DEMAGE         0.000         0.000
 DEMMAL         0.000         0.000
 CANF6M         1.000         0.000
 ALCF6M         0.000         1.000


           THETA
              CANF6MBW      ALCF6MBW      SRPWCR        DEMAGE        DEMMAL
              ________      ________      ________      ________      ________
 CANF6MBW       0.000
 ALCF6MBW       0.000         0.000
 SRPWCR         0.000         0.000         0.000
 DEMAGE         0.000         0.000         0.000         0.000
 DEMMAL         0.000         0.000         0.000         0.000         0.000
 CANF6M         0.000         0.000         0.000         0.000         0.000
 ALCF6M         0.000         0.000         0.000         0.000         0.000


           THETA
              CANF6M        ALCF6M
              ________      ________
 CANF6M         0.000
 ALCF6M         0.000         0.000


           ALPHA
              CANF6MBW      ALCF6MBW      SRPWCR        DEMAGE        DEMMAL
              ________      ________      ________      ________      ________
 1              0.000         0.000         0.000         0.000         0.000


           ALPHA
              CANF6M        ALCF6M
              ________      ________
 1              0.000         0.000


           BETA
              CANF6MBW      ALCF6MBW      SRPWCR        DEMAGE        DEMMAL
              ________      ________      ________      ________      ________
 CANF6MBW       0.000         0.000         0.000         0.000         0.000
 ALCF6MBW       0.000         0.000         0.000         0.000         0.000
 SRPWCR         0.000         0.000         0.000         0.000         0.000
 DEMAGE         0.000         0.000         0.000         0.000         0.000
 DEMMAL         0.000         0.000         0.000         0.000         0.000
 CANF6M         0.000         0.000         0.000         0.000         0.000
 ALCF6M         0.000         0.000         0.000         0.000         0.000


           BETA
              CANF6M        ALCF6M
              ________      ________
 CANF6MBW       0.000         0.000
 ALCF6MBW       0.000         0.000
 SRPWCR         0.000         0.000
 DEMAGE         0.000         0.000
 DEMMAL         0.000         0.000
 CANF6M         0.000         0.000
 ALCF6M         0.000         0.000


           PSI
              CANF6MBW      ALCF6MBW      SRPWCR        DEMAGE        DEMMAL
              ________      ________      ________      ________      ________
 CANF6MBW       0.000
 ALCF6MBW       0.000         0.000
 SRPWCR         0.000         0.000        38.716
 DEMAGE         0.000         0.000         0.000         3.520
 DEMMAL         0.000         0.000         0.000         0.000         0.118
 CANF6M         0.000         0.000         0.000         0.000         0.000
 ALCF6M         0.000         0.000         0.000         0.000         0.000


           PSI
              CANF6M        ALCF6M
              ________      ________
 CANF6M        24.669
 ALCF6M         0.000        11.076


     STARTING VALUES FOR BETWEEN


           NU
              CANF6MBW      ALCF6MBW      SRPWCR        DEMAGE        DEMMAL
              ________      ________      ________      ________      ________
 1              0.000         0.000         0.000         0.000         0.000


           NU
              CANF6M        ALCF6M
              ________      ________
 1              0.000         0.000


           LAMBDA
              CANF6MBW      ALCF6MBW      SRPWCR        DEMAGE        DEMMAL
              ________      ________      ________      ________      ________
 CANF6MBW       1.000         0.000         0.000         0.000         0.000
 ALCF6MBW       0.000         1.000         0.000         0.000         0.000
 SRPWCR         0.000         0.000         1.000         0.000         0.000
 DEMAGE         0.000         0.000         0.000         1.000         0.000
 DEMMAL         0.000         0.000         0.000         0.000         1.000
 CANF6M         0.000         0.000         0.000         0.000         0.000
 ALCF6M         0.000         0.000         0.000         0.000         0.000


           LAMBDA
              CANF6M        ALCF6M
              ________      ________
 CANF6MBW       0.000         0.000
 ALCF6MBW       0.000         0.000
 SRPWCR         0.000         0.000
 DEMAGE         0.000         0.000
 DEMMAL         0.000         0.000
 CANF6M         1.000         0.000
 ALCF6M         0.000         1.000


           THETA
              CANF6MBW      ALCF6MBW      SRPWCR        DEMAGE        DEMMAL
              ________      ________      ________      ________      ________
 CANF6MBW       0.000
 ALCF6MBW       0.000         0.000
 SRPWCR         0.000         0.000         0.000
 DEMAGE         0.000         0.000         0.000         0.000
 DEMMAL         0.000         0.000         0.000         0.000         0.000
 CANF6M         0.000         0.000         0.000         0.000         0.000
 ALCF6M         0.000         0.000         0.000         0.000         0.000


           THETA
              CANF6M        ALCF6M
              ________      ________
 CANF6M         0.000
 ALCF6M         0.000         0.000


           ALPHA
              CANF6MBW      ALCF6MBW      SRPWCR        DEMAGE        DEMMAL
              ________      ________      ________      ________      ________
 1              0.000         0.000         5.571         0.000         0.000


           ALPHA
              CANF6M        ALCF6M
              ________      ________
 1              0.000         0.000


           BETA
              CANF6MBW      ALCF6MBW      SRPWCR        DEMAGE        DEMMAL
              ________      ________      ________      ________      ________
 CANF6MBW       0.000         0.000         0.000         0.000         0.000
 ALCF6MBW       0.000         0.000         0.000         0.000         0.000
 SRPWCR         0.000         0.000         0.000         0.000         0.000
 DEMAGE         0.000         0.000         0.000         0.000         0.000
 DEMMAL         0.000         0.000         0.000         0.000         0.000
 CANF6M         0.000         0.000         0.000         0.000         0.000
 ALCF6M         0.000         0.000         0.000         0.000         0.000


           BETA
              CANF6M        ALCF6M
              ________      ________
 CANF6MBW       0.000         0.000
 ALCF6MBW       0.000         0.000
 SRPWCR         0.000         0.000
 DEMAGE         0.000         0.000
 DEMMAL         0.000         0.000
 CANF6M         0.000         0.000
 ALCF6M         0.000         0.000


           PSI
              CANF6MBW      ALCF6MBW      SRPWCR        DEMAGE        DEMMAL
              ________      ________      ________      ________      ________
 CANF6MBW      44.276
 ALCF6MBW       0.000        19.922
 SRPWCR         0.000         0.000        38.716
 DEMAGE         0.000         0.000         0.000         0.000
 DEMMAL         0.000         0.000         0.000         0.000         0.000
 CANF6M         0.000         0.000         0.000         0.000         0.000
 ALCF6M         0.000         0.000         0.000         0.000         0.000


           PSI
              CANF6M        ALCF6M
              ________      ________
 CANF6M         0.000
 ALCF6M         0.000         0.000


     Beginning Time:  16:00:48
        Ending Time:  16:00:48
       Elapsed Time:  00:00:00



MUTHEN & MUTHEN
3463 Stoner Ave.
Los Angeles, CA  90066

Tel: (310) 391-9971
Fax: (310) 391-8971
Web: www.StatModel.com
Support: Support@StatModel.com

Copyright (c) 1998-2015 Muthen & Muthen
