Mplus VERSION 7.4 (Mac)
MUTHEN & MUTHEN
05/06/2020   4:00 PM

INPUT INSTRUCTIONS


  TITLE: CANF6M_WASBLK_2;

  DATA:
  	FILE = GD190618rr.csv;

  VARIABLE:
  	NAMES =
  			ID_Fam   Wave     ID_MPL
  			DEMMAL   DEMAGE   DEMHSP   DEMRAC
  			SRPWCR
  			WASVCB   WASBLK   WASDGT   WSISUM
  			TRLATS   TRLBTS
  			CVLASF   CVLASC   CVLALF   CVLALC
  			CVLCOM
  			CANEVR   CANONS   CANFLF
  			CANFTY   CANF6M   CANAC6
  			CANYRS
  			ALCEVR   ALCONS   ALCFLF
  			ALCFTY   ALCF6M   ALCAC6
  			ALCYRS
  			SRPWCRDt WASVCBDt WASBLKDt
  			WASDGTDt WSISUMDt TRLATSDt
  			TRLBTSDt CVLASFDt CVLASCDt
  			CVLALFDt CVLALCDt CVLCOMDt
  		;
  	USEVARIABLES =
  		! outcome
  	  		WASBLK
    		! covariates
  	  		DEMAGE
    			DEMMAL  		
    		! within predictor
    			CANF6M
    			ALCF6M
    		! between predictor
    			CANF6MBW
    			ALCF6MBW
    			;
    	USEOBSERVATION =
    			(Wave EQ 2 AND WASBLKDt EQ 1)
    		;
    	CLUSTER =
    			ID_Fam
    		;
    	MISSING = .;
    	BETWEEN =   		
    			CANF6MBW
    			ALCF6MBW
    		;
    	WITHIN  		
    			CANF6M
    			ALCF6M
    			DEMAGE
    			DEMMAL
    		;  		

  DEFINE:
  	! CREATE BW FAM PREDICTOR
  		CANF6MBW = cluster_mean (CANF6M);	
  		ALCF6MBW = cluster_mean (ALCF6M);	
  	! CENTER WI FAM VARIABLES
  		CENTER CANF6M (GROUPMEAN);
  		CENTER ALCF6M (GROUPMEAN);
  		CENTER DEMMAL (GRANDMEAN);
  		CENTER DEMAGE (GRANDMEAN);		
  	! CENTER BW FAM VARIABLES
  		CENTER CANF6MBW (GRANDMEAN);
  		CENTER ALCF6MBW (GRANDMEAN);

  ANALYSIS:
          ITERATIONS = 1000000;
          TYPE = TWOLEVEL RANDOM;
          ALGORITHM = INTEGRATION;

  OUTPUT:
  	SAMPSTAT STDYX TECH1 CINT;

  MODEL:
  %WITHIN%
  	WASBLK on CANF6M;
  	WASBLK on  DEMMAL DEMAGE ALCF6M;	
  	WASBLK*;
  	CANF6M*;

  	CANF6M WITH DEMMAL*;
  	CANF6M WITH DEMAGE*;
  	ALCF6M WITH DEMMAL*;
  	ALCF6M WITH DEMAGE*;
  	CANF6M WITH ALCF6M*;

  %BETWEEN%
  	WASBLK on CANF6MBW ALCF6MBW;
  	WASBLK*;
  	CANF6MBW*;
  	CANF6MBW WITH ALCF6MBW*;



INPUT READING TERMINATED NORMALLY



CANF6M_WASBLK_2;

SUMMARY OF ANALYSIS

Number of groups                                                 1
Number of observations                                         790

Number of dependent variables                                    1
Number of independent variables                                  6
Number of continuous latent variables                            0

Observed dependent variables

  Continuous
   WASBLK

Observed independent variables
   DEMAGE      DEMMAL      CANF6M      ALCF6M      CANF6MBW    ALCF6MBW

Variables with special functions

  Cluster variable      ID_FAM

  Within variables
   DEMAGE      DEMMAL      CANF6M      ALCF6M

  Between variables
   CANF6MBW    ALCF6MBW

  Centering (GRANDMEAN)
   DEMMAL      DEMAGE      CANF6MBW    ALCF6MBW

  Centering (GROUPMEAN)
   CANF6M      ALCF6M


Estimator                                                      MLR
Information matrix                                        OBSERVED
Optimization Specifications for the Quasi-Newton Algorithm for
Continuous Outcomes
  Maximum number of iterations                             1000000
  Convergence criterion                                  0.100D-05
Optimization Specifications for the EM Algorithm
  Maximum number of iterations                                 500
  Convergence criteria
    Loglikelihood change                                 0.100D-02
    Relative loglikelihood change                        0.100D-05
    Derivative                                           0.100D-02
Optimization Specifications for the M step of the EM Algorithm for
Categorical Latent variables
  Number of M step iterations                                    1
  M step convergence criterion                           0.100D-02
  Basis for M step termination                           ITERATION
Optimization Specifications for the M step of the EM Algorithm for
Censored, Binary or Ordered Categorical (Ordinal), Unordered
Categorical (Nominal) and Count Outcomes
  Number of M step iterations                                    1
  M step convergence criterion                           0.100D-02
  Basis for M step termination                           ITERATION
  Maximum value for logit thresholds                            15
  Minimum value for logit thresholds                           -15
  Minimum expected cell size for chi-square              0.100D-01
Maximum number of iterations for H1                           2000
Convergence criterion for H1                             0.100D-03
Optimization algorithm                                         EMA
Integration Specifications
  Type                                                    STANDARD
  Number of integration points                                  15
  Dimensions of numerical integration                            0
  Adaptive quadrature                                           ON
Cholesky                                                       OFF

Input data file(s)
  GD190618rr.csv
Input data format  FREE


SUMMARY OF DATA

     Number of missing data patterns             3
     Number of clusters                        456



COVARIANCE COVERAGE OF DATA

Minimum covariance coverage value   0.100


     PROPORTION OF DATA PRESENT FOR Y


           Covariance Coverage
              CANF6MBW      ALCF6MBW      WASBLK        DEMAGE        DEMMAL
              ________      ________      ________      ________      ________
 CANF6MBW       1.000
 ALCF6MBW       1.000         1.000
 WASBLK         0.443         0.443         0.443
 DEMAGE         0.999         0.999         0.443         0.999
 DEMMAL         0.999         0.999         0.443         0.999         0.999
 CANF6M         1.000         1.000         0.443         0.999         0.999
 ALCF6M         1.000         1.000         0.443         0.999         0.999


           Covariance Coverage
              CANF6M        ALCF6M
              ________      ________
 CANF6M         1.000
 ALCF6M         1.000         1.000


SAMPLE STATISTICS


     ESTIMATED SAMPLE STATISTICS


           Means
              CANF6MBW      ALCF6MBW      WASBLK        DEMAGE        DEMMAL
              ________      ________      ________      ________      ________
 1              0.000         0.000        54.795         0.000         0.000


           Means
              CANF6M        ALCF6M
              ________      ________
 1              0.000         0.000


           Covariances
              CANF6MBW      ALCF6MBW      WASBLK        DEMAGE        DEMMAL
              ________      ________      ________      ________      ________
 CANF6MBW      93.935
 ALCF6MBW      14.585        42.319
 WASBLK        10.006         5.246        68.985
 DEMAGE        -2.602         0.148        -1.798         6.407
 DEMMAL         0.820         0.256         0.989        -0.168         0.236
 CANF6M         0.000         0.000        -0.410        -1.722         0.481
 ALCF6M         0.000         0.000        -0.537        -0.477         0.279


           Covariances
              CANF6M        ALCF6M
              ________      ________
 CANF6M        45.008
 ALCF6M         5.361        20.100


           Correlations
              CANF6MBW      ALCF6MBW      WASBLK        DEMAGE        DEMMAL
              ________      ________      ________      ________      ________
 CANF6MBW       1.000
 ALCF6MBW       0.231         1.000
 WASBLK         0.124         0.097         1.000
 DEMAGE        -0.106         0.009        -0.086         1.000
 DEMMAL         0.174         0.081         0.245        -0.137         1.000
 CANF6M         0.000         0.000        -0.007        -0.101         0.148
 ALCF6M         0.000         0.000        -0.014        -0.042         0.128


           Correlations
              CANF6M        ALCF6M
              ________      ________
 CANF6M         1.000
 ALCF6M         0.178         1.000


     MAXIMUM LOG-LIKELIHOOD VALUE FOR THE UNRESTRICTED (H1) MODEL IS -13997.020


UNIVARIATE SAMPLE STATISTICS


     UNIVARIATE HIGHER-ORDER MOMENT DESCRIPTIVE STATISTICS

         Variable/         Mean/     Skewness/   Minimum/ % with                Percentiles
        Sample Size      Variance    Kurtosis    Maximum  Min/Max      20%/60%    40%/80%    Median

     CANF6MBW              0.530       0.952      -8.041   30.04%      -8.041     -7.541     -5.956
             456.000     108.872      -0.470      21.959    9.87%       0.294      7.794
     ALCF6MBW              0.114       1.502      -6.276    5.70%      -5.446     -3.611     -2.276
             456.000      48.485       1.772      23.724    1.10%      -1.026      4.809
     WASBLK               54.711      -0.718      26.000    0.57%      49.000     53.000     55.000
             350.000      69.142       0.591      71.000    0.29%      58.000     63.000
     DEMAGE                0.000       0.526      -5.353    0.13%      -2.273     -0.883     -0.333
             789.000       6.407      -0.055       7.677    0.13%       0.397      2.037
     DEMMAL                0.000      -0.493      -0.620   38.02%      -0.620      0.380      0.380
             789.000       0.236      -1.757       0.380   61.98%       0.380      0.380
     CANF6M                0.000       0.113     -20.000    0.13%      -1.292      0.000      0.000
             790.000      45.008       1.353      20.000    0.38%       0.000      1.000
     ALCF6M                0.000       0.191     -14.835    0.25%      -2.335      0.000      0.000
             790.000      20.100       2.229      17.997    0.13%       0.000      1.997

     THE STANDARD ERRORS OF THE MODEL PARAMETER ESTIMATES MAY NOT BE
     TRUSTWORTHY FOR SOME PARAMETERS DUE TO A NON-POSITIVE DEFINITE
     FIRST-ORDER DERIVATIVE PRODUCT MATRIX.  THIS MAY BE DUE TO THE STARTING
     VALUES BUT MAY ALSO BE AN INDICATION OF MODEL NONIDENTIFICATION.  THE
     CONDITION NUMBER IS       0.264D-16.  PROBLEM INVOLVING THE FOLLOWING PARAMETER:
     Parameter 3, %WITHIN%: [ CANF6M ]


THE MODEL ESTIMATION TERMINATED NORMALLY



MODEL FIT INFORMATION

Number of Free Parameters                       27

Loglikelihood

          H0 Value                      -11750.711
          H0 Scaling Correction Factor      1.1429
            for MLR

Information Criteria

          Akaike (AIC)                   23555.423
          Bayesian (BIC)                 23681.568
          Sample-Size Adjusted BIC       23595.829
            (n* = (n + 2) / 24)



MODEL RESULTS

                                                    Two-Tailed
                    Estimate       S.E.  Est./S.E.    P-Value

Within Level

 WASBLK     ON
    CANF6M            -0.048      0.040     -1.222      0.222
    DEMMAL             3.366      0.883      3.811      0.000
    DEMAGE            -0.160      0.157     -1.017      0.309
    ALCF6M            -0.065      0.062     -1.049      0.294

 CANF6M   WITH
    DEMMAL             0.444      0.114      3.911      0.000
    DEMAGE            -1.404      0.531     -2.641      0.008
    ALCF6M             5.304      1.780      2.979      0.003

 ALCF6M   WITH
    DEMMAL             0.272      0.074      3.674      0.000
    DEMAGE            -0.284      0.331     -0.858      0.391

 Means
    DEMAGE             0.000      0.097      0.003      0.998
    DEMMAL             0.000      0.018     -0.002      0.999
    CANF6M             0.000      0.000    999.000    999.000
    ALCF6M             0.000      0.000      0.002      0.998

 Variances
    DEMAGE             6.407      0.314     20.407      0.000
    DEMMAL             0.236      0.004     53.617      0.000
    CANF6M            44.870      3.980     11.274      0.000
    ALCF6M            20.083      2.016      9.960      0.000

 Residual Variances
    WASBLK            36.395      4.315      8.434      0.000

Between Level

 WASBLK     ON
    CANF6MBW           0.057      0.051      1.110      0.267
    ALCF6MBW           0.100      0.079      1.262      0.207

 CANF6MBW WITH
    ALCF6MBW          16.215      3.776      4.294      0.000

 Means
    CANF6MBW           0.530      0.489      1.085      0.278
    ALCF6MBW           0.114      0.326      0.349      0.727

 Intercepts
    WASBLK            54.702      0.519    105.356      0.000

 Variances
    CANF6MBW         108.872      6.307     17.262      0.000
    ALCF6MBW          48.485      4.410     10.994      0.000

 Residual Variances
    WASBLK            28.443      6.306      4.510      0.000


STANDARDIZED MODEL RESULTS


STDYX Standardization

                                                    Two-Tailed
                    Estimate       S.E.  Est./S.E.    P-Value

Within Level

 WASBLK     ON
    CANF6M            -0.052      0.042     -1.237      0.216
    DEMMAL             0.261      0.064      4.095      0.000
    DEMAGE            -0.065      0.064     -1.012      0.312
    ALCF6M            -0.047      0.045     -1.046      0.295

 CANF6M   WITH
    DEMMAL             0.137      0.033      4.101      0.000
    DEMAGE            -0.083      0.031     -2.691      0.007
    ALCF6M             0.177      0.056      3.137      0.002

 ALCF6M   WITH
    DEMMAL             0.125      0.032      3.869      0.000
    DEMAGE            -0.025      0.029     -0.866      0.386

 Means
    DEMAGE             0.000      0.038      0.003      0.998
    DEMMAL             0.000      0.038     -0.002      0.999
    CANF6M             0.000      0.000    999.000    999.000
    ALCF6M             0.000      0.000    999.000    999.000

 Variances
    DEMAGE             1.000      0.000    999.000    999.000
    DEMMAL             1.000      0.000    999.000    999.000
    CANF6M             1.000      0.000    999.000    999.000
    ALCF6M             1.000      0.000    999.000    999.000

 Residual Variances
    WASBLK             0.929      0.032     29.155      0.000

Between Level

 WASBLK     ON
    CANF6MBW           0.109      0.096      1.141      0.254
    ALCF6MBW           0.128      0.098      1.305      0.192

 CANF6MBW WITH
    ALCF6MBW           0.223      0.048      4.619      0.000

 Means
    CANF6MBW           0.051      0.046      1.112      0.266
    ALCF6MBW           0.016      0.046      0.353      0.724

 Intercepts
    WASBLK            10.077      1.176      8.570      0.000

 Variances
    CANF6MBW           1.000      0.000    999.000    999.000
    ALCF6MBW           1.000      0.000    999.000    999.000

 Residual Variances
    WASBLK             0.965      0.034     28.636      0.000


R-SQUARE

Within Level

    Observed                                        Two-Tailed
    Variable        Estimate       S.E.  Est./S.E.    P-Value

    WASBLK             0.071      0.032      2.215      0.027

Between Level

    Observed                                        Two-Tailed
    Variable        Estimate       S.E.  Est./S.E.    P-Value

    WASBLK             0.035      0.034      1.029      0.303


QUALITY OF NUMERICAL RESULTS

     Condition Number for the Information Matrix              0.264E-16
       (ratio of smallest to largest eigenvalue)


CONFIDENCE INTERVALS OF MODEL RESULTS

                  Lower .5%  Lower 2.5%    Lower 5%    Estimate    Upper 5%  Upper 2.5%   Upper .5%

Within Level

 WASBLK   ON
    CANF6M          -0.150      -0.126      -0.113      -0.048       0.017       0.029       0.054
    DEMMAL           1.091       1.635       1.913       3.366       4.819       5.097       5.641
    DEMAGE          -0.563      -0.467      -0.417      -0.160       0.098       0.148       0.244
    ALCF6M          -0.225      -0.187      -0.167      -0.065       0.037       0.057       0.095

 CANF6M   WITH
    DEMMAL           0.152       0.222       0.257       0.444       0.631       0.667       0.737
    DEMAGE          -2.773      -2.445      -2.278      -1.404      -0.530      -0.362      -0.035
    ALCF6M           0.718       1.815       2.376       5.304       8.233       8.794       9.890

 ALCF6M   WITH
    DEMMAL           0.081       0.127       0.150       0.272       0.393       0.416       0.462
    DEMAGE          -1.137      -0.933      -0.829      -0.284       0.261       0.365       0.569

 Means
    DEMAGE          -0.249      -0.189      -0.159       0.000       0.159       0.190       0.249
    DEMMAL          -0.047      -0.036      -0.030       0.000       0.030       0.036       0.047
    CANF6M           0.000       0.000       0.000       0.000       0.000       0.000       0.000
    ALCF6M           0.000       0.000       0.000       0.000       0.000       0.000       0.000

 Variances
    DEMAGE           5.598       5.792       5.891       6.407       6.924       7.023       7.216
    DEMMAL           0.224       0.227       0.228       0.236       0.243       0.244       0.247
    CANF6M          34.618      37.069      38.323      44.870      51.417      52.670      55.121
    ALCF6M          14.889      16.131      16.766      20.083      23.400      24.035      25.277

 Residual Variances
    WASBLK          25.279      27.937      29.296      36.395      43.494      44.853      47.511

Between Level

 WASBLK   ON
    CANF6MBW        -0.075      -0.044      -0.027       0.057       0.141       0.157       0.189
    ALCF6MBW        -0.104      -0.055      -0.030       0.100       0.230       0.255       0.304

 CANF6MBW WITH
    ALCF6MBW         6.489       8.814      10.004      16.215      22.426      23.615      25.940

 Means
    CANF6MBW        -0.728      -0.427      -0.273       0.530       1.334       1.488       1.789
    ALCF6MBW        -0.726      -0.525      -0.423       0.114       0.650       0.753       0.954

 Intercepts
    WASBLK          53.365      53.684      53.848      54.702      55.556      55.720      56.039

 Variances
    CANF6MBW        92.626      96.510      98.497     108.872     119.247     121.233     125.117
    ALCF6MBW        37.125      39.841      41.230      48.485      55.739      57.128      59.844

 Residual Variances
    WASBLK          12.199      16.082      18.069      28.443      38.817      40.803      44.687


CONFIDENCE INTERVALS OF STANDARDIZED MODEL RESULTS


STDYX Standardization

                  Lower .5%  Lower 2.5%    Lower 5%    Estimate    Upper 5%  Upper 2.5%   Upper .5%

Within Level

 WASBLK   ON
    CANF6M          -0.159      -0.134      -0.121      -0.052       0.017       0.030       0.056
    DEMMAL           0.097       0.136       0.156       0.261       0.366       0.386       0.425
    DEMAGE          -0.229      -0.189      -0.169      -0.065       0.040       0.060       0.100
    ALCF6M          -0.162      -0.134      -0.120      -0.047       0.027       0.041       0.068

 CANF6M   WITH
    DEMMAL           0.051       0.071       0.082       0.137       0.191       0.202       0.222
    DEMAGE          -0.162      -0.143      -0.133      -0.083      -0.032      -0.022      -0.004
    ALCF6M           0.032       0.066       0.084       0.177       0.269       0.287       0.322

 ALCF6M   WITH
    DEMMAL           0.042       0.062       0.072       0.125       0.178       0.188       0.208
    DEMAGE          -0.100      -0.082      -0.073      -0.025       0.023       0.032       0.049

 Means
    DEMAGE          -0.098      -0.075      -0.063       0.000       0.063       0.075       0.098
    DEMMAL          -0.097      -0.074      -0.062       0.000       0.062       0.074       0.097
    CANF6M           0.000       0.000       0.000       0.000       0.000       0.000       0.000
    ALCF6M           0.000       0.000       0.000       0.000       0.000       0.000       0.000

 Variances
    DEMAGE           1.000       1.000       1.000       1.000       1.000       1.000       1.000
    DEMMAL           1.000       1.000       1.000       1.000       1.000       1.000       1.000
    CANF6M           1.000       1.000       1.000       1.000       1.000       1.000       1.000
    ALCF6M           1.000       1.000       1.000       1.000       1.000       1.000       1.000

 Residual Variances
    WASBLK           0.847       0.867       0.877       0.929       0.982       0.992       1.012

Between Level

 WASBLK   ON
    CANF6MBW        -0.138      -0.079      -0.048       0.109       0.267       0.297       0.356
    ALCF6MBW        -0.125      -0.064      -0.033       0.128       0.290       0.321       0.382

 CANF6MBW WITH
    ALCF6MBW         0.099       0.128       0.144       0.223       0.303       0.318       0.348

 Means
    CANF6MBW        -0.067      -0.039      -0.024       0.051       0.126       0.140       0.169
    ALCF6MBW        -0.103      -0.074      -0.060       0.016       0.092       0.107       0.135

 Intercepts
    WASBLK           7.049       7.773       8.143      10.077      12.012      12.382      13.106

 Variances
    CANF6MBW         1.000       1.000       1.000       1.000       1.000       1.000       1.000
    ALCF6MBW         1.000       1.000       1.000       1.000       1.000       1.000       1.000

 Residual Variances
    WASBLK           0.878       0.899       0.910       0.965       1.021       1.031       1.052


TECHNICAL 1 OUTPUT


     PARAMETER SPECIFICATION FOR WITHIN


           NU
              CANF6MBW      ALCF6MBW      WASBLK        DEMAGE        DEMMAL
              ________      ________      ________      ________      ________
 1                  0             0             0             0             0


           NU
              CANF6M        ALCF6M
              ________      ________
 1                  0             0


           LAMBDA
              CANF6MBW      ALCF6MBW      WASBLK        DEMAGE        DEMMAL
              ________      ________      ________      ________      ________
 CANF6MBW           0             0             0             0             0
 ALCF6MBW           0             0             0             0             0
 WASBLK             0             0             0             0             0
 DEMAGE             0             0             0             0             0
 DEMMAL             0             0             0             0             0
 CANF6M             0             0             0             0             0
 ALCF6M             0             0             0             0             0


           LAMBDA
              CANF6M        ALCF6M
              ________      ________
 CANF6MBW           0             0
 ALCF6MBW           0             0
 WASBLK             0             0
 DEMAGE             0             0
 DEMMAL             0             0
 CANF6M             0             0
 ALCF6M             0             0


           THETA
              CANF6MBW      ALCF6MBW      WASBLK        DEMAGE        DEMMAL
              ________      ________      ________      ________      ________
 CANF6MBW           0
 ALCF6MBW           0             0
 WASBLK             0             0             0
 DEMAGE             0             0             0             0
 DEMMAL             0             0             0             0             0
 CANF6M             0             0             0             0             0
 ALCF6M             0             0             0             0             0


           THETA
              CANF6M        ALCF6M
              ________      ________
 CANF6M             0
 ALCF6M             0             0


           ALPHA
              CANF6MBW      ALCF6MBW      WASBLK        DEMAGE        DEMMAL
              ________      ________      ________      ________      ________
 1                  0             0             0             1             2


           ALPHA
              CANF6M        ALCF6M
              ________      ________
 1                  3             4


           BETA
              CANF6MBW      ALCF6MBW      WASBLK        DEMAGE        DEMMAL
              ________      ________      ________      ________      ________
 CANF6MBW           0             0             0             0             0
 ALCF6MBW           0             0             0             0             0
 WASBLK             0             0             0             5             6
 DEMAGE             0             0             0             0             0
 DEMMAL             0             0             0             0             0
 CANF6M             0             0             0             0             0
 ALCF6M             0             0             0             0             0


           BETA
              CANF6M        ALCF6M
              ________      ________
 CANF6MBW           0             0
 ALCF6MBW           0             0
 WASBLK             7             8
 DEMAGE             0             0
 DEMMAL             0             0
 CANF6M             0             0
 ALCF6M             0             0


           PSI
              CANF6MBW      ALCF6MBW      WASBLK        DEMAGE        DEMMAL
              ________      ________      ________      ________      ________
 CANF6MBW           0
 ALCF6MBW           0             0
 WASBLK             0             0             9
 DEMAGE             0             0             0            10
 DEMMAL             0             0             0             0            11
 CANF6M             0             0             0            12            13
 ALCF6M             0             0             0            15            16


           PSI
              CANF6M        ALCF6M
              ________      ________
 CANF6M            14
 ALCF6M            17            18


     PARAMETER SPECIFICATION FOR BETWEEN


           NU
              CANF6MBW      ALCF6MBW      WASBLK        DEMAGE        DEMMAL
              ________      ________      ________      ________      ________
 1                  0             0             0             0             0


           NU
              CANF6M        ALCF6M
              ________      ________
 1                  0             0


           LAMBDA
              CANF6MBW      ALCF6MBW      WASBLK        DEMAGE        DEMMAL
              ________      ________      ________      ________      ________
 CANF6MBW           0             0             0             0             0
 ALCF6MBW           0             0             0             0             0
 WASBLK             0             0             0             0             0
 DEMAGE             0             0             0             0             0
 DEMMAL             0             0             0             0             0
 CANF6M             0             0             0             0             0
 ALCF6M             0             0             0             0             0


           LAMBDA
              CANF6M        ALCF6M
              ________      ________
 CANF6MBW           0             0
 ALCF6MBW           0             0
 WASBLK             0             0
 DEMAGE             0             0
 DEMMAL             0             0
 CANF6M             0             0
 ALCF6M             0             0


           THETA
              CANF6MBW      ALCF6MBW      WASBLK        DEMAGE        DEMMAL
              ________      ________      ________      ________      ________
 CANF6MBW           0
 ALCF6MBW           0             0
 WASBLK             0             0             0
 DEMAGE             0             0             0             0
 DEMMAL             0             0             0             0             0
 CANF6M             0             0             0             0             0
 ALCF6M             0             0             0             0             0


           THETA
              CANF6M        ALCF6M
              ________      ________
 CANF6M             0
 ALCF6M             0             0


           ALPHA
              CANF6MBW      ALCF6MBW      WASBLK        DEMAGE        DEMMAL
              ________      ________      ________      ________      ________
 1                 19            20            21             0             0


           ALPHA
              CANF6M        ALCF6M
              ________      ________
 1                  0             0


           BETA
              CANF6MBW      ALCF6MBW      WASBLK        DEMAGE        DEMMAL
              ________      ________      ________      ________      ________
 CANF6MBW           0             0             0             0             0
 ALCF6MBW           0             0             0             0             0
 WASBLK            22            23             0             0             0
 DEMAGE             0             0             0             0             0
 DEMMAL             0             0             0             0             0
 CANF6M             0             0             0             0             0
 ALCF6M             0             0             0             0             0


           BETA
              CANF6M        ALCF6M
              ________      ________
 CANF6MBW           0             0
 ALCF6MBW           0             0
 WASBLK             0             0
 DEMAGE             0             0
 DEMMAL             0             0
 CANF6M             0             0
 ALCF6M             0             0


           PSI
              CANF6MBW      ALCF6MBW      WASBLK        DEMAGE        DEMMAL
              ________      ________      ________      ________      ________
 CANF6MBW          24
 ALCF6MBW          25            26
 WASBLK             0             0            27
 DEMAGE             0             0             0             0
 DEMMAL             0             0             0             0             0
 CANF6M             0             0             0             0             0
 ALCF6M             0             0             0             0             0


           PSI
              CANF6M        ALCF6M
              ________      ________
 CANF6M             0
 ALCF6M             0             0


     STARTING VALUES FOR WITHIN


           NU
              CANF6MBW      ALCF6MBW      WASBLK        DEMAGE        DEMMAL
              ________      ________      ________      ________      ________
 1              0.000         0.000         0.000         0.000         0.000


           NU
              CANF6M        ALCF6M
              ________      ________
 1              0.000         0.000


           LAMBDA
              CANF6MBW      ALCF6MBW      WASBLK        DEMAGE        DEMMAL
              ________      ________      ________      ________      ________
 CANF6MBW       1.000         0.000         0.000         0.000         0.000
 ALCF6MBW       0.000         1.000         0.000         0.000         0.000
 WASBLK         0.000         0.000         1.000         0.000         0.000
 DEMAGE         0.000         0.000         0.000         1.000         0.000
 DEMMAL         0.000         0.000         0.000         0.000         1.000
 CANF6M         0.000         0.000         0.000         0.000         0.000
 ALCF6M         0.000         0.000         0.000         0.000         0.000


           LAMBDA
              CANF6M        ALCF6M
              ________      ________
 CANF6MBW       0.000         0.000
 ALCF6MBW       0.000         0.000
 WASBLK         0.000         0.000
 DEMAGE         0.000         0.000
 DEMMAL         0.000         0.000
 CANF6M         1.000         0.000
 ALCF6M         0.000         1.000


           THETA
              CANF6MBW      ALCF6MBW      WASBLK        DEMAGE        DEMMAL
              ________      ________      ________      ________      ________
 CANF6MBW       0.000
 ALCF6MBW       0.000         0.000
 WASBLK         0.000         0.000         0.000
 DEMAGE         0.000         0.000         0.000         0.000
 DEMMAL         0.000         0.000         0.000         0.000         0.000
 CANF6M         0.000         0.000         0.000         0.000         0.000
 ALCF6M         0.000         0.000         0.000         0.000         0.000


           THETA
              CANF6M        ALCF6M
              ________      ________
 CANF6M         0.000
 ALCF6M         0.000         0.000


           ALPHA
              CANF6MBW      ALCF6MBW      WASBLK        DEMAGE        DEMMAL
              ________      ________      ________      ________      ________
 1              0.000         0.000         0.000         0.000         0.000


           ALPHA
              CANF6M        ALCF6M
              ________      ________
 1              0.000         0.000


           BETA
              CANF6MBW      ALCF6MBW      WASBLK        DEMAGE        DEMMAL
              ________      ________      ________      ________      ________
 CANF6MBW       0.000         0.000         0.000         0.000         0.000
 ALCF6MBW       0.000         0.000         0.000         0.000         0.000
 WASBLK         0.000         0.000         0.000         0.000         0.000
 DEMAGE         0.000         0.000         0.000         0.000         0.000
 DEMMAL         0.000         0.000         0.000         0.000         0.000
 CANF6M         0.000         0.000         0.000         0.000         0.000
 ALCF6M         0.000         0.000         0.000         0.000         0.000


           BETA
              CANF6M        ALCF6M
              ________      ________
 CANF6MBW       0.000         0.000
 ALCF6MBW       0.000         0.000
 WASBLK         0.000         0.000
 DEMAGE         0.000         0.000
 DEMMAL         0.000         0.000
 CANF6M         0.000         0.000
 ALCF6M         0.000         0.000


           PSI
              CANF6MBW      ALCF6MBW      WASBLK        DEMAGE        DEMMAL
              ________      ________      ________      ________      ________
 CANF6MBW       0.000
 ALCF6MBW       0.000         0.000
 WASBLK         0.000         0.000        34.571
 DEMAGE         0.000         0.000         0.000         3.204
 DEMMAL         0.000         0.000         0.000         0.000         0.118
 CANF6M         0.000         0.000         0.000         0.000         0.000
 ALCF6M         0.000         0.000         0.000         0.000         0.000


           PSI
              CANF6M        ALCF6M
              ________      ________
 CANF6M        22.504
 ALCF6M         0.000        10.050


     STARTING VALUES FOR BETWEEN


           NU
              CANF6MBW      ALCF6MBW      WASBLK        DEMAGE        DEMMAL
              ________      ________      ________      ________      ________
 1              0.000         0.000         0.000         0.000         0.000


           NU
              CANF6M        ALCF6M
              ________      ________
 1              0.000         0.000


           LAMBDA
              CANF6MBW      ALCF6MBW      WASBLK        DEMAGE        DEMMAL
              ________      ________      ________      ________      ________
 CANF6MBW       1.000         0.000         0.000         0.000         0.000
 ALCF6MBW       0.000         1.000         0.000         0.000         0.000
 WASBLK         0.000         0.000         1.000         0.000         0.000
 DEMAGE         0.000         0.000         0.000         1.000         0.000
 DEMMAL         0.000         0.000         0.000         0.000         1.000
 CANF6M         0.000         0.000         0.000         0.000         0.000
 ALCF6M         0.000         0.000         0.000         0.000         0.000


           LAMBDA
              CANF6M        ALCF6M
              ________      ________
 CANF6MBW       0.000         0.000
 ALCF6MBW       0.000         0.000
 WASBLK         0.000         0.000
 DEMAGE         0.000         0.000
 DEMMAL         0.000         0.000
 CANF6M         1.000         0.000
 ALCF6M         0.000         1.000


           THETA
              CANF6MBW      ALCF6MBW      WASBLK        DEMAGE        DEMMAL
              ________      ________      ________      ________      ________
 CANF6MBW       0.000
 ALCF6MBW       0.000         0.000
 WASBLK         0.000         0.000         0.000
 DEMAGE         0.000         0.000         0.000         0.000
 DEMMAL         0.000         0.000         0.000         0.000         0.000
 CANF6M         0.000         0.000         0.000         0.000         0.000
 ALCF6M         0.000         0.000         0.000         0.000         0.000


           THETA
              CANF6M        ALCF6M
              ________      ________
 CANF6M         0.000
 ALCF6M         0.000         0.000


           ALPHA
              CANF6MBW      ALCF6MBW      WASBLK        DEMAGE        DEMMAL
              ________      ________      ________      ________      ________
 1              0.000         0.000        54.711         0.000         0.000


           ALPHA
              CANF6M        ALCF6M
              ________      ________
 1              0.000         0.000


           BETA
              CANF6MBW      ALCF6MBW      WASBLK        DEMAGE        DEMMAL
              ________      ________      ________      ________      ________
 CANF6MBW       0.000         0.000         0.000         0.000         0.000
 ALCF6MBW       0.000         0.000         0.000         0.000         0.000
 WASBLK         0.000         0.000         0.000         0.000         0.000
 DEMAGE         0.000         0.000         0.000         0.000         0.000
 DEMMAL         0.000         0.000         0.000         0.000         0.000
 CANF6M         0.000         0.000         0.000         0.000         0.000
 ALCF6M         0.000         0.000         0.000         0.000         0.000


           BETA
              CANF6M        ALCF6M
              ________      ________
 CANF6MBW       0.000         0.000
 ALCF6MBW       0.000         0.000
 WASBLK         0.000         0.000
 DEMAGE         0.000         0.000
 DEMMAL         0.000         0.000
 CANF6M         0.000         0.000
 ALCF6M         0.000         0.000


           PSI
              CANF6MBW      ALCF6MBW      WASBLK        DEMAGE        DEMMAL
              ________      ________      ________      ________      ________
 CANF6MBW      46.967
 ALCF6MBW       0.000        21.159
 WASBLK         0.000         0.000        34.571
 DEMAGE         0.000         0.000         0.000         0.000
 DEMMAL         0.000         0.000         0.000         0.000         0.000
 CANF6M         0.000         0.000         0.000         0.000         0.000
 ALCF6M         0.000         0.000         0.000         0.000         0.000


           PSI
              CANF6M        ALCF6M
              ________      ________
 CANF6M         0.000
 ALCF6M         0.000         0.000


     Beginning Time:  16:00:54
        Ending Time:  16:00:54
       Elapsed Time:  00:00:00



MUTHEN & MUTHEN
3463 Stoner Ave.
Los Angeles, CA  90066

Tel: (310) 391-9971
Fax: (310) 391-8971
Web: www.StatModel.com
Support: Support@StatModel.com

Copyright (c) 1998-2015 Muthen & Muthen
