Mplus VERSION 7.4 (Mac)
MUTHEN & MUTHEN
05/06/2020   4:00 PM

INPUT INSTRUCTIONS


  TITLE: CANF6M_TRLATS_1;

  DATA:
  	FILE = GD190618rr.csv;

  VARIABLE:
  	NAMES =
  			ID_Fam   Wave     ID_MPL
  			DEMMAL   DEMAGE   DEMHSP   DEMRAC
  			SRPWCR
  			WASVCB   WASBLK   WASDGT   WSISUM
  			TRLATS   TRLBTS
  			CVLASF   CVLASC   CVLALF   CVLALC
  			CVLCOM
  			CANEVR   CANONS   CANFLF
  			CANFTY   CANF6M   CANAC6
  			CANYRS
  			ALCEVR   ALCONS   ALCFLF
  			ALCFTY   ALCF6M   ALCAC6
  			ALCYRS
  			SRPWCRDt WASVCBDt WASBLKDt
  			WASDGTDt WSISUMDt TRLATSDt
  			TRLBTSDt CVLASFDt CVLASCDt
  			CVLALFDt CVLALCDt CVLCOMDt
  		;
  	USEVARIABLES =
  		! outcome
  	  		TRLATS
    		! covariates
  	  		DEMAGE
    			DEMMAL  		
    		! within predictor
    			CANF6M
    			ALCF6M
    		! between predictor
    			CANF6MBW
    			ALCF6MBW
    			;
    	USEOBSERVATION =
    			(Wave EQ 1 AND TRLATSDt EQ 1)
    		;
    	CLUSTER =
    			ID_Fam
    		;
    	MISSING = .;
    	BETWEEN =   		
    			CANF6MBW
    			ALCF6MBW
    		;
    	WITHIN  		
    			CANF6M
    			ALCF6M
    			DEMAGE
    			DEMMAL
    		;  		

  DEFINE:
  	! CREATE BW FAM PREDICTOR
  		CANF6MBW = cluster_mean (CANF6M);	
  		ALCF6MBW = cluster_mean (ALCF6M);	
  	! CENTER WI FAM VARIABLES
  		CENTER CANF6M (GROUPMEAN);
  		CENTER ALCF6M (GROUPMEAN);
  		CENTER DEMMAL (GRANDMEAN);
  		CENTER DEMAGE (GRANDMEAN);		
  	! CENTER BW FAM VARIABLES
  		CENTER CANF6MBW (GRANDMEAN);
  		CENTER ALCF6MBW (GRANDMEAN);

  ANALYSIS:
          ITERATIONS = 1000000;
          TYPE = TWOLEVEL RANDOM;
          ALGORITHM = INTEGRATION;

  OUTPUT:
  	SAMPSTAT STDYX TECH1 CINT;

  MODEL:
  %WITHIN%
  	TRLATS on CANF6M;
  	TRLATS on  DEMMAL DEMAGE ALCF6M;	
  	TRLATS*;
  	CANF6M*;

  	CANF6M WITH DEMMAL*;
  	CANF6M WITH DEMAGE*;
  	ALCF6M WITH DEMMAL*;
  	ALCF6M WITH DEMAGE*;
  	CANF6M WITH ALCF6M*;

  %BETWEEN%
  	TRLATS on CANF6MBW ALCF6MBW;
  	TRLATS*;
  	CANF6MBW*;
  	CANF6MBW WITH ALCF6MBW*;



*** WARNING
  Data set contains cases with missing on all variables except
  x-variables.  These cases were not included in the analysis.
  Number of cases with missing on all variables except x-variables:  1
   1 WARNING(S) FOUND IN THE INPUT INSTRUCTIONS



CANF6M_TRLATS_1;

SUMMARY OF ANALYSIS

Number of groups                                                 1
Number of observations                                        1191

Number of dependent variables                                    1
Number of independent variables                                  6
Number of continuous latent variables                            0

Observed dependent variables

  Continuous
   TRLATS

Observed independent variables
   DEMAGE      DEMMAL      CANF6M      ALCF6M      CANF6MBW    ALCF6MBW

Variables with special functions

  Cluster variable      ID_FAM

  Within variables
   DEMAGE      DEMMAL      CANF6M      ALCF6M

  Between variables
   CANF6MBW    ALCF6MBW

  Centering (GRANDMEAN)
   DEMMAL      DEMAGE      CANF6MBW    ALCF6MBW

  Centering (GROUPMEAN)
   CANF6M      ALCF6M


Estimator                                                      MLR
Information matrix                                        OBSERVED
Optimization Specifications for the Quasi-Newton Algorithm for
Continuous Outcomes
  Maximum number of iterations                             1000000
  Convergence criterion                                  0.100D-05
Optimization Specifications for the EM Algorithm
  Maximum number of iterations                                 500
  Convergence criteria
    Loglikelihood change                                 0.100D-02
    Relative loglikelihood change                        0.100D-05
    Derivative                                           0.100D-02
Optimization Specifications for the M step of the EM Algorithm for
Categorical Latent variables
  Number of M step iterations                                    1
  M step convergence criterion                           0.100D-02
  Basis for M step termination                           ITERATION
Optimization Specifications for the M step of the EM Algorithm for
Censored, Binary or Ordered Categorical (Ordinal), Unordered
Categorical (Nominal) and Count Outcomes
  Number of M step iterations                                    1
  M step convergence criterion                           0.100D-02
  Basis for M step termination                           ITERATION
  Maximum value for logit thresholds                            15
  Minimum value for logit thresholds                           -15
  Minimum expected cell size for chi-square              0.100D-01
Maximum number of iterations for H1                           2000
Convergence criterion for H1                             0.100D-03
Optimization algorithm                                         EMA
Integration Specifications
  Type                                                    STANDARD
  Number of integration points                                  15
  Dimensions of numerical integration                            0
  Adaptive quadrature                                           ON
Cholesky                                                       OFF

Input data file(s)
  GD190618rr.csv
Input data format  FREE


SUMMARY OF DATA

     Number of missing data patterns             6
     Number of clusters                        598



COVARIANCE COVERAGE OF DATA

Minimum covariance coverage value   0.100


     PROPORTION OF DATA PRESENT FOR Y


           Covariance Coverage
              CANF6MBW      ALCF6MBW      TRLATS        DEMAGE        DEMMAL
              ________      ________      ________      ________      ________
 CANF6MBW       0.999
 ALCF6MBW       0.999         0.999
 TRLATS         0.929         0.929         0.930
 DEMAGE         0.998         0.998         0.929         0.999
 DEMMAL         0.999         0.999         0.930         0.999         1.000
 CANF6M         0.996         0.996         0.926         0.995         0.996
 ALCF6M         0.995         0.995         0.925         0.994         0.995


           Covariance Coverage
              CANF6M        ALCF6M
              ________      ________
 CANF6M         0.996
 ALCF6M         0.995         0.995


SAMPLE STATISTICS


     ESTIMATED SAMPLE STATISTICS


           Means
              CANF6MBW      ALCF6MBW      TRLATS        DEMAGE        DEMMAL
              ________      ________      ________      ________      ________
 1              0.001         0.000        51.543         0.000         0.000


           Means
              CANF6M        ALCF6M
              ________      ________
 1              0.005         0.002


           Covariances
              CANF6MBW      ALCF6MBW      TRLATS        DEMAGE        DEMMAL
              ________      ________      ________      ________      ________
 CANF6MBW      66.669
 ALCF6MBW      10.426        18.511
 TRLATS        -1.668        -0.838       107.212
 DEMAGE        -0.786         1.211        -0.960         4.915
 DEMMAL         0.562         0.108        -0.038        -0.151         0.231
 CANF6M         0.006         0.002         1.483        -2.750         0.615
 ALCF6M         0.018        -0.002         0.931         0.076         0.109


           Covariances
              CANF6M        ALCF6M
              ________      ________
 CANF6M        50.276
 ALCF6M         9.417        14.884


           Correlations
              CANF6MBW      ALCF6MBW      TRLATS        DEMAGE        DEMMAL
              ________      ________      ________      ________      ________
 CANF6MBW       1.000
 ALCF6MBW       0.297         1.000
 TRLATS        -0.020        -0.019         1.000
 DEMAGE        -0.043         0.127        -0.042         1.000
 DEMMAL         0.143         0.052        -0.008        -0.142         1.000
 CANF6M         0.000         0.000         0.020        -0.175         0.180
 ALCF6M         0.001         0.000         0.023         0.009         0.059


           Correlations
              CANF6M        ALCF6M
              ________      ________
 CANF6M         1.000
 ALCF6M         0.344         1.000


     MAXIMUM LOG-LIKELIHOOD VALUE FOR THE UNRESTRICTED (H1) MODEL IS -22307.922


UNIVARIATE SAMPLE STATISTICS


     UNIVARIATE HIGHER-ORDER MOMENT DESCRIPTIVE STATISTICS

         Variable/         Mean/     Skewness/   Minimum/ % with                Percentiles
        Sample Size      Variance    Kurtosis    Maximum  Min/Max      20%/60%    40%/80%    Median

     CANF6MBW              0.392       0.853      -8.404   12.06%      -8.074     -4.319     -0.904
             597.000      74.109      -0.220      21.596    2.85%       1.511      6.761
     ALCF6MBW              0.083       1.998      -3.854    6.37%      -3.519     -2.434     -1.854
             597.000      21.868       5.181      26.146    0.17%      -0.604      3.481
     TRLATS               51.530       0.002       7.000    0.18%      43.000     49.000     51.000
            1108.000     107.211       0.548      87.000    0.09%      53.000     60.000
     DEMAGE                0.000       0.971      -3.769    0.08%      -1.809     -0.919     -0.429
            1190.000       4.915       0.655       7.591    0.08%       0.091      1.601
     DEMMAL                0.000      -0.571      -0.637   36.27%      -0.637      0.363      0.363
            1191.000       0.231      -1.674       0.363   63.73%       0.363      0.363
     CANF6M                0.000       0.147     -19.582    0.08%      -5.330     -0.085      0.000
            1186.000      50.280       0.199      22.330    0.08%       0.000      5.000
     ALCF6M                0.000       0.304     -14.915    0.08%      -1.750     -0.165      0.000
            1185.000      14.883       3.261      17.057    0.08%       0.000      1.553

     THE STANDARD ERRORS OF THE MODEL PARAMETER ESTIMATES MAY NOT BE
     TRUSTWORTHY FOR SOME PARAMETERS DUE TO A NON-POSITIVE DEFINITE
     FIRST-ORDER DERIVATIVE PRODUCT MATRIX.  THIS MAY BE DUE TO THE STARTING
     VALUES BUT MAY ALSO BE AN INDICATION OF MODEL NONIDENTIFICATION.  THE
     CONDITION NUMBER IS      -0.670D-17.  PROBLEM INVOLVING THE FOLLOWING PARAMETER:
     Parameter 18, %WITHIN%: ALCF6M


THE MODEL ESTIMATION TERMINATED NORMALLY



MODEL FIT INFORMATION

Number of Free Parameters                       27

Loglikelihood

          H0 Value                      -18657.565
          H0 Scaling Correction Factor      1.2791
            for MLR

Information Criteria

          Akaike (AIC)                   37369.130
          Bayesian (BIC)                 37506.359
          Sample-Size Adjusted BIC       37420.597
            (n* = (n + 2) / 24)



MODEL RESULTS

                                                    Two-Tailed
                    Estimate       S.E.  Est./S.E.    P-Value

Within Level

 TRLATS     ON
    CANF6M             0.013      0.040      0.336      0.737
    DEMMAL            -0.348      0.684     -0.508      0.611
    DEMAGE            -0.180      0.153     -1.175      0.240
    ALCF6M             0.061      0.085      0.719      0.472

 CANF6M   WITH
    DEMMAL             0.541      0.097      5.594      0.000
    DEMAGE            -2.396      0.451     -5.310      0.000
    ALCF6M             9.392      1.237      7.595      0.000

 ALCF6M   WITH
    DEMMAL             0.113      0.054      2.097      0.036
    DEMAGE             0.152      0.244      0.621      0.534

 Means
    DEMAGE             0.000      0.066     -0.001      0.999
    DEMMAL             0.000      0.015      0.000      1.000
    CANF6M             0.005      0.003      1.998      0.046
    ALCF6M             0.002      0.001      1.234      0.217

 Variances
    DEMAGE             4.915      0.226     21.769      0.000
    DEMMAL             0.231      0.004     56.769      0.000
    CANF6M            49.932      2.855     17.491      0.000
    ALCF6M            14.888      1.383     10.765      0.000

 Residual Variances
    TRLATS            92.952      6.142     15.133      0.000

Between Level

 TRLATS     ON
    CANF6MBW          -0.028      0.042     -0.670      0.503
    ALCF6MBW          -0.020      0.084     -0.237      0.813

 CANF6MBW WITH
    ALCF6MBW          11.943      2.096      5.698      0.000

 Means
    CANF6MBW           0.392      0.352      1.112      0.266
    ALCF6MBW           0.082      0.191      0.430      0.667

 Intercepts
    TRLATS            51.559      0.331    155.540      0.000

 Variances
    CANF6MBW          74.109      4.047     18.314      0.000
    ALCF6MBW          21.868      2.398      9.118      0.000

 Residual Variances
    TRLATS            14.107      4.978      2.834      0.005


STANDARDIZED MODEL RESULTS


STDYX Standardization

                                                    Two-Tailed
                    Estimate       S.E.  Est./S.E.    P-Value

Within Level

 TRLATS     ON
    CANF6M             0.010      0.029      0.336      0.737
    DEMMAL            -0.017      0.034     -0.508      0.612
    DEMAGE            -0.041      0.035     -1.182      0.237
    ALCF6M             0.024      0.034      0.721      0.471

 CANF6M   WITH
    DEMMAL             0.159      0.028      5.768      0.000
    DEMAGE            -0.153      0.027     -5.655      0.000
    ALCF6M             0.344      0.037      9.377      0.000

 ALCF6M   WITH
    DEMMAL             0.061      0.029      2.124      0.034
    DEMAGE             0.018      0.029      0.621      0.534

 Means
    DEMAGE             0.000      0.030     -0.001      0.999
    DEMMAL             0.000      0.031      0.000      1.000
    CANF6M             0.001      0.000      2.004      0.045
    ALCF6M             0.000      0.000      1.240      0.215

 Variances
    DEMAGE             1.000      0.000    999.000    999.000
    DEMMAL             1.000      0.000    999.000    999.000
    CANF6M             1.000      0.000    999.000    999.000
    ALCF6M             1.000      0.000    999.000    999.000

 Residual Variances
    TRLATS             0.997      0.004    275.700      0.000

Between Level

 TRLATS     ON
    CANF6MBW          -0.064      0.095     -0.676      0.499
    ALCF6MBW          -0.025      0.105     -0.236      0.813

 CANF6MBW WITH
    ALCF6MBW           0.297      0.046      6.427      0.000

 Means
    CANF6MBW           0.046      0.040      1.134      0.257
    ALCF6MBW           0.018      0.040      0.438      0.661

 Intercepts
    TRLATS            13.688      2.403      5.696      0.000

 Variances
    CANF6MBW           1.000      0.000    999.000    999.000
    ALCF6MBW           1.000      0.000    999.000    999.000

 Residual Variances
    TRLATS             0.994      0.014     72.187      0.000


R-SQUARE

Within Level

    Observed                                        Two-Tailed
    Variable        Estimate       S.E.  Est./S.E.    P-Value

    TRLATS             0.003      0.004      0.785      0.432

Between Level

    Observed                                        Two-Tailed
    Variable        Estimate       S.E.  Est./S.E.    P-Value

    TRLATS             0.006      0.014      0.414      0.679


QUALITY OF NUMERICAL RESULTS

     Condition Number for the Information Matrix             -0.670E-17
       (ratio of smallest to largest eigenvalue)


CONFIDENCE INTERVALS OF MODEL RESULTS

                  Lower .5%  Lower 2.5%    Lower 5%    Estimate    Upper 5%  Upper 2.5%   Upper .5%

Within Level

 TRLATS   ON
    CANF6M          -0.089      -0.065      -0.052       0.013       0.079       0.091       0.116
    DEMMAL          -2.109      -1.688      -1.472      -0.348       0.777       0.993       1.414
    DEMAGE          -0.575      -0.480      -0.432      -0.180       0.072       0.120       0.215
    ALCF6M          -0.157      -0.105      -0.078       0.061       0.200       0.226       0.278

 CANF6M   WITH
    DEMMAL           0.292       0.352       0.382       0.541       0.700       0.731       0.790
    DEMAGE          -3.558      -3.280      -3.138      -2.396      -1.654      -1.512      -1.234
    ALCF6M           6.206       6.968       7.357       9.392      11.426      11.815      12.577

 ALCF6M   WITH
    DEMMAL          -0.026       0.007       0.024       0.113       0.202       0.219       0.253
    DEMAGE          -0.477      -0.327      -0.250       0.152       0.553       0.630       0.781

 Means
    DEMAGE          -0.171      -0.130      -0.109       0.000       0.109       0.130       0.171
    DEMMAL          -0.038      -0.029      -0.024       0.000       0.024       0.029       0.038
    CANF6M          -0.002       0.000       0.001       0.005       0.010       0.011       0.012
    ALCF6M          -0.002      -0.001      -0.001       0.002       0.004       0.005       0.006

 Variances
    DEMAGE           4.333       4.473       4.544       4.915       5.286       5.358       5.497
    DEMMAL           0.221       0.223       0.224       0.231       0.238       0.239       0.242
    CANF6M          42.579      44.337      45.236      49.932      54.628      55.528      57.286
    ALCF6M          11.326      12.178      12.613      14.888      17.163      17.599      18.450

 Residual Variances
    TRLATS          77.130      80.913      82.847      92.952     103.056     104.991     108.774

Between Level

 TRLATS   ON
    CANF6MBW        -0.137      -0.111      -0.097      -0.028       0.041       0.054       0.080
    ALCF6MBW        -0.236      -0.184      -0.158      -0.020       0.118       0.145       0.196

 CANF6MBW WITH
    ALCF6MBW         6.544       7.835       8.495      11.943      15.391      16.051      17.342

 Means
    CANF6MBW        -0.516      -0.299      -0.188       0.392       0.971       1.082       1.299
    ALCF6MBW        -0.410      -0.293      -0.232       0.082       0.397       0.457       0.575

 Intercepts
    TRLATS          50.705      50.909      51.014      51.559      52.104      52.209      52.413

 Variances
    CANF6MBW        63.686      66.178      67.452      74.109      80.766      82.040      84.532
    ALCF6MBW        15.691      17.168      17.923      21.868      25.814      26.569      28.046

 Residual Variances
    TRLATS           1.284       4.349       5.918      14.107      22.297      23.865      26.931


CONFIDENCE INTERVALS OF STANDARDIZED MODEL RESULTS


STDYX Standardization

                  Lower .5%  Lower 2.5%    Lower 5%    Estimate    Upper 5%  Upper 2.5%   Upper .5%

Within Level

 TRLATS   ON
    CANF6M          -0.065      -0.047      -0.038       0.010       0.058       0.067       0.085
    DEMMAL          -0.105      -0.084      -0.073      -0.017       0.039       0.050       0.071
    DEMAGE          -0.131      -0.110      -0.099      -0.041       0.016       0.027       0.049
    ALCF6M          -0.063      -0.042      -0.031       0.024       0.080       0.090       0.111

 CANF6M   WITH
    DEMMAL           0.088       0.105       0.114       0.159       0.205       0.213       0.230
    DEMAGE          -0.223      -0.206      -0.197      -0.153      -0.108      -0.100      -0.083
    ALCF6M           0.250       0.272       0.284       0.344       0.405       0.416       0.439

 ALCF6M   WITH
    DEMMAL          -0.013       0.005       0.014       0.061       0.109       0.118       0.135
    DEMAGE          -0.056      -0.038      -0.029       0.018       0.065       0.074       0.091

 Means
    DEMAGE          -0.077      -0.059      -0.049       0.000       0.049       0.059       0.077
    DEMMAL          -0.079      -0.060      -0.051       0.000       0.051       0.060       0.079
    CANF6M           0.000       0.000       0.000       0.001       0.001       0.002       0.002
    ALCF6M          -0.001       0.000       0.000       0.000       0.001       0.001       0.001

 Variances
    DEMAGE           1.000       1.000       1.000       1.000       1.000       1.000       1.000
    DEMMAL           1.000       1.000       1.000       1.000       1.000       1.000       1.000
    CANF6M           1.000       1.000       1.000       1.000       1.000       1.000       1.000
    ALCF6M           1.000       1.000       1.000       1.000       1.000       1.000       1.000

 Residual Variances
    TRLATS           0.988       0.990       0.991       0.997       1.003       1.004       1.006

Between Level

 TRLATS   ON
    CANF6MBW        -0.310      -0.251      -0.221      -0.064       0.092       0.122       0.181
    ALCF6MBW        -0.294      -0.230      -0.197      -0.025       0.147       0.180       0.245

 CANF6MBW WITH
    ALCF6MBW         0.178       0.206       0.221       0.297       0.373       0.387       0.416

 Means
    CANF6MBW        -0.058      -0.033      -0.021       0.046       0.112       0.124       0.149
    ALCF6MBW        -0.086      -0.061      -0.049       0.018       0.084       0.096       0.121

 Intercepts
    TRLATS           7.498       8.978       9.735      13.688      17.641      18.398      19.878

 Variances
    CANF6MBW         1.000       1.000       1.000       1.000       1.000       1.000       1.000
    ALCF6MBW         1.000       1.000       1.000       1.000       1.000       1.000       1.000

 Residual Variances
    TRLATS           0.959       0.967       0.972       0.994       1.017       1.021       1.030


TECHNICAL 1 OUTPUT


     PARAMETER SPECIFICATION FOR WITHIN


           NU
              CANF6MBW      ALCF6MBW      TRLATS        DEMAGE        DEMMAL
              ________      ________      ________      ________      ________
 1                  0             0             0             0             0


           NU
              CANF6M        ALCF6M
              ________      ________
 1                  0             0


           LAMBDA
              CANF6MBW      ALCF6MBW      TRLATS        DEMAGE        DEMMAL
              ________      ________      ________      ________      ________
 CANF6MBW           0             0             0             0             0
 ALCF6MBW           0             0             0             0             0
 TRLATS             0             0             0             0             0
 DEMAGE             0             0             0             0             0
 DEMMAL             0             0             0             0             0
 CANF6M             0             0             0             0             0
 ALCF6M             0             0             0             0             0


           LAMBDA
              CANF6M        ALCF6M
              ________      ________
 CANF6MBW           0             0
 ALCF6MBW           0             0
 TRLATS             0             0
 DEMAGE             0             0
 DEMMAL             0             0
 CANF6M             0             0
 ALCF6M             0             0


           THETA
              CANF6MBW      ALCF6MBW      TRLATS        DEMAGE        DEMMAL
              ________      ________      ________      ________      ________
 CANF6MBW           0
 ALCF6MBW           0             0
 TRLATS             0             0             0
 DEMAGE             0             0             0             0
 DEMMAL             0             0             0             0             0
 CANF6M             0             0             0             0             0
 ALCF6M             0             0             0             0             0


           THETA
              CANF6M        ALCF6M
              ________      ________
 CANF6M             0
 ALCF6M             0             0


           ALPHA
              CANF6MBW      ALCF6MBW      TRLATS        DEMAGE        DEMMAL
              ________      ________      ________      ________      ________
 1                  0             0             0             1             2


           ALPHA
              CANF6M        ALCF6M
              ________      ________
 1                  3             4


           BETA
              CANF6MBW      ALCF6MBW      TRLATS        DEMAGE        DEMMAL
              ________      ________      ________      ________      ________
 CANF6MBW           0             0             0             0             0
 ALCF6MBW           0             0             0             0             0
 TRLATS             0             0             0             5             6
 DEMAGE             0             0             0             0             0
 DEMMAL             0             0             0             0             0
 CANF6M             0             0             0             0             0
 ALCF6M             0             0             0             0             0


           BETA
              CANF6M        ALCF6M
              ________      ________
 CANF6MBW           0             0
 ALCF6MBW           0             0
 TRLATS             7             8
 DEMAGE             0             0
 DEMMAL             0             0
 CANF6M             0             0
 ALCF6M             0             0


           PSI
              CANF6MBW      ALCF6MBW      TRLATS        DEMAGE        DEMMAL
              ________      ________      ________      ________      ________
 CANF6MBW           0
 ALCF6MBW           0             0
 TRLATS             0             0             9
 DEMAGE             0             0             0            10
 DEMMAL             0             0             0             0            11
 CANF6M             0             0             0            12            13
 ALCF6M             0             0             0            15            16


           PSI
              CANF6M        ALCF6M
              ________      ________
 CANF6M            14
 ALCF6M            17            18


     PARAMETER SPECIFICATION FOR BETWEEN


           NU
              CANF6MBW      ALCF6MBW      TRLATS        DEMAGE        DEMMAL
              ________      ________      ________      ________      ________
 1                  0             0             0             0             0


           NU
              CANF6M        ALCF6M
              ________      ________
 1                  0             0


           LAMBDA
              CANF6MBW      ALCF6MBW      TRLATS        DEMAGE        DEMMAL
              ________      ________      ________      ________      ________
 CANF6MBW           0             0             0             0             0
 ALCF6MBW           0             0             0             0             0
 TRLATS             0             0             0             0             0
 DEMAGE             0             0             0             0             0
 DEMMAL             0             0             0             0             0
 CANF6M             0             0             0             0             0
 ALCF6M             0             0             0             0             0


           LAMBDA
              CANF6M        ALCF6M
              ________      ________
 CANF6MBW           0             0
 ALCF6MBW           0             0
 TRLATS             0             0
 DEMAGE             0             0
 DEMMAL             0             0
 CANF6M             0             0
 ALCF6M             0             0


           THETA
              CANF6MBW      ALCF6MBW      TRLATS        DEMAGE        DEMMAL
              ________      ________      ________      ________      ________
 CANF6MBW           0
 ALCF6MBW           0             0
 TRLATS             0             0             0
 DEMAGE             0             0             0             0
 DEMMAL             0             0             0             0             0
 CANF6M             0             0             0             0             0
 ALCF6M             0             0             0             0             0


           THETA
              CANF6M        ALCF6M
              ________      ________
 CANF6M             0
 ALCF6M             0             0


           ALPHA
              CANF6MBW      ALCF6MBW      TRLATS        DEMAGE        DEMMAL
              ________      ________      ________      ________      ________
 1                 19            20            21             0             0


           ALPHA
              CANF6M        ALCF6M
              ________      ________
 1                  0             0


           BETA
              CANF6MBW      ALCF6MBW      TRLATS        DEMAGE        DEMMAL
              ________      ________      ________      ________      ________
 CANF6MBW           0             0             0             0             0
 ALCF6MBW           0             0             0             0             0
 TRLATS            22            23             0             0             0
 DEMAGE             0             0             0             0             0
 DEMMAL             0             0             0             0             0
 CANF6M             0             0             0             0             0
 ALCF6M             0             0             0             0             0


           BETA
              CANF6M        ALCF6M
              ________      ________
 CANF6MBW           0             0
 ALCF6MBW           0             0
 TRLATS             0             0
 DEMAGE             0             0
 DEMMAL             0             0
 CANF6M             0             0
 ALCF6M             0             0


           PSI
              CANF6MBW      ALCF6MBW      TRLATS        DEMAGE        DEMMAL
              ________      ________      ________      ________      ________
 CANF6MBW          24
 ALCF6MBW          25            26
 TRLATS             0             0            27
 DEMAGE             0             0             0             0
 DEMMAL             0             0             0             0             0
 CANF6M             0             0             0             0             0
 ALCF6M             0             0             0             0             0


           PSI
              CANF6M        ALCF6M
              ________      ________
 CANF6M             0
 ALCF6M             0             0


     STARTING VALUES FOR WITHIN


           NU
              CANF6MBW      ALCF6MBW      TRLATS        DEMAGE        DEMMAL
              ________      ________      ________      ________      ________
 1              0.000         0.000         0.000         0.000         0.000


           NU
              CANF6M        ALCF6M
              ________      ________
 1              0.000         0.000


           LAMBDA
              CANF6MBW      ALCF6MBW      TRLATS        DEMAGE        DEMMAL
              ________      ________      ________      ________      ________
 CANF6MBW       1.000         0.000         0.000         0.000         0.000
 ALCF6MBW       0.000         1.000         0.000         0.000         0.000
 TRLATS         0.000         0.000         1.000         0.000         0.000
 DEMAGE         0.000         0.000         0.000         1.000         0.000
 DEMMAL         0.000         0.000         0.000         0.000         1.000
 CANF6M         0.000         0.000         0.000         0.000         0.000
 ALCF6M         0.000         0.000         0.000         0.000         0.000


           LAMBDA
              CANF6M        ALCF6M
              ________      ________
 CANF6MBW       0.000         0.000
 ALCF6MBW       0.000         0.000
 TRLATS         0.000         0.000
 DEMAGE         0.000         0.000
 DEMMAL         0.000         0.000
 CANF6M         1.000         0.000
 ALCF6M         0.000         1.000


           THETA
              CANF6MBW      ALCF6MBW      TRLATS        DEMAGE        DEMMAL
              ________      ________      ________      ________      ________
 CANF6MBW       0.000
 ALCF6MBW       0.000         0.000
 TRLATS         0.000         0.000         0.000
 DEMAGE         0.000         0.000         0.000         0.000
 DEMMAL         0.000         0.000         0.000         0.000         0.000
 CANF6M         0.000         0.000         0.000         0.000         0.000
 ALCF6M         0.000         0.000         0.000         0.000         0.000


           THETA
              CANF6M        ALCF6M
              ________      ________
 CANF6M         0.000
 ALCF6M         0.000         0.000


           ALPHA
              CANF6MBW      ALCF6MBW      TRLATS        DEMAGE        DEMMAL
              ________      ________      ________      ________      ________
 1              0.000         0.000         0.000         0.000         0.000


           ALPHA
              CANF6M        ALCF6M
              ________      ________
 1              0.000         0.000


           BETA
              CANF6MBW      ALCF6MBW      TRLATS        DEMAGE        DEMMAL
              ________      ________      ________      ________      ________
 CANF6MBW       0.000         0.000         0.000         0.000         0.000
 ALCF6MBW       0.000         0.000         0.000         0.000         0.000
 TRLATS         0.000         0.000         0.000         0.000         0.000
 DEMAGE         0.000         0.000         0.000         0.000         0.000
 DEMMAL         0.000         0.000         0.000         0.000         0.000
 CANF6M         0.000         0.000         0.000         0.000         0.000
 ALCF6M         0.000         0.000         0.000         0.000         0.000


           BETA
              CANF6M        ALCF6M
              ________      ________
 CANF6MBW       0.000         0.000
 ALCF6MBW       0.000         0.000
 TRLATS         0.000         0.000
 DEMAGE         0.000         0.000
 DEMMAL         0.000         0.000
 CANF6M         0.000         0.000
 ALCF6M         0.000         0.000


           PSI
              CANF6MBW      ALCF6MBW      TRLATS        DEMAGE        DEMMAL
              ________      ________      ________      ________      ________
 CANF6MBW       0.000
 ALCF6MBW       0.000         0.000
 TRLATS         0.000         0.000        53.606
 DEMAGE         0.000         0.000         0.000         2.458
 DEMMAL         0.000         0.000         0.000         0.000         0.116
 CANF6M         0.000         0.000         0.000         0.000         0.000
 ALCF6M         0.000         0.000         0.000         0.000         0.000


           PSI
              CANF6M        ALCF6M
              ________      ________
 CANF6M        25.140
 ALCF6M         0.000         7.442


     STARTING VALUES FOR BETWEEN


           NU
              CANF6MBW      ALCF6MBW      TRLATS        DEMAGE        DEMMAL
              ________      ________      ________      ________      ________
 1              0.000         0.000         0.000         0.000         0.000


           NU
              CANF6M        ALCF6M
              ________      ________
 1              0.000         0.000


           LAMBDA
              CANF6MBW      ALCF6MBW      TRLATS        DEMAGE        DEMMAL
              ________      ________      ________      ________      ________
 CANF6MBW       1.000         0.000         0.000         0.000         0.000
 ALCF6MBW       0.000         1.000         0.000         0.000         0.000
 TRLATS         0.000         0.000         1.000         0.000         0.000
 DEMAGE         0.000         0.000         0.000         1.000         0.000
 DEMMAL         0.000         0.000         0.000         0.000         1.000
 CANF6M         0.000         0.000         0.000         0.000         0.000
 ALCF6M         0.000         0.000         0.000         0.000         0.000


           LAMBDA
              CANF6M        ALCF6M
              ________      ________
 CANF6MBW       0.000         0.000
 ALCF6MBW       0.000         0.000
 TRLATS         0.000         0.000
 DEMAGE         0.000         0.000
 DEMMAL         0.000         0.000
 CANF6M         1.000         0.000
 ALCF6M         0.000         1.000


           THETA
              CANF6MBW      ALCF6MBW      TRLATS        DEMAGE        DEMMAL
              ________      ________      ________      ________      ________
 CANF6MBW       0.000
 ALCF6MBW       0.000         0.000
 TRLATS         0.000         0.000         0.000
 DEMAGE         0.000         0.000         0.000         0.000
 DEMMAL         0.000         0.000         0.000         0.000         0.000
 CANF6M         0.000         0.000         0.000         0.000         0.000
 ALCF6M         0.000         0.000         0.000         0.000         0.000


           THETA
              CANF6M        ALCF6M
              ________      ________
 CANF6M         0.000
 ALCF6M         0.000         0.000


           ALPHA
              CANF6MBW      ALCF6MBW      TRLATS        DEMAGE        DEMMAL
              ________      ________      ________      ________      ________
 1              0.000         0.000        51.530         0.000         0.000


           ALPHA
              CANF6M        ALCF6M
              ________      ________
 1              0.000         0.000


           BETA
              CANF6MBW      ALCF6MBW      TRLATS        DEMAGE        DEMMAL
              ________      ________      ________      ________      ________
 CANF6MBW       0.000         0.000         0.000         0.000         0.000
 ALCF6MBW       0.000         0.000         0.000         0.000         0.000
 TRLATS         0.000         0.000         0.000         0.000         0.000
 DEMAGE         0.000         0.000         0.000         0.000         0.000
 DEMMAL         0.000         0.000         0.000         0.000         0.000
 CANF6M         0.000         0.000         0.000         0.000         0.000
 ALCF6M         0.000         0.000         0.000         0.000         0.000


           BETA
              CANF6M        ALCF6M
              ________      ________
 CANF6MBW       0.000         0.000
 ALCF6MBW       0.000         0.000
 TRLATS         0.000         0.000
 DEMAGE         0.000         0.000
 DEMMAL         0.000         0.000
 CANF6M         0.000         0.000
 ALCF6M         0.000         0.000


           PSI
              CANF6MBW      ALCF6MBW      TRLATS        DEMAGE        DEMMAL
              ________      ________      ________      ________      ________
 CANF6MBW      33.335
 ALCF6MBW       0.000         9.256
 TRLATS         0.000         0.000        53.606
 DEMAGE         0.000         0.000         0.000         0.000
 DEMMAL         0.000         0.000         0.000         0.000         0.000
 CANF6M         0.000         0.000         0.000         0.000         0.000
 ALCF6M         0.000         0.000         0.000         0.000         0.000


           PSI
              CANF6M        ALCF6M
              ________      ________
 CANF6M         0.000
 ALCF6M         0.000         0.000


     Beginning Time:  16:00:49
        Ending Time:  16:00:50
       Elapsed Time:  00:00:01



MUTHEN & MUTHEN
3463 Stoner Ave.
Los Angeles, CA  90066

Tel: (310) 391-9971
Fax: (310) 391-8971
Web: www.StatModel.com
Support: Support@StatModel.com

Copyright (c) 1998-2015 Muthen & Muthen
