Mplus VERSION 7.4 (Mac)
MUTHEN & MUTHEN
05/06/2020   4:00 PM

INPUT INSTRUCTIONS


  TITLE: CANFLF_CVLCOM_1;

  DATA:
  	FILE = GD190618rr.csv;

  VARIABLE:
  	NAMES =
  			ID_Fam   Wave     ID_MPL
  			DEMMAL   DEMAGE   DEMHSP   DEMRAC
  			SRPWCR
  			WASVCB   WASBLK   WASDGT   WSISUM
  			TRLATS   TRLBTS
  			CVLASF   CVLASC   CVLALF   CVLALC
  			CVLCOM
  			CANEVR   CANONS   CANFLF
  			CANFTY   CANF6M   CANAC6
  			CANYRS
  			ALCEVR   ALCONS   ALCFLF
  			ALCFTY   ALCF6M   ALCAC6
  			ALCYRS
  			SRPWCRDt WASVCBDt WASBLKDt
  			WASDGTDt WSISUMDt TRLATSDt
  			TRLBTSDt CVLASFDt CVLASCDt
  			CVLALFDt CVLALCDt CVLCOMDt
  		;
  	USEVARIABLES =
  		! outcome
  	  		CVLCOM
    		! covariates
  	  		DEMAGE
    			DEMMAL  		
    		! within predictor
    			CANFLF
    			ALCFLF
    		! between predictor
    			CANFLFBW
    			ALCFLFBW
    			;
    	USEOBSERVATION =
    			(Wave EQ 1 AND CVLCOMDt EQ 1)
    		;
    	CLUSTER =
    			ID_Fam
    		;
    	MISSING = .;
    	BETWEEN =   		
    			CANFLFBW
    			ALCFLFBW
    		;
    	WITHIN  		
    			CANFLF
    			ALCFLF
    			DEMAGE
    			DEMMAL
    		;  		

  DEFINE:
  	! CREATE BW FAM PREDICTOR
  		CANFLFBW = cluster_mean (CANFLF);	
  		ALCFLFBW = cluster_mean (ALCFLF);	
  	! CENTER WI FAM VARIABLES
  		CENTER CANFLF (GROUPMEAN);
  		CENTER ALCFLF (GROUPMEAN);
  		CENTER DEMMAL (GRANDMEAN);
  		CENTER DEMAGE (GRANDMEAN);		
  	! CENTER BW FAM VARIABLES
  		CENTER CANFLFBW (GRANDMEAN);
  		CENTER ALCFLFBW (GRANDMEAN);

  ANALYSIS:
          ITERATIONS = 1000000;
          TYPE = TWOLEVEL RANDOM;
          ALGORITHM = INTEGRATION;

  OUTPUT:
  	SAMPSTAT STDYX TECH1 CINT;

  MODEL:
  %WITHIN%
  	CVLCOM on CANFLF;
  	CVLCOM on  DEMMAL DEMAGE ALCFLF;	
  	CVLCOM*;
  	CANFLF*;

  	CANFLF WITH DEMMAL*;
  	CANFLF WITH DEMAGE*;
  	ALCFLF WITH DEMMAL*;
  	ALCFLF WITH DEMAGE*;
  	CANFLF WITH ALCFLF*;

  %BETWEEN%
  	CVLCOM on CANFLFBW ALCFLFBW;
  	CVLCOM*;
  	CANFLFBW*;
  	CANFLFBW WITH ALCFLFBW*;



*** WARNING
  Data set contains cases with missing on all variables except
  x-variables.  These cases were not included in the analysis.
  Number of cases with missing on all variables except x-variables:  1
   1 WARNING(S) FOUND IN THE INPUT INSTRUCTIONS



CANFLF_CVLCOM_1;

SUMMARY OF ANALYSIS

Number of groups                                                 1
Number of observations                                         479

Number of dependent variables                                    1
Number of independent variables                                  6
Number of continuous latent variables                            0

Observed dependent variables

  Continuous
   CVLCOM

Observed independent variables
   DEMAGE      DEMMAL      CANFLF      ALCFLF      CANFLFBW    ALCFLFBW

Variables with special functions

  Cluster variable      ID_FAM

  Within variables
   DEMAGE      DEMMAL      CANFLF      ALCFLF

  Between variables
   CANFLFBW    ALCFLFBW

  Centering (GRANDMEAN)
   DEMMAL      DEMAGE      CANFLFBW    ALCFLFBW

  Centering (GROUPMEAN)
   CANFLF      ALCFLF


Estimator                                                      MLR
Information matrix                                        OBSERVED
Optimization Specifications for the Quasi-Newton Algorithm for
Continuous Outcomes
  Maximum number of iterations                             1000000
  Convergence criterion                                  0.100D-05
Optimization Specifications for the EM Algorithm
  Maximum number of iterations                                 500
  Convergence criteria
    Loglikelihood change                                 0.100D-02
    Relative loglikelihood change                        0.100D-05
    Derivative                                           0.100D-02
Optimization Specifications for the M step of the EM Algorithm for
Categorical Latent variables
  Number of M step iterations                                    1
  M step convergence criterion                           0.100D-02
  Basis for M step termination                           ITERATION
Optimization Specifications for the M step of the EM Algorithm for
Censored, Binary or Ordered Categorical (Ordinal), Unordered
Categorical (Nominal) and Count Outcomes
  Number of M step iterations                                    1
  M step convergence criterion                           0.100D-02
  Basis for M step termination                           ITERATION
  Maximum value for logit thresholds                            15
  Minimum value for logit thresholds                           -15
  Minimum expected cell size for chi-square              0.100D-01
Maximum number of iterations for H1                           2000
Convergence criterion for H1                             0.100D-03
Optimization algorithm                                         EMA
Integration Specifications
  Type                                                    STANDARD
  Number of integration points                                  15
  Dimensions of numerical integration                            0
  Adaptive quadrature                                           ON
Cholesky                                                       OFF

Input data file(s)
  GD190618rr.csv
Input data format  FREE


SUMMARY OF DATA

     Number of missing data patterns             8
     Number of clusters                        244



COVARIANCE COVERAGE OF DATA

Minimum covariance coverage value   0.100


     PROPORTION OF DATA PRESENT FOR Y


           Covariance Coverage
              CANFLFBW      ALCFLFBW      CVLCOM        DEMAGE        DEMMAL
              ________      ________      ________      ________      ________
 CANFLFBW       0.927
 ALCFLFBW       0.904         0.908
 CVLCOM         0.927         0.908         1.000
 DEMAGE         0.925         0.906         0.998         0.998
 DEMMAL         0.927         0.908         1.000         0.998         1.000
 CANFLF         0.900         0.885         0.900         0.898         0.900
 ALCFLF         0.885         0.887         0.887         0.885         0.887


           Covariance Coverage
              CANFLF        ALCFLF
              ________      ________
 CANFLF         0.900
 ALCFLF         0.885         0.887


SAMPLE STATISTICS


     ESTIMATED SAMPLE STATISTICS


           Means
              CANFLFBW      ALCFLFBW      CVLCOM        DEMAGE        DEMMAL
              ________      ________      ________      ________      ________
 1             -0.117        -0.385         0.000         0.000         0.000


           Means
              CANFLF        ALCFLF
              ________      ________
 1             -0.023         0.024


           Covariances
              CANFLFBW      ALCFLFBW      CVLCOM        DEMAGE        DEMMAL
              ________      ________      ________      ________      ________
 CANFLFBW     428.236
 ALCFLFBW     184.747       353.972
 CVLCOM        -2.143        -0.431         0.841
 DEMAGE         2.187         7.704        -0.064         4.399
 DEMMAL         1.661         0.711        -0.069        -0.113         0.247
 CANFLF        -0.896         0.942        -1.843        -8.574         1.317
 ALCFLF        -1.273        -0.317        -0.540        -2.882         0.847


           Covariances
              CANFLF        ALCFLF
              ________      ________
 CANFLF       277.297
 ALCFLF       112.820       212.676


           Correlations
              CANFLFBW      ALCFLFBW      CVLCOM        DEMAGE        DEMMAL
              ________      ________      ________      ________      ________
 CANFLFBW       1.000
 ALCFLFBW       0.475         1.000
 CVLCOM        -0.113        -0.025         1.000
 DEMAGE         0.050         0.195        -0.033         1.000
 DEMMAL         0.162         0.076        -0.151        -0.108         1.000
 CANFLF        -0.003         0.003        -0.121        -0.246         0.159
 ALCFLF        -0.004        -0.001        -0.040        -0.094         0.117


           Correlations
              CANFLF        ALCFLF
              ________      ________
 CANFLF         1.000
 ALCFLF         0.465         1.000


     MAXIMUM LOG-LIKELIHOOD VALUE FOR THE UNRESTRICTED (H1) MODEL IS -9294.672


UNIVARIATE SAMPLE STATISTICS


     UNIVARIATE HIGHER-ORDER MOMENT DESCRIPTIVE STATISTICS

         Variable/         Mean/     Skewness/   Minimum/ % with                Percentiles
        Sample Size      Variance    Kurtosis    Maximum  Min/Max      20%/60%    40%/80%    Median

     CANFLFBW              0.563      -0.504     -38.380    5.36%     -15.880     -6.380     -0.880
             224.000     423.632      -0.947      21.620   39.73%      11.620     21.620
     ALCFLFBW              0.099      -0.482     -39.744    1.37%     -17.244     -5.994      5.256
             219.000     356.082      -0.949      20.256   35.62%       5.256     20.256
     CVLCOM                0.000      -0.881      -4.448    0.42%      -0.584     -0.065      0.065
             479.000       0.841       2.324       1.999    0.63%       0.318      0.708
     DEMAGE                0.000       1.057      -3.621    0.21%      -1.741     -0.821     -0.426
             478.000       4.400       0.886       7.269    0.21%       0.059      1.339
     DEMMAL                0.000      -0.223      -0.555   44.47%      -0.555     -0.555      0.445
             479.000       0.247      -1.950       0.445   55.53%       0.445      0.445
     CANFLF                0.000      -0.021     -40.000    0.23%     -15.000      0.000      0.000
             431.000     278.701      -0.274      37.500    0.23%       0.000     15.000
     ALCFLF                0.000      -0.031     -37.333    0.24%     -15.000      0.000      0.000
             425.000     213.578       0.017      42.625    0.24%       0.000     15.000

     THE STANDARD ERRORS OF THE MODEL PARAMETER ESTIMATES MAY NOT BE
     TRUSTWORTHY FOR SOME PARAMETERS DUE TO A NON-POSITIVE DEFINITE
     FIRST-ORDER DERIVATIVE PRODUCT MATRIX.  THIS MAY BE DUE TO THE STARTING
     VALUES BUT MAY ALSO BE AN INDICATION OF MODEL NONIDENTIFICATION.  THE
     CONDITION NUMBER IS      -0.141D-15.  PROBLEM INVOLVING THE FOLLOWING PARAMETER:
     Parameter 18, %WITHIN%: ALCFLF


THE MODEL ESTIMATION TERMINATED NORMALLY



MODEL FIT INFORMATION

Number of Free Parameters                       27

Loglikelihood

          H0 Value                       -7420.605
          H0 Scaling Correction Factor      1.0813
            for MLR

Information Criteria

          Akaike (AIC)                   14895.211
          Bayesian (BIC)                 15007.847
          Sample-Size Adjusted BIC       14922.152
            (n* = (n + 2) / 24)



MODEL RESULTS

                                                    Two-Tailed
                    Estimate       S.E.  Est./S.E.    P-Value

Within Level

 CVLCOM     ON
    CANFLF            -0.007      0.002     -2.922      0.003
    DEMMAL            -0.220      0.086     -2.570      0.010
    DEMAGE            -0.030      0.019     -1.591      0.112
    ALCFLF             0.002      0.003      0.643      0.520

 CANFLF   WITH
    DEMMAL             1.116      0.370      3.019      0.003
    DEMAGE            -8.067      1.709     -4.721      0.000
    ALCFLF           111.863     17.595      6.358      0.000

 ALCFLF   WITH
    DEMMAL             0.781      0.350      2.233      0.026
    DEMAGE            -2.520      1.458     -1.728      0.084

 Means
    DEMAGE             0.000      0.094      0.001      1.000
    DEMMAL             0.000      0.025      0.000      1.000
    CANFLF            -0.008      0.054     -0.144      0.885
    ALCFLF             0.013      0.031      0.410      0.682

 Variances
    DEMAGE             4.399      0.325     13.538      0.000
    DEMMAL             0.247      0.003     87.841      0.000
    CANFLF           275.414     23.965     11.492      0.000
    ALCFLF           212.249     19.688     10.780      0.000

 Residual Variances
    CVLCOM             0.643      0.089      7.266      0.000

Between Level

 CVLCOM     ON
    CANFLFBW          -0.005      0.003     -1.746      0.081
    ALCFLFBW           0.003      0.004      0.788      0.430

 CANFLFBW WITH
    ALCFLFBW         182.299     27.978      6.516      0.000

 Means
    CANFLFBW           0.432      1.383      0.312      0.755
    ALCFLFBW          -0.333      1.289     -0.259      0.796

 Intercepts
    CVLCOM            -0.004      0.045     -0.080      0.937

 Variances
    CANFLFBW         426.115     29.417     14.485      0.000
    ALCFLFBW         360.946     25.222     14.311      0.000

 Residual Variances
    CVLCOM             0.160      0.084      1.905      0.057


STANDARDIZED MODEL RESULTS


STDYX Standardization

                                                    Two-Tailed
                    Estimate       S.E.  Est./S.E.    P-Value

Within Level

 CVLCOM     ON
    CANFLF            -0.147      0.052     -2.817      0.005
    DEMMAL            -0.133      0.049     -2.739      0.006
    DEMAGE            -0.077      0.048     -1.591      0.112
    ALCFLF             0.031      0.048      0.644      0.519

 CANFLF   WITH
    DEMMAL             0.135      0.043      3.130      0.002
    DEMAGE            -0.232      0.042     -5.508      0.000
    ALCFLF             0.463      0.054      8.523      0.000

 ALCFLF   WITH
    DEMMAL             0.108      0.048      2.271      0.023
    DEMAGE            -0.082      0.047     -1.768      0.077

 Means
    DEMAGE             0.000      0.045      0.001      1.000
    DEMMAL             0.000      0.051      0.000      1.000
    CANFLF             0.000      0.003     -0.144      0.885
    ALCFLF             0.001      0.002      0.411      0.681

 Variances
    DEMAGE             1.000      0.000    999.000    999.000
    DEMMAL             1.000      0.000    999.000    999.000
    CANFLF             1.000      0.000    999.000    999.000
    ALCFLF             1.000      0.000    999.000    999.000

 Residual Variances
    CVLCOM             0.958      0.019     49.604      0.000

Between Level

 CVLCOM     ON
    CANFLFBW          -0.267      0.138     -1.939      0.052
    ALCFLFBW           0.128      0.154      0.831      0.406

 CANFLFBW WITH
    ALCFLFBW           0.465      0.060      7.738      0.000

 Means
    CANFLFBW           0.021      0.067      0.311      0.756
    ALCFLFBW          -0.018      0.068     -0.260      0.795

 Intercepts
    CVLCOM            -0.009      0.108     -0.080      0.936

 Variances
    CANFLFBW           1.000      0.000    999.000    999.000
    ALCFLFBW           1.000      0.000    999.000    999.000

 Residual Variances
    CVLCOM             0.944      0.058     16.377      0.000


R-SQUARE

Within Level

    Observed                                        Two-Tailed
    Variable        Estimate       S.E.  Est./S.E.    P-Value

    CVLCOM             0.042      0.019      2.156      0.031

Between Level

    Observed                                        Two-Tailed
    Variable        Estimate       S.E.  Est./S.E.    P-Value

    CVLCOM             0.056      0.058      0.969      0.333


QUALITY OF NUMERICAL RESULTS

     Condition Number for the Information Matrix             -0.141E-15
       (ratio of smallest to largest eigenvalue)


CONFIDENCE INTERVALS OF MODEL RESULTS

                  Lower .5%  Lower 2.5%    Lower 5%    Estimate    Upper 5%  Upper 2.5%   Upper .5%

Within Level

 CVLCOM   ON
    CANFLF          -0.014      -0.012      -0.011      -0.007      -0.003      -0.002      -0.001
    DEMMAL          -0.440      -0.387      -0.360      -0.220      -0.079      -0.052       0.000
    DEMAGE          -0.079      -0.067      -0.061      -0.030       0.001       0.007       0.019
    ALCFLF          -0.005      -0.004      -0.003       0.002       0.006       0.007       0.009

 CANFLF   WITH
    DEMMAL           0.164       0.391       0.508       1.116       1.724       1.841       2.068
    DEMAGE         -12.468     -11.416     -10.878      -8.067      -5.256      -4.718      -3.665
    ALCFLF          66.541      77.376      82.919     111.863     140.808     146.350     157.186

 ALCFLF   WITH
    DEMMAL          -0.120       0.096       0.206       0.781       1.357       1.467       1.683
    DEMAGE          -6.276      -5.378      -4.919      -2.520      -0.122       0.338       1.236

 Means
    DEMAGE          -0.243      -0.185      -0.155       0.000       0.155       0.185       0.243
    DEMMAL          -0.065      -0.050      -0.042       0.000       0.042       0.050       0.065
    CANFLF          -0.147      -0.114      -0.097      -0.008       0.081       0.098       0.131
    ALCFLF          -0.067      -0.048      -0.038       0.013       0.064       0.073       0.092

 Variances
    DEMAGE           3.562       3.762       3.865       4.399       4.934       5.036       5.236
    DEMMAL           0.240       0.241       0.242       0.247       0.252       0.252       0.254
    CANFLF         213.685     228.443     235.992     275.414     314.837     322.386     337.144
    ALCFLF         161.536     173.660     179.862     212.249     244.637     250.838     262.962

 Residual Variances
    CVLCOM           0.415       0.470       0.498       0.643       0.789       0.817       0.872

Between Level

 CVLCOM   ON
    CANFLFBW        -0.013      -0.011      -0.010      -0.005       0.000       0.001       0.003
    ALCFLFBW        -0.006      -0.004      -0.003       0.003       0.009       0.010       0.012

 CANFLFBW WITH
    ALCFLFBW       110.233     127.462     136.275     182.299     228.322     237.135     254.364

 Means
    CANFLFBW        -3.131      -2.279      -1.843       0.432       2.707       3.143       3.994
    ALCFLFBW        -3.655      -2.861      -2.455      -0.333       1.788       2.194       2.988

 Intercepts
    CVLCOM          -0.119      -0.091      -0.077      -0.004       0.070       0.084       0.112

 Variances
    CANFLFBW       350.343     368.458     377.724     426.115     474.506     483.772     501.887
    ALCFLFBW       295.978     311.510     319.455     360.946     402.437     410.382     425.914

 Residual Variances
    CVLCOM          -0.056      -0.005       0.022       0.160       0.298       0.324       0.376


CONFIDENCE INTERVALS OF STANDARDIZED MODEL RESULTS


STDYX Standardization

                  Lower .5%  Lower 2.5%    Lower 5%    Estimate    Upper 5%  Upper 2.5%   Upper .5%

Within Level

 CVLCOM   ON
    CANFLF          -0.281      -0.249      -0.233      -0.147      -0.061      -0.045      -0.013
    DEMMAL          -0.259      -0.229      -0.213      -0.133      -0.053      -0.038      -0.008
    DEMAGE          -0.202      -0.172      -0.157      -0.077       0.003       0.018       0.048
    ALCFLF          -0.092      -0.063      -0.048       0.031       0.109       0.124       0.154

 CANFLF   WITH
    DEMMAL           0.024       0.051       0.064       0.135       0.206       0.220       0.247
    DEMAGE          -0.340      -0.314      -0.301      -0.232      -0.163      -0.149      -0.123
    ALCFLF           0.323       0.356       0.373       0.463       0.552       0.569       0.602

 ALCFLF   WITH
    DEMMAL          -0.014       0.015       0.030       0.108       0.186       0.201       0.230
    DEMAGE          -0.203      -0.174      -0.159      -0.082      -0.006       0.009       0.038

 Means
    DEMAGE          -0.116      -0.088      -0.074       0.000       0.074       0.088       0.116
    DEMMAL          -0.132      -0.100      -0.084       0.000       0.084       0.100       0.132
    CANFLF          -0.009      -0.007      -0.006       0.000       0.005       0.006       0.008
    ALCFLF          -0.005      -0.003      -0.003       0.001       0.004       0.005       0.006

 Variances
    DEMAGE           1.000       1.000       1.000       1.000       1.000       1.000       1.000
    DEMMAL           1.000       1.000       1.000       1.000       1.000       1.000       1.000
    CANFLF           1.000       1.000       1.000       1.000       1.000       1.000       1.000
    ALCFLF           1.000       1.000       1.000       1.000       1.000       1.000       1.000

 Residual Variances
    CVLCOM           0.909       0.920       0.927       0.958       0.990       0.996       1.008

Between Level

 CVLCOM   ON
    CANFLFBW        -0.621      -0.537      -0.493      -0.267      -0.040       0.003       0.088
    ALCFLFBW        -0.269      -0.174      -0.125       0.128       0.382       0.431       0.525

 CANFLFBW WITH
    ALCFLFBW         0.310       0.347       0.366       0.465       0.564       0.583       0.620

 Means
    CANFLFBW        -0.153      -0.111      -0.090       0.021       0.132       0.153       0.194
    ALCFLFBW        -0.192      -0.150      -0.129      -0.018       0.094       0.115       0.157

 Intercepts
    CVLCOM          -0.287      -0.221      -0.186      -0.009       0.169       0.203       0.270

 Variances
    CANFLFBW         1.000       1.000       1.000       1.000       1.000       1.000       1.000
    ALCFLFBW         1.000       1.000       1.000       1.000       1.000       1.000       1.000

 Residual Variances
    CVLCOM           0.796       0.831       0.849       0.944       1.039       1.057       1.093


TECHNICAL 1 OUTPUT


     PARAMETER SPECIFICATION FOR WITHIN


           NU
              CANFLFBW      ALCFLFBW      CVLCOM        DEMAGE        DEMMAL
              ________      ________      ________      ________      ________
 1                  0             0             0             0             0


           NU
              CANFLF        ALCFLF
              ________      ________
 1                  0             0


           LAMBDA
              CANFLFBW      ALCFLFBW      CVLCOM        DEMAGE        DEMMAL
              ________      ________      ________      ________      ________
 CANFLFBW           0             0             0             0             0
 ALCFLFBW           0             0             0             0             0
 CVLCOM             0             0             0             0             0
 DEMAGE             0             0             0             0             0
 DEMMAL             0             0             0             0             0
 CANFLF             0             0             0             0             0
 ALCFLF             0             0             0             0             0


           LAMBDA
              CANFLF        ALCFLF
              ________      ________
 CANFLFBW           0             0
 ALCFLFBW           0             0
 CVLCOM             0             0
 DEMAGE             0             0
 DEMMAL             0             0
 CANFLF             0             0
 ALCFLF             0             0


           THETA
              CANFLFBW      ALCFLFBW      CVLCOM        DEMAGE        DEMMAL
              ________      ________      ________      ________      ________
 CANFLFBW           0
 ALCFLFBW           0             0
 CVLCOM             0             0             0
 DEMAGE             0             0             0             0
 DEMMAL             0             0             0             0             0
 CANFLF             0             0             0             0             0
 ALCFLF             0             0             0             0             0


           THETA
              CANFLF        ALCFLF
              ________      ________
 CANFLF             0
 ALCFLF             0             0


           ALPHA
              CANFLFBW      ALCFLFBW      CVLCOM        DEMAGE        DEMMAL
              ________      ________      ________      ________      ________
 1                  0             0             0             1             2


           ALPHA
              CANFLF        ALCFLF
              ________      ________
 1                  3             4


           BETA
              CANFLFBW      ALCFLFBW      CVLCOM        DEMAGE        DEMMAL
              ________      ________      ________      ________      ________
 CANFLFBW           0             0             0             0             0
 ALCFLFBW           0             0             0             0             0
 CVLCOM             0             0             0             5             6
 DEMAGE             0             0             0             0             0
 DEMMAL             0             0             0             0             0
 CANFLF             0             0             0             0             0
 ALCFLF             0             0             0             0             0


           BETA
              CANFLF        ALCFLF
              ________      ________
 CANFLFBW           0             0
 ALCFLFBW           0             0
 CVLCOM             7             8
 DEMAGE             0             0
 DEMMAL             0             0
 CANFLF             0             0
 ALCFLF             0             0


           PSI
              CANFLFBW      ALCFLFBW      CVLCOM        DEMAGE        DEMMAL
              ________      ________      ________      ________      ________
 CANFLFBW           0
 ALCFLFBW           0             0
 CVLCOM             0             0             9
 DEMAGE             0             0             0            10
 DEMMAL             0             0             0             0            11
 CANFLF             0             0             0            12            13
 ALCFLF             0             0             0            15            16


           PSI
              CANFLF        ALCFLF
              ________      ________
 CANFLF            14
 ALCFLF            17            18


     PARAMETER SPECIFICATION FOR BETWEEN


           NU
              CANFLFBW      ALCFLFBW      CVLCOM        DEMAGE        DEMMAL
              ________      ________      ________      ________      ________
 1                  0             0             0             0             0


           NU
              CANFLF        ALCFLF
              ________      ________
 1                  0             0


           LAMBDA
              CANFLFBW      ALCFLFBW      CVLCOM        DEMAGE        DEMMAL
              ________      ________      ________      ________      ________
 CANFLFBW           0             0             0             0             0
 ALCFLFBW           0             0             0             0             0
 CVLCOM             0             0             0             0             0
 DEMAGE             0             0             0             0             0
 DEMMAL             0             0             0             0             0
 CANFLF             0             0             0             0             0
 ALCFLF             0             0             0             0             0


           LAMBDA
              CANFLF        ALCFLF
              ________      ________
 CANFLFBW           0             0
 ALCFLFBW           0             0
 CVLCOM             0             0
 DEMAGE             0             0
 DEMMAL             0             0
 CANFLF             0             0
 ALCFLF             0             0


           THETA
              CANFLFBW      ALCFLFBW      CVLCOM        DEMAGE        DEMMAL
              ________      ________      ________      ________      ________
 CANFLFBW           0
 ALCFLFBW           0             0
 CVLCOM             0             0             0
 DEMAGE             0             0             0             0
 DEMMAL             0             0             0             0             0
 CANFLF             0             0             0             0             0
 ALCFLF             0             0             0             0             0


           THETA
              CANFLF        ALCFLF
              ________      ________
 CANFLF             0
 ALCFLF             0             0


           ALPHA
              CANFLFBW      ALCFLFBW      CVLCOM        DEMAGE        DEMMAL
              ________      ________      ________      ________      ________
 1                 19            20            21             0             0


           ALPHA
              CANFLF        ALCFLF
              ________      ________
 1                  0             0


           BETA
              CANFLFBW      ALCFLFBW      CVLCOM        DEMAGE        DEMMAL
              ________      ________      ________      ________      ________
 CANFLFBW           0             0             0             0             0
 ALCFLFBW           0             0             0             0             0
 CVLCOM            22            23             0             0             0
 DEMAGE             0             0             0             0             0
 DEMMAL             0             0             0             0             0
 CANFLF             0             0             0             0             0
 ALCFLF             0             0             0             0             0


           BETA
              CANFLF        ALCFLF
              ________      ________
 CANFLFBW           0             0
 ALCFLFBW           0             0
 CVLCOM             0             0
 DEMAGE             0             0
 DEMMAL             0             0
 CANFLF             0             0
 ALCFLF             0             0


           PSI
              CANFLFBW      ALCFLFBW      CVLCOM        DEMAGE        DEMMAL
              ________      ________      ________      ________      ________
 CANFLFBW          24
 ALCFLFBW          25            26
 CVLCOM             0             0            27
 DEMAGE             0             0             0             0
 DEMMAL             0             0             0             0             0
 CANFLF             0             0             0             0             0
 ALCFLF             0             0             0             0             0


           PSI
              CANFLF        ALCFLF
              ________      ________
 CANFLF             0
 ALCFLF             0             0


     STARTING VALUES FOR WITHIN


           NU
              CANFLFBW      ALCFLFBW      CVLCOM        DEMAGE        DEMMAL
              ________      ________      ________      ________      ________
 1              0.000         0.000         0.000         0.000         0.000


           NU
              CANFLF        ALCFLF
              ________      ________
 1              0.000         0.000


           LAMBDA
              CANFLFBW      ALCFLFBW      CVLCOM        DEMAGE        DEMMAL
              ________      ________      ________      ________      ________
 CANFLFBW       1.000         0.000         0.000         0.000         0.000
 ALCFLFBW       0.000         1.000         0.000         0.000         0.000
 CVLCOM         0.000         0.000         1.000         0.000         0.000
 DEMAGE         0.000         0.000         0.000         1.000         0.000
 DEMMAL         0.000         0.000         0.000         0.000         1.000
 CANFLF         0.000         0.000         0.000         0.000         0.000
 ALCFLF         0.000         0.000         0.000         0.000         0.000


           LAMBDA
              CANFLF        ALCFLF
              ________      ________
 CANFLFBW       0.000         0.000
 ALCFLFBW       0.000         0.000
 CVLCOM         0.000         0.000
 DEMAGE         0.000         0.000
 DEMMAL         0.000         0.000
 CANFLF         1.000         0.000
 ALCFLF         0.000         1.000


           THETA
              CANFLFBW      ALCFLFBW      CVLCOM        DEMAGE        DEMMAL
              ________      ________      ________      ________      ________
 CANFLFBW       0.000
 ALCFLFBW       0.000         0.000
 CVLCOM         0.000         0.000         0.000
 DEMAGE         0.000         0.000         0.000         0.000
 DEMMAL         0.000         0.000         0.000         0.000         0.000
 CANFLF         0.000         0.000         0.000         0.000         0.000
 ALCFLF         0.000         0.000         0.000         0.000         0.000


           THETA
              CANFLF        ALCFLF
              ________      ________
 CANFLF         0.000
 ALCFLF         0.000         0.000


           ALPHA
              CANFLFBW      ALCFLFBW      CVLCOM        DEMAGE        DEMMAL
              ________      ________      ________      ________      ________
 1              0.000         0.000         0.000         0.000         0.000


           ALPHA
              CANFLF        ALCFLF
              ________      ________
 1              0.000         0.000


           BETA
              CANFLFBW      ALCFLFBW      CVLCOM        DEMAGE        DEMMAL
              ________      ________      ________      ________      ________
 CANFLFBW       0.000         0.000         0.000         0.000         0.000
 ALCFLFBW       0.000         0.000         0.000         0.000         0.000
 CVLCOM         0.000         0.000         0.000         0.000         0.000
 DEMAGE         0.000         0.000         0.000         0.000         0.000
 DEMMAL         0.000         0.000         0.000         0.000         0.000
 CANFLF         0.000         0.000         0.000         0.000         0.000
 ALCFLF         0.000         0.000         0.000         0.000         0.000


           BETA
              CANFLF        ALCFLF
              ________      ________
 CANFLFBW       0.000         0.000
 ALCFLFBW       0.000         0.000
 CVLCOM         0.000         0.000
 DEMAGE         0.000         0.000
 DEMMAL         0.000         0.000
 CANFLF         0.000         0.000
 ALCFLF         0.000         0.000


           PSI
              CANFLFBW      ALCFLFBW      CVLCOM        DEMAGE        DEMMAL
              ________      ________      ________      ________      ________
 CANFLFBW       0.000
 ALCFLFBW       0.000         0.000
 CVLCOM         0.000         0.000         0.420
 DEMAGE         0.000         0.000         0.000         2.200
 DEMMAL         0.000         0.000         0.000         0.000         0.123
 CANFLF         0.000         0.000         0.000         0.000         0.000
 ALCFLF         0.000         0.000         0.000         0.000         0.000


           PSI
              CANFLF        ALCFLF
              ________      ________
 CANFLF       139.350
 ALCFLF         0.000       106.789


     STARTING VALUES FOR BETWEEN


           NU
              CANFLFBW      ALCFLFBW      CVLCOM        DEMAGE        DEMMAL
              ________      ________      ________      ________      ________
 1              0.000         0.000         0.000         0.000         0.000


           NU
              CANFLF        ALCFLF
              ________      ________
 1              0.000         0.000


           LAMBDA
              CANFLFBW      ALCFLFBW      CVLCOM        DEMAGE        DEMMAL
              ________      ________      ________      ________      ________
 CANFLFBW       1.000         0.000         0.000         0.000         0.000
 ALCFLFBW       0.000         1.000         0.000         0.000         0.000
 CVLCOM         0.000         0.000         1.000         0.000         0.000
 DEMAGE         0.000         0.000         0.000         1.000         0.000
 DEMMAL         0.000         0.000         0.000         0.000         1.000
 CANFLF         0.000         0.000         0.000         0.000         0.000
 ALCFLF         0.000         0.000         0.000         0.000         0.000


           LAMBDA
              CANFLF        ALCFLF
              ________      ________
 CANFLFBW       0.000         0.000
 ALCFLFBW       0.000         0.000
 CVLCOM         0.000         0.000
 DEMAGE         0.000         0.000
 DEMMAL         0.000         0.000
 CANFLF         1.000         0.000
 ALCFLF         0.000         1.000


           THETA
              CANFLFBW      ALCFLFBW      CVLCOM        DEMAGE        DEMMAL
              ________      ________      ________      ________      ________
 CANFLFBW       0.000
 ALCFLFBW       0.000         0.000
 CVLCOM         0.000         0.000         0.000
 DEMAGE         0.000         0.000         0.000         0.000
 DEMMAL         0.000         0.000         0.000         0.000         0.000
 CANFLF         0.000         0.000         0.000         0.000         0.000
 ALCFLF         0.000         0.000         0.000         0.000         0.000


           THETA
              CANFLF        ALCFLF
              ________      ________
 CANFLF         0.000
 ALCFLF         0.000         0.000


           ALPHA
              CANFLFBW      ALCFLFBW      CVLCOM        DEMAGE        DEMMAL
              ________      ________      ________      ________      ________
 1              0.000         0.000         0.000         0.000         0.000


           ALPHA
              CANFLF        ALCFLF
              ________      ________
 1              0.000         0.000


           BETA
              CANFLFBW      ALCFLFBW      CVLCOM        DEMAGE        DEMMAL
              ________      ________      ________      ________      ________
 CANFLFBW       0.000         0.000         0.000         0.000         0.000
 ALCFLFBW       0.000         0.000         0.000         0.000         0.000
 CVLCOM         0.000         0.000         0.000         0.000         0.000
 DEMAGE         0.000         0.000         0.000         0.000         0.000
 DEMMAL         0.000         0.000         0.000         0.000         0.000
 CANFLF         0.000         0.000         0.000         0.000         0.000
 ALCFLF         0.000         0.000         0.000         0.000         0.000


           BETA
              CANFLF        ALCFLF
              ________      ________
 CANFLFBW       0.000         0.000
 ALCFLFBW       0.000         0.000
 CVLCOM         0.000         0.000
 DEMAGE         0.000         0.000
 DEMMAL         0.000         0.000
 CANFLF         0.000         0.000
 ALCFLF         0.000         0.000


           PSI
              CANFLFBW      ALCFLFBW      CVLCOM        DEMAGE        DEMMAL
              ________      ________      ________      ________      ________
 CANFLFBW     213.167
 ALCFLFBW       0.000       174.938
 CVLCOM         0.000         0.000         0.420
 DEMAGE         0.000         0.000         0.000         0.000
 DEMMAL         0.000         0.000         0.000         0.000         0.000
 CANFLF         0.000         0.000         0.000         0.000         0.000
 ALCFLF         0.000         0.000         0.000         0.000         0.000


           PSI
              CANFLF        ALCFLF
              ________      ________
 CANFLF         0.000
 ALCFLF         0.000         0.000


     Beginning Time:  16:00:58
        Ending Time:  16:00:59
       Elapsed Time:  00:00:01



MUTHEN & MUTHEN
3463 Stoner Ave.
Los Angeles, CA  90066

Tel: (310) 391-9971
Fax: (310) 391-8971
Web: www.StatModel.com
Support: Support@StatModel.com

Copyright (c) 1998-2015 Muthen & Muthen
