Mplus VERSION 7.4 (Mac)
MUTHEN & MUTHEN
05/06/2020   4:00 PM

INPUT INSTRUCTIONS


  TITLE: CANF6M_TRLBTS_1;

  DATA:
  	FILE = GD190618rr.csv;

  VARIABLE:
  	NAMES =
  			ID_Fam   Wave     ID_MPL
  			DEMMAL   DEMAGE   DEMHSP   DEMRAC
  			SRPWCR
  			WASVCB   WASBLK   WASDGT   WSISUM
  			TRLATS   TRLBTS
  			CVLASF   CVLASC   CVLALF   CVLALC
  			CVLCOM
  			CANEVR   CANONS   CANFLF
  			CANFTY   CANF6M   CANAC6
  			CANYRS
  			ALCEVR   ALCONS   ALCFLF
  			ALCFTY   ALCF6M   ALCAC6
  			ALCYRS
  			SRPWCRDt WASVCBDt WASBLKDt
  			WASDGTDt WSISUMDt TRLATSDt
  			TRLBTSDt CVLASFDt CVLASCDt
  			CVLALFDt CVLALCDt CVLCOMDt
  		;
  	USEVARIABLES =
  		! outcome
  	  		TRLBTS
    		! covariates
  	  		DEMAGE
    			DEMMAL  		
    		! within predictor
    			CANF6M
    			ALCF6M
    		! between predictor
    			CANF6MBW
    			ALCF6MBW
    			;
    	USEOBSERVATION =
    			(Wave EQ 1 AND TRLBTSDt EQ 1)
    		;
    	CLUSTER =
    			ID_Fam
    		;
    	MISSING = .;
    	BETWEEN =   		
    			CANF6MBW
    			ALCF6MBW
    		;
    	WITHIN  		
    			CANF6M
    			ALCF6M
    			DEMAGE
    			DEMMAL
    		;  		

  DEFINE:
  	! CREATE BW FAM PREDICTOR
  		CANF6MBW = cluster_mean (CANF6M);	
  		ALCF6MBW = cluster_mean (ALCF6M);	
  	! CENTER WI FAM VARIABLES
  		CENTER CANF6M (GROUPMEAN);
  		CENTER ALCF6M (GROUPMEAN);
  		CENTER DEMMAL (GRANDMEAN);
  		CENTER DEMAGE (GRANDMEAN);		
  	! CENTER BW FAM VARIABLES
  		CENTER CANF6MBW (GRANDMEAN);
  		CENTER ALCF6MBW (GRANDMEAN);

  ANALYSIS:
          ITERATIONS = 1000000;
          TYPE = TWOLEVEL RANDOM;
          ALGORITHM = INTEGRATION;

  OUTPUT:
  	SAMPSTAT STDYX TECH1 CINT;

  MODEL:
  %WITHIN%
  	TRLBTS on CANF6M;
  	TRLBTS on  DEMMAL DEMAGE ALCF6M;	
  	TRLBTS*;
  	CANF6M*;

  	CANF6M WITH DEMMAL*;
  	CANF6M WITH DEMAGE*;
  	ALCF6M WITH DEMMAL*;
  	ALCF6M WITH DEMAGE*;
  	CANF6M WITH ALCF6M*;

  %BETWEEN%
  	TRLBTS on CANF6MBW ALCF6MBW;
  	TRLBTS*;
  	CANF6MBW*;
  	CANF6MBW WITH ALCF6MBW*;



*** WARNING
  Data set contains cases with missing on all variables except
  x-variables.  These cases were not included in the analysis.
  Number of cases with missing on all variables except x-variables:  1
   1 WARNING(S) FOUND IN THE INPUT INSTRUCTIONS



CANF6M_TRLBTS_1;

SUMMARY OF ANALYSIS

Number of groups                                                 1
Number of observations                                        1169

Number of dependent variables                                    1
Number of independent variables                                  6
Number of continuous latent variables                            0

Observed dependent variables

  Continuous
   TRLBTS

Observed independent variables
   DEMAGE      DEMMAL      CANF6M      ALCF6M      CANF6MBW    ALCF6MBW

Variables with special functions

  Cluster variable      ID_FAM

  Within variables
   DEMAGE      DEMMAL      CANF6M      ALCF6M

  Between variables
   CANF6MBW    ALCF6MBW

  Centering (GRANDMEAN)
   DEMMAL      DEMAGE      CANF6MBW    ALCF6MBW

  Centering (GROUPMEAN)
   CANF6M      ALCF6M


Estimator                                                      MLR
Information matrix                                        OBSERVED
Optimization Specifications for the Quasi-Newton Algorithm for
Continuous Outcomes
  Maximum number of iterations                             1000000
  Convergence criterion                                  0.100D-05
Optimization Specifications for the EM Algorithm
  Maximum number of iterations                                 500
  Convergence criteria
    Loglikelihood change                                 0.100D-02
    Relative loglikelihood change                        0.100D-05
    Derivative                                           0.100D-02
Optimization Specifications for the M step of the EM Algorithm for
Categorical Latent variables
  Number of M step iterations                                    1
  M step convergence criterion                           0.100D-02
  Basis for M step termination                           ITERATION
Optimization Specifications for the M step of the EM Algorithm for
Censored, Binary or Ordered Categorical (Ordinal), Unordered
Categorical (Nominal) and Count Outcomes
  Number of M step iterations                                    1
  M step convergence criterion                           0.100D-02
  Basis for M step termination                           ITERATION
  Maximum value for logit thresholds                            15
  Minimum value for logit thresholds                           -15
  Minimum expected cell size for chi-square              0.100D-01
Maximum number of iterations for H1                           2000
Convergence criterion for H1                             0.100D-03
Optimization algorithm                                         EMA
Integration Specifications
  Type                                                    STANDARD
  Number of integration points                                  15
  Dimensions of numerical integration                            0
  Adaptive quadrature                                           ON
Cholesky                                                       OFF

Input data file(s)
  GD190618rr.csv
Input data format  FREE


SUMMARY OF DATA

     Number of missing data patterns             6
     Number of clusters                        597



COVARIANCE COVERAGE OF DATA

Minimum covariance coverage value   0.100


     PROPORTION OF DATA PRESENT FOR Y


           Covariance Coverage
              CANF6MBW      ALCF6MBW      TRLBTS        DEMAGE        DEMMAL
              ________      ________      ________      ________      ________
 CANF6MBW       0.999
 ALCF6MBW       0.999         0.999
 TRLBTS         0.888         0.888         0.889
 DEMAGE         0.998         0.998         0.888         0.999
 DEMMAL         0.999         0.999         0.889         0.999         1.000
 CANF6M         0.996         0.996         0.885         0.995         0.996
 ALCF6M         0.995         0.995         0.884         0.994         0.995


           Covariance Coverage
              CANF6M        ALCF6M
              ________      ________
 CANF6M         0.996
 ALCF6M         0.995         0.995


SAMPLE STATISTICS


     ESTIMATED SAMPLE STATISTICS


           Means
              CANF6MBW      ALCF6MBW      TRLBTS        DEMAGE        DEMMAL
              ________      ________      ________      ________      ________
 1              0.001         0.000        51.122         0.000         0.000


           Means
              CANF6M        ALCF6M
              ________      ________
 1              0.005         0.002


           Covariances
              CANF6MBW      ALCF6MBW      TRLBTS        DEMAGE        DEMMAL
              ________      ________      ________      ________      ________
 CANF6MBW      67.386
 ALCF6MBW      10.344        18.850
 TRLBTS         3.782        -0.956       112.578
 DEMAGE        -0.982         1.188        -1.983         4.934
 DEMMAL         0.579         0.127         0.082        -0.146         0.230
 CANF6M         0.007         0.002         0.626        -2.659         0.583
 ALCF6M         0.020        -0.001         0.132         0.063         0.114


           Covariances
              CANF6M        ALCF6M
              ________      ________
 CANF6M        49.017
 ALCF6M         9.282        14.514


           Correlations
              CANF6MBW      ALCF6MBW      TRLBTS        DEMAGE        DEMMAL
              ________      ________      ________      ________      ________
 CANF6MBW       1.000
 ALCF6MBW       0.290         1.000
 TRLBTS         0.043        -0.021         1.000
 DEMAGE        -0.054         0.123        -0.084         1.000
 DEMMAL         0.147         0.061         0.016        -0.137         1.000
 CANF6M         0.000         0.000         0.008        -0.171         0.173
 ALCF6M         0.001         0.000         0.003         0.007         0.062


           Correlations
              CANF6M        ALCF6M
              ________      ________
 CANF6M         1.000
 ALCF6M         0.348         1.000


     MAXIMUM LOG-LIKELIHOOD VALUE FOR THE UNRESTRICTED (H1) MODEL IS -21725.437


UNIVARIATE SAMPLE STATISTICS


     UNIVARIATE HIGHER-ORDER MOMENT DESCRIPTIVE STATISTICS

         Variable/         Mean/     Skewness/   Minimum/ % with                Percentiles
        Sample Size      Variance    Kurtosis    Maximum  Min/Max      20%/60%    40%/80%    Median

     CANF6MBW              0.415       0.868      -8.396   12.92%      -8.146     -4.604     -1.229
             596.000      76.404      -0.219      21.604    3.36%       1.519      6.854
     ALCF6MBW              0.119       2.113      -3.834    7.05%      -3.499     -2.444     -1.834
             596.000      23.163       5.846      26.166    0.34%      -0.584      3.389
     TRLBTS               51.093      -0.013       6.000    0.10%      43.000     48.000     52.000
            1039.000     112.541       0.793      89.000    0.10%      54.000     60.000
     DEMAGE                0.000       0.976      -3.770    0.09%      -1.810     -0.940     -0.430
            1168.000       4.934       0.662       7.590    0.09%       0.110      1.570
     DEMMAL                0.000      -0.583      -0.640   36.01%      -0.640      0.360      0.360
            1169.000       0.230      -1.660       0.360   63.99%       0.360      0.360
     CANF6M                0.000       0.156     -19.582    0.09%      -5.057     -0.085      0.000
            1164.000      49.021       0.245      22.330    0.09%       0.000      5.000
     ALCF6M                0.000       0.322     -14.915    0.09%      -1.667     -0.165      0.000
            1163.000      14.513       3.496      17.057    0.09%       0.000      1.443

     THE STANDARD ERRORS OF THE MODEL PARAMETER ESTIMATES MAY NOT BE
     TRUSTWORTHY FOR SOME PARAMETERS DUE TO A NON-POSITIVE DEFINITE
     FIRST-ORDER DERIVATIVE PRODUCT MATRIX.  THIS MAY BE DUE TO THE STARTING
     VALUES BUT MAY ALSO BE AN INDICATION OF MODEL NONIDENTIFICATION.  THE
     CONDITION NUMBER IS      -0.247D-16.  PROBLEM INVOLVING THE FOLLOWING PARAMETER:
     Parameter 18, %WITHIN%: ALCF6M


THE MODEL ESTIMATION TERMINATED NORMALLY



MODEL FIT INFORMATION

Number of Free Parameters                       27

Loglikelihood

          H0 Value                      -18209.432
          H0 Scaling Correction Factor      1.3051
            for MLR

Information Criteria

          Akaike (AIC)                   36472.864
          Bayesian (BIC)                 36609.590
          Sample-Size Adjusted BIC       36523.829
            (n* = (n + 2) / 24)



MODEL RESULTS

                                                    Two-Tailed
                    Estimate       S.E.  Est./S.E.    P-Value

Within Level

 TRLBTS     ON
    CANF6M            -0.008      0.044     -0.181      0.856
    DEMMAL             0.075      0.690      0.108      0.914
    DEMAGE            -0.354      0.158     -2.244      0.025
    ALCF6M             0.019      0.088      0.210      0.833

 CANF6M   WITH
    DEMMAL             0.514      0.096      5.333      0.000
    DEMAGE            -2.334      0.455     -5.131      0.000
    ALCF6M             9.256      1.228      7.536      0.000

 ALCF6M   WITH
    DEMMAL             0.118      0.054      2.187      0.029
    DEMAGE             0.140      0.244      0.573      0.566

 Means
    DEMAGE             0.000      0.067      0.000      1.000
    DEMMAL             0.000      0.015      0.000      1.000
    CANF6M             0.005      0.003      2.039      0.041
    ALCF6M             0.002      0.002      1.329      0.184

 Variances
    DEMAGE             4.934      0.230     21.457      0.000
    DEMMAL             0.230      0.004     55.462      0.000
    CANF6M            48.711      2.830     17.212      0.000
    ALCF6M            14.518      1.390     10.443      0.000

 Residual Variances
    TRLBTS            90.839      6.540     13.890      0.000

Between Level

 TRLBTS     ON
    CANF6MBW           0.057      0.047      1.209      0.227
    ALCF6MBW          -0.071      0.079     -0.906      0.365

 CANF6MBW WITH
    ALCF6MBW          12.868      2.335      5.511      0.000

 Means
    CANF6MBW           0.415      0.358      1.159      0.246
    ALCF6MBW           0.119      0.197      0.606      0.545

 Intercepts
    TRLBTS            51.087      0.356    143.581      0.000

 Variances
    CANF6MBW          76.404      4.176     18.294      0.000
    ALCF6MBW          23.163      2.658      8.716      0.000

 Residual Variances
    TRLBTS            21.031      5.898      3.566      0.000


STANDARDIZED MODEL RESULTS


STDYX Standardization

                                                    Two-Tailed
                    Estimate       S.E.  Est./S.E.    P-Value

Within Level

 TRLBTS     ON
    CANF6M            -0.006      0.032     -0.181      0.856
    DEMMAL             0.004      0.035      0.108      0.914
    DEMAGE            -0.082      0.036     -2.273      0.023
    ALCF6M             0.007      0.035      0.211      0.833

 CANF6M   WITH
    DEMMAL             0.153      0.028      5.480      0.000
    DEMAGE            -0.151      0.028     -5.451      0.000
    ALCF6M             0.348      0.037      9.369      0.000

 ALCF6M   WITH
    DEMMAL             0.065      0.029      2.221      0.026
    DEMAGE             0.017      0.029      0.573      0.566

 Means
    DEMAGE             0.000      0.030      0.000      1.000
    DEMMAL             0.000      0.031      0.000      1.000
    CANF6M             0.001      0.000      2.045      0.041
    ALCF6M             0.001      0.000      1.336      0.181

 Variances
    DEMAGE             1.000      0.000    999.000    999.000
    DEMMAL             1.000      0.000    999.000    999.000
    CANF6M             1.000      0.000    999.000    999.000
    ALCF6M             1.000      0.000    999.000    999.000

 Residual Variances
    TRLBTS             0.993      0.006    171.750      0.000

Between Level

 TRLBTS     ON
    CANF6MBW           0.108      0.089      1.202      0.229
    ALCF6MBW          -0.074      0.082     -0.905      0.366

 CANF6MBW WITH
    ALCF6MBW           0.306      0.047      6.462      0.000

 Means
    CANF6MBW           0.047      0.040      1.183      0.237
    ALCF6MBW           0.025      0.040      0.622      0.534

 Intercepts
    TRLBTS            11.072      1.535      7.210      0.000

 Variances
    CANF6MBW           1.000      0.000    999.000    999.000
    ALCF6MBW           1.000      0.000    999.000    999.000

 Residual Variances
    TRLBTS             0.988      0.019     53.130      0.000


R-SQUARE

Within Level

    Observed                                        Two-Tailed
    Variable        Estimate       S.E.  Est./S.E.    P-Value

    TRLBTS             0.007      0.006      1.150      0.250

Between Level

    Observed                                        Two-Tailed
    Variable        Estimate       S.E.  Est./S.E.    P-Value

    TRLBTS             0.012      0.019      0.656      0.512


QUALITY OF NUMERICAL RESULTS

     Condition Number for the Information Matrix             -0.247E-16
       (ratio of smallest to largest eigenvalue)


CONFIDENCE INTERVALS OF MODEL RESULTS

                  Lower .5%  Lower 2.5%    Lower 5%    Estimate    Upper 5%  Upper 2.5%   Upper .5%

Within Level

 TRLBTS   ON
    CANF6M          -0.122      -0.095      -0.081      -0.008       0.065       0.079       0.106
    DEMMAL          -1.702      -1.277      -1.060       0.075       1.209       1.426       1.851
    DEMAGE          -0.760      -0.662      -0.613      -0.354      -0.094      -0.045       0.052
    ALCF6M          -0.209      -0.154      -0.127       0.019       0.164       0.192       0.246

 CANF6M   WITH
    DEMMAL           0.266       0.325       0.356       0.514       0.673       0.703       0.762
    DEMAGE          -3.506      -3.226      -3.082      -2.334      -1.586      -1.442      -1.162
    ALCF6M           6.092       6.849       7.235       9.256      11.276      11.663      12.419

 ALCF6M   WITH
    DEMMAL          -0.021       0.012       0.029       0.118       0.207       0.224       0.258
    DEMAGE          -0.488      -0.338      -0.261       0.140       0.540       0.617       0.767

 Means
    DEMAGE          -0.172      -0.131      -0.110       0.000       0.110       0.131       0.172
    DEMMAL          -0.038      -0.029      -0.024       0.000       0.024       0.029       0.038
    CANF6M          -0.001       0.000       0.001       0.005       0.010       0.011       0.012
    ALCF6M          -0.002      -0.001       0.000       0.002       0.005       0.005       0.006

 Variances
    DEMAGE           4.342       4.483       4.556       4.934       5.312       5.385       5.526
    DEMMAL           0.220       0.222       0.224       0.230       0.237       0.239       0.241
    CANF6M          41.421      43.164      44.055      48.711      53.366      54.258      56.000
    ALCF6M          10.937      11.793      12.231      14.518      16.805      17.243      18.099

 Residual Variances
    TRLBTS          73.994      78.021      80.081      90.839     101.596     103.656     107.683

Between Level

 TRLBTS   ON
    CANF6MBW        -0.064      -0.035      -0.021       0.057       0.134       0.149       0.178
    ALCF6MBW        -0.274      -0.226      -0.201      -0.071       0.058       0.083       0.131

 CANF6MBW WITH
    ALCF6MBW         6.854       8.292       9.027      12.868      16.709      17.444      18.882

 Means
    CANF6MBW        -0.507      -0.287      -0.174       0.415       1.004       1.117       1.337
    ALCF6MBW        -0.388      -0.267      -0.205       0.119       0.444       0.506       0.627

 Intercepts
    TRLBTS          50.170      50.389      50.501      51.087      51.672      51.784      52.003

 Variances
    CANF6MBW        65.646      68.218      69.534      76.404      83.274      84.590      87.161
    ALCF6MBW        16.318      17.954      18.792      23.163      27.535      28.372      30.009

 Residual Variances
    TRLBTS           5.840       9.472      11.330      21.031      30.733      32.591      36.223


CONFIDENCE INTERVALS OF STANDARDIZED MODEL RESULTS


STDYX Standardization

                  Lower .5%  Lower 2.5%    Lower 5%    Estimate    Upper 5%  Upper 2.5%   Upper .5%

Within Level

 TRLBTS   ON
    CANF6M          -0.089      -0.069      -0.059      -0.006       0.047       0.057       0.077
    DEMMAL          -0.085      -0.064      -0.053       0.004       0.061       0.072       0.093
    DEMAGE          -0.175      -0.153      -0.142      -0.082      -0.023      -0.011       0.011
    ALCF6M          -0.083      -0.061      -0.050       0.007       0.065       0.076       0.098

 CANF6M   WITH
    DEMMAL           0.081       0.099       0.107       0.153       0.199       0.208       0.226
    DEMAGE          -0.222      -0.205      -0.196      -0.151      -0.105      -0.096      -0.079
    ALCF6M           0.252       0.275       0.287       0.348       0.409       0.421       0.444

 ALCF6M   WITH
    DEMMAL          -0.010       0.008       0.017       0.065       0.113       0.122       0.140
    DEMAGE          -0.058      -0.040      -0.031       0.017       0.064       0.073       0.091

 Means
    DEMAGE          -0.077      -0.059      -0.049       0.000       0.049       0.059       0.077
    DEMMAL          -0.080      -0.061      -0.051       0.000       0.051       0.061       0.080
    CANF6M           0.000       0.000       0.000       0.001       0.001       0.002       0.002
    ALCF6M           0.000       0.000       0.000       0.001       0.001       0.001       0.002

 Variances
    DEMAGE           1.000       1.000       1.000       1.000       1.000       1.000       1.000
    DEMMAL           1.000       1.000       1.000       1.000       1.000       1.000       1.000
    CANF6M           1.000       1.000       1.000       1.000       1.000       1.000       1.000
    ALCF6M           1.000       1.000       1.000       1.000       1.000       1.000       1.000

 Residual Variances
    TRLBTS           0.978       0.982       0.984       0.993       1.003       1.005       1.008

Between Level

 TRLBTS   ON
    CANF6MBW        -0.123      -0.068      -0.040       0.108       0.255       0.283       0.338
    ALCF6MBW        -0.286      -0.235      -0.210      -0.074       0.061       0.087       0.137

 CANF6MBW WITH
    ALCF6MBW         0.184       0.213       0.228       0.306       0.384       0.399       0.428

 Means
    CANF6MBW        -0.056      -0.031      -0.019       0.047       0.113       0.126       0.151
    ALCF6MBW        -0.078      -0.053      -0.041       0.025       0.090       0.103       0.128

 Intercepts
    TRLBTS           7.116       8.062       8.546      11.072      13.597      14.081      15.027

 Variances
    CANF6MBW         1.000       1.000       1.000       1.000       1.000       1.000       1.000
    ALCF6MBW         1.000       1.000       1.000       1.000       1.000       1.000       1.000

 Residual Variances
    TRLBTS           0.940       0.951       0.957       0.988       1.018       1.024       1.036


TECHNICAL 1 OUTPUT


     PARAMETER SPECIFICATION FOR WITHIN


           NU
              CANF6MBW      ALCF6MBW      TRLBTS        DEMAGE        DEMMAL
              ________      ________      ________      ________      ________
 1                  0             0             0             0             0


           NU
              CANF6M        ALCF6M
              ________      ________
 1                  0             0


           LAMBDA
              CANF6MBW      ALCF6MBW      TRLBTS        DEMAGE        DEMMAL
              ________      ________      ________      ________      ________
 CANF6MBW           0             0             0             0             0
 ALCF6MBW           0             0             0             0             0
 TRLBTS             0             0             0             0             0
 DEMAGE             0             0             0             0             0
 DEMMAL             0             0             0             0             0
 CANF6M             0             0             0             0             0
 ALCF6M             0             0             0             0             0


           LAMBDA
              CANF6M        ALCF6M
              ________      ________
 CANF6MBW           0             0
 ALCF6MBW           0             0
 TRLBTS             0             0
 DEMAGE             0             0
 DEMMAL             0             0
 CANF6M             0             0
 ALCF6M             0             0


           THETA
              CANF6MBW      ALCF6MBW      TRLBTS        DEMAGE        DEMMAL
              ________      ________      ________      ________      ________
 CANF6MBW           0
 ALCF6MBW           0             0
 TRLBTS             0             0             0
 DEMAGE             0             0             0             0
 DEMMAL             0             0             0             0             0
 CANF6M             0             0             0             0             0
 ALCF6M             0             0             0             0             0


           THETA
              CANF6M        ALCF6M
              ________      ________
 CANF6M             0
 ALCF6M             0             0


           ALPHA
              CANF6MBW      ALCF6MBW      TRLBTS        DEMAGE        DEMMAL
              ________      ________      ________      ________      ________
 1                  0             0             0             1             2


           ALPHA
              CANF6M        ALCF6M
              ________      ________
 1                  3             4


           BETA
              CANF6MBW      ALCF6MBW      TRLBTS        DEMAGE        DEMMAL
              ________      ________      ________      ________      ________
 CANF6MBW           0             0             0             0             0
 ALCF6MBW           0             0             0             0             0
 TRLBTS             0             0             0             5             6
 DEMAGE             0             0             0             0             0
 DEMMAL             0             0             0             0             0
 CANF6M             0             0             0             0             0
 ALCF6M             0             0             0             0             0


           BETA
              CANF6M        ALCF6M
              ________      ________
 CANF6MBW           0             0
 ALCF6MBW           0             0
 TRLBTS             7             8
 DEMAGE             0             0
 DEMMAL             0             0
 CANF6M             0             0
 ALCF6M             0             0


           PSI
              CANF6MBW      ALCF6MBW      TRLBTS        DEMAGE        DEMMAL
              ________      ________      ________      ________      ________
 CANF6MBW           0
 ALCF6MBW           0             0
 TRLBTS             0             0             9
 DEMAGE             0             0             0            10
 DEMMAL             0             0             0             0            11
 CANF6M             0             0             0            12            13
 ALCF6M             0             0             0            15            16


           PSI
              CANF6M        ALCF6M
              ________      ________
 CANF6M            14
 ALCF6M            17            18


     PARAMETER SPECIFICATION FOR BETWEEN


           NU
              CANF6MBW      ALCF6MBW      TRLBTS        DEMAGE        DEMMAL
              ________      ________      ________      ________      ________
 1                  0             0             0             0             0


           NU
              CANF6M        ALCF6M
              ________      ________
 1                  0             0


           LAMBDA
              CANF6MBW      ALCF6MBW      TRLBTS        DEMAGE        DEMMAL
              ________      ________      ________      ________      ________
 CANF6MBW           0             0             0             0             0
 ALCF6MBW           0             0             0             0             0
 TRLBTS             0             0             0             0             0
 DEMAGE             0             0             0             0             0
 DEMMAL             0             0             0             0             0
 CANF6M             0             0             0             0             0
 ALCF6M             0             0             0             0             0


           LAMBDA
              CANF6M        ALCF6M
              ________      ________
 CANF6MBW           0             0
 ALCF6MBW           0             0
 TRLBTS             0             0
 DEMAGE             0             0
 DEMMAL             0             0
 CANF6M             0             0
 ALCF6M             0             0


           THETA
              CANF6MBW      ALCF6MBW      TRLBTS        DEMAGE        DEMMAL
              ________      ________      ________      ________      ________
 CANF6MBW           0
 ALCF6MBW           0             0
 TRLBTS             0             0             0
 DEMAGE             0             0             0             0
 DEMMAL             0             0             0             0             0
 CANF6M             0             0             0             0             0
 ALCF6M             0             0             0             0             0


           THETA
              CANF6M        ALCF6M
              ________      ________
 CANF6M             0
 ALCF6M             0             0


           ALPHA
              CANF6MBW      ALCF6MBW      TRLBTS        DEMAGE        DEMMAL
              ________      ________      ________      ________      ________
 1                 19            20            21             0             0


           ALPHA
              CANF6M        ALCF6M
              ________      ________
 1                  0             0


           BETA
              CANF6MBW      ALCF6MBW      TRLBTS        DEMAGE        DEMMAL
              ________      ________      ________      ________      ________
 CANF6MBW           0             0             0             0             0
 ALCF6MBW           0             0             0             0             0
 TRLBTS            22            23             0             0             0
 DEMAGE             0             0             0             0             0
 DEMMAL             0             0             0             0             0
 CANF6M             0             0             0             0             0
 ALCF6M             0             0             0             0             0


           BETA
              CANF6M        ALCF6M
              ________      ________
 CANF6MBW           0             0
 ALCF6MBW           0             0
 TRLBTS             0             0
 DEMAGE             0             0
 DEMMAL             0             0
 CANF6M             0             0
 ALCF6M             0             0


           PSI
              CANF6MBW      ALCF6MBW      TRLBTS        DEMAGE        DEMMAL
              ________      ________      ________      ________      ________
 CANF6MBW          24
 ALCF6MBW          25            26
 TRLBTS             0             0            27
 DEMAGE             0             0             0             0
 DEMMAL             0             0             0             0             0
 CANF6M             0             0             0             0             0
 ALCF6M             0             0             0             0             0


           PSI
              CANF6M        ALCF6M
              ________      ________
 CANF6M             0
 ALCF6M             0             0


     STARTING VALUES FOR WITHIN


           NU
              CANF6MBW      ALCF6MBW      TRLBTS        DEMAGE        DEMMAL
              ________      ________      ________      ________      ________
 1              0.000         0.000         0.000         0.000         0.000


           NU
              CANF6M        ALCF6M
              ________      ________
 1              0.000         0.000


           LAMBDA
              CANF6MBW      ALCF6MBW      TRLBTS        DEMAGE        DEMMAL
              ________      ________      ________      ________      ________
 CANF6MBW       1.000         0.000         0.000         0.000         0.000
 ALCF6MBW       0.000         1.000         0.000         0.000         0.000
 TRLBTS         0.000         0.000         1.000         0.000         0.000
 DEMAGE         0.000         0.000         0.000         1.000         0.000
 DEMMAL         0.000         0.000         0.000         0.000         1.000
 CANF6M         0.000         0.000         0.000         0.000         0.000
 ALCF6M         0.000         0.000         0.000         0.000         0.000


           LAMBDA
              CANF6M        ALCF6M
              ________      ________
 CANF6MBW       0.000         0.000
 ALCF6MBW       0.000         0.000
 TRLBTS         0.000         0.000
 DEMAGE         0.000         0.000
 DEMMAL         0.000         0.000
 CANF6M         1.000         0.000
 ALCF6M         0.000         1.000


           THETA
              CANF6MBW      ALCF6MBW      TRLBTS        DEMAGE        DEMMAL
              ________      ________      ________      ________      ________
 CANF6MBW       0.000
 ALCF6MBW       0.000         0.000
 TRLBTS         0.000         0.000         0.000
 DEMAGE         0.000         0.000         0.000         0.000
 DEMMAL         0.000         0.000         0.000         0.000         0.000
 CANF6M         0.000         0.000         0.000         0.000         0.000
 ALCF6M         0.000         0.000         0.000         0.000         0.000


           THETA
              CANF6M        ALCF6M
              ________      ________
 CANF6M         0.000
 ALCF6M         0.000         0.000


           ALPHA
              CANF6MBW      ALCF6MBW      TRLBTS        DEMAGE        DEMMAL
              ________      ________      ________      ________      ________
 1              0.000         0.000         0.000         0.000         0.000


           ALPHA
              CANF6M        ALCF6M
              ________      ________
 1              0.000         0.000


           BETA
              CANF6MBW      ALCF6MBW      TRLBTS        DEMAGE        DEMMAL
              ________      ________      ________      ________      ________
 CANF6MBW       0.000         0.000         0.000         0.000         0.000
 ALCF6MBW       0.000         0.000         0.000         0.000         0.000
 TRLBTS         0.000         0.000         0.000         0.000         0.000
 DEMAGE         0.000         0.000         0.000         0.000         0.000
 DEMMAL         0.000         0.000         0.000         0.000         0.000
 CANF6M         0.000         0.000         0.000         0.000         0.000
 ALCF6M         0.000         0.000         0.000         0.000         0.000


           BETA
              CANF6M        ALCF6M
              ________      ________
 CANF6MBW       0.000         0.000
 ALCF6MBW       0.000         0.000
 TRLBTS         0.000         0.000
 DEMAGE         0.000         0.000
 DEMMAL         0.000         0.000
 CANF6M         0.000         0.000
 ALCF6M         0.000         0.000


           PSI
              CANF6MBW      ALCF6MBW      TRLBTS        DEMAGE        DEMMAL
              ________      ________      ________      ________      ________
 CANF6MBW       0.000
 ALCF6MBW       0.000         0.000
 TRLBTS         0.000         0.000        56.270
 DEMAGE         0.000         0.000         0.000         2.467
 DEMMAL         0.000         0.000         0.000         0.000         0.115
 CANF6M         0.000         0.000         0.000         0.000         0.000
 ALCF6M         0.000         0.000         0.000         0.000         0.000


           PSI
              CANF6M        ALCF6M
              ________      ________
 CANF6M        24.511
 ALCF6M         0.000         7.257


     STARTING VALUES FOR BETWEEN


           NU
              CANF6MBW      ALCF6MBW      TRLBTS        DEMAGE        DEMMAL
              ________      ________      ________      ________      ________
 1              0.000         0.000         0.000         0.000         0.000


           NU
              CANF6M        ALCF6M
              ________      ________
 1              0.000         0.000


           LAMBDA
              CANF6MBW      ALCF6MBW      TRLBTS        DEMAGE        DEMMAL
              ________      ________      ________      ________      ________
 CANF6MBW       1.000         0.000         0.000         0.000         0.000
 ALCF6MBW       0.000         1.000         0.000         0.000         0.000
 TRLBTS         0.000         0.000         1.000         0.000         0.000
 DEMAGE         0.000         0.000         0.000         1.000         0.000
 DEMMAL         0.000         0.000         0.000         0.000         1.000
 CANF6M         0.000         0.000         0.000         0.000         0.000
 ALCF6M         0.000         0.000         0.000         0.000         0.000


           LAMBDA
              CANF6M        ALCF6M
              ________      ________
 CANF6MBW       0.000         0.000
 ALCF6MBW       0.000         0.000
 TRLBTS         0.000         0.000
 DEMAGE         0.000         0.000
 DEMMAL         0.000         0.000
 CANF6M         1.000         0.000
 ALCF6M         0.000         1.000


           THETA
              CANF6MBW      ALCF6MBW      TRLBTS        DEMAGE        DEMMAL
              ________      ________      ________      ________      ________
 CANF6MBW       0.000
 ALCF6MBW       0.000         0.000
 TRLBTS         0.000         0.000         0.000
 DEMAGE         0.000         0.000         0.000         0.000
 DEMMAL         0.000         0.000         0.000         0.000         0.000
 CANF6M         0.000         0.000         0.000         0.000         0.000
 ALCF6M         0.000         0.000         0.000         0.000         0.000


           THETA
              CANF6M        ALCF6M
              ________      ________
 CANF6M         0.000
 ALCF6M         0.000         0.000


           ALPHA
              CANF6MBW      ALCF6MBW      TRLBTS        DEMAGE        DEMMAL
              ________      ________      ________      ________      ________
 1              0.000         0.000        51.093         0.000         0.000


           ALPHA
              CANF6M        ALCF6M
              ________      ________
 1              0.000         0.000


           BETA
              CANF6MBW      ALCF6MBW      TRLBTS        DEMAGE        DEMMAL
              ________      ________      ________      ________      ________
 CANF6MBW       0.000         0.000         0.000         0.000         0.000
 ALCF6MBW       0.000         0.000         0.000         0.000         0.000
 TRLBTS         0.000         0.000         0.000         0.000         0.000
 DEMAGE         0.000         0.000         0.000         0.000         0.000
 DEMMAL         0.000         0.000         0.000         0.000         0.000
 CANF6M         0.000         0.000         0.000         0.000         0.000
 ALCF6M         0.000         0.000         0.000         0.000         0.000


           BETA
              CANF6M        ALCF6M
              ________      ________
 CANF6MBW       0.000         0.000
 ALCF6MBW       0.000         0.000
 TRLBTS         0.000         0.000
 DEMAGE         0.000         0.000
 DEMMAL         0.000         0.000
 CANF6M         0.000         0.000
 ALCF6M         0.000         0.000


           PSI
              CANF6MBW      ALCF6MBW      TRLBTS        DEMAGE        DEMMAL
              ________      ________      ________      ________      ________
 CANF6MBW      33.693
 ALCF6MBW       0.000         9.425
 TRLBTS         0.000         0.000        56.270
 DEMAGE         0.000         0.000         0.000         0.000
 DEMMAL         0.000         0.000         0.000         0.000         0.000
 CANF6M         0.000         0.000         0.000         0.000         0.000
 ALCF6M         0.000         0.000         0.000         0.000         0.000


           PSI
              CANF6M        ALCF6M
              ________      ________
 CANF6M         0.000
 ALCF6M         0.000         0.000


     Beginning Time:  16:00:51
        Ending Time:  16:00:52
       Elapsed Time:  00:00:01



MUTHEN & MUTHEN
3463 Stoner Ave.
Los Angeles, CA  90066

Tel: (310) 391-9971
Fax: (310) 391-8971
Web: www.StatModel.com
Support: Support@StatModel.com

Copyright (c) 1998-2015 Muthen & Muthen
