Mplus VERSION 7.4 (Mac)
MUTHEN & MUTHEN
05/06/2020   4:00 PM

INPUT INSTRUCTIONS


  TITLE: CANFLF_CVLALF_2;

  DATA:
  	FILE = GD190618rr.csv;

  VARIABLE:
  	NAMES =
  			ID_Fam   Wave     ID_MPL
  			DEMMAL   DEMAGE   DEMHSP   DEMRAC
  			SRPWCR
  			WASVCB   WASBLK   WASDGT   WSISUM
  			TRLATS   TRLBTS
  			CVLASF   CVLASC   CVLALF   CVLALC
  			CVLCOM
  			CANEVR   CANONS   CANFLF
  			CANFTY   CANF6M   CANAC6
  			CANYRS
  			ALCEVR   ALCONS   ALCFLF
  			ALCFTY   ALCF6M   ALCAC6
  			ALCYRS
  			SRPWCRDt WASVCBDt WASBLKDt
  			WASDGTDt WSISUMDt TRLATSDt
  			TRLBTSDt CVLASFDt CVLASCDt
  			CVLALFDt CVLALCDt CVLCOMDt
  		;
  	USEVARIABLES =
  		! outcome
  	  		CVLALF
    		! covariates
  	  		DEMAGE
    			DEMMAL  		
    		! within predictor
    			CANFLF
    			ALCFLF
    		! between predictor
    			CANFLFBW
    			ALCFLFBW
    			;
    	USEOBSERVATION =
    			(Wave EQ 2 AND CVLALFDt EQ 1)
    		;
    	CLUSTER =
    			ID_Fam
    		;
    	MISSING = .;
    	BETWEEN =   		
    			CANFLFBW
    			ALCFLFBW
    		;
    	WITHIN  		
    			CANFLF
    			ALCFLF
    			DEMAGE
    			DEMMAL
    		;  		

  DEFINE:
  	! CREATE BW FAM PREDICTOR
  		CANFLFBW = cluster_mean (CANFLF);	
  		ALCFLFBW = cluster_mean (ALCFLF);	
  	! CENTER WI FAM VARIABLES
  		CENTER CANFLF (GROUPMEAN);
  		CENTER ALCFLF (GROUPMEAN);
  		CENTER DEMMAL (GRANDMEAN);
  		CENTER DEMAGE (GRANDMEAN);		
  	! CENTER BW FAM VARIABLES
  		CENTER CANFLFBW (GRANDMEAN);
  		CENTER ALCFLFBW (GRANDMEAN);

  ANALYSIS:
          ITERATIONS = 1000000;
          TYPE = TWOLEVEL RANDOM;
          ALGORITHM = INTEGRATION;

  OUTPUT:
  	SAMPSTAT STDYX TECH1 CINT;

  MODEL:
  %WITHIN%
  	CVLALF on CANFLF;
  	CVLALF on  DEMMAL DEMAGE ALCFLF;	
  	CVLALF*;
  	CANFLF*;

  	CANFLF WITH DEMMAL*;
  	CANFLF WITH DEMAGE*;
  	ALCFLF WITH DEMMAL*;
  	ALCFLF WITH DEMAGE*;
  	CANFLF WITH ALCFLF*;

  %BETWEEN%
  	CVLALF on CANFLFBW ALCFLFBW;
  	CVLALF*;
  	CANFLFBW*;
  	CANFLFBW WITH ALCFLFBW*;



INPUT READING TERMINATED NORMALLY



CANFLF_CVLALF_2;

SUMMARY OF ANALYSIS

Number of groups                                                 1
Number of observations                                         415

Number of dependent variables                                    1
Number of independent variables                                  6
Number of continuous latent variables                            0

Observed dependent variables

  Continuous
   CVLALF

Observed independent variables
   DEMAGE      DEMMAL      CANFLF      ALCFLF      CANFLFBW    ALCFLFBW

Variables with special functions

  Cluster variable      ID_FAM

  Within variables
   DEMAGE      DEMMAL      CANFLF      ALCFLF

  Between variables
   CANFLFBW    ALCFLFBW

  Centering (GRANDMEAN)
   DEMMAL      DEMAGE      CANFLFBW    ALCFLFBW

  Centering (GROUPMEAN)
   CANFLF      ALCFLF


Estimator                                                      MLR
Information matrix                                        OBSERVED
Optimization Specifications for the Quasi-Newton Algorithm for
Continuous Outcomes
  Maximum number of iterations                             1000000
  Convergence criterion                                  0.100D-05
Optimization Specifications for the EM Algorithm
  Maximum number of iterations                                 500
  Convergence criteria
    Loglikelihood change                                 0.100D-02
    Relative loglikelihood change                        0.100D-05
    Derivative                                           0.100D-02
Optimization Specifications for the M step of the EM Algorithm for
Categorical Latent variables
  Number of M step iterations                                    1
  M step convergence criterion                           0.100D-02
  Basis for M step termination                           ITERATION
Optimization Specifications for the M step of the EM Algorithm for
Censored, Binary or Ordered Categorical (Ordinal), Unordered
Categorical (Nominal) and Count Outcomes
  Number of M step iterations                                    1
  M step convergence criterion                           0.100D-02
  Basis for M step termination                           ITERATION
  Maximum value for logit thresholds                            15
  Minimum value for logit thresholds                           -15
  Minimum expected cell size for chi-square              0.100D-01
Maximum number of iterations for H1                           2000
Convergence criterion for H1                             0.100D-03
Optimization algorithm                                         EMA
Integration Specifications
  Type                                                    STANDARD
  Number of integration points                                  15
  Dimensions of numerical integration                            0
  Adaptive quadrature                                           ON
Cholesky                                                       OFF

Input data file(s)
  GD190618rr.csv
Input data format  FREE


SUMMARY OF DATA

     Number of missing data patterns             3
     Number of clusters                        224



COVARIANCE COVERAGE OF DATA

Minimum covariance coverage value   0.100


     PROPORTION OF DATA PRESENT FOR Y


           Covariance Coverage
              CANFLFBW      ALCFLFBW      CVLALF        DEMAGE        DEMMAL
              ________      ________      ________      ________      ________
 CANFLFBW       1.000
 ALCFLFBW       1.000         1.000
 CVLALF         0.834         0.834         0.834
 DEMAGE         0.998         0.998         0.834         0.998
 DEMMAL         0.998         0.998         0.834         0.998         0.998
 CANFLF         1.000         1.000         0.834         0.998         0.998
 ALCFLF         1.000         1.000         0.834         0.998         0.998


           Covariance Coverage
              CANFLF        ALCFLF
              ________      ________
 CANFLF         1.000
 ALCFLF         1.000         1.000


SAMPLE STATISTICS


     ESTIMATED SAMPLE STATISTICS


           Means
              CANFLFBW      ALCFLFBW      CVLALF        DEMAGE        DEMMAL
              ________      ________      ________      ________      ________
 1              0.000         0.000        -0.499         0.000         0.000


           Means
              CANFLF        ALCFLF
              ________      ________
 1              0.000         0.000


           Covariances
              CANFLFBW      ALCFLFBW      CVLALF        DEMAGE        DEMMAL
              ________      ________      ________      ________      ________
 CANFLFBW     275.826
 ALCFLFBW      57.039        83.404
 CVLALF         0.863         1.036         1.204
 DEMAGE        -0.817         2.903        -0.242         6.701
 DEMMAL         1.669         0.795         0.017        -0.138         0.247
 CANFLF         0.000         0.000        -0.556        -5.959         1.149
 ALCFLF         0.000         0.000        -0.129        -2.171         0.560


           Covariances
              CANFLF        ALCFLF
              ________      ________
 CANFLF       180.979
 ALCFLF        46.960        86.424


           Correlations
              CANFLFBW      ALCFLFBW      CVLALF        DEMAGE        DEMMAL
              ________      ________      ________      ________      ________
 CANFLFBW       1.000
 ALCFLFBW       0.376         1.000
 CVLALF         0.047         0.103         1.000
 DEMAGE        -0.019         0.123        -0.085         1.000
 DEMMAL         0.202         0.175         0.032        -0.107         1.000
 CANFLF         0.000         0.000        -0.038        -0.171         0.172
 ALCFLF         0.000         0.000        -0.013        -0.090         0.121


           Correlations
              CANFLF        ALCFLF
              ________      ________
 CANFLF         1.000
 ALCFLF         0.375         1.000


     MAXIMUM LOG-LIKELIHOOD VALUE FOR THE UNRESTRICTED (H1) MODEL IS -8147.804


UNIVARIATE SAMPLE STATISTICS


     UNIVARIATE HIGHER-ORDER MOMENT DESCRIPTIVE STATISTICS

         Variable/         Mean/     Skewness/   Minimum/ % with                Percentiles
        Sample Size      Variance    Kurtosis    Maximum  Min/Max      20%/60%    40%/80%    Median

     CANFLFBW              0.577      -1.314     -48.380    1.34%     -17.630     11.620     11.620
             224.000     280.825       0.617      11.620   64.29%      11.620     11.620
     ALCFLFBW              0.344      -2.317     -40.737    0.89%       4.263      4.263      4.263
             224.000      80.717       4.795       4.263   81.70%       4.263      4.263
     CVLALF               -0.494      -0.342      -4.500    0.29%      -1.500     -1.000      0.000
             346.000       1.207      -0.299       1.500    3.76%       0.000      0.500
     DEMAGE                0.000       0.451      -5.391    0.24%      -2.321     -0.881     -0.171
             414.000       6.702      -0.101       7.639    0.24%       0.389      2.159
     DEMMAL                0.000      -0.204      -0.551   44.93%      -0.551     -0.551      0.449
             414.000       0.247      -1.958       0.449   55.07%       0.449      0.449
     CANFLF                0.000       0.035     -40.000    0.24%       0.000      0.000      0.000
             415.000     180.979       1.202      38.667    0.48%       0.000      0.000
     ALCFLF                0.000      -0.088     -35.000    0.24%       0.000      0.000      0.000
             415.000      86.424       3.843      36.167    0.24%       0.000      0.000

     THE STANDARD ERRORS OF THE MODEL PARAMETER ESTIMATES MAY NOT BE
     TRUSTWORTHY FOR SOME PARAMETERS DUE TO A NON-POSITIVE DEFINITE
     FIRST-ORDER DERIVATIVE PRODUCT MATRIX.  THIS MAY BE DUE TO THE STARTING
     VALUES BUT MAY ALSO BE AN INDICATION OF MODEL NONIDENTIFICATION.  THE
     CONDITION NUMBER IS      -0.522D-16.  PROBLEM INVOLVING THE FOLLOWING PARAMETER:
     Parameter 3, %WITHIN%: [ CANFLF ]


THE MODEL ESTIMATION TERMINATED NORMALLY



MODEL FIT INFORMATION

Number of Free Parameters                       27

Loglikelihood

          H0 Value                       -6676.819
          H0 Scaling Correction Factor      1.3664
            for MLR

Information Criteria

          Akaike (AIC)                   13407.638
          Bayesian (BIC)                 13516.401
          Sample-Size Adjusted BIC       13430.723
            (n* = (n + 2) / 24)



MODEL RESULTS

                                                    Two-Tailed
                    Estimate       S.E.  Est./S.E.    P-Value

Within Level

 CVLALF     ON
    CANFLF            -0.004      0.005     -0.873      0.383
    DEMMAL             0.020      0.120      0.168      0.867
    DEMAGE            -0.040      0.024     -1.696      0.090
    ALCFLF             0.000      0.005     -0.083      0.934

 CANFLF   WITH
    DEMMAL             1.038      0.333      3.116      0.002
    DEMAGE            -5.382      1.733     -3.105      0.002
    ALCFLF            46.566     12.995      3.583      0.000

 ALCFLF   WITH
    DEMMAL             0.521      0.244      2.138      0.033
    DEMAGE            -1.881      1.052     -1.788      0.074

 Means
    DEMAGE             0.000      0.137      0.000      1.000
    DEMMAL             0.000      0.027      0.000      1.000
    CANFLF             0.000      0.000    999.000    999.000
    ALCFLF             0.000      0.000    999.000    999.000

 Variances
    DEMAGE             6.702      0.440     15.234      0.000
    DEMMAL             0.247      0.003     91.503      0.000
    CANFLF           180.052     21.781      8.267      0.000
    ALCFLF            86.261     14.218      6.067      0.000

 Residual Variances
    CVLALF             1.060      0.135      7.876      0.000

Between Level

 CVLALF     ON
    CANFLFBW           0.000      0.004      0.047      0.962
    ALCFLFBW           0.013      0.007      1.913      0.056

 CANFLFBW WITH
    ALCFLFBW          58.188     14.075      4.134      0.000

 Means
    CANFLFBW           0.577      1.120      0.516      0.606
    ALCFLFBW           0.344      0.600      0.574      0.566

 Intercepts
    CVLALF            -0.501      0.060     -8.287      0.000

 Variances
    CANFLFBW         280.825     30.355      9.251      0.000
    ALCFLFBW          80.717     14.058      5.742      0.000

 Residual Variances
    CVLALF             0.121      0.103      1.176      0.240


STANDARDIZED MODEL RESULTS


STDYX Standardization

                                                    Two-Tailed
                    Estimate       S.E.  Est./S.E.    P-Value

Within Level

 CVLALF     ON
    CANFLF            -0.054      0.062     -0.860      0.390
    DEMMAL             0.010      0.058      0.168      0.867
    DEMAGE            -0.101      0.060     -1.700      0.089
    ALCFLF            -0.004      0.049     -0.083      0.934

 CANFLF   WITH
    DEMMAL             0.156      0.048      3.233      0.001
    DEMAGE            -0.155      0.046     -3.345      0.001
    ALCFLF             0.374      0.086      4.369      0.000

 ALCFLF   WITH
    DEMMAL             0.113      0.050      2.251      0.024
    DEMAGE            -0.078      0.042     -1.853      0.064

 Means
    DEMAGE             0.000      0.053      0.000      1.000
    DEMMAL             0.000      0.054      0.000      1.000
    CANFLF             0.000      0.000    999.000    999.000
    ALCFLF             0.000      0.000    999.000    999.000

 Variances
    DEMAGE             1.000      0.000    999.000    999.000
    DEMMAL             1.000      0.000    999.000    999.000
    CANFLF             1.000      0.000    999.000    999.000
    ALCFLF             1.000      0.000    999.000    999.000

 Residual Variances
    CVLALF             0.989      0.013     78.520      0.000

Between Level

 CVLALF     ON
    CANFLFBW           0.008      0.163      0.047      0.962
    ALCFLFBW           0.323      0.196      1.646      0.100

 CANFLFBW WITH
    ALCFLFBW           0.386      0.070      5.535      0.000

 Means
    CANFLFBW           0.034      0.068      0.504      0.614
    ALCFLFBW           0.038      0.070      0.549      0.583

 Intercepts
    CVLALF            -1.365      0.552     -2.472      0.013

 Variances
    CANFLFBW           1.000      0.000    999.000    999.000
    ALCFLFBW           1.000      0.000    999.000    999.000

 Residual Variances
    CVLALF             0.893      0.122      7.322      0.000


R-SQUARE

Within Level

    Observed                                        Two-Tailed
    Variable        Estimate       S.E.  Est./S.E.    P-Value

    CVLALF             0.011      0.013      0.911      0.362

Between Level

    Observed                                        Two-Tailed
    Variable        Estimate       S.E.  Est./S.E.    P-Value

    CVLALF             0.107      0.122      0.873      0.383


QUALITY OF NUMERICAL RESULTS

     Condition Number for the Information Matrix             -0.522E-16
       (ratio of smallest to largest eigenvalue)


CONFIDENCE INTERVALS OF MODEL RESULTS

                  Lower .5%  Lower 2.5%    Lower 5%    Estimate    Upper 5%  Upper 2.5%   Upper .5%

Within Level

 CVLALF   ON
    CANFLF          -0.016      -0.013      -0.012      -0.004       0.004       0.005       0.008
    DEMMAL          -0.289      -0.215      -0.178       0.020       0.218       0.256       0.330
    DEMAGE          -0.102      -0.087      -0.080      -0.040      -0.001       0.006       0.021
    ALCFLF          -0.015      -0.011      -0.009       0.000       0.009       0.010       0.014

 CANFLF   WITH
    DEMMAL           0.180       0.385       0.490       1.038       1.586       1.691       1.897
    DEMAGE          -9.847      -8.779      -8.233      -5.382      -2.530      -1.984      -0.917
    ALCFLF          13.092      21.095      25.188      46.566      67.943      72.037      80.039

 ALCFLF   WITH
    DEMMAL          -0.107       0.043       0.120       0.521       0.922       0.999       1.149
    DEMAGE          -4.591      -3.943      -3.612      -1.881      -0.151       0.180       0.828

 Means
    DEMAGE          -0.353      -0.268      -0.225       0.000       0.225       0.268       0.353
    DEMMAL          -0.069      -0.052      -0.044       0.000       0.044       0.052       0.069
    CANFLF           0.000       0.000       0.000       0.000       0.000       0.000       0.000
    ALCFLF           0.000       0.000       0.000       0.000       0.000       0.000       0.000

 Variances
    DEMAGE           5.569       5.840       5.978       6.702       7.426       7.564       7.835
    DEMMAL           0.240       0.242       0.243       0.247       0.252       0.253       0.254
    CANFLF         123.949     137.362     144.223     180.052     215.882     222.743     236.156
    ALCFLF          49.637      58.393      62.872      86.261     109.651     114.130     122.885

 Residual Variances
    CVLALF           0.713       0.796       0.838       1.060       1.281       1.324       1.406

Between Level

 CVLALF   ON
    CANFLFBW        -0.009      -0.007      -0.006       0.000       0.006       0.007       0.009
    ALCFLFBW        -0.005       0.000       0.002       0.013       0.025       0.027       0.031

 CANFLFBW WITH
    ALCFLFBW        21.935      30.602      35.035      58.188      81.341      85.775      94.442

 Means
    CANFLFBW        -2.307      -1.617      -1.265       0.577       2.419       2.772       3.461
    ALCFLFBW        -1.202      -0.832      -0.643       0.344       1.332       1.521       1.891

 Intercepts
    CVLALF          -0.657      -0.620      -0.601      -0.501      -0.402      -0.383      -0.345

 Variances
    CANFLFBW       202.635     221.328     230.890     280.825     330.760     340.321     359.014
    ALCFLFBW        44.506      53.163      57.591      80.717     103.843     108.271     116.928

 Residual Variances
    CVLALF          -0.144      -0.080      -0.048       0.121       0.289       0.321       0.385


CONFIDENCE INTERVALS OF STANDARDIZED MODEL RESULTS


STDYX Standardization

                  Lower .5%  Lower 2.5%    Lower 5%    Estimate    Upper 5%  Upper 2.5%   Upper .5%

Within Level

 CVLALF   ON
    CANFLF          -0.214      -0.176      -0.156      -0.054       0.049       0.069       0.107
    DEMMAL          -0.139      -0.104      -0.085       0.010       0.105       0.123       0.159
    DEMAGE          -0.254      -0.218      -0.199      -0.101      -0.003       0.015       0.052
    ALCFLF          -0.131      -0.101      -0.085      -0.004       0.077       0.092       0.123

 CANFLF   WITH
    DEMMAL           0.032       0.061       0.076       0.156       0.235       0.250       0.279
    DEMAGE          -0.274      -0.246      -0.231      -0.155      -0.079      -0.064      -0.036
    ALCFLF           0.153       0.206       0.233       0.374       0.514       0.541       0.594

 ALCFLF   WITH
    DEMMAL          -0.016       0.015       0.030       0.113       0.195       0.211       0.242
    DEMAGE          -0.187      -0.161      -0.148      -0.078      -0.009       0.005       0.031

 Means
    DEMAGE          -0.136      -0.104      -0.087       0.000       0.087       0.104       0.136
    DEMMAL          -0.138      -0.105      -0.088       0.000       0.088       0.105       0.138
    CANFLF           0.000       0.000       0.000       0.000       0.000       0.000       0.000
    ALCFLF           0.000       0.000       0.000       0.000       0.000       0.000       0.000

 Variances
    DEMAGE           1.000       1.000       1.000       1.000       1.000       1.000       1.000
    DEMMAL           1.000       1.000       1.000       1.000       1.000       1.000       1.000
    CANFLF           1.000       1.000       1.000       1.000       1.000       1.000       1.000
    ALCFLF           1.000       1.000       1.000       1.000       1.000       1.000       1.000

 Residual Variances
    CVLALF           0.956       0.964       0.968       0.989       1.009       1.013       1.021

Between Level

 CVLALF   ON
    CANFLFBW        -0.411      -0.311      -0.260       0.008       0.275       0.327       0.427
    ALCFLFBW        -0.183      -0.062       0.000       0.323       0.646       0.708       0.829

 CANFLFBW WITH
    ALCFLFBW         0.207       0.250       0.272       0.386       0.501       0.523       0.566

 Means
    CANFLFBW        -0.142      -0.099      -0.078       0.034       0.147       0.168       0.210
    ALCFLFBW        -0.141      -0.098      -0.076       0.038       0.153       0.175       0.218

 Intercepts
    CVLALF          -2.787      -2.447      -2.273      -1.365      -0.456      -0.282       0.058

 Variances
    CANFLFBW         1.000       1.000       1.000       1.000       1.000       1.000       1.000
    ALCFLFBW         1.000       1.000       1.000       1.000       1.000       1.000       1.000

 Residual Variances
    CVLALF           0.579       0.654       0.693       0.893       1.094       1.133       1.208


TECHNICAL 1 OUTPUT


     PARAMETER SPECIFICATION FOR WITHIN


           NU
              CANFLFBW      ALCFLFBW      CVLALF        DEMAGE        DEMMAL
              ________      ________      ________      ________      ________
 1                  0             0             0             0             0


           NU
              CANFLF        ALCFLF
              ________      ________
 1                  0             0


           LAMBDA
              CANFLFBW      ALCFLFBW      CVLALF        DEMAGE        DEMMAL
              ________      ________      ________      ________      ________
 CANFLFBW           0             0             0             0             0
 ALCFLFBW           0             0             0             0             0
 CVLALF             0             0             0             0             0
 DEMAGE             0             0             0             0             0
 DEMMAL             0             0             0             0             0
 CANFLF             0             0             0             0             0
 ALCFLF             0             0             0             0             0


           LAMBDA
              CANFLF        ALCFLF
              ________      ________
 CANFLFBW           0             0
 ALCFLFBW           0             0
 CVLALF             0             0
 DEMAGE             0             0
 DEMMAL             0             0
 CANFLF             0             0
 ALCFLF             0             0


           THETA
              CANFLFBW      ALCFLFBW      CVLALF        DEMAGE        DEMMAL
              ________      ________      ________      ________      ________
 CANFLFBW           0
 ALCFLFBW           0             0
 CVLALF             0             0             0
 DEMAGE             0             0             0             0
 DEMMAL             0             0             0             0             0
 CANFLF             0             0             0             0             0
 ALCFLF             0             0             0             0             0


           THETA
              CANFLF        ALCFLF
              ________      ________
 CANFLF             0
 ALCFLF             0             0


           ALPHA
              CANFLFBW      ALCFLFBW      CVLALF        DEMAGE        DEMMAL
              ________      ________      ________      ________      ________
 1                  0             0             0             1             2


           ALPHA
              CANFLF        ALCFLF
              ________      ________
 1                  3             4


           BETA
              CANFLFBW      ALCFLFBW      CVLALF        DEMAGE        DEMMAL
              ________      ________      ________      ________      ________
 CANFLFBW           0             0             0             0             0
 ALCFLFBW           0             0             0             0             0
 CVLALF             0             0             0             5             6
 DEMAGE             0             0             0             0             0
 DEMMAL             0             0             0             0             0
 CANFLF             0             0             0             0             0
 ALCFLF             0             0             0             0             0


           BETA
              CANFLF        ALCFLF
              ________      ________
 CANFLFBW           0             0
 ALCFLFBW           0             0
 CVLALF             7             8
 DEMAGE             0             0
 DEMMAL             0             0
 CANFLF             0             0
 ALCFLF             0             0


           PSI
              CANFLFBW      ALCFLFBW      CVLALF        DEMAGE        DEMMAL
              ________      ________      ________      ________      ________
 CANFLFBW           0
 ALCFLFBW           0             0
 CVLALF             0             0             9
 DEMAGE             0             0             0            10
 DEMMAL             0             0             0             0            11
 CANFLF             0             0             0            12            13
 ALCFLF             0             0             0            15            16


           PSI
              CANFLF        ALCFLF
              ________      ________
 CANFLF            14
 ALCFLF            17            18


     PARAMETER SPECIFICATION FOR BETWEEN


           NU
              CANFLFBW      ALCFLFBW      CVLALF        DEMAGE        DEMMAL
              ________      ________      ________      ________      ________
 1                  0             0             0             0             0


           NU
              CANFLF        ALCFLF
              ________      ________
 1                  0             0


           LAMBDA
              CANFLFBW      ALCFLFBW      CVLALF        DEMAGE        DEMMAL
              ________      ________      ________      ________      ________
 CANFLFBW           0             0             0             0             0
 ALCFLFBW           0             0             0             0             0
 CVLALF             0             0             0             0             0
 DEMAGE             0             0             0             0             0
 DEMMAL             0             0             0             0             0
 CANFLF             0             0             0             0             0
 ALCFLF             0             0             0             0             0


           LAMBDA
              CANFLF        ALCFLF
              ________      ________
 CANFLFBW           0             0
 ALCFLFBW           0             0
 CVLALF             0             0
 DEMAGE             0             0
 DEMMAL             0             0
 CANFLF             0             0
 ALCFLF             0             0


           THETA
              CANFLFBW      ALCFLFBW      CVLALF        DEMAGE        DEMMAL
              ________      ________      ________      ________      ________
 CANFLFBW           0
 ALCFLFBW           0             0
 CVLALF             0             0             0
 DEMAGE             0             0             0             0
 DEMMAL             0             0             0             0             0
 CANFLF             0             0             0             0             0
 ALCFLF             0             0             0             0             0


           THETA
              CANFLF        ALCFLF
              ________      ________
 CANFLF             0
 ALCFLF             0             0


           ALPHA
              CANFLFBW      ALCFLFBW      CVLALF        DEMAGE        DEMMAL
              ________      ________      ________      ________      ________
 1                 19            20            21             0             0


           ALPHA
              CANFLF        ALCFLF
              ________      ________
 1                  0             0


           BETA
              CANFLFBW      ALCFLFBW      CVLALF        DEMAGE        DEMMAL
              ________      ________      ________      ________      ________
 CANFLFBW           0             0             0             0             0
 ALCFLFBW           0             0             0             0             0
 CVLALF            22            23             0             0             0
 DEMAGE             0             0             0             0             0
 DEMMAL             0             0             0             0             0
 CANFLF             0             0             0             0             0
 ALCFLF             0             0             0             0             0


           BETA
              CANFLF        ALCFLF
              ________      ________
 CANFLFBW           0             0
 ALCFLFBW           0             0
 CVLALF             0             0
 DEMAGE             0             0
 DEMMAL             0             0
 CANFLF             0             0
 ALCFLF             0             0


           PSI
              CANFLFBW      ALCFLFBW      CVLALF        DEMAGE        DEMMAL
              ________      ________      ________      ________      ________
 CANFLFBW          24
 ALCFLFBW          25            26
 CVLALF             0             0            27
 DEMAGE             0             0             0             0
 DEMMAL             0             0             0             0             0
 CANFLF             0             0             0             0             0
 ALCFLF             0             0             0             0             0


           PSI
              CANFLF        ALCFLF
              ________      ________
 CANFLF             0
 ALCFLF             0             0


     STARTING VALUES FOR WITHIN


           NU
              CANFLFBW      ALCFLFBW      CVLALF        DEMAGE        DEMMAL
              ________      ________      ________      ________      ________
 1              0.000         0.000         0.000         0.000         0.000


           NU
              CANFLF        ALCFLF
              ________      ________
 1              0.000         0.000


           LAMBDA
              CANFLFBW      ALCFLFBW      CVLALF        DEMAGE        DEMMAL
              ________      ________      ________      ________      ________
 CANFLFBW       1.000         0.000         0.000         0.000         0.000
 ALCFLFBW       0.000         1.000         0.000         0.000         0.000
 CVLALF         0.000         0.000         1.000         0.000         0.000
 DEMAGE         0.000         0.000         0.000         1.000         0.000
 DEMMAL         0.000         0.000         0.000         0.000         1.000
 CANFLF         0.000         0.000         0.000         0.000         0.000
 ALCFLF         0.000         0.000         0.000         0.000         0.000


           LAMBDA
              CANFLF        ALCFLF
              ________      ________
 CANFLFBW       0.000         0.000
 ALCFLFBW       0.000         0.000
 CVLALF         0.000         0.000
 DEMAGE         0.000         0.000
 DEMMAL         0.000         0.000
 CANFLF         1.000         0.000
 ALCFLF         0.000         1.000


           THETA
              CANFLFBW      ALCFLFBW      CVLALF        DEMAGE        DEMMAL
              ________      ________      ________      ________      ________
 CANFLFBW       0.000
 ALCFLFBW       0.000         0.000
 CVLALF         0.000         0.000         0.000
 DEMAGE         0.000         0.000         0.000         0.000
 DEMMAL         0.000         0.000         0.000         0.000         0.000
 CANFLF         0.000         0.000         0.000         0.000         0.000
 ALCFLF         0.000         0.000         0.000         0.000         0.000


           THETA
              CANFLF        ALCFLF
              ________      ________
 CANFLF         0.000
 ALCFLF         0.000         0.000


           ALPHA
              CANFLFBW      ALCFLFBW      CVLALF        DEMAGE        DEMMAL
              ________      ________      ________      ________      ________
 1              0.000         0.000         0.000         0.000         0.000


           ALPHA
              CANFLF        ALCFLF
              ________      ________
 1              0.000         0.000


           BETA
              CANFLFBW      ALCFLFBW      CVLALF        DEMAGE        DEMMAL
              ________      ________      ________      ________      ________
 CANFLFBW       0.000         0.000         0.000         0.000         0.000
 ALCFLFBW       0.000         0.000         0.000         0.000         0.000
 CVLALF         0.000         0.000         0.000         0.000         0.000
 DEMAGE         0.000         0.000         0.000         0.000         0.000
 DEMMAL         0.000         0.000         0.000         0.000         0.000
 CANFLF         0.000         0.000         0.000         0.000         0.000
 ALCFLF         0.000         0.000         0.000         0.000         0.000


           BETA
              CANFLF        ALCFLF
              ________      ________
 CANFLFBW       0.000         0.000
 ALCFLFBW       0.000         0.000
 CVLALF         0.000         0.000
 DEMAGE         0.000         0.000
 DEMMAL         0.000         0.000
 CANFLF         0.000         0.000
 ALCFLF         0.000         0.000


           PSI
              CANFLFBW      ALCFLFBW      CVLALF        DEMAGE        DEMMAL
              ________      ________      ________      ________      ________
 CANFLFBW       0.000
 ALCFLFBW       0.000         0.000
 CVLALF         0.000         0.000         0.603
 DEMAGE         0.000         0.000         0.000         3.351
 DEMMAL         0.000         0.000         0.000         0.000         0.124
 CANFLF         0.000         0.000         0.000         0.000         0.000
 ALCFLF         0.000         0.000         0.000         0.000         0.000


           PSI
              CANFLF        ALCFLF
              ________      ________
 CANFLF        90.489
 ALCFLF         0.000        43.212


     STARTING VALUES FOR BETWEEN


           NU
              CANFLFBW      ALCFLFBW      CVLALF        DEMAGE        DEMMAL
              ________      ________      ________      ________      ________
 1              0.000         0.000         0.000         0.000         0.000


           NU
              CANFLF        ALCFLF
              ________      ________
 1              0.000         0.000


           LAMBDA
              CANFLFBW      ALCFLFBW      CVLALF        DEMAGE        DEMMAL
              ________      ________      ________      ________      ________
 CANFLFBW       1.000         0.000         0.000         0.000         0.000
 ALCFLFBW       0.000         1.000         0.000         0.000         0.000
 CVLALF         0.000         0.000         1.000         0.000         0.000
 DEMAGE         0.000         0.000         0.000         1.000         0.000
 DEMMAL         0.000         0.000         0.000         0.000         1.000
 CANFLF         0.000         0.000         0.000         0.000         0.000
 ALCFLF         0.000         0.000         0.000         0.000         0.000


           LAMBDA
              CANFLF        ALCFLF
              ________      ________
 CANFLFBW       0.000         0.000
 ALCFLFBW       0.000         0.000
 CVLALF         0.000         0.000
 DEMAGE         0.000         0.000
 DEMMAL         0.000         0.000
 CANFLF         1.000         0.000
 ALCFLF         0.000         1.000


           THETA
              CANFLFBW      ALCFLFBW      CVLALF        DEMAGE        DEMMAL
              ________      ________      ________      ________      ________
 CANFLFBW       0.000
 ALCFLFBW       0.000         0.000
 CVLALF         0.000         0.000         0.000
 DEMAGE         0.000         0.000         0.000         0.000
 DEMMAL         0.000         0.000         0.000         0.000         0.000
 CANFLF         0.000         0.000         0.000         0.000         0.000
 ALCFLF         0.000         0.000         0.000         0.000         0.000


           THETA
              CANFLF        ALCFLF
              ________      ________
 CANFLF         0.000
 ALCFLF         0.000         0.000


           ALPHA
              CANFLFBW      ALCFLFBW      CVLALF        DEMAGE        DEMMAL
              ________      ________      ________      ________      ________
 1              0.000         0.000        -0.494         0.000         0.000


           ALPHA
              CANFLF        ALCFLF
              ________      ________
 1              0.000         0.000


           BETA
              CANFLFBW      ALCFLFBW      CVLALF        DEMAGE        DEMMAL
              ________      ________      ________      ________      ________
 CANFLFBW       0.000         0.000         0.000         0.000         0.000
 ALCFLFBW       0.000         0.000         0.000         0.000         0.000
 CVLALF         0.000         0.000         0.000         0.000         0.000
 DEMAGE         0.000         0.000         0.000         0.000         0.000
 DEMMAL         0.000         0.000         0.000         0.000         0.000
 CANFLF         0.000         0.000         0.000         0.000         0.000
 ALCFLF         0.000         0.000         0.000         0.000         0.000


           BETA
              CANFLF        ALCFLF
              ________      ________
 CANFLFBW       0.000         0.000
 ALCFLFBW       0.000         0.000
 CVLALF         0.000         0.000
 DEMAGE         0.000         0.000
 DEMMAL         0.000         0.000
 CANFLF         0.000         0.000
 ALCFLF         0.000         0.000


           PSI
              CANFLFBW      ALCFLFBW      CVLALF        DEMAGE        DEMMAL
              ________      ________      ________      ________      ________
 CANFLFBW     137.913
 ALCFLFBW       0.000        41.702
 CVLALF         0.000         0.000         0.603
 DEMAGE         0.000         0.000         0.000         0.000
 DEMMAL         0.000         0.000         0.000         0.000         0.000
 CANFLF         0.000         0.000         0.000         0.000         0.000
 ALCFLF         0.000         0.000         0.000         0.000         0.000


           PSI
              CANFLF        ALCFLF
              ________      ________
 CANFLF         0.000
 ALCFLF         0.000         0.000


     Beginning Time:  16:00:58
        Ending Time:  16:00:58
       Elapsed Time:  00:00:00



MUTHEN & MUTHEN
3463 Stoner Ave.
Los Angeles, CA  90066

Tel: (310) 391-9971
Fax: (310) 391-8971
Web: www.StatModel.com
Support: Support@StatModel.com

Copyright (c) 1998-2015 Muthen & Muthen
